[2023-07-18T07:52:20.007+0000] {taskinstance.py:1087} INFO - Dependencies all met for <TaskInstance: real_estate_etl_dag.load_task manual__2023-07-18T07:50:27.920214+00:00 [queued]>
[2023-07-18T07:52:20.039+0000] {taskinstance.py:1087} INFO - Dependencies all met for <TaskInstance: real_estate_etl_dag.load_task manual__2023-07-18T07:50:27.920214+00:00 [queued]>
[2023-07-18T07:52:20.039+0000] {taskinstance.py:1283} INFO - 
--------------------------------------------------------------------------------
[2023-07-18T07:52:20.040+0000] {taskinstance.py:1284} INFO - Starting attempt 1 of 4
[2023-07-18T07:52:20.040+0000] {taskinstance.py:1285} INFO - 
--------------------------------------------------------------------------------
[2023-07-18T07:52:20.087+0000] {taskinstance.py:1304} INFO - Executing <Task(PythonOperator): load_task> on 2023-07-18 07:50:27.920214+00:00
[2023-07-18T07:52:20.105+0000] {standard_task_runner.py:55} INFO - Started process 25219 to run task
[2023-07-18T07:52:20.115+0000] {standard_task_runner.py:82} INFO - Running: ['***', 'tasks', 'run', 'real_estate_etl_dag', 'load_task', 'manual__2023-07-18T07:50:27.920214+00:00', '--job-id', '155', '--raw', '--subdir', 'DAGS_FOLDER/real_estate_etl_dag.py', '--cfg-path', '/tmp/tmplny0kt9u']
[2023-07-18T07:52:20.127+0000] {standard_task_runner.py:83} INFO - Job 155: Subtask load_task
[2023-07-18T07:52:20.636+0000] {task_command.py:389} INFO - Running <TaskInstance: real_estate_etl_dag.load_task manual__2023-07-18T07:50:27.920214+00:00 [running]> on host ip-172-31-34-219.ap-southeast-2.compute.internal
[2023-07-18T07:52:20.984+0000] {taskinstance.py:1511} INFO - Exporting the following env vars:
AIRFLOW_CTX_DAG_OWNER=***
AIRFLOW_CTX_DAG_ID=real_estate_etl_dag
AIRFLOW_CTX_TASK_ID=load_task
AIRFLOW_CTX_EXECUTION_DATE=2023-07-18T07:50:27.920214+00:00
AIRFLOW_CTX_TRY_NUMBER=1
AIRFLOW_CTX_DAG_RUN_ID=manual__2023-07-18T07:50:27.920214+00:00
[2023-07-18T07:52:21.079+0000] {logging_mixin.py:137} INFO - Connection to the database successful!
[2023-07-18T07:52:21.144+0000] {logging_mixin.py:137} INFO - Table created successfully!
[2023-07-18T07:52:22.068+0000] {logging_mixin.py:137} INFO - Data inserted successfully!
[2023-07-18T07:52:22.068+0000] {python.py:177} INFO - Done. Returned value was: None
[2023-07-18T07:52:22.151+0000] {taskinstance.py:1322} INFO - Marking task as SUCCESS. dag_id=real_estate_etl_dag, task_id=load_task, execution_date=20230718T075027, start_date=20230718T075220, end_date=20230718T075222
[2023-07-18T07:52:22.233+0000] {local_task_job.py:159} INFO - Task exited with return code 0
[2023-07-18T07:52:22.362+0000] {taskinstance.py:2582} INFO - 0 downstream tasks scheduled from follow-on schedule check
