[2023-07-18T07:04:28.541+0000] {taskinstance.py:1087} INFO - Dependencies all met for <TaskInstance: real_estate_etl_dag.load_task scheduled__2023-07-11T13:45:33.130624+00:00 [queued]>
[2023-07-18T07:04:28.572+0000] {taskinstance.py:1087} INFO - Dependencies all met for <TaskInstance: real_estate_etl_dag.load_task scheduled__2023-07-11T13:45:33.130624+00:00 [queued]>
[2023-07-18T07:04:28.573+0000] {taskinstance.py:1283} INFO - 
--------------------------------------------------------------------------------
[2023-07-18T07:04:28.573+0000] {taskinstance.py:1284} INFO - Starting attempt 1 of 4
[2023-07-18T07:04:28.573+0000] {taskinstance.py:1285} INFO - 
--------------------------------------------------------------------------------
[2023-07-18T07:04:28.630+0000] {taskinstance.py:1304} INFO - Executing <Task(PythonOperator): load_task> on 2023-07-11 13:45:33.130624+00:00
[2023-07-18T07:04:28.638+0000] {standard_task_runner.py:55} INFO - Started process 2310 to run task
[2023-07-18T07:04:28.660+0000] {standard_task_runner.py:82} INFO - Running: ['***', 'tasks', 'run', 'real_estate_etl_dag', 'load_task', 'scheduled__2023-07-11T13:45:33.130624+00:00', '--job-id', '143', '--raw', '--subdir', 'DAGS_FOLDER/real_estate_etl_dag.py', '--cfg-path', '/tmp/tmpjmj_k0rs']
[2023-07-18T07:04:28.676+0000] {standard_task_runner.py:83} INFO - Job 143: Subtask load_task
[2023-07-18T07:04:28.946+0000] {task_command.py:389} INFO - Running <TaskInstance: real_estate_etl_dag.load_task scheduled__2023-07-11T13:45:33.130624+00:00 [running]> on host ip-172-31-34-219.ap-southeast-2.compute.internal
[2023-07-18T07:04:29.180+0000] {taskinstance.py:1511} INFO - Exporting the following env vars:
AIRFLOW_CTX_DAG_OWNER=***
AIRFLOW_CTX_DAG_ID=real_estate_etl_dag
AIRFLOW_CTX_TASK_ID=load_task
AIRFLOW_CTX_EXECUTION_DATE=2023-07-11T13:45:33.130624+00:00
AIRFLOW_CTX_TRY_NUMBER=1
AIRFLOW_CTX_DAG_RUN_ID=scheduled__2023-07-11T13:45:33.130624+00:00
[2023-07-18T07:04:29.247+0000] {logging_mixin.py:137} INFO - Connection to the database successful!
[2023-07-18T07:04:29.249+0000] {logging_mixin.py:137} INFO - Table created successfully!
[2023-07-18T07:04:30.062+0000] {logging_mixin.py:137} INFO - Data inserted successfully!
[2023-07-18T07:04:30.062+0000] {python.py:177} INFO - Done. Returned value was: None
[2023-07-18T07:04:30.123+0000] {taskinstance.py:1322} INFO - Marking task as SUCCESS. dag_id=real_estate_etl_dag, task_id=load_task, execution_date=20230711T134533, start_date=20230718T070428, end_date=20230718T070430
[2023-07-18T07:04:30.168+0000] {local_task_job.py:159} INFO - Task exited with return code 0
[2023-07-18T07:04:30.241+0000] {taskinstance.py:2582} INFO - 0 downstream tasks scheduled from follow-on schedule check
