[2023-07-22T17:56:49.474+0000] {taskinstance.py:1087} INFO - Dependencies all met for <TaskInstance: real_estate_etl_dag.load_task manual__2023-07-22T17:51:46.420374+00:00 [queued]>
[2023-07-22T17:56:49.485+0000] {taskinstance.py:1087} INFO - Dependencies all met for <TaskInstance: real_estate_etl_dag.load_task manual__2023-07-22T17:51:46.420374+00:00 [queued]>
[2023-07-22T17:56:49.485+0000] {taskinstance.py:1283} INFO - 
--------------------------------------------------------------------------------
[2023-07-22T17:56:49.485+0000] {taskinstance.py:1284} INFO - Starting attempt 2 of 4
[2023-07-22T17:56:49.485+0000] {taskinstance.py:1285} INFO - 
--------------------------------------------------------------------------------
[2023-07-22T17:56:49.503+0000] {taskinstance.py:1304} INFO - Executing <Task(PythonOperator): load_task> on 2023-07-22 17:51:46.420374+00:00
[2023-07-22T17:56:49.509+0000] {standard_task_runner.py:55} INFO - Started process 4762 to run task
[2023-07-22T17:56:49.526+0000] {standard_task_runner.py:82} INFO - Running: ['***', 'tasks', 'run', 'real_estate_etl_dag', 'load_task', 'manual__2023-07-22T17:51:46.420374+00:00', '--job-id', '259', '--raw', '--subdir', 'DAGS_FOLDER/real_estate_etl_dag.py', '--cfg-path', '/tmp/tmpzs326t9b']
[2023-07-22T17:56:49.535+0000] {standard_task_runner.py:83} INFO - Job 259: Subtask load_task
[2023-07-22T17:56:49.766+0000] {task_command.py:389} INFO - Running <TaskInstance: real_estate_etl_dag.load_task manual__2023-07-22T17:51:46.420374+00:00 [running]> on host ip-172-31-34-219.ap-southeast-2.compute.internal
[2023-07-22T17:56:49.924+0000] {taskinstance.py:1511} INFO - Exporting the following env vars:
AIRFLOW_CTX_DAG_OWNER=***
AIRFLOW_CTX_DAG_ID=real_estate_etl_dag
AIRFLOW_CTX_TASK_ID=load_task
AIRFLOW_CTX_EXECUTION_DATE=2023-07-22T17:51:46.420374+00:00
AIRFLOW_CTX_TRY_NUMBER=2
AIRFLOW_CTX_DAG_RUN_ID=manual__2023-07-22T17:51:46.420374+00:00
[2023-07-22T17:56:49.954+0000] {logging_mixin.py:137} INFO - Connection to the database successful!
[2023-07-22T17:56:49.956+0000] {logging_mixin.py:137} INFO - Table created successfully!
[2023-07-22T17:56:50.887+0000] {logging_mixin.py:137} INFO - Data inserted successfully!
[2023-07-22T17:56:50.887+0000] {python.py:177} INFO - Done. Returned value was: None
[2023-07-22T17:56:50.925+0000] {taskinstance.py:1322} INFO - Marking task as SUCCESS. dag_id=real_estate_etl_dag, task_id=load_task, execution_date=20230722T175146, start_date=20230722T175649, end_date=20230722T175650
[2023-07-22T17:56:50.984+0000] {local_task_job.py:159} INFO - Task exited with return code 0
[2023-07-22T17:56:51.047+0000] {taskinstance.py:2582} INFO - 0 downstream tasks scheduled from follow-on schedule check
