[2023-07-22T17:37:57.287+0000] {taskinstance.py:1087} INFO - Dependencies all met for <TaskInstance: real_estate_etl_dag.load_task manual__2023-07-22T17:27:51.019411+00:00 [queued]>
[2023-07-22T17:37:57.309+0000] {taskinstance.py:1087} INFO - Dependencies all met for <TaskInstance: real_estate_etl_dag.load_task manual__2023-07-22T17:27:51.019411+00:00 [queued]>
[2023-07-22T17:37:57.310+0000] {taskinstance.py:1283} INFO - 
--------------------------------------------------------------------------------
[2023-07-22T17:37:57.310+0000] {taskinstance.py:1284} INFO - Starting attempt 3 of 4
[2023-07-22T17:37:57.310+0000] {taskinstance.py:1285} INFO - 
--------------------------------------------------------------------------------
[2023-07-22T17:37:57.340+0000] {taskinstance.py:1304} INFO - Executing <Task(PythonOperator): load_task> on 2023-07-22 17:27:51.019411+00:00
[2023-07-22T17:37:57.361+0000] {standard_task_runner.py:55} INFO - Started process 2290849 to run task
[2023-07-22T17:37:57.359+0000] {standard_task_runner.py:82} INFO - Running: ['***', 'tasks', 'run', 'real_estate_etl_dag', 'load_task', 'manual__2023-07-22T17:27:51.019411+00:00', '--job-id', '239', '--raw', '--subdir', 'DAGS_FOLDER/real_estate_etl_dag.py', '--cfg-path', '/tmp/tmpoxrpxu6s']
[2023-07-22T17:37:57.362+0000] {standard_task_runner.py:83} INFO - Job 239: Subtask load_task
[2023-07-22T17:37:57.610+0000] {task_command.py:389} INFO - Running <TaskInstance: real_estate_etl_dag.load_task manual__2023-07-22T17:27:51.019411+00:00 [running]> on host ip-172-31-34-219.ap-southeast-2.compute.internal
[2023-07-22T17:37:57.794+0000] {taskinstance.py:1511} INFO - Exporting the following env vars:
AIRFLOW_CTX_DAG_OWNER=***
AIRFLOW_CTX_DAG_ID=real_estate_etl_dag
AIRFLOW_CTX_TASK_ID=load_task
AIRFLOW_CTX_EXECUTION_DATE=2023-07-22T17:27:51.019411+00:00
AIRFLOW_CTX_TRY_NUMBER=3
AIRFLOW_CTX_DAG_RUN_ID=manual__2023-07-22T17:27:51.019411+00:00
[2023-07-22T17:37:57.795+0000] {logging_mixin.py:137} INFO - SHELL = /bin/bash
[2023-07-22T17:37:57.796+0000] {logging_mixin.py:137} INFO - PWD = /
[2023-07-22T17:37:57.796+0000] {logging_mixin.py:137} INFO - LOGNAME = ubuntu
[2023-07-22T17:37:57.796+0000] {logging_mixin.py:137} INFO - SYSTEMD_EXEC_PID = 2286267
[2023-07-22T17:37:57.796+0000] {logging_mixin.py:137} INFO - HOME = /home/ubuntu
[2023-07-22T17:37:57.796+0000] {logging_mixin.py:137} INFO - LANG = C.UTF-8
[2023-07-22T17:37:57.796+0000] {logging_mixin.py:137} INFO - VIRTUAL_ENV = /home/ubuntu/venv
[2023-07-22T17:37:57.796+0000] {logging_mixin.py:137} INFO - INVOCATION_ID = 160840b41ef9407b80bd62dffa600e06
[2023-07-22T17:37:57.796+0000] {logging_mixin.py:137} INFO - USER = ubuntu
[2023-07-22T17:37:57.797+0000] {logging_mixin.py:137} INFO - SHLVL = 1
[2023-07-22T17:37:57.797+0000] {logging_mixin.py:137} INFO - VIRTUAL_ENV_PROMPT = (venv) 
[2023-07-22T17:37:57.797+0000] {logging_mixin.py:137} INFO - PS1 = (venv) 
[2023-07-22T17:37:57.797+0000] {logging_mixin.py:137} INFO - JOURNAL_STREAM = 8:7911997
[2023-07-22T17:37:57.797+0000] {logging_mixin.py:137} INFO - PATH = /home/ubuntu/venv/bin:/usr/local/sbin:/usr/local/bin:/usr/sbin:/usr/bin:/sbin:/bin:/snap/bin
[2023-07-22T17:37:57.797+0000] {logging_mixin.py:137} INFO - _ = /home/ubuntu/venv/bin/***
[2023-07-22T17:37:57.797+0000] {logging_mixin.py:137} INFO - _AIRFLOW_PARSING_CONTEXT_DAG_ID = real_estate_etl_dag
[2023-07-22T17:37:57.798+0000] {logging_mixin.py:137} INFO - _AIRFLOW_PARSING_CONTEXT_TASK_ID = load_task
[2023-07-22T17:37:57.798+0000] {logging_mixin.py:137} INFO - AIRFLOW_CTX_DAG_OWNER = ***
[2023-07-22T17:37:57.798+0000] {logging_mixin.py:137} INFO - AIRFLOW_CTX_DAG_ID = real_estate_etl_dag
[2023-07-22T17:37:57.798+0000] {logging_mixin.py:137} INFO - AIRFLOW_CTX_TASK_ID = load_task
[2023-07-22T17:37:57.798+0000] {logging_mixin.py:137} INFO - AIRFLOW_CTX_EXECUTION_DATE = 2023-07-22T17:27:51.019411+00:00
[2023-07-22T17:37:57.798+0000] {logging_mixin.py:137} INFO - AIRFLOW_CTX_TRY_NUMBER = 3
[2023-07-22T17:37:57.798+0000] {logging_mixin.py:137} INFO - AIRFLOW_CTX_DAG_RUN_ID = manual__2023-07-22T17:27:51.019411+00:00
[2023-07-22T17:37:57.822+0000] {logging_mixin.py:137} INFO - Error connecting to the database: connection to server at "real-estate-db.czvpezojzuuw.ap-southeast-2.rds.amazonaws.com" (172.31.48.42), port 5432 failed: fe_sendauth: no password supplied
[2023-07-22T17:37:57.823+0000] {taskinstance.py:1772} ERROR - Task failed with exception
Traceback (most recent call last):
  File "/home/ubuntu/venv/lib/python3.10/site-packages/airflow/operators/python.py", line 175, in execute
    return_value = self.execute_callable()
  File "/home/ubuntu/venv/lib/python3.10/site-packages/airflow/operators/python.py", line 192, in execute_callable
    return self.python_callable(*self.op_args, **self.op_kwargs)
  File "/home/ubuntu/airflow/dags/real_estate_etl_dag.py", line 110, in load_to_rds
    cursor = conn.cursor()
UnboundLocalError: local variable 'conn' referenced before assignment
[2023-07-22T17:37:57.857+0000] {taskinstance.py:1322} INFO - Marking task as UP_FOR_RETRY. dag_id=real_estate_etl_dag, task_id=load_task, execution_date=20230722T172751, start_date=20230722T173757, end_date=20230722T173757
[2023-07-22T17:37:57.874+0000] {standard_task_runner.py:100} ERROR - Failed to execute job 239 for task load_task (local variable 'conn' referenced before assignment; 2290849)
[2023-07-22T17:37:57.923+0000] {local_task_job.py:159} INFO - Task exited with return code 1
[2023-07-22T17:37:58.021+0000] {taskinstance.py:2582} INFO - 0 downstream tasks scheduled from follow-on schedule check
