[2023-07-18T07:04:30.209+0000] {taskinstance.py:1087} INFO - Dependencies all met for <TaskInstance: real_estate_etl_dag.load_task scheduled__2023-07-17T07:03:35.472204+00:00 [queued]>
[2023-07-18T07:04:30.226+0000] {taskinstance.py:1087} INFO - Dependencies all met for <TaskInstance: real_estate_etl_dag.load_task scheduled__2023-07-17T07:03:35.472204+00:00 [queued]>
[2023-07-18T07:04:30.226+0000] {taskinstance.py:1283} INFO - 
--------------------------------------------------------------------------------
[2023-07-18T07:04:30.226+0000] {taskinstance.py:1284} INFO - Starting attempt 1 of 4
[2023-07-18T07:04:30.227+0000] {taskinstance.py:1285} INFO - 
--------------------------------------------------------------------------------
[2023-07-18T07:04:30.256+0000] {taskinstance.py:1304} INFO - Executing <Task(PythonOperator): load_task> on 2023-07-17 07:03:35.472204+00:00
[2023-07-18T07:04:30.267+0000] {standard_task_runner.py:55} INFO - Started process 2334 to run task
[2023-07-18T07:04:30.280+0000] {standard_task_runner.py:82} INFO - Running: ['***', 'tasks', 'run', 'real_estate_etl_dag', 'load_task', 'scheduled__2023-07-17T07:03:35.472204+00:00', '--job-id', '144', '--raw', '--subdir', 'DAGS_FOLDER/real_estate_etl_dag.py', '--cfg-path', '/tmp/tmpfduzehmo']
[2023-07-18T07:04:30.282+0000] {standard_task_runner.py:83} INFO - Job 144: Subtask load_task
[2023-07-18T07:04:30.497+0000] {task_command.py:389} INFO - Running <TaskInstance: real_estate_etl_dag.load_task scheduled__2023-07-17T07:03:35.472204+00:00 [running]> on host ip-172-31-34-219.ap-southeast-2.compute.internal
[2023-07-18T07:04:30.703+0000] {taskinstance.py:1511} INFO - Exporting the following env vars:
AIRFLOW_CTX_DAG_OWNER=***
AIRFLOW_CTX_DAG_ID=real_estate_etl_dag
AIRFLOW_CTX_TASK_ID=load_task
AIRFLOW_CTX_EXECUTION_DATE=2023-07-17T07:03:35.472204+00:00
AIRFLOW_CTX_TRY_NUMBER=1
AIRFLOW_CTX_DAG_RUN_ID=scheduled__2023-07-17T07:03:35.472204+00:00
[2023-07-18T07:04:30.776+0000] {logging_mixin.py:137} INFO - Connection to the database successful!
[2023-07-18T07:04:30.778+0000] {logging_mixin.py:137} INFO - Table created successfully!
[2023-07-18T07:04:31.627+0000] {logging_mixin.py:137} INFO - Data inserted successfully!
[2023-07-18T07:04:31.628+0000] {python.py:177} INFO - Done. Returned value was: None
[2023-07-18T07:04:31.668+0000] {taskinstance.py:1322} INFO - Marking task as SUCCESS. dag_id=real_estate_etl_dag, task_id=load_task, execution_date=20230717T070335, start_date=20230718T070430, end_date=20230718T070431
[2023-07-18T07:04:31.706+0000] {local_task_job.py:159} INFO - Task exited with return code 0
[2023-07-18T07:04:31.746+0000] {taskinstance.py:2582} INFO - 0 downstream tasks scheduled from follow-on schedule check
