[2023-07-22T17:07:48.121+0000] {taskinstance.py:1087} INFO - Dependencies all met for <TaskInstance: real_estate_etl_dag.transform_task manual__2023-07-22T17:02:41.500816+00:00 [queued]>
[2023-07-22T17:07:48.136+0000] {taskinstance.py:1087} INFO - Dependencies all met for <TaskInstance: real_estate_etl_dag.transform_task manual__2023-07-22T17:02:41.500816+00:00 [queued]>
[2023-07-22T17:07:48.136+0000] {taskinstance.py:1283} INFO - 
--------------------------------------------------------------------------------
[2023-07-22T17:07:48.136+0000] {taskinstance.py:1284} INFO - Starting attempt 2 of 4
[2023-07-22T17:07:48.136+0000] {taskinstance.py:1285} INFO - 
--------------------------------------------------------------------------------
[2023-07-22T17:07:48.154+0000] {taskinstance.py:1304} INFO - Executing <Task(PythonOperator): transform_task> on 2023-07-22 17:02:41.500816+00:00
[2023-07-22T17:07:48.161+0000] {standard_task_runner.py:55} INFO - Started process 2268950 to run task
[2023-07-22T17:07:48.169+0000] {standard_task_runner.py:82} INFO - Running: ['***', 'tasks', 'run', 'real_estate_etl_dag', 'transform_task', 'manual__2023-07-22T17:02:41.500816+00:00', '--job-id', '202', '--raw', '--subdir', 'DAGS_FOLDER/real_estate_etl_dag.py', '--cfg-path', '/tmp/tmpahu5gn2r']
[2023-07-22T17:07:48.171+0000] {standard_task_runner.py:83} INFO - Job 202: Subtask transform_task
[2023-07-22T17:07:48.350+0000] {task_command.py:389} INFO - Running <TaskInstance: real_estate_etl_dag.transform_task manual__2023-07-22T17:02:41.500816+00:00 [running]> on host ip-172-31-34-219.ap-southeast-2.compute.internal
[2023-07-22T17:07:48.604+0000] {taskinstance.py:1511} INFO - Exporting the following env vars:
AIRFLOW_CTX_DAG_OWNER=***
AIRFLOW_CTX_DAG_ID=real_estate_etl_dag
AIRFLOW_CTX_TASK_ID=transform_task
AIRFLOW_CTX_EXECUTION_DATE=2023-07-22T17:02:41.500816+00:00
AIRFLOW_CTX_TRY_NUMBER=2
AIRFLOW_CTX_DAG_RUN_ID=manual__2023-07-22T17:02:41.500816+00:00
[2023-07-22T17:07:48.864+0000] {python.py:177} INFO - Done. Returned value was: None
[2023-07-22T17:07:49.014+0000] {taskinstance.py:1322} INFO - Marking task as SUCCESS. dag_id=real_estate_etl_dag, task_id=transform_task, execution_date=20230722T170241, start_date=20230722T170748, end_date=20230722T170749
[2023-07-22T17:07:49.131+0000] {local_task_job.py:159} INFO - Task exited with return code 0
[2023-07-22T17:07:49.200+0000] {taskinstance.py:2582} INFO - 0 downstream tasks scheduled from follow-on schedule check
