[2023-07-09T15:46:36.811+0000] {processor.py:153} INFO - Started process (PID=1481) to work on /home/ubuntu/venv/lib/python3.10/site-packages/airflow/example_dags/example_branch_datetime_operator.py
[2023-07-09T15:46:36.812+0000] {processor.py:743} INFO - Processing file /home/ubuntu/venv/lib/python3.10/site-packages/airflow/example_dags/example_branch_datetime_operator.py for tasks to queue
[2023-07-09T15:46:36.814+0000] {logging_mixin.py:137} INFO - [2023-07-09T15:46:36.813+0000] {dagbag.py:538} INFO - Filling up the DagBag from /home/ubuntu/venv/lib/python3.10/site-packages/airflow/example_dags/example_branch_datetime_operator.py
[2023-07-09T15:46:36.838+0000] {processor.py:753} INFO - DAG(s) dict_keys(['example_branch_datetime_operator_2', 'example_branch_datetime_operator_3', 'example_branch_datetime_operator']) retrieved from /home/ubuntu/venv/lib/python3.10/site-packages/airflow/example_dags/example_branch_datetime_operator.py
[2023-07-09T15:46:36.915+0000] {logging_mixin.py:137} INFO - [2023-07-09T15:46:36.913+0000] {dag.py:2676} INFO - Sync 3 DAGs
[2023-07-09T15:46:36.943+0000] {logging_mixin.py:137} INFO - [2023-07-09T15:46:36.943+0000] {dag.py:3423} INFO - Setting next_dagrun for example_branch_datetime_operator to 2023-07-08T00:00:00+00:00, run_after=2023-07-09T00:00:00+00:00
[2023-07-09T15:46:36.949+0000] {logging_mixin.py:137} INFO - [2023-07-09T15:46:36.948+0000] {dag.py:3423} INFO - Setting next_dagrun for example_branch_datetime_operator_2 to 2023-07-08T00:00:00+00:00, run_after=2023-07-09T00:00:00+00:00
[2023-07-09T15:46:36.951+0000] {logging_mixin.py:137} INFO - [2023-07-09T15:46:36.951+0000] {dag.py:3423} INFO - Setting next_dagrun for example_branch_datetime_operator_3 to 2023-07-08T00:00:00+00:00, run_after=2023-07-09T00:00:00+00:00
[2023-07-09T15:46:36.976+0000] {processor.py:175} INFO - Processing /home/ubuntu/venv/lib/python3.10/site-packages/airflow/example_dags/example_branch_datetime_operator.py took 0.170 seconds
[2023-07-09T15:47:07.301+0000] {processor.py:153} INFO - Started process (PID=1721) to work on /home/ubuntu/venv/lib/python3.10/site-packages/airflow/example_dags/example_branch_datetime_operator.py
[2023-07-09T15:47:07.302+0000] {processor.py:743} INFO - Processing file /home/ubuntu/venv/lib/python3.10/site-packages/airflow/example_dags/example_branch_datetime_operator.py for tasks to queue
[2023-07-09T15:47:07.303+0000] {logging_mixin.py:137} INFO - [2023-07-09T15:47:07.303+0000] {dagbag.py:538} INFO - Filling up the DagBag from /home/ubuntu/venv/lib/python3.10/site-packages/airflow/example_dags/example_branch_datetime_operator.py
[2023-07-09T15:47:07.332+0000] {processor.py:753} INFO - DAG(s) dict_keys(['example_branch_datetime_operator', 'example_branch_datetime_operator_2', 'example_branch_datetime_operator_3']) retrieved from /home/ubuntu/venv/lib/python3.10/site-packages/airflow/example_dags/example_branch_datetime_operator.py
[2023-07-09T15:47:07.390+0000] {logging_mixin.py:137} INFO - [2023-07-09T15:47:07.390+0000] {dag.py:2676} INFO - Sync 3 DAGs
[2023-07-09T15:47:07.418+0000] {logging_mixin.py:137} INFO - [2023-07-09T15:47:07.418+0000] {dag.py:3423} INFO - Setting next_dagrun for example_branch_datetime_operator to 2023-07-08T00:00:00+00:00, run_after=2023-07-09T00:00:00+00:00
[2023-07-09T15:47:07.424+0000] {logging_mixin.py:137} INFO - [2023-07-09T15:47:07.424+0000] {dag.py:3423} INFO - Setting next_dagrun for example_branch_datetime_operator_2 to 2023-07-08T00:00:00+00:00, run_after=2023-07-09T00:00:00+00:00
[2023-07-09T15:47:07.427+0000] {logging_mixin.py:137} INFO - [2023-07-09T15:47:07.427+0000] {dag.py:3423} INFO - Setting next_dagrun for example_branch_datetime_operator_3 to 2023-07-08T00:00:00+00:00, run_after=2023-07-09T00:00:00+00:00
[2023-07-09T15:47:07.445+0000] {processor.py:175} INFO - Processing /home/ubuntu/venv/lib/python3.10/site-packages/airflow/example_dags/example_branch_datetime_operator.py took 0.151 seconds
[2023-07-09T15:49:55.060+0000] {processor.py:153} INFO - Started process (PID=2299) to work on /home/ubuntu/venv/lib/python3.10/site-packages/airflow/example_dags/example_branch_datetime_operator.py
[2023-07-09T15:49:55.062+0000] {processor.py:743} INFO - Processing file /home/ubuntu/venv/lib/python3.10/site-packages/airflow/example_dags/example_branch_datetime_operator.py for tasks to queue
[2023-07-09T15:49:55.063+0000] {logging_mixin.py:137} INFO - [2023-07-09T15:49:55.063+0000] {dagbag.py:538} INFO - Filling up the DagBag from /home/ubuntu/venv/lib/python3.10/site-packages/airflow/example_dags/example_branch_datetime_operator.py
[2023-07-09T15:49:55.086+0000] {processor.py:753} INFO - DAG(s) dict_keys(['example_branch_datetime_operator', 'example_branch_datetime_operator_2', 'example_branch_datetime_operator_3']) retrieved from /home/ubuntu/venv/lib/python3.10/site-packages/airflow/example_dags/example_branch_datetime_operator.py
[2023-07-09T15:49:55.144+0000] {logging_mixin.py:137} INFO - [2023-07-09T15:49:55.144+0000] {dag.py:2676} INFO - Sync 3 DAGs
[2023-07-09T15:49:55.168+0000] {logging_mixin.py:137} INFO - [2023-07-09T15:49:55.168+0000] {dag.py:3423} INFO - Setting next_dagrun for example_branch_datetime_operator to 2023-07-08T00:00:00+00:00, run_after=2023-07-09T00:00:00+00:00
[2023-07-09T15:49:55.173+0000] {logging_mixin.py:137} INFO - [2023-07-09T15:49:55.173+0000] {dag.py:3423} INFO - Setting next_dagrun for example_branch_datetime_operator_2 to 2023-07-08T00:00:00+00:00, run_after=2023-07-09T00:00:00+00:00
[2023-07-09T15:49:55.175+0000] {logging_mixin.py:137} INFO - [2023-07-09T15:49:55.175+0000] {dag.py:3423} INFO - Setting next_dagrun for example_branch_datetime_operator_3 to 2023-07-08T00:00:00+00:00, run_after=2023-07-09T00:00:00+00:00
[2023-07-09T15:49:55.191+0000] {processor.py:175} INFO - Processing /home/ubuntu/venv/lib/python3.10/site-packages/airflow/example_dags/example_branch_datetime_operator.py took 0.135 seconds
[2023-07-09T15:50:26.178+0000] {processor.py:153} INFO - Started process (PID=2535) to work on /home/ubuntu/venv/lib/python3.10/site-packages/airflow/example_dags/example_branch_datetime_operator.py
[2023-07-09T15:50:26.180+0000] {processor.py:743} INFO - Processing file /home/ubuntu/venv/lib/python3.10/site-packages/airflow/example_dags/example_branch_datetime_operator.py for tasks to queue
[2023-07-09T15:50:26.180+0000] {logging_mixin.py:137} INFO - [2023-07-09T15:50:26.180+0000] {dagbag.py:538} INFO - Filling up the DagBag from /home/ubuntu/venv/lib/python3.10/site-packages/airflow/example_dags/example_branch_datetime_operator.py
[2023-07-09T15:50:26.204+0000] {processor.py:753} INFO - DAG(s) dict_keys(['example_branch_datetime_operator_3', 'example_branch_datetime_operator_2', 'example_branch_datetime_operator']) retrieved from /home/ubuntu/venv/lib/python3.10/site-packages/airflow/example_dags/example_branch_datetime_operator.py
[2023-07-09T15:50:26.267+0000] {logging_mixin.py:137} INFO - [2023-07-09T15:50:26.267+0000] {dag.py:2676} INFO - Sync 3 DAGs
[2023-07-09T15:50:26.290+0000] {logging_mixin.py:137} INFO - [2023-07-09T15:50:26.290+0000] {dag.py:3423} INFO - Setting next_dagrun for example_branch_datetime_operator to 2023-07-08T00:00:00+00:00, run_after=2023-07-09T00:00:00+00:00
[2023-07-09T15:50:26.295+0000] {logging_mixin.py:137} INFO - [2023-07-09T15:50:26.294+0000] {dag.py:3423} INFO - Setting next_dagrun for example_branch_datetime_operator_2 to 2023-07-08T00:00:00+00:00, run_after=2023-07-09T00:00:00+00:00
[2023-07-09T15:50:26.297+0000] {logging_mixin.py:137} INFO - [2023-07-09T15:50:26.297+0000] {dag.py:3423} INFO - Setting next_dagrun for example_branch_datetime_operator_3 to 2023-07-08T00:00:00+00:00, run_after=2023-07-09T00:00:00+00:00
[2023-07-09T15:50:26.313+0000] {processor.py:175} INFO - Processing /home/ubuntu/venv/lib/python3.10/site-packages/airflow/example_dags/example_branch_datetime_operator.py took 0.138 seconds
[2023-07-09T16:47:21.054+0000] {processor.py:153} INFO - Started process (PID=3642) to work on /home/ubuntu/venv/lib/python3.10/site-packages/airflow/example_dags/example_branch_datetime_operator.py
[2023-07-09T16:47:21.060+0000] {processor.py:743} INFO - Processing file /home/ubuntu/venv/lib/python3.10/site-packages/airflow/example_dags/example_branch_datetime_operator.py for tasks to queue
[2023-07-09T16:47:21.061+0000] {logging_mixin.py:137} INFO - [2023-07-09T16:47:21.061+0000] {dagbag.py:538} INFO - Filling up the DagBag from /home/ubuntu/venv/lib/python3.10/site-packages/airflow/example_dags/example_branch_datetime_operator.py
[2023-07-09T16:47:21.144+0000] {processor.py:753} INFO - DAG(s) dict_keys(['example_branch_datetime_operator_2', 'example_branch_datetime_operator_3', 'example_branch_datetime_operator']) retrieved from /home/ubuntu/venv/lib/python3.10/site-packages/airflow/example_dags/example_branch_datetime_operator.py
[2023-07-09T16:47:21.431+0000] {logging_mixin.py:137} INFO - [2023-07-09T16:47:21.431+0000] {dag.py:2676} INFO - Sync 3 DAGs
[2023-07-09T16:47:21.528+0000] {logging_mixin.py:137} INFO - [2023-07-09T16:47:21.527+0000] {dag.py:3423} INFO - Setting next_dagrun for example_branch_datetime_operator to 2023-07-08T00:00:00+00:00, run_after=2023-07-09T00:00:00+00:00
[2023-07-09T16:47:21.540+0000] {logging_mixin.py:137} INFO - [2023-07-09T16:47:21.540+0000] {dag.py:3423} INFO - Setting next_dagrun for example_branch_datetime_operator_2 to 2023-07-08T00:00:00+00:00, run_after=2023-07-09T00:00:00+00:00
[2023-07-09T16:47:21.550+0000] {logging_mixin.py:137} INFO - [2023-07-09T16:47:21.550+0000] {dag.py:3423} INFO - Setting next_dagrun for example_branch_datetime_operator_3 to 2023-07-08T00:00:00+00:00, run_after=2023-07-09T00:00:00+00:00
[2023-07-09T16:47:21.624+0000] {processor.py:175} INFO - Processing /home/ubuntu/venv/lib/python3.10/site-packages/airflow/example_dags/example_branch_datetime_operator.py took 0.588 seconds
[2023-07-09T16:47:52.028+0000] {processor.py:153} INFO - Started process (PID=3965) to work on /home/ubuntu/venv/lib/python3.10/site-packages/airflow/example_dags/example_branch_datetime_operator.py
[2023-07-09T16:47:52.030+0000] {processor.py:743} INFO - Processing file /home/ubuntu/venv/lib/python3.10/site-packages/airflow/example_dags/example_branch_datetime_operator.py for tasks to queue
[2023-07-09T16:47:52.031+0000] {logging_mixin.py:137} INFO - [2023-07-09T16:47:52.030+0000] {dagbag.py:538} INFO - Filling up the DagBag from /home/ubuntu/venv/lib/python3.10/site-packages/airflow/example_dags/example_branch_datetime_operator.py
[2023-07-09T16:47:52.056+0000] {processor.py:753} INFO - DAG(s) dict_keys(['example_branch_datetime_operator', 'example_branch_datetime_operator_2', 'example_branch_datetime_operator_3']) retrieved from /home/ubuntu/venv/lib/python3.10/site-packages/airflow/example_dags/example_branch_datetime_operator.py
[2023-07-09T16:47:52.158+0000] {logging_mixin.py:137} INFO - [2023-07-09T16:47:52.158+0000] {dag.py:2676} INFO - Sync 3 DAGs
[2023-07-09T16:47:52.199+0000] {logging_mixin.py:137} INFO - [2023-07-09T16:47:52.199+0000] {dag.py:3423} INFO - Setting next_dagrun for example_branch_datetime_operator to 2023-07-08T00:00:00+00:00, run_after=2023-07-09T00:00:00+00:00
[2023-07-09T16:47:52.207+0000] {logging_mixin.py:137} INFO - [2023-07-09T16:47:52.206+0000] {dag.py:3423} INFO - Setting next_dagrun for example_branch_datetime_operator_2 to 2023-07-08T00:00:00+00:00, run_after=2023-07-09T00:00:00+00:00
[2023-07-09T16:47:52.210+0000] {logging_mixin.py:137} INFO - [2023-07-09T16:47:52.210+0000] {dag.py:3423} INFO - Setting next_dagrun for example_branch_datetime_operator_3 to 2023-07-08T00:00:00+00:00, run_after=2023-07-09T00:00:00+00:00
[2023-07-09T16:47:52.236+0000] {processor.py:175} INFO - Processing /home/ubuntu/venv/lib/python3.10/site-packages/airflow/example_dags/example_branch_datetime_operator.py took 0.213 seconds
[2023-07-09T16:48:22.761+0000] {processor.py:153} INFO - Started process (PID=4198) to work on /home/ubuntu/venv/lib/python3.10/site-packages/airflow/example_dags/example_branch_datetime_operator.py
[2023-07-09T16:48:22.763+0000] {processor.py:743} INFO - Processing file /home/ubuntu/venv/lib/python3.10/site-packages/airflow/example_dags/example_branch_datetime_operator.py for tasks to queue
[2023-07-09T16:48:22.765+0000] {logging_mixin.py:137} INFO - [2023-07-09T16:48:22.765+0000] {dagbag.py:538} INFO - Filling up the DagBag from /home/ubuntu/venv/lib/python3.10/site-packages/airflow/example_dags/example_branch_datetime_operator.py
[2023-07-09T16:48:22.855+0000] {processor.py:753} INFO - DAG(s) dict_keys(['example_branch_datetime_operator', 'example_branch_datetime_operator_3', 'example_branch_datetime_operator_2']) retrieved from /home/ubuntu/venv/lib/python3.10/site-packages/airflow/example_dags/example_branch_datetime_operator.py
[2023-07-09T16:48:22.947+0000] {logging_mixin.py:137} INFO - [2023-07-09T16:48:22.946+0000] {dag.py:2676} INFO - Sync 3 DAGs
[2023-07-09T16:48:22.984+0000] {logging_mixin.py:137} INFO - [2023-07-09T16:48:22.984+0000] {dag.py:3423} INFO - Setting next_dagrun for example_branch_datetime_operator to 2023-07-08T00:00:00+00:00, run_after=2023-07-09T00:00:00+00:00
[2023-07-09T16:48:22.991+0000] {logging_mixin.py:137} INFO - [2023-07-09T16:48:22.990+0000] {dag.py:3423} INFO - Setting next_dagrun for example_branch_datetime_operator_2 to 2023-07-08T00:00:00+00:00, run_after=2023-07-09T00:00:00+00:00
[2023-07-09T16:48:23.007+0000] {logging_mixin.py:137} INFO - [2023-07-09T16:48:23.007+0000] {dag.py:3423} INFO - Setting next_dagrun for example_branch_datetime_operator_3 to 2023-07-08T00:00:00+00:00, run_after=2023-07-09T00:00:00+00:00
[2023-07-09T16:48:23.041+0000] {processor.py:175} INFO - Processing /home/ubuntu/venv/lib/python3.10/site-packages/airflow/example_dags/example_branch_datetime_operator.py took 0.286 seconds
[2023-07-09T16:48:53.902+0000] {processor.py:153} INFO - Started process (PID=4436) to work on /home/ubuntu/venv/lib/python3.10/site-packages/airflow/example_dags/example_branch_datetime_operator.py
[2023-07-09T16:48:53.903+0000] {processor.py:743} INFO - Processing file /home/ubuntu/venv/lib/python3.10/site-packages/airflow/example_dags/example_branch_datetime_operator.py for tasks to queue
[2023-07-09T16:48:53.904+0000] {logging_mixin.py:137} INFO - [2023-07-09T16:48:53.904+0000] {dagbag.py:538} INFO - Filling up the DagBag from /home/ubuntu/venv/lib/python3.10/site-packages/airflow/example_dags/example_branch_datetime_operator.py
[2023-07-09T16:48:53.934+0000] {processor.py:753} INFO - DAG(s) dict_keys(['example_branch_datetime_operator_3', 'example_branch_datetime_operator_2', 'example_branch_datetime_operator']) retrieved from /home/ubuntu/venv/lib/python3.10/site-packages/airflow/example_dags/example_branch_datetime_operator.py
[2023-07-09T16:48:54.024+0000] {logging_mixin.py:137} INFO - [2023-07-09T16:48:54.024+0000] {dag.py:2676} INFO - Sync 3 DAGs
[2023-07-09T16:48:54.059+0000] {logging_mixin.py:137} INFO - [2023-07-09T16:48:54.059+0000] {dag.py:3423} INFO - Setting next_dagrun for example_branch_datetime_operator to 2023-07-08T00:00:00+00:00, run_after=2023-07-09T00:00:00+00:00
[2023-07-09T16:48:54.069+0000] {logging_mixin.py:137} INFO - [2023-07-09T16:48:54.068+0000] {dag.py:3423} INFO - Setting next_dagrun for example_branch_datetime_operator_2 to 2023-07-08T00:00:00+00:00, run_after=2023-07-09T00:00:00+00:00
[2023-07-09T16:48:54.072+0000] {logging_mixin.py:137} INFO - [2023-07-09T16:48:54.072+0000] {dag.py:3423} INFO - Setting next_dagrun for example_branch_datetime_operator_3 to 2023-07-08T00:00:00+00:00, run_after=2023-07-09T00:00:00+00:00
[2023-07-09T16:48:54.107+0000] {processor.py:175} INFO - Processing /home/ubuntu/venv/lib/python3.10/site-packages/airflow/example_dags/example_branch_datetime_operator.py took 0.210 seconds
[2023-07-09T16:49:24.495+0000] {processor.py:153} INFO - Started process (PID=4670) to work on /home/ubuntu/venv/lib/python3.10/site-packages/airflow/example_dags/example_branch_datetime_operator.py
[2023-07-09T16:49:24.496+0000] {processor.py:743} INFO - Processing file /home/ubuntu/venv/lib/python3.10/site-packages/airflow/example_dags/example_branch_datetime_operator.py for tasks to queue
[2023-07-09T16:49:24.496+0000] {logging_mixin.py:137} INFO - [2023-07-09T16:49:24.496+0000] {dagbag.py:538} INFO - Filling up the DagBag from /home/ubuntu/venv/lib/python3.10/site-packages/airflow/example_dags/example_branch_datetime_operator.py
[2023-07-09T16:49:24.531+0000] {processor.py:753} INFO - DAG(s) dict_keys(['example_branch_datetime_operator', 'example_branch_datetime_operator_2', 'example_branch_datetime_operator_3']) retrieved from /home/ubuntu/venv/lib/python3.10/site-packages/airflow/example_dags/example_branch_datetime_operator.py
[2023-07-09T16:49:24.614+0000] {logging_mixin.py:137} INFO - [2023-07-09T16:49:24.614+0000] {dag.py:2676} INFO - Sync 3 DAGs
[2023-07-09T16:49:24.651+0000] {logging_mixin.py:137} INFO - [2023-07-09T16:49:24.651+0000] {dag.py:3423} INFO - Setting next_dagrun for example_branch_datetime_operator to 2023-07-08T00:00:00+00:00, run_after=2023-07-09T00:00:00+00:00
[2023-07-09T16:49:24.658+0000] {logging_mixin.py:137} INFO - [2023-07-09T16:49:24.658+0000] {dag.py:3423} INFO - Setting next_dagrun for example_branch_datetime_operator_2 to 2023-07-08T00:00:00+00:00, run_after=2023-07-09T00:00:00+00:00
[2023-07-09T16:49:24.662+0000] {logging_mixin.py:137} INFO - [2023-07-09T16:49:24.662+0000] {dag.py:3423} INFO - Setting next_dagrun for example_branch_datetime_operator_3 to 2023-07-08T00:00:00+00:00, run_after=2023-07-09T00:00:00+00:00
[2023-07-09T16:49:24.685+0000] {processor.py:175} INFO - Processing /home/ubuntu/venv/lib/python3.10/site-packages/airflow/example_dags/example_branch_datetime_operator.py took 0.195 seconds
[2023-07-09T16:49:54.956+0000] {processor.py:153} INFO - Started process (PID=4906) to work on /home/ubuntu/venv/lib/python3.10/site-packages/airflow/example_dags/example_branch_datetime_operator.py
[2023-07-09T16:49:54.958+0000] {processor.py:743} INFO - Processing file /home/ubuntu/venv/lib/python3.10/site-packages/airflow/example_dags/example_branch_datetime_operator.py for tasks to queue
[2023-07-09T16:49:54.959+0000] {logging_mixin.py:137} INFO - [2023-07-09T16:49:54.958+0000] {dagbag.py:538} INFO - Filling up the DagBag from /home/ubuntu/venv/lib/python3.10/site-packages/airflow/example_dags/example_branch_datetime_operator.py
[2023-07-09T16:49:54.984+0000] {processor.py:753} INFO - DAG(s) dict_keys(['example_branch_datetime_operator_3', 'example_branch_datetime_operator_2', 'example_branch_datetime_operator']) retrieved from /home/ubuntu/venv/lib/python3.10/site-packages/airflow/example_dags/example_branch_datetime_operator.py
[2023-07-09T16:49:55.067+0000] {logging_mixin.py:137} INFO - [2023-07-09T16:49:55.067+0000] {dag.py:2676} INFO - Sync 3 DAGs
[2023-07-09T16:49:55.108+0000] {logging_mixin.py:137} INFO - [2023-07-09T16:49:55.108+0000] {dag.py:3423} INFO - Setting next_dagrun for example_branch_datetime_operator to 2023-07-08T00:00:00+00:00, run_after=2023-07-09T00:00:00+00:00
[2023-07-09T16:49:55.117+0000] {logging_mixin.py:137} INFO - [2023-07-09T16:49:55.117+0000] {dag.py:3423} INFO - Setting next_dagrun for example_branch_datetime_operator_2 to 2023-07-08T00:00:00+00:00, run_after=2023-07-09T00:00:00+00:00
[2023-07-09T16:49:55.125+0000] {logging_mixin.py:137} INFO - [2023-07-09T16:49:55.125+0000] {dag.py:3423} INFO - Setting next_dagrun for example_branch_datetime_operator_3 to 2023-07-08T00:00:00+00:00, run_after=2023-07-09T00:00:00+00:00
[2023-07-09T16:49:55.159+0000] {processor.py:175} INFO - Processing /home/ubuntu/venv/lib/python3.10/site-packages/airflow/example_dags/example_branch_datetime_operator.py took 0.211 seconds
[2023-07-09T16:50:25.826+0000] {processor.py:153} INFO - Started process (PID=5142) to work on /home/ubuntu/venv/lib/python3.10/site-packages/airflow/example_dags/example_branch_datetime_operator.py
[2023-07-09T16:50:25.827+0000] {processor.py:743} INFO - Processing file /home/ubuntu/venv/lib/python3.10/site-packages/airflow/example_dags/example_branch_datetime_operator.py for tasks to queue
[2023-07-09T16:50:25.827+0000] {logging_mixin.py:137} INFO - [2023-07-09T16:50:25.827+0000] {dagbag.py:538} INFO - Filling up the DagBag from /home/ubuntu/venv/lib/python3.10/site-packages/airflow/example_dags/example_branch_datetime_operator.py
[2023-07-09T16:50:25.859+0000] {processor.py:753} INFO - DAG(s) dict_keys(['example_branch_datetime_operator', 'example_branch_datetime_operator_3', 'example_branch_datetime_operator_2']) retrieved from /home/ubuntu/venv/lib/python3.10/site-packages/airflow/example_dags/example_branch_datetime_operator.py
[2023-07-09T16:50:25.938+0000] {logging_mixin.py:137} INFO - [2023-07-09T16:50:25.938+0000] {dag.py:2676} INFO - Sync 3 DAGs
[2023-07-09T16:50:25.971+0000] {logging_mixin.py:137} INFO - [2023-07-09T16:50:25.971+0000] {dag.py:3423} INFO - Setting next_dagrun for example_branch_datetime_operator to 2023-07-08T00:00:00+00:00, run_after=2023-07-09T00:00:00+00:00
[2023-07-09T16:50:25.977+0000] {logging_mixin.py:137} INFO - [2023-07-09T16:50:25.977+0000] {dag.py:3423} INFO - Setting next_dagrun for example_branch_datetime_operator_2 to 2023-07-08T00:00:00+00:00, run_after=2023-07-09T00:00:00+00:00
[2023-07-09T16:50:25.980+0000] {logging_mixin.py:137} INFO - [2023-07-09T16:50:25.980+0000] {dag.py:3423} INFO - Setting next_dagrun for example_branch_datetime_operator_3 to 2023-07-08T00:00:00+00:00, run_after=2023-07-09T00:00:00+00:00
[2023-07-09T16:50:26.000+0000] {processor.py:175} INFO - Processing /home/ubuntu/venv/lib/python3.10/site-packages/airflow/example_dags/example_branch_datetime_operator.py took 0.178 seconds
[2023-07-09T16:54:57.224+0000] {processor.py:153} INFO - Started process (PID=5916) to work on /home/ubuntu/venv/lib/python3.10/site-packages/airflow/example_dags/example_branch_datetime_operator.py
[2023-07-09T16:54:57.226+0000] {processor.py:743} INFO - Processing file /home/ubuntu/venv/lib/python3.10/site-packages/airflow/example_dags/example_branch_datetime_operator.py for tasks to queue
[2023-07-09T16:54:57.227+0000] {logging_mixin.py:137} INFO - [2023-07-09T16:54:57.226+0000] {dagbag.py:538} INFO - Filling up the DagBag from /home/ubuntu/venv/lib/python3.10/site-packages/airflow/example_dags/example_branch_datetime_operator.py
[2023-07-09T16:54:57.251+0000] {processor.py:753} INFO - DAG(s) dict_keys(['example_branch_datetime_operator_2', 'example_branch_datetime_operator_3', 'example_branch_datetime_operator']) retrieved from /home/ubuntu/venv/lib/python3.10/site-packages/airflow/example_dags/example_branch_datetime_operator.py
[2023-07-09T16:54:57.322+0000] {logging_mixin.py:137} INFO - [2023-07-09T16:54:57.322+0000] {dag.py:2676} INFO - Sync 3 DAGs
[2023-07-09T16:54:57.357+0000] {logging_mixin.py:137} INFO - [2023-07-09T16:54:57.357+0000] {dag.py:3423} INFO - Setting next_dagrun for example_branch_datetime_operator to 2023-07-08T00:00:00+00:00, run_after=2023-07-09T00:00:00+00:00
[2023-07-09T16:54:57.363+0000] {logging_mixin.py:137} INFO - [2023-07-09T16:54:57.363+0000] {dag.py:3423} INFO - Setting next_dagrun for example_branch_datetime_operator_2 to 2023-07-08T00:00:00+00:00, run_after=2023-07-09T00:00:00+00:00
[2023-07-09T16:54:57.368+0000] {logging_mixin.py:137} INFO - [2023-07-09T16:54:57.366+0000] {dag.py:3423} INFO - Setting next_dagrun for example_branch_datetime_operator_3 to 2023-07-08T00:00:00+00:00, run_after=2023-07-09T00:00:00+00:00
[2023-07-09T16:54:57.385+0000] {processor.py:175} INFO - Processing /home/ubuntu/venv/lib/python3.10/site-packages/airflow/example_dags/example_branch_datetime_operator.py took 0.165 seconds
[2023-07-09T16:55:28.475+0000] {processor.py:153} INFO - Started process (PID=6176) to work on /home/ubuntu/venv/lib/python3.10/site-packages/airflow/example_dags/example_branch_datetime_operator.py
[2023-07-09T16:55:28.476+0000] {processor.py:743} INFO - Processing file /home/ubuntu/venv/lib/python3.10/site-packages/airflow/example_dags/example_branch_datetime_operator.py for tasks to queue
[2023-07-09T16:55:28.477+0000] {logging_mixin.py:137} INFO - [2023-07-09T16:55:28.477+0000] {dagbag.py:538} INFO - Filling up the DagBag from /home/ubuntu/venv/lib/python3.10/site-packages/airflow/example_dags/example_branch_datetime_operator.py
[2023-07-09T16:55:28.517+0000] {processor.py:753} INFO - DAG(s) dict_keys(['example_branch_datetime_operator_2', 'example_branch_datetime_operator', 'example_branch_datetime_operator_3']) retrieved from /home/ubuntu/venv/lib/python3.10/site-packages/airflow/example_dags/example_branch_datetime_operator.py
[2023-07-09T16:55:28.582+0000] {logging_mixin.py:137} INFO - [2023-07-09T16:55:28.581+0000] {dag.py:2676} INFO - Sync 3 DAGs
[2023-07-09T16:55:28.606+0000] {logging_mixin.py:137} INFO - [2023-07-09T16:55:28.606+0000] {dag.py:3423} INFO - Setting next_dagrun for example_branch_datetime_operator to 2023-07-08T00:00:00+00:00, run_after=2023-07-09T00:00:00+00:00
[2023-07-09T16:55:28.611+0000] {logging_mixin.py:137} INFO - [2023-07-09T16:55:28.610+0000] {dag.py:3423} INFO - Setting next_dagrun for example_branch_datetime_operator_2 to 2023-07-08T00:00:00+00:00, run_after=2023-07-09T00:00:00+00:00
[2023-07-09T16:55:28.613+0000] {logging_mixin.py:137} INFO - [2023-07-09T16:55:28.613+0000] {dag.py:3423} INFO - Setting next_dagrun for example_branch_datetime_operator_3 to 2023-07-08T00:00:00+00:00, run_after=2023-07-09T00:00:00+00:00
[2023-07-09T16:55:28.629+0000] {processor.py:175} INFO - Processing /home/ubuntu/venv/lib/python3.10/site-packages/airflow/example_dags/example_branch_datetime_operator.py took 0.159 seconds
[2023-07-09T16:55:58.736+0000] {processor.py:153} INFO - Started process (PID=6411) to work on /home/ubuntu/venv/lib/python3.10/site-packages/airflow/example_dags/example_branch_datetime_operator.py
[2023-07-09T16:55:58.738+0000] {processor.py:743} INFO - Processing file /home/ubuntu/venv/lib/python3.10/site-packages/airflow/example_dags/example_branch_datetime_operator.py for tasks to queue
[2023-07-09T16:55:58.738+0000] {logging_mixin.py:137} INFO - [2023-07-09T16:55:58.738+0000] {dagbag.py:538} INFO - Filling up the DagBag from /home/ubuntu/venv/lib/python3.10/site-packages/airflow/example_dags/example_branch_datetime_operator.py
[2023-07-09T16:55:58.766+0000] {processor.py:753} INFO - DAG(s) dict_keys(['example_branch_datetime_operator', 'example_branch_datetime_operator_3', 'example_branch_datetime_operator_2']) retrieved from /home/ubuntu/venv/lib/python3.10/site-packages/airflow/example_dags/example_branch_datetime_operator.py
[2023-07-09T16:55:58.851+0000] {logging_mixin.py:137} INFO - [2023-07-09T16:55:58.851+0000] {dag.py:2676} INFO - Sync 3 DAGs
[2023-07-09T16:55:58.910+0000] {logging_mixin.py:137} INFO - [2023-07-09T16:55:58.910+0000] {dag.py:3423} INFO - Setting next_dagrun for example_branch_datetime_operator to 2023-07-08T00:00:00+00:00, run_after=2023-07-09T00:00:00+00:00
[2023-07-09T16:55:58.925+0000] {logging_mixin.py:137} INFO - [2023-07-09T16:55:58.925+0000] {dag.py:3423} INFO - Setting next_dagrun for example_branch_datetime_operator_2 to 2023-07-08T00:00:00+00:00, run_after=2023-07-09T00:00:00+00:00
[2023-07-09T16:55:58.937+0000] {logging_mixin.py:137} INFO - [2023-07-09T16:55:58.937+0000] {dag.py:3423} INFO - Setting next_dagrun for example_branch_datetime_operator_3 to 2023-07-08T00:00:00+00:00, run_after=2023-07-09T00:00:00+00:00
[2023-07-09T16:55:58.983+0000] {processor.py:175} INFO - Processing /home/ubuntu/venv/lib/python3.10/site-packages/airflow/example_dags/example_branch_datetime_operator.py took 0.252 seconds
[2023-07-09T16:56:29.357+0000] {processor.py:153} INFO - Started process (PID=6647) to work on /home/ubuntu/venv/lib/python3.10/site-packages/airflow/example_dags/example_branch_datetime_operator.py
[2023-07-09T16:56:29.358+0000] {processor.py:743} INFO - Processing file /home/ubuntu/venv/lib/python3.10/site-packages/airflow/example_dags/example_branch_datetime_operator.py for tasks to queue
[2023-07-09T16:56:29.358+0000] {logging_mixin.py:137} INFO - [2023-07-09T16:56:29.358+0000] {dagbag.py:538} INFO - Filling up the DagBag from /home/ubuntu/venv/lib/python3.10/site-packages/airflow/example_dags/example_branch_datetime_operator.py
[2023-07-09T16:56:29.384+0000] {processor.py:753} INFO - DAG(s) dict_keys(['example_branch_datetime_operator', 'example_branch_datetime_operator_2', 'example_branch_datetime_operator_3']) retrieved from /home/ubuntu/venv/lib/python3.10/site-packages/airflow/example_dags/example_branch_datetime_operator.py
[2023-07-09T16:56:29.460+0000] {logging_mixin.py:137} INFO - [2023-07-09T16:56:29.460+0000] {dag.py:2676} INFO - Sync 3 DAGs
[2023-07-09T16:56:29.497+0000] {logging_mixin.py:137} INFO - [2023-07-09T16:56:29.497+0000] {dag.py:3423} INFO - Setting next_dagrun for example_branch_datetime_operator to 2023-07-08T00:00:00+00:00, run_after=2023-07-09T00:00:00+00:00
[2023-07-09T16:56:29.505+0000] {logging_mixin.py:137} INFO - [2023-07-09T16:56:29.505+0000] {dag.py:3423} INFO - Setting next_dagrun for example_branch_datetime_operator_2 to 2023-07-08T00:00:00+00:00, run_after=2023-07-09T00:00:00+00:00
[2023-07-09T16:56:29.513+0000] {logging_mixin.py:137} INFO - [2023-07-09T16:56:29.513+0000] {dag.py:3423} INFO - Setting next_dagrun for example_branch_datetime_operator_3 to 2023-07-08T00:00:00+00:00, run_after=2023-07-09T00:00:00+00:00
[2023-07-09T16:56:29.559+0000] {processor.py:175} INFO - Processing /home/ubuntu/venv/lib/python3.10/site-packages/airflow/example_dags/example_branch_datetime_operator.py took 0.207 seconds
[2023-07-09T16:57:00.389+0000] {processor.py:153} INFO - Started process (PID=6902) to work on /home/ubuntu/venv/lib/python3.10/site-packages/airflow/example_dags/example_branch_datetime_operator.py
[2023-07-09T16:57:00.390+0000] {processor.py:743} INFO - Processing file /home/ubuntu/venv/lib/python3.10/site-packages/airflow/example_dags/example_branch_datetime_operator.py for tasks to queue
[2023-07-09T16:57:00.391+0000] {logging_mixin.py:137} INFO - [2023-07-09T16:57:00.391+0000] {dagbag.py:538} INFO - Filling up the DagBag from /home/ubuntu/venv/lib/python3.10/site-packages/airflow/example_dags/example_branch_datetime_operator.py
[2023-07-09T16:57:00.419+0000] {processor.py:753} INFO - DAG(s) dict_keys(['example_branch_datetime_operator_3', 'example_branch_datetime_operator_2', 'example_branch_datetime_operator']) retrieved from /home/ubuntu/venv/lib/python3.10/site-packages/airflow/example_dags/example_branch_datetime_operator.py
[2023-07-09T16:57:00.509+0000] {logging_mixin.py:137} INFO - [2023-07-09T16:57:00.508+0000] {dag.py:2676} INFO - Sync 3 DAGs
[2023-07-09T16:57:00.547+0000] {logging_mixin.py:137} INFO - [2023-07-09T16:57:00.547+0000] {dag.py:3423} INFO - Setting next_dagrun for example_branch_datetime_operator to 2023-07-08T00:00:00+00:00, run_after=2023-07-09T00:00:00+00:00
[2023-07-09T16:57:00.559+0000] {logging_mixin.py:137} INFO - [2023-07-09T16:57:00.558+0000] {dag.py:3423} INFO - Setting next_dagrun for example_branch_datetime_operator_2 to 2023-07-08T00:00:00+00:00, run_after=2023-07-09T00:00:00+00:00
[2023-07-09T16:57:00.563+0000] {logging_mixin.py:137} INFO - [2023-07-09T16:57:00.562+0000] {dag.py:3423} INFO - Setting next_dagrun for example_branch_datetime_operator_3 to 2023-07-08T00:00:00+00:00, run_after=2023-07-09T00:00:00+00:00
[2023-07-09T16:57:00.589+0000] {processor.py:175} INFO - Processing /home/ubuntu/venv/lib/python3.10/site-packages/airflow/example_dags/example_branch_datetime_operator.py took 0.205 seconds
[2023-07-09T16:57:30.797+0000] {processor.py:153} INFO - Started process (PID=7141) to work on /home/ubuntu/venv/lib/python3.10/site-packages/airflow/example_dags/example_branch_datetime_operator.py
[2023-07-09T16:57:30.798+0000] {processor.py:743} INFO - Processing file /home/ubuntu/venv/lib/python3.10/site-packages/airflow/example_dags/example_branch_datetime_operator.py for tasks to queue
[2023-07-09T16:57:30.799+0000] {logging_mixin.py:137} INFO - [2023-07-09T16:57:30.799+0000] {dagbag.py:538} INFO - Filling up the DagBag from /home/ubuntu/venv/lib/python3.10/site-packages/airflow/example_dags/example_branch_datetime_operator.py
[2023-07-09T16:57:30.817+0000] {processor.py:753} INFO - DAG(s) dict_keys(['example_branch_datetime_operator_2', 'example_branch_datetime_operator', 'example_branch_datetime_operator_3']) retrieved from /home/ubuntu/venv/lib/python3.10/site-packages/airflow/example_dags/example_branch_datetime_operator.py
[2023-07-09T16:57:30.878+0000] {logging_mixin.py:137} INFO - [2023-07-09T16:57:30.878+0000] {dag.py:2676} INFO - Sync 3 DAGs
[2023-07-09T16:57:30.908+0000] {logging_mixin.py:137} INFO - [2023-07-09T16:57:30.908+0000] {dag.py:3423} INFO - Setting next_dagrun for example_branch_datetime_operator to 2023-07-08T00:00:00+00:00, run_after=2023-07-09T00:00:00+00:00
[2023-07-09T16:57:30.914+0000] {logging_mixin.py:137} INFO - [2023-07-09T16:57:30.914+0000] {dag.py:3423} INFO - Setting next_dagrun for example_branch_datetime_operator_2 to 2023-07-08T00:00:00+00:00, run_after=2023-07-09T00:00:00+00:00
[2023-07-09T16:57:30.917+0000] {logging_mixin.py:137} INFO - [2023-07-09T16:57:30.917+0000] {dag.py:3423} INFO - Setting next_dagrun for example_branch_datetime_operator_3 to 2023-07-08T00:00:00+00:00, run_after=2023-07-09T00:00:00+00:00
[2023-07-09T16:57:30.937+0000] {processor.py:175} INFO - Processing /home/ubuntu/venv/lib/python3.10/site-packages/airflow/example_dags/example_branch_datetime_operator.py took 0.143 seconds
[2023-07-09T16:58:01.618+0000] {processor.py:153} INFO - Started process (PID=7374) to work on /home/ubuntu/venv/lib/python3.10/site-packages/airflow/example_dags/example_branch_datetime_operator.py
[2023-07-09T16:58:01.621+0000] {processor.py:743} INFO - Processing file /home/ubuntu/venv/lib/python3.10/site-packages/airflow/example_dags/example_branch_datetime_operator.py for tasks to queue
[2023-07-09T16:58:01.623+0000] {logging_mixin.py:137} INFO - [2023-07-09T16:58:01.623+0000] {dagbag.py:538} INFO - Filling up the DagBag from /home/ubuntu/venv/lib/python3.10/site-packages/airflow/example_dags/example_branch_datetime_operator.py
[2023-07-09T16:58:01.662+0000] {processor.py:753} INFO - DAG(s) dict_keys(['example_branch_datetime_operator', 'example_branch_datetime_operator_3', 'example_branch_datetime_operator_2']) retrieved from /home/ubuntu/venv/lib/python3.10/site-packages/airflow/example_dags/example_branch_datetime_operator.py
[2023-07-09T16:58:01.740+0000] {logging_mixin.py:137} INFO - [2023-07-09T16:58:01.740+0000] {dag.py:2676} INFO - Sync 3 DAGs
[2023-07-09T16:58:01.775+0000] {logging_mixin.py:137} INFO - [2023-07-09T16:58:01.775+0000] {dag.py:3423} INFO - Setting next_dagrun for example_branch_datetime_operator to 2023-07-08T00:00:00+00:00, run_after=2023-07-09T00:00:00+00:00
[2023-07-09T16:58:01.782+0000] {logging_mixin.py:137} INFO - [2023-07-09T16:58:01.782+0000] {dag.py:3423} INFO - Setting next_dagrun for example_branch_datetime_operator_2 to 2023-07-08T00:00:00+00:00, run_after=2023-07-09T00:00:00+00:00
[2023-07-09T16:58:01.786+0000] {logging_mixin.py:137} INFO - [2023-07-09T16:58:01.786+0000] {dag.py:3423} INFO - Setting next_dagrun for example_branch_datetime_operator_3 to 2023-07-08T00:00:00+00:00, run_after=2023-07-09T00:00:00+00:00
[2023-07-09T16:58:01.809+0000] {processor.py:175} INFO - Processing /home/ubuntu/venv/lib/python3.10/site-packages/airflow/example_dags/example_branch_datetime_operator.py took 0.200 seconds
[2023-07-09T16:58:32.664+0000] {processor.py:153} INFO - Started process (PID=7609) to work on /home/ubuntu/venv/lib/python3.10/site-packages/airflow/example_dags/example_branch_datetime_operator.py
[2023-07-09T16:58:32.665+0000] {processor.py:743} INFO - Processing file /home/ubuntu/venv/lib/python3.10/site-packages/airflow/example_dags/example_branch_datetime_operator.py for tasks to queue
[2023-07-09T16:58:32.666+0000] {logging_mixin.py:137} INFO - [2023-07-09T16:58:32.666+0000] {dagbag.py:538} INFO - Filling up the DagBag from /home/ubuntu/venv/lib/python3.10/site-packages/airflow/example_dags/example_branch_datetime_operator.py
[2023-07-09T16:58:32.695+0000] {processor.py:753} INFO - DAG(s) dict_keys(['example_branch_datetime_operator', 'example_branch_datetime_operator_2', 'example_branch_datetime_operator_3']) retrieved from /home/ubuntu/venv/lib/python3.10/site-packages/airflow/example_dags/example_branch_datetime_operator.py
[2023-07-09T16:58:32.793+0000] {logging_mixin.py:137} INFO - [2023-07-09T16:58:32.792+0000] {dag.py:2676} INFO - Sync 3 DAGs
[2023-07-09T16:58:32.824+0000] {logging_mixin.py:137} INFO - [2023-07-09T16:58:32.824+0000] {dag.py:3423} INFO - Setting next_dagrun for example_branch_datetime_operator to 2023-07-08T00:00:00+00:00, run_after=2023-07-09T00:00:00+00:00
[2023-07-09T16:58:32.830+0000] {logging_mixin.py:137} INFO - [2023-07-09T16:58:32.830+0000] {dag.py:3423} INFO - Setting next_dagrun for example_branch_datetime_operator_2 to 2023-07-08T00:00:00+00:00, run_after=2023-07-09T00:00:00+00:00
[2023-07-09T16:58:32.834+0000] {logging_mixin.py:137} INFO - [2023-07-09T16:58:32.833+0000] {dag.py:3423} INFO - Setting next_dagrun for example_branch_datetime_operator_3 to 2023-07-08T00:00:00+00:00, run_after=2023-07-09T00:00:00+00:00
[2023-07-09T16:58:32.853+0000] {processor.py:175} INFO - Processing /home/ubuntu/venv/lib/python3.10/site-packages/airflow/example_dags/example_branch_datetime_operator.py took 0.193 seconds
[2023-07-09T16:59:06.256+0000] {processor.py:153} INFO - Started process (PID=7847) to work on /home/ubuntu/venv/lib/python3.10/site-packages/airflow/example_dags/example_branch_datetime_operator.py
[2023-07-09T16:59:06.257+0000] {processor.py:743} INFO - Processing file /home/ubuntu/venv/lib/python3.10/site-packages/airflow/example_dags/example_branch_datetime_operator.py for tasks to queue
[2023-07-09T16:59:06.258+0000] {logging_mixin.py:137} INFO - [2023-07-09T16:59:06.258+0000] {dagbag.py:538} INFO - Filling up the DagBag from /home/ubuntu/venv/lib/python3.10/site-packages/airflow/example_dags/example_branch_datetime_operator.py
[2023-07-09T16:59:06.283+0000] {processor.py:753} INFO - DAG(s) dict_keys(['example_branch_datetime_operator', 'example_branch_datetime_operator_3', 'example_branch_datetime_operator_2']) retrieved from /home/ubuntu/venv/lib/python3.10/site-packages/airflow/example_dags/example_branch_datetime_operator.py
[2023-07-09T16:59:06.345+0000] {logging_mixin.py:137} INFO - [2023-07-09T16:59:06.345+0000] {dag.py:2676} INFO - Sync 3 DAGs
[2023-07-09T16:59:06.368+0000] {logging_mixin.py:137} INFO - [2023-07-09T16:59:06.367+0000] {dag.py:3423} INFO - Setting next_dagrun for example_branch_datetime_operator to 2023-07-08T00:00:00+00:00, run_after=2023-07-09T00:00:00+00:00
[2023-07-09T16:59:06.374+0000] {logging_mixin.py:137} INFO - [2023-07-09T16:59:06.374+0000] {dag.py:3423} INFO - Setting next_dagrun for example_branch_datetime_operator_2 to 2023-07-08T00:00:00+00:00, run_after=2023-07-09T00:00:00+00:00
[2023-07-09T16:59:06.376+0000] {logging_mixin.py:137} INFO - [2023-07-09T16:59:06.376+0000] {dag.py:3423} INFO - Setting next_dagrun for example_branch_datetime_operator_3 to 2023-07-08T00:00:00+00:00, run_after=2023-07-09T00:00:00+00:00
[2023-07-09T16:59:06.552+0000] {processor.py:175} INFO - Processing /home/ubuntu/venv/lib/python3.10/site-packages/airflow/example_dags/example_branch_datetime_operator.py took 0.300 seconds
[2023-07-09T16:59:37.276+0000] {processor.py:153} INFO - Started process (PID=8084) to work on /home/ubuntu/venv/lib/python3.10/site-packages/airflow/example_dags/example_branch_datetime_operator.py
[2023-07-09T16:59:37.278+0000] {processor.py:743} INFO - Processing file /home/ubuntu/venv/lib/python3.10/site-packages/airflow/example_dags/example_branch_datetime_operator.py for tasks to queue
[2023-07-09T16:59:37.279+0000] {logging_mixin.py:137} INFO - [2023-07-09T16:59:37.279+0000] {dagbag.py:538} INFO - Filling up the DagBag from /home/ubuntu/venv/lib/python3.10/site-packages/airflow/example_dags/example_branch_datetime_operator.py
[2023-07-09T16:59:37.307+0000] {processor.py:753} INFO - DAG(s) dict_keys(['example_branch_datetime_operator_2', 'example_branch_datetime_operator_3', 'example_branch_datetime_operator']) retrieved from /home/ubuntu/venv/lib/python3.10/site-packages/airflow/example_dags/example_branch_datetime_operator.py
[2023-07-09T16:59:37.384+0000] {logging_mixin.py:137} INFO - [2023-07-09T16:59:37.384+0000] {dag.py:2676} INFO - Sync 3 DAGs
[2023-07-09T16:59:37.559+0000] {logging_mixin.py:137} INFO - [2023-07-09T16:59:37.559+0000] {dag.py:3423} INFO - Setting next_dagrun for example_branch_datetime_operator to 2023-07-08T00:00:00+00:00, run_after=2023-07-09T00:00:00+00:00
[2023-07-09T16:59:37.565+0000] {logging_mixin.py:137} INFO - [2023-07-09T16:59:37.565+0000] {dag.py:3423} INFO - Setting next_dagrun for example_branch_datetime_operator_2 to 2023-07-08T00:00:00+00:00, run_after=2023-07-09T00:00:00+00:00
[2023-07-09T16:59:37.567+0000] {logging_mixin.py:137} INFO - [2023-07-09T16:59:37.567+0000] {dag.py:3423} INFO - Setting next_dagrun for example_branch_datetime_operator_3 to 2023-07-08T00:00:00+00:00, run_after=2023-07-09T00:00:00+00:00
[2023-07-09T16:59:37.584+0000] {processor.py:175} INFO - Processing /home/ubuntu/venv/lib/python3.10/site-packages/airflow/example_dags/example_branch_datetime_operator.py took 0.313 seconds
[2023-07-09T17:00:33.560+0000] {processor.py:153} INFO - Started process (PID=8748) to work on /home/ubuntu/venv/lib/python3.10/site-packages/airflow/example_dags/example_branch_datetime_operator.py
[2023-07-09T17:00:33.562+0000] {processor.py:743} INFO - Processing file /home/ubuntu/venv/lib/python3.10/site-packages/airflow/example_dags/example_branch_datetime_operator.py for tasks to queue
[2023-07-09T17:00:33.564+0000] {logging_mixin.py:137} INFO - [2023-07-09T17:00:33.563+0000] {dagbag.py:538} INFO - Filling up the DagBag from /home/ubuntu/venv/lib/python3.10/site-packages/airflow/example_dags/example_branch_datetime_operator.py
[2023-07-09T17:00:33.600+0000] {processor.py:753} INFO - DAG(s) dict_keys(['example_branch_datetime_operator_3', 'example_branch_datetime_operator_2', 'example_branch_datetime_operator']) retrieved from /home/ubuntu/venv/lib/python3.10/site-packages/airflow/example_dags/example_branch_datetime_operator.py
[2023-07-09T17:00:33.669+0000] {logging_mixin.py:137} INFO - [2023-07-09T17:00:33.669+0000] {dag.py:2676} INFO - Sync 3 DAGs
[2023-07-09T17:00:33.697+0000] {logging_mixin.py:137} INFO - [2023-07-09T17:00:33.697+0000] {dag.py:3423} INFO - Setting next_dagrun for example_branch_datetime_operator to 2023-07-08T00:00:00+00:00, run_after=2023-07-09T00:00:00+00:00
[2023-07-09T17:00:33.702+0000] {logging_mixin.py:137} INFO - [2023-07-09T17:00:33.702+0000] {dag.py:3423} INFO - Setting next_dagrun for example_branch_datetime_operator_2 to 2023-07-08T00:00:00+00:00, run_after=2023-07-09T00:00:00+00:00
[2023-07-09T17:00:33.704+0000] {logging_mixin.py:137} INFO - [2023-07-09T17:00:33.704+0000] {dag.py:3423} INFO - Setting next_dagrun for example_branch_datetime_operator_3 to 2023-07-08T00:00:00+00:00, run_after=2023-07-09T00:00:00+00:00
[2023-07-09T17:00:33.721+0000] {processor.py:175} INFO - Processing /home/ubuntu/venv/lib/python3.10/site-packages/airflow/example_dags/example_branch_datetime_operator.py took 0.170 seconds
[2023-07-09T17:01:05.034+0000] {processor.py:153} INFO - Started process (PID=9006) to work on /home/ubuntu/venv/lib/python3.10/site-packages/airflow/example_dags/example_branch_datetime_operator.py
[2023-07-09T17:01:05.035+0000] {processor.py:743} INFO - Processing file /home/ubuntu/venv/lib/python3.10/site-packages/airflow/example_dags/example_branch_datetime_operator.py for tasks to queue
[2023-07-09T17:01:05.036+0000] {logging_mixin.py:137} INFO - [2023-07-09T17:01:05.036+0000] {dagbag.py:538} INFO - Filling up the DagBag from /home/ubuntu/venv/lib/python3.10/site-packages/airflow/example_dags/example_branch_datetime_operator.py
[2023-07-09T17:01:05.065+0000] {processor.py:753} INFO - DAG(s) dict_keys(['example_branch_datetime_operator', 'example_branch_datetime_operator_3', 'example_branch_datetime_operator_2']) retrieved from /home/ubuntu/venv/lib/python3.10/site-packages/airflow/example_dags/example_branch_datetime_operator.py
[2023-07-09T17:01:05.140+0000] {logging_mixin.py:137} INFO - [2023-07-09T17:01:05.139+0000] {dag.py:2676} INFO - Sync 3 DAGs
[2023-07-09T17:01:05.171+0000] {logging_mixin.py:137} INFO - [2023-07-09T17:01:05.170+0000] {dag.py:3423} INFO - Setting next_dagrun for example_branch_datetime_operator to 2023-07-08T00:00:00+00:00, run_after=2023-07-09T00:00:00+00:00
[2023-07-09T17:01:05.178+0000] {logging_mixin.py:137} INFO - [2023-07-09T17:01:05.178+0000] {dag.py:3423} INFO - Setting next_dagrun for example_branch_datetime_operator_2 to 2023-07-08T00:00:00+00:00, run_after=2023-07-09T00:00:00+00:00
[2023-07-09T17:01:05.182+0000] {logging_mixin.py:137} INFO - [2023-07-09T17:01:05.182+0000] {dag.py:3423} INFO - Setting next_dagrun for example_branch_datetime_operator_3 to 2023-07-08T00:00:00+00:00, run_after=2023-07-09T00:00:00+00:00
[2023-07-09T17:01:05.204+0000] {processor.py:175} INFO - Processing /home/ubuntu/venv/lib/python3.10/site-packages/airflow/example_dags/example_branch_datetime_operator.py took 0.175 seconds
[2023-07-09T17:01:35.839+0000] {processor.py:153} INFO - Started process (PID=9242) to work on /home/ubuntu/venv/lib/python3.10/site-packages/airflow/example_dags/example_branch_datetime_operator.py
[2023-07-09T17:01:35.845+0000] {processor.py:743} INFO - Processing file /home/ubuntu/venv/lib/python3.10/site-packages/airflow/example_dags/example_branch_datetime_operator.py for tasks to queue
[2023-07-09T17:01:35.846+0000] {logging_mixin.py:137} INFO - [2023-07-09T17:01:35.846+0000] {dagbag.py:538} INFO - Filling up the DagBag from /home/ubuntu/venv/lib/python3.10/site-packages/airflow/example_dags/example_branch_datetime_operator.py
[2023-07-09T17:01:35.883+0000] {processor.py:753} INFO - DAG(s) dict_keys(['example_branch_datetime_operator', 'example_branch_datetime_operator_2', 'example_branch_datetime_operator_3']) retrieved from /home/ubuntu/venv/lib/python3.10/site-packages/airflow/example_dags/example_branch_datetime_operator.py
[2023-07-09T17:01:35.952+0000] {logging_mixin.py:137} INFO - [2023-07-09T17:01:35.952+0000] {dag.py:2676} INFO - Sync 3 DAGs
[2023-07-09T17:01:35.986+0000] {logging_mixin.py:137} INFO - [2023-07-09T17:01:35.986+0000] {dag.py:3423} INFO - Setting next_dagrun for example_branch_datetime_operator to 2023-07-08T00:00:00+00:00, run_after=2023-07-09T00:00:00+00:00
[2023-07-09T17:01:35.993+0000] {logging_mixin.py:137} INFO - [2023-07-09T17:01:35.993+0000] {dag.py:3423} INFO - Setting next_dagrun for example_branch_datetime_operator_2 to 2023-07-08T00:00:00+00:00, run_after=2023-07-09T00:00:00+00:00
[2023-07-09T17:01:35.996+0000] {logging_mixin.py:137} INFO - [2023-07-09T17:01:35.995+0000] {dag.py:3423} INFO - Setting next_dagrun for example_branch_datetime_operator_3 to 2023-07-08T00:00:00+00:00, run_after=2023-07-09T00:00:00+00:00
[2023-07-09T17:01:36.036+0000] {processor.py:175} INFO - Processing /home/ubuntu/venv/lib/python3.10/site-packages/airflow/example_dags/example_branch_datetime_operator.py took 0.211 seconds
[2023-07-09T17:02:06.932+0000] {processor.py:153} INFO - Started process (PID=9498) to work on /home/ubuntu/venv/lib/python3.10/site-packages/airflow/example_dags/example_branch_datetime_operator.py
[2023-07-09T17:02:06.933+0000] {processor.py:743} INFO - Processing file /home/ubuntu/venv/lib/python3.10/site-packages/airflow/example_dags/example_branch_datetime_operator.py for tasks to queue
[2023-07-09T17:02:06.934+0000] {logging_mixin.py:137} INFO - [2023-07-09T17:02:06.934+0000] {dagbag.py:538} INFO - Filling up the DagBag from /home/ubuntu/venv/lib/python3.10/site-packages/airflow/example_dags/example_branch_datetime_operator.py
[2023-07-09T17:02:06.959+0000] {processor.py:753} INFO - DAG(s) dict_keys(['example_branch_datetime_operator_3', 'example_branch_datetime_operator_2', 'example_branch_datetime_operator']) retrieved from /home/ubuntu/venv/lib/python3.10/site-packages/airflow/example_dags/example_branch_datetime_operator.py
[2023-07-09T17:02:07.026+0000] {logging_mixin.py:137} INFO - [2023-07-09T17:02:07.026+0000] {dag.py:2676} INFO - Sync 3 DAGs
[2023-07-09T17:02:07.050+0000] {logging_mixin.py:137} INFO - [2023-07-09T17:02:07.050+0000] {dag.py:3423} INFO - Setting next_dagrun for example_branch_datetime_operator to 2023-07-08T00:00:00+00:00, run_after=2023-07-09T00:00:00+00:00
[2023-07-09T17:02:07.056+0000] {logging_mixin.py:137} INFO - [2023-07-09T17:02:07.056+0000] {dag.py:3423} INFO - Setting next_dagrun for example_branch_datetime_operator_2 to 2023-07-08T00:00:00+00:00, run_after=2023-07-09T00:00:00+00:00
[2023-07-09T17:02:07.059+0000] {logging_mixin.py:137} INFO - [2023-07-09T17:02:07.059+0000] {dag.py:3423} INFO - Setting next_dagrun for example_branch_datetime_operator_3 to 2023-07-08T00:00:00+00:00, run_after=2023-07-09T00:00:00+00:00
[2023-07-09T17:02:07.083+0000] {processor.py:175} INFO - Processing /home/ubuntu/venv/lib/python3.10/site-packages/airflow/example_dags/example_branch_datetime_operator.py took 0.156 seconds
[2023-07-09T17:02:37.818+0000] {processor.py:153} INFO - Started process (PID=9733) to work on /home/ubuntu/venv/lib/python3.10/site-packages/airflow/example_dags/example_branch_datetime_operator.py
[2023-07-09T17:02:37.819+0000] {processor.py:743} INFO - Processing file /home/ubuntu/venv/lib/python3.10/site-packages/airflow/example_dags/example_branch_datetime_operator.py for tasks to queue
[2023-07-09T17:02:37.820+0000] {logging_mixin.py:137} INFO - [2023-07-09T17:02:37.820+0000] {dagbag.py:538} INFO - Filling up the DagBag from /home/ubuntu/venv/lib/python3.10/site-packages/airflow/example_dags/example_branch_datetime_operator.py
[2023-07-09T17:02:37.841+0000] {processor.py:753} INFO - DAG(s) dict_keys(['example_branch_datetime_operator_3', 'example_branch_datetime_operator', 'example_branch_datetime_operator_2']) retrieved from /home/ubuntu/venv/lib/python3.10/site-packages/airflow/example_dags/example_branch_datetime_operator.py
[2023-07-09T17:02:37.896+0000] {logging_mixin.py:137} INFO - [2023-07-09T17:02:37.896+0000] {dag.py:2676} INFO - Sync 3 DAGs
[2023-07-09T17:02:37.923+0000] {logging_mixin.py:137} INFO - [2023-07-09T17:02:37.923+0000] {dag.py:3423} INFO - Setting next_dagrun for example_branch_datetime_operator to 2023-07-08T00:00:00+00:00, run_after=2023-07-09T00:00:00+00:00
[2023-07-09T17:02:37.928+0000] {logging_mixin.py:137} INFO - [2023-07-09T17:02:37.927+0000] {dag.py:3423} INFO - Setting next_dagrun for example_branch_datetime_operator_2 to 2023-07-08T00:00:00+00:00, run_after=2023-07-09T00:00:00+00:00
[2023-07-09T17:02:37.930+0000] {logging_mixin.py:137} INFO - [2023-07-09T17:02:37.930+0000] {dag.py:3423} INFO - Setting next_dagrun for example_branch_datetime_operator_3 to 2023-07-08T00:00:00+00:00, run_after=2023-07-09T00:00:00+00:00
[2023-07-09T17:02:37.946+0000] {processor.py:175} INFO - Processing /home/ubuntu/venv/lib/python3.10/site-packages/airflow/example_dags/example_branch_datetime_operator.py took 0.132 seconds
[2023-07-09T17:03:08.682+0000] {processor.py:153} INFO - Started process (PID=9968) to work on /home/ubuntu/venv/lib/python3.10/site-packages/airflow/example_dags/example_branch_datetime_operator.py
[2023-07-09T17:03:08.683+0000] {processor.py:743} INFO - Processing file /home/ubuntu/venv/lib/python3.10/site-packages/airflow/example_dags/example_branch_datetime_operator.py for tasks to queue
[2023-07-09T17:03:08.684+0000] {logging_mixin.py:137} INFO - [2023-07-09T17:03:08.684+0000] {dagbag.py:538} INFO - Filling up the DagBag from /home/ubuntu/venv/lib/python3.10/site-packages/airflow/example_dags/example_branch_datetime_operator.py
[2023-07-09T17:03:08.715+0000] {processor.py:753} INFO - DAG(s) dict_keys(['example_branch_datetime_operator_3', 'example_branch_datetime_operator_2', 'example_branch_datetime_operator']) retrieved from /home/ubuntu/venv/lib/python3.10/site-packages/airflow/example_dags/example_branch_datetime_operator.py
[2023-07-09T17:03:08.800+0000] {logging_mixin.py:137} INFO - [2023-07-09T17:03:08.800+0000] {dag.py:2676} INFO - Sync 3 DAGs
[2023-07-09T17:03:08.834+0000] {logging_mixin.py:137} INFO - [2023-07-09T17:03:08.834+0000] {dag.py:3423} INFO - Setting next_dagrun for example_branch_datetime_operator to 2023-07-08T00:00:00+00:00, run_after=2023-07-09T00:00:00+00:00
[2023-07-09T17:03:08.841+0000] {logging_mixin.py:137} INFO - [2023-07-09T17:03:08.841+0000] {dag.py:3423} INFO - Setting next_dagrun for example_branch_datetime_operator_2 to 2023-07-08T00:00:00+00:00, run_after=2023-07-09T00:00:00+00:00
[2023-07-09T17:03:08.845+0000] {logging_mixin.py:137} INFO - [2023-07-09T17:03:08.845+0000] {dag.py:3423} INFO - Setting next_dagrun for example_branch_datetime_operator_3 to 2023-07-08T00:00:00+00:00, run_after=2023-07-09T00:00:00+00:00
[2023-07-09T17:03:08.865+0000] {processor.py:175} INFO - Processing /home/ubuntu/venv/lib/python3.10/site-packages/airflow/example_dags/example_branch_datetime_operator.py took 0.187 seconds
[2023-07-09T17:03:39.557+0000] {processor.py:153} INFO - Started process (PID=10204) to work on /home/ubuntu/venv/lib/python3.10/site-packages/airflow/example_dags/example_branch_datetime_operator.py
[2023-07-09T17:03:39.558+0000] {processor.py:743} INFO - Processing file /home/ubuntu/venv/lib/python3.10/site-packages/airflow/example_dags/example_branch_datetime_operator.py for tasks to queue
[2023-07-09T17:03:39.559+0000] {logging_mixin.py:137} INFO - [2023-07-09T17:03:39.559+0000] {dagbag.py:538} INFO - Filling up the DagBag from /home/ubuntu/venv/lib/python3.10/site-packages/airflow/example_dags/example_branch_datetime_operator.py
[2023-07-09T17:03:39.583+0000] {processor.py:753} INFO - DAG(s) dict_keys(['example_branch_datetime_operator_2', 'example_branch_datetime_operator_3', 'example_branch_datetime_operator']) retrieved from /home/ubuntu/venv/lib/python3.10/site-packages/airflow/example_dags/example_branch_datetime_operator.py
[2023-07-09T17:03:39.657+0000] {logging_mixin.py:137} INFO - [2023-07-09T17:03:39.656+0000] {dag.py:2676} INFO - Sync 3 DAGs
[2023-07-09T17:03:39.687+0000] {logging_mixin.py:137} INFO - [2023-07-09T17:03:39.687+0000] {dag.py:3423} INFO - Setting next_dagrun for example_branch_datetime_operator to 2023-07-08T00:00:00+00:00, run_after=2023-07-09T00:00:00+00:00
[2023-07-09T17:03:39.692+0000] {logging_mixin.py:137} INFO - [2023-07-09T17:03:39.692+0000] {dag.py:3423} INFO - Setting next_dagrun for example_branch_datetime_operator_2 to 2023-07-08T00:00:00+00:00, run_after=2023-07-09T00:00:00+00:00
[2023-07-09T17:03:39.696+0000] {logging_mixin.py:137} INFO - [2023-07-09T17:03:39.695+0000] {dag.py:3423} INFO - Setting next_dagrun for example_branch_datetime_operator_3 to 2023-07-08T00:00:00+00:00, run_after=2023-07-09T00:00:00+00:00
[2023-07-09T17:03:39.714+0000] {processor.py:175} INFO - Processing /home/ubuntu/venv/lib/python3.10/site-packages/airflow/example_dags/example_branch_datetime_operator.py took 0.161 seconds
[2023-07-09T17:04:10.584+0000] {processor.py:153} INFO - Started process (PID=10440) to work on /home/ubuntu/venv/lib/python3.10/site-packages/airflow/example_dags/example_branch_datetime_operator.py
[2023-07-09T17:04:10.585+0000] {processor.py:743} INFO - Processing file /home/ubuntu/venv/lib/python3.10/site-packages/airflow/example_dags/example_branch_datetime_operator.py for tasks to queue
[2023-07-09T17:04:10.586+0000] {logging_mixin.py:137} INFO - [2023-07-09T17:04:10.586+0000] {dagbag.py:538} INFO - Filling up the DagBag from /home/ubuntu/venv/lib/python3.10/site-packages/airflow/example_dags/example_branch_datetime_operator.py
[2023-07-09T17:04:10.621+0000] {processor.py:753} INFO - DAG(s) dict_keys(['example_branch_datetime_operator_2', 'example_branch_datetime_operator', 'example_branch_datetime_operator_3']) retrieved from /home/ubuntu/venv/lib/python3.10/site-packages/airflow/example_dags/example_branch_datetime_operator.py
[2023-07-09T17:04:10.689+0000] {logging_mixin.py:137} INFO - [2023-07-09T17:04:10.689+0000] {dag.py:2676} INFO - Sync 3 DAGs
[2023-07-09T17:04:10.716+0000] {logging_mixin.py:137} INFO - [2023-07-09T17:04:10.716+0000] {dag.py:3423} INFO - Setting next_dagrun for example_branch_datetime_operator to 2023-07-08T00:00:00+00:00, run_after=2023-07-09T00:00:00+00:00
[2023-07-09T17:04:10.721+0000] {logging_mixin.py:137} INFO - [2023-07-09T17:04:10.721+0000] {dag.py:3423} INFO - Setting next_dagrun for example_branch_datetime_operator_2 to 2023-07-08T00:00:00+00:00, run_after=2023-07-09T00:00:00+00:00
[2023-07-09T17:04:10.724+0000] {logging_mixin.py:137} INFO - [2023-07-09T17:04:10.724+0000] {dag.py:3423} INFO - Setting next_dagrun for example_branch_datetime_operator_3 to 2023-07-08T00:00:00+00:00, run_after=2023-07-09T00:00:00+00:00
[2023-07-09T17:04:10.743+0000] {processor.py:175} INFO - Processing /home/ubuntu/venv/lib/python3.10/site-packages/airflow/example_dags/example_branch_datetime_operator.py took 0.164 seconds
[2023-07-09T17:04:43.359+0000] {processor.py:153} INFO - Started process (PID=10674) to work on /home/ubuntu/venv/lib/python3.10/site-packages/airflow/example_dags/example_branch_datetime_operator.py
[2023-07-09T17:04:43.360+0000] {processor.py:743} INFO - Processing file /home/ubuntu/venv/lib/python3.10/site-packages/airflow/example_dags/example_branch_datetime_operator.py for tasks to queue
[2023-07-09T17:04:43.361+0000] {logging_mixin.py:137} INFO - [2023-07-09T17:04:43.361+0000] {dagbag.py:538} INFO - Filling up the DagBag from /home/ubuntu/venv/lib/python3.10/site-packages/airflow/example_dags/example_branch_datetime_operator.py
[2023-07-09T17:04:43.386+0000] {processor.py:753} INFO - DAG(s) dict_keys(['example_branch_datetime_operator_2', 'example_branch_datetime_operator', 'example_branch_datetime_operator_3']) retrieved from /home/ubuntu/venv/lib/python3.10/site-packages/airflow/example_dags/example_branch_datetime_operator.py
[2023-07-09T17:04:43.461+0000] {logging_mixin.py:137} INFO - [2023-07-09T17:04:43.460+0000] {dag.py:2676} INFO - Sync 3 DAGs
[2023-07-09T17:04:43.497+0000] {logging_mixin.py:137} INFO - [2023-07-09T17:04:43.496+0000] {dag.py:3423} INFO - Setting next_dagrun for example_branch_datetime_operator to 2023-07-08T00:00:00+00:00, run_after=2023-07-09T00:00:00+00:00
[2023-07-09T17:04:43.506+0000] {logging_mixin.py:137} INFO - [2023-07-09T17:04:43.506+0000] {dag.py:3423} INFO - Setting next_dagrun for example_branch_datetime_operator_2 to 2023-07-08T00:00:00+00:00, run_after=2023-07-09T00:00:00+00:00
[2023-07-09T17:04:43.510+0000] {logging_mixin.py:137} INFO - [2023-07-09T17:04:43.510+0000] {dag.py:3423} INFO - Setting next_dagrun for example_branch_datetime_operator_3 to 2023-07-08T00:00:00+00:00, run_after=2023-07-09T00:00:00+00:00
[2023-07-09T17:04:43.714+0000] {processor.py:175} INFO - Processing /home/ubuntu/venv/lib/python3.10/site-packages/airflow/example_dags/example_branch_datetime_operator.py took 0.361 seconds
[2023-07-09T17:06:05.793+0000] {processor.py:153} INFO - Started process (PID=11248) to work on /home/ubuntu/venv/lib/python3.10/site-packages/airflow/example_dags/example_branch_datetime_operator.py
[2023-07-09T17:06:05.795+0000] {processor.py:743} INFO - Processing file /home/ubuntu/venv/lib/python3.10/site-packages/airflow/example_dags/example_branch_datetime_operator.py for tasks to queue
[2023-07-09T17:06:05.796+0000] {logging_mixin.py:137} INFO - [2023-07-09T17:06:05.796+0000] {dagbag.py:538} INFO - Filling up the DagBag from /home/ubuntu/venv/lib/python3.10/site-packages/airflow/example_dags/example_branch_datetime_operator.py
[2023-07-09T17:06:05.820+0000] {processor.py:753} INFO - DAG(s) dict_keys(['example_branch_datetime_operator_3', 'example_branch_datetime_operator', 'example_branch_datetime_operator_2']) retrieved from /home/ubuntu/venv/lib/python3.10/site-packages/airflow/example_dags/example_branch_datetime_operator.py
[2023-07-09T17:06:05.877+0000] {logging_mixin.py:137} INFO - [2023-07-09T17:06:05.877+0000] {dag.py:2676} INFO - Sync 3 DAGs
[2023-07-09T17:06:05.914+0000] {logging_mixin.py:137} INFO - [2023-07-09T17:06:05.914+0000] {dag.py:3423} INFO - Setting next_dagrun for example_branch_datetime_operator to 2023-07-08T00:00:00+00:00, run_after=2023-07-09T00:00:00+00:00
[2023-07-09T17:06:05.919+0000] {logging_mixin.py:137} INFO - [2023-07-09T17:06:05.919+0000] {dag.py:3423} INFO - Setting next_dagrun for example_branch_datetime_operator_2 to 2023-07-08T00:00:00+00:00, run_after=2023-07-09T00:00:00+00:00
[2023-07-09T17:06:05.922+0000] {logging_mixin.py:137} INFO - [2023-07-09T17:06:05.922+0000] {dag.py:3423} INFO - Setting next_dagrun for example_branch_datetime_operator_3 to 2023-07-08T00:00:00+00:00, run_after=2023-07-09T00:00:00+00:00
[2023-07-09T17:06:05.940+0000] {processor.py:175} INFO - Processing /home/ubuntu/venv/lib/python3.10/site-packages/airflow/example_dags/example_branch_datetime_operator.py took 0.150 seconds
[2023-07-09T17:06:36.638+0000] {processor.py:153} INFO - Started process (PID=11504) to work on /home/ubuntu/venv/lib/python3.10/site-packages/airflow/example_dags/example_branch_datetime_operator.py
[2023-07-09T17:06:36.639+0000] {processor.py:743} INFO - Processing file /home/ubuntu/venv/lib/python3.10/site-packages/airflow/example_dags/example_branch_datetime_operator.py for tasks to queue
[2023-07-09T17:06:36.640+0000] {logging_mixin.py:137} INFO - [2023-07-09T17:06:36.640+0000] {dagbag.py:538} INFO - Filling up the DagBag from /home/ubuntu/venv/lib/python3.10/site-packages/airflow/example_dags/example_branch_datetime_operator.py
[2023-07-09T17:06:36.664+0000] {processor.py:753} INFO - DAG(s) dict_keys(['example_branch_datetime_operator_2', 'example_branch_datetime_operator_3', 'example_branch_datetime_operator']) retrieved from /home/ubuntu/venv/lib/python3.10/site-packages/airflow/example_dags/example_branch_datetime_operator.py
[2023-07-09T17:06:36.728+0000] {logging_mixin.py:137} INFO - [2023-07-09T17:06:36.728+0000] {dag.py:2676} INFO - Sync 3 DAGs
[2023-07-09T17:06:36.755+0000] {logging_mixin.py:137} INFO - [2023-07-09T17:06:36.755+0000] {dag.py:3423} INFO - Setting next_dagrun for example_branch_datetime_operator to 2023-07-08T00:00:00+00:00, run_after=2023-07-09T00:00:00+00:00
[2023-07-09T17:06:36.762+0000] {logging_mixin.py:137} INFO - [2023-07-09T17:06:36.762+0000] {dag.py:3423} INFO - Setting next_dagrun for example_branch_datetime_operator_2 to 2023-07-08T00:00:00+00:00, run_after=2023-07-09T00:00:00+00:00
[2023-07-09T17:06:36.765+0000] {logging_mixin.py:137} INFO - [2023-07-09T17:06:36.764+0000] {dag.py:3423} INFO - Setting next_dagrun for example_branch_datetime_operator_3 to 2023-07-08T00:00:00+00:00, run_after=2023-07-09T00:00:00+00:00
[2023-07-09T17:06:36.783+0000] {processor.py:175} INFO - Processing /home/ubuntu/venv/lib/python3.10/site-packages/airflow/example_dags/example_branch_datetime_operator.py took 0.149 seconds
[2023-07-09T17:07:30.197+0000] {processor.py:153} INFO - Started process (PID=11978) to work on /home/ubuntu/venv/lib/python3.10/site-packages/airflow/example_dags/example_branch_datetime_operator.py
[2023-07-09T17:07:30.201+0000] {processor.py:743} INFO - Processing file /home/ubuntu/venv/lib/python3.10/site-packages/airflow/example_dags/example_branch_datetime_operator.py for tasks to queue
[2023-07-09T17:07:30.202+0000] {logging_mixin.py:137} INFO - [2023-07-09T17:07:30.202+0000] {dagbag.py:538} INFO - Filling up the DagBag from /home/ubuntu/venv/lib/python3.10/site-packages/airflow/example_dags/example_branch_datetime_operator.py
[2023-07-09T17:07:30.237+0000] {processor.py:753} INFO - DAG(s) dict_keys(['example_branch_datetime_operator', 'example_branch_datetime_operator_3', 'example_branch_datetime_operator_2']) retrieved from /home/ubuntu/venv/lib/python3.10/site-packages/airflow/example_dags/example_branch_datetime_operator.py
[2023-07-09T17:07:30.411+0000] {logging_mixin.py:137} INFO - [2023-07-09T17:07:30.410+0000] {dag.py:2676} INFO - Sync 3 DAGs
[2023-07-09T17:07:30.500+0000] {logging_mixin.py:137} INFO - [2023-07-09T17:07:30.500+0000] {dag.py:3423} INFO - Setting next_dagrun for example_branch_datetime_operator to 2023-07-08T00:00:00+00:00, run_after=2023-07-09T00:00:00+00:00
[2023-07-09T17:07:30.507+0000] {logging_mixin.py:137} INFO - [2023-07-09T17:07:30.506+0000] {dag.py:3423} INFO - Setting next_dagrun for example_branch_datetime_operator_2 to 2023-07-08T00:00:00+00:00, run_after=2023-07-09T00:00:00+00:00
[2023-07-09T17:07:30.510+0000] {logging_mixin.py:137} INFO - [2023-07-09T17:07:30.510+0000] {dag.py:3423} INFO - Setting next_dagrun for example_branch_datetime_operator_3 to 2023-07-08T00:00:00+00:00, run_after=2023-07-09T00:00:00+00:00
[2023-07-09T17:07:30.551+0000] {processor.py:175} INFO - Processing /home/ubuntu/venv/lib/python3.10/site-packages/airflow/example_dags/example_branch_datetime_operator.py took 0.371 seconds
[2023-07-09T17:08:01.588+0000] {processor.py:153} INFO - Started process (PID=12234) to work on /home/ubuntu/venv/lib/python3.10/site-packages/airflow/example_dags/example_branch_datetime_operator.py
[2023-07-09T17:08:01.589+0000] {processor.py:743} INFO - Processing file /home/ubuntu/venv/lib/python3.10/site-packages/airflow/example_dags/example_branch_datetime_operator.py for tasks to queue
[2023-07-09T17:08:01.590+0000] {logging_mixin.py:137} INFO - [2023-07-09T17:08:01.590+0000] {dagbag.py:538} INFO - Filling up the DagBag from /home/ubuntu/venv/lib/python3.10/site-packages/airflow/example_dags/example_branch_datetime_operator.py
[2023-07-09T17:08:01.698+0000] {processor.py:753} INFO - DAG(s) dict_keys(['example_branch_datetime_operator_3', 'example_branch_datetime_operator_2', 'example_branch_datetime_operator']) retrieved from /home/ubuntu/venv/lib/python3.10/site-packages/airflow/example_dags/example_branch_datetime_operator.py
[2023-07-09T17:08:01.842+0000] {logging_mixin.py:137} INFO - [2023-07-09T17:08:01.842+0000] {dag.py:2676} INFO - Sync 3 DAGs
[2023-07-09T17:08:01.942+0000] {logging_mixin.py:137} INFO - [2023-07-09T17:08:01.942+0000] {dag.py:3423} INFO - Setting next_dagrun for example_branch_datetime_operator to 2023-07-08T00:00:00+00:00, run_after=2023-07-09T00:00:00+00:00
[2023-07-09T17:08:01.950+0000] {logging_mixin.py:137} INFO - [2023-07-09T17:08:01.950+0000] {dag.py:3423} INFO - Setting next_dagrun for example_branch_datetime_operator_2 to 2023-07-08T00:00:00+00:00, run_after=2023-07-09T00:00:00+00:00
[2023-07-09T17:08:01.955+0000] {logging_mixin.py:137} INFO - [2023-07-09T17:08:01.955+0000] {dag.py:3423} INFO - Setting next_dagrun for example_branch_datetime_operator_3 to 2023-07-08T00:00:00+00:00, run_after=2023-07-09T00:00:00+00:00
[2023-07-09T17:08:02.000+0000] {processor.py:175} INFO - Processing /home/ubuntu/venv/lib/python3.10/site-packages/airflow/example_dags/example_branch_datetime_operator.py took 0.421 seconds
[2023-07-09T17:08:32.394+0000] {processor.py:153} INFO - Started process (PID=12471) to work on /home/ubuntu/venv/lib/python3.10/site-packages/airflow/example_dags/example_branch_datetime_operator.py
[2023-07-09T17:08:32.395+0000] {processor.py:743} INFO - Processing file /home/ubuntu/venv/lib/python3.10/site-packages/airflow/example_dags/example_branch_datetime_operator.py for tasks to queue
[2023-07-09T17:08:32.396+0000] {logging_mixin.py:137} INFO - [2023-07-09T17:08:32.396+0000] {dagbag.py:538} INFO - Filling up the DagBag from /home/ubuntu/venv/lib/python3.10/site-packages/airflow/example_dags/example_branch_datetime_operator.py
[2023-07-09T17:08:32.421+0000] {processor.py:753} INFO - DAG(s) dict_keys(['example_branch_datetime_operator_3', 'example_branch_datetime_operator_2', 'example_branch_datetime_operator']) retrieved from /home/ubuntu/venv/lib/python3.10/site-packages/airflow/example_dags/example_branch_datetime_operator.py
[2023-07-09T17:08:32.488+0000] {logging_mixin.py:137} INFO - [2023-07-09T17:08:32.488+0000] {dag.py:2676} INFO - Sync 3 DAGs
[2023-07-09T17:08:32.529+0000] {logging_mixin.py:137} INFO - [2023-07-09T17:08:32.529+0000] {dag.py:3423} INFO - Setting next_dagrun for example_branch_datetime_operator to 2023-07-08T00:00:00+00:00, run_after=2023-07-09T00:00:00+00:00
[2023-07-09T17:08:32.535+0000] {logging_mixin.py:137} INFO - [2023-07-09T17:08:32.535+0000] {dag.py:3423} INFO - Setting next_dagrun for example_branch_datetime_operator_2 to 2023-07-08T00:00:00+00:00, run_after=2023-07-09T00:00:00+00:00
[2023-07-09T17:08:32.538+0000] {logging_mixin.py:137} INFO - [2023-07-09T17:08:32.538+0000] {dag.py:3423} INFO - Setting next_dagrun for example_branch_datetime_operator_3 to 2023-07-08T00:00:00+00:00, run_after=2023-07-09T00:00:00+00:00
[2023-07-09T17:08:32.556+0000] {processor.py:175} INFO - Processing /home/ubuntu/venv/lib/python3.10/site-packages/airflow/example_dags/example_branch_datetime_operator.py took 0.166 seconds
[2023-07-09T17:09:08.681+0000] {processor.py:153} INFO - Started process (PID=12926) to work on /home/ubuntu/venv/lib/python3.10/site-packages/airflow/example_dags/example_branch_datetime_operator.py
[2023-07-09T17:09:08.683+0000] {processor.py:743} INFO - Processing file /home/ubuntu/venv/lib/python3.10/site-packages/airflow/example_dags/example_branch_datetime_operator.py for tasks to queue
[2023-07-09T17:09:08.683+0000] {logging_mixin.py:137} INFO - [2023-07-09T17:09:08.683+0000] {dagbag.py:538} INFO - Filling up the DagBag from /home/ubuntu/venv/lib/python3.10/site-packages/airflow/example_dags/example_branch_datetime_operator.py
[2023-07-09T17:09:08.705+0000] {processor.py:753} INFO - DAG(s) dict_keys(['example_branch_datetime_operator_3', 'example_branch_datetime_operator', 'example_branch_datetime_operator_2']) retrieved from /home/ubuntu/venv/lib/python3.10/site-packages/airflow/example_dags/example_branch_datetime_operator.py
[2023-07-09T17:09:08.754+0000] {logging_mixin.py:137} INFO - [2023-07-09T17:09:08.754+0000] {dag.py:2676} INFO - Sync 3 DAGs
[2023-07-09T17:09:08.779+0000] {logging_mixin.py:137} INFO - [2023-07-09T17:09:08.778+0000] {dag.py:3423} INFO - Setting next_dagrun for example_branch_datetime_operator to 2023-07-08T00:00:00+00:00, run_after=2023-07-09T00:00:00+00:00
[2023-07-09T17:09:08.783+0000] {logging_mixin.py:137} INFO - [2023-07-09T17:09:08.783+0000] {dag.py:3423} INFO - Setting next_dagrun for example_branch_datetime_operator_2 to 2023-07-08T00:00:00+00:00, run_after=2023-07-09T00:00:00+00:00
[2023-07-09T17:09:08.786+0000] {logging_mixin.py:137} INFO - [2023-07-09T17:09:08.786+0000] {dag.py:3423} INFO - Setting next_dagrun for example_branch_datetime_operator_3 to 2023-07-08T00:00:00+00:00, run_after=2023-07-09T00:00:00+00:00
[2023-07-09T17:09:08.801+0000] {processor.py:175} INFO - Processing /home/ubuntu/venv/lib/python3.10/site-packages/airflow/example_dags/example_branch_datetime_operator.py took 0.124 seconds
[2023-07-09T17:09:39.114+0000] {processor.py:153} INFO - Started process (PID=13202) to work on /home/ubuntu/venv/lib/python3.10/site-packages/airflow/example_dags/example_branch_datetime_operator.py
[2023-07-09T17:09:39.115+0000] {processor.py:743} INFO - Processing file /home/ubuntu/venv/lib/python3.10/site-packages/airflow/example_dags/example_branch_datetime_operator.py for tasks to queue
[2023-07-09T17:09:39.116+0000] {logging_mixin.py:137} INFO - [2023-07-09T17:09:39.116+0000] {dagbag.py:538} INFO - Filling up the DagBag from /home/ubuntu/venv/lib/python3.10/site-packages/airflow/example_dags/example_branch_datetime_operator.py
[2023-07-09T17:09:39.141+0000] {processor.py:753} INFO - DAG(s) dict_keys(['example_branch_datetime_operator', 'example_branch_datetime_operator_2', 'example_branch_datetime_operator_3']) retrieved from /home/ubuntu/venv/lib/python3.10/site-packages/airflow/example_dags/example_branch_datetime_operator.py
[2023-07-09T17:09:39.212+0000] {logging_mixin.py:137} INFO - [2023-07-09T17:09:39.212+0000] {dag.py:2676} INFO - Sync 3 DAGs
[2023-07-09T17:09:39.281+0000] {logging_mixin.py:137} INFO - [2023-07-09T17:09:39.280+0000] {dag.py:3423} INFO - Setting next_dagrun for example_branch_datetime_operator to 2023-07-08T00:00:00+00:00, run_after=2023-07-09T00:00:00+00:00
[2023-07-09T17:09:39.286+0000] {logging_mixin.py:137} INFO - [2023-07-09T17:09:39.286+0000] {dag.py:3423} INFO - Setting next_dagrun for example_branch_datetime_operator_2 to 2023-07-08T00:00:00+00:00, run_after=2023-07-09T00:00:00+00:00
[2023-07-09T17:09:39.289+0000] {logging_mixin.py:137} INFO - [2023-07-09T17:09:39.289+0000] {dag.py:3423} INFO - Setting next_dagrun for example_branch_datetime_operator_3 to 2023-07-08T00:00:00+00:00, run_after=2023-07-09T00:00:00+00:00
[2023-07-09T17:09:39.308+0000] {processor.py:175} INFO - Processing /home/ubuntu/venv/lib/python3.10/site-packages/airflow/example_dags/example_branch_datetime_operator.py took 0.198 seconds
[2023-07-09T17:10:09.994+0000] {processor.py:153} INFO - Started process (PID=13438) to work on /home/ubuntu/venv/lib/python3.10/site-packages/airflow/example_dags/example_branch_datetime_operator.py
[2023-07-09T17:10:09.995+0000] {processor.py:743} INFO - Processing file /home/ubuntu/venv/lib/python3.10/site-packages/airflow/example_dags/example_branch_datetime_operator.py for tasks to queue
[2023-07-09T17:10:09.996+0000] {logging_mixin.py:137} INFO - [2023-07-09T17:10:09.996+0000] {dagbag.py:538} INFO - Filling up the DagBag from /home/ubuntu/venv/lib/python3.10/site-packages/airflow/example_dags/example_branch_datetime_operator.py
[2023-07-09T17:10:10.019+0000] {processor.py:753} INFO - DAG(s) dict_keys(['example_branch_datetime_operator_3', 'example_branch_datetime_operator_2', 'example_branch_datetime_operator']) retrieved from /home/ubuntu/venv/lib/python3.10/site-packages/airflow/example_dags/example_branch_datetime_operator.py
[2023-07-09T17:10:10.069+0000] {logging_mixin.py:137} INFO - [2023-07-09T17:10:10.068+0000] {dag.py:2676} INFO - Sync 3 DAGs
[2023-07-09T17:10:10.092+0000] {logging_mixin.py:137} INFO - [2023-07-09T17:10:10.092+0000] {dag.py:3423} INFO - Setting next_dagrun for example_branch_datetime_operator to 2023-07-08T00:00:00+00:00, run_after=2023-07-09T00:00:00+00:00
[2023-07-09T17:10:10.097+0000] {logging_mixin.py:137} INFO - [2023-07-09T17:10:10.096+0000] {dag.py:3423} INFO - Setting next_dagrun for example_branch_datetime_operator_2 to 2023-07-08T00:00:00+00:00, run_after=2023-07-09T00:00:00+00:00
[2023-07-09T17:10:10.099+0000] {logging_mixin.py:137} INFO - [2023-07-09T17:10:10.099+0000] {dag.py:3423} INFO - Setting next_dagrun for example_branch_datetime_operator_3 to 2023-07-08T00:00:00+00:00, run_after=2023-07-09T00:00:00+00:00
[2023-07-09T17:10:10.115+0000] {processor.py:175} INFO - Processing /home/ubuntu/venv/lib/python3.10/site-packages/airflow/example_dags/example_branch_datetime_operator.py took 0.125 seconds
