[2023-07-09T15:46:34.704+0000] {processor.py:153} INFO - Started process (PID=1383) to work on /home/ubuntu/venv/lib/python3.10/site-packages/airflow/example_dags/example_nested_branch_dag.py
[2023-07-09T15:46:34.705+0000] {processor.py:743} INFO - Processing file /home/ubuntu/venv/lib/python3.10/site-packages/airflow/example_dags/example_nested_branch_dag.py for tasks to queue
[2023-07-09T15:46:34.706+0000] {logging_mixin.py:137} INFO - [2023-07-09T15:46:34.706+0000] {dagbag.py:538} INFO - Filling up the DagBag from /home/ubuntu/venv/lib/python3.10/site-packages/airflow/example_dags/example_nested_branch_dag.py
[2023-07-09T15:46:34.751+0000] {processor.py:753} INFO - DAG(s) dict_keys(['example_nested_branch_dag']) retrieved from /home/ubuntu/venv/lib/python3.10/site-packages/airflow/example_dags/example_nested_branch_dag.py
[2023-07-09T15:46:34.824+0000] {logging_mixin.py:137} INFO - [2023-07-09T15:46:34.824+0000] {dag.py:2676} INFO - Sync 1 DAGs
[2023-07-09T15:46:34.858+0000] {logging_mixin.py:137} INFO - [2023-07-09T15:46:34.858+0000] {dag.py:3423} INFO - Setting next_dagrun for example_nested_branch_dag to 2023-07-08T00:00:00+00:00, run_after=2023-07-09T00:00:00+00:00
[2023-07-09T15:46:34.904+0000] {processor.py:175} INFO - Processing /home/ubuntu/venv/lib/python3.10/site-packages/airflow/example_dags/example_nested_branch_dag.py took 0.203 seconds
[2023-07-09T15:47:05.453+0000] {processor.py:153} INFO - Started process (PID=1624) to work on /home/ubuntu/venv/lib/python3.10/site-packages/airflow/example_dags/example_nested_branch_dag.py
[2023-07-09T15:47:05.455+0000] {processor.py:743} INFO - Processing file /home/ubuntu/venv/lib/python3.10/site-packages/airflow/example_dags/example_nested_branch_dag.py for tasks to queue
[2023-07-09T15:47:05.456+0000] {logging_mixin.py:137} INFO - [2023-07-09T15:47:05.455+0000] {dagbag.py:538} INFO - Filling up the DagBag from /home/ubuntu/venv/lib/python3.10/site-packages/airflow/example_dags/example_nested_branch_dag.py
[2023-07-09T15:47:05.502+0000] {processor.py:753} INFO - DAG(s) dict_keys(['example_nested_branch_dag']) retrieved from /home/ubuntu/venv/lib/python3.10/site-packages/airflow/example_dags/example_nested_branch_dag.py
[2023-07-09T15:47:05.569+0000] {logging_mixin.py:137} INFO - [2023-07-09T15:47:05.569+0000] {dag.py:2676} INFO - Sync 1 DAGs
[2023-07-09T15:47:05.612+0000] {logging_mixin.py:137} INFO - [2023-07-09T15:47:05.611+0000] {dag.py:3423} INFO - Setting next_dagrun for example_nested_branch_dag to 2023-07-08T00:00:00+00:00, run_after=2023-07-09T00:00:00+00:00
[2023-07-09T15:47:05.648+0000] {processor.py:175} INFO - Processing /home/ubuntu/venv/lib/python3.10/site-packages/airflow/example_dags/example_nested_branch_dag.py took 0.205 seconds
[2023-07-09T15:49:53.356+0000] {processor.py:153} INFO - Started process (PID=2202) to work on /home/ubuntu/venv/lib/python3.10/site-packages/airflow/example_dags/example_nested_branch_dag.py
[2023-07-09T15:49:53.357+0000] {processor.py:743} INFO - Processing file /home/ubuntu/venv/lib/python3.10/site-packages/airflow/example_dags/example_nested_branch_dag.py for tasks to queue
[2023-07-09T15:49:53.358+0000] {logging_mixin.py:137} INFO - [2023-07-09T15:49:53.358+0000] {dagbag.py:538} INFO - Filling up the DagBag from /home/ubuntu/venv/lib/python3.10/site-packages/airflow/example_dags/example_nested_branch_dag.py
[2023-07-09T15:49:53.391+0000] {processor.py:753} INFO - DAG(s) dict_keys(['example_nested_branch_dag']) retrieved from /home/ubuntu/venv/lib/python3.10/site-packages/airflow/example_dags/example_nested_branch_dag.py
[2023-07-09T15:49:53.460+0000] {logging_mixin.py:137} INFO - [2023-07-09T15:49:53.460+0000] {dag.py:2676} INFO - Sync 1 DAGs
[2023-07-09T15:49:53.496+0000] {logging_mixin.py:137} INFO - [2023-07-09T15:49:53.495+0000] {dag.py:3423} INFO - Setting next_dagrun for example_nested_branch_dag to 2023-07-08T00:00:00+00:00, run_after=2023-07-09T00:00:00+00:00
[2023-07-09T15:49:53.522+0000] {processor.py:175} INFO - Processing /home/ubuntu/venv/lib/python3.10/site-packages/airflow/example_dags/example_nested_branch_dag.py took 0.171 seconds
[2023-07-09T15:50:24.553+0000] {processor.py:153} INFO - Started process (PID=2439) to work on /home/ubuntu/venv/lib/python3.10/site-packages/airflow/example_dags/example_nested_branch_dag.py
[2023-07-09T15:50:24.553+0000] {processor.py:743} INFO - Processing file /home/ubuntu/venv/lib/python3.10/site-packages/airflow/example_dags/example_nested_branch_dag.py for tasks to queue
[2023-07-09T15:50:24.554+0000] {logging_mixin.py:137} INFO - [2023-07-09T15:50:24.554+0000] {dagbag.py:538} INFO - Filling up the DagBag from /home/ubuntu/venv/lib/python3.10/site-packages/airflow/example_dags/example_nested_branch_dag.py
[2023-07-09T15:50:24.589+0000] {processor.py:753} INFO - DAG(s) dict_keys(['example_nested_branch_dag']) retrieved from /home/ubuntu/venv/lib/python3.10/site-packages/airflow/example_dags/example_nested_branch_dag.py
[2023-07-09T15:50:24.678+0000] {logging_mixin.py:137} INFO - [2023-07-09T15:50:24.678+0000] {dag.py:2676} INFO - Sync 1 DAGs
[2023-07-09T15:50:24.718+0000] {logging_mixin.py:137} INFO - [2023-07-09T15:50:24.717+0000] {dag.py:3423} INFO - Setting next_dagrun for example_nested_branch_dag to 2023-07-08T00:00:00+00:00, run_after=2023-07-09T00:00:00+00:00
[2023-07-09T15:50:24.742+0000] {processor.py:175} INFO - Processing /home/ubuntu/venv/lib/python3.10/site-packages/airflow/example_dags/example_nested_branch_dag.py took 0.193 seconds
[2023-07-09T16:47:17.361+0000] {processor.py:153} INFO - Started process (PID=3506) to work on /home/ubuntu/venv/lib/python3.10/site-packages/airflow/example_dags/example_nested_branch_dag.py
[2023-07-09T16:47:17.362+0000] {processor.py:743} INFO - Processing file /home/ubuntu/venv/lib/python3.10/site-packages/airflow/example_dags/example_nested_branch_dag.py for tasks to queue
[2023-07-09T16:47:17.364+0000] {logging_mixin.py:137} INFO - [2023-07-09T16:47:17.363+0000] {dagbag.py:538} INFO - Filling up the DagBag from /home/ubuntu/venv/lib/python3.10/site-packages/airflow/example_dags/example_nested_branch_dag.py
[2023-07-09T16:47:17.453+0000] {processor.py:753} INFO - DAG(s) dict_keys(['example_nested_branch_dag']) retrieved from /home/ubuntu/venv/lib/python3.10/site-packages/airflow/example_dags/example_nested_branch_dag.py
[2023-07-09T16:47:17.627+0000] {logging_mixin.py:137} INFO - [2023-07-09T16:47:17.627+0000] {dag.py:2676} INFO - Sync 1 DAGs
[2023-07-09T16:47:17.698+0000] {logging_mixin.py:137} INFO - [2023-07-09T16:47:17.696+0000] {dag.py:3423} INFO - Setting next_dagrun for example_nested_branch_dag to 2023-07-08T00:00:00+00:00, run_after=2023-07-09T00:00:00+00:00
[2023-07-09T16:47:17.751+0000] {processor.py:175} INFO - Processing /home/ubuntu/venv/lib/python3.10/site-packages/airflow/example_dags/example_nested_branch_dag.py took 0.411 seconds
[2023-07-09T16:47:48.252+0000] {processor.py:153} INFO - Started process (PID=3870) to work on /home/ubuntu/venv/lib/python3.10/site-packages/airflow/example_dags/example_nested_branch_dag.py
[2023-07-09T16:47:48.253+0000] {processor.py:743} INFO - Processing file /home/ubuntu/venv/lib/python3.10/site-packages/airflow/example_dags/example_nested_branch_dag.py for tasks to queue
[2023-07-09T16:47:48.254+0000] {logging_mixin.py:137} INFO - [2023-07-09T16:47:48.254+0000] {dagbag.py:538} INFO - Filling up the DagBag from /home/ubuntu/venv/lib/python3.10/site-packages/airflow/example_dags/example_nested_branch_dag.py
[2023-07-09T16:47:48.293+0000] {processor.py:753} INFO - DAG(s) dict_keys(['example_nested_branch_dag']) retrieved from /home/ubuntu/venv/lib/python3.10/site-packages/airflow/example_dags/example_nested_branch_dag.py
[2023-07-09T16:47:48.359+0000] {logging_mixin.py:137} INFO - [2023-07-09T16:47:48.359+0000] {dag.py:2676} INFO - Sync 1 DAGs
[2023-07-09T16:47:48.394+0000] {logging_mixin.py:137} INFO - [2023-07-09T16:47:48.394+0000] {dag.py:3423} INFO - Setting next_dagrun for example_nested_branch_dag to 2023-07-08T00:00:00+00:00, run_after=2023-07-09T00:00:00+00:00
[2023-07-09T16:47:48.421+0000] {processor.py:175} INFO - Processing /home/ubuntu/venv/lib/python3.10/site-packages/airflow/example_dags/example_nested_branch_dag.py took 0.174 seconds
[2023-07-09T16:48:19.089+0000] {processor.py:153} INFO - Started process (PID=4104) to work on /home/ubuntu/venv/lib/python3.10/site-packages/airflow/example_dags/example_nested_branch_dag.py
[2023-07-09T16:48:19.091+0000] {processor.py:743} INFO - Processing file /home/ubuntu/venv/lib/python3.10/site-packages/airflow/example_dags/example_nested_branch_dag.py for tasks to queue
[2023-07-09T16:48:19.092+0000] {logging_mixin.py:137} INFO - [2023-07-09T16:48:19.092+0000] {dagbag.py:538} INFO - Filling up the DagBag from /home/ubuntu/venv/lib/python3.10/site-packages/airflow/example_dags/example_nested_branch_dag.py
[2023-07-09T16:48:19.138+0000] {processor.py:753} INFO - DAG(s) dict_keys(['example_nested_branch_dag']) retrieved from /home/ubuntu/venv/lib/python3.10/site-packages/airflow/example_dags/example_nested_branch_dag.py
[2023-07-09T16:48:19.214+0000] {logging_mixin.py:137} INFO - [2023-07-09T16:48:19.213+0000] {dag.py:2676} INFO - Sync 1 DAGs
[2023-07-09T16:48:19.253+0000] {logging_mixin.py:137} INFO - [2023-07-09T16:48:19.253+0000] {dag.py:3423} INFO - Setting next_dagrun for example_nested_branch_dag to 2023-07-08T00:00:00+00:00, run_after=2023-07-09T00:00:00+00:00
[2023-07-09T16:48:19.288+0000] {processor.py:175} INFO - Processing /home/ubuntu/venv/lib/python3.10/site-packages/airflow/example_dags/example_nested_branch_dag.py took 0.206 seconds
[2023-07-09T16:48:49.842+0000] {processor.py:153} INFO - Started process (PID=4343) to work on /home/ubuntu/venv/lib/python3.10/site-packages/airflow/example_dags/example_nested_branch_dag.py
[2023-07-09T16:48:49.843+0000] {processor.py:743} INFO - Processing file /home/ubuntu/venv/lib/python3.10/site-packages/airflow/example_dags/example_nested_branch_dag.py for tasks to queue
[2023-07-09T16:48:49.844+0000] {logging_mixin.py:137} INFO - [2023-07-09T16:48:49.844+0000] {dagbag.py:538} INFO - Filling up the DagBag from /home/ubuntu/venv/lib/python3.10/site-packages/airflow/example_dags/example_nested_branch_dag.py
[2023-07-09T16:48:49.875+0000] {processor.py:753} INFO - DAG(s) dict_keys(['example_nested_branch_dag']) retrieved from /home/ubuntu/venv/lib/python3.10/site-packages/airflow/example_dags/example_nested_branch_dag.py
[2023-07-09T16:48:49.946+0000] {logging_mixin.py:137} INFO - [2023-07-09T16:48:49.946+0000] {dag.py:2676} INFO - Sync 1 DAGs
[2023-07-09T16:48:49.984+0000] {logging_mixin.py:137} INFO - [2023-07-09T16:48:49.984+0000] {dag.py:3423} INFO - Setting next_dagrun for example_nested_branch_dag to 2023-07-08T00:00:00+00:00, run_after=2023-07-09T00:00:00+00:00
[2023-07-09T16:48:50.008+0000] {processor.py:175} INFO - Processing /home/ubuntu/venv/lib/python3.10/site-packages/airflow/example_dags/example_nested_branch_dag.py took 0.170 seconds
[2023-07-09T16:49:20.846+0000] {processor.py:153} INFO - Started process (PID=4575) to work on /home/ubuntu/venv/lib/python3.10/site-packages/airflow/example_dags/example_nested_branch_dag.py
[2023-07-09T16:49:20.847+0000] {processor.py:743} INFO - Processing file /home/ubuntu/venv/lib/python3.10/site-packages/airflow/example_dags/example_nested_branch_dag.py for tasks to queue
[2023-07-09T16:49:20.848+0000] {logging_mixin.py:137} INFO - [2023-07-09T16:49:20.848+0000] {dagbag.py:538} INFO - Filling up the DagBag from /home/ubuntu/venv/lib/python3.10/site-packages/airflow/example_dags/example_nested_branch_dag.py
[2023-07-09T16:49:20.884+0000] {processor.py:753} INFO - DAG(s) dict_keys(['example_nested_branch_dag']) retrieved from /home/ubuntu/venv/lib/python3.10/site-packages/airflow/example_dags/example_nested_branch_dag.py
[2023-07-09T16:49:20.948+0000] {logging_mixin.py:137} INFO - [2023-07-09T16:49:20.947+0000] {dag.py:2676} INFO - Sync 1 DAGs
[2023-07-09T16:49:20.981+0000] {logging_mixin.py:137} INFO - [2023-07-09T16:49:20.981+0000] {dag.py:3423} INFO - Setting next_dagrun for example_nested_branch_dag to 2023-07-08T00:00:00+00:00, run_after=2023-07-09T00:00:00+00:00
[2023-07-09T16:49:21.001+0000] {processor.py:175} INFO - Processing /home/ubuntu/venv/lib/python3.10/site-packages/airflow/example_dags/example_nested_branch_dag.py took 0.160 seconds
[2023-07-09T16:49:52.119+0000] {processor.py:153} INFO - Started process (PID=4811) to work on /home/ubuntu/venv/lib/python3.10/site-packages/airflow/example_dags/example_nested_branch_dag.py
[2023-07-09T16:49:52.120+0000] {processor.py:743} INFO - Processing file /home/ubuntu/venv/lib/python3.10/site-packages/airflow/example_dags/example_nested_branch_dag.py for tasks to queue
[2023-07-09T16:49:52.121+0000] {logging_mixin.py:137} INFO - [2023-07-09T16:49:52.120+0000] {dagbag.py:538} INFO - Filling up the DagBag from /home/ubuntu/venv/lib/python3.10/site-packages/airflow/example_dags/example_nested_branch_dag.py
[2023-07-09T16:49:52.166+0000] {processor.py:753} INFO - DAG(s) dict_keys(['example_nested_branch_dag']) retrieved from /home/ubuntu/venv/lib/python3.10/site-packages/airflow/example_dags/example_nested_branch_dag.py
[2023-07-09T16:49:52.236+0000] {logging_mixin.py:137} INFO - [2023-07-09T16:49:52.236+0000] {dag.py:2676} INFO - Sync 1 DAGs
[2023-07-09T16:49:52.271+0000] {logging_mixin.py:137} INFO - [2023-07-09T16:49:52.271+0000] {dag.py:3423} INFO - Setting next_dagrun for example_nested_branch_dag to 2023-07-08T00:00:00+00:00, run_after=2023-07-09T00:00:00+00:00
[2023-07-09T16:49:52.297+0000] {processor.py:175} INFO - Processing /home/ubuntu/venv/lib/python3.10/site-packages/airflow/example_dags/example_nested_branch_dag.py took 0.183 seconds
[2023-07-09T16:50:22.965+0000] {processor.py:153} INFO - Started process (PID=5047) to work on /home/ubuntu/venv/lib/python3.10/site-packages/airflow/example_dags/example_nested_branch_dag.py
[2023-07-09T16:50:22.967+0000] {processor.py:743} INFO - Processing file /home/ubuntu/venv/lib/python3.10/site-packages/airflow/example_dags/example_nested_branch_dag.py for tasks to queue
[2023-07-09T16:50:22.967+0000] {logging_mixin.py:137} INFO - [2023-07-09T16:50:22.967+0000] {dagbag.py:538} INFO - Filling up the DagBag from /home/ubuntu/venv/lib/python3.10/site-packages/airflow/example_dags/example_nested_branch_dag.py
[2023-07-09T16:50:23.007+0000] {processor.py:753} INFO - DAG(s) dict_keys(['example_nested_branch_dag']) retrieved from /home/ubuntu/venv/lib/python3.10/site-packages/airflow/example_dags/example_nested_branch_dag.py
[2023-07-09T16:50:23.078+0000] {logging_mixin.py:137} INFO - [2023-07-09T16:50:23.078+0000] {dag.py:2676} INFO - Sync 1 DAGs
[2023-07-09T16:50:23.112+0000] {logging_mixin.py:137} INFO - [2023-07-09T16:50:23.111+0000] {dag.py:3423} INFO - Setting next_dagrun for example_nested_branch_dag to 2023-07-08T00:00:00+00:00, run_after=2023-07-09T00:00:00+00:00
[2023-07-09T16:50:23.133+0000] {processor.py:175} INFO - Processing /home/ubuntu/venv/lib/python3.10/site-packages/airflow/example_dags/example_nested_branch_dag.py took 0.171 seconds
[2023-07-09T16:50:53.970+0000] {processor.py:153} INFO - Started process (PID=5346) to work on /home/ubuntu/venv/lib/python3.10/site-packages/airflow/example_dags/example_nested_branch_dag.py
[2023-07-09T16:50:53.971+0000] {processor.py:743} INFO - Processing file /home/ubuntu/venv/lib/python3.10/site-packages/airflow/example_dags/example_nested_branch_dag.py for tasks to queue
[2023-07-09T16:50:53.972+0000] {logging_mixin.py:137} INFO - [2023-07-09T16:50:53.971+0000] {dagbag.py:538} INFO - Filling up the DagBag from /home/ubuntu/venv/lib/python3.10/site-packages/airflow/example_dags/example_nested_branch_dag.py
[2023-07-09T16:50:54.007+0000] {processor.py:753} INFO - DAG(s) dict_keys(['example_nested_branch_dag']) retrieved from /home/ubuntu/venv/lib/python3.10/site-packages/airflow/example_dags/example_nested_branch_dag.py
[2023-07-09T16:50:54.080+0000] {logging_mixin.py:137} INFO - [2023-07-09T16:50:54.079+0000] {dag.py:2676} INFO - Sync 1 DAGs
[2023-07-09T16:50:54.112+0000] {logging_mixin.py:137} INFO - [2023-07-09T16:50:54.111+0000] {dag.py:3423} INFO - Setting next_dagrun for example_nested_branch_dag to 2023-07-08T00:00:00+00:00, run_after=2023-07-09T00:00:00+00:00
[2023-07-09T16:50:54.150+0000] {processor.py:175} INFO - Processing /home/ubuntu/venv/lib/python3.10/site-packages/airflow/example_dags/example_nested_branch_dag.py took 0.185 seconds
[2023-07-09T16:54:55.058+0000] {processor.py:153} INFO - Started process (PID=5820) to work on /home/ubuntu/venv/lib/python3.10/site-packages/airflow/example_dags/example_nested_branch_dag.py
[2023-07-09T16:54:55.060+0000] {processor.py:743} INFO - Processing file /home/ubuntu/venv/lib/python3.10/site-packages/airflow/example_dags/example_nested_branch_dag.py for tasks to queue
[2023-07-09T16:54:55.061+0000] {logging_mixin.py:137} INFO - [2023-07-09T16:54:55.061+0000] {dagbag.py:538} INFO - Filling up the DagBag from /home/ubuntu/venv/lib/python3.10/site-packages/airflow/example_dags/example_nested_branch_dag.py
[2023-07-09T16:54:55.100+0000] {processor.py:753} INFO - DAG(s) dict_keys(['example_nested_branch_dag']) retrieved from /home/ubuntu/venv/lib/python3.10/site-packages/airflow/example_dags/example_nested_branch_dag.py
[2023-07-09T16:54:55.189+0000] {logging_mixin.py:137} INFO - [2023-07-09T16:54:55.189+0000] {dag.py:2676} INFO - Sync 1 DAGs
[2023-07-09T16:54:55.234+0000] {logging_mixin.py:137} INFO - [2023-07-09T16:54:55.234+0000] {dag.py:3423} INFO - Setting next_dagrun for example_nested_branch_dag to 2023-07-08T00:00:00+00:00, run_after=2023-07-09T00:00:00+00:00
[2023-07-09T16:54:55.259+0000] {processor.py:175} INFO - Processing /home/ubuntu/venv/lib/python3.10/site-packages/airflow/example_dags/example_nested_branch_dag.py took 0.207 seconds
[2023-07-09T16:55:25.504+0000] {processor.py:153} INFO - Started process (PID=6079) to work on /home/ubuntu/venv/lib/python3.10/site-packages/airflow/example_dags/example_nested_branch_dag.py
[2023-07-09T16:55:25.505+0000] {processor.py:743} INFO - Processing file /home/ubuntu/venv/lib/python3.10/site-packages/airflow/example_dags/example_nested_branch_dag.py for tasks to queue
[2023-07-09T16:55:25.506+0000] {logging_mixin.py:137} INFO - [2023-07-09T16:55:25.506+0000] {dagbag.py:538} INFO - Filling up the DagBag from /home/ubuntu/venv/lib/python3.10/site-packages/airflow/example_dags/example_nested_branch_dag.py
[2023-07-09T16:55:25.548+0000] {processor.py:753} INFO - DAG(s) dict_keys(['example_nested_branch_dag']) retrieved from /home/ubuntu/venv/lib/python3.10/site-packages/airflow/example_dags/example_nested_branch_dag.py
[2023-07-09T16:55:25.619+0000] {logging_mixin.py:137} INFO - [2023-07-09T16:55:25.619+0000] {dag.py:2676} INFO - Sync 1 DAGs
[2023-07-09T16:55:25.662+0000] {logging_mixin.py:137} INFO - [2023-07-09T16:55:25.662+0000] {dag.py:3423} INFO - Setting next_dagrun for example_nested_branch_dag to 2023-07-08T00:00:00+00:00, run_after=2023-07-09T00:00:00+00:00
[2023-07-09T16:55:25.690+0000] {processor.py:175} INFO - Processing /home/ubuntu/venv/lib/python3.10/site-packages/airflow/example_dags/example_nested_branch_dag.py took 0.191 seconds
[2023-07-09T16:55:55.902+0000] {processor.py:153} INFO - Started process (PID=6315) to work on /home/ubuntu/venv/lib/python3.10/site-packages/airflow/example_dags/example_nested_branch_dag.py
[2023-07-09T16:55:55.904+0000] {processor.py:743} INFO - Processing file /home/ubuntu/venv/lib/python3.10/site-packages/airflow/example_dags/example_nested_branch_dag.py for tasks to queue
[2023-07-09T16:55:55.905+0000] {logging_mixin.py:137} INFO - [2023-07-09T16:55:55.904+0000] {dagbag.py:538} INFO - Filling up the DagBag from /home/ubuntu/venv/lib/python3.10/site-packages/airflow/example_dags/example_nested_branch_dag.py
[2023-07-09T16:55:55.944+0000] {processor.py:753} INFO - DAG(s) dict_keys(['example_nested_branch_dag']) retrieved from /home/ubuntu/venv/lib/python3.10/site-packages/airflow/example_dags/example_nested_branch_dag.py
[2023-07-09T16:55:56.021+0000] {logging_mixin.py:137} INFO - [2023-07-09T16:55:56.021+0000] {dag.py:2676} INFO - Sync 1 DAGs
[2023-07-09T16:55:56.060+0000] {logging_mixin.py:137} INFO - [2023-07-09T16:55:56.059+0000] {dag.py:3423} INFO - Setting next_dagrun for example_nested_branch_dag to 2023-07-08T00:00:00+00:00, run_after=2023-07-09T00:00:00+00:00
[2023-07-09T16:55:56.095+0000] {processor.py:175} INFO - Processing /home/ubuntu/venv/lib/python3.10/site-packages/airflow/example_dags/example_nested_branch_dag.py took 0.200 seconds
[2023-07-09T16:56:26.607+0000] {processor.py:153} INFO - Started process (PID=6551) to work on /home/ubuntu/venv/lib/python3.10/site-packages/airflow/example_dags/example_nested_branch_dag.py
[2023-07-09T16:56:26.608+0000] {processor.py:743} INFO - Processing file /home/ubuntu/venv/lib/python3.10/site-packages/airflow/example_dags/example_nested_branch_dag.py for tasks to queue
[2023-07-09T16:56:26.609+0000] {logging_mixin.py:137} INFO - [2023-07-09T16:56:26.609+0000] {dagbag.py:538} INFO - Filling up the DagBag from /home/ubuntu/venv/lib/python3.10/site-packages/airflow/example_dags/example_nested_branch_dag.py
[2023-07-09T16:56:26.647+0000] {processor.py:753} INFO - DAG(s) dict_keys(['example_nested_branch_dag']) retrieved from /home/ubuntu/venv/lib/python3.10/site-packages/airflow/example_dags/example_nested_branch_dag.py
[2023-07-09T16:56:26.712+0000] {logging_mixin.py:137} INFO - [2023-07-09T16:56:26.711+0000] {dag.py:2676} INFO - Sync 1 DAGs
[2023-07-09T16:56:26.755+0000] {logging_mixin.py:137} INFO - [2023-07-09T16:56:26.754+0000] {dag.py:3423} INFO - Setting next_dagrun for example_nested_branch_dag to 2023-07-08T00:00:00+00:00, run_after=2023-07-09T00:00:00+00:00
[2023-07-09T16:56:26.777+0000] {processor.py:175} INFO - Processing /home/ubuntu/venv/lib/python3.10/site-packages/airflow/example_dags/example_nested_branch_dag.py took 0.175 seconds
[2023-07-09T16:56:57.412+0000] {processor.py:153} INFO - Started process (PID=6808) to work on /home/ubuntu/venv/lib/python3.10/site-packages/airflow/example_dags/example_nested_branch_dag.py
[2023-07-09T16:56:57.413+0000] {processor.py:743} INFO - Processing file /home/ubuntu/venv/lib/python3.10/site-packages/airflow/example_dags/example_nested_branch_dag.py for tasks to queue
[2023-07-09T16:56:57.414+0000] {logging_mixin.py:137} INFO - [2023-07-09T16:56:57.414+0000] {dagbag.py:538} INFO - Filling up the DagBag from /home/ubuntu/venv/lib/python3.10/site-packages/airflow/example_dags/example_nested_branch_dag.py
[2023-07-09T16:56:57.450+0000] {processor.py:753} INFO - DAG(s) dict_keys(['example_nested_branch_dag']) retrieved from /home/ubuntu/venv/lib/python3.10/site-packages/airflow/example_dags/example_nested_branch_dag.py
[2023-07-09T16:56:57.538+0000] {logging_mixin.py:137} INFO - [2023-07-09T16:56:57.538+0000] {dag.py:2676} INFO - Sync 1 DAGs
[2023-07-09T16:56:57.579+0000] {logging_mixin.py:137} INFO - [2023-07-09T16:56:57.578+0000] {dag.py:3423} INFO - Setting next_dagrun for example_nested_branch_dag to 2023-07-08T00:00:00+00:00, run_after=2023-07-09T00:00:00+00:00
[2023-07-09T16:56:57.607+0000] {processor.py:175} INFO - Processing /home/ubuntu/venv/lib/python3.10/site-packages/airflow/example_dags/example_nested_branch_dag.py took 0.200 seconds
[2023-07-09T16:57:28.730+0000] {processor.py:153} INFO - Started process (PID=7043) to work on /home/ubuntu/venv/lib/python3.10/site-packages/airflow/example_dags/example_nested_branch_dag.py
[2023-07-09T16:57:28.734+0000] {processor.py:743} INFO - Processing file /home/ubuntu/venv/lib/python3.10/site-packages/airflow/example_dags/example_nested_branch_dag.py for tasks to queue
[2023-07-09T16:57:28.735+0000] {logging_mixin.py:137} INFO - [2023-07-09T16:57:28.735+0000] {dagbag.py:538} INFO - Filling up the DagBag from /home/ubuntu/venv/lib/python3.10/site-packages/airflow/example_dags/example_nested_branch_dag.py
[2023-07-09T16:57:28.802+0000] {processor.py:753} INFO - DAG(s) dict_keys(['example_nested_branch_dag']) retrieved from /home/ubuntu/venv/lib/python3.10/site-packages/airflow/example_dags/example_nested_branch_dag.py
[2023-07-09T16:57:28.870+0000] {logging_mixin.py:137} INFO - [2023-07-09T16:57:28.869+0000] {dag.py:2676} INFO - Sync 1 DAGs
[2023-07-09T16:57:28.906+0000] {logging_mixin.py:137} INFO - [2023-07-09T16:57:28.905+0000] {dag.py:3423} INFO - Setting next_dagrun for example_nested_branch_dag to 2023-07-08T00:00:00+00:00, run_after=2023-07-09T00:00:00+00:00
[2023-07-09T16:57:28.931+0000] {processor.py:175} INFO - Processing /home/ubuntu/venv/lib/python3.10/site-packages/airflow/example_dags/example_nested_branch_dag.py took 0.207 seconds
[2023-07-09T16:57:59.570+0000] {processor.py:153} INFO - Started process (PID=7279) to work on /home/ubuntu/venv/lib/python3.10/site-packages/airflow/example_dags/example_nested_branch_dag.py
[2023-07-09T16:57:59.571+0000] {processor.py:743} INFO - Processing file /home/ubuntu/venv/lib/python3.10/site-packages/airflow/example_dags/example_nested_branch_dag.py for tasks to queue
[2023-07-09T16:57:59.572+0000] {logging_mixin.py:137} INFO - [2023-07-09T16:57:59.572+0000] {dagbag.py:538} INFO - Filling up the DagBag from /home/ubuntu/venv/lib/python3.10/site-packages/airflow/example_dags/example_nested_branch_dag.py
[2023-07-09T16:57:59.626+0000] {processor.py:753} INFO - DAG(s) dict_keys(['example_nested_branch_dag']) retrieved from /home/ubuntu/venv/lib/python3.10/site-packages/airflow/example_dags/example_nested_branch_dag.py
[2023-07-09T16:57:59.715+0000] {logging_mixin.py:137} INFO - [2023-07-09T16:57:59.715+0000] {dag.py:2676} INFO - Sync 1 DAGs
[2023-07-09T16:57:59.750+0000] {logging_mixin.py:137} INFO - [2023-07-09T16:57:59.749+0000] {dag.py:3423} INFO - Setting next_dagrun for example_nested_branch_dag to 2023-07-08T00:00:00+00:00, run_after=2023-07-09T00:00:00+00:00
[2023-07-09T16:57:59.776+0000] {processor.py:175} INFO - Processing /home/ubuntu/venv/lib/python3.10/site-packages/airflow/example_dags/example_nested_branch_dag.py took 0.210 seconds
[2023-07-09T16:58:30.593+0000] {processor.py:153} INFO - Started process (PID=7513) to work on /home/ubuntu/venv/lib/python3.10/site-packages/airflow/example_dags/example_nested_branch_dag.py
[2023-07-09T16:58:30.594+0000] {processor.py:743} INFO - Processing file /home/ubuntu/venv/lib/python3.10/site-packages/airflow/example_dags/example_nested_branch_dag.py for tasks to queue
[2023-07-09T16:58:30.595+0000] {logging_mixin.py:137} INFO - [2023-07-09T16:58:30.595+0000] {dagbag.py:538} INFO - Filling up the DagBag from /home/ubuntu/venv/lib/python3.10/site-packages/airflow/example_dags/example_nested_branch_dag.py
[2023-07-09T16:58:30.663+0000] {processor.py:753} INFO - DAG(s) dict_keys(['example_nested_branch_dag']) retrieved from /home/ubuntu/venv/lib/python3.10/site-packages/airflow/example_dags/example_nested_branch_dag.py
[2023-07-09T16:58:30.739+0000] {logging_mixin.py:137} INFO - [2023-07-09T16:58:30.738+0000] {dag.py:2676} INFO - Sync 1 DAGs
[2023-07-09T16:58:30.775+0000] {logging_mixin.py:137} INFO - [2023-07-09T16:58:30.775+0000] {dag.py:3423} INFO - Setting next_dagrun for example_nested_branch_dag to 2023-07-08T00:00:00+00:00, run_after=2023-07-09T00:00:00+00:00
[2023-07-09T16:58:30.802+0000] {processor.py:175} INFO - Processing /home/ubuntu/venv/lib/python3.10/site-packages/airflow/example_dags/example_nested_branch_dag.py took 0.215 seconds
[2023-07-09T16:59:03.018+0000] {processor.py:153} INFO - Started process (PID=7750) to work on /home/ubuntu/venv/lib/python3.10/site-packages/airflow/example_dags/example_nested_branch_dag.py
[2023-07-09T16:59:03.019+0000] {processor.py:743} INFO - Processing file /home/ubuntu/venv/lib/python3.10/site-packages/airflow/example_dags/example_nested_branch_dag.py for tasks to queue
[2023-07-09T16:59:03.020+0000] {logging_mixin.py:137} INFO - [2023-07-09T16:59:03.020+0000] {dagbag.py:538} INFO - Filling up the DagBag from /home/ubuntu/venv/lib/python3.10/site-packages/airflow/example_dags/example_nested_branch_dag.py
[2023-07-09T16:59:03.084+0000] {processor.py:753} INFO - DAG(s) dict_keys(['example_nested_branch_dag']) retrieved from /home/ubuntu/venv/lib/python3.10/site-packages/airflow/example_dags/example_nested_branch_dag.py
[2023-07-09T16:59:03.164+0000] {logging_mixin.py:137} INFO - [2023-07-09T16:59:03.164+0000] {dag.py:2676} INFO - Sync 1 DAGs
[2023-07-09T16:59:03.432+0000] {logging_mixin.py:137} INFO - [2023-07-09T16:59:03.431+0000] {dag.py:3423} INFO - Setting next_dagrun for example_nested_branch_dag to 2023-07-08T00:00:00+00:00, run_after=2023-07-09T00:00:00+00:00
[2023-07-09T16:59:03.469+0000] {processor.py:175} INFO - Processing /home/ubuntu/venv/lib/python3.10/site-packages/airflow/example_dags/example_nested_branch_dag.py took 0.457 seconds
[2023-07-09T16:59:33.798+0000] {processor.py:153} INFO - Started process (PID=7987) to work on /home/ubuntu/venv/lib/python3.10/site-packages/airflow/example_dags/example_nested_branch_dag.py
[2023-07-09T16:59:33.800+0000] {processor.py:743} INFO - Processing file /home/ubuntu/venv/lib/python3.10/site-packages/airflow/example_dags/example_nested_branch_dag.py for tasks to queue
[2023-07-09T16:59:33.801+0000] {logging_mixin.py:137} INFO - [2023-07-09T16:59:33.801+0000] {dagbag.py:538} INFO - Filling up the DagBag from /home/ubuntu/venv/lib/python3.10/site-packages/airflow/example_dags/example_nested_branch_dag.py
[2023-07-09T16:59:33.848+0000] {processor.py:753} INFO - DAG(s) dict_keys(['example_nested_branch_dag']) retrieved from /home/ubuntu/venv/lib/python3.10/site-packages/airflow/example_dags/example_nested_branch_dag.py
[2023-07-09T16:59:33.920+0000] {logging_mixin.py:137} INFO - [2023-07-09T16:59:33.920+0000] {dag.py:2676} INFO - Sync 1 DAGs
[2023-07-09T16:59:34.144+0000] {logging_mixin.py:137} INFO - [2023-07-09T16:59:34.144+0000] {dag.py:3423} INFO - Setting next_dagrun for example_nested_branch_dag to 2023-07-08T00:00:00+00:00, run_after=2023-07-09T00:00:00+00:00
[2023-07-09T16:59:34.166+0000] {processor.py:175} INFO - Processing /home/ubuntu/venv/lib/python3.10/site-packages/airflow/example_dags/example_nested_branch_dag.py took 0.373 seconds
[2023-07-09T17:00:31.836+0000] {processor.py:153} INFO - Started process (PID=8652) to work on /home/ubuntu/venv/lib/python3.10/site-packages/airflow/example_dags/example_nested_branch_dag.py
[2023-07-09T17:00:31.837+0000] {processor.py:743} INFO - Processing file /home/ubuntu/venv/lib/python3.10/site-packages/airflow/example_dags/example_nested_branch_dag.py for tasks to queue
[2023-07-09T17:00:31.838+0000] {logging_mixin.py:137} INFO - [2023-07-09T17:00:31.838+0000] {dagbag.py:538} INFO - Filling up the DagBag from /home/ubuntu/venv/lib/python3.10/site-packages/airflow/example_dags/example_nested_branch_dag.py
[2023-07-09T17:00:31.874+0000] {processor.py:753} INFO - DAG(s) dict_keys(['example_nested_branch_dag']) retrieved from /home/ubuntu/venv/lib/python3.10/site-packages/airflow/example_dags/example_nested_branch_dag.py
[2023-07-09T17:00:31.944+0000] {logging_mixin.py:137} INFO - [2023-07-09T17:00:31.944+0000] {dag.py:2676} INFO - Sync 1 DAGs
[2023-07-09T17:00:31.983+0000] {logging_mixin.py:137} INFO - [2023-07-09T17:00:31.982+0000] {dag.py:3423} INFO - Setting next_dagrun for example_nested_branch_dag to 2023-07-08T00:00:00+00:00, run_after=2023-07-09T00:00:00+00:00
[2023-07-09T17:00:32.007+0000] {processor.py:175} INFO - Processing /home/ubuntu/venv/lib/python3.10/site-packages/airflow/example_dags/example_nested_branch_dag.py took 0.175 seconds
[2023-07-09T17:01:03.099+0000] {processor.py:153} INFO - Started process (PID=8909) to work on /home/ubuntu/venv/lib/python3.10/site-packages/airflow/example_dags/example_nested_branch_dag.py
[2023-07-09T17:01:03.100+0000] {processor.py:743} INFO - Processing file /home/ubuntu/venv/lib/python3.10/site-packages/airflow/example_dags/example_nested_branch_dag.py for tasks to queue
[2023-07-09T17:01:03.101+0000] {logging_mixin.py:137} INFO - [2023-07-09T17:01:03.101+0000] {dagbag.py:538} INFO - Filling up the DagBag from /home/ubuntu/venv/lib/python3.10/site-packages/airflow/example_dags/example_nested_branch_dag.py
[2023-07-09T17:01:03.155+0000] {processor.py:753} INFO - DAG(s) dict_keys(['example_nested_branch_dag']) retrieved from /home/ubuntu/venv/lib/python3.10/site-packages/airflow/example_dags/example_nested_branch_dag.py
[2023-07-09T17:01:03.235+0000] {logging_mixin.py:137} INFO - [2023-07-09T17:01:03.234+0000] {dag.py:2676} INFO - Sync 1 DAGs
[2023-07-09T17:01:03.280+0000] {logging_mixin.py:137} INFO - [2023-07-09T17:01:03.280+0000] {dag.py:3423} INFO - Setting next_dagrun for example_nested_branch_dag to 2023-07-08T00:00:00+00:00, run_after=2023-07-09T00:00:00+00:00
[2023-07-09T17:01:03.310+0000] {processor.py:175} INFO - Processing /home/ubuntu/venv/lib/python3.10/site-packages/airflow/example_dags/example_nested_branch_dag.py took 0.217 seconds
[2023-07-09T17:01:33.969+0000] {processor.py:153} INFO - Started process (PID=9144) to work on /home/ubuntu/venv/lib/python3.10/site-packages/airflow/example_dags/example_nested_branch_dag.py
[2023-07-09T17:01:33.971+0000] {processor.py:743} INFO - Processing file /home/ubuntu/venv/lib/python3.10/site-packages/airflow/example_dags/example_nested_branch_dag.py for tasks to queue
[2023-07-09T17:01:33.972+0000] {logging_mixin.py:137} INFO - [2023-07-09T17:01:33.971+0000] {dagbag.py:538} INFO - Filling up the DagBag from /home/ubuntu/venv/lib/python3.10/site-packages/airflow/example_dags/example_nested_branch_dag.py
[2023-07-09T17:01:34.023+0000] {processor.py:753} INFO - DAG(s) dict_keys(['example_nested_branch_dag']) retrieved from /home/ubuntu/venv/lib/python3.10/site-packages/airflow/example_dags/example_nested_branch_dag.py
[2023-07-09T17:01:34.106+0000] {logging_mixin.py:137} INFO - [2023-07-09T17:01:34.106+0000] {dag.py:2676} INFO - Sync 1 DAGs
[2023-07-09T17:01:34.141+0000] {logging_mixin.py:137} INFO - [2023-07-09T17:01:34.141+0000] {dag.py:3423} INFO - Setting next_dagrun for example_nested_branch_dag to 2023-07-08T00:00:00+00:00, run_after=2023-07-09T00:00:00+00:00
[2023-07-09T17:01:34.200+0000] {processor.py:175} INFO - Processing /home/ubuntu/venv/lib/python3.10/site-packages/airflow/example_dags/example_nested_branch_dag.py took 0.237 seconds
[2023-07-09T17:02:05.059+0000] {processor.py:153} INFO - Started process (PID=9403) to work on /home/ubuntu/venv/lib/python3.10/site-packages/airflow/example_dags/example_nested_branch_dag.py
[2023-07-09T17:02:05.061+0000] {processor.py:743} INFO - Processing file /home/ubuntu/venv/lib/python3.10/site-packages/airflow/example_dags/example_nested_branch_dag.py for tasks to queue
[2023-07-09T17:02:05.062+0000] {logging_mixin.py:137} INFO - [2023-07-09T17:02:05.062+0000] {dagbag.py:538} INFO - Filling up the DagBag from /home/ubuntu/venv/lib/python3.10/site-packages/airflow/example_dags/example_nested_branch_dag.py
[2023-07-09T17:02:05.116+0000] {processor.py:753} INFO - DAG(s) dict_keys(['example_nested_branch_dag']) retrieved from /home/ubuntu/venv/lib/python3.10/site-packages/airflow/example_dags/example_nested_branch_dag.py
[2023-07-09T17:02:05.188+0000] {logging_mixin.py:137} INFO - [2023-07-09T17:02:05.188+0000] {dag.py:2676} INFO - Sync 1 DAGs
[2023-07-09T17:02:05.226+0000] {logging_mixin.py:137} INFO - [2023-07-09T17:02:05.226+0000] {dag.py:3423} INFO - Setting next_dagrun for example_nested_branch_dag to 2023-07-08T00:00:00+00:00, run_after=2023-07-09T00:00:00+00:00
[2023-07-09T17:02:05.250+0000] {processor.py:175} INFO - Processing /home/ubuntu/venv/lib/python3.10/site-packages/airflow/example_dags/example_nested_branch_dag.py took 0.196 seconds
[2023-07-09T17:02:35.802+0000] {processor.py:153} INFO - Started process (PID=9637) to work on /home/ubuntu/venv/lib/python3.10/site-packages/airflow/example_dags/example_nested_branch_dag.py
[2023-07-09T17:02:35.809+0000] {processor.py:743} INFO - Processing file /home/ubuntu/venv/lib/python3.10/site-packages/airflow/example_dags/example_nested_branch_dag.py for tasks to queue
[2023-07-09T17:02:35.810+0000] {logging_mixin.py:137} INFO - [2023-07-09T17:02:35.810+0000] {dagbag.py:538} INFO - Filling up the DagBag from /home/ubuntu/venv/lib/python3.10/site-packages/airflow/example_dags/example_nested_branch_dag.py
[2023-07-09T17:02:35.857+0000] {processor.py:753} INFO - DAG(s) dict_keys(['example_nested_branch_dag']) retrieved from /home/ubuntu/venv/lib/python3.10/site-packages/airflow/example_dags/example_nested_branch_dag.py
[2023-07-09T17:02:35.938+0000] {logging_mixin.py:137} INFO - [2023-07-09T17:02:35.937+0000] {dag.py:2676} INFO - Sync 1 DAGs
[2023-07-09T17:02:35.976+0000] {logging_mixin.py:137} INFO - [2023-07-09T17:02:35.976+0000] {dag.py:3423} INFO - Setting next_dagrun for example_nested_branch_dag to 2023-07-08T00:00:00+00:00, run_after=2023-07-09T00:00:00+00:00
[2023-07-09T17:02:36.005+0000] {processor.py:175} INFO - Processing /home/ubuntu/venv/lib/python3.10/site-packages/airflow/example_dags/example_nested_branch_dag.py took 0.211 seconds
[2023-07-09T17:03:06.628+0000] {processor.py:153} INFO - Started process (PID=9872) to work on /home/ubuntu/venv/lib/python3.10/site-packages/airflow/example_dags/example_nested_branch_dag.py
[2023-07-09T17:03:06.634+0000] {processor.py:743} INFO - Processing file /home/ubuntu/venv/lib/python3.10/site-packages/airflow/example_dags/example_nested_branch_dag.py for tasks to queue
[2023-07-09T17:03:06.635+0000] {logging_mixin.py:137} INFO - [2023-07-09T17:03:06.634+0000] {dagbag.py:538} INFO - Filling up the DagBag from /home/ubuntu/venv/lib/python3.10/site-packages/airflow/example_dags/example_nested_branch_dag.py
[2023-07-09T17:03:06.693+0000] {processor.py:753} INFO - DAG(s) dict_keys(['example_nested_branch_dag']) retrieved from /home/ubuntu/venv/lib/python3.10/site-packages/airflow/example_dags/example_nested_branch_dag.py
[2023-07-09T17:03:06.786+0000] {logging_mixin.py:137} INFO - [2023-07-09T17:03:06.786+0000] {dag.py:2676} INFO - Sync 1 DAGs
[2023-07-09T17:03:06.829+0000] {logging_mixin.py:137} INFO - [2023-07-09T17:03:06.829+0000] {dag.py:3423} INFO - Setting next_dagrun for example_nested_branch_dag to 2023-07-08T00:00:00+00:00, run_after=2023-07-09T00:00:00+00:00
[2023-07-09T17:03:06.865+0000] {processor.py:175} INFO - Processing /home/ubuntu/venv/lib/python3.10/site-packages/airflow/example_dags/example_nested_branch_dag.py took 0.244 seconds
[2023-07-09T17:03:37.821+0000] {processor.py:153} INFO - Started process (PID=10108) to work on /home/ubuntu/venv/lib/python3.10/site-packages/airflow/example_dags/example_nested_branch_dag.py
[2023-07-09T17:03:37.823+0000] {processor.py:743} INFO - Processing file /home/ubuntu/venv/lib/python3.10/site-packages/airflow/example_dags/example_nested_branch_dag.py for tasks to queue
[2023-07-09T17:03:37.824+0000] {logging_mixin.py:137} INFO - [2023-07-09T17:03:37.824+0000] {dagbag.py:538} INFO - Filling up the DagBag from /home/ubuntu/venv/lib/python3.10/site-packages/airflow/example_dags/example_nested_branch_dag.py
[2023-07-09T17:03:37.867+0000] {processor.py:753} INFO - DAG(s) dict_keys(['example_nested_branch_dag']) retrieved from /home/ubuntu/venv/lib/python3.10/site-packages/airflow/example_dags/example_nested_branch_dag.py
[2023-07-09T17:03:37.934+0000] {logging_mixin.py:137} INFO - [2023-07-09T17:03:37.934+0000] {dag.py:2676} INFO - Sync 1 DAGs
[2023-07-09T17:03:37.972+0000] {logging_mixin.py:137} INFO - [2023-07-09T17:03:37.972+0000] {dag.py:3423} INFO - Setting next_dagrun for example_nested_branch_dag to 2023-07-08T00:00:00+00:00, run_after=2023-07-09T00:00:00+00:00
[2023-07-09T17:03:38.000+0000] {processor.py:175} INFO - Processing /home/ubuntu/venv/lib/python3.10/site-packages/airflow/example_dags/example_nested_branch_dag.py took 0.184 seconds
[2023-07-09T17:04:08.762+0000] {processor.py:153} INFO - Started process (PID=10344) to work on /home/ubuntu/venv/lib/python3.10/site-packages/airflow/example_dags/example_nested_branch_dag.py
[2023-07-09T17:04:08.763+0000] {processor.py:743} INFO - Processing file /home/ubuntu/venv/lib/python3.10/site-packages/airflow/example_dags/example_nested_branch_dag.py for tasks to queue
[2023-07-09T17:04:08.764+0000] {logging_mixin.py:137} INFO - [2023-07-09T17:04:08.764+0000] {dagbag.py:538} INFO - Filling up the DagBag from /home/ubuntu/venv/lib/python3.10/site-packages/airflow/example_dags/example_nested_branch_dag.py
[2023-07-09T17:04:08.792+0000] {processor.py:753} INFO - DAG(s) dict_keys(['example_nested_branch_dag']) retrieved from /home/ubuntu/venv/lib/python3.10/site-packages/airflow/example_dags/example_nested_branch_dag.py
[2023-07-09T17:04:08.862+0000] {logging_mixin.py:137} INFO - [2023-07-09T17:04:08.862+0000] {dag.py:2676} INFO - Sync 1 DAGs
[2023-07-09T17:04:08.911+0000] {logging_mixin.py:137} INFO - [2023-07-09T17:04:08.911+0000] {dag.py:3423} INFO - Setting next_dagrun for example_nested_branch_dag to 2023-07-08T00:00:00+00:00, run_after=2023-07-09T00:00:00+00:00
[2023-07-09T17:04:08.940+0000] {processor.py:175} INFO - Processing /home/ubuntu/venv/lib/python3.10/site-packages/airflow/example_dags/example_nested_branch_dag.py took 0.180 seconds
[2023-07-09T17:04:40.233+0000] {processor.py:153} INFO - Started process (PID=10579) to work on /home/ubuntu/venv/lib/python3.10/site-packages/airflow/example_dags/example_nested_branch_dag.py
[2023-07-09T17:04:40.234+0000] {processor.py:743} INFO - Processing file /home/ubuntu/venv/lib/python3.10/site-packages/airflow/example_dags/example_nested_branch_dag.py for tasks to queue
[2023-07-09T17:04:40.235+0000] {logging_mixin.py:137} INFO - [2023-07-09T17:04:40.235+0000] {dagbag.py:538} INFO - Filling up the DagBag from /home/ubuntu/venv/lib/python3.10/site-packages/airflow/example_dags/example_nested_branch_dag.py
[2023-07-09T17:04:40.273+0000] {processor.py:753} INFO - DAG(s) dict_keys(['example_nested_branch_dag']) retrieved from /home/ubuntu/venv/lib/python3.10/site-packages/airflow/example_dags/example_nested_branch_dag.py
[2023-07-09T17:04:40.379+0000] {logging_mixin.py:137} INFO - [2023-07-09T17:04:40.379+0000] {dag.py:2676} INFO - Sync 1 DAGs
[2023-07-09T17:04:40.691+0000] {logging_mixin.py:137} INFO - [2023-07-09T17:04:40.691+0000] {dag.py:3423} INFO - Setting next_dagrun for example_nested_branch_dag to 2023-07-08T00:00:00+00:00, run_after=2023-07-09T00:00:00+00:00
[2023-07-09T17:04:40.725+0000] {processor.py:175} INFO - Processing /home/ubuntu/venv/lib/python3.10/site-packages/airflow/example_dags/example_nested_branch_dag.py took 0.507 seconds
[2023-07-09T17:06:03.469+0000] {processor.py:153} INFO - Started process (PID=11151) to work on /home/ubuntu/venv/lib/python3.10/site-packages/airflow/example_dags/example_nested_branch_dag.py
[2023-07-09T17:06:03.473+0000] {processor.py:743} INFO - Processing file /home/ubuntu/venv/lib/python3.10/site-packages/airflow/example_dags/example_nested_branch_dag.py for tasks to queue
[2023-07-09T17:06:03.478+0000] {logging_mixin.py:137} INFO - [2023-07-09T17:06:03.476+0000] {dagbag.py:538} INFO - Filling up the DagBag from /home/ubuntu/venv/lib/python3.10/site-packages/airflow/example_dags/example_nested_branch_dag.py
[2023-07-09T17:06:03.558+0000] {processor.py:753} INFO - DAG(s) dict_keys(['example_nested_branch_dag']) retrieved from /home/ubuntu/venv/lib/python3.10/site-packages/airflow/example_dags/example_nested_branch_dag.py
[2023-07-09T17:06:03.646+0000] {logging_mixin.py:137} INFO - [2023-07-09T17:06:03.646+0000] {dag.py:2676} INFO - Sync 1 DAGs
[2023-07-09T17:06:03.684+0000] {logging_mixin.py:137} INFO - [2023-07-09T17:06:03.684+0000] {dag.py:3423} INFO - Setting next_dagrun for example_nested_branch_dag to 2023-07-08T00:00:00+00:00, run_after=2023-07-09T00:00:00+00:00
[2023-07-09T17:06:03.711+0000] {processor.py:175} INFO - Processing /home/ubuntu/venv/lib/python3.10/site-packages/airflow/example_dags/example_nested_branch_dag.py took 0.247 seconds
[2023-07-09T17:06:33.946+0000] {processor.py:153} INFO - Started process (PID=11409) to work on /home/ubuntu/venv/lib/python3.10/site-packages/airflow/example_dags/example_nested_branch_dag.py
[2023-07-09T17:06:33.947+0000] {processor.py:743} INFO - Processing file /home/ubuntu/venv/lib/python3.10/site-packages/airflow/example_dags/example_nested_branch_dag.py for tasks to queue
[2023-07-09T17:06:33.948+0000] {logging_mixin.py:137} INFO - [2023-07-09T17:06:33.948+0000] {dagbag.py:538} INFO - Filling up the DagBag from /home/ubuntu/venv/lib/python3.10/site-packages/airflow/example_dags/example_nested_branch_dag.py
[2023-07-09T17:06:33.997+0000] {processor.py:753} INFO - DAG(s) dict_keys(['example_nested_branch_dag']) retrieved from /home/ubuntu/venv/lib/python3.10/site-packages/airflow/example_dags/example_nested_branch_dag.py
[2023-07-09T17:06:34.095+0000] {logging_mixin.py:137} INFO - [2023-07-09T17:06:34.094+0000] {dag.py:2676} INFO - Sync 1 DAGs
[2023-07-09T17:06:34.135+0000] {logging_mixin.py:137} INFO - [2023-07-09T17:06:34.135+0000] {dag.py:3423} INFO - Setting next_dagrun for example_nested_branch_dag to 2023-07-08T00:00:00+00:00, run_after=2023-07-09T00:00:00+00:00
[2023-07-09T17:06:34.162+0000] {processor.py:175} INFO - Processing /home/ubuntu/venv/lib/python3.10/site-packages/airflow/example_dags/example_nested_branch_dag.py took 0.222 seconds
[2023-07-09T17:07:27.970+0000] {processor.py:153} INFO - Started process (PID=11882) to work on /home/ubuntu/venv/lib/python3.10/site-packages/airflow/example_dags/example_nested_branch_dag.py
[2023-07-09T17:07:27.971+0000] {processor.py:743} INFO - Processing file /home/ubuntu/venv/lib/python3.10/site-packages/airflow/example_dags/example_nested_branch_dag.py for tasks to queue
[2023-07-09T17:07:27.973+0000] {logging_mixin.py:137} INFO - [2023-07-09T17:07:27.972+0000] {dagbag.py:538} INFO - Filling up the DagBag from /home/ubuntu/venv/lib/python3.10/site-packages/airflow/example_dags/example_nested_branch_dag.py
[2023-07-09T17:07:28.020+0000] {processor.py:753} INFO - DAG(s) dict_keys(['example_nested_branch_dag']) retrieved from /home/ubuntu/venv/lib/python3.10/site-packages/airflow/example_dags/example_nested_branch_dag.py
[2023-07-09T17:07:28.093+0000] {logging_mixin.py:137} INFO - [2023-07-09T17:07:28.093+0000] {dag.py:2676} INFO - Sync 1 DAGs
[2023-07-09T17:07:28.138+0000] {logging_mixin.py:137} INFO - [2023-07-09T17:07:28.137+0000] {dag.py:3423} INFO - Setting next_dagrun for example_nested_branch_dag to 2023-07-08T00:00:00+00:00, run_after=2023-07-09T00:00:00+00:00
[2023-07-09T17:07:28.168+0000] {processor.py:175} INFO - Processing /home/ubuntu/venv/lib/python3.10/site-packages/airflow/example_dags/example_nested_branch_dag.py took 0.204 seconds
[2023-07-09T17:07:58.793+0000] {processor.py:153} INFO - Started process (PID=12139) to work on /home/ubuntu/venv/lib/python3.10/site-packages/airflow/example_dags/example_nested_branch_dag.py
[2023-07-09T17:07:58.794+0000] {processor.py:743} INFO - Processing file /home/ubuntu/venv/lib/python3.10/site-packages/airflow/example_dags/example_nested_branch_dag.py for tasks to queue
[2023-07-09T17:07:58.795+0000] {logging_mixin.py:137} INFO - [2023-07-09T17:07:58.795+0000] {dagbag.py:538} INFO - Filling up the DagBag from /home/ubuntu/venv/lib/python3.10/site-packages/airflow/example_dags/example_nested_branch_dag.py
[2023-07-09T17:07:58.836+0000] {processor.py:753} INFO - DAG(s) dict_keys(['example_nested_branch_dag']) retrieved from /home/ubuntu/venv/lib/python3.10/site-packages/airflow/example_dags/example_nested_branch_dag.py
[2023-07-09T17:07:58.950+0000] {logging_mixin.py:137} INFO - [2023-07-09T17:07:58.948+0000] {dag.py:2676} INFO - Sync 1 DAGs
[2023-07-09T17:07:59.025+0000] {logging_mixin.py:137} INFO - [2023-07-09T17:07:59.024+0000] {dag.py:3423} INFO - Setting next_dagrun for example_nested_branch_dag to 2023-07-08T00:00:00+00:00, run_after=2023-07-09T00:00:00+00:00
[2023-07-09T17:07:59.077+0000] {processor.py:175} INFO - Processing /home/ubuntu/venv/lib/python3.10/site-packages/airflow/example_dags/example_nested_branch_dag.py took 0.290 seconds
[2023-07-09T17:08:29.749+0000] {processor.py:153} INFO - Started process (PID=12375) to work on /home/ubuntu/venv/lib/python3.10/site-packages/airflow/example_dags/example_nested_branch_dag.py
[2023-07-09T17:08:29.750+0000] {processor.py:743} INFO - Processing file /home/ubuntu/venv/lib/python3.10/site-packages/airflow/example_dags/example_nested_branch_dag.py for tasks to queue
[2023-07-09T17:08:29.751+0000] {logging_mixin.py:137} INFO - [2023-07-09T17:08:29.751+0000] {dagbag.py:538} INFO - Filling up the DagBag from /home/ubuntu/venv/lib/python3.10/site-packages/airflow/example_dags/example_nested_branch_dag.py
[2023-07-09T17:08:29.794+0000] {processor.py:753} INFO - DAG(s) dict_keys(['example_nested_branch_dag']) retrieved from /home/ubuntu/venv/lib/python3.10/site-packages/airflow/example_dags/example_nested_branch_dag.py
[2023-07-09T17:08:29.865+0000] {logging_mixin.py:137} INFO - [2023-07-09T17:08:29.865+0000] {dag.py:2676} INFO - Sync 1 DAGs
[2023-07-09T17:08:29.900+0000] {logging_mixin.py:137} INFO - [2023-07-09T17:08:29.900+0000] {dag.py:3423} INFO - Setting next_dagrun for example_nested_branch_dag to 2023-07-08T00:00:00+00:00, run_after=2023-07-09T00:00:00+00:00
[2023-07-09T17:08:29.924+0000] {processor.py:175} INFO - Processing /home/ubuntu/venv/lib/python3.10/site-packages/airflow/example_dags/example_nested_branch_dag.py took 0.180 seconds
[2023-07-09T17:09:06.948+0000] {processor.py:153} INFO - Started process (PID=12830) to work on /home/ubuntu/venv/lib/python3.10/site-packages/airflow/example_dags/example_nested_branch_dag.py
[2023-07-09T17:09:06.949+0000] {processor.py:743} INFO - Processing file /home/ubuntu/venv/lib/python3.10/site-packages/airflow/example_dags/example_nested_branch_dag.py for tasks to queue
[2023-07-09T17:09:06.950+0000] {logging_mixin.py:137} INFO - [2023-07-09T17:09:06.950+0000] {dagbag.py:538} INFO - Filling up the DagBag from /home/ubuntu/venv/lib/python3.10/site-packages/airflow/example_dags/example_nested_branch_dag.py
[2023-07-09T17:09:06.985+0000] {processor.py:753} INFO - DAG(s) dict_keys(['example_nested_branch_dag']) retrieved from /home/ubuntu/venv/lib/python3.10/site-packages/airflow/example_dags/example_nested_branch_dag.py
[2023-07-09T17:09:07.052+0000] {logging_mixin.py:137} INFO - [2023-07-09T17:09:07.052+0000] {dag.py:2676} INFO - Sync 1 DAGs
[2023-07-09T17:09:07.088+0000] {logging_mixin.py:137} INFO - [2023-07-09T17:09:07.087+0000] {dag.py:3423} INFO - Setting next_dagrun for example_nested_branch_dag to 2023-07-08T00:00:00+00:00, run_after=2023-07-09T00:00:00+00:00
[2023-07-09T17:09:07.110+0000] {processor.py:175} INFO - Processing /home/ubuntu/venv/lib/python3.10/site-packages/airflow/example_dags/example_nested_branch_dag.py took 0.166 seconds
[2023-07-09T17:09:37.591+0000] {processor.py:153} INFO - Started process (PID=13106) to work on /home/ubuntu/venv/lib/python3.10/site-packages/airflow/example_dags/example_nested_branch_dag.py
[2023-07-09T17:09:37.592+0000] {processor.py:743} INFO - Processing file /home/ubuntu/venv/lib/python3.10/site-packages/airflow/example_dags/example_nested_branch_dag.py for tasks to queue
[2023-07-09T17:09:37.593+0000] {logging_mixin.py:137} INFO - [2023-07-09T17:09:37.593+0000] {dagbag.py:538} INFO - Filling up the DagBag from /home/ubuntu/venv/lib/python3.10/site-packages/airflow/example_dags/example_nested_branch_dag.py
[2023-07-09T17:09:37.634+0000] {processor.py:753} INFO - DAG(s) dict_keys(['example_nested_branch_dag']) retrieved from /home/ubuntu/venv/lib/python3.10/site-packages/airflow/example_dags/example_nested_branch_dag.py
[2023-07-09T17:09:37.713+0000] {logging_mixin.py:137} INFO - [2023-07-09T17:09:37.712+0000] {dag.py:2676} INFO - Sync 1 DAGs
[2023-07-09T17:09:37.745+0000] {logging_mixin.py:137} INFO - [2023-07-09T17:09:37.745+0000] {dag.py:3423} INFO - Setting next_dagrun for example_nested_branch_dag to 2023-07-08T00:00:00+00:00, run_after=2023-07-09T00:00:00+00:00
[2023-07-09T17:09:37.769+0000] {processor.py:175} INFO - Processing /home/ubuntu/venv/lib/python3.10/site-packages/airflow/example_dags/example_nested_branch_dag.py took 0.183 seconds
[2023-07-09T17:10:08.442+0000] {processor.py:153} INFO - Started process (PID=13342) to work on /home/ubuntu/venv/lib/python3.10/site-packages/airflow/example_dags/example_nested_branch_dag.py
[2023-07-09T17:10:08.443+0000] {processor.py:743} INFO - Processing file /home/ubuntu/venv/lib/python3.10/site-packages/airflow/example_dags/example_nested_branch_dag.py for tasks to queue
[2023-07-09T17:10:08.444+0000] {logging_mixin.py:137} INFO - [2023-07-09T17:10:08.444+0000] {dagbag.py:538} INFO - Filling up the DagBag from /home/ubuntu/venv/lib/python3.10/site-packages/airflow/example_dags/example_nested_branch_dag.py
[2023-07-09T17:10:08.490+0000] {processor.py:753} INFO - DAG(s) dict_keys(['example_nested_branch_dag']) retrieved from /home/ubuntu/venv/lib/python3.10/site-packages/airflow/example_dags/example_nested_branch_dag.py
[2023-07-09T17:10:08.555+0000] {logging_mixin.py:137} INFO - [2023-07-09T17:10:08.555+0000] {dag.py:2676} INFO - Sync 1 DAGs
[2023-07-09T17:10:08.587+0000] {logging_mixin.py:137} INFO - [2023-07-09T17:10:08.587+0000] {dag.py:3423} INFO - Setting next_dagrun for example_nested_branch_dag to 2023-07-08T00:00:00+00:00, run_after=2023-07-09T00:00:00+00:00
[2023-07-09T17:10:08.611+0000] {processor.py:175} INFO - Processing /home/ubuntu/venv/lib/python3.10/site-packages/airflow/example_dags/example_nested_branch_dag.py took 0.174 seconds
