[2023-07-09T15:46:36.717+0000] {processor.py:153} INFO - Started process (PID=1475) to work on /home/ubuntu/venv/lib/python3.10/site-packages/airflow/example_dags/example_branch_python_dop_operator_3.py
[2023-07-09T15:46:36.718+0000] {processor.py:743} INFO - Processing file /home/ubuntu/venv/lib/python3.10/site-packages/airflow/example_dags/example_branch_python_dop_operator_3.py for tasks to queue
[2023-07-09T15:46:36.718+0000] {logging_mixin.py:137} INFO - [2023-07-09T15:46:36.718+0000] {dagbag.py:538} INFO - Filling up the DagBag from /home/ubuntu/venv/lib/python3.10/site-packages/airflow/example_dags/example_branch_python_dop_operator_3.py
[2023-07-09T15:46:36.745+0000] {processor.py:753} INFO - DAG(s) dict_keys(['example_branch_dop_operator_v3']) retrieved from /home/ubuntu/venv/lib/python3.10/site-packages/airflow/example_dags/example_branch_python_dop_operator_3.py
[2023-07-09T15:46:36.817+0000] {logging_mixin.py:137} INFO - [2023-07-09T15:46:36.817+0000] {dag.py:2676} INFO - Sync 1 DAGs
[2023-07-09T15:46:36.859+0000] {logging_mixin.py:137} INFO - [2023-07-09T15:46:36.859+0000] {dag.py:3423} INFO - Setting next_dagrun for example_branch_dop_operator_v3 to 2023-07-09T15:45:00+00:00, run_after=2023-07-09T15:46:00+00:00
[2023-07-09T15:46:36.885+0000] {processor.py:175} INFO - Processing /home/ubuntu/venv/lib/python3.10/site-packages/airflow/example_dags/example_branch_python_dop_operator_3.py took 0.171 seconds
[2023-07-09T15:47:07.135+0000] {processor.py:153} INFO - Started process (PID=1714) to work on /home/ubuntu/venv/lib/python3.10/site-packages/airflow/example_dags/example_branch_python_dop_operator_3.py
[2023-07-09T15:47:07.136+0000] {processor.py:743} INFO - Processing file /home/ubuntu/venv/lib/python3.10/site-packages/airflow/example_dags/example_branch_python_dop_operator_3.py for tasks to queue
[2023-07-09T15:47:07.137+0000] {logging_mixin.py:137} INFO - [2023-07-09T15:47:07.137+0000] {dagbag.py:538} INFO - Filling up the DagBag from /home/ubuntu/venv/lib/python3.10/site-packages/airflow/example_dags/example_branch_python_dop_operator_3.py
[2023-07-09T15:47:07.172+0000] {processor.py:753} INFO - DAG(s) dict_keys(['example_branch_dop_operator_v3']) retrieved from /home/ubuntu/venv/lib/python3.10/site-packages/airflow/example_dags/example_branch_python_dop_operator_3.py
[2023-07-09T15:47:07.245+0000] {logging_mixin.py:137} INFO - [2023-07-09T15:47:07.245+0000] {dag.py:2676} INFO - Sync 1 DAGs
[2023-07-09T15:47:07.286+0000] {logging_mixin.py:137} INFO - [2023-07-09T15:47:07.286+0000] {dag.py:3423} INFO - Setting next_dagrun for example_branch_dop_operator_v3 to 2023-07-09T15:46:00+00:00, run_after=2023-07-09T15:47:00+00:00
[2023-07-09T15:47:07.318+0000] {processor.py:175} INFO - Processing /home/ubuntu/venv/lib/python3.10/site-packages/airflow/example_dags/example_branch_python_dop_operator_3.py took 0.189 seconds
[2023-07-09T15:49:54.867+0000] {processor.py:153} INFO - Started process (PID=2293) to work on /home/ubuntu/venv/lib/python3.10/site-packages/airflow/example_dags/example_branch_python_dop_operator_3.py
[2023-07-09T15:49:54.868+0000] {processor.py:743} INFO - Processing file /home/ubuntu/venv/lib/python3.10/site-packages/airflow/example_dags/example_branch_python_dop_operator_3.py for tasks to queue
[2023-07-09T15:49:54.869+0000] {logging_mixin.py:137} INFO - [2023-07-09T15:49:54.869+0000] {dagbag.py:538} INFO - Filling up the DagBag from /home/ubuntu/venv/lib/python3.10/site-packages/airflow/example_dags/example_branch_python_dop_operator_3.py
[2023-07-09T15:49:54.903+0000] {processor.py:753} INFO - DAG(s) dict_keys(['example_branch_dop_operator_v3']) retrieved from /home/ubuntu/venv/lib/python3.10/site-packages/airflow/example_dags/example_branch_python_dop_operator_3.py
[2023-07-09T15:49:54.969+0000] {logging_mixin.py:137} INFO - [2023-07-09T15:49:54.969+0000] {dag.py:2676} INFO - Sync 1 DAGs
[2023-07-09T15:49:55.049+0000] {logging_mixin.py:137} INFO - [2023-07-09T15:49:55.049+0000] {dag.py:3423} INFO - Setting next_dagrun for example_branch_dop_operator_v3 to 2023-07-09T15:48:00+00:00, run_after=2023-07-09T15:49:00+00:00
[2023-07-09T15:49:55.075+0000] {processor.py:175} INFO - Processing /home/ubuntu/venv/lib/python3.10/site-packages/airflow/example_dags/example_branch_python_dop_operator_3.py took 0.212 seconds
[2023-07-09T15:50:26.065+0000] {processor.py:153} INFO - Started process (PID=2529) to work on /home/ubuntu/venv/lib/python3.10/site-packages/airflow/example_dags/example_branch_python_dop_operator_3.py
[2023-07-09T15:50:26.066+0000] {processor.py:743} INFO - Processing file /home/ubuntu/venv/lib/python3.10/site-packages/airflow/example_dags/example_branch_python_dop_operator_3.py for tasks to queue
[2023-07-09T15:50:26.067+0000] {logging_mixin.py:137} INFO - [2023-07-09T15:50:26.066+0000] {dagbag.py:538} INFO - Filling up the DagBag from /home/ubuntu/venv/lib/python3.10/site-packages/airflow/example_dags/example_branch_python_dop_operator_3.py
[2023-07-09T15:50:26.098+0000] {processor.py:753} INFO - DAG(s) dict_keys(['example_branch_dop_operator_v3']) retrieved from /home/ubuntu/venv/lib/python3.10/site-packages/airflow/example_dags/example_branch_python_dop_operator_3.py
[2023-07-09T15:50:26.161+0000] {logging_mixin.py:137} INFO - [2023-07-09T15:50:26.161+0000] {dag.py:2676} INFO - Sync 1 DAGs
[2023-07-09T15:50:26.198+0000] {logging_mixin.py:137} INFO - [2023-07-09T15:50:26.198+0000] {dag.py:3423} INFO - Setting next_dagrun for example_branch_dop_operator_v3 to 2023-07-09T15:49:00+00:00, run_after=2023-07-09T15:50:00+00:00
[2023-07-09T15:50:26.223+0000] {processor.py:175} INFO - Processing /home/ubuntu/venv/lib/python3.10/site-packages/airflow/example_dags/example_branch_python_dop_operator_3.py took 0.162 seconds
[2023-07-09T16:47:20.876+0000] {processor.py:153} INFO - Started process (PID=3636) to work on /home/ubuntu/venv/lib/python3.10/site-packages/airflow/example_dags/example_branch_python_dop_operator_3.py
[2023-07-09T16:47:20.877+0000] {processor.py:743} INFO - Processing file /home/ubuntu/venv/lib/python3.10/site-packages/airflow/example_dags/example_branch_python_dop_operator_3.py for tasks to queue
[2023-07-09T16:47:20.878+0000] {logging_mixin.py:137} INFO - [2023-07-09T16:47:20.878+0000] {dagbag.py:538} INFO - Filling up the DagBag from /home/ubuntu/venv/lib/python3.10/site-packages/airflow/example_dags/example_branch_python_dop_operator_3.py
[2023-07-09T16:47:20.948+0000] {processor.py:753} INFO - DAG(s) dict_keys(['example_branch_dop_operator_v3']) retrieved from /home/ubuntu/venv/lib/python3.10/site-packages/airflow/example_dags/example_branch_python_dop_operator_3.py
[2023-07-09T16:47:21.127+0000] {logging_mixin.py:137} INFO - [2023-07-09T16:47:21.127+0000] {dag.py:2676} INFO - Sync 1 DAGs
[2023-07-09T16:47:21.265+0000] {logging_mixin.py:137} INFO - [2023-07-09T16:47:21.265+0000] {dag.py:3423} INFO - Setting next_dagrun for example_branch_dop_operator_v3 to 2023-07-09T16:46:00+00:00, run_after=2023-07-09T16:47:00+00:00
[2023-07-09T16:47:21.378+0000] {processor.py:175} INFO - Processing /home/ubuntu/venv/lib/python3.10/site-packages/airflow/example_dags/example_branch_python_dop_operator_3.py took 0.512 seconds
[2023-07-09T16:47:52.017+0000] {processor.py:153} INFO - Started process (PID=3962) to work on /home/ubuntu/venv/lib/python3.10/site-packages/airflow/example_dags/example_branch_python_dop_operator_3.py
[2023-07-09T16:47:52.018+0000] {processor.py:743} INFO - Processing file /home/ubuntu/venv/lib/python3.10/site-packages/airflow/example_dags/example_branch_python_dop_operator_3.py for tasks to queue
[2023-07-09T16:47:52.019+0000] {logging_mixin.py:137} INFO - [2023-07-09T16:47:52.019+0000] {dagbag.py:538} INFO - Filling up the DagBag from /home/ubuntu/venv/lib/python3.10/site-packages/airflow/example_dags/example_branch_python_dop_operator_3.py
[2023-07-09T16:47:52.056+0000] {processor.py:753} INFO - DAG(s) dict_keys(['example_branch_dop_operator_v3']) retrieved from /home/ubuntu/venv/lib/python3.10/site-packages/airflow/example_dags/example_branch_python_dop_operator_3.py
[2023-07-09T16:47:52.138+0000] {logging_mixin.py:137} INFO - [2023-07-09T16:47:52.137+0000] {dag.py:2676} INFO - Sync 1 DAGs
[2023-07-09T16:47:52.196+0000] {logging_mixin.py:137} INFO - [2023-07-09T16:47:52.196+0000] {dag.py:3423} INFO - Setting next_dagrun for example_branch_dop_operator_v3 to 2023-07-09T16:46:00+00:00, run_after=2023-07-09T16:47:00+00:00
[2023-07-09T16:47:52.221+0000] {processor.py:175} INFO - Processing /home/ubuntu/venv/lib/python3.10/site-packages/airflow/example_dags/example_branch_python_dop_operator_3.py took 0.209 seconds
[2023-07-09T16:48:22.758+0000] {processor.py:153} INFO - Started process (PID=4197) to work on /home/ubuntu/venv/lib/python3.10/site-packages/airflow/example_dags/example_branch_python_dop_operator_3.py
[2023-07-09T16:48:22.771+0000] {processor.py:743} INFO - Processing file /home/ubuntu/venv/lib/python3.10/site-packages/airflow/example_dags/example_branch_python_dop_operator_3.py for tasks to queue
[2023-07-09T16:48:22.772+0000] {logging_mixin.py:137} INFO - [2023-07-09T16:48:22.771+0000] {dagbag.py:538} INFO - Filling up the DagBag from /home/ubuntu/venv/lib/python3.10/site-packages/airflow/example_dags/example_branch_python_dop_operator_3.py
[2023-07-09T16:48:22.863+0000] {processor.py:753} INFO - DAG(s) dict_keys(['example_branch_dop_operator_v3']) retrieved from /home/ubuntu/venv/lib/python3.10/site-packages/airflow/example_dags/example_branch_python_dop_operator_3.py
[2023-07-09T16:48:22.949+0000] {logging_mixin.py:137} INFO - [2023-07-09T16:48:22.949+0000] {dag.py:2676} INFO - Sync 1 DAGs
[2023-07-09T16:48:22.988+0000] {logging_mixin.py:137} INFO - [2023-07-09T16:48:22.988+0000] {dag.py:3423} INFO - Setting next_dagrun for example_branch_dop_operator_v3 to 2023-07-09T16:47:00+00:00, run_after=2023-07-09T16:48:00+00:00
[2023-07-09T16:48:23.027+0000] {processor.py:175} INFO - Processing /home/ubuntu/venv/lib/python3.10/site-packages/airflow/example_dags/example_branch_python_dop_operator_3.py took 0.273 seconds
[2023-07-09T16:48:53.891+0000] {processor.py:153} INFO - Started process (PID=4433) to work on /home/ubuntu/venv/lib/python3.10/site-packages/airflow/example_dags/example_branch_python_dop_operator_3.py
[2023-07-09T16:48:53.892+0000] {processor.py:743} INFO - Processing file /home/ubuntu/venv/lib/python3.10/site-packages/airflow/example_dags/example_branch_python_dop_operator_3.py for tasks to queue
[2023-07-09T16:48:53.893+0000] {logging_mixin.py:137} INFO - [2023-07-09T16:48:53.893+0000] {dagbag.py:538} INFO - Filling up the DagBag from /home/ubuntu/venv/lib/python3.10/site-packages/airflow/example_dags/example_branch_python_dop_operator_3.py
[2023-07-09T16:48:53.934+0000] {processor.py:753} INFO - DAG(s) dict_keys(['example_branch_dop_operator_v3']) retrieved from /home/ubuntu/venv/lib/python3.10/site-packages/airflow/example_dags/example_branch_python_dop_operator_3.py
[2023-07-09T16:48:54.019+0000] {logging_mixin.py:137} INFO - [2023-07-09T16:48:54.018+0000] {dag.py:2676} INFO - Sync 1 DAGs
[2023-07-09T16:48:54.067+0000] {logging_mixin.py:137} INFO - [2023-07-09T16:48:54.067+0000] {dag.py:3423} INFO - Setting next_dagrun for example_branch_dop_operator_v3 to 2023-07-09T16:47:00+00:00, run_after=2023-07-09T16:48:00+00:00
[2023-07-09T16:48:54.118+0000] {processor.py:175} INFO - Processing /home/ubuntu/venv/lib/python3.10/site-packages/airflow/example_dags/example_branch_python_dop_operator_3.py took 0.231 seconds
[2023-07-09T16:49:24.475+0000] {processor.py:153} INFO - Started process (PID=4668) to work on /home/ubuntu/venv/lib/python3.10/site-packages/airflow/example_dags/example_branch_python_dop_operator_3.py
[2023-07-09T16:49:24.476+0000] {processor.py:743} INFO - Processing file /home/ubuntu/venv/lib/python3.10/site-packages/airflow/example_dags/example_branch_python_dop_operator_3.py for tasks to queue
[2023-07-09T16:49:24.477+0000] {logging_mixin.py:137} INFO - [2023-07-09T16:49:24.477+0000] {dagbag.py:538} INFO - Filling up the DagBag from /home/ubuntu/venv/lib/python3.10/site-packages/airflow/example_dags/example_branch_python_dop_operator_3.py
[2023-07-09T16:49:24.547+0000] {processor.py:753} INFO - DAG(s) dict_keys(['example_branch_dop_operator_v3']) retrieved from /home/ubuntu/venv/lib/python3.10/site-packages/airflow/example_dags/example_branch_python_dop_operator_3.py
[2023-07-09T16:49:24.613+0000] {logging_mixin.py:137} INFO - [2023-07-09T16:49:24.612+0000] {dag.py:2676} INFO - Sync 1 DAGs
[2023-07-09T16:49:24.655+0000] {logging_mixin.py:137} INFO - [2023-07-09T16:49:24.654+0000] {dag.py:3423} INFO - Setting next_dagrun for example_branch_dop_operator_v3 to 2023-07-09T16:48:00+00:00, run_after=2023-07-09T16:49:00+00:00
[2023-07-09T16:49:24.680+0000] {processor.py:175} INFO - Processing /home/ubuntu/venv/lib/python3.10/site-packages/airflow/example_dags/example_branch_python_dop_operator_3.py took 0.212 seconds
[2023-07-09T16:49:54.949+0000] {processor.py:153} INFO - Started process (PID=4904) to work on /home/ubuntu/venv/lib/python3.10/site-packages/airflow/example_dags/example_branch_python_dop_operator_3.py
[2023-07-09T16:49:54.953+0000] {processor.py:743} INFO - Processing file /home/ubuntu/venv/lib/python3.10/site-packages/airflow/example_dags/example_branch_python_dop_operator_3.py for tasks to queue
[2023-07-09T16:49:54.954+0000] {logging_mixin.py:137} INFO - [2023-07-09T16:49:54.953+0000] {dagbag.py:538} INFO - Filling up the DagBag from /home/ubuntu/venv/lib/python3.10/site-packages/airflow/example_dags/example_branch_python_dop_operator_3.py
[2023-07-09T16:49:54.998+0000] {processor.py:753} INFO - DAG(s) dict_keys(['example_branch_dop_operator_v3']) retrieved from /home/ubuntu/venv/lib/python3.10/site-packages/airflow/example_dags/example_branch_python_dop_operator_3.py
[2023-07-09T16:49:55.068+0000] {logging_mixin.py:137} INFO - [2023-07-09T16:49:55.068+0000] {dag.py:2676} INFO - Sync 1 DAGs
[2023-07-09T16:49:55.135+0000] {logging_mixin.py:137} INFO - [2023-07-09T16:49:55.135+0000] {dag.py:3423} INFO - Setting next_dagrun for example_branch_dop_operator_v3 to 2023-07-09T16:48:00+00:00, run_after=2023-07-09T16:49:00+00:00
[2023-07-09T16:49:55.170+0000] {processor.py:175} INFO - Processing /home/ubuntu/venv/lib/python3.10/site-packages/airflow/example_dags/example_branch_python_dop_operator_3.py took 0.229 seconds
[2023-07-09T16:50:25.807+0000] {processor.py:153} INFO - Started process (PID=5139) to work on /home/ubuntu/venv/lib/python3.10/site-packages/airflow/example_dags/example_branch_python_dop_operator_3.py
[2023-07-09T16:50:25.809+0000] {processor.py:743} INFO - Processing file /home/ubuntu/venv/lib/python3.10/site-packages/airflow/example_dags/example_branch_python_dop_operator_3.py for tasks to queue
[2023-07-09T16:50:25.810+0000] {logging_mixin.py:137} INFO - [2023-07-09T16:50:25.809+0000] {dagbag.py:538} INFO - Filling up the DagBag from /home/ubuntu/venv/lib/python3.10/site-packages/airflow/example_dags/example_branch_python_dop_operator_3.py
[2023-07-09T16:50:25.854+0000] {processor.py:753} INFO - DAG(s) dict_keys(['example_branch_dop_operator_v3']) retrieved from /home/ubuntu/venv/lib/python3.10/site-packages/airflow/example_dags/example_branch_python_dop_operator_3.py
[2023-07-09T16:50:25.928+0000] {logging_mixin.py:137} INFO - [2023-07-09T16:50:25.928+0000] {dag.py:2676} INFO - Sync 1 DAGs
[2023-07-09T16:50:25.964+0000] {logging_mixin.py:137} INFO - [2023-07-09T16:50:25.964+0000] {dag.py:3423} INFO - Setting next_dagrun for example_branch_dop_operator_v3 to 2023-07-09T16:49:00+00:00, run_after=2023-07-09T16:50:00+00:00
[2023-07-09T16:50:25.986+0000] {processor.py:175} INFO - Processing /home/ubuntu/venv/lib/python3.10/site-packages/airflow/example_dags/example_branch_python_dop_operator_3.py took 0.183 seconds
[2023-07-09T16:54:57.192+0000] {processor.py:153} INFO - Started process (PID=5911) to work on /home/ubuntu/venv/lib/python3.10/site-packages/airflow/example_dags/example_branch_python_dop_operator_3.py
[2023-07-09T16:54:57.193+0000] {processor.py:743} INFO - Processing file /home/ubuntu/venv/lib/python3.10/site-packages/airflow/example_dags/example_branch_python_dop_operator_3.py for tasks to queue
[2023-07-09T16:54:57.194+0000] {logging_mixin.py:137} INFO - [2023-07-09T16:54:57.193+0000] {dagbag.py:538} INFO - Filling up the DagBag from /home/ubuntu/venv/lib/python3.10/site-packages/airflow/example_dags/example_branch_python_dop_operator_3.py
[2023-07-09T16:54:57.228+0000] {processor.py:753} INFO - DAG(s) dict_keys(['example_branch_dop_operator_v3']) retrieved from /home/ubuntu/venv/lib/python3.10/site-packages/airflow/example_dags/example_branch_python_dop_operator_3.py
[2023-07-09T16:54:57.291+0000] {logging_mixin.py:137} INFO - [2023-07-09T16:54:57.290+0000] {dag.py:2676} INFO - Sync 1 DAGs
[2023-07-09T16:54:57.328+0000] {logging_mixin.py:137} INFO - [2023-07-09T16:54:57.328+0000] {dag.py:3423} INFO - Setting next_dagrun for example_branch_dop_operator_v3 to 2023-07-09T16:53:00+00:00, run_after=2023-07-09T16:54:00+00:00
[2023-07-09T16:54:57.352+0000] {processor.py:175} INFO - Processing /home/ubuntu/venv/lib/python3.10/site-packages/airflow/example_dags/example_branch_python_dop_operator_3.py took 0.166 seconds
[2023-07-09T16:55:28.244+0000] {processor.py:153} INFO - Started process (PID=6169) to work on /home/ubuntu/venv/lib/python3.10/site-packages/airflow/example_dags/example_branch_python_dop_operator_3.py
[2023-07-09T16:55:28.246+0000] {processor.py:743} INFO - Processing file /home/ubuntu/venv/lib/python3.10/site-packages/airflow/example_dags/example_branch_python_dop_operator_3.py for tasks to queue
[2023-07-09T16:55:28.247+0000] {logging_mixin.py:137} INFO - [2023-07-09T16:55:28.246+0000] {dagbag.py:538} INFO - Filling up the DagBag from /home/ubuntu/venv/lib/python3.10/site-packages/airflow/example_dags/example_branch_python_dop_operator_3.py
[2023-07-09T16:55:28.330+0000] {processor.py:753} INFO - DAG(s) dict_keys(['example_branch_dop_operator_v3']) retrieved from /home/ubuntu/venv/lib/python3.10/site-packages/airflow/example_dags/example_branch_python_dop_operator_3.py
[2023-07-09T16:55:28.426+0000] {logging_mixin.py:137} INFO - [2023-07-09T16:55:28.426+0000] {dag.py:2676} INFO - Sync 1 DAGs
[2023-07-09T16:55:28.466+0000] {logging_mixin.py:137} INFO - [2023-07-09T16:55:28.465+0000] {dag.py:3423} INFO - Setting next_dagrun for example_branch_dop_operator_v3 to 2023-07-09T16:54:00+00:00, run_after=2023-07-09T16:55:00+00:00
[2023-07-09T16:55:28.506+0000] {processor.py:175} INFO - Processing /home/ubuntu/venv/lib/python3.10/site-packages/airflow/example_dags/example_branch_python_dop_operator_3.py took 0.266 seconds
[2023-07-09T16:55:58.722+0000] {processor.py:153} INFO - Started process (PID=6408) to work on /home/ubuntu/venv/lib/python3.10/site-packages/airflow/example_dags/example_branch_python_dop_operator_3.py
[2023-07-09T16:55:58.723+0000] {processor.py:743} INFO - Processing file /home/ubuntu/venv/lib/python3.10/site-packages/airflow/example_dags/example_branch_python_dop_operator_3.py for tasks to queue
[2023-07-09T16:55:58.724+0000] {logging_mixin.py:137} INFO - [2023-07-09T16:55:58.724+0000] {dagbag.py:538} INFO - Filling up the DagBag from /home/ubuntu/venv/lib/python3.10/site-packages/airflow/example_dags/example_branch_python_dop_operator_3.py
[2023-07-09T16:55:58.764+0000] {processor.py:753} INFO - DAG(s) dict_keys(['example_branch_dop_operator_v3']) retrieved from /home/ubuntu/venv/lib/python3.10/site-packages/airflow/example_dags/example_branch_python_dop_operator_3.py
[2023-07-09T16:55:58.841+0000] {logging_mixin.py:137} INFO - [2023-07-09T16:55:58.840+0000] {dag.py:2676} INFO - Sync 1 DAGs
[2023-07-09T16:55:58.889+0000] {logging_mixin.py:137} INFO - [2023-07-09T16:55:58.889+0000] {dag.py:3423} INFO - Setting next_dagrun for example_branch_dop_operator_v3 to 2023-07-09T16:54:00+00:00, run_after=2023-07-09T16:55:00+00:00
[2023-07-09T16:55:58.941+0000] {processor.py:175} INFO - Processing /home/ubuntu/venv/lib/python3.10/site-packages/airflow/example_dags/example_branch_python_dop_operator_3.py took 0.224 seconds
[2023-07-09T16:56:29.297+0000] {processor.py:153} INFO - Started process (PID=6641) to work on /home/ubuntu/venv/lib/python3.10/site-packages/airflow/example_dags/example_branch_python_dop_operator_3.py
[2023-07-09T16:56:29.298+0000] {processor.py:743} INFO - Processing file /home/ubuntu/venv/lib/python3.10/site-packages/airflow/example_dags/example_branch_python_dop_operator_3.py for tasks to queue
[2023-07-09T16:56:29.299+0000] {logging_mixin.py:137} INFO - [2023-07-09T16:56:29.299+0000] {dagbag.py:538} INFO - Filling up the DagBag from /home/ubuntu/venv/lib/python3.10/site-packages/airflow/example_dags/example_branch_python_dop_operator_3.py
[2023-07-09T16:56:29.330+0000] {processor.py:753} INFO - DAG(s) dict_keys(['example_branch_dop_operator_v3']) retrieved from /home/ubuntu/venv/lib/python3.10/site-packages/airflow/example_dags/example_branch_python_dop_operator_3.py
[2023-07-09T16:56:29.397+0000] {logging_mixin.py:137} INFO - [2023-07-09T16:56:29.397+0000] {dag.py:2676} INFO - Sync 1 DAGs
[2023-07-09T16:56:29.472+0000] {logging_mixin.py:137} INFO - [2023-07-09T16:56:29.471+0000] {dag.py:3423} INFO - Setting next_dagrun for example_branch_dop_operator_v3 to 2023-07-09T16:55:00+00:00, run_after=2023-07-09T16:56:00+00:00
[2023-07-09T16:56:29.533+0000] {processor.py:175} INFO - Processing /home/ubuntu/venv/lib/python3.10/site-packages/airflow/example_dags/example_branch_python_dop_operator_3.py took 0.241 seconds
[2023-07-09T16:57:00.374+0000] {processor.py:153} INFO - Started process (PID=6900) to work on /home/ubuntu/venv/lib/python3.10/site-packages/airflow/example_dags/example_branch_python_dop_operator_3.py
[2023-07-09T16:57:00.376+0000] {processor.py:743} INFO - Processing file /home/ubuntu/venv/lib/python3.10/site-packages/airflow/example_dags/example_branch_python_dop_operator_3.py for tasks to queue
[2023-07-09T16:57:00.376+0000] {logging_mixin.py:137} INFO - [2023-07-09T16:57:00.376+0000] {dagbag.py:538} INFO - Filling up the DagBag from /home/ubuntu/venv/lib/python3.10/site-packages/airflow/example_dags/example_branch_python_dop_operator_3.py
[2023-07-09T16:57:00.415+0000] {processor.py:753} INFO - DAG(s) dict_keys(['example_branch_dop_operator_v3']) retrieved from /home/ubuntu/venv/lib/python3.10/site-packages/airflow/example_dags/example_branch_python_dop_operator_3.py
[2023-07-09T16:57:00.493+0000] {logging_mixin.py:137} INFO - [2023-07-09T16:57:00.493+0000] {dag.py:2676} INFO - Sync 1 DAGs
[2023-07-09T16:57:00.536+0000] {logging_mixin.py:137} INFO - [2023-07-09T16:57:00.536+0000] {dag.py:3423} INFO - Setting next_dagrun for example_branch_dop_operator_v3 to 2023-07-09T16:56:00+00:00, run_after=2023-07-09T16:57:00+00:00
[2023-07-09T16:57:00.566+0000] {processor.py:175} INFO - Processing /home/ubuntu/venv/lib/python3.10/site-packages/airflow/example_dags/example_branch_python_dop_operator_3.py took 0.196 seconds
[2023-07-09T16:57:30.613+0000] {processor.py:153} INFO - Started process (PID=7135) to work on /home/ubuntu/venv/lib/python3.10/site-packages/airflow/example_dags/example_branch_python_dop_operator_3.py
[2023-07-09T16:57:30.616+0000] {processor.py:743} INFO - Processing file /home/ubuntu/venv/lib/python3.10/site-packages/airflow/example_dags/example_branch_python_dop_operator_3.py for tasks to queue
[2023-07-09T16:57:30.617+0000] {logging_mixin.py:137} INFO - [2023-07-09T16:57:30.617+0000] {dagbag.py:538} INFO - Filling up the DagBag from /home/ubuntu/venv/lib/python3.10/site-packages/airflow/example_dags/example_branch_python_dop_operator_3.py
[2023-07-09T16:57:30.650+0000] {processor.py:753} INFO - DAG(s) dict_keys(['example_branch_dop_operator_v3']) retrieved from /home/ubuntu/venv/lib/python3.10/site-packages/airflow/example_dags/example_branch_python_dop_operator_3.py
[2023-07-09T16:57:30.725+0000] {logging_mixin.py:137} INFO - [2023-07-09T16:57:30.725+0000] {dag.py:2676} INFO - Sync 1 DAGs
[2023-07-09T16:57:30.751+0000] {logging_mixin.py:137} INFO - [2023-07-09T16:57:30.751+0000] {dag.py:3423} INFO - Setting next_dagrun for example_branch_dop_operator_v3 to 2023-07-09T16:56:00+00:00, run_after=2023-07-09T16:57:00+00:00
[2023-07-09T16:57:30.768+0000] {processor.py:175} INFO - Processing /home/ubuntu/venv/lib/python3.10/site-packages/airflow/example_dags/example_branch_python_dop_operator_3.py took 0.159 seconds
[2023-07-09T16:58:01.602+0000] {processor.py:153} INFO - Started process (PID=7371) to work on /home/ubuntu/venv/lib/python3.10/site-packages/airflow/example_dags/example_branch_python_dop_operator_3.py
[2023-07-09T16:58:01.603+0000] {processor.py:743} INFO - Processing file /home/ubuntu/venv/lib/python3.10/site-packages/airflow/example_dags/example_branch_python_dop_operator_3.py for tasks to queue
[2023-07-09T16:58:01.604+0000] {logging_mixin.py:137} INFO - [2023-07-09T16:58:01.604+0000] {dagbag.py:538} INFO - Filling up the DagBag from /home/ubuntu/venv/lib/python3.10/site-packages/airflow/example_dags/example_branch_python_dop_operator_3.py
[2023-07-09T16:58:01.663+0000] {processor.py:753} INFO - DAG(s) dict_keys(['example_branch_dop_operator_v3']) retrieved from /home/ubuntu/venv/lib/python3.10/site-packages/airflow/example_dags/example_branch_python_dop_operator_3.py
[2023-07-09T16:58:01.730+0000] {logging_mixin.py:137} INFO - [2023-07-09T16:58:01.730+0000] {dag.py:2676} INFO - Sync 1 DAGs
[2023-07-09T16:58:01.769+0000] {logging_mixin.py:137} INFO - [2023-07-09T16:58:01.769+0000] {dag.py:3423} INFO - Setting next_dagrun for example_branch_dop_operator_v3 to 2023-07-09T16:57:00+00:00, run_after=2023-07-09T16:58:00+00:00
[2023-07-09T16:58:01.795+0000] {processor.py:175} INFO - Processing /home/ubuntu/venv/lib/python3.10/site-packages/airflow/example_dags/example_branch_python_dop_operator_3.py took 0.197 seconds
[2023-07-09T16:58:32.633+0000] {processor.py:153} INFO - Started process (PID=7604) to work on /home/ubuntu/venv/lib/python3.10/site-packages/airflow/example_dags/example_branch_python_dop_operator_3.py
[2023-07-09T16:58:32.634+0000] {processor.py:743} INFO - Processing file /home/ubuntu/venv/lib/python3.10/site-packages/airflow/example_dags/example_branch_python_dop_operator_3.py for tasks to queue
[2023-07-09T16:58:32.635+0000] {logging_mixin.py:137} INFO - [2023-07-09T16:58:32.635+0000] {dagbag.py:538} INFO - Filling up the DagBag from /home/ubuntu/venv/lib/python3.10/site-packages/airflow/example_dags/example_branch_python_dop_operator_3.py
[2023-07-09T16:58:32.685+0000] {processor.py:753} INFO - DAG(s) dict_keys(['example_branch_dop_operator_v3']) retrieved from /home/ubuntu/venv/lib/python3.10/site-packages/airflow/example_dags/example_branch_python_dop_operator_3.py
[2023-07-09T16:58:32.772+0000] {logging_mixin.py:137} INFO - [2023-07-09T16:58:32.771+0000] {dag.py:2676} INFO - Sync 1 DAGs
[2023-07-09T16:58:32.810+0000] {logging_mixin.py:137} INFO - [2023-07-09T16:58:32.810+0000] {dag.py:3423} INFO - Setting next_dagrun for example_branch_dop_operator_v3 to 2023-07-09T16:57:00+00:00, run_after=2023-07-09T16:58:00+00:00
[2023-07-09T16:58:32.834+0000] {processor.py:175} INFO - Processing /home/ubuntu/venv/lib/python3.10/site-packages/airflow/example_dags/example_branch_python_dop_operator_3.py took 0.205 seconds
[2023-07-09T16:59:05.983+0000] {processor.py:153} INFO - Started process (PID=7841) to work on /home/ubuntu/venv/lib/python3.10/site-packages/airflow/example_dags/example_branch_python_dop_operator_3.py
[2023-07-09T16:59:05.985+0000] {processor.py:743} INFO - Processing file /home/ubuntu/venv/lib/python3.10/site-packages/airflow/example_dags/example_branch_python_dop_operator_3.py for tasks to queue
[2023-07-09T16:59:05.985+0000] {logging_mixin.py:137} INFO - [2023-07-09T16:59:05.985+0000] {dagbag.py:538} INFO - Filling up the DagBag from /home/ubuntu/venv/lib/python3.10/site-packages/airflow/example_dags/example_branch_python_dop_operator_3.py
[2023-07-09T16:59:06.020+0000] {processor.py:753} INFO - DAG(s) dict_keys(['example_branch_dop_operator_v3']) retrieved from /home/ubuntu/venv/lib/python3.10/site-packages/airflow/example_dags/example_branch_python_dop_operator_3.py
[2023-07-09T16:59:06.084+0000] {logging_mixin.py:137} INFO - [2023-07-09T16:59:06.084+0000] {dag.py:2676} INFO - Sync 1 DAGs
[2023-07-09T16:59:06.290+0000] {logging_mixin.py:137} INFO - [2023-07-09T16:59:06.289+0000] {dag.py:3423} INFO - Setting next_dagrun for example_branch_dop_operator_v3 to 2023-07-09T16:58:00+00:00, run_after=2023-07-09T16:59:00+00:00
[2023-07-09T16:59:06.311+0000] {processor.py:175} INFO - Processing /home/ubuntu/venv/lib/python3.10/site-packages/airflow/example_dags/example_branch_python_dop_operator_3.py took 0.332 seconds
[2023-07-09T16:59:36.916+0000] {processor.py:153} INFO - Started process (PID=8078) to work on /home/ubuntu/venv/lib/python3.10/site-packages/airflow/example_dags/example_branch_python_dop_operator_3.py
[2023-07-09T16:59:36.917+0000] {processor.py:743} INFO - Processing file /home/ubuntu/venv/lib/python3.10/site-packages/airflow/example_dags/example_branch_python_dop_operator_3.py for tasks to queue
[2023-07-09T16:59:36.918+0000] {logging_mixin.py:137} INFO - [2023-07-09T16:59:36.918+0000] {dagbag.py:538} INFO - Filling up the DagBag from /home/ubuntu/venv/lib/python3.10/site-packages/airflow/example_dags/example_branch_python_dop_operator_3.py
[2023-07-09T16:59:36.960+0000] {processor.py:753} INFO - DAG(s) dict_keys(['example_branch_dop_operator_v3']) retrieved from /home/ubuntu/venv/lib/python3.10/site-packages/airflow/example_dags/example_branch_python_dop_operator_3.py
[2023-07-09T16:59:37.031+0000] {logging_mixin.py:137} INFO - [2023-07-09T16:59:37.031+0000] {dag.py:2676} INFO - Sync 1 DAGs
[2023-07-09T16:59:37.327+0000] {logging_mixin.py:137} INFO - [2023-07-09T16:59:37.327+0000] {dag.py:3423} INFO - Setting next_dagrun for example_branch_dop_operator_v3 to 2023-07-09T16:58:00+00:00, run_after=2023-07-09T16:59:00+00:00
[2023-07-09T16:59:37.355+0000] {processor.py:175} INFO - Processing /home/ubuntu/venv/lib/python3.10/site-packages/airflow/example_dags/example_branch_python_dop_operator_3.py took 0.449 seconds
[2023-07-09T17:00:33.469+0000] {processor.py:153} INFO - Started process (PID=8742) to work on /home/ubuntu/venv/lib/python3.10/site-packages/airflow/example_dags/example_branch_python_dop_operator_3.py
[2023-07-09T17:00:33.471+0000] {processor.py:743} INFO - Processing file /home/ubuntu/venv/lib/python3.10/site-packages/airflow/example_dags/example_branch_python_dop_operator_3.py for tasks to queue
[2023-07-09T17:00:33.472+0000] {logging_mixin.py:137} INFO - [2023-07-09T17:00:33.471+0000] {dagbag.py:538} INFO - Filling up the DagBag from /home/ubuntu/venv/lib/python3.10/site-packages/airflow/example_dags/example_branch_python_dop_operator_3.py
[2023-07-09T17:00:33.510+0000] {processor.py:753} INFO - DAG(s) dict_keys(['example_branch_dop_operator_v3']) retrieved from /home/ubuntu/venv/lib/python3.10/site-packages/airflow/example_dags/example_branch_python_dop_operator_3.py
[2023-07-09T17:00:33.590+0000] {logging_mixin.py:137} INFO - [2023-07-09T17:00:33.589+0000] {dag.py:2676} INFO - Sync 1 DAGs
[2023-07-09T17:00:33.628+0000] {logging_mixin.py:137} INFO - [2023-07-09T17:00:33.628+0000] {dag.py:3423} INFO - Setting next_dagrun for example_branch_dop_operator_v3 to 2023-07-09T16:59:00+00:00, run_after=2023-07-09T17:00:00+00:00
[2023-07-09T17:00:33.651+0000] {processor.py:175} INFO - Processing /home/ubuntu/venv/lib/python3.10/site-packages/airflow/example_dags/example_branch_python_dop_operator_3.py took 0.186 seconds
[2023-07-09T17:01:04.895+0000] {processor.py:153} INFO - Started process (PID=9000) to work on /home/ubuntu/venv/lib/python3.10/site-packages/airflow/example_dags/example_branch_python_dop_operator_3.py
[2023-07-09T17:01:04.897+0000] {processor.py:743} INFO - Processing file /home/ubuntu/venv/lib/python3.10/site-packages/airflow/example_dags/example_branch_python_dop_operator_3.py for tasks to queue
[2023-07-09T17:01:04.897+0000] {logging_mixin.py:137} INFO - [2023-07-09T17:01:04.897+0000] {dagbag.py:538} INFO - Filling up the DagBag from /home/ubuntu/venv/lib/python3.10/site-packages/airflow/example_dags/example_branch_python_dop_operator_3.py
[2023-07-09T17:01:04.962+0000] {processor.py:753} INFO - DAG(s) dict_keys(['example_branch_dop_operator_v3']) retrieved from /home/ubuntu/venv/lib/python3.10/site-packages/airflow/example_dags/example_branch_python_dop_operator_3.py
[2023-07-09T17:01:05.031+0000] {logging_mixin.py:137} INFO - [2023-07-09T17:01:05.031+0000] {dag.py:2676} INFO - Sync 1 DAGs
[2023-07-09T17:01:05.076+0000] {logging_mixin.py:137} INFO - [2023-07-09T17:01:05.076+0000] {dag.py:3423} INFO - Setting next_dagrun for example_branch_dop_operator_v3 to 2023-07-09T17:00:00+00:00, run_after=2023-07-09T17:01:00+00:00
[2023-07-09T17:01:05.104+0000] {processor.py:175} INFO - Processing /home/ubuntu/venv/lib/python3.10/site-packages/airflow/example_dags/example_branch_python_dop_operator_3.py took 0.213 seconds
[2023-07-09T17:01:35.639+0000] {processor.py:153} INFO - Started process (PID=9234) to work on /home/ubuntu/venv/lib/python3.10/site-packages/airflow/example_dags/example_branch_python_dop_operator_3.py
[2023-07-09T17:01:35.640+0000] {processor.py:743} INFO - Processing file /home/ubuntu/venv/lib/python3.10/site-packages/airflow/example_dags/example_branch_python_dop_operator_3.py for tasks to queue
[2023-07-09T17:01:35.641+0000] {logging_mixin.py:137} INFO - [2023-07-09T17:01:35.641+0000] {dagbag.py:538} INFO - Filling up the DagBag from /home/ubuntu/venv/lib/python3.10/site-packages/airflow/example_dags/example_branch_python_dop_operator_3.py
[2023-07-09T17:01:35.677+0000] {processor.py:753} INFO - DAG(s) dict_keys(['example_branch_dop_operator_v3']) retrieved from /home/ubuntu/venv/lib/python3.10/site-packages/airflow/example_dags/example_branch_python_dop_operator_3.py
[2023-07-09T17:01:35.739+0000] {logging_mixin.py:137} INFO - [2023-07-09T17:01:35.739+0000] {dag.py:2676} INFO - Sync 1 DAGs
[2023-07-09T17:01:35.774+0000] {logging_mixin.py:137} INFO - [2023-07-09T17:01:35.774+0000] {dag.py:3423} INFO - Setting next_dagrun for example_branch_dop_operator_v3 to 2023-07-09T17:00:00+00:00, run_after=2023-07-09T17:01:00+00:00
[2023-07-09T17:01:35.810+0000] {processor.py:175} INFO - Processing /home/ubuntu/venv/lib/python3.10/site-packages/airflow/example_dags/example_branch_python_dop_operator_3.py took 0.175 seconds
[2023-07-09T17:02:06.812+0000] {processor.py:153} INFO - Started process (PID=9492) to work on /home/ubuntu/venv/lib/python3.10/site-packages/airflow/example_dags/example_branch_python_dop_operator_3.py
[2023-07-09T17:02:06.814+0000] {processor.py:743} INFO - Processing file /home/ubuntu/venv/lib/python3.10/site-packages/airflow/example_dags/example_branch_python_dop_operator_3.py for tasks to queue
[2023-07-09T17:02:06.815+0000] {logging_mixin.py:137} INFO - [2023-07-09T17:02:06.815+0000] {dagbag.py:538} INFO - Filling up the DagBag from /home/ubuntu/venv/lib/python3.10/site-packages/airflow/example_dags/example_branch_python_dop_operator_3.py
[2023-07-09T17:02:06.851+0000] {processor.py:753} INFO - DAG(s) dict_keys(['example_branch_dop_operator_v3']) retrieved from /home/ubuntu/venv/lib/python3.10/site-packages/airflow/example_dags/example_branch_python_dop_operator_3.py
[2023-07-09T17:02:06.912+0000] {logging_mixin.py:137} INFO - [2023-07-09T17:02:06.912+0000] {dag.py:2676} INFO - Sync 1 DAGs
[2023-07-09T17:02:06.955+0000] {logging_mixin.py:137} INFO - [2023-07-09T17:02:06.955+0000] {dag.py:3423} INFO - Setting next_dagrun for example_branch_dop_operator_v3 to 2023-07-09T17:01:00+00:00, run_after=2023-07-09T17:02:00+00:00
[2023-07-09T17:02:06.982+0000] {processor.py:175} INFO - Processing /home/ubuntu/venv/lib/python3.10/site-packages/airflow/example_dags/example_branch_python_dop_operator_3.py took 0.174 seconds
[2023-07-09T17:02:37.633+0000] {processor.py:153} INFO - Started process (PID=9726) to work on /home/ubuntu/venv/lib/python3.10/site-packages/airflow/example_dags/example_branch_python_dop_operator_3.py
[2023-07-09T17:02:37.634+0000] {processor.py:743} INFO - Processing file /home/ubuntu/venv/lib/python3.10/site-packages/airflow/example_dags/example_branch_python_dop_operator_3.py for tasks to queue
[2023-07-09T17:02:37.635+0000] {logging_mixin.py:137} INFO - [2023-07-09T17:02:37.634+0000] {dagbag.py:538} INFO - Filling up the DagBag from /home/ubuntu/venv/lib/python3.10/site-packages/airflow/example_dags/example_branch_python_dop_operator_3.py
[2023-07-09T17:02:37.671+0000] {processor.py:753} INFO - DAG(s) dict_keys(['example_branch_dop_operator_v3']) retrieved from /home/ubuntu/venv/lib/python3.10/site-packages/airflow/example_dags/example_branch_python_dop_operator_3.py
[2023-07-09T17:02:37.738+0000] {logging_mixin.py:137} INFO - [2023-07-09T17:02:37.737+0000] {dag.py:2676} INFO - Sync 1 DAGs
[2023-07-09T17:02:37.781+0000] {logging_mixin.py:137} INFO - [2023-07-09T17:02:37.781+0000] {dag.py:3423} INFO - Setting next_dagrun for example_branch_dop_operator_v3 to 2023-07-09T17:01:00+00:00, run_after=2023-07-09T17:02:00+00:00
[2023-07-09T17:02:37.803+0000] {processor.py:175} INFO - Processing /home/ubuntu/venv/lib/python3.10/site-packages/airflow/example_dags/example_branch_python_dop_operator_3.py took 0.175 seconds
[2023-07-09T17:03:08.668+0000] {processor.py:153} INFO - Started process (PID=9965) to work on /home/ubuntu/venv/lib/python3.10/site-packages/airflow/example_dags/example_branch_python_dop_operator_3.py
[2023-07-09T17:03:08.670+0000] {processor.py:743} INFO - Processing file /home/ubuntu/venv/lib/python3.10/site-packages/airflow/example_dags/example_branch_python_dop_operator_3.py for tasks to queue
[2023-07-09T17:03:08.671+0000] {logging_mixin.py:137} INFO - [2023-07-09T17:03:08.671+0000] {dagbag.py:538} INFO - Filling up the DagBag from /home/ubuntu/venv/lib/python3.10/site-packages/airflow/example_dags/example_branch_python_dop_operator_3.py
[2023-07-09T17:03:08.715+0000] {processor.py:753} INFO - DAG(s) dict_keys(['example_branch_dop_operator_v3']) retrieved from /home/ubuntu/venv/lib/python3.10/site-packages/airflow/example_dags/example_branch_python_dop_operator_3.py
[2023-07-09T17:03:08.791+0000] {logging_mixin.py:137} INFO - [2023-07-09T17:03:08.791+0000] {dag.py:2676} INFO - Sync 1 DAGs
[2023-07-09T17:03:08.829+0000] {logging_mixin.py:137} INFO - [2023-07-09T17:03:08.829+0000] {dag.py:3423} INFO - Setting next_dagrun for example_branch_dop_operator_v3 to 2023-07-09T17:02:00+00:00, run_after=2023-07-09T17:03:00+00:00
[2023-07-09T17:03:08.852+0000] {processor.py:175} INFO - Processing /home/ubuntu/venv/lib/python3.10/site-packages/airflow/example_dags/example_branch_python_dop_operator_3.py took 0.190 seconds
[2023-07-09T17:03:39.489+0000] {processor.py:153} INFO - Started process (PID=10198) to work on /home/ubuntu/venv/lib/python3.10/site-packages/airflow/example_dags/example_branch_python_dop_operator_3.py
[2023-07-09T17:03:39.491+0000] {processor.py:743} INFO - Processing file /home/ubuntu/venv/lib/python3.10/site-packages/airflow/example_dags/example_branch_python_dop_operator_3.py for tasks to queue
[2023-07-09T17:03:39.492+0000] {logging_mixin.py:137} INFO - [2023-07-09T17:03:39.492+0000] {dagbag.py:538} INFO - Filling up the DagBag from /home/ubuntu/venv/lib/python3.10/site-packages/airflow/example_dags/example_branch_python_dop_operator_3.py
[2023-07-09T17:03:39.528+0000] {processor.py:753} INFO - DAG(s) dict_keys(['example_branch_dop_operator_v3']) retrieved from /home/ubuntu/venv/lib/python3.10/site-packages/airflow/example_dags/example_branch_python_dop_operator_3.py
[2023-07-09T17:03:39.591+0000] {logging_mixin.py:137} INFO - [2023-07-09T17:03:39.590+0000] {dag.py:2676} INFO - Sync 1 DAGs
[2023-07-09T17:03:39.630+0000] {logging_mixin.py:137} INFO - [2023-07-09T17:03:39.629+0000] {dag.py:3423} INFO - Setting next_dagrun for example_branch_dop_operator_v3 to 2023-07-09T17:02:00+00:00, run_after=2023-07-09T17:03:00+00:00
[2023-07-09T17:03:39.654+0000] {processor.py:175} INFO - Processing /home/ubuntu/venv/lib/python3.10/site-packages/airflow/example_dags/example_branch_python_dop_operator_3.py took 0.170 seconds
[2023-07-09T17:04:10.433+0000] {processor.py:153} INFO - Started process (PID=10434) to work on /home/ubuntu/venv/lib/python3.10/site-packages/airflow/example_dags/example_branch_python_dop_operator_3.py
[2023-07-09T17:04:10.434+0000] {processor.py:743} INFO - Processing file /home/ubuntu/venv/lib/python3.10/site-packages/airflow/example_dags/example_branch_python_dop_operator_3.py for tasks to queue
[2023-07-09T17:04:10.435+0000] {logging_mixin.py:137} INFO - [2023-07-09T17:04:10.435+0000] {dagbag.py:538} INFO - Filling up the DagBag from /home/ubuntu/venv/lib/python3.10/site-packages/airflow/example_dags/example_branch_python_dop_operator_3.py
[2023-07-09T17:04:10.470+0000] {processor.py:753} INFO - DAG(s) dict_keys(['example_branch_dop_operator_v3']) retrieved from /home/ubuntu/venv/lib/python3.10/site-packages/airflow/example_dags/example_branch_python_dop_operator_3.py
[2023-07-09T17:04:10.549+0000] {logging_mixin.py:137} INFO - [2023-07-09T17:04:10.549+0000] {dag.py:2676} INFO - Sync 1 DAGs
[2023-07-09T17:04:10.594+0000] {logging_mixin.py:137} INFO - [2023-07-09T17:04:10.594+0000] {dag.py:3423} INFO - Setting next_dagrun for example_branch_dop_operator_v3 to 2023-07-09T17:03:00+00:00, run_after=2023-07-09T17:04:00+00:00
[2023-07-09T17:04:10.633+0000] {processor.py:175} INFO - Processing /home/ubuntu/venv/lib/python3.10/site-packages/airflow/example_dags/example_branch_python_dop_operator_3.py took 0.204 seconds
[2023-07-09T17:04:43.313+0000] {processor.py:153} INFO - Started process (PID=10669) to work on /home/ubuntu/venv/lib/python3.10/site-packages/airflow/example_dags/example_branch_python_dop_operator_3.py
[2023-07-09T17:04:43.314+0000] {processor.py:743} INFO - Processing file /home/ubuntu/venv/lib/python3.10/site-packages/airflow/example_dags/example_branch_python_dop_operator_3.py for tasks to queue
[2023-07-09T17:04:43.315+0000] {logging_mixin.py:137} INFO - [2023-07-09T17:04:43.315+0000] {dagbag.py:538} INFO - Filling up the DagBag from /home/ubuntu/venv/lib/python3.10/site-packages/airflow/example_dags/example_branch_python_dop_operator_3.py
[2023-07-09T17:04:43.350+0000] {processor.py:753} INFO - DAG(s) dict_keys(['example_branch_dop_operator_v3']) retrieved from /home/ubuntu/venv/lib/python3.10/site-packages/airflow/example_dags/example_branch_python_dop_operator_3.py
[2023-07-09T17:04:43.415+0000] {logging_mixin.py:137} INFO - [2023-07-09T17:04:43.415+0000] {dag.py:2676} INFO - Sync 1 DAGs
[2023-07-09T17:04:43.639+0000] {logging_mixin.py:137} INFO - [2023-07-09T17:04:43.639+0000] {dag.py:3423} INFO - Setting next_dagrun for example_branch_dop_operator_v3 to 2023-07-09T17:03:00+00:00, run_after=2023-07-09T17:04:00+00:00
[2023-07-09T17:04:43.668+0000] {processor.py:175} INFO - Processing /home/ubuntu/venv/lib/python3.10/site-packages/airflow/example_dags/example_branch_python_dop_operator_3.py took 0.360 seconds
[2023-07-09T17:06:05.638+0000] {processor.py:153} INFO - Started process (PID=11241) to work on /home/ubuntu/venv/lib/python3.10/site-packages/airflow/example_dags/example_branch_python_dop_operator_3.py
[2023-07-09T17:06:05.640+0000] {processor.py:743} INFO - Processing file /home/ubuntu/venv/lib/python3.10/site-packages/airflow/example_dags/example_branch_python_dop_operator_3.py for tasks to queue
[2023-07-09T17:06:05.641+0000] {logging_mixin.py:137} INFO - [2023-07-09T17:06:05.640+0000] {dagbag.py:538} INFO - Filling up the DagBag from /home/ubuntu/venv/lib/python3.10/site-packages/airflow/example_dags/example_branch_python_dop_operator_3.py
[2023-07-09T17:06:05.678+0000] {processor.py:753} INFO - DAG(s) dict_keys(['example_branch_dop_operator_v3']) retrieved from /home/ubuntu/venv/lib/python3.10/site-packages/airflow/example_dags/example_branch_python_dop_operator_3.py
[2023-07-09T17:06:05.749+0000] {logging_mixin.py:137} INFO - [2023-07-09T17:06:05.749+0000] {dag.py:2676} INFO - Sync 1 DAGs
[2023-07-09T17:06:05.787+0000] {logging_mixin.py:137} INFO - [2023-07-09T17:06:05.786+0000] {dag.py:3423} INFO - Setting next_dagrun for example_branch_dop_operator_v3 to 2023-07-09T17:05:00+00:00, run_after=2023-07-09T17:06:00+00:00
[2023-07-09T17:06:05.810+0000] {processor.py:175} INFO - Processing /home/ubuntu/venv/lib/python3.10/site-packages/airflow/example_dags/example_branch_python_dop_operator_3.py took 0.177 seconds
[2023-07-09T17:06:36.527+0000] {processor.py:153} INFO - Started process (PID=11498) to work on /home/ubuntu/venv/lib/python3.10/site-packages/airflow/example_dags/example_branch_python_dop_operator_3.py
[2023-07-09T17:06:36.528+0000] {processor.py:743} INFO - Processing file /home/ubuntu/venv/lib/python3.10/site-packages/airflow/example_dags/example_branch_python_dop_operator_3.py for tasks to queue
[2023-07-09T17:06:36.529+0000] {logging_mixin.py:137} INFO - [2023-07-09T17:06:36.529+0000] {dagbag.py:538} INFO - Filling up the DagBag from /home/ubuntu/venv/lib/python3.10/site-packages/airflow/example_dags/example_branch_python_dop_operator_3.py
[2023-07-09T17:06:36.563+0000] {processor.py:753} INFO - DAG(s) dict_keys(['example_branch_dop_operator_v3']) retrieved from /home/ubuntu/venv/lib/python3.10/site-packages/airflow/example_dags/example_branch_python_dop_operator_3.py
[2023-07-09T17:06:36.625+0000] {logging_mixin.py:137} INFO - [2023-07-09T17:06:36.624+0000] {dag.py:2676} INFO - Sync 1 DAGs
[2023-07-09T17:06:36.662+0000] {logging_mixin.py:137} INFO - [2023-07-09T17:06:36.662+0000] {dag.py:3423} INFO - Setting next_dagrun for example_branch_dop_operator_v3 to 2023-07-09T17:05:00+00:00, run_after=2023-07-09T17:06:00+00:00
[2023-07-09T17:06:36.685+0000] {processor.py:175} INFO - Processing /home/ubuntu/venv/lib/python3.10/site-packages/airflow/example_dags/example_branch_python_dop_operator_3.py took 0.163 seconds
[2023-07-09T17:07:30.062+0000] {processor.py:153} INFO - Started process (PID=11973) to work on /home/ubuntu/venv/lib/python3.10/site-packages/airflow/example_dags/example_branch_python_dop_operator_3.py
[2023-07-09T17:07:30.071+0000] {processor.py:743} INFO - Processing file /home/ubuntu/venv/lib/python3.10/site-packages/airflow/example_dags/example_branch_python_dop_operator_3.py for tasks to queue
[2023-07-09T17:07:30.073+0000] {logging_mixin.py:137} INFO - [2023-07-09T17:07:30.072+0000] {dagbag.py:538} INFO - Filling up the DagBag from /home/ubuntu/venv/lib/python3.10/site-packages/airflow/example_dags/example_branch_python_dop_operator_3.py
[2023-07-09T17:07:30.180+0000] {processor.py:753} INFO - DAG(s) dict_keys(['example_branch_dop_operator_v3']) retrieved from /home/ubuntu/venv/lib/python3.10/site-packages/airflow/example_dags/example_branch_python_dop_operator_3.py
[2023-07-09T17:07:30.357+0000] {logging_mixin.py:137} INFO - [2023-07-09T17:07:30.357+0000] {dag.py:2676} INFO - Sync 1 DAGs
[2023-07-09T17:07:30.431+0000] {logging_mixin.py:137} INFO - [2023-07-09T17:07:30.430+0000] {dag.py:3423} INFO - Setting next_dagrun for example_branch_dop_operator_v3 to 2023-07-09T17:06:00+00:00, run_after=2023-07-09T17:07:00+00:00
[2023-07-09T17:07:30.516+0000] {processor.py:175} INFO - Processing /home/ubuntu/venv/lib/python3.10/site-packages/airflow/example_dags/example_branch_python_dop_operator_3.py took 0.461 seconds
[2023-07-09T17:08:01.507+0000] {processor.py:153} INFO - Started process (PID=12229) to work on /home/ubuntu/venv/lib/python3.10/site-packages/airflow/example_dags/example_branch_python_dop_operator_3.py
[2023-07-09T17:08:01.508+0000] {processor.py:743} INFO - Processing file /home/ubuntu/venv/lib/python3.10/site-packages/airflow/example_dags/example_branch_python_dop_operator_3.py for tasks to queue
[2023-07-09T17:08:01.509+0000] {logging_mixin.py:137} INFO - [2023-07-09T17:08:01.508+0000] {dagbag.py:538} INFO - Filling up the DagBag from /home/ubuntu/venv/lib/python3.10/site-packages/airflow/example_dags/example_branch_python_dop_operator_3.py
[2023-07-09T17:08:01.604+0000] {processor.py:753} INFO - DAG(s) dict_keys(['example_branch_dop_operator_v3']) retrieved from /home/ubuntu/venv/lib/python3.10/site-packages/airflow/example_dags/example_branch_python_dop_operator_3.py
[2023-07-09T17:08:01.796+0000] {logging_mixin.py:137} INFO - [2023-07-09T17:08:01.796+0000] {dag.py:2676} INFO - Sync 1 DAGs
[2023-07-09T17:08:01.859+0000] {logging_mixin.py:137} INFO - [2023-07-09T17:08:01.858+0000] {dag.py:3423} INFO - Setting next_dagrun for example_branch_dop_operator_v3 to 2023-07-09T17:07:00+00:00, run_after=2023-07-09T17:08:00+00:00
[2023-07-09T17:08:01.936+0000] {processor.py:175} INFO - Processing /home/ubuntu/venv/lib/python3.10/site-packages/airflow/example_dags/example_branch_python_dop_operator_3.py took 0.434 seconds
[2023-07-09T17:08:32.186+0000] {processor.py:153} INFO - Started process (PID=12464) to work on /home/ubuntu/venv/lib/python3.10/site-packages/airflow/example_dags/example_branch_python_dop_operator_3.py
[2023-07-09T17:08:32.188+0000] {processor.py:743} INFO - Processing file /home/ubuntu/venv/lib/python3.10/site-packages/airflow/example_dags/example_branch_python_dop_operator_3.py for tasks to queue
[2023-07-09T17:08:32.189+0000] {logging_mixin.py:137} INFO - [2023-07-09T17:08:32.189+0000] {dagbag.py:538} INFO - Filling up the DagBag from /home/ubuntu/venv/lib/python3.10/site-packages/airflow/example_dags/example_branch_python_dop_operator_3.py
[2023-07-09T17:08:32.230+0000] {processor.py:753} INFO - DAG(s) dict_keys(['example_branch_dop_operator_v3']) retrieved from /home/ubuntu/venv/lib/python3.10/site-packages/airflow/example_dags/example_branch_python_dop_operator_3.py
[2023-07-09T17:08:32.322+0000] {logging_mixin.py:137} INFO - [2023-07-09T17:08:32.322+0000] {dag.py:2676} INFO - Sync 1 DAGs
[2023-07-09T17:08:32.377+0000] {logging_mixin.py:137} INFO - [2023-07-09T17:08:32.377+0000] {dag.py:3423} INFO - Setting next_dagrun for example_branch_dop_operator_v3 to 2023-07-09T17:07:00+00:00, run_after=2023-07-09T17:08:00+00:00
[2023-07-09T17:08:32.405+0000] {processor.py:175} INFO - Processing /home/ubuntu/venv/lib/python3.10/site-packages/airflow/example_dags/example_branch_python_dop_operator_3.py took 0.224 seconds
[2023-07-09T17:09:08.478+0000] {processor.py:153} INFO - Started process (PID=12919) to work on /home/ubuntu/venv/lib/python3.10/site-packages/airflow/example_dags/example_branch_python_dop_operator_3.py
[2023-07-09T17:09:08.480+0000] {processor.py:743} INFO - Processing file /home/ubuntu/venv/lib/python3.10/site-packages/airflow/example_dags/example_branch_python_dop_operator_3.py for tasks to queue
[2023-07-09T17:09:08.481+0000] {logging_mixin.py:137} INFO - [2023-07-09T17:09:08.481+0000] {dagbag.py:538} INFO - Filling up the DagBag from /home/ubuntu/venv/lib/python3.10/site-packages/airflow/example_dags/example_branch_python_dop_operator_3.py
[2023-07-09T17:09:08.528+0000] {processor.py:753} INFO - DAG(s) dict_keys(['example_branch_dop_operator_v3']) retrieved from /home/ubuntu/venv/lib/python3.10/site-packages/airflow/example_dags/example_branch_python_dop_operator_3.py
[2023-07-09T17:09:08.605+0000] {logging_mixin.py:137} INFO - [2023-07-09T17:09:08.604+0000] {dag.py:2676} INFO - Sync 1 DAGs
[2023-07-09T17:09:08.656+0000] {logging_mixin.py:137} INFO - [2023-07-09T17:09:08.656+0000] {dag.py:3423} INFO - Setting next_dagrun for example_branch_dop_operator_v3 to 2023-07-09T17:08:00+00:00, run_after=2023-07-09T17:09:00+00:00
[2023-07-09T17:09:08.679+0000] {processor.py:175} INFO - Processing /home/ubuntu/venv/lib/python3.10/site-packages/airflow/example_dags/example_branch_python_dop_operator_3.py took 0.205 seconds
[2023-07-09T17:09:39.003+0000] {processor.py:153} INFO - Started process (PID=13196) to work on /home/ubuntu/venv/lib/python3.10/site-packages/airflow/example_dags/example_branch_python_dop_operator_3.py
[2023-07-09T17:09:39.004+0000] {processor.py:743} INFO - Processing file /home/ubuntu/venv/lib/python3.10/site-packages/airflow/example_dags/example_branch_python_dop_operator_3.py for tasks to queue
[2023-07-09T17:09:39.005+0000] {logging_mixin.py:137} INFO - [2023-07-09T17:09:39.005+0000] {dagbag.py:538} INFO - Filling up the DagBag from /home/ubuntu/venv/lib/python3.10/site-packages/airflow/example_dags/example_branch_python_dop_operator_3.py
[2023-07-09T17:09:39.040+0000] {processor.py:753} INFO - DAG(s) dict_keys(['example_branch_dop_operator_v3']) retrieved from /home/ubuntu/venv/lib/python3.10/site-packages/airflow/example_dags/example_branch_python_dop_operator_3.py
[2023-07-09T17:09:39.108+0000] {logging_mixin.py:137} INFO - [2023-07-09T17:09:39.108+0000] {dag.py:2676} INFO - Sync 1 DAGs
[2023-07-09T17:09:39.147+0000] {logging_mixin.py:137} INFO - [2023-07-09T17:09:39.146+0000] {dag.py:3423} INFO - Setting next_dagrun for example_branch_dop_operator_v3 to 2023-07-09T17:08:00+00:00, run_after=2023-07-09T17:09:00+00:00
[2023-07-09T17:09:39.170+0000] {processor.py:175} INFO - Processing /home/ubuntu/venv/lib/python3.10/site-packages/airflow/example_dags/example_branch_python_dop_operator_3.py took 0.172 seconds
[2023-07-09T17:10:09.827+0000] {processor.py:153} INFO - Started process (PID=13431) to work on /home/ubuntu/venv/lib/python3.10/site-packages/airflow/example_dags/example_branch_python_dop_operator_3.py
[2023-07-09T17:10:09.828+0000] {processor.py:743} INFO - Processing file /home/ubuntu/venv/lib/python3.10/site-packages/airflow/example_dags/example_branch_python_dop_operator_3.py for tasks to queue
[2023-07-09T17:10:09.829+0000] {logging_mixin.py:137} INFO - [2023-07-09T17:10:09.829+0000] {dagbag.py:538} INFO - Filling up the DagBag from /home/ubuntu/venv/lib/python3.10/site-packages/airflow/example_dags/example_branch_python_dop_operator_3.py
[2023-07-09T17:10:09.863+0000] {processor.py:753} INFO - DAG(s) dict_keys(['example_branch_dop_operator_v3']) retrieved from /home/ubuntu/venv/lib/python3.10/site-packages/airflow/example_dags/example_branch_python_dop_operator_3.py
[2023-07-09T17:10:09.926+0000] {logging_mixin.py:137} INFO - [2023-07-09T17:10:09.926+0000] {dag.py:2676} INFO - Sync 1 DAGs
[2023-07-09T17:10:09.962+0000] {logging_mixin.py:137} INFO - [2023-07-09T17:10:09.962+0000] {dag.py:3423} INFO - Setting next_dagrun for example_branch_dop_operator_v3 to 2023-07-09T17:09:00+00:00, run_after=2023-07-09T17:10:00+00:00
[2023-07-09T17:10:09.987+0000] {processor.py:175} INFO - Processing /home/ubuntu/venv/lib/python3.10/site-packages/airflow/example_dags/example_branch_python_dop_operator_3.py took 0.164 seconds
