[2023-07-09T15:46:36.230+0000] {processor.py:153} INFO - Started process (PID=1451) to work on /home/ubuntu/venv/lib/python3.10/site-packages/airflow/example_dags/example_branch_operator_decorator.py
[2023-07-09T15:46:36.231+0000] {processor.py:743} INFO - Processing file /home/ubuntu/venv/lib/python3.10/site-packages/airflow/example_dags/example_branch_operator_decorator.py for tasks to queue
[2023-07-09T15:46:36.232+0000] {logging_mixin.py:137} INFO - [2023-07-09T15:46:36.232+0000] {dagbag.py:538} INFO - Filling up the DagBag from /home/ubuntu/venv/lib/python3.10/site-packages/airflow/example_dags/example_branch_operator_decorator.py
[2023-07-09T15:46:36.275+0000] {processor.py:753} INFO - DAG(s) dict_keys(['example_branch_python_operator_decorator']) retrieved from /home/ubuntu/venv/lib/python3.10/site-packages/airflow/example_dags/example_branch_operator_decorator.py
[2023-07-09T15:46:36.354+0000] {logging_mixin.py:137} INFO - [2023-07-09T15:46:36.354+0000] {dag.py:2676} INFO - Sync 1 DAGs
[2023-07-09T15:46:36.393+0000] {logging_mixin.py:137} INFO - [2023-07-09T15:46:36.393+0000] {dag.py:3423} INFO - Setting next_dagrun for example_branch_python_operator_decorator to 2023-07-08T00:00:00+00:00, run_after=2023-07-09T00:00:00+00:00
[2023-07-09T15:46:36.421+0000] {processor.py:175} INFO - Processing /home/ubuntu/venv/lib/python3.10/site-packages/airflow/example_dags/example_branch_operator_decorator.py took 0.195 seconds
[2023-07-09T15:47:06.664+0000] {processor.py:153} INFO - Started process (PID=1690) to work on /home/ubuntu/venv/lib/python3.10/site-packages/airflow/example_dags/example_branch_operator_decorator.py
[2023-07-09T15:47:06.665+0000] {processor.py:743} INFO - Processing file /home/ubuntu/venv/lib/python3.10/site-packages/airflow/example_dags/example_branch_operator_decorator.py for tasks to queue
[2023-07-09T15:47:06.665+0000] {logging_mixin.py:137} INFO - [2023-07-09T15:47:06.665+0000] {dagbag.py:538} INFO - Filling up the DagBag from /home/ubuntu/venv/lib/python3.10/site-packages/airflow/example_dags/example_branch_operator_decorator.py
[2023-07-09T15:47:06.699+0000] {processor.py:753} INFO - DAG(s) dict_keys(['example_branch_python_operator_decorator']) retrieved from /home/ubuntu/venv/lib/python3.10/site-packages/airflow/example_dags/example_branch_operator_decorator.py
[2023-07-09T15:47:06.790+0000] {logging_mixin.py:137} INFO - [2023-07-09T15:47:06.790+0000] {dag.py:2676} INFO - Sync 1 DAGs
[2023-07-09T15:47:06.822+0000] {logging_mixin.py:137} INFO - [2023-07-09T15:47:06.822+0000] {dag.py:3423} INFO - Setting next_dagrun for example_branch_python_operator_decorator to 2023-07-08T00:00:00+00:00, run_after=2023-07-09T00:00:00+00:00
[2023-07-09T15:47:06.845+0000] {processor.py:175} INFO - Processing /home/ubuntu/venv/lib/python3.10/site-packages/airflow/example_dags/example_branch_operator_decorator.py took 0.186 seconds
[2023-07-09T15:49:54.403+0000] {processor.py:153} INFO - Started process (PID=2269) to work on /home/ubuntu/venv/lib/python3.10/site-packages/airflow/example_dags/example_branch_operator_decorator.py
[2023-07-09T15:49:54.405+0000] {processor.py:743} INFO - Processing file /home/ubuntu/venv/lib/python3.10/site-packages/airflow/example_dags/example_branch_operator_decorator.py for tasks to queue
[2023-07-09T15:49:54.405+0000] {logging_mixin.py:137} INFO - [2023-07-09T15:49:54.405+0000] {dagbag.py:538} INFO - Filling up the DagBag from /home/ubuntu/venv/lib/python3.10/site-packages/airflow/example_dags/example_branch_operator_decorator.py
[2023-07-09T15:49:54.440+0000] {processor.py:753} INFO - DAG(s) dict_keys(['example_branch_python_operator_decorator']) retrieved from /home/ubuntu/venv/lib/python3.10/site-packages/airflow/example_dags/example_branch_operator_decorator.py
[2023-07-09T15:49:54.504+0000] {logging_mixin.py:137} INFO - [2023-07-09T15:49:54.504+0000] {dag.py:2676} INFO - Sync 1 DAGs
[2023-07-09T15:49:54.548+0000] {logging_mixin.py:137} INFO - [2023-07-09T15:49:54.548+0000] {dag.py:3423} INFO - Setting next_dagrun for example_branch_python_operator_decorator to 2023-07-08T00:00:00+00:00, run_after=2023-07-09T00:00:00+00:00
[2023-07-09T15:49:54.598+0000] {processor.py:175} INFO - Processing /home/ubuntu/venv/lib/python3.10/site-packages/airflow/example_dags/example_branch_operator_decorator.py took 0.198 seconds
[2023-07-09T15:50:25.651+0000] {processor.py:153} INFO - Started process (PID=2505) to work on /home/ubuntu/venv/lib/python3.10/site-packages/airflow/example_dags/example_branch_operator_decorator.py
[2023-07-09T15:50:25.652+0000] {processor.py:743} INFO - Processing file /home/ubuntu/venv/lib/python3.10/site-packages/airflow/example_dags/example_branch_operator_decorator.py for tasks to queue
[2023-07-09T15:50:25.653+0000] {logging_mixin.py:137} INFO - [2023-07-09T15:50:25.653+0000] {dagbag.py:538} INFO - Filling up the DagBag from /home/ubuntu/venv/lib/python3.10/site-packages/airflow/example_dags/example_branch_operator_decorator.py
[2023-07-09T15:50:25.697+0000] {processor.py:753} INFO - DAG(s) dict_keys(['example_branch_python_operator_decorator']) retrieved from /home/ubuntu/venv/lib/python3.10/site-packages/airflow/example_dags/example_branch_operator_decorator.py
[2023-07-09T15:50:25.784+0000] {logging_mixin.py:137} INFO - [2023-07-09T15:50:25.784+0000] {dag.py:2676} INFO - Sync 1 DAGs
[2023-07-09T15:50:25.816+0000] {logging_mixin.py:137} INFO - [2023-07-09T15:50:25.816+0000] {dag.py:3423} INFO - Setting next_dagrun for example_branch_python_operator_decorator to 2023-07-08T00:00:00+00:00, run_after=2023-07-09T00:00:00+00:00
[2023-07-09T15:50:25.843+0000] {processor.py:175} INFO - Processing /home/ubuntu/venv/lib/python3.10/site-packages/airflow/example_dags/example_branch_operator_decorator.py took 0.196 seconds
[2023-07-09T16:47:20.202+0000] {processor.py:153} INFO - Started process (PID=3607) to work on /home/ubuntu/venv/lib/python3.10/site-packages/airflow/example_dags/example_branch_operator_decorator.py
[2023-07-09T16:47:20.204+0000] {processor.py:743} INFO - Processing file /home/ubuntu/venv/lib/python3.10/site-packages/airflow/example_dags/example_branch_operator_decorator.py for tasks to queue
[2023-07-09T16:47:20.204+0000] {logging_mixin.py:137} INFO - [2023-07-09T16:47:20.204+0000] {dagbag.py:538} INFO - Filling up the DagBag from /home/ubuntu/venv/lib/python3.10/site-packages/airflow/example_dags/example_branch_operator_decorator.py
[2023-07-09T16:47:20.289+0000] {processor.py:753} INFO - DAG(s) dict_keys(['example_branch_python_operator_decorator']) retrieved from /home/ubuntu/venv/lib/python3.10/site-packages/airflow/example_dags/example_branch_operator_decorator.py
[2023-07-09T16:47:20.361+0000] {logging_mixin.py:137} INFO - [2023-07-09T16:47:20.360+0000] {dag.py:2676} INFO - Sync 1 DAGs
[2023-07-09T16:47:20.393+0000] {logging_mixin.py:137} INFO - [2023-07-09T16:47:20.393+0000] {dag.py:3423} INFO - Setting next_dagrun for example_branch_python_operator_decorator to 2023-07-08T00:00:00+00:00, run_after=2023-07-09T00:00:00+00:00
[2023-07-09T16:47:20.435+0000] {processor.py:175} INFO - Processing /home/ubuntu/venv/lib/python3.10/site-packages/airflow/example_dags/example_branch_operator_decorator.py took 0.237 seconds
[2023-07-09T16:47:50.513+0000] {processor.py:153} INFO - Started process (PID=3935) to work on /home/ubuntu/venv/lib/python3.10/site-packages/airflow/example_dags/example_branch_operator_decorator.py
[2023-07-09T16:47:50.514+0000] {processor.py:743} INFO - Processing file /home/ubuntu/venv/lib/python3.10/site-packages/airflow/example_dags/example_branch_operator_decorator.py for tasks to queue
[2023-07-09T16:47:50.515+0000] {logging_mixin.py:137} INFO - [2023-07-09T16:47:50.515+0000] {dagbag.py:538} INFO - Filling up the DagBag from /home/ubuntu/venv/lib/python3.10/site-packages/airflow/example_dags/example_branch_operator_decorator.py
[2023-07-09T16:47:50.568+0000] {processor.py:753} INFO - DAG(s) dict_keys(['example_branch_python_operator_decorator']) retrieved from /home/ubuntu/venv/lib/python3.10/site-packages/airflow/example_dags/example_branch_operator_decorator.py
[2023-07-09T16:47:50.656+0000] {logging_mixin.py:137} INFO - [2023-07-09T16:47:50.656+0000] {dag.py:2676} INFO - Sync 1 DAGs
[2023-07-09T16:47:50.692+0000] {logging_mixin.py:137} INFO - [2023-07-09T16:47:50.691+0000] {dag.py:3423} INFO - Setting next_dagrun for example_branch_python_operator_decorator to 2023-07-08T00:00:00+00:00, run_after=2023-07-09T00:00:00+00:00
[2023-07-09T16:47:50.717+0000] {processor.py:175} INFO - Processing /home/ubuntu/venv/lib/python3.10/site-packages/airflow/example_dags/example_branch_operator_decorator.py took 0.211 seconds
[2023-07-09T16:48:21.284+0000] {processor.py:153} INFO - Started process (PID=4171) to work on /home/ubuntu/venv/lib/python3.10/site-packages/airflow/example_dags/example_branch_operator_decorator.py
[2023-07-09T16:48:21.285+0000] {processor.py:743} INFO - Processing file /home/ubuntu/venv/lib/python3.10/site-packages/airflow/example_dags/example_branch_operator_decorator.py for tasks to queue
[2023-07-09T16:48:21.286+0000] {logging_mixin.py:137} INFO - [2023-07-09T16:48:21.286+0000] {dagbag.py:538} INFO - Filling up the DagBag from /home/ubuntu/venv/lib/python3.10/site-packages/airflow/example_dags/example_branch_operator_decorator.py
[2023-07-09T16:48:21.338+0000] {processor.py:753} INFO - DAG(s) dict_keys(['example_branch_python_operator_decorator']) retrieved from /home/ubuntu/venv/lib/python3.10/site-packages/airflow/example_dags/example_branch_operator_decorator.py
[2023-07-09T16:48:21.411+0000] {logging_mixin.py:137} INFO - [2023-07-09T16:48:21.411+0000] {dag.py:2676} INFO - Sync 1 DAGs
[2023-07-09T16:48:21.445+0000] {logging_mixin.py:137} INFO - [2023-07-09T16:48:21.445+0000] {dag.py:3423} INFO - Setting next_dagrun for example_branch_python_operator_decorator to 2023-07-08T00:00:00+00:00, run_after=2023-07-09T00:00:00+00:00
[2023-07-09T16:48:21.471+0000] {processor.py:175} INFO - Processing /home/ubuntu/venv/lib/python3.10/site-packages/airflow/example_dags/example_branch_operator_decorator.py took 0.192 seconds
[2023-07-09T16:48:52.420+0000] {processor.py:153} INFO - Started process (PID=4407) to work on /home/ubuntu/venv/lib/python3.10/site-packages/airflow/example_dags/example_branch_operator_decorator.py
[2023-07-09T16:48:52.421+0000] {processor.py:743} INFO - Processing file /home/ubuntu/venv/lib/python3.10/site-packages/airflow/example_dags/example_branch_operator_decorator.py for tasks to queue
[2023-07-09T16:48:52.422+0000] {logging_mixin.py:137} INFO - [2023-07-09T16:48:52.422+0000] {dagbag.py:538} INFO - Filling up the DagBag from /home/ubuntu/venv/lib/python3.10/site-packages/airflow/example_dags/example_branch_operator_decorator.py
[2023-07-09T16:48:52.473+0000] {processor.py:753} INFO - DAG(s) dict_keys(['example_branch_python_operator_decorator']) retrieved from /home/ubuntu/venv/lib/python3.10/site-packages/airflow/example_dags/example_branch_operator_decorator.py
[2023-07-09T16:48:52.548+0000] {logging_mixin.py:137} INFO - [2023-07-09T16:48:52.548+0000] {dag.py:2676} INFO - Sync 1 DAGs
[2023-07-09T16:48:52.593+0000] {logging_mixin.py:137} INFO - [2023-07-09T16:48:52.593+0000] {dag.py:3423} INFO - Setting next_dagrun for example_branch_python_operator_decorator to 2023-07-08T00:00:00+00:00, run_after=2023-07-09T00:00:00+00:00
[2023-07-09T16:48:52.622+0000] {processor.py:175} INFO - Processing /home/ubuntu/venv/lib/python3.10/site-packages/airflow/example_dags/example_branch_operator_decorator.py took 0.207 seconds
[2023-07-09T16:49:22.987+0000] {processor.py:153} INFO - Started process (PID=4642) to work on /home/ubuntu/venv/lib/python3.10/site-packages/airflow/example_dags/example_branch_operator_decorator.py
[2023-07-09T16:49:22.988+0000] {processor.py:743} INFO - Processing file /home/ubuntu/venv/lib/python3.10/site-packages/airflow/example_dags/example_branch_operator_decorator.py for tasks to queue
[2023-07-09T16:49:22.989+0000] {logging_mixin.py:137} INFO - [2023-07-09T16:49:22.989+0000] {dagbag.py:538} INFO - Filling up the DagBag from /home/ubuntu/venv/lib/python3.10/site-packages/airflow/example_dags/example_branch_operator_decorator.py
[2023-07-09T16:49:23.026+0000] {processor.py:753} INFO - DAG(s) dict_keys(['example_branch_python_operator_decorator']) retrieved from /home/ubuntu/venv/lib/python3.10/site-packages/airflow/example_dags/example_branch_operator_decorator.py
[2023-07-09T16:49:23.093+0000] {logging_mixin.py:137} INFO - [2023-07-09T16:49:23.092+0000] {dag.py:2676} INFO - Sync 1 DAGs
[2023-07-09T16:49:23.128+0000] {logging_mixin.py:137} INFO - [2023-07-09T16:49:23.128+0000] {dag.py:3423} INFO - Setting next_dagrun for example_branch_python_operator_decorator to 2023-07-08T00:00:00+00:00, run_after=2023-07-09T00:00:00+00:00
[2023-07-09T16:49:23.152+0000] {processor.py:175} INFO - Processing /home/ubuntu/venv/lib/python3.10/site-packages/airflow/example_dags/example_branch_operator_decorator.py took 0.169 seconds
[2023-07-09T16:49:53.495+0000] {processor.py:153} INFO - Started process (PID=4878) to work on /home/ubuntu/venv/lib/python3.10/site-packages/airflow/example_dags/example_branch_operator_decorator.py
[2023-07-09T16:49:53.497+0000] {processor.py:743} INFO - Processing file /home/ubuntu/venv/lib/python3.10/site-packages/airflow/example_dags/example_branch_operator_decorator.py for tasks to queue
[2023-07-09T16:49:53.498+0000] {logging_mixin.py:137} INFO - [2023-07-09T16:49:53.498+0000] {dagbag.py:538} INFO - Filling up the DagBag from /home/ubuntu/venv/lib/python3.10/site-packages/airflow/example_dags/example_branch_operator_decorator.py
[2023-07-09T16:49:53.541+0000] {processor.py:753} INFO - DAG(s) dict_keys(['example_branch_python_operator_decorator']) retrieved from /home/ubuntu/venv/lib/python3.10/site-packages/airflow/example_dags/example_branch_operator_decorator.py
[2023-07-09T16:49:53.614+0000] {logging_mixin.py:137} INFO - [2023-07-09T16:49:53.613+0000] {dag.py:2676} INFO - Sync 1 DAGs
[2023-07-09T16:49:53.657+0000] {logging_mixin.py:137} INFO - [2023-07-09T16:49:53.657+0000] {dag.py:3423} INFO - Setting next_dagrun for example_branch_python_operator_decorator to 2023-07-08T00:00:00+00:00, run_after=2023-07-09T00:00:00+00:00
[2023-07-09T16:49:53.689+0000] {processor.py:175} INFO - Processing /home/ubuntu/venv/lib/python3.10/site-packages/airflow/example_dags/example_branch_operator_decorator.py took 0.197 seconds
[2023-07-09T16:50:24.351+0000] {processor.py:153} INFO - Started process (PID=5115) to work on /home/ubuntu/venv/lib/python3.10/site-packages/airflow/example_dags/example_branch_operator_decorator.py
[2023-07-09T16:50:24.353+0000] {processor.py:743} INFO - Processing file /home/ubuntu/venv/lib/python3.10/site-packages/airflow/example_dags/example_branch_operator_decorator.py for tasks to queue
[2023-07-09T16:50:24.354+0000] {logging_mixin.py:137} INFO - [2023-07-09T16:50:24.354+0000] {dagbag.py:538} INFO - Filling up the DagBag from /home/ubuntu/venv/lib/python3.10/site-packages/airflow/example_dags/example_branch_operator_decorator.py
[2023-07-09T16:50:24.393+0000] {processor.py:753} INFO - DAG(s) dict_keys(['example_branch_python_operator_decorator']) retrieved from /home/ubuntu/venv/lib/python3.10/site-packages/airflow/example_dags/example_branch_operator_decorator.py
[2023-07-09T16:50:24.457+0000] {logging_mixin.py:137} INFO - [2023-07-09T16:50:24.457+0000] {dag.py:2676} INFO - Sync 1 DAGs
[2023-07-09T16:50:24.491+0000] {logging_mixin.py:137} INFO - [2023-07-09T16:50:24.491+0000] {dag.py:3423} INFO - Setting next_dagrun for example_branch_python_operator_decorator to 2023-07-08T00:00:00+00:00, run_after=2023-07-09T00:00:00+00:00
[2023-07-09T16:50:24.514+0000] {processor.py:175} INFO - Processing /home/ubuntu/venv/lib/python3.10/site-packages/airflow/example_dags/example_branch_operator_decorator.py took 0.166 seconds
[2023-07-09T16:54:56.778+0000] {processor.py:153} INFO - Started process (PID=5889) to work on /home/ubuntu/venv/lib/python3.10/site-packages/airflow/example_dags/example_branch_operator_decorator.py
[2023-07-09T16:54:56.780+0000] {processor.py:743} INFO - Processing file /home/ubuntu/venv/lib/python3.10/site-packages/airflow/example_dags/example_branch_operator_decorator.py for tasks to queue
[2023-07-09T16:54:56.780+0000] {logging_mixin.py:137} INFO - [2023-07-09T16:54:56.780+0000] {dagbag.py:538} INFO - Filling up the DagBag from /home/ubuntu/venv/lib/python3.10/site-packages/airflow/example_dags/example_branch_operator_decorator.py
[2023-07-09T16:54:56.817+0000] {processor.py:753} INFO - DAG(s) dict_keys(['example_branch_python_operator_decorator']) retrieved from /home/ubuntu/venv/lib/python3.10/site-packages/airflow/example_dags/example_branch_operator_decorator.py
[2023-07-09T16:54:56.893+0000] {logging_mixin.py:137} INFO - [2023-07-09T16:54:56.893+0000] {dag.py:2676} INFO - Sync 1 DAGs
[2023-07-09T16:54:56.930+0000] {logging_mixin.py:137} INFO - [2023-07-09T16:54:56.930+0000] {dag.py:3423} INFO - Setting next_dagrun for example_branch_python_operator_decorator to 2023-07-08T00:00:00+00:00, run_after=2023-07-09T00:00:00+00:00
[2023-07-09T16:54:56.955+0000] {processor.py:175} INFO - Processing /home/ubuntu/venv/lib/python3.10/site-packages/airflow/example_dags/example_branch_operator_decorator.py took 0.181 seconds
[2023-07-09T16:55:27.864+0000] {processor.py:153} INFO - Started process (PID=6148) to work on /home/ubuntu/venv/lib/python3.10/site-packages/airflow/example_dags/example_branch_operator_decorator.py
[2023-07-09T16:55:27.865+0000] {processor.py:743} INFO - Processing file /home/ubuntu/venv/lib/python3.10/site-packages/airflow/example_dags/example_branch_operator_decorator.py for tasks to queue
[2023-07-09T16:55:27.866+0000] {logging_mixin.py:137} INFO - [2023-07-09T16:55:27.866+0000] {dagbag.py:538} INFO - Filling up the DagBag from /home/ubuntu/venv/lib/python3.10/site-packages/airflow/example_dags/example_branch_operator_decorator.py
[2023-07-09T16:55:27.909+0000] {processor.py:753} INFO - DAG(s) dict_keys(['example_branch_python_operator_decorator']) retrieved from /home/ubuntu/venv/lib/python3.10/site-packages/airflow/example_dags/example_branch_operator_decorator.py
[2023-07-09T16:55:27.979+0000] {logging_mixin.py:137} INFO - [2023-07-09T16:55:27.979+0000] {dag.py:2676} INFO - Sync 1 DAGs
[2023-07-09T16:55:28.015+0000] {logging_mixin.py:137} INFO - [2023-07-09T16:55:28.015+0000] {dag.py:3423} INFO - Setting next_dagrun for example_branch_python_operator_decorator to 2023-07-08T00:00:00+00:00, run_after=2023-07-09T00:00:00+00:00
[2023-07-09T16:55:28.039+0000] {processor.py:175} INFO - Processing /home/ubuntu/venv/lib/python3.10/site-packages/airflow/example_dags/example_branch_operator_decorator.py took 0.178 seconds
[2023-07-09T16:55:58.156+0000] {processor.py:153} INFO - Started process (PID=6384) to work on /home/ubuntu/venv/lib/python3.10/site-packages/airflow/example_dags/example_branch_operator_decorator.py
[2023-07-09T16:55:58.158+0000] {processor.py:743} INFO - Processing file /home/ubuntu/venv/lib/python3.10/site-packages/airflow/example_dags/example_branch_operator_decorator.py for tasks to queue
[2023-07-09T16:55:58.158+0000] {logging_mixin.py:137} INFO - [2023-07-09T16:55:58.158+0000] {dagbag.py:538} INFO - Filling up the DagBag from /home/ubuntu/venv/lib/python3.10/site-packages/airflow/example_dags/example_branch_operator_decorator.py
[2023-07-09T16:55:58.200+0000] {processor.py:753} INFO - DAG(s) dict_keys(['example_branch_python_operator_decorator']) retrieved from /home/ubuntu/venv/lib/python3.10/site-packages/airflow/example_dags/example_branch_operator_decorator.py
[2023-07-09T16:55:58.294+0000] {logging_mixin.py:137} INFO - [2023-07-09T16:55:58.294+0000] {dag.py:2676} INFO - Sync 1 DAGs
[2023-07-09T16:55:58.334+0000] {logging_mixin.py:137} INFO - [2023-07-09T16:55:58.334+0000] {dag.py:3423} INFO - Setting next_dagrun for example_branch_python_operator_decorator to 2023-07-08T00:00:00+00:00, run_after=2023-07-09T00:00:00+00:00
[2023-07-09T16:55:58.365+0000] {processor.py:175} INFO - Processing /home/ubuntu/venv/lib/python3.10/site-packages/airflow/example_dags/example_branch_operator_decorator.py took 0.212 seconds
[2023-07-09T16:56:28.876+0000] {processor.py:153} INFO - Started process (PID=6619) to work on /home/ubuntu/venv/lib/python3.10/site-packages/airflow/example_dags/example_branch_operator_decorator.py
[2023-07-09T16:56:28.878+0000] {processor.py:743} INFO - Processing file /home/ubuntu/venv/lib/python3.10/site-packages/airflow/example_dags/example_branch_operator_decorator.py for tasks to queue
[2023-07-09T16:56:28.880+0000] {logging_mixin.py:137} INFO - [2023-07-09T16:56:28.880+0000] {dagbag.py:538} INFO - Filling up the DagBag from /home/ubuntu/venv/lib/python3.10/site-packages/airflow/example_dags/example_branch_operator_decorator.py
[2023-07-09T16:56:28.919+0000] {processor.py:753} INFO - DAG(s) dict_keys(['example_branch_python_operator_decorator']) retrieved from /home/ubuntu/venv/lib/python3.10/site-packages/airflow/example_dags/example_branch_operator_decorator.py
[2023-07-09T16:56:28.994+0000] {logging_mixin.py:137} INFO - [2023-07-09T16:56:28.994+0000] {dag.py:2676} INFO - Sync 1 DAGs
[2023-07-09T16:56:29.032+0000] {logging_mixin.py:137} INFO - [2023-07-09T16:56:29.032+0000] {dag.py:3423} INFO - Setting next_dagrun for example_branch_python_operator_decorator to 2023-07-08T00:00:00+00:00, run_after=2023-07-09T00:00:00+00:00
[2023-07-09T16:56:29.051+0000] {processor.py:175} INFO - Processing /home/ubuntu/venv/lib/python3.10/site-packages/airflow/example_dags/example_branch_operator_decorator.py took 0.183 seconds
[2023-07-09T16:56:59.688+0000] {processor.py:153} INFO - Started process (PID=6876) to work on /home/ubuntu/venv/lib/python3.10/site-packages/airflow/example_dags/example_branch_operator_decorator.py
[2023-07-09T16:56:59.688+0000] {processor.py:743} INFO - Processing file /home/ubuntu/venv/lib/python3.10/site-packages/airflow/example_dags/example_branch_operator_decorator.py for tasks to queue
[2023-07-09T16:56:59.689+0000] {logging_mixin.py:137} INFO - [2023-07-09T16:56:59.689+0000] {dagbag.py:538} INFO - Filling up the DagBag from /home/ubuntu/venv/lib/python3.10/site-packages/airflow/example_dags/example_branch_operator_decorator.py
[2023-07-09T16:56:59.727+0000] {processor.py:753} INFO - DAG(s) dict_keys(['example_branch_python_operator_decorator']) retrieved from /home/ubuntu/venv/lib/python3.10/site-packages/airflow/example_dags/example_branch_operator_decorator.py
[2023-07-09T16:56:59.805+0000] {logging_mixin.py:137} INFO - [2023-07-09T16:56:59.805+0000] {dag.py:2676} INFO - Sync 1 DAGs
[2023-07-09T16:56:59.849+0000] {logging_mixin.py:137} INFO - [2023-07-09T16:56:59.849+0000] {dag.py:3423} INFO - Setting next_dagrun for example_branch_python_operator_decorator to 2023-07-08T00:00:00+00:00, run_after=2023-07-09T00:00:00+00:00
[2023-07-09T16:56:59.874+0000] {processor.py:175} INFO - Processing /home/ubuntu/venv/lib/python3.10/site-packages/airflow/example_dags/example_branch_operator_decorator.py took 0.190 seconds
[2023-07-09T16:57:30.063+0000] {processor.py:153} INFO - Started process (PID=7109) to work on /home/ubuntu/venv/lib/python3.10/site-packages/airflow/example_dags/example_branch_operator_decorator.py
[2023-07-09T16:57:30.066+0000] {processor.py:743} INFO - Processing file /home/ubuntu/venv/lib/python3.10/site-packages/airflow/example_dags/example_branch_operator_decorator.py for tasks to queue
[2023-07-09T16:57:30.066+0000] {logging_mixin.py:137} INFO - [2023-07-09T16:57:30.066+0000] {dagbag.py:538} INFO - Filling up the DagBag from /home/ubuntu/venv/lib/python3.10/site-packages/airflow/example_dags/example_branch_operator_decorator.py
[2023-07-09T16:57:30.109+0000] {processor.py:753} INFO - DAG(s) dict_keys(['example_branch_python_operator_decorator']) retrieved from /home/ubuntu/venv/lib/python3.10/site-packages/airflow/example_dags/example_branch_operator_decorator.py
[2023-07-09T16:57:30.177+0000] {logging_mixin.py:137} INFO - [2023-07-09T16:57:30.177+0000] {dag.py:2676} INFO - Sync 1 DAGs
[2023-07-09T16:57:30.212+0000] {logging_mixin.py:137} INFO - [2023-07-09T16:57:30.212+0000] {dag.py:3423} INFO - Setting next_dagrun for example_branch_python_operator_decorator to 2023-07-08T00:00:00+00:00, run_after=2023-07-09T00:00:00+00:00
[2023-07-09T16:57:30.241+0000] {processor.py:175} INFO - Processing /home/ubuntu/venv/lib/python3.10/site-packages/airflow/example_dags/example_branch_operator_decorator.py took 0.183 seconds
[2023-07-09T16:58:00.960+0000] {processor.py:153} INFO - Started process (PID=7346) to work on /home/ubuntu/venv/lib/python3.10/site-packages/airflow/example_dags/example_branch_operator_decorator.py
[2023-07-09T16:58:00.964+0000] {processor.py:743} INFO - Processing file /home/ubuntu/venv/lib/python3.10/site-packages/airflow/example_dags/example_branch_operator_decorator.py for tasks to queue
[2023-07-09T16:58:00.965+0000] {logging_mixin.py:137} INFO - [2023-07-09T16:58:00.965+0000] {dagbag.py:538} INFO - Filling up the DagBag from /home/ubuntu/venv/lib/python3.10/site-packages/airflow/example_dags/example_branch_operator_decorator.py
[2023-07-09T16:58:01.008+0000] {processor.py:753} INFO - DAG(s) dict_keys(['example_branch_python_operator_decorator']) retrieved from /home/ubuntu/venv/lib/python3.10/site-packages/airflow/example_dags/example_branch_operator_decorator.py
[2023-07-09T16:58:01.079+0000] {logging_mixin.py:137} INFO - [2023-07-09T16:58:01.079+0000] {dag.py:2676} INFO - Sync 1 DAGs
[2023-07-09T16:58:01.147+0000] {logging_mixin.py:137} INFO - [2023-07-09T16:58:01.147+0000] {dag.py:3423} INFO - Setting next_dagrun for example_branch_python_operator_decorator to 2023-07-08T00:00:00+00:00, run_after=2023-07-09T00:00:00+00:00
[2023-07-09T16:58:01.176+0000] {processor.py:175} INFO - Processing /home/ubuntu/venv/lib/python3.10/site-packages/airflow/example_dags/example_branch_operator_decorator.py took 0.220 seconds
[2023-07-09T16:58:31.863+0000] {processor.py:153} INFO - Started process (PID=7582) to work on /home/ubuntu/venv/lib/python3.10/site-packages/airflow/example_dags/example_branch_operator_decorator.py
[2023-07-09T16:58:31.864+0000] {processor.py:743} INFO - Processing file /home/ubuntu/venv/lib/python3.10/site-packages/airflow/example_dags/example_branch_operator_decorator.py for tasks to queue
[2023-07-09T16:58:31.865+0000] {logging_mixin.py:137} INFO - [2023-07-09T16:58:31.864+0000] {dagbag.py:538} INFO - Filling up the DagBag from /home/ubuntu/venv/lib/python3.10/site-packages/airflow/example_dags/example_branch_operator_decorator.py
[2023-07-09T16:58:31.891+0000] {processor.py:753} INFO - DAG(s) dict_keys(['example_branch_python_operator_decorator']) retrieved from /home/ubuntu/venv/lib/python3.10/site-packages/airflow/example_dags/example_branch_operator_decorator.py
[2023-07-09T16:58:31.955+0000] {logging_mixin.py:137} INFO - [2023-07-09T16:58:31.955+0000] {dag.py:2676} INFO - Sync 1 DAGs
[2023-07-09T16:58:31.984+0000] {logging_mixin.py:137} INFO - [2023-07-09T16:58:31.984+0000] {dag.py:3423} INFO - Setting next_dagrun for example_branch_python_operator_decorator to 2023-07-08T00:00:00+00:00, run_after=2023-07-09T00:00:00+00:00
[2023-07-09T16:58:32.201+0000] {processor.py:175} INFO - Processing /home/ubuntu/venv/lib/python3.10/site-packages/airflow/example_dags/example_branch_operator_decorator.py took 0.341 seconds
[2023-07-09T16:59:05.195+0000] {processor.py:153} INFO - Started process (PID=7817) to work on /home/ubuntu/venv/lib/python3.10/site-packages/airflow/example_dags/example_branch_operator_decorator.py
[2023-07-09T16:59:05.197+0000] {processor.py:743} INFO - Processing file /home/ubuntu/venv/lib/python3.10/site-packages/airflow/example_dags/example_branch_operator_decorator.py for tasks to queue
[2023-07-09T16:59:05.198+0000] {logging_mixin.py:137} INFO - [2023-07-09T16:59:05.198+0000] {dagbag.py:538} INFO - Filling up the DagBag from /home/ubuntu/venv/lib/python3.10/site-packages/airflow/example_dags/example_branch_operator_decorator.py
[2023-07-09T16:59:05.241+0000] {processor.py:753} INFO - DAG(s) dict_keys(['example_branch_python_operator_decorator']) retrieved from /home/ubuntu/venv/lib/python3.10/site-packages/airflow/example_dags/example_branch_operator_decorator.py
[2023-07-09T16:59:05.306+0000] {logging_mixin.py:137} INFO - [2023-07-09T16:59:05.306+0000] {dag.py:2676} INFO - Sync 1 DAGs
[2023-07-09T16:59:05.511+0000] {logging_mixin.py:137} INFO - [2023-07-09T16:59:05.511+0000] {dag.py:3423} INFO - Setting next_dagrun for example_branch_python_operator_decorator to 2023-07-08T00:00:00+00:00, run_after=2023-07-09T00:00:00+00:00
[2023-07-09T16:59:05.533+0000] {processor.py:175} INFO - Processing /home/ubuntu/venv/lib/python3.10/site-packages/airflow/example_dags/example_branch_operator_decorator.py took 0.345 seconds
[2023-07-09T16:59:35.979+0000] {processor.py:153} INFO - Started process (PID=8054) to work on /home/ubuntu/venv/lib/python3.10/site-packages/airflow/example_dags/example_branch_operator_decorator.py
[2023-07-09T16:59:35.981+0000] {processor.py:743} INFO - Processing file /home/ubuntu/venv/lib/python3.10/site-packages/airflow/example_dags/example_branch_operator_decorator.py for tasks to queue
[2023-07-09T16:59:35.982+0000] {logging_mixin.py:137} INFO - [2023-07-09T16:59:35.982+0000] {dagbag.py:538} INFO - Filling up the DagBag from /home/ubuntu/venv/lib/python3.10/site-packages/airflow/example_dags/example_branch_operator_decorator.py
[2023-07-09T16:59:36.066+0000] {processor.py:753} INFO - DAG(s) dict_keys(['example_branch_python_operator_decorator']) retrieved from /home/ubuntu/venv/lib/python3.10/site-packages/airflow/example_dags/example_branch_operator_decorator.py
[2023-07-09T16:59:36.148+0000] {logging_mixin.py:137} INFO - [2023-07-09T16:59:36.148+0000] {dag.py:2676} INFO - Sync 1 DAGs
[2023-07-09T16:59:36.389+0000] {logging_mixin.py:137} INFO - [2023-07-09T16:59:36.389+0000] {dag.py:3423} INFO - Setting next_dagrun for example_branch_python_operator_decorator to 2023-07-08T00:00:00+00:00, run_after=2023-07-09T00:00:00+00:00
[2023-07-09T16:59:36.413+0000] {processor.py:175} INFO - Processing /home/ubuntu/venv/lib/python3.10/site-packages/airflow/example_dags/example_branch_operator_decorator.py took 0.441 seconds
[2023-07-09T17:00:32.957+0000] {processor.py:153} INFO - Started process (PID=8718) to work on /home/ubuntu/venv/lib/python3.10/site-packages/airflow/example_dags/example_branch_operator_decorator.py
[2023-07-09T17:00:32.963+0000] {processor.py:743} INFO - Processing file /home/ubuntu/venv/lib/python3.10/site-packages/airflow/example_dags/example_branch_operator_decorator.py for tasks to queue
[2023-07-09T17:00:32.964+0000] {logging_mixin.py:137} INFO - [2023-07-09T17:00:32.964+0000] {dagbag.py:538} INFO - Filling up the DagBag from /home/ubuntu/venv/lib/python3.10/site-packages/airflow/example_dags/example_branch_operator_decorator.py
[2023-07-09T17:00:33.045+0000] {processor.py:753} INFO - DAG(s) dict_keys(['example_branch_python_operator_decorator']) retrieved from /home/ubuntu/venv/lib/python3.10/site-packages/airflow/example_dags/example_branch_operator_decorator.py
[2023-07-09T17:00:33.140+0000] {logging_mixin.py:137} INFO - [2023-07-09T17:00:33.140+0000] {dag.py:2676} INFO - Sync 1 DAGs
[2023-07-09T17:00:33.192+0000] {logging_mixin.py:137} INFO - [2023-07-09T17:00:33.192+0000] {dag.py:3423} INFO - Setting next_dagrun for example_branch_python_operator_decorator to 2023-07-08T00:00:00+00:00, run_after=2023-07-09T00:00:00+00:00
[2023-07-09T17:00:33.215+0000] {processor.py:175} INFO - Processing /home/ubuntu/venv/lib/python3.10/site-packages/airflow/example_dags/example_branch_operator_decorator.py took 0.289 seconds
[2023-07-09T17:01:04.448+0000] {processor.py:153} INFO - Started process (PID=8976) to work on /home/ubuntu/venv/lib/python3.10/site-packages/airflow/example_dags/example_branch_operator_decorator.py
[2023-07-09T17:01:04.450+0000] {processor.py:743} INFO - Processing file /home/ubuntu/venv/lib/python3.10/site-packages/airflow/example_dags/example_branch_operator_decorator.py for tasks to queue
[2023-07-09T17:01:04.451+0000] {logging_mixin.py:137} INFO - [2023-07-09T17:01:04.450+0000] {dagbag.py:538} INFO - Filling up the DagBag from /home/ubuntu/venv/lib/python3.10/site-packages/airflow/example_dags/example_branch_operator_decorator.py
[2023-07-09T17:01:04.491+0000] {processor.py:753} INFO - DAG(s) dict_keys(['example_branch_python_operator_decorator']) retrieved from /home/ubuntu/venv/lib/python3.10/site-packages/airflow/example_dags/example_branch_operator_decorator.py
[2023-07-09T17:01:04.577+0000] {logging_mixin.py:137} INFO - [2023-07-09T17:01:04.577+0000] {dag.py:2676} INFO - Sync 1 DAGs
[2023-07-09T17:01:04.613+0000] {logging_mixin.py:137} INFO - [2023-07-09T17:01:04.613+0000] {dag.py:3423} INFO - Setting next_dagrun for example_branch_python_operator_decorator to 2023-07-08T00:00:00+00:00, run_after=2023-07-09T00:00:00+00:00
[2023-07-09T17:01:04.642+0000] {processor.py:175} INFO - Processing /home/ubuntu/venv/lib/python3.10/site-packages/airflow/example_dags/example_branch_operator_decorator.py took 0.199 seconds
[2023-07-09T17:01:35.297+0000] {processor.py:153} INFO - Started process (PID=9213) to work on /home/ubuntu/venv/lib/python3.10/site-packages/airflow/example_dags/example_branch_operator_decorator.py
[2023-07-09T17:01:35.298+0000] {processor.py:743} INFO - Processing file /home/ubuntu/venv/lib/python3.10/site-packages/airflow/example_dags/example_branch_operator_decorator.py for tasks to queue
[2023-07-09T17:01:35.299+0000] {logging_mixin.py:137} INFO - [2023-07-09T17:01:35.299+0000] {dagbag.py:538} INFO - Filling up the DagBag from /home/ubuntu/venv/lib/python3.10/site-packages/airflow/example_dags/example_branch_operator_decorator.py
[2023-07-09T17:01:35.345+0000] {processor.py:753} INFO - DAG(s) dict_keys(['example_branch_python_operator_decorator']) retrieved from /home/ubuntu/venv/lib/python3.10/site-packages/airflow/example_dags/example_branch_operator_decorator.py
[2023-07-09T17:01:35.410+0000] {logging_mixin.py:137} INFO - [2023-07-09T17:01:35.410+0000] {dag.py:2676} INFO - Sync 1 DAGs
[2023-07-09T17:01:35.442+0000] {logging_mixin.py:137} INFO - [2023-07-09T17:01:35.442+0000] {dag.py:3423} INFO - Setting next_dagrun for example_branch_python_operator_decorator to 2023-07-08T00:00:00+00:00, run_after=2023-07-09T00:00:00+00:00
[2023-07-09T17:01:35.466+0000] {processor.py:175} INFO - Processing /home/ubuntu/venv/lib/python3.10/site-packages/airflow/example_dags/example_branch_operator_decorator.py took 0.173 seconds
[2023-07-09T17:02:06.336+0000] {processor.py:153} INFO - Started process (PID=9468) to work on /home/ubuntu/venv/lib/python3.10/site-packages/airflow/example_dags/example_branch_operator_decorator.py
[2023-07-09T17:02:06.337+0000] {processor.py:743} INFO - Processing file /home/ubuntu/venv/lib/python3.10/site-packages/airflow/example_dags/example_branch_operator_decorator.py for tasks to queue
[2023-07-09T17:02:06.338+0000] {logging_mixin.py:137} INFO - [2023-07-09T17:02:06.338+0000] {dagbag.py:538} INFO - Filling up the DagBag from /home/ubuntu/venv/lib/python3.10/site-packages/airflow/example_dags/example_branch_operator_decorator.py
[2023-07-09T17:02:06.374+0000] {processor.py:753} INFO - DAG(s) dict_keys(['example_branch_python_operator_decorator']) retrieved from /home/ubuntu/venv/lib/python3.10/site-packages/airflow/example_dags/example_branch_operator_decorator.py
[2023-07-09T17:02:06.441+0000] {logging_mixin.py:137} INFO - [2023-07-09T17:02:06.441+0000] {dag.py:2676} INFO - Sync 1 DAGs
[2023-07-09T17:02:06.478+0000] {logging_mixin.py:137} INFO - [2023-07-09T17:02:06.478+0000] {dag.py:3423} INFO - Setting next_dagrun for example_branch_python_operator_decorator to 2023-07-08T00:00:00+00:00, run_after=2023-07-09T00:00:00+00:00
[2023-07-09T17:02:06.515+0000] {processor.py:175} INFO - Processing /home/ubuntu/venv/lib/python3.10/site-packages/airflow/example_dags/example_branch_operator_decorator.py took 0.186 seconds
[2023-07-09T17:02:37.149+0000] {processor.py:153} INFO - Started process (PID=9702) to work on /home/ubuntu/venv/lib/python3.10/site-packages/airflow/example_dags/example_branch_operator_decorator.py
[2023-07-09T17:02:37.151+0000] {processor.py:743} INFO - Processing file /home/ubuntu/venv/lib/python3.10/site-packages/airflow/example_dags/example_branch_operator_decorator.py for tasks to queue
[2023-07-09T17:02:37.152+0000] {logging_mixin.py:137} INFO - [2023-07-09T17:02:37.152+0000] {dagbag.py:538} INFO - Filling up the DagBag from /home/ubuntu/venv/lib/python3.10/site-packages/airflow/example_dags/example_branch_operator_decorator.py
[2023-07-09T17:02:37.193+0000] {processor.py:753} INFO - DAG(s) dict_keys(['example_branch_python_operator_decorator']) retrieved from /home/ubuntu/venv/lib/python3.10/site-packages/airflow/example_dags/example_branch_operator_decorator.py
[2023-07-09T17:02:37.272+0000] {logging_mixin.py:137} INFO - [2023-07-09T17:02:37.272+0000] {dag.py:2676} INFO - Sync 1 DAGs
[2023-07-09T17:02:37.309+0000] {logging_mixin.py:137} INFO - [2023-07-09T17:02:37.309+0000] {dag.py:3423} INFO - Setting next_dagrun for example_branch_python_operator_decorator to 2023-07-08T00:00:00+00:00, run_after=2023-07-09T00:00:00+00:00
[2023-07-09T17:02:37.340+0000] {processor.py:175} INFO - Processing /home/ubuntu/venv/lib/python3.10/site-packages/airflow/example_dags/example_branch_operator_decorator.py took 0.196 seconds
[2023-07-09T17:03:08.064+0000] {processor.py:153} INFO - Started process (PID=9941) to work on /home/ubuntu/venv/lib/python3.10/site-packages/airflow/example_dags/example_branch_operator_decorator.py
[2023-07-09T17:03:08.065+0000] {processor.py:743} INFO - Processing file /home/ubuntu/venv/lib/python3.10/site-packages/airflow/example_dags/example_branch_operator_decorator.py for tasks to queue
[2023-07-09T17:03:08.066+0000] {logging_mixin.py:137} INFO - [2023-07-09T17:03:08.065+0000] {dagbag.py:538} INFO - Filling up the DagBag from /home/ubuntu/venv/lib/python3.10/site-packages/airflow/example_dags/example_branch_operator_decorator.py
[2023-07-09T17:03:08.091+0000] {processor.py:753} INFO - DAG(s) dict_keys(['example_branch_python_operator_decorator']) retrieved from /home/ubuntu/venv/lib/python3.10/site-packages/airflow/example_dags/example_branch_operator_decorator.py
[2023-07-09T17:03:08.140+0000] {logging_mixin.py:137} INFO - [2023-07-09T17:03:08.140+0000] {dag.py:2676} INFO - Sync 1 DAGs
[2023-07-09T17:03:08.171+0000] {logging_mixin.py:137} INFO - [2023-07-09T17:03:08.171+0000] {dag.py:3423} INFO - Setting next_dagrun for example_branch_python_operator_decorator to 2023-07-08T00:00:00+00:00, run_after=2023-07-09T00:00:00+00:00
[2023-07-09T17:03:08.209+0000] {processor.py:175} INFO - Processing /home/ubuntu/venv/lib/python3.10/site-packages/airflow/example_dags/example_branch_operator_decorator.py took 0.149 seconds
[2023-07-09T17:03:39.052+0000] {processor.py:153} INFO - Started process (PID=10174) to work on /home/ubuntu/venv/lib/python3.10/site-packages/airflow/example_dags/example_branch_operator_decorator.py
[2023-07-09T17:03:39.053+0000] {processor.py:743} INFO - Processing file /home/ubuntu/venv/lib/python3.10/site-packages/airflow/example_dags/example_branch_operator_decorator.py for tasks to queue
[2023-07-09T17:03:39.054+0000] {logging_mixin.py:137} INFO - [2023-07-09T17:03:39.054+0000] {dagbag.py:538} INFO - Filling up the DagBag from /home/ubuntu/venv/lib/python3.10/site-packages/airflow/example_dags/example_branch_operator_decorator.py
[2023-07-09T17:03:39.088+0000] {processor.py:753} INFO - DAG(s) dict_keys(['example_branch_python_operator_decorator']) retrieved from /home/ubuntu/venv/lib/python3.10/site-packages/airflow/example_dags/example_branch_operator_decorator.py
[2023-07-09T17:03:39.165+0000] {logging_mixin.py:137} INFO - [2023-07-09T17:03:39.165+0000] {dag.py:2676} INFO - Sync 1 DAGs
[2023-07-09T17:03:39.211+0000] {logging_mixin.py:137} INFO - [2023-07-09T17:03:39.211+0000] {dag.py:3423} INFO - Setting next_dagrun for example_branch_python_operator_decorator to 2023-07-08T00:00:00+00:00, run_after=2023-07-09T00:00:00+00:00
[2023-07-09T17:03:39.235+0000] {processor.py:175} INFO - Processing /home/ubuntu/venv/lib/python3.10/site-packages/airflow/example_dags/example_branch_operator_decorator.py took 0.188 seconds
[2023-07-09T17:04:09.955+0000] {processor.py:153} INFO - Started process (PID=10409) to work on /home/ubuntu/venv/lib/python3.10/site-packages/airflow/example_dags/example_branch_operator_decorator.py
[2023-07-09T17:04:09.957+0000] {processor.py:743} INFO - Processing file /home/ubuntu/venv/lib/python3.10/site-packages/airflow/example_dags/example_branch_operator_decorator.py for tasks to queue
[2023-07-09T17:04:09.957+0000] {logging_mixin.py:137} INFO - [2023-07-09T17:04:09.957+0000] {dagbag.py:538} INFO - Filling up the DagBag from /home/ubuntu/venv/lib/python3.10/site-packages/airflow/example_dags/example_branch_operator_decorator.py
[2023-07-09T17:04:09.995+0000] {processor.py:753} INFO - DAG(s) dict_keys(['example_branch_python_operator_decorator']) retrieved from /home/ubuntu/venv/lib/python3.10/site-packages/airflow/example_dags/example_branch_operator_decorator.py
[2023-07-09T17:04:10.072+0000] {logging_mixin.py:137} INFO - [2023-07-09T17:04:10.072+0000] {dag.py:2676} INFO - Sync 1 DAGs
[2023-07-09T17:04:10.118+0000] {logging_mixin.py:137} INFO - [2023-07-09T17:04:10.118+0000] {dag.py:3423} INFO - Setting next_dagrun for example_branch_python_operator_decorator to 2023-07-08T00:00:00+00:00, run_after=2023-07-09T00:00:00+00:00
[2023-07-09T17:04:10.170+0000] {processor.py:175} INFO - Processing /home/ubuntu/venv/lib/python3.10/site-packages/airflow/example_dags/example_branch_operator_decorator.py took 0.219 seconds
[2023-07-09T17:04:42.489+0000] {processor.py:153} INFO - Started process (PID=10647) to work on /home/ubuntu/venv/lib/python3.10/site-packages/airflow/example_dags/example_branch_operator_decorator.py
[2023-07-09T17:04:42.490+0000] {processor.py:743} INFO - Processing file /home/ubuntu/venv/lib/python3.10/site-packages/airflow/example_dags/example_branch_operator_decorator.py for tasks to queue
[2023-07-09T17:04:42.491+0000] {logging_mixin.py:137} INFO - [2023-07-09T17:04:42.491+0000] {dagbag.py:538} INFO - Filling up the DagBag from /home/ubuntu/venv/lib/python3.10/site-packages/airflow/example_dags/example_branch_operator_decorator.py
[2023-07-09T17:04:42.531+0000] {processor.py:753} INFO - DAG(s) dict_keys(['example_branch_python_operator_decorator']) retrieved from /home/ubuntu/venv/lib/python3.10/site-packages/airflow/example_dags/example_branch_operator_decorator.py
[2023-07-09T17:04:42.603+0000] {logging_mixin.py:137} INFO - [2023-07-09T17:04:42.603+0000] {dag.py:2676} INFO - Sync 1 DAGs
[2023-07-09T17:04:42.822+0000] {logging_mixin.py:137} INFO - [2023-07-09T17:04:42.822+0000] {dag.py:3423} INFO - Setting next_dagrun for example_branch_python_operator_decorator to 2023-07-08T00:00:00+00:00, run_after=2023-07-09T00:00:00+00:00
[2023-07-09T17:04:42.867+0000] {processor.py:175} INFO - Processing /home/ubuntu/venv/lib/python3.10/site-packages/airflow/example_dags/example_branch_operator_decorator.py took 0.381 seconds
[2023-07-09T17:06:05.160+0000] {processor.py:153} INFO - Started process (PID=11217) to work on /home/ubuntu/venv/lib/python3.10/site-packages/airflow/example_dags/example_branch_operator_decorator.py
[2023-07-09T17:06:05.162+0000] {processor.py:743} INFO - Processing file /home/ubuntu/venv/lib/python3.10/site-packages/airflow/example_dags/example_branch_operator_decorator.py for tasks to queue
[2023-07-09T17:06:05.163+0000] {logging_mixin.py:137} INFO - [2023-07-09T17:06:05.162+0000] {dagbag.py:538} INFO - Filling up the DagBag from /home/ubuntu/venv/lib/python3.10/site-packages/airflow/example_dags/example_branch_operator_decorator.py
[2023-07-09T17:06:05.207+0000] {processor.py:753} INFO - DAG(s) dict_keys(['example_branch_python_operator_decorator']) retrieved from /home/ubuntu/venv/lib/python3.10/site-packages/airflow/example_dags/example_branch_operator_decorator.py
[2023-07-09T17:06:05.282+0000] {logging_mixin.py:137} INFO - [2023-07-09T17:06:05.282+0000] {dag.py:2676} INFO - Sync 1 DAGs
[2023-07-09T17:06:05.317+0000] {logging_mixin.py:137} INFO - [2023-07-09T17:06:05.317+0000] {dag.py:3423} INFO - Setting next_dagrun for example_branch_python_operator_decorator to 2023-07-08T00:00:00+00:00, run_after=2023-07-09T00:00:00+00:00
[2023-07-09T17:06:05.343+0000] {processor.py:175} INFO - Processing /home/ubuntu/venv/lib/python3.10/site-packages/airflow/example_dags/example_branch_operator_decorator.py took 0.190 seconds
[2023-07-09T17:06:36.105+0000] {processor.py:153} INFO - Started process (PID=11474) to work on /home/ubuntu/venv/lib/python3.10/site-packages/airflow/example_dags/example_branch_operator_decorator.py
[2023-07-09T17:06:36.107+0000] {processor.py:743} INFO - Processing file /home/ubuntu/venv/lib/python3.10/site-packages/airflow/example_dags/example_branch_operator_decorator.py for tasks to queue
[2023-07-09T17:06:36.108+0000] {logging_mixin.py:137} INFO - [2023-07-09T17:06:36.108+0000] {dagbag.py:538} INFO - Filling up the DagBag from /home/ubuntu/venv/lib/python3.10/site-packages/airflow/example_dags/example_branch_operator_decorator.py
[2023-07-09T17:06:36.151+0000] {processor.py:753} INFO - DAG(s) dict_keys(['example_branch_python_operator_decorator']) retrieved from /home/ubuntu/venv/lib/python3.10/site-packages/airflow/example_dags/example_branch_operator_decorator.py
[2023-07-09T17:06:36.222+0000] {logging_mixin.py:137} INFO - [2023-07-09T17:06:36.222+0000] {dag.py:2676} INFO - Sync 1 DAGs
[2023-07-09T17:06:36.261+0000] {logging_mixin.py:137} INFO - [2023-07-09T17:06:36.261+0000] {dag.py:3423} INFO - Setting next_dagrun for example_branch_python_operator_decorator to 2023-07-08T00:00:00+00:00, run_after=2023-07-09T00:00:00+00:00
[2023-07-09T17:06:36.284+0000] {processor.py:175} INFO - Processing /home/ubuntu/venv/lib/python3.10/site-packages/airflow/example_dags/example_branch_operator_decorator.py took 0.184 seconds
[2023-07-09T17:07:29.351+0000] {processor.py:153} INFO - Started process (PID=11949) to work on /home/ubuntu/venv/lib/python3.10/site-packages/airflow/example_dags/example_branch_operator_decorator.py
[2023-07-09T17:07:29.353+0000] {processor.py:743} INFO - Processing file /home/ubuntu/venv/lib/python3.10/site-packages/airflow/example_dags/example_branch_operator_decorator.py for tasks to queue
[2023-07-09T17:07:29.364+0000] {logging_mixin.py:137} INFO - [2023-07-09T17:07:29.364+0000] {dagbag.py:538} INFO - Filling up the DagBag from /home/ubuntu/venv/lib/python3.10/site-packages/airflow/example_dags/example_branch_operator_decorator.py
[2023-07-09T17:07:29.455+0000] {processor.py:753} INFO - DAG(s) dict_keys(['example_branch_python_operator_decorator']) retrieved from /home/ubuntu/venv/lib/python3.10/site-packages/airflow/example_dags/example_branch_operator_decorator.py
[2023-07-09T17:07:29.542+0000] {logging_mixin.py:137} INFO - [2023-07-09T17:07:29.542+0000] {dag.py:2676} INFO - Sync 1 DAGs
[2023-07-09T17:07:29.587+0000] {logging_mixin.py:137} INFO - [2023-07-09T17:07:29.587+0000] {dag.py:3423} INFO - Setting next_dagrun for example_branch_python_operator_decorator to 2023-07-08T00:00:00+00:00, run_after=2023-07-09T00:00:00+00:00
[2023-07-09T17:07:29.613+0000] {processor.py:175} INFO - Processing /home/ubuntu/venv/lib/python3.10/site-packages/airflow/example_dags/example_branch_operator_decorator.py took 0.268 seconds
[2023-07-09T17:08:00.908+0000] {processor.py:153} INFO - Started process (PID=12205) to work on /home/ubuntu/venv/lib/python3.10/site-packages/airflow/example_dags/example_branch_operator_decorator.py
[2023-07-09T17:08:00.909+0000] {processor.py:743} INFO - Processing file /home/ubuntu/venv/lib/python3.10/site-packages/airflow/example_dags/example_branch_operator_decorator.py for tasks to queue
[2023-07-09T17:08:00.910+0000] {logging_mixin.py:137} INFO - [2023-07-09T17:08:00.910+0000] {dagbag.py:538} INFO - Filling up the DagBag from /home/ubuntu/venv/lib/python3.10/site-packages/airflow/example_dags/example_branch_operator_decorator.py
[2023-07-09T17:08:00.950+0000] {processor.py:753} INFO - DAG(s) dict_keys(['example_branch_python_operator_decorator']) retrieved from /home/ubuntu/venv/lib/python3.10/site-packages/airflow/example_dags/example_branch_operator_decorator.py
[2023-07-09T17:08:01.025+0000] {logging_mixin.py:137} INFO - [2023-07-09T17:08:01.024+0000] {dag.py:2676} INFO - Sync 1 DAGs
[2023-07-09T17:08:01.062+0000] {logging_mixin.py:137} INFO - [2023-07-09T17:08:01.062+0000] {dag.py:3423} INFO - Setting next_dagrun for example_branch_python_operator_decorator to 2023-07-08T00:00:00+00:00, run_after=2023-07-09T00:00:00+00:00
[2023-07-09T17:08:01.092+0000] {processor.py:175} INFO - Processing /home/ubuntu/venv/lib/python3.10/site-packages/airflow/example_dags/example_branch_operator_decorator.py took 0.189 seconds
[2023-07-09T17:08:31.757+0000] {processor.py:153} INFO - Started process (PID=12440) to work on /home/ubuntu/venv/lib/python3.10/site-packages/airflow/example_dags/example_branch_operator_decorator.py
[2023-07-09T17:08:31.759+0000] {processor.py:743} INFO - Processing file /home/ubuntu/venv/lib/python3.10/site-packages/airflow/example_dags/example_branch_operator_decorator.py for tasks to queue
[2023-07-09T17:08:31.760+0000] {logging_mixin.py:137} INFO - [2023-07-09T17:08:31.759+0000] {dagbag.py:538} INFO - Filling up the DagBag from /home/ubuntu/venv/lib/python3.10/site-packages/airflow/example_dags/example_branch_operator_decorator.py
[2023-07-09T17:08:31.798+0000] {processor.py:753} INFO - DAG(s) dict_keys(['example_branch_python_operator_decorator']) retrieved from /home/ubuntu/venv/lib/python3.10/site-packages/airflow/example_dags/example_branch_operator_decorator.py
[2023-07-09T17:08:31.865+0000] {logging_mixin.py:137} INFO - [2023-07-09T17:08:31.864+0000] {dag.py:2676} INFO - Sync 1 DAGs
[2023-07-09T17:08:31.909+0000] {logging_mixin.py:137} INFO - [2023-07-09T17:08:31.909+0000] {dag.py:3423} INFO - Setting next_dagrun for example_branch_python_operator_decorator to 2023-07-08T00:00:00+00:00, run_after=2023-07-09T00:00:00+00:00
[2023-07-09T17:08:31.940+0000] {processor.py:175} INFO - Processing /home/ubuntu/venv/lib/python3.10/site-packages/airflow/example_dags/example_branch_operator_decorator.py took 0.187 seconds
[2023-07-09T17:09:08.100+0000] {processor.py:153} INFO - Started process (PID=12898) to work on /home/ubuntu/venv/lib/python3.10/site-packages/airflow/example_dags/example_branch_operator_decorator.py
[2023-07-09T17:09:08.102+0000] {processor.py:743} INFO - Processing file /home/ubuntu/venv/lib/python3.10/site-packages/airflow/example_dags/example_branch_operator_decorator.py for tasks to queue
[2023-07-09T17:09:08.103+0000] {logging_mixin.py:137} INFO - [2023-07-09T17:09:08.103+0000] {dagbag.py:538} INFO - Filling up the DagBag from /home/ubuntu/venv/lib/python3.10/site-packages/airflow/example_dags/example_branch_operator_decorator.py
[2023-07-09T17:09:08.144+0000] {processor.py:753} INFO - DAG(s) dict_keys(['example_branch_python_operator_decorator']) retrieved from /home/ubuntu/venv/lib/python3.10/site-packages/airflow/example_dags/example_branch_operator_decorator.py
[2023-07-09T17:09:08.221+0000] {logging_mixin.py:137} INFO - [2023-07-09T17:09:08.221+0000] {dag.py:2676} INFO - Sync 1 DAGs
[2023-07-09T17:09:08.260+0000] {logging_mixin.py:137} INFO - [2023-07-09T17:09:08.259+0000] {dag.py:3423} INFO - Setting next_dagrun for example_branch_python_operator_decorator to 2023-07-08T00:00:00+00:00, run_after=2023-07-09T00:00:00+00:00
[2023-07-09T17:09:08.285+0000] {processor.py:175} INFO - Processing /home/ubuntu/venv/lib/python3.10/site-packages/airflow/example_dags/example_branch_operator_decorator.py took 0.189 seconds
[2023-07-09T17:09:38.625+0000] {processor.py:153} INFO - Started process (PID=13172) to work on /home/ubuntu/venv/lib/python3.10/site-packages/airflow/example_dags/example_branch_operator_decorator.py
[2023-07-09T17:09:38.626+0000] {processor.py:743} INFO - Processing file /home/ubuntu/venv/lib/python3.10/site-packages/airflow/example_dags/example_branch_operator_decorator.py for tasks to queue
[2023-07-09T17:09:38.627+0000] {logging_mixin.py:137} INFO - [2023-07-09T17:09:38.627+0000] {dagbag.py:538} INFO - Filling up the DagBag from /home/ubuntu/venv/lib/python3.10/site-packages/airflow/example_dags/example_branch_operator_decorator.py
[2023-07-09T17:09:38.663+0000] {processor.py:753} INFO - DAG(s) dict_keys(['example_branch_python_operator_decorator']) retrieved from /home/ubuntu/venv/lib/python3.10/site-packages/airflow/example_dags/example_branch_operator_decorator.py
[2023-07-09T17:09:38.727+0000] {logging_mixin.py:137} INFO - [2023-07-09T17:09:38.726+0000] {dag.py:2676} INFO - Sync 1 DAGs
[2023-07-09T17:09:38.760+0000] {logging_mixin.py:137} INFO - [2023-07-09T17:09:38.760+0000] {dag.py:3423} INFO - Setting next_dagrun for example_branch_python_operator_decorator to 2023-07-08T00:00:00+00:00, run_after=2023-07-09T00:00:00+00:00
[2023-07-09T17:09:38.783+0000] {processor.py:175} INFO - Processing /home/ubuntu/venv/lib/python3.10/site-packages/airflow/example_dags/example_branch_operator_decorator.py took 0.162 seconds
[2023-07-09T17:10:09.444+0000] {processor.py:153} INFO - Started process (PID=13407) to work on /home/ubuntu/venv/lib/python3.10/site-packages/airflow/example_dags/example_branch_operator_decorator.py
[2023-07-09T17:10:09.445+0000] {processor.py:743} INFO - Processing file /home/ubuntu/venv/lib/python3.10/site-packages/airflow/example_dags/example_branch_operator_decorator.py for tasks to queue
[2023-07-09T17:10:09.446+0000] {logging_mixin.py:137} INFO - [2023-07-09T17:10:09.446+0000] {dagbag.py:538} INFO - Filling up the DagBag from /home/ubuntu/venv/lib/python3.10/site-packages/airflow/example_dags/example_branch_operator_decorator.py
[2023-07-09T17:10:09.483+0000] {processor.py:753} INFO - DAG(s) dict_keys(['example_branch_python_operator_decorator']) retrieved from /home/ubuntu/venv/lib/python3.10/site-packages/airflow/example_dags/example_branch_operator_decorator.py
[2023-07-09T17:10:09.547+0000] {logging_mixin.py:137} INFO - [2023-07-09T17:10:09.547+0000] {dag.py:2676} INFO - Sync 1 DAGs
[2023-07-09T17:10:09.579+0000] {logging_mixin.py:137} INFO - [2023-07-09T17:10:09.579+0000] {dag.py:3423} INFO - Setting next_dagrun for example_branch_python_operator_decorator to 2023-07-08T00:00:00+00:00, run_after=2023-07-09T00:00:00+00:00
[2023-07-09T17:10:09.603+0000] {processor.py:175} INFO - Processing /home/ubuntu/venv/lib/python3.10/site-packages/airflow/example_dags/example_branch_operator_decorator.py took 0.164 seconds
