[2023-07-09T15:46:34.952+0000] {processor.py:153} INFO - Started process (PID=1393) to work on /home/ubuntu/venv/lib/python3.10/site-packages/airflow/example_dags/example_short_circuit_decorator.py
[2023-07-09T15:46:34.953+0000] {processor.py:743} INFO - Processing file /home/ubuntu/venv/lib/python3.10/site-packages/airflow/example_dags/example_short_circuit_decorator.py for tasks to queue
[2023-07-09T15:46:34.953+0000] {logging_mixin.py:137} INFO - [2023-07-09T15:46:34.953+0000] {dagbag.py:538} INFO - Filling up the DagBag from /home/ubuntu/venv/lib/python3.10/site-packages/airflow/example_dags/example_short_circuit_decorator.py
[2023-07-09T15:46:34.999+0000] {processor.py:753} INFO - DAG(s) dict_keys(['example_short_circuit_decorator']) retrieved from /home/ubuntu/venv/lib/python3.10/site-packages/airflow/example_dags/example_short_circuit_decorator.py
[2023-07-09T15:46:35.104+0000] {logging_mixin.py:137} INFO - [2023-07-09T15:46:35.103+0000] {dag.py:2676} INFO - Sync 1 DAGs
[2023-07-09T15:46:35.138+0000] {logging_mixin.py:137} INFO - [2023-07-09T15:46:35.138+0000] {dag.py:3423} INFO - Setting next_dagrun for example_short_circuit_decorator to 2023-07-08T15:46:35.138341+00:00, run_after=2023-07-09T15:46:35.138341+00:00
[2023-07-09T15:46:35.175+0000] {processor.py:175} INFO - Processing /home/ubuntu/venv/lib/python3.10/site-packages/airflow/example_dags/example_short_circuit_decorator.py took 0.228 seconds
[2023-07-09T15:47:05.609+0000] {processor.py:153} INFO - Started process (PID=1631) to work on /home/ubuntu/venv/lib/python3.10/site-packages/airflow/example_dags/example_short_circuit_decorator.py
[2023-07-09T15:47:05.611+0000] {processor.py:743} INFO - Processing file /home/ubuntu/venv/lib/python3.10/site-packages/airflow/example_dags/example_short_circuit_decorator.py for tasks to queue
[2023-07-09T15:47:05.612+0000] {logging_mixin.py:137} INFO - [2023-07-09T15:47:05.612+0000] {dagbag.py:538} INFO - Filling up the DagBag from /home/ubuntu/venv/lib/python3.10/site-packages/airflow/example_dags/example_short_circuit_decorator.py
[2023-07-09T15:47:05.658+0000] {processor.py:753} INFO - DAG(s) dict_keys(['example_short_circuit_decorator']) retrieved from /home/ubuntu/venv/lib/python3.10/site-packages/airflow/example_dags/example_short_circuit_decorator.py
[2023-07-09T15:47:05.728+0000] {logging_mixin.py:137} INFO - [2023-07-09T15:47:05.728+0000] {dag.py:2676} INFO - Sync 1 DAGs
[2023-07-09T15:47:05.760+0000] {logging_mixin.py:137} INFO - [2023-07-09T15:47:05.760+0000] {dag.py:3423} INFO - Setting next_dagrun for example_short_circuit_decorator to 2023-07-08T15:47:05.760365+00:00, run_after=2023-07-09T15:47:05.760365+00:00
[2023-07-09T15:47:05.785+0000] {processor.py:175} INFO - Processing /home/ubuntu/venv/lib/python3.10/site-packages/airflow/example_dags/example_short_circuit_decorator.py took 0.179 seconds
[2023-07-09T15:49:53.558+0000] {processor.py:153} INFO - Started process (PID=2209) to work on /home/ubuntu/venv/lib/python3.10/site-packages/airflow/example_dags/example_short_circuit_decorator.py
[2023-07-09T15:49:53.559+0000] {processor.py:743} INFO - Processing file /home/ubuntu/venv/lib/python3.10/site-packages/airflow/example_dags/example_short_circuit_decorator.py for tasks to queue
[2023-07-09T15:49:53.560+0000] {logging_mixin.py:137} INFO - [2023-07-09T15:49:53.560+0000] {dagbag.py:538} INFO - Filling up the DagBag from /home/ubuntu/venv/lib/python3.10/site-packages/airflow/example_dags/example_short_circuit_decorator.py
[2023-07-09T15:49:53.595+0000] {processor.py:753} INFO - DAG(s) dict_keys(['example_short_circuit_decorator']) retrieved from /home/ubuntu/venv/lib/python3.10/site-packages/airflow/example_dags/example_short_circuit_decorator.py
[2023-07-09T15:49:53.658+0000] {logging_mixin.py:137} INFO - [2023-07-09T15:49:53.658+0000] {dag.py:2676} INFO - Sync 1 DAGs
[2023-07-09T15:49:53.687+0000] {logging_mixin.py:137} INFO - [2023-07-09T15:49:53.687+0000] {dag.py:3423} INFO - Setting next_dagrun for example_short_circuit_decorator to 2023-07-08T15:49:53.687352+00:00, run_after=2023-07-09T15:49:53.687352+00:00
[2023-07-09T15:49:53.710+0000] {processor.py:175} INFO - Processing /home/ubuntu/venv/lib/python3.10/site-packages/airflow/example_dags/example_short_circuit_decorator.py took 0.157 seconds
[2023-07-09T15:50:24.599+0000] {processor.py:153} INFO - Started process (PID=2444) to work on /home/ubuntu/venv/lib/python3.10/site-packages/airflow/example_dags/example_short_circuit_decorator.py
[2023-07-09T15:50:24.600+0000] {processor.py:743} INFO - Processing file /home/ubuntu/venv/lib/python3.10/site-packages/airflow/example_dags/example_short_circuit_decorator.py for tasks to queue
[2023-07-09T15:50:24.601+0000] {logging_mixin.py:137} INFO - [2023-07-09T15:50:24.601+0000] {dagbag.py:538} INFO - Filling up the DagBag from /home/ubuntu/venv/lib/python3.10/site-packages/airflow/example_dags/example_short_circuit_decorator.py
[2023-07-09T15:50:24.695+0000] {processor.py:753} INFO - DAG(s) dict_keys(['example_short_circuit_decorator']) retrieved from /home/ubuntu/venv/lib/python3.10/site-packages/airflow/example_dags/example_short_circuit_decorator.py
[2023-07-09T15:50:24.759+0000] {logging_mixin.py:137} INFO - [2023-07-09T15:50:24.759+0000] {dag.py:2676} INFO - Sync 1 DAGs
[2023-07-09T15:50:24.796+0000] {logging_mixin.py:137} INFO - [2023-07-09T15:50:24.796+0000] {dag.py:3423} INFO - Setting next_dagrun for example_short_circuit_decorator to 2023-07-08T15:50:24.796006+00:00, run_after=2023-07-09T15:50:24.796006+00:00
[2023-07-09T15:50:24.832+0000] {processor.py:175} INFO - Processing /home/ubuntu/venv/lib/python3.10/site-packages/airflow/example_dags/example_short_circuit_decorator.py took 0.238 seconds
[2023-07-09T16:47:17.494+0000] {processor.py:153} INFO - Started process (PID=3511) to work on /home/ubuntu/venv/lib/python3.10/site-packages/airflow/example_dags/example_short_circuit_decorator.py
[2023-07-09T16:47:17.500+0000] {processor.py:743} INFO - Processing file /home/ubuntu/venv/lib/python3.10/site-packages/airflow/example_dags/example_short_circuit_decorator.py for tasks to queue
[2023-07-09T16:47:17.501+0000] {logging_mixin.py:137} INFO - [2023-07-09T16:47:17.501+0000] {dagbag.py:538} INFO - Filling up the DagBag from /home/ubuntu/venv/lib/python3.10/site-packages/airflow/example_dags/example_short_circuit_decorator.py
[2023-07-09T16:47:17.599+0000] {processor.py:753} INFO - DAG(s) dict_keys(['example_short_circuit_decorator']) retrieved from /home/ubuntu/venv/lib/python3.10/site-packages/airflow/example_dags/example_short_circuit_decorator.py
[2023-07-09T16:47:17.780+0000] {logging_mixin.py:137} INFO - [2023-07-09T16:47:17.780+0000] {dag.py:2676} INFO - Sync 1 DAGs
[2023-07-09T16:47:17.857+0000] {logging_mixin.py:137} INFO - [2023-07-09T16:47:17.856+0000] {dag.py:3423} INFO - Setting next_dagrun for example_short_circuit_decorator to 2023-07-08T16:47:17.856622+00:00, run_after=2023-07-09T16:47:17.856622+00:00
[2023-07-09T16:47:17.927+0000] {processor.py:175} INFO - Processing /home/ubuntu/venv/lib/python3.10/site-packages/airflow/example_dags/example_short_circuit_decorator.py took 0.438 seconds
[2023-07-09T16:47:48.384+0000] {processor.py:153} INFO - Started process (PID=3876) to work on /home/ubuntu/venv/lib/python3.10/site-packages/airflow/example_dags/example_short_circuit_decorator.py
[2023-07-09T16:47:48.390+0000] {processor.py:743} INFO - Processing file /home/ubuntu/venv/lib/python3.10/site-packages/airflow/example_dags/example_short_circuit_decorator.py for tasks to queue
[2023-07-09T16:47:48.391+0000] {logging_mixin.py:137} INFO - [2023-07-09T16:47:48.390+0000] {dagbag.py:538} INFO - Filling up the DagBag from /home/ubuntu/venv/lib/python3.10/site-packages/airflow/example_dags/example_short_circuit_decorator.py
[2023-07-09T16:47:48.429+0000] {processor.py:753} INFO - DAG(s) dict_keys(['example_short_circuit_decorator']) retrieved from /home/ubuntu/venv/lib/python3.10/site-packages/airflow/example_dags/example_short_circuit_decorator.py
[2023-07-09T16:47:48.505+0000] {logging_mixin.py:137} INFO - [2023-07-09T16:47:48.505+0000] {dag.py:2676} INFO - Sync 1 DAGs
[2023-07-09T16:47:48.537+0000] {logging_mixin.py:137} INFO - [2023-07-09T16:47:48.537+0000] {dag.py:3423} INFO - Setting next_dagrun for example_short_circuit_decorator to 2023-07-08T16:47:48.536882+00:00, run_after=2023-07-09T16:47:48.536882+00:00
[2023-07-09T16:47:48.559+0000] {processor.py:175} INFO - Processing /home/ubuntu/venv/lib/python3.10/site-packages/airflow/example_dags/example_short_circuit_decorator.py took 0.186 seconds
[2023-07-09T16:48:19.278+0000] {processor.py:153} INFO - Started process (PID=4111) to work on /home/ubuntu/venv/lib/python3.10/site-packages/airflow/example_dags/example_short_circuit_decorator.py
[2023-07-09T16:48:19.279+0000] {processor.py:743} INFO - Processing file /home/ubuntu/venv/lib/python3.10/site-packages/airflow/example_dags/example_short_circuit_decorator.py for tasks to queue
[2023-07-09T16:48:19.280+0000] {logging_mixin.py:137} INFO - [2023-07-09T16:48:19.280+0000] {dagbag.py:538} INFO - Filling up the DagBag from /home/ubuntu/venv/lib/python3.10/site-packages/airflow/example_dags/example_short_circuit_decorator.py
[2023-07-09T16:48:19.323+0000] {processor.py:753} INFO - DAG(s) dict_keys(['example_short_circuit_decorator']) retrieved from /home/ubuntu/venv/lib/python3.10/site-packages/airflow/example_dags/example_short_circuit_decorator.py
[2023-07-09T16:48:19.402+0000] {logging_mixin.py:137} INFO - [2023-07-09T16:48:19.402+0000] {dag.py:2676} INFO - Sync 1 DAGs
[2023-07-09T16:48:19.440+0000] {logging_mixin.py:137} INFO - [2023-07-09T16:48:19.440+0000] {dag.py:3423} INFO - Setting next_dagrun for example_short_circuit_decorator to 2023-07-08T16:48:19.440470+00:00, run_after=2023-07-09T16:48:19.440470+00:00
[2023-07-09T16:48:19.465+0000] {processor.py:175} INFO - Processing /home/ubuntu/venv/lib/python3.10/site-packages/airflow/example_dags/example_short_circuit_decorator.py took 0.191 seconds
[2023-07-09T16:48:50.067+0000] {processor.py:153} INFO - Started process (PID=4349) to work on /home/ubuntu/venv/lib/python3.10/site-packages/airflow/example_dags/example_short_circuit_decorator.py
[2023-07-09T16:48:50.068+0000] {processor.py:743} INFO - Processing file /home/ubuntu/venv/lib/python3.10/site-packages/airflow/example_dags/example_short_circuit_decorator.py for tasks to queue
[2023-07-09T16:48:50.070+0000] {logging_mixin.py:137} INFO - [2023-07-09T16:48:50.068+0000] {dagbag.py:538} INFO - Filling up the DagBag from /home/ubuntu/venv/lib/python3.10/site-packages/airflow/example_dags/example_short_circuit_decorator.py
[2023-07-09T16:48:50.171+0000] {processor.py:753} INFO - DAG(s) dict_keys(['example_short_circuit_decorator']) retrieved from /home/ubuntu/venv/lib/python3.10/site-packages/airflow/example_dags/example_short_circuit_decorator.py
[2023-07-09T16:48:50.344+0000] {logging_mixin.py:137} INFO - [2023-07-09T16:48:50.343+0000] {dag.py:2676} INFO - Sync 1 DAGs
[2023-07-09T16:48:50.445+0000] {logging_mixin.py:137} INFO - [2023-07-09T16:48:50.445+0000] {dag.py:3423} INFO - Setting next_dagrun for example_short_circuit_decorator to 2023-07-08T16:48:50.444930+00:00, run_after=2023-07-09T16:48:50.444930+00:00
[2023-07-09T16:48:50.504+0000] {processor.py:175} INFO - Processing /home/ubuntu/venv/lib/python3.10/site-packages/airflow/example_dags/example_short_circuit_decorator.py took 0.449 seconds
[2023-07-09T16:49:21.018+0000] {processor.py:153} INFO - Started process (PID=4584) to work on /home/ubuntu/venv/lib/python3.10/site-packages/airflow/example_dags/example_short_circuit_decorator.py
[2023-07-09T16:49:21.019+0000] {processor.py:743} INFO - Processing file /home/ubuntu/venv/lib/python3.10/site-packages/airflow/example_dags/example_short_circuit_decorator.py for tasks to queue
[2023-07-09T16:49:21.020+0000] {logging_mixin.py:137} INFO - [2023-07-09T16:49:21.020+0000] {dagbag.py:538} INFO - Filling up the DagBag from /home/ubuntu/venv/lib/python3.10/site-packages/airflow/example_dags/example_short_circuit_decorator.py
[2023-07-09T16:49:21.054+0000] {processor.py:753} INFO - DAG(s) dict_keys(['example_short_circuit_decorator']) retrieved from /home/ubuntu/venv/lib/python3.10/site-packages/airflow/example_dags/example_short_circuit_decorator.py
[2023-07-09T16:49:21.140+0000] {logging_mixin.py:137} INFO - [2023-07-09T16:49:21.139+0000] {dag.py:2676} INFO - Sync 1 DAGs
[2023-07-09T16:49:21.186+0000] {logging_mixin.py:137} INFO - [2023-07-09T16:49:21.186+0000] {dag.py:3423} INFO - Setting next_dagrun for example_short_circuit_decorator to 2023-07-08T16:49:21.186019+00:00, run_after=2023-07-09T16:49:21.186019+00:00
[2023-07-09T16:49:21.210+0000] {processor.py:175} INFO - Processing /home/ubuntu/venv/lib/python3.10/site-packages/airflow/example_dags/example_short_circuit_decorator.py took 0.197 seconds
[2023-07-09T16:49:52.291+0000] {processor.py:153} INFO - Started process (PID=4818) to work on /home/ubuntu/venv/lib/python3.10/site-packages/airflow/example_dags/example_short_circuit_decorator.py
[2023-07-09T16:49:52.292+0000] {processor.py:743} INFO - Processing file /home/ubuntu/venv/lib/python3.10/site-packages/airflow/example_dags/example_short_circuit_decorator.py for tasks to queue
[2023-07-09T16:49:52.293+0000] {logging_mixin.py:137} INFO - [2023-07-09T16:49:52.293+0000] {dagbag.py:538} INFO - Filling up the DagBag from /home/ubuntu/venv/lib/python3.10/site-packages/airflow/example_dags/example_short_circuit_decorator.py
[2023-07-09T16:49:52.329+0000] {processor.py:753} INFO - DAG(s) dict_keys(['example_short_circuit_decorator']) retrieved from /home/ubuntu/venv/lib/python3.10/site-packages/airflow/example_dags/example_short_circuit_decorator.py
[2023-07-09T16:49:52.397+0000] {logging_mixin.py:137} INFO - [2023-07-09T16:49:52.397+0000] {dag.py:2676} INFO - Sync 1 DAGs
[2023-07-09T16:49:52.429+0000] {logging_mixin.py:137} INFO - [2023-07-09T16:49:52.429+0000] {dag.py:3423} INFO - Setting next_dagrun for example_short_circuit_decorator to 2023-07-08T16:49:52.429243+00:00, run_after=2023-07-09T16:49:52.429243+00:00
[2023-07-09T16:49:52.453+0000] {processor.py:175} INFO - Processing /home/ubuntu/venv/lib/python3.10/site-packages/airflow/example_dags/example_short_circuit_decorator.py took 0.167 seconds
[2023-07-09T16:50:23.058+0000] {processor.py:153} INFO - Started process (PID=5053) to work on /home/ubuntu/venv/lib/python3.10/site-packages/airflow/example_dags/example_short_circuit_decorator.py
[2023-07-09T16:50:23.059+0000] {processor.py:743} INFO - Processing file /home/ubuntu/venv/lib/python3.10/site-packages/airflow/example_dags/example_short_circuit_decorator.py for tasks to queue
[2023-07-09T16:50:23.060+0000] {logging_mixin.py:137} INFO - [2023-07-09T16:50:23.060+0000] {dagbag.py:538} INFO - Filling up the DagBag from /home/ubuntu/venv/lib/python3.10/site-packages/airflow/example_dags/example_short_circuit_decorator.py
[2023-07-09T16:50:23.098+0000] {processor.py:753} INFO - DAG(s) dict_keys(['example_short_circuit_decorator']) retrieved from /home/ubuntu/venv/lib/python3.10/site-packages/airflow/example_dags/example_short_circuit_decorator.py
[2023-07-09T16:50:23.163+0000] {logging_mixin.py:137} INFO - [2023-07-09T16:50:23.163+0000] {dag.py:2676} INFO - Sync 1 DAGs
[2023-07-09T16:50:23.202+0000] {logging_mixin.py:137} INFO - [2023-07-09T16:50:23.202+0000] {dag.py:3423} INFO - Setting next_dagrun for example_short_circuit_decorator to 2023-07-08T16:50:23.202052+00:00, run_after=2023-07-09T16:50:23.202052+00:00
[2023-07-09T16:50:23.241+0000] {processor.py:175} INFO - Processing /home/ubuntu/venv/lib/python3.10/site-packages/airflow/example_dags/example_short_circuit_decorator.py took 0.188 seconds
[2023-07-09T16:50:54.148+0000] {processor.py:153} INFO - Started process (PID=5353) to work on /home/ubuntu/venv/lib/python3.10/site-packages/airflow/example_dags/example_short_circuit_decorator.py
[2023-07-09T16:50:54.149+0000] {processor.py:743} INFO - Processing file /home/ubuntu/venv/lib/python3.10/site-packages/airflow/example_dags/example_short_circuit_decorator.py for tasks to queue
[2023-07-09T16:50:54.150+0000] {logging_mixin.py:137} INFO - [2023-07-09T16:50:54.150+0000] {dagbag.py:538} INFO - Filling up the DagBag from /home/ubuntu/venv/lib/python3.10/site-packages/airflow/example_dags/example_short_circuit_decorator.py
[2023-07-09T16:50:54.188+0000] {processor.py:753} INFO - DAG(s) dict_keys(['example_short_circuit_decorator']) retrieved from /home/ubuntu/venv/lib/python3.10/site-packages/airflow/example_dags/example_short_circuit_decorator.py
[2023-07-09T16:50:54.273+0000] {logging_mixin.py:137} INFO - [2023-07-09T16:50:54.273+0000] {dag.py:2676} INFO - Sync 1 DAGs
[2023-07-09T16:50:54.306+0000] {logging_mixin.py:137} INFO - [2023-07-09T16:50:54.306+0000] {dag.py:3423} INFO - Setting next_dagrun for example_short_circuit_decorator to 2023-07-08T16:50:54.306021+00:00, run_after=2023-07-09T16:50:54.306021+00:00
[2023-07-09T16:50:54.336+0000] {processor.py:175} INFO - Processing /home/ubuntu/venv/lib/python3.10/site-packages/airflow/example_dags/example_short_circuit_decorator.py took 0.192 seconds
[2023-07-09T16:54:55.261+0000] {processor.py:153} INFO - Started process (PID=5827) to work on /home/ubuntu/venv/lib/python3.10/site-packages/airflow/example_dags/example_short_circuit_decorator.py
[2023-07-09T16:54:55.263+0000] {processor.py:743} INFO - Processing file /home/ubuntu/venv/lib/python3.10/site-packages/airflow/example_dags/example_short_circuit_decorator.py for tasks to queue
[2023-07-09T16:54:55.264+0000] {logging_mixin.py:137} INFO - [2023-07-09T16:54:55.264+0000] {dagbag.py:538} INFO - Filling up the DagBag from /home/ubuntu/venv/lib/python3.10/site-packages/airflow/example_dags/example_short_circuit_decorator.py
[2023-07-09T16:54:55.301+0000] {processor.py:753} INFO - DAG(s) dict_keys(['example_short_circuit_decorator']) retrieved from /home/ubuntu/venv/lib/python3.10/site-packages/airflow/example_dags/example_short_circuit_decorator.py
[2023-07-09T16:54:55.370+0000] {logging_mixin.py:137} INFO - [2023-07-09T16:54:55.370+0000] {dag.py:2676} INFO - Sync 1 DAGs
[2023-07-09T16:54:55.402+0000] {logging_mixin.py:137} INFO - [2023-07-09T16:54:55.401+0000] {dag.py:3423} INFO - Setting next_dagrun for example_short_circuit_decorator to 2023-07-08T16:54:55.401456+00:00, run_after=2023-07-09T16:54:55.401456+00:00
[2023-07-09T16:54:55.427+0000] {processor.py:175} INFO - Processing /home/ubuntu/venv/lib/python3.10/site-packages/airflow/example_dags/example_short_circuit_decorator.py took 0.171 seconds
[2023-07-09T16:55:25.697+0000] {processor.py:153} INFO - Started process (PID=6086) to work on /home/ubuntu/venv/lib/python3.10/site-packages/airflow/example_dags/example_short_circuit_decorator.py
[2023-07-09T16:55:25.698+0000] {processor.py:743} INFO - Processing file /home/ubuntu/venv/lib/python3.10/site-packages/airflow/example_dags/example_short_circuit_decorator.py for tasks to queue
[2023-07-09T16:55:25.699+0000] {logging_mixin.py:137} INFO - [2023-07-09T16:55:25.699+0000] {dagbag.py:538} INFO - Filling up the DagBag from /home/ubuntu/venv/lib/python3.10/site-packages/airflow/example_dags/example_short_circuit_decorator.py
[2023-07-09T16:55:25.739+0000] {processor.py:753} INFO - DAG(s) dict_keys(['example_short_circuit_decorator']) retrieved from /home/ubuntu/venv/lib/python3.10/site-packages/airflow/example_dags/example_short_circuit_decorator.py
[2023-07-09T16:55:25.810+0000] {logging_mixin.py:137} INFO - [2023-07-09T16:55:25.810+0000] {dag.py:2676} INFO - Sync 1 DAGs
[2023-07-09T16:55:25.842+0000] {logging_mixin.py:137} INFO - [2023-07-09T16:55:25.841+0000] {dag.py:3423} INFO - Setting next_dagrun for example_short_circuit_decorator to 2023-07-08T16:55:25.841519+00:00, run_after=2023-07-09T16:55:25.841519+00:00
[2023-07-09T16:55:25.865+0000] {processor.py:175} INFO - Processing /home/ubuntu/venv/lib/python3.10/site-packages/airflow/example_dags/example_short_circuit_decorator.py took 0.172 seconds
[2023-07-09T16:55:56.144+0000] {processor.py:153} INFO - Started process (PID=6327) to work on /home/ubuntu/venv/lib/python3.10/site-packages/airflow/example_dags/example_short_circuit_decorator.py
[2023-07-09T16:55:56.146+0000] {processor.py:743} INFO - Processing file /home/ubuntu/venv/lib/python3.10/site-packages/airflow/example_dags/example_short_circuit_decorator.py for tasks to queue
[2023-07-09T16:55:56.146+0000] {logging_mixin.py:137} INFO - [2023-07-09T16:55:56.146+0000] {dagbag.py:538} INFO - Filling up the DagBag from /home/ubuntu/venv/lib/python3.10/site-packages/airflow/example_dags/example_short_circuit_decorator.py
[2023-07-09T16:55:56.186+0000] {processor.py:753} INFO - DAG(s) dict_keys(['example_short_circuit_decorator']) retrieved from /home/ubuntu/venv/lib/python3.10/site-packages/airflow/example_dags/example_short_circuit_decorator.py
[2023-07-09T16:55:56.258+0000] {logging_mixin.py:137} INFO - [2023-07-09T16:55:56.258+0000] {dag.py:2676} INFO - Sync 1 DAGs
[2023-07-09T16:55:56.297+0000] {logging_mixin.py:137} INFO - [2023-07-09T16:55:56.297+0000] {dag.py:3423} INFO - Setting next_dagrun for example_short_circuit_decorator to 2023-07-08T16:55:56.297016+00:00, run_after=2023-07-09T16:55:56.297016+00:00
[2023-07-09T16:55:56.328+0000] {processor.py:175} INFO - Processing /home/ubuntu/venv/lib/python3.10/site-packages/airflow/example_dags/example_short_circuit_decorator.py took 0.189 seconds
[2023-07-09T16:56:26.731+0000] {processor.py:153} INFO - Started process (PID=6557) to work on /home/ubuntu/venv/lib/python3.10/site-packages/airflow/example_dags/example_short_circuit_decorator.py
[2023-07-09T16:56:26.733+0000] {processor.py:743} INFO - Processing file /home/ubuntu/venv/lib/python3.10/site-packages/airflow/example_dags/example_short_circuit_decorator.py for tasks to queue
[2023-07-09T16:56:26.733+0000] {logging_mixin.py:137} INFO - [2023-07-09T16:56:26.733+0000] {dagbag.py:538} INFO - Filling up the DagBag from /home/ubuntu/venv/lib/python3.10/site-packages/airflow/example_dags/example_short_circuit_decorator.py
[2023-07-09T16:56:26.770+0000] {processor.py:753} INFO - DAG(s) dict_keys(['example_short_circuit_decorator']) retrieved from /home/ubuntu/venv/lib/python3.10/site-packages/airflow/example_dags/example_short_circuit_decorator.py
[2023-07-09T16:56:26.834+0000] {logging_mixin.py:137} INFO - [2023-07-09T16:56:26.833+0000] {dag.py:2676} INFO - Sync 1 DAGs
[2023-07-09T16:56:26.872+0000] {logging_mixin.py:137} INFO - [2023-07-09T16:56:26.872+0000] {dag.py:3423} INFO - Setting next_dagrun for example_short_circuit_decorator to 2023-07-08T16:56:26.871840+00:00, run_after=2023-07-09T16:56:26.871840+00:00
[2023-07-09T16:56:26.896+0000] {processor.py:175} INFO - Processing /home/ubuntu/venv/lib/python3.10/site-packages/airflow/example_dags/example_short_circuit_decorator.py took 0.171 seconds
[2023-07-09T16:56:57.548+0000] {processor.py:153} INFO - Started process (PID=6814) to work on /home/ubuntu/venv/lib/python3.10/site-packages/airflow/example_dags/example_short_circuit_decorator.py
[2023-07-09T16:56:57.549+0000] {processor.py:743} INFO - Processing file /home/ubuntu/venv/lib/python3.10/site-packages/airflow/example_dags/example_short_circuit_decorator.py for tasks to queue
[2023-07-09T16:56:57.550+0000] {logging_mixin.py:137} INFO - [2023-07-09T16:56:57.550+0000] {dagbag.py:538} INFO - Filling up the DagBag from /home/ubuntu/venv/lib/python3.10/site-packages/airflow/example_dags/example_short_circuit_decorator.py
[2023-07-09T16:56:57.590+0000] {processor.py:753} INFO - DAG(s) dict_keys(['example_short_circuit_decorator']) retrieved from /home/ubuntu/venv/lib/python3.10/site-packages/airflow/example_dags/example_short_circuit_decorator.py
[2023-07-09T16:56:57.662+0000] {logging_mixin.py:137} INFO - [2023-07-09T16:56:57.661+0000] {dag.py:2676} INFO - Sync 1 DAGs
[2023-07-09T16:56:57.698+0000] {logging_mixin.py:137} INFO - [2023-07-09T16:56:57.697+0000] {dag.py:3423} INFO - Setting next_dagrun for example_short_circuit_decorator to 2023-07-08T16:56:57.697566+00:00, run_after=2023-07-09T16:56:57.697566+00:00
[2023-07-09T16:56:57.720+0000] {processor.py:175} INFO - Processing /home/ubuntu/venv/lib/python3.10/site-packages/airflow/example_dags/example_short_circuit_decorator.py took 0.177 seconds
[2023-07-09T16:57:28.794+0000] {processor.py:153} INFO - Started process (PID=7048) to work on /home/ubuntu/venv/lib/python3.10/site-packages/airflow/example_dags/example_short_circuit_decorator.py
[2023-07-09T16:57:28.795+0000] {processor.py:743} INFO - Processing file /home/ubuntu/venv/lib/python3.10/site-packages/airflow/example_dags/example_short_circuit_decorator.py for tasks to queue
[2023-07-09T16:57:28.796+0000] {logging_mixin.py:137} INFO - [2023-07-09T16:57:28.796+0000] {dagbag.py:538} INFO - Filling up the DagBag from /home/ubuntu/venv/lib/python3.10/site-packages/airflow/example_dags/example_short_circuit_decorator.py
[2023-07-09T16:57:28.832+0000] {processor.py:753} INFO - DAG(s) dict_keys(['example_short_circuit_decorator']) retrieved from /home/ubuntu/venv/lib/python3.10/site-packages/airflow/example_dags/example_short_circuit_decorator.py
[2023-07-09T16:57:28.901+0000] {logging_mixin.py:137} INFO - [2023-07-09T16:57:28.901+0000] {dag.py:2676} INFO - Sync 1 DAGs
[2023-07-09T16:57:28.934+0000] {logging_mixin.py:137} INFO - [2023-07-09T16:57:28.934+0000] {dag.py:3423} INFO - Setting next_dagrun for example_short_circuit_decorator to 2023-07-08T16:57:28.934132+00:00, run_after=2023-07-09T16:57:28.934132+00:00
[2023-07-09T16:57:28.958+0000] {processor.py:175} INFO - Processing /home/ubuntu/venv/lib/python3.10/site-packages/airflow/example_dags/example_short_circuit_decorator.py took 0.169 seconds
[2023-07-09T16:57:59.629+0000] {processor.py:153} INFO - Started process (PID=7284) to work on /home/ubuntu/venv/lib/python3.10/site-packages/airflow/example_dags/example_short_circuit_decorator.py
[2023-07-09T16:57:59.630+0000] {processor.py:743} INFO - Processing file /home/ubuntu/venv/lib/python3.10/site-packages/airflow/example_dags/example_short_circuit_decorator.py for tasks to queue
[2023-07-09T16:57:59.631+0000] {logging_mixin.py:137} INFO - [2023-07-09T16:57:59.631+0000] {dagbag.py:538} INFO - Filling up the DagBag from /home/ubuntu/venv/lib/python3.10/site-packages/airflow/example_dags/example_short_circuit_decorator.py
[2023-07-09T16:57:59.676+0000] {processor.py:753} INFO - DAG(s) dict_keys(['example_short_circuit_decorator']) retrieved from /home/ubuntu/venv/lib/python3.10/site-packages/airflow/example_dags/example_short_circuit_decorator.py
[2023-07-09T16:57:59.757+0000] {logging_mixin.py:137} INFO - [2023-07-09T16:57:59.757+0000] {dag.py:2676} INFO - Sync 1 DAGs
[2023-07-09T16:57:59.792+0000] {logging_mixin.py:137} INFO - [2023-07-09T16:57:59.792+0000] {dag.py:3423} INFO - Setting next_dagrun for example_short_circuit_decorator to 2023-07-08T16:57:59.791813+00:00, run_after=2023-07-09T16:57:59.791813+00:00
[2023-07-09T16:57:59.816+0000] {processor.py:175} INFO - Processing /home/ubuntu/venv/lib/python3.10/site-packages/airflow/example_dags/example_short_circuit_decorator.py took 0.192 seconds
[2023-07-09T16:58:30.765+0000] {processor.py:153} INFO - Started process (PID=7520) to work on /home/ubuntu/venv/lib/python3.10/site-packages/airflow/example_dags/example_short_circuit_decorator.py
[2023-07-09T16:58:30.767+0000] {processor.py:743} INFO - Processing file /home/ubuntu/venv/lib/python3.10/site-packages/airflow/example_dags/example_short_circuit_decorator.py for tasks to queue
[2023-07-09T16:58:30.768+0000] {logging_mixin.py:137} INFO - [2023-07-09T16:58:30.767+0000] {dagbag.py:538} INFO - Filling up the DagBag from /home/ubuntu/venv/lib/python3.10/site-packages/airflow/example_dags/example_short_circuit_decorator.py
[2023-07-09T16:58:30.806+0000] {processor.py:753} INFO - DAG(s) dict_keys(['example_short_circuit_decorator']) retrieved from /home/ubuntu/venv/lib/python3.10/site-packages/airflow/example_dags/example_short_circuit_decorator.py
[2023-07-09T16:58:30.875+0000] {logging_mixin.py:137} INFO - [2023-07-09T16:58:30.875+0000] {dag.py:2676} INFO - Sync 1 DAGs
[2023-07-09T16:58:30.909+0000] {logging_mixin.py:137} INFO - [2023-07-09T16:58:30.909+0000] {dag.py:3423} INFO - Setting next_dagrun for example_short_circuit_decorator to 2023-07-08T16:58:30.909347+00:00, run_after=2023-07-09T16:58:30.909347+00:00
[2023-07-09T16:58:30.936+0000] {processor.py:175} INFO - Processing /home/ubuntu/venv/lib/python3.10/site-packages/airflow/example_dags/example_short_circuit_decorator.py took 0.175 seconds
[2023-07-09T16:59:03.084+0000] {processor.py:153} INFO - Started process (PID=7755) to work on /home/ubuntu/venv/lib/python3.10/site-packages/airflow/example_dags/example_short_circuit_decorator.py
[2023-07-09T16:59:03.086+0000] {processor.py:743} INFO - Processing file /home/ubuntu/venv/lib/python3.10/site-packages/airflow/example_dags/example_short_circuit_decorator.py for tasks to queue
[2023-07-09T16:59:03.087+0000] {logging_mixin.py:137} INFO - [2023-07-09T16:59:03.086+0000] {dagbag.py:538} INFO - Filling up the DagBag from /home/ubuntu/venv/lib/python3.10/site-packages/airflow/example_dags/example_short_circuit_decorator.py
[2023-07-09T16:59:03.131+0000] {processor.py:753} INFO - DAG(s) dict_keys(['example_short_circuit_decorator']) retrieved from /home/ubuntu/venv/lib/python3.10/site-packages/airflow/example_dags/example_short_circuit_decorator.py
[2023-07-09T16:59:03.211+0000] {logging_mixin.py:137} INFO - [2023-07-09T16:59:03.210+0000] {dag.py:2676} INFO - Sync 1 DAGs
[2023-07-09T16:59:03.496+0000] {logging_mixin.py:137} INFO - [2023-07-09T16:59:03.496+0000] {dag.py:3423} INFO - Setting next_dagrun for example_short_circuit_decorator to 2023-07-08T16:59:03.496436+00:00, run_after=2023-07-09T16:59:03.496436+00:00
[2023-07-09T16:59:03.521+0000] {processor.py:175} INFO - Processing /home/ubuntu/venv/lib/python3.10/site-packages/airflow/example_dags/example_short_circuit_decorator.py took 0.444 seconds
[2023-07-09T16:59:34.089+0000] {processor.py:153} INFO - Started process (PID=7993) to work on /home/ubuntu/venv/lib/python3.10/site-packages/airflow/example_dags/example_short_circuit_decorator.py
[2023-07-09T16:59:34.090+0000] {processor.py:743} INFO - Processing file /home/ubuntu/venv/lib/python3.10/site-packages/airflow/example_dags/example_short_circuit_decorator.py for tasks to queue
[2023-07-09T16:59:34.091+0000] {logging_mixin.py:137} INFO - [2023-07-09T16:59:34.091+0000] {dagbag.py:538} INFO - Filling up the DagBag from /home/ubuntu/venv/lib/python3.10/site-packages/airflow/example_dags/example_short_circuit_decorator.py
[2023-07-09T16:59:34.130+0000] {processor.py:753} INFO - DAG(s) dict_keys(['example_short_circuit_decorator']) retrieved from /home/ubuntu/venv/lib/python3.10/site-packages/airflow/example_dags/example_short_circuit_decorator.py
[2023-07-09T16:59:34.231+0000] {logging_mixin.py:137} INFO - [2023-07-09T16:59:34.230+0000] {dag.py:2676} INFO - Sync 1 DAGs
[2023-07-09T16:59:34.499+0000] {logging_mixin.py:137} INFO - [2023-07-09T16:59:34.499+0000] {dag.py:3423} INFO - Setting next_dagrun for example_short_circuit_decorator to 2023-07-08T16:59:34.498882+00:00, run_after=2023-07-09T16:59:34.498882+00:00
[2023-07-09T16:59:34.523+0000] {processor.py:175} INFO - Processing /home/ubuntu/venv/lib/python3.10/site-packages/airflow/example_dags/example_short_circuit_decorator.py took 0.439 seconds
[2023-07-09T17:00:31.954+0000] {processor.py:153} INFO - Started process (PID=8658) to work on /home/ubuntu/venv/lib/python3.10/site-packages/airflow/example_dags/example_short_circuit_decorator.py
[2023-07-09T17:00:31.957+0000] {processor.py:743} INFO - Processing file /home/ubuntu/venv/lib/python3.10/site-packages/airflow/example_dags/example_short_circuit_decorator.py for tasks to queue
[2023-07-09T17:00:31.959+0000] {logging_mixin.py:137} INFO - [2023-07-09T17:00:31.959+0000] {dagbag.py:538} INFO - Filling up the DagBag from /home/ubuntu/venv/lib/python3.10/site-packages/airflow/example_dags/example_short_circuit_decorator.py
[2023-07-09T17:00:32.014+0000] {processor.py:753} INFO - DAG(s) dict_keys(['example_short_circuit_decorator']) retrieved from /home/ubuntu/venv/lib/python3.10/site-packages/airflow/example_dags/example_short_circuit_decorator.py
[2023-07-09T17:00:32.079+0000] {logging_mixin.py:137} INFO - [2023-07-09T17:00:32.079+0000] {dag.py:2676} INFO - Sync 1 DAGs
[2023-07-09T17:00:32.136+0000] {logging_mixin.py:137} INFO - [2023-07-09T17:00:32.136+0000] {dag.py:3423} INFO - Setting next_dagrun for example_short_circuit_decorator to 2023-07-08T17:00:32.135225+00:00, run_after=2023-07-09T17:00:32.135225+00:00
[2023-07-09T17:00:32.162+0000] {processor.py:175} INFO - Processing /home/ubuntu/venv/lib/python3.10/site-packages/airflow/example_dags/example_short_circuit_decorator.py took 0.212 seconds
[2023-07-09T17:01:03.266+0000] {processor.py:153} INFO - Started process (PID=8915) to work on /home/ubuntu/venv/lib/python3.10/site-packages/airflow/example_dags/example_short_circuit_decorator.py
[2023-07-09T17:01:03.268+0000] {processor.py:743} INFO - Processing file /home/ubuntu/venv/lib/python3.10/site-packages/airflow/example_dags/example_short_circuit_decorator.py for tasks to queue
[2023-07-09T17:01:03.269+0000] {logging_mixin.py:137} INFO - [2023-07-09T17:01:03.268+0000] {dagbag.py:538} INFO - Filling up the DagBag from /home/ubuntu/venv/lib/python3.10/site-packages/airflow/example_dags/example_short_circuit_decorator.py
[2023-07-09T17:01:03.313+0000] {processor.py:753} INFO - DAG(s) dict_keys(['example_short_circuit_decorator']) retrieved from /home/ubuntu/venv/lib/python3.10/site-packages/airflow/example_dags/example_short_circuit_decorator.py
[2023-07-09T17:01:03.395+0000] {logging_mixin.py:137} INFO - [2023-07-09T17:01:03.395+0000] {dag.py:2676} INFO - Sync 1 DAGs
[2023-07-09T17:01:03.442+0000] {logging_mixin.py:137} INFO - [2023-07-09T17:01:03.442+0000] {dag.py:3423} INFO - Setting next_dagrun for example_short_circuit_decorator to 2023-07-08T17:01:03.441843+00:00, run_after=2023-07-09T17:01:03.441843+00:00
[2023-07-09T17:01:03.470+0000] {processor.py:175} INFO - Processing /home/ubuntu/venv/lib/python3.10/site-packages/airflow/example_dags/example_short_circuit_decorator.py took 0.210 seconds
[2023-07-09T17:01:34.047+0000] {processor.py:153} INFO - Started process (PID=9149) to work on /home/ubuntu/venv/lib/python3.10/site-packages/airflow/example_dags/example_short_circuit_decorator.py
[2023-07-09T17:01:34.048+0000] {processor.py:743} INFO - Processing file /home/ubuntu/venv/lib/python3.10/site-packages/airflow/example_dags/example_short_circuit_decorator.py for tasks to queue
[2023-07-09T17:01:34.049+0000] {logging_mixin.py:137} INFO - [2023-07-09T17:01:34.049+0000] {dagbag.py:538} INFO - Filling up the DagBag from /home/ubuntu/venv/lib/python3.10/site-packages/airflow/example_dags/example_short_circuit_decorator.py
[2023-07-09T17:01:34.088+0000] {processor.py:753} INFO - DAG(s) dict_keys(['example_short_circuit_decorator']) retrieved from /home/ubuntu/venv/lib/python3.10/site-packages/airflow/example_dags/example_short_circuit_decorator.py
[2023-07-09T17:01:34.159+0000] {logging_mixin.py:137} INFO - [2023-07-09T17:01:34.159+0000] {dag.py:2676} INFO - Sync 1 DAGs
[2023-07-09T17:01:34.192+0000] {logging_mixin.py:137} INFO - [2023-07-09T17:01:34.191+0000] {dag.py:3423} INFO - Setting next_dagrun for example_short_circuit_decorator to 2023-07-08T17:01:34.191672+00:00, run_after=2023-07-09T17:01:34.191672+00:00
[2023-07-09T17:01:34.219+0000] {processor.py:175} INFO - Processing /home/ubuntu/venv/lib/python3.10/site-packages/airflow/example_dags/example_short_circuit_decorator.py took 0.177 seconds
[2023-07-09T17:02:05.121+0000] {processor.py:153} INFO - Started process (PID=9407) to work on /home/ubuntu/venv/lib/python3.10/site-packages/airflow/example_dags/example_short_circuit_decorator.py
[2023-07-09T17:02:05.126+0000] {processor.py:743} INFO - Processing file /home/ubuntu/venv/lib/python3.10/site-packages/airflow/example_dags/example_short_circuit_decorator.py for tasks to queue
[2023-07-09T17:02:05.127+0000] {logging_mixin.py:137} INFO - [2023-07-09T17:02:05.127+0000] {dagbag.py:538} INFO - Filling up the DagBag from /home/ubuntu/venv/lib/python3.10/site-packages/airflow/example_dags/example_short_circuit_decorator.py
[2023-07-09T17:02:05.180+0000] {processor.py:753} INFO - DAG(s) dict_keys(['example_short_circuit_decorator']) retrieved from /home/ubuntu/venv/lib/python3.10/site-packages/airflow/example_dags/example_short_circuit_decorator.py
[2023-07-09T17:02:05.247+0000] {logging_mixin.py:137} INFO - [2023-07-09T17:02:05.247+0000] {dag.py:2676} INFO - Sync 1 DAGs
[2023-07-09T17:02:05.295+0000] {logging_mixin.py:137} INFO - [2023-07-09T17:02:05.294+0000] {dag.py:3423} INFO - Setting next_dagrun for example_short_circuit_decorator to 2023-07-08T17:02:05.294430+00:00, run_after=2023-07-09T17:02:05.294430+00:00
[2023-07-09T17:02:05.322+0000] {processor.py:175} INFO - Processing /home/ubuntu/venv/lib/python3.10/site-packages/airflow/example_dags/example_short_circuit_decorator.py took 0.209 seconds
[2023-07-09T17:02:35.940+0000] {processor.py:153} INFO - Started process (PID=9643) to work on /home/ubuntu/venv/lib/python3.10/site-packages/airflow/example_dags/example_short_circuit_decorator.py
[2023-07-09T17:02:35.941+0000] {processor.py:743} INFO - Processing file /home/ubuntu/venv/lib/python3.10/site-packages/airflow/example_dags/example_short_circuit_decorator.py for tasks to queue
[2023-07-09T17:02:35.942+0000] {logging_mixin.py:137} INFO - [2023-07-09T17:02:35.942+0000] {dagbag.py:538} INFO - Filling up the DagBag from /home/ubuntu/venv/lib/python3.10/site-packages/airflow/example_dags/example_short_circuit_decorator.py
[2023-07-09T17:02:35.979+0000] {processor.py:753} INFO - DAG(s) dict_keys(['example_short_circuit_decorator']) retrieved from /home/ubuntu/venv/lib/python3.10/site-packages/airflow/example_dags/example_short_circuit_decorator.py
[2023-07-09T17:02:36.052+0000] {logging_mixin.py:137} INFO - [2023-07-09T17:02:36.052+0000] {dag.py:2676} INFO - Sync 1 DAGs
[2023-07-09T17:02:36.094+0000] {logging_mixin.py:137} INFO - [2023-07-09T17:02:36.093+0000] {dag.py:3423} INFO - Setting next_dagrun for example_short_circuit_decorator to 2023-07-08T17:02:36.093378+00:00, run_after=2023-07-09T17:02:36.093378+00:00
[2023-07-09T17:02:36.122+0000] {processor.py:175} INFO - Processing /home/ubuntu/venv/lib/python3.10/site-packages/airflow/example_dags/example_short_circuit_decorator.py took 0.187 seconds
[2023-07-09T17:03:06.876+0000] {processor.py:153} INFO - Started process (PID=9879) to work on /home/ubuntu/venv/lib/python3.10/site-packages/airflow/example_dags/example_short_circuit_decorator.py
[2023-07-09T17:03:06.878+0000] {processor.py:743} INFO - Processing file /home/ubuntu/venv/lib/python3.10/site-packages/airflow/example_dags/example_short_circuit_decorator.py for tasks to queue
[2023-07-09T17:03:06.878+0000] {logging_mixin.py:137} INFO - [2023-07-09T17:03:06.878+0000] {dagbag.py:538} INFO - Filling up the DagBag from /home/ubuntu/venv/lib/python3.10/site-packages/airflow/example_dags/example_short_circuit_decorator.py
[2023-07-09T17:03:06.922+0000] {processor.py:753} INFO - DAG(s) dict_keys(['example_short_circuit_decorator']) retrieved from /home/ubuntu/venv/lib/python3.10/site-packages/airflow/example_dags/example_short_circuit_decorator.py
[2023-07-09T17:03:07.002+0000] {logging_mixin.py:137} INFO - [2023-07-09T17:03:07.002+0000] {dag.py:2676} INFO - Sync 1 DAGs
[2023-07-09T17:03:07.036+0000] {logging_mixin.py:137} INFO - [2023-07-09T17:03:07.035+0000] {dag.py:3423} INFO - Setting next_dagrun for example_short_circuit_decorator to 2023-07-08T17:03:07.034762+00:00, run_after=2023-07-09T17:03:07.034762+00:00
[2023-07-09T17:03:07.065+0000] {processor.py:175} INFO - Processing /home/ubuntu/venv/lib/python3.10/site-packages/airflow/example_dags/example_short_circuit_decorator.py took 0.194 seconds
[2023-07-09T17:03:37.902+0000] {processor.py:153} INFO - Started process (PID=10114) to work on /home/ubuntu/venv/lib/python3.10/site-packages/airflow/example_dags/example_short_circuit_decorator.py
[2023-07-09T17:03:37.903+0000] {processor.py:743} INFO - Processing file /home/ubuntu/venv/lib/python3.10/site-packages/airflow/example_dags/example_short_circuit_decorator.py for tasks to queue
[2023-07-09T17:03:37.904+0000] {logging_mixin.py:137} INFO - [2023-07-09T17:03:37.904+0000] {dagbag.py:538} INFO - Filling up the DagBag from /home/ubuntu/venv/lib/python3.10/site-packages/airflow/example_dags/example_short_circuit_decorator.py
[2023-07-09T17:03:37.942+0000] {processor.py:753} INFO - DAG(s) dict_keys(['example_short_circuit_decorator']) retrieved from /home/ubuntu/venv/lib/python3.10/site-packages/airflow/example_dags/example_short_circuit_decorator.py
[2023-07-09T17:03:38.011+0000] {logging_mixin.py:137} INFO - [2023-07-09T17:03:38.011+0000] {dag.py:2676} INFO - Sync 1 DAGs
[2023-07-09T17:03:38.045+0000] {logging_mixin.py:137} INFO - [2023-07-09T17:03:38.044+0000] {dag.py:3423} INFO - Setting next_dagrun for example_short_circuit_decorator to 2023-07-08T17:03:38.044473+00:00, run_after=2023-07-09T17:03:38.044473+00:00
[2023-07-09T17:03:38.071+0000] {processor.py:175} INFO - Processing /home/ubuntu/venv/lib/python3.10/site-packages/airflow/example_dags/example_short_circuit_decorator.py took 0.174 seconds
[2023-07-09T17:04:08.794+0000] {processor.py:153} INFO - Started process (PID=10349) to work on /home/ubuntu/venv/lib/python3.10/site-packages/airflow/example_dags/example_short_circuit_decorator.py
[2023-07-09T17:04:08.795+0000] {processor.py:743} INFO - Processing file /home/ubuntu/venv/lib/python3.10/site-packages/airflow/example_dags/example_short_circuit_decorator.py for tasks to queue
[2023-07-09T17:04:08.796+0000] {logging_mixin.py:137} INFO - [2023-07-09T17:04:08.795+0000] {dagbag.py:538} INFO - Filling up the DagBag from /home/ubuntu/venv/lib/python3.10/site-packages/airflow/example_dags/example_short_circuit_decorator.py
[2023-07-09T17:04:08.822+0000] {processor.py:753} INFO - DAG(s) dict_keys(['example_short_circuit_decorator']) retrieved from /home/ubuntu/venv/lib/python3.10/site-packages/airflow/example_dags/example_short_circuit_decorator.py
[2023-07-09T17:04:08.893+0000] {logging_mixin.py:137} INFO - [2023-07-09T17:04:08.893+0000] {dag.py:2676} INFO - Sync 1 DAGs
[2023-07-09T17:04:08.925+0000] {logging_mixin.py:137} INFO - [2023-07-09T17:04:08.925+0000] {dag.py:3423} INFO - Setting next_dagrun for example_short_circuit_decorator to 2023-07-08T17:04:08.925387+00:00, run_after=2023-07-09T17:04:08.925387+00:00
[2023-07-09T17:04:08.955+0000] {processor.py:175} INFO - Processing /home/ubuntu/venv/lib/python3.10/site-packages/airflow/example_dags/example_short_circuit_decorator.py took 0.165 seconds
[2023-07-09T17:04:40.353+0000] {processor.py:153} INFO - Started process (PID=10585) to work on /home/ubuntu/venv/lib/python3.10/site-packages/airflow/example_dags/example_short_circuit_decorator.py
[2023-07-09T17:04:40.355+0000] {processor.py:743} INFO - Processing file /home/ubuntu/venv/lib/python3.10/site-packages/airflow/example_dags/example_short_circuit_decorator.py for tasks to queue
[2023-07-09T17:04:40.356+0000] {logging_mixin.py:137} INFO - [2023-07-09T17:04:40.356+0000] {dagbag.py:538} INFO - Filling up the DagBag from /home/ubuntu/venv/lib/python3.10/site-packages/airflow/example_dags/example_short_circuit_decorator.py
[2023-07-09T17:04:40.401+0000] {processor.py:753} INFO - DAG(s) dict_keys(['example_short_circuit_decorator']) retrieved from /home/ubuntu/venv/lib/python3.10/site-packages/airflow/example_dags/example_short_circuit_decorator.py
[2023-07-09T17:04:40.487+0000] {logging_mixin.py:137} INFO - [2023-07-09T17:04:40.486+0000] {dag.py:2676} INFO - Sync 1 DAGs
[2023-07-09T17:04:40.760+0000] {logging_mixin.py:137} INFO - [2023-07-09T17:04:40.760+0000] {dag.py:3423} INFO - Setting next_dagrun for example_short_circuit_decorator to 2023-07-08T17:04:40.760245+00:00, run_after=2023-07-09T17:04:40.760245+00:00
[2023-07-09T17:04:40.792+0000] {processor.py:175} INFO - Processing /home/ubuntu/venv/lib/python3.10/site-packages/airflow/example_dags/example_short_circuit_decorator.py took 0.450 seconds
[2023-07-09T17:06:03.626+0000] {processor.py:153} INFO - Started process (PID=11157) to work on /home/ubuntu/venv/lib/python3.10/site-packages/airflow/example_dags/example_short_circuit_decorator.py
[2023-07-09T17:06:03.628+0000] {processor.py:743} INFO - Processing file /home/ubuntu/venv/lib/python3.10/site-packages/airflow/example_dags/example_short_circuit_decorator.py for tasks to queue
[2023-07-09T17:06:03.629+0000] {logging_mixin.py:137} INFO - [2023-07-09T17:06:03.629+0000] {dagbag.py:538} INFO - Filling up the DagBag from /home/ubuntu/venv/lib/python3.10/site-packages/airflow/example_dags/example_short_circuit_decorator.py
[2023-07-09T17:06:03.669+0000] {processor.py:753} INFO - DAG(s) dict_keys(['example_short_circuit_decorator']) retrieved from /home/ubuntu/venv/lib/python3.10/site-packages/airflow/example_dags/example_short_circuit_decorator.py
[2023-07-09T17:06:03.739+0000] {logging_mixin.py:137} INFO - [2023-07-09T17:06:03.739+0000] {dag.py:2676} INFO - Sync 1 DAGs
[2023-07-09T17:06:03.783+0000] {logging_mixin.py:137} INFO - [2023-07-09T17:06:03.783+0000] {dag.py:3423} INFO - Setting next_dagrun for example_short_circuit_decorator to 2023-07-08T17:06:03.783216+00:00, run_after=2023-07-09T17:06:03.783216+00:00
[2023-07-09T17:06:03.819+0000] {processor.py:175} INFO - Processing /home/ubuntu/venv/lib/python3.10/site-packages/airflow/example_dags/example_short_circuit_decorator.py took 0.198 seconds
[2023-07-09T17:06:33.958+0000] {processor.py:153} INFO - Started process (PID=11412) to work on /home/ubuntu/venv/lib/python3.10/site-packages/airflow/example_dags/example_short_circuit_decorator.py
[2023-07-09T17:06:33.959+0000] {processor.py:743} INFO - Processing file /home/ubuntu/venv/lib/python3.10/site-packages/airflow/example_dags/example_short_circuit_decorator.py for tasks to queue
[2023-07-09T17:06:33.960+0000] {logging_mixin.py:137} INFO - [2023-07-09T17:06:33.960+0000] {dagbag.py:538} INFO - Filling up the DagBag from /home/ubuntu/venv/lib/python3.10/site-packages/airflow/example_dags/example_short_circuit_decorator.py
[2023-07-09T17:06:34.010+0000] {processor.py:753} INFO - DAG(s) dict_keys(['example_short_circuit_decorator']) retrieved from /home/ubuntu/venv/lib/python3.10/site-packages/airflow/example_dags/example_short_circuit_decorator.py
[2023-07-09T17:06:34.104+0000] {logging_mixin.py:137} INFO - [2023-07-09T17:06:34.104+0000] {dag.py:2676} INFO - Sync 1 DAGs
[2023-07-09T17:06:34.142+0000] {logging_mixin.py:137} INFO - [2023-07-09T17:06:34.142+0000] {dag.py:3423} INFO - Setting next_dagrun for example_short_circuit_decorator to 2023-07-08T17:06:34.142231+00:00, run_after=2023-07-09T17:06:34.142231+00:00
[2023-07-09T17:06:34.169+0000] {processor.py:175} INFO - Processing /home/ubuntu/venv/lib/python3.10/site-packages/airflow/example_dags/example_short_circuit_decorator.py took 0.216 seconds
[2023-07-09T17:07:28.181+0000] {processor.py:153} INFO - Started process (PID=11889) to work on /home/ubuntu/venv/lib/python3.10/site-packages/airflow/example_dags/example_short_circuit_decorator.py
[2023-07-09T17:07:28.182+0000] {processor.py:743} INFO - Processing file /home/ubuntu/venv/lib/python3.10/site-packages/airflow/example_dags/example_short_circuit_decorator.py for tasks to queue
[2023-07-09T17:07:28.183+0000] {logging_mixin.py:137} INFO - [2023-07-09T17:07:28.183+0000] {dagbag.py:538} INFO - Filling up the DagBag from /home/ubuntu/venv/lib/python3.10/site-packages/airflow/example_dags/example_short_circuit_decorator.py
[2023-07-09T17:07:28.228+0000] {processor.py:753} INFO - DAG(s) dict_keys(['example_short_circuit_decorator']) retrieved from /home/ubuntu/venv/lib/python3.10/site-packages/airflow/example_dags/example_short_circuit_decorator.py
[2023-07-09T17:07:28.301+0000] {logging_mixin.py:137} INFO - [2023-07-09T17:07:28.301+0000] {dag.py:2676} INFO - Sync 1 DAGs
[2023-07-09T17:07:28.341+0000] {logging_mixin.py:137} INFO - [2023-07-09T17:07:28.340+0000] {dag.py:3423} INFO - Setting next_dagrun for example_short_circuit_decorator to 2023-07-08T17:07:28.340440+00:00, run_after=2023-07-09T17:07:28.340440+00:00
[2023-07-09T17:07:28.380+0000] {processor.py:175} INFO - Processing /home/ubuntu/venv/lib/python3.10/site-packages/airflow/example_dags/example_short_circuit_decorator.py took 0.208 seconds
[2023-07-09T17:07:59.121+0000] {processor.py:153} INFO - Started process (PID=12153) to work on /home/ubuntu/venv/lib/python3.10/site-packages/airflow/example_dags/example_short_circuit_decorator.py
[2023-07-09T17:07:59.122+0000] {processor.py:743} INFO - Processing file /home/ubuntu/venv/lib/python3.10/site-packages/airflow/example_dags/example_short_circuit_decorator.py for tasks to queue
[2023-07-09T17:07:59.122+0000] {logging_mixin.py:137} INFO - [2023-07-09T17:07:59.122+0000] {dagbag.py:538} INFO - Filling up the DagBag from /home/ubuntu/venv/lib/python3.10/site-packages/airflow/example_dags/example_short_circuit_decorator.py
[2023-07-09T17:07:59.152+0000] {processor.py:753} INFO - DAG(s) dict_keys(['example_short_circuit_decorator']) retrieved from /home/ubuntu/venv/lib/python3.10/site-packages/airflow/example_dags/example_short_circuit_decorator.py
[2023-07-09T17:07:59.203+0000] {logging_mixin.py:137} INFO - [2023-07-09T17:07:59.203+0000] {dag.py:2676} INFO - Sync 1 DAGs
[2023-07-09T17:07:59.236+0000] {logging_mixin.py:137} INFO - [2023-07-09T17:07:59.236+0000] {dag.py:3423} INFO - Setting next_dagrun for example_short_circuit_decorator to 2023-07-08T17:07:59.236260+00:00, run_after=2023-07-09T17:07:59.236260+00:00
[2023-07-09T17:07:59.273+0000] {processor.py:175} INFO - Processing /home/ubuntu/venv/lib/python3.10/site-packages/airflow/example_dags/example_short_circuit_decorator.py took 0.157 seconds
[2023-07-09T17:08:29.943+0000] {processor.py:153} INFO - Started process (PID=12389) to work on /home/ubuntu/venv/lib/python3.10/site-packages/airflow/example_dags/example_short_circuit_decorator.py
[2023-07-09T17:08:29.944+0000] {processor.py:743} INFO - Processing file /home/ubuntu/venv/lib/python3.10/site-packages/airflow/example_dags/example_short_circuit_decorator.py for tasks to queue
[2023-07-09T17:08:29.946+0000] {logging_mixin.py:137} INFO - [2023-07-09T17:08:29.945+0000] {dagbag.py:538} INFO - Filling up the DagBag from /home/ubuntu/venv/lib/python3.10/site-packages/airflow/example_dags/example_short_circuit_decorator.py
[2023-07-09T17:08:29.985+0000] {processor.py:753} INFO - DAG(s) dict_keys(['example_short_circuit_decorator']) retrieved from /home/ubuntu/venv/lib/python3.10/site-packages/airflow/example_dags/example_short_circuit_decorator.py
[2023-07-09T17:08:30.057+0000] {logging_mixin.py:137} INFO - [2023-07-09T17:08:30.056+0000] {dag.py:2676} INFO - Sync 1 DAGs
[2023-07-09T17:08:30.092+0000] {logging_mixin.py:137} INFO - [2023-07-09T17:08:30.092+0000] {dag.py:3423} INFO - Setting next_dagrun for example_short_circuit_decorator to 2023-07-08T17:08:30.091706+00:00, run_after=2023-07-09T17:08:30.091706+00:00
[2023-07-09T17:08:30.117+0000] {processor.py:175} INFO - Processing /home/ubuntu/venv/lib/python3.10/site-packages/airflow/example_dags/example_short_circuit_decorator.py took 0.179 seconds
[2023-07-09T17:09:07.023+0000] {processor.py:153} INFO - Started process (PID=12836) to work on /home/ubuntu/venv/lib/python3.10/site-packages/airflow/example_dags/example_short_circuit_decorator.py
[2023-07-09T17:09:07.025+0000] {processor.py:743} INFO - Processing file /home/ubuntu/venv/lib/python3.10/site-packages/airflow/example_dags/example_short_circuit_decorator.py for tasks to queue
[2023-07-09T17:09:07.025+0000] {logging_mixin.py:137} INFO - [2023-07-09T17:09:07.025+0000] {dagbag.py:538} INFO - Filling up the DagBag from /home/ubuntu/venv/lib/python3.10/site-packages/airflow/example_dags/example_short_circuit_decorator.py
[2023-07-09T17:09:07.064+0000] {processor.py:753} INFO - DAG(s) dict_keys(['example_short_circuit_decorator']) retrieved from /home/ubuntu/venv/lib/python3.10/site-packages/airflow/example_dags/example_short_circuit_decorator.py
[2023-07-09T17:09:07.128+0000] {logging_mixin.py:137} INFO - [2023-07-09T17:09:07.128+0000] {dag.py:2676} INFO - Sync 1 DAGs
[2023-07-09T17:09:07.159+0000] {logging_mixin.py:137} INFO - [2023-07-09T17:09:07.159+0000] {dag.py:3423} INFO - Setting next_dagrun for example_short_circuit_decorator to 2023-07-08T17:09:07.159093+00:00, run_after=2023-07-09T17:09:07.159093+00:00
[2023-07-09T17:09:07.183+0000] {processor.py:175} INFO - Processing /home/ubuntu/venv/lib/python3.10/site-packages/airflow/example_dags/example_short_circuit_decorator.py took 0.164 seconds
[2023-07-09T17:09:37.634+0000] {processor.py:153} INFO - Started process (PID=13111) to work on /home/ubuntu/venv/lib/python3.10/site-packages/airflow/example_dags/example_short_circuit_decorator.py
[2023-07-09T17:09:37.635+0000] {processor.py:743} INFO - Processing file /home/ubuntu/venv/lib/python3.10/site-packages/airflow/example_dags/example_short_circuit_decorator.py for tasks to queue
[2023-07-09T17:09:37.636+0000] {logging_mixin.py:137} INFO - [2023-07-09T17:09:37.636+0000] {dagbag.py:538} INFO - Filling up the DagBag from /home/ubuntu/venv/lib/python3.10/site-packages/airflow/example_dags/example_short_circuit_decorator.py
[2023-07-09T17:09:37.680+0000] {processor.py:753} INFO - DAG(s) dict_keys(['example_short_circuit_decorator']) retrieved from /home/ubuntu/venv/lib/python3.10/site-packages/airflow/example_dags/example_short_circuit_decorator.py
[2023-07-09T17:09:37.749+0000] {logging_mixin.py:137} INFO - [2023-07-09T17:09:37.749+0000] {dag.py:2676} INFO - Sync 1 DAGs
[2023-07-09T17:09:37.779+0000] {logging_mixin.py:137} INFO - [2023-07-09T17:09:37.779+0000] {dag.py:3423} INFO - Setting next_dagrun for example_short_circuit_decorator to 2023-07-08T17:09:37.779056+00:00, run_after=2023-07-09T17:09:37.779056+00:00
[2023-07-09T17:09:37.804+0000] {processor.py:175} INFO - Processing /home/ubuntu/venv/lib/python3.10/site-packages/airflow/example_dags/example_short_circuit_decorator.py took 0.174 seconds
[2023-07-09T17:10:08.496+0000] {processor.py:153} INFO - Started process (PID=13347) to work on /home/ubuntu/venv/lib/python3.10/site-packages/airflow/example_dags/example_short_circuit_decorator.py
[2023-07-09T17:10:08.497+0000] {processor.py:743} INFO - Processing file /home/ubuntu/venv/lib/python3.10/site-packages/airflow/example_dags/example_short_circuit_decorator.py for tasks to queue
[2023-07-09T17:10:08.498+0000] {logging_mixin.py:137} INFO - [2023-07-09T17:10:08.498+0000] {dagbag.py:538} INFO - Filling up the DagBag from /home/ubuntu/venv/lib/python3.10/site-packages/airflow/example_dags/example_short_circuit_decorator.py
[2023-07-09T17:10:08.534+0000] {processor.py:753} INFO - DAG(s) dict_keys(['example_short_circuit_decorator']) retrieved from /home/ubuntu/venv/lib/python3.10/site-packages/airflow/example_dags/example_short_circuit_decorator.py
[2023-07-09T17:10:08.598+0000] {logging_mixin.py:137} INFO - [2023-07-09T17:10:08.597+0000] {dag.py:2676} INFO - Sync 1 DAGs
[2023-07-09T17:10:08.627+0000] {logging_mixin.py:137} INFO - [2023-07-09T17:10:08.627+0000] {dag.py:3423} INFO - Setting next_dagrun for example_short_circuit_decorator to 2023-07-08T17:10:08.627235+00:00, run_after=2023-07-09T17:10:08.627235+00:00
[2023-07-09T17:10:08.651+0000] {processor.py:175} INFO - Processing /home/ubuntu/venv/lib/python3.10/site-packages/airflow/example_dags/example_short_circuit_decorator.py took 0.160 seconds
