[2023-07-09T15:46:33.256+0000] {processor.py:153} INFO - Started process (PID=1301) to work on /home/ubuntu/venv/lib/python3.10/site-packages/airflow/example_dags/example_trigger_target_dag.py
[2023-07-09T15:46:33.257+0000] {processor.py:743} INFO - Processing file /home/ubuntu/venv/lib/python3.10/site-packages/airflow/example_dags/example_trigger_target_dag.py for tasks to queue
[2023-07-09T15:46:33.258+0000] {logging_mixin.py:137} INFO - [2023-07-09T15:46:33.258+0000] {dagbag.py:538} INFO - Filling up the DagBag from /home/ubuntu/venv/lib/python3.10/site-packages/airflow/example_dags/example_trigger_target_dag.py
[2023-07-09T15:46:33.309+0000] {processor.py:753} INFO - DAG(s) dict_keys(['example_trigger_target_dag']) retrieved from /home/ubuntu/venv/lib/python3.10/site-packages/airflow/example_dags/example_trigger_target_dag.py
[2023-07-09T15:46:33.383+0000] {logging_mixin.py:137} INFO - [2023-07-09T15:46:33.383+0000] {dag.py:2676} INFO - Sync 1 DAGs
[2023-07-09T15:46:33.413+0000] {logging_mixin.py:137} INFO - [2023-07-09T15:46:33.413+0000] {dag.py:3423} INFO - Setting next_dagrun for example_trigger_target_dag to None, run_after=None
[2023-07-09T15:46:33.446+0000] {processor.py:175} INFO - Processing /home/ubuntu/venv/lib/python3.10/site-packages/airflow/example_dags/example_trigger_target_dag.py took 0.195 seconds
[2023-07-09T15:47:03.894+0000] {processor.py:153} INFO - Started process (PID=1537) to work on /home/ubuntu/venv/lib/python3.10/site-packages/airflow/example_dags/example_trigger_target_dag.py
[2023-07-09T15:47:03.898+0000] {processor.py:743} INFO - Processing file /home/ubuntu/venv/lib/python3.10/site-packages/airflow/example_dags/example_trigger_target_dag.py for tasks to queue
[2023-07-09T15:47:03.899+0000] {logging_mixin.py:137} INFO - [2023-07-09T15:47:03.899+0000] {dagbag.py:538} INFO - Filling up the DagBag from /home/ubuntu/venv/lib/python3.10/site-packages/airflow/example_dags/example_trigger_target_dag.py
[2023-07-09T15:47:03.948+0000] {processor.py:753} INFO - DAG(s) dict_keys(['example_trigger_target_dag']) retrieved from /home/ubuntu/venv/lib/python3.10/site-packages/airflow/example_dags/example_trigger_target_dag.py
[2023-07-09T15:47:04.082+0000] {logging_mixin.py:137} INFO - [2023-07-09T15:47:04.082+0000] {dag.py:2676} INFO - Sync 1 DAGs
[2023-07-09T15:47:04.120+0000] {logging_mixin.py:137} INFO - [2023-07-09T15:47:04.120+0000] {dag.py:3423} INFO - Setting next_dagrun for example_trigger_target_dag to None, run_after=None
[2023-07-09T15:47:04.149+0000] {processor.py:175} INFO - Processing /home/ubuntu/venv/lib/python3.10/site-packages/airflow/example_dags/example_trigger_target_dag.py took 0.268 seconds
[2023-07-09T15:47:34.296+0000] {processor.py:153} INFO - Started process (PID=1778) to work on /home/ubuntu/venv/lib/python3.10/site-packages/airflow/example_dags/example_trigger_target_dag.py
[2023-07-09T15:47:34.297+0000] {processor.py:743} INFO - Processing file /home/ubuntu/venv/lib/python3.10/site-packages/airflow/example_dags/example_trigger_target_dag.py for tasks to queue
[2023-07-09T15:47:34.299+0000] {logging_mixin.py:137} INFO - [2023-07-09T15:47:34.298+0000] {dagbag.py:538} INFO - Filling up the DagBag from /home/ubuntu/venv/lib/python3.10/site-packages/airflow/example_dags/example_trigger_target_dag.py
[2023-07-09T15:47:34.335+0000] {processor.py:753} INFO - DAG(s) dict_keys(['example_trigger_target_dag']) retrieved from /home/ubuntu/venv/lib/python3.10/site-packages/airflow/example_dags/example_trigger_target_dag.py
[2023-07-09T15:47:34.409+0000] {logging_mixin.py:137} INFO - [2023-07-09T15:47:34.409+0000] {dag.py:2676} INFO - Sync 1 DAGs
[2023-07-09T15:47:34.461+0000] {logging_mixin.py:137} INFO - [2023-07-09T15:47:34.460+0000] {dag.py:3423} INFO - Setting next_dagrun for example_trigger_target_dag to None, run_after=None
[2023-07-09T15:47:34.544+0000] {processor.py:175} INFO - Processing /home/ubuntu/venv/lib/python3.10/site-packages/airflow/example_dags/example_trigger_target_dag.py took 0.255 seconds
[2023-07-09T15:49:51.969+0000] {processor.py:153} INFO - Started process (PID=2121) to work on /home/ubuntu/venv/lib/python3.10/site-packages/airflow/example_dags/example_trigger_target_dag.py
[2023-07-09T15:49:51.970+0000] {processor.py:743} INFO - Processing file /home/ubuntu/venv/lib/python3.10/site-packages/airflow/example_dags/example_trigger_target_dag.py for tasks to queue
[2023-07-09T15:49:51.971+0000] {logging_mixin.py:137} INFO - [2023-07-09T15:49:51.971+0000] {dagbag.py:538} INFO - Filling up the DagBag from /home/ubuntu/venv/lib/python3.10/site-packages/airflow/example_dags/example_trigger_target_dag.py
[2023-07-09T15:49:52.003+0000] {processor.py:753} INFO - DAG(s) dict_keys(['example_trigger_target_dag']) retrieved from /home/ubuntu/venv/lib/python3.10/site-packages/airflow/example_dags/example_trigger_target_dag.py
[2023-07-09T15:49:52.072+0000] {logging_mixin.py:137} INFO - [2023-07-09T15:49:52.071+0000] {dag.py:2676} INFO - Sync 1 DAGs
[2023-07-09T15:49:52.105+0000] {logging_mixin.py:137} INFO - [2023-07-09T15:49:52.104+0000] {dag.py:3423} INFO - Setting next_dagrun for example_trigger_target_dag to None, run_after=None
[2023-07-09T15:49:52.127+0000] {processor.py:175} INFO - Processing /home/ubuntu/venv/lib/python3.10/site-packages/airflow/example_dags/example_trigger_target_dag.py took 0.163 seconds
[2023-07-09T15:50:23.037+0000] {processor.py:153} INFO - Started process (PID=2355) to work on /home/ubuntu/venv/lib/python3.10/site-packages/airflow/example_dags/example_trigger_target_dag.py
[2023-07-09T15:50:23.038+0000] {processor.py:743} INFO - Processing file /home/ubuntu/venv/lib/python3.10/site-packages/airflow/example_dags/example_trigger_target_dag.py for tasks to queue
[2023-07-09T15:50:23.038+0000] {logging_mixin.py:137} INFO - [2023-07-09T15:50:23.038+0000] {dagbag.py:538} INFO - Filling up the DagBag from /home/ubuntu/venv/lib/python3.10/site-packages/airflow/example_dags/example_trigger_target_dag.py
[2023-07-09T15:50:23.074+0000] {processor.py:753} INFO - DAG(s) dict_keys(['example_trigger_target_dag']) retrieved from /home/ubuntu/venv/lib/python3.10/site-packages/airflow/example_dags/example_trigger_target_dag.py
[2023-07-09T15:50:23.158+0000] {logging_mixin.py:137} INFO - [2023-07-09T15:50:23.158+0000] {dag.py:2676} INFO - Sync 1 DAGs
[2023-07-09T15:50:23.196+0000] {logging_mixin.py:137} INFO - [2023-07-09T15:50:23.196+0000] {dag.py:3423} INFO - Setting next_dagrun for example_trigger_target_dag to None, run_after=None
[2023-07-09T15:50:23.223+0000] {processor.py:175} INFO - Processing /home/ubuntu/venv/lib/python3.10/site-packages/airflow/example_dags/example_trigger_target_dag.py took 0.192 seconds
[2023-07-09T16:47:15.435+0000] {processor.py:153} INFO - Started process (PID=3420) to work on /home/ubuntu/venv/lib/python3.10/site-packages/airflow/example_dags/example_trigger_target_dag.py
[2023-07-09T16:47:15.437+0000] {processor.py:743} INFO - Processing file /home/ubuntu/venv/lib/python3.10/site-packages/airflow/example_dags/example_trigger_target_dag.py for tasks to queue
[2023-07-09T16:47:15.438+0000] {logging_mixin.py:137} INFO - [2023-07-09T16:47:15.437+0000] {dagbag.py:538} INFO - Filling up the DagBag from /home/ubuntu/venv/lib/python3.10/site-packages/airflow/example_dags/example_trigger_target_dag.py
[2023-07-09T16:47:15.472+0000] {processor.py:753} INFO - DAG(s) dict_keys(['example_trigger_target_dag']) retrieved from /home/ubuntu/venv/lib/python3.10/site-packages/airflow/example_dags/example_trigger_target_dag.py
[2023-07-09T16:47:15.545+0000] {logging_mixin.py:137} INFO - [2023-07-09T16:47:15.545+0000] {dag.py:2676} INFO - Sync 1 DAGs
[2023-07-09T16:47:15.580+0000] {logging_mixin.py:137} INFO - [2023-07-09T16:47:15.580+0000] {dag.py:3423} INFO - Setting next_dagrun for example_trigger_target_dag to None, run_after=None
[2023-07-09T16:47:15.606+0000] {processor.py:175} INFO - Processing /home/ubuntu/venv/lib/python3.10/site-packages/airflow/example_dags/example_trigger_target_dag.py took 0.176 seconds
[2023-07-09T16:47:46.700+0000] {processor.py:153} INFO - Started process (PID=3785) to work on /home/ubuntu/venv/lib/python3.10/site-packages/airflow/example_dags/example_trigger_target_dag.py
[2023-07-09T16:47:46.701+0000] {processor.py:743} INFO - Processing file /home/ubuntu/venv/lib/python3.10/site-packages/airflow/example_dags/example_trigger_target_dag.py for tasks to queue
[2023-07-09T16:47:46.702+0000] {logging_mixin.py:137} INFO - [2023-07-09T16:47:46.701+0000] {dagbag.py:538} INFO - Filling up the DagBag from /home/ubuntu/venv/lib/python3.10/site-packages/airflow/example_dags/example_trigger_target_dag.py
[2023-07-09T16:47:46.738+0000] {processor.py:753} INFO - DAG(s) dict_keys(['example_trigger_target_dag']) retrieved from /home/ubuntu/venv/lib/python3.10/site-packages/airflow/example_dags/example_trigger_target_dag.py
[2023-07-09T16:47:46.857+0000] {logging_mixin.py:137} INFO - [2023-07-09T16:47:46.857+0000] {dag.py:2676} INFO - Sync 1 DAGs
[2023-07-09T16:47:46.914+0000] {logging_mixin.py:137} INFO - [2023-07-09T16:47:46.913+0000] {dag.py:3423} INFO - Setting next_dagrun for example_trigger_target_dag to None, run_after=None
[2023-07-09T16:47:46.937+0000] {processor.py:175} INFO - Processing /home/ubuntu/venv/lib/python3.10/site-packages/airflow/example_dags/example_trigger_target_dag.py took 0.242 seconds
[2023-07-09T16:48:17.130+0000] {processor.py:153} INFO - Started process (PID=4020) to work on /home/ubuntu/venv/lib/python3.10/site-packages/airflow/example_dags/example_trigger_target_dag.py
[2023-07-09T16:48:17.131+0000] {processor.py:743} INFO - Processing file /home/ubuntu/venv/lib/python3.10/site-packages/airflow/example_dags/example_trigger_target_dag.py for tasks to queue
[2023-07-09T16:48:17.132+0000] {logging_mixin.py:137} INFO - [2023-07-09T16:48:17.132+0000] {dagbag.py:538} INFO - Filling up the DagBag from /home/ubuntu/venv/lib/python3.10/site-packages/airflow/example_dags/example_trigger_target_dag.py
[2023-07-09T16:48:17.165+0000] {processor.py:753} INFO - DAG(s) dict_keys(['example_trigger_target_dag']) retrieved from /home/ubuntu/venv/lib/python3.10/site-packages/airflow/example_dags/example_trigger_target_dag.py
[2023-07-09T16:48:17.236+0000] {logging_mixin.py:137} INFO - [2023-07-09T16:48:17.236+0000] {dag.py:2676} INFO - Sync 1 DAGs
[2023-07-09T16:48:17.279+0000] {logging_mixin.py:137} INFO - [2023-07-09T16:48:17.279+0000] {dag.py:3423} INFO - Setting next_dagrun for example_trigger_target_dag to None, run_after=None
[2023-07-09T16:48:17.322+0000] {processor.py:175} INFO - Processing /home/ubuntu/venv/lib/python3.10/site-packages/airflow/example_dags/example_trigger_target_dag.py took 0.196 seconds
[2023-07-09T16:48:47.828+0000] {processor.py:153} INFO - Started process (PID=4250) to work on /home/ubuntu/venv/lib/python3.10/site-packages/airflow/example_dags/example_trigger_target_dag.py
[2023-07-09T16:48:47.829+0000] {processor.py:743} INFO - Processing file /home/ubuntu/venv/lib/python3.10/site-packages/airflow/example_dags/example_trigger_target_dag.py for tasks to queue
[2023-07-09T16:48:47.830+0000] {logging_mixin.py:137} INFO - [2023-07-09T16:48:47.830+0000] {dagbag.py:538} INFO - Filling up the DagBag from /home/ubuntu/venv/lib/python3.10/site-packages/airflow/example_dags/example_trigger_target_dag.py
[2023-07-09T16:48:47.873+0000] {processor.py:753} INFO - DAG(s) dict_keys(['example_trigger_target_dag']) retrieved from /home/ubuntu/venv/lib/python3.10/site-packages/airflow/example_dags/example_trigger_target_dag.py
[2023-07-09T16:48:47.951+0000] {logging_mixin.py:137} INFO - [2023-07-09T16:48:47.951+0000] {dag.py:2676} INFO - Sync 1 DAGs
[2023-07-09T16:48:47.988+0000] {logging_mixin.py:137} INFO - [2023-07-09T16:48:47.988+0000] {dag.py:3423} INFO - Setting next_dagrun for example_trigger_target_dag to None, run_after=None
[2023-07-09T16:48:48.017+0000] {processor.py:175} INFO - Processing /home/ubuntu/venv/lib/python3.10/site-packages/airflow/example_dags/example_trigger_target_dag.py took 0.194 seconds
[2023-07-09T16:49:18.866+0000] {processor.py:153} INFO - Started process (PID=4485) to work on /home/ubuntu/venv/lib/python3.10/site-packages/airflow/example_dags/example_trigger_target_dag.py
[2023-07-09T16:49:18.867+0000] {processor.py:743} INFO - Processing file /home/ubuntu/venv/lib/python3.10/site-packages/airflow/example_dags/example_trigger_target_dag.py for tasks to queue
[2023-07-09T16:49:18.868+0000] {logging_mixin.py:137} INFO - [2023-07-09T16:49:18.868+0000] {dagbag.py:538} INFO - Filling up the DagBag from /home/ubuntu/venv/lib/python3.10/site-packages/airflow/example_dags/example_trigger_target_dag.py
[2023-07-09T16:49:18.897+0000] {processor.py:753} INFO - DAG(s) dict_keys(['example_trigger_target_dag']) retrieved from /home/ubuntu/venv/lib/python3.10/site-packages/airflow/example_dags/example_trigger_target_dag.py
[2023-07-09T16:49:18.963+0000] {logging_mixin.py:137} INFO - [2023-07-09T16:49:18.963+0000] {dag.py:2676} INFO - Sync 1 DAGs
[2023-07-09T16:49:18.998+0000] {logging_mixin.py:137} INFO - [2023-07-09T16:49:18.998+0000] {dag.py:3423} INFO - Setting next_dagrun for example_trigger_target_dag to None, run_after=None
[2023-07-09T16:49:19.022+0000] {processor.py:175} INFO - Processing /home/ubuntu/venv/lib/python3.10/site-packages/airflow/example_dags/example_trigger_target_dag.py took 0.162 seconds
[2023-07-09T16:49:49.407+0000] {processor.py:153} INFO - Started process (PID=4724) to work on /home/ubuntu/venv/lib/python3.10/site-packages/airflow/example_dags/example_trigger_target_dag.py
[2023-07-09T16:49:49.408+0000] {processor.py:743} INFO - Processing file /home/ubuntu/venv/lib/python3.10/site-packages/airflow/example_dags/example_trigger_target_dag.py for tasks to queue
[2023-07-09T16:49:49.409+0000] {logging_mixin.py:137} INFO - [2023-07-09T16:49:49.409+0000] {dagbag.py:538} INFO - Filling up the DagBag from /home/ubuntu/venv/lib/python3.10/site-packages/airflow/example_dags/example_trigger_target_dag.py
[2023-07-09T16:49:49.440+0000] {processor.py:753} INFO - DAG(s) dict_keys(['example_trigger_target_dag']) retrieved from /home/ubuntu/venv/lib/python3.10/site-packages/airflow/example_dags/example_trigger_target_dag.py
[2023-07-09T16:49:49.511+0000] {logging_mixin.py:137} INFO - [2023-07-09T16:49:49.511+0000] {dag.py:2676} INFO - Sync 1 DAGs
[2023-07-09T16:49:49.542+0000] {logging_mixin.py:137} INFO - [2023-07-09T16:49:49.541+0000] {dag.py:3423} INFO - Setting next_dagrun for example_trigger_target_dag to None, run_after=None
[2023-07-09T16:49:49.564+0000] {processor.py:175} INFO - Processing /home/ubuntu/venv/lib/python3.10/site-packages/airflow/example_dags/example_trigger_target_dag.py took 0.161 seconds
[2023-07-09T16:50:20.047+0000] {processor.py:153} INFO - Started process (PID=4959) to work on /home/ubuntu/venv/lib/python3.10/site-packages/airflow/example_dags/example_trigger_target_dag.py
[2023-07-09T16:50:20.049+0000] {processor.py:743} INFO - Processing file /home/ubuntu/venv/lib/python3.10/site-packages/airflow/example_dags/example_trigger_target_dag.py for tasks to queue
[2023-07-09T16:50:20.050+0000] {logging_mixin.py:137} INFO - [2023-07-09T16:50:20.049+0000] {dagbag.py:538} INFO - Filling up the DagBag from /home/ubuntu/venv/lib/python3.10/site-packages/airflow/example_dags/example_trigger_target_dag.py
[2023-07-09T16:50:20.093+0000] {processor.py:753} INFO - DAG(s) dict_keys(['example_trigger_target_dag']) retrieved from /home/ubuntu/venv/lib/python3.10/site-packages/airflow/example_dags/example_trigger_target_dag.py
[2023-07-09T16:50:20.168+0000] {logging_mixin.py:137} INFO - [2023-07-09T16:50:20.168+0000] {dag.py:2676} INFO - Sync 1 DAGs
[2023-07-09T16:50:20.204+0000] {logging_mixin.py:137} INFO - [2023-07-09T16:50:20.203+0000] {dag.py:3423} INFO - Setting next_dagrun for example_trigger_target_dag to None, run_after=None
[2023-07-09T16:50:20.227+0000] {processor.py:175} INFO - Processing /home/ubuntu/venv/lib/python3.10/site-packages/airflow/example_dags/example_trigger_target_dag.py took 0.183 seconds
[2023-07-09T16:50:50.677+0000] {processor.py:153} INFO - Started process (PID=5192) to work on /home/ubuntu/venv/lib/python3.10/site-packages/airflow/example_dags/example_trigger_target_dag.py
[2023-07-09T16:50:50.678+0000] {processor.py:743} INFO - Processing file /home/ubuntu/venv/lib/python3.10/site-packages/airflow/example_dags/example_trigger_target_dag.py for tasks to queue
[2023-07-09T16:50:50.679+0000] {logging_mixin.py:137} INFO - [2023-07-09T16:50:50.679+0000] {dagbag.py:538} INFO - Filling up the DagBag from /home/ubuntu/venv/lib/python3.10/site-packages/airflow/example_dags/example_trigger_target_dag.py
[2023-07-09T16:50:50.714+0000] {processor.py:753} INFO - DAG(s) dict_keys(['example_trigger_target_dag']) retrieved from /home/ubuntu/venv/lib/python3.10/site-packages/airflow/example_dags/example_trigger_target_dag.py
[2023-07-09T16:50:50.782+0000] {logging_mixin.py:137} INFO - [2023-07-09T16:50:50.781+0000] {dag.py:2676} INFO - Sync 1 DAGs
[2023-07-09T16:50:50.833+0000] {logging_mixin.py:137} INFO - [2023-07-09T16:50:50.832+0000] {dag.py:3423} INFO - Setting next_dagrun for example_trigger_target_dag to None, run_after=None
[2023-07-09T16:50:50.862+0000] {processor.py:175} INFO - Processing /home/ubuntu/venv/lib/python3.10/site-packages/airflow/example_dags/example_trigger_target_dag.py took 0.191 seconds
[2023-07-09T16:54:51.816+0000] {processor.py:153} INFO - Started process (PID=5685) to work on /home/ubuntu/venv/lib/python3.10/site-packages/airflow/example_dags/example_trigger_target_dag.py
[2023-07-09T16:54:51.823+0000] {processor.py:743} INFO - Processing file /home/ubuntu/venv/lib/python3.10/site-packages/airflow/example_dags/example_trigger_target_dag.py for tasks to queue
[2023-07-09T16:54:51.824+0000] {logging_mixin.py:137} INFO - [2023-07-09T16:54:51.824+0000] {dagbag.py:538} INFO - Filling up the DagBag from /home/ubuntu/venv/lib/python3.10/site-packages/airflow/example_dags/example_trigger_target_dag.py
[2023-07-09T16:54:51.941+0000] {processor.py:753} INFO - DAG(s) dict_keys(['example_trigger_target_dag']) retrieved from /home/ubuntu/venv/lib/python3.10/site-packages/airflow/example_dags/example_trigger_target_dag.py
[2023-07-09T16:54:52.144+0000] {logging_mixin.py:137} INFO - [2023-07-09T16:54:52.143+0000] {dag.py:2676} INFO - Sync 1 DAGs
[2023-07-09T16:54:52.260+0000] {logging_mixin.py:137} INFO - [2023-07-09T16:54:52.260+0000] {dag.py:3423} INFO - Setting next_dagrun for example_trigger_target_dag to None, run_after=None
[2023-07-09T16:54:52.339+0000] {processor.py:175} INFO - Processing /home/ubuntu/venv/lib/python3.10/site-packages/airflow/example_dags/example_trigger_target_dag.py took 0.535 seconds
[2023-07-09T16:55:22.740+0000] {processor.py:153} INFO - Started process (PID=5998) to work on /home/ubuntu/venv/lib/python3.10/site-packages/airflow/example_dags/example_trigger_target_dag.py
[2023-07-09T16:55:22.742+0000] {processor.py:743} INFO - Processing file /home/ubuntu/venv/lib/python3.10/site-packages/airflow/example_dags/example_trigger_target_dag.py for tasks to queue
[2023-07-09T16:55:22.743+0000] {logging_mixin.py:137} INFO - [2023-07-09T16:55:22.742+0000] {dagbag.py:538} INFO - Filling up the DagBag from /home/ubuntu/venv/lib/python3.10/site-packages/airflow/example_dags/example_trigger_target_dag.py
[2023-07-09T16:55:22.777+0000] {processor.py:753} INFO - DAG(s) dict_keys(['example_trigger_target_dag']) retrieved from /home/ubuntu/venv/lib/python3.10/site-packages/airflow/example_dags/example_trigger_target_dag.py
[2023-07-09T16:55:22.840+0000] {logging_mixin.py:137} INFO - [2023-07-09T16:55:22.840+0000] {dag.py:2676} INFO - Sync 1 DAGs
[2023-07-09T16:55:22.863+0000] {logging_mixin.py:137} INFO - [2023-07-09T16:55:22.863+0000] {dag.py:3423} INFO - Setting next_dagrun for example_trigger_target_dag to None, run_after=None
[2023-07-09T16:55:22.880+0000] {processor.py:175} INFO - Processing /home/ubuntu/venv/lib/python3.10/site-packages/airflow/example_dags/example_trigger_target_dag.py took 0.144 seconds
[2023-07-09T16:55:54.053+0000] {processor.py:153} INFO - Started process (PID=6232) to work on /home/ubuntu/venv/lib/python3.10/site-packages/airflow/example_dags/example_trigger_target_dag.py
[2023-07-09T16:55:54.055+0000] {processor.py:743} INFO - Processing file /home/ubuntu/venv/lib/python3.10/site-packages/airflow/example_dags/example_trigger_target_dag.py for tasks to queue
[2023-07-09T16:55:54.056+0000] {logging_mixin.py:137} INFO - [2023-07-09T16:55:54.055+0000] {dagbag.py:538} INFO - Filling up the DagBag from /home/ubuntu/venv/lib/python3.10/site-packages/airflow/example_dags/example_trigger_target_dag.py
[2023-07-09T16:55:54.091+0000] {processor.py:753} INFO - DAG(s) dict_keys(['example_trigger_target_dag']) retrieved from /home/ubuntu/venv/lib/python3.10/site-packages/airflow/example_dags/example_trigger_target_dag.py
[2023-07-09T16:55:54.169+0000] {logging_mixin.py:137} INFO - [2023-07-09T16:55:54.168+0000] {dag.py:2676} INFO - Sync 1 DAGs
[2023-07-09T16:55:54.201+0000] {logging_mixin.py:137} INFO - [2023-07-09T16:55:54.200+0000] {dag.py:3423} INFO - Setting next_dagrun for example_trigger_target_dag to None, run_after=None
[2023-07-09T16:55:54.234+0000] {processor.py:175} INFO - Processing /home/ubuntu/venv/lib/python3.10/site-packages/airflow/example_dags/example_trigger_target_dag.py took 0.186 seconds
[2023-07-09T16:56:25.022+0000] {processor.py:153} INFO - Started process (PID=6466) to work on /home/ubuntu/venv/lib/python3.10/site-packages/airflow/example_dags/example_trigger_target_dag.py
[2023-07-09T16:56:25.024+0000] {processor.py:743} INFO - Processing file /home/ubuntu/venv/lib/python3.10/site-packages/airflow/example_dags/example_trigger_target_dag.py for tasks to queue
[2023-07-09T16:56:25.025+0000] {logging_mixin.py:137} INFO - [2023-07-09T16:56:25.025+0000] {dagbag.py:538} INFO - Filling up the DagBag from /home/ubuntu/venv/lib/python3.10/site-packages/airflow/example_dags/example_trigger_target_dag.py
[2023-07-09T16:56:25.063+0000] {processor.py:753} INFO - DAG(s) dict_keys(['example_trigger_target_dag']) retrieved from /home/ubuntu/venv/lib/python3.10/site-packages/airflow/example_dags/example_trigger_target_dag.py
[2023-07-09T16:56:25.129+0000] {logging_mixin.py:137} INFO - [2023-07-09T16:56:25.129+0000] {dag.py:2676} INFO - Sync 1 DAGs
[2023-07-09T16:56:25.164+0000] {logging_mixin.py:137} INFO - [2023-07-09T16:56:25.164+0000] {dag.py:3423} INFO - Setting next_dagrun for example_trigger_target_dag to None, run_after=None
[2023-07-09T16:56:25.188+0000] {processor.py:175} INFO - Processing /home/ubuntu/venv/lib/python3.10/site-packages/airflow/example_dags/example_trigger_target_dag.py took 0.171 seconds
[2023-07-09T16:56:55.303+0000] {processor.py:153} INFO - Started process (PID=6719) to work on /home/ubuntu/venv/lib/python3.10/site-packages/airflow/example_dags/example_trigger_target_dag.py
[2023-07-09T16:56:55.304+0000] {processor.py:743} INFO - Processing file /home/ubuntu/venv/lib/python3.10/site-packages/airflow/example_dags/example_trigger_target_dag.py for tasks to queue
[2023-07-09T16:56:55.305+0000] {logging_mixin.py:137} INFO - [2023-07-09T16:56:55.304+0000] {dagbag.py:538} INFO - Filling up the DagBag from /home/ubuntu/venv/lib/python3.10/site-packages/airflow/example_dags/example_trigger_target_dag.py
[2023-07-09T16:56:55.336+0000] {processor.py:753} INFO - DAG(s) dict_keys(['example_trigger_target_dag']) retrieved from /home/ubuntu/venv/lib/python3.10/site-packages/airflow/example_dags/example_trigger_target_dag.py
[2023-07-09T16:56:55.385+0000] {logging_mixin.py:137} INFO - [2023-07-09T16:56:55.385+0000] {dag.py:2676} INFO - Sync 1 DAGs
[2023-07-09T16:56:55.409+0000] {logging_mixin.py:137} INFO - [2023-07-09T16:56:55.409+0000] {dag.py:3423} INFO - Setting next_dagrun for example_trigger_target_dag to None, run_after=None
[2023-07-09T16:56:55.427+0000] {processor.py:175} INFO - Processing /home/ubuntu/venv/lib/python3.10/site-packages/airflow/example_dags/example_trigger_target_dag.py took 0.129 seconds
[2023-07-09T16:57:26.598+0000] {processor.py:153} INFO - Started process (PID=6958) to work on /home/ubuntu/venv/lib/python3.10/site-packages/airflow/example_dags/example_trigger_target_dag.py
[2023-07-09T16:57:26.599+0000] {processor.py:743} INFO - Processing file /home/ubuntu/venv/lib/python3.10/site-packages/airflow/example_dags/example_trigger_target_dag.py for tasks to queue
[2023-07-09T16:57:26.600+0000] {logging_mixin.py:137} INFO - [2023-07-09T16:57:26.600+0000] {dagbag.py:538} INFO - Filling up the DagBag from /home/ubuntu/venv/lib/python3.10/site-packages/airflow/example_dags/example_trigger_target_dag.py
[2023-07-09T16:57:26.647+0000] {processor.py:753} INFO - DAG(s) dict_keys(['example_trigger_target_dag']) retrieved from /home/ubuntu/venv/lib/python3.10/site-packages/airflow/example_dags/example_trigger_target_dag.py
[2023-07-09T16:57:26.787+0000] {logging_mixin.py:137} INFO - [2023-07-09T16:57:26.787+0000] {dag.py:2676} INFO - Sync 1 DAGs
[2023-07-09T16:57:26.827+0000] {logging_mixin.py:137} INFO - [2023-07-09T16:57:26.827+0000] {dag.py:3423} INFO - Setting next_dagrun for example_trigger_target_dag to None, run_after=None
[2023-07-09T16:57:26.853+0000] {processor.py:175} INFO - Processing /home/ubuntu/venv/lib/python3.10/site-packages/airflow/example_dags/example_trigger_target_dag.py took 0.260 seconds
[2023-07-09T16:57:57.618+0000] {processor.py:153} INFO - Started process (PID=7194) to work on /home/ubuntu/venv/lib/python3.10/site-packages/airflow/example_dags/example_trigger_target_dag.py
[2023-07-09T16:57:57.619+0000] {processor.py:743} INFO - Processing file /home/ubuntu/venv/lib/python3.10/site-packages/airflow/example_dags/example_trigger_target_dag.py for tasks to queue
[2023-07-09T16:57:57.620+0000] {logging_mixin.py:137} INFO - [2023-07-09T16:57:57.620+0000] {dagbag.py:538} INFO - Filling up the DagBag from /home/ubuntu/venv/lib/python3.10/site-packages/airflow/example_dags/example_trigger_target_dag.py
[2023-07-09T16:57:57.652+0000] {processor.py:753} INFO - DAG(s) dict_keys(['example_trigger_target_dag']) retrieved from /home/ubuntu/venv/lib/python3.10/site-packages/airflow/example_dags/example_trigger_target_dag.py
[2023-07-09T16:57:57.724+0000] {logging_mixin.py:137} INFO - [2023-07-09T16:57:57.724+0000] {dag.py:2676} INFO - Sync 1 DAGs
[2023-07-09T16:57:57.763+0000] {logging_mixin.py:137} INFO - [2023-07-09T16:57:57.763+0000] {dag.py:3423} INFO - Setting next_dagrun for example_trigger_target_dag to None, run_after=None
[2023-07-09T16:57:57.792+0000] {processor.py:175} INFO - Processing /home/ubuntu/venv/lib/python3.10/site-packages/airflow/example_dags/example_trigger_target_dag.py took 0.179 seconds
[2023-07-09T16:58:28.659+0000] {processor.py:153} INFO - Started process (PID=7429) to work on /home/ubuntu/venv/lib/python3.10/site-packages/airflow/example_dags/example_trigger_target_dag.py
[2023-07-09T16:58:28.661+0000] {processor.py:743} INFO - Processing file /home/ubuntu/venv/lib/python3.10/site-packages/airflow/example_dags/example_trigger_target_dag.py for tasks to queue
[2023-07-09T16:58:28.661+0000] {logging_mixin.py:137} INFO - [2023-07-09T16:58:28.661+0000] {dagbag.py:538} INFO - Filling up the DagBag from /home/ubuntu/venv/lib/python3.10/site-packages/airflow/example_dags/example_trigger_target_dag.py
[2023-07-09T16:58:28.699+0000] {processor.py:753} INFO - DAG(s) dict_keys(['example_trigger_target_dag']) retrieved from /home/ubuntu/venv/lib/python3.10/site-packages/airflow/example_dags/example_trigger_target_dag.py
[2023-07-09T16:58:28.770+0000] {logging_mixin.py:137} INFO - [2023-07-09T16:58:28.770+0000] {dag.py:2676} INFO - Sync 1 DAGs
[2023-07-09T16:58:28.817+0000] {logging_mixin.py:137} INFO - [2023-07-09T16:58:28.817+0000] {dag.py:3423} INFO - Setting next_dagrun for example_trigger_target_dag to None, run_after=None
[2023-07-09T16:58:28.870+0000] {processor.py:175} INFO - Processing /home/ubuntu/venv/lib/python3.10/site-packages/airflow/example_dags/example_trigger_target_dag.py took 0.215 seconds
[2023-07-09T16:58:59.106+0000] {processor.py:153} INFO - Started process (PID=7662) to work on /home/ubuntu/venv/lib/python3.10/site-packages/airflow/example_dags/example_trigger_target_dag.py
[2023-07-09T16:58:59.107+0000] {processor.py:743} INFO - Processing file /home/ubuntu/venv/lib/python3.10/site-packages/airflow/example_dags/example_trigger_target_dag.py for tasks to queue
[2023-07-09T16:58:59.107+0000] {logging_mixin.py:137} INFO - [2023-07-09T16:58:59.107+0000] {dagbag.py:538} INFO - Filling up the DagBag from /home/ubuntu/venv/lib/python3.10/site-packages/airflow/example_dags/example_trigger_target_dag.py
[2023-07-09T16:58:59.138+0000] {processor.py:753} INFO - DAG(s) dict_keys(['example_trigger_target_dag']) retrieved from /home/ubuntu/venv/lib/python3.10/site-packages/airflow/example_dags/example_trigger_target_dag.py
[2023-07-09T16:58:59.202+0000] {logging_mixin.py:137} INFO - [2023-07-09T16:58:59.202+0000] {dag.py:2676} INFO - Sync 1 DAGs
[2023-07-09T16:58:59.561+0000] {logging_mixin.py:137} INFO - [2023-07-09T16:58:59.561+0000] {dag.py:3423} INFO - Setting next_dagrun for example_trigger_target_dag to None, run_after=None
[2023-07-09T16:58:59.593+0000] {processor.py:175} INFO - Processing /home/ubuntu/venv/lib/python3.10/site-packages/airflow/example_dags/example_trigger_target_dag.py took 0.492 seconds
[2023-07-09T16:59:29.786+0000] {processor.py:153} INFO - Started process (PID=7899) to work on /home/ubuntu/venv/lib/python3.10/site-packages/airflow/example_dags/example_trigger_target_dag.py
[2023-07-09T16:59:29.788+0000] {processor.py:743} INFO - Processing file /home/ubuntu/venv/lib/python3.10/site-packages/airflow/example_dags/example_trigger_target_dag.py for tasks to queue
[2023-07-09T16:59:29.789+0000] {logging_mixin.py:137} INFO - [2023-07-09T16:59:29.789+0000] {dagbag.py:538} INFO - Filling up the DagBag from /home/ubuntu/venv/lib/python3.10/site-packages/airflow/example_dags/example_trigger_target_dag.py
[2023-07-09T16:59:29.829+0000] {processor.py:753} INFO - DAG(s) dict_keys(['example_trigger_target_dag']) retrieved from /home/ubuntu/venv/lib/python3.10/site-packages/airflow/example_dags/example_trigger_target_dag.py
[2023-07-09T16:59:29.899+0000] {logging_mixin.py:137} INFO - [2023-07-09T16:59:29.899+0000] {dag.py:2676} INFO - Sync 1 DAGs
[2023-07-09T16:59:30.125+0000] {logging_mixin.py:137} INFO - [2023-07-09T16:59:30.125+0000] {dag.py:3423} INFO - Setting next_dagrun for example_trigger_target_dag to None, run_after=None
[2023-07-09T16:59:30.169+0000] {processor.py:175} INFO - Processing /home/ubuntu/venv/lib/python3.10/site-packages/airflow/example_dags/example_trigger_target_dag.py took 0.389 seconds
[2023-07-09T17:00:00.787+0000] {processor.py:153} INFO - Started process (PID=8198) to work on /home/ubuntu/venv/lib/python3.10/site-packages/airflow/example_dags/example_trigger_target_dag.py
[2023-07-09T17:00:00.792+0000] {processor.py:743} INFO - Processing file /home/ubuntu/venv/lib/python3.10/site-packages/airflow/example_dags/example_trigger_target_dag.py for tasks to queue
[2023-07-09T17:00:00.793+0000] {logging_mixin.py:137} INFO - [2023-07-09T17:00:00.793+0000] {dagbag.py:538} INFO - Filling up the DagBag from /home/ubuntu/venv/lib/python3.10/site-packages/airflow/example_dags/example_trigger_target_dag.py
[2023-07-09T17:00:00.881+0000] {processor.py:753} INFO - DAG(s) dict_keys(['example_trigger_target_dag']) retrieved from /home/ubuntu/venv/lib/python3.10/site-packages/airflow/example_dags/example_trigger_target_dag.py
[2023-07-09T17:00:01.526+0000] {logging_mixin.py:137} INFO - [2023-07-09T17:00:01.526+0000] {dag.py:2676} INFO - Sync 1 DAGs
[2023-07-09T17:00:01.660+0000] {logging_mixin.py:137} INFO - [2023-07-09T17:00:01.660+0000] {dag.py:3423} INFO - Setting next_dagrun for example_trigger_target_dag to None, run_after=None
[2023-07-09T17:00:01.771+0000] {processor.py:175} INFO - Processing /home/ubuntu/venv/lib/python3.10/site-packages/airflow/example_dags/example_trigger_target_dag.py took 0.990 seconds
[2023-07-09T17:00:30.066+0000] {processor.py:153} INFO - Started process (PID=8551) to work on /home/ubuntu/venv/lib/python3.10/site-packages/airflow/example_dags/example_trigger_target_dag.py
[2023-07-09T17:00:30.067+0000] {processor.py:743} INFO - Processing file /home/ubuntu/venv/lib/python3.10/site-packages/airflow/example_dags/example_trigger_target_dag.py for tasks to queue
[2023-07-09T17:00:30.068+0000] {logging_mixin.py:137} INFO - [2023-07-09T17:00:30.068+0000] {dagbag.py:538} INFO - Filling up the DagBag from /home/ubuntu/venv/lib/python3.10/site-packages/airflow/example_dags/example_trigger_target_dag.py
[2023-07-09T17:00:30.150+0000] {processor.py:753} INFO - DAG(s) dict_keys(['example_trigger_target_dag']) retrieved from /home/ubuntu/venv/lib/python3.10/site-packages/airflow/example_dags/example_trigger_target_dag.py
[2023-07-09T17:00:30.249+0000] {logging_mixin.py:137} INFO - [2023-07-09T17:00:30.249+0000] {dag.py:2676} INFO - Sync 1 DAGs
[2023-07-09T17:00:30.285+0000] {logging_mixin.py:137} INFO - [2023-07-09T17:00:30.283+0000] {dag.py:3423} INFO - Setting next_dagrun for example_trigger_target_dag to None, run_after=None
[2023-07-09T17:00:30.343+0000] {processor.py:175} INFO - Processing /home/ubuntu/venv/lib/python3.10/site-packages/airflow/example_dags/example_trigger_target_dag.py took 0.281 seconds
[2023-07-09T17:01:01.202+0000] {processor.py:153} INFO - Started process (PID=8827) to work on /home/ubuntu/venv/lib/python3.10/site-packages/airflow/example_dags/example_trigger_target_dag.py
[2023-07-09T17:01:01.207+0000] {processor.py:743} INFO - Processing file /home/ubuntu/venv/lib/python3.10/site-packages/airflow/example_dags/example_trigger_target_dag.py for tasks to queue
[2023-07-09T17:01:01.209+0000] {logging_mixin.py:137} INFO - [2023-07-09T17:01:01.208+0000] {dagbag.py:538} INFO - Filling up the DagBag from /home/ubuntu/venv/lib/python3.10/site-packages/airflow/example_dags/example_trigger_target_dag.py
[2023-07-09T17:01:01.292+0000] {processor.py:753} INFO - DAG(s) dict_keys(['example_trigger_target_dag']) retrieved from /home/ubuntu/venv/lib/python3.10/site-packages/airflow/example_dags/example_trigger_target_dag.py
[2023-07-09T17:01:01.424+0000] {logging_mixin.py:137} INFO - [2023-07-09T17:01:01.423+0000] {dag.py:2676} INFO - Sync 1 DAGs
[2023-07-09T17:01:01.469+0000] {logging_mixin.py:137} INFO - [2023-07-09T17:01:01.468+0000] {dag.py:3423} INFO - Setting next_dagrun for example_trigger_target_dag to None, run_after=None
[2023-07-09T17:01:01.531+0000] {processor.py:175} INFO - Processing /home/ubuntu/venv/lib/python3.10/site-packages/airflow/example_dags/example_trigger_target_dag.py took 0.334 seconds
[2023-07-09T17:01:32.459+0000] {processor.py:153} INFO - Started process (PID=9060) to work on /home/ubuntu/venv/lib/python3.10/site-packages/airflow/example_dags/example_trigger_target_dag.py
[2023-07-09T17:01:32.461+0000] {processor.py:743} INFO - Processing file /home/ubuntu/venv/lib/python3.10/site-packages/airflow/example_dags/example_trigger_target_dag.py for tasks to queue
[2023-07-09T17:01:32.462+0000] {logging_mixin.py:137} INFO - [2023-07-09T17:01:32.462+0000] {dagbag.py:538} INFO - Filling up the DagBag from /home/ubuntu/venv/lib/python3.10/site-packages/airflow/example_dags/example_trigger_target_dag.py
[2023-07-09T17:01:32.497+0000] {processor.py:753} INFO - DAG(s) dict_keys(['example_trigger_target_dag']) retrieved from /home/ubuntu/venv/lib/python3.10/site-packages/airflow/example_dags/example_trigger_target_dag.py
[2023-07-09T17:01:32.569+0000] {logging_mixin.py:137} INFO - [2023-07-09T17:01:32.569+0000] {dag.py:2676} INFO - Sync 1 DAGs
[2023-07-09T17:01:32.604+0000] {logging_mixin.py:137} INFO - [2023-07-09T17:01:32.604+0000] {dag.py:3423} INFO - Setting next_dagrun for example_trigger_target_dag to None, run_after=None
[2023-07-09T17:01:32.628+0000] {processor.py:175} INFO - Processing /home/ubuntu/venv/lib/python3.10/site-packages/airflow/example_dags/example_trigger_target_dag.py took 0.173 seconds
[2023-07-09T17:02:03.210+0000] {processor.py:153} INFO - Started process (PID=9316) to work on /home/ubuntu/venv/lib/python3.10/site-packages/airflow/example_dags/example_trigger_target_dag.py
[2023-07-09T17:02:03.211+0000] {processor.py:743} INFO - Processing file /home/ubuntu/venv/lib/python3.10/site-packages/airflow/example_dags/example_trigger_target_dag.py for tasks to queue
[2023-07-09T17:02:03.212+0000] {logging_mixin.py:137} INFO - [2023-07-09T17:02:03.212+0000] {dagbag.py:538} INFO - Filling up the DagBag from /home/ubuntu/venv/lib/python3.10/site-packages/airflow/example_dags/example_trigger_target_dag.py
[2023-07-09T17:02:03.249+0000] {processor.py:753} INFO - DAG(s) dict_keys(['example_trigger_target_dag']) retrieved from /home/ubuntu/venv/lib/python3.10/site-packages/airflow/example_dags/example_trigger_target_dag.py
[2023-07-09T17:02:03.320+0000] {logging_mixin.py:137} INFO - [2023-07-09T17:02:03.320+0000] {dag.py:2676} INFO - Sync 1 DAGs
[2023-07-09T17:02:03.358+0000] {logging_mixin.py:137} INFO - [2023-07-09T17:02:03.358+0000] {dag.py:3423} INFO - Setting next_dagrun for example_trigger_target_dag to None, run_after=None
[2023-07-09T17:02:03.388+0000] {processor.py:175} INFO - Processing /home/ubuntu/venv/lib/python3.10/site-packages/airflow/example_dags/example_trigger_target_dag.py took 0.183 seconds
[2023-07-09T17:02:34.186+0000] {processor.py:153} INFO - Started process (PID=9551) to work on /home/ubuntu/venv/lib/python3.10/site-packages/airflow/example_dags/example_trigger_target_dag.py
[2023-07-09T17:02:34.188+0000] {processor.py:743} INFO - Processing file /home/ubuntu/venv/lib/python3.10/site-packages/airflow/example_dags/example_trigger_target_dag.py for tasks to queue
[2023-07-09T17:02:34.189+0000] {logging_mixin.py:137} INFO - [2023-07-09T17:02:34.189+0000] {dagbag.py:538} INFO - Filling up the DagBag from /home/ubuntu/venv/lib/python3.10/site-packages/airflow/example_dags/example_trigger_target_dag.py
[2023-07-09T17:02:34.219+0000] {processor.py:753} INFO - DAG(s) dict_keys(['example_trigger_target_dag']) retrieved from /home/ubuntu/venv/lib/python3.10/site-packages/airflow/example_dags/example_trigger_target_dag.py
[2023-07-09T17:02:34.296+0000] {logging_mixin.py:137} INFO - [2023-07-09T17:02:34.296+0000] {dag.py:2676} INFO - Sync 1 DAGs
[2023-07-09T17:02:34.330+0000] {logging_mixin.py:137} INFO - [2023-07-09T17:02:34.330+0000] {dag.py:3423} INFO - Setting next_dagrun for example_trigger_target_dag to None, run_after=None
[2023-07-09T17:02:34.353+0000] {processor.py:175} INFO - Processing /home/ubuntu/venv/lib/python3.10/site-packages/airflow/example_dags/example_trigger_target_dag.py took 0.172 seconds
[2023-07-09T17:03:04.659+0000] {processor.py:153} INFO - Started process (PID=9785) to work on /home/ubuntu/venv/lib/python3.10/site-packages/airflow/example_dags/example_trigger_target_dag.py
[2023-07-09T17:03:04.661+0000] {processor.py:743} INFO - Processing file /home/ubuntu/venv/lib/python3.10/site-packages/airflow/example_dags/example_trigger_target_dag.py for tasks to queue
[2023-07-09T17:03:04.662+0000] {logging_mixin.py:137} INFO - [2023-07-09T17:03:04.662+0000] {dagbag.py:538} INFO - Filling up the DagBag from /home/ubuntu/venv/lib/python3.10/site-packages/airflow/example_dags/example_trigger_target_dag.py
[2023-07-09T17:03:04.694+0000] {processor.py:753} INFO - DAG(s) dict_keys(['example_trigger_target_dag']) retrieved from /home/ubuntu/venv/lib/python3.10/site-packages/airflow/example_dags/example_trigger_target_dag.py
[2023-07-09T17:03:04.765+0000] {logging_mixin.py:137} INFO - [2023-07-09T17:03:04.765+0000] {dag.py:2676} INFO - Sync 1 DAGs
[2023-07-09T17:03:04.797+0000] {logging_mixin.py:137} INFO - [2023-07-09T17:03:04.797+0000] {dag.py:3423} INFO - Setting next_dagrun for example_trigger_target_dag to None, run_after=None
[2023-07-09T17:03:04.823+0000] {processor.py:175} INFO - Processing /home/ubuntu/venv/lib/python3.10/site-packages/airflow/example_dags/example_trigger_target_dag.py took 0.169 seconds
[2023-07-09T17:03:35.623+0000] {processor.py:153} INFO - Started process (PID=10020) to work on /home/ubuntu/venv/lib/python3.10/site-packages/airflow/example_dags/example_trigger_target_dag.py
[2023-07-09T17:03:35.625+0000] {processor.py:743} INFO - Processing file /home/ubuntu/venv/lib/python3.10/site-packages/airflow/example_dags/example_trigger_target_dag.py for tasks to queue
[2023-07-09T17:03:35.625+0000] {logging_mixin.py:137} INFO - [2023-07-09T17:03:35.625+0000] {dagbag.py:538} INFO - Filling up the DagBag from /home/ubuntu/venv/lib/python3.10/site-packages/airflow/example_dags/example_trigger_target_dag.py
[2023-07-09T17:03:35.658+0000] {processor.py:753} INFO - DAG(s) dict_keys(['example_trigger_target_dag']) retrieved from /home/ubuntu/venv/lib/python3.10/site-packages/airflow/example_dags/example_trigger_target_dag.py
[2023-07-09T17:03:35.740+0000] {logging_mixin.py:137} INFO - [2023-07-09T17:03:35.740+0000] {dag.py:2676} INFO - Sync 1 DAGs
[2023-07-09T17:03:35.772+0000] {logging_mixin.py:137} INFO - [2023-07-09T17:03:35.772+0000] {dag.py:3423} INFO - Setting next_dagrun for example_trigger_target_dag to None, run_after=None
[2023-07-09T17:03:35.796+0000] {processor.py:175} INFO - Processing /home/ubuntu/venv/lib/python3.10/site-packages/airflow/example_dags/example_trigger_target_dag.py took 0.178 seconds
[2023-07-09T17:04:06.466+0000] {processor.py:153} INFO - Started process (PID=10256) to work on /home/ubuntu/venv/lib/python3.10/site-packages/airflow/example_dags/example_trigger_target_dag.py
[2023-07-09T17:04:06.467+0000] {processor.py:743} INFO - Processing file /home/ubuntu/venv/lib/python3.10/site-packages/airflow/example_dags/example_trigger_target_dag.py for tasks to queue
[2023-07-09T17:04:06.468+0000] {logging_mixin.py:137} INFO - [2023-07-09T17:04:06.468+0000] {dagbag.py:538} INFO - Filling up the DagBag from /home/ubuntu/venv/lib/python3.10/site-packages/airflow/example_dags/example_trigger_target_dag.py
[2023-07-09T17:04:06.502+0000] {processor.py:753} INFO - DAG(s) dict_keys(['example_trigger_target_dag']) retrieved from /home/ubuntu/venv/lib/python3.10/site-packages/airflow/example_dags/example_trigger_target_dag.py
[2023-07-09T17:04:06.569+0000] {logging_mixin.py:137} INFO - [2023-07-09T17:04:06.568+0000] {dag.py:2676} INFO - Sync 1 DAGs
[2023-07-09T17:04:06.601+0000] {logging_mixin.py:137} INFO - [2023-07-09T17:04:06.601+0000] {dag.py:3423} INFO - Setting next_dagrun for example_trigger_target_dag to None, run_after=None
[2023-07-09T17:04:06.627+0000] {processor.py:175} INFO - Processing /home/ubuntu/venv/lib/python3.10/site-packages/airflow/example_dags/example_trigger_target_dag.py took 0.167 seconds
[2023-07-09T17:04:36.833+0000] {processor.py:153} INFO - Started process (PID=10489) to work on /home/ubuntu/venv/lib/python3.10/site-packages/airflow/example_dags/example_trigger_target_dag.py
[2023-07-09T17:04:36.835+0000] {processor.py:743} INFO - Processing file /home/ubuntu/venv/lib/python3.10/site-packages/airflow/example_dags/example_trigger_target_dag.py for tasks to queue
[2023-07-09T17:04:36.835+0000] {logging_mixin.py:137} INFO - [2023-07-09T17:04:36.835+0000] {dagbag.py:538} INFO - Filling up the DagBag from /home/ubuntu/venv/lib/python3.10/site-packages/airflow/example_dags/example_trigger_target_dag.py
[2023-07-09T17:04:36.871+0000] {processor.py:753} INFO - DAG(s) dict_keys(['example_trigger_target_dag']) retrieved from /home/ubuntu/venv/lib/python3.10/site-packages/airflow/example_dags/example_trigger_target_dag.py
[2023-07-09T17:04:36.951+0000] {logging_mixin.py:137} INFO - [2023-07-09T17:04:36.950+0000] {dag.py:2676} INFO - Sync 1 DAGs
[2023-07-09T17:04:37.205+0000] {logging_mixin.py:137} INFO - [2023-07-09T17:04:37.204+0000] {dag.py:3423} INFO - Setting next_dagrun for example_trigger_target_dag to None, run_after=None
[2023-07-09T17:04:37.234+0000] {processor.py:175} INFO - Processing /home/ubuntu/venv/lib/python3.10/site-packages/airflow/example_dags/example_trigger_target_dag.py took 0.406 seconds
[2023-07-09T17:05:56.848+0000] {processor.py:153} INFO - Started process (PID=10977) to work on /home/ubuntu/venv/lib/python3.10/site-packages/airflow/example_dags/example_trigger_target_dag.py
[2023-07-09T17:05:56.871+0000] {processor.py:743} INFO - Processing file /home/ubuntu/venv/lib/python3.10/site-packages/airflow/example_dags/example_trigger_target_dag.py for tasks to queue
[2023-07-09T17:05:56.872+0000] {logging_mixin.py:137} INFO - [2023-07-09T17:05:56.872+0000] {dagbag.py:538} INFO - Filling up the DagBag from /home/ubuntu/venv/lib/python3.10/site-packages/airflow/example_dags/example_trigger_target_dag.py
[2023-07-09T17:05:57.006+0000] {processor.py:753} INFO - DAG(s) dict_keys(['example_trigger_target_dag']) retrieved from /home/ubuntu/venv/lib/python3.10/site-packages/airflow/example_dags/example_trigger_target_dag.py
[2023-07-09T17:05:57.240+0000] {logging_mixin.py:137} INFO - [2023-07-09T17:05:57.239+0000] {dag.py:2676} INFO - Sync 1 DAGs
[2023-07-09T17:05:57.344+0000] {logging_mixin.py:137} INFO - [2023-07-09T17:05:57.344+0000] {dag.py:3423} INFO - Setting next_dagrun for example_trigger_target_dag to None, run_after=None
[2023-07-09T17:05:57.425+0000] {processor.py:175} INFO - Processing /home/ubuntu/venv/lib/python3.10/site-packages/airflow/example_dags/example_trigger_target_dag.py took 0.607 seconds
[2023-07-09T17:06:28.097+0000] {processor.py:153} INFO - Started process (PID=11322) to work on /home/ubuntu/venv/lib/python3.10/site-packages/airflow/example_dags/example_trigger_target_dag.py
[2023-07-09T17:06:28.099+0000] {processor.py:743} INFO - Processing file /home/ubuntu/venv/lib/python3.10/site-packages/airflow/example_dags/example_trigger_target_dag.py for tasks to queue
[2023-07-09T17:06:28.099+0000] {logging_mixin.py:137} INFO - [2023-07-09T17:06:28.099+0000] {dagbag.py:538} INFO - Filling up the DagBag from /home/ubuntu/venv/lib/python3.10/site-packages/airflow/example_dags/example_trigger_target_dag.py
[2023-07-09T17:06:28.139+0000] {processor.py:753} INFO - DAG(s) dict_keys(['example_trigger_target_dag']) retrieved from /home/ubuntu/venv/lib/python3.10/site-packages/airflow/example_dags/example_trigger_target_dag.py
[2023-07-09T17:06:28.229+0000] {logging_mixin.py:137} INFO - [2023-07-09T17:06:28.229+0000] {dag.py:2676} INFO - Sync 1 DAGs
[2023-07-09T17:06:28.265+0000] {logging_mixin.py:137} INFO - [2023-07-09T17:06:28.265+0000] {dag.py:3423} INFO - Setting next_dagrun for example_trigger_target_dag to None, run_after=None
[2023-07-09T17:06:28.287+0000] {processor.py:175} INFO - Processing /home/ubuntu/venv/lib/python3.10/site-packages/airflow/example_dags/example_trigger_target_dag.py took 0.195 seconds
[2023-07-09T17:07:25.642+0000] {processor.py:153} INFO - Started process (PID=11782) to work on /home/ubuntu/venv/lib/python3.10/site-packages/airflow/example_dags/example_trigger_target_dag.py
[2023-07-09T17:07:25.652+0000] {processor.py:743} INFO - Processing file /home/ubuntu/venv/lib/python3.10/site-packages/airflow/example_dags/example_trigger_target_dag.py for tasks to queue
[2023-07-09T17:07:25.652+0000] {logging_mixin.py:137} INFO - [2023-07-09T17:07:25.652+0000] {dagbag.py:538} INFO - Filling up the DagBag from /home/ubuntu/venv/lib/python3.10/site-packages/airflow/example_dags/example_trigger_target_dag.py
[2023-07-09T17:07:25.687+0000] {processor.py:753} INFO - DAG(s) dict_keys(['example_trigger_target_dag']) retrieved from /home/ubuntu/venv/lib/python3.10/site-packages/airflow/example_dags/example_trigger_target_dag.py
[2023-07-09T17:07:25.788+0000] {logging_mixin.py:137} INFO - [2023-07-09T17:07:25.787+0000] {dag.py:2676} INFO - Sync 1 DAGs
[2023-07-09T17:07:25.854+0000] {logging_mixin.py:137} INFO - [2023-07-09T17:07:25.854+0000] {dag.py:3423} INFO - Setting next_dagrun for example_trigger_target_dag to None, run_after=None
[2023-07-09T17:07:25.923+0000] {processor.py:175} INFO - Processing /home/ubuntu/venv/lib/python3.10/site-packages/airflow/example_dags/example_trigger_target_dag.py took 0.286 seconds
[2023-07-09T17:07:56.183+0000] {processor.py:153} INFO - Started process (PID=12055) to work on /home/ubuntu/venv/lib/python3.10/site-packages/airflow/example_dags/example_trigger_target_dag.py
[2023-07-09T17:07:56.184+0000] {processor.py:743} INFO - Processing file /home/ubuntu/venv/lib/python3.10/site-packages/airflow/example_dags/example_trigger_target_dag.py for tasks to queue
[2023-07-09T17:07:56.185+0000] {logging_mixin.py:137} INFO - [2023-07-09T17:07:56.185+0000] {dagbag.py:538} INFO - Filling up the DagBag from /home/ubuntu/venv/lib/python3.10/site-packages/airflow/example_dags/example_trigger_target_dag.py
[2023-07-09T17:07:56.224+0000] {processor.py:753} INFO - DAG(s) dict_keys(['example_trigger_target_dag']) retrieved from /home/ubuntu/venv/lib/python3.10/site-packages/airflow/example_dags/example_trigger_target_dag.py
[2023-07-09T17:07:56.293+0000] {logging_mixin.py:137} INFO - [2023-07-09T17:07:56.293+0000] {dag.py:2676} INFO - Sync 1 DAGs
[2023-07-09T17:07:56.327+0000] {logging_mixin.py:137} INFO - [2023-07-09T17:07:56.327+0000] {dag.py:3423} INFO - Setting next_dagrun for example_trigger_target_dag to None, run_after=None
[2023-07-09T17:07:56.355+0000] {processor.py:175} INFO - Processing /home/ubuntu/venv/lib/python3.10/site-packages/airflow/example_dags/example_trigger_target_dag.py took 0.176 seconds
[2023-07-09T17:08:27.209+0000] {processor.py:153} INFO - Started process (PID=12290) to work on /home/ubuntu/venv/lib/python3.10/site-packages/airflow/example_dags/example_trigger_target_dag.py
[2023-07-09T17:08:27.210+0000] {processor.py:743} INFO - Processing file /home/ubuntu/venv/lib/python3.10/site-packages/airflow/example_dags/example_trigger_target_dag.py for tasks to queue
[2023-07-09T17:08:27.210+0000] {logging_mixin.py:137} INFO - [2023-07-09T17:08:27.210+0000] {dagbag.py:538} INFO - Filling up the DagBag from /home/ubuntu/venv/lib/python3.10/site-packages/airflow/example_dags/example_trigger_target_dag.py
[2023-07-09T17:08:27.247+0000] {processor.py:753} INFO - DAG(s) dict_keys(['example_trigger_target_dag']) retrieved from /home/ubuntu/venv/lib/python3.10/site-packages/airflow/example_dags/example_trigger_target_dag.py
[2023-07-09T17:08:27.313+0000] {logging_mixin.py:137} INFO - [2023-07-09T17:08:27.313+0000] {dag.py:2676} INFO - Sync 1 DAGs
[2023-07-09T17:08:27.346+0000] {logging_mixin.py:137} INFO - [2023-07-09T17:08:27.346+0000] {dag.py:3423} INFO - Setting next_dagrun for example_trigger_target_dag to None, run_after=None
[2023-07-09T17:08:27.372+0000] {processor.py:175} INFO - Processing /home/ubuntu/venv/lib/python3.10/site-packages/airflow/example_dags/example_trigger_target_dag.py took 0.168 seconds
[2023-07-09T17:09:05.514+0000] {processor.py:153} INFO - Started process (PID=12748) to work on /home/ubuntu/venv/lib/python3.10/site-packages/airflow/example_dags/example_trigger_target_dag.py
[2023-07-09T17:09:05.516+0000] {processor.py:743} INFO - Processing file /home/ubuntu/venv/lib/python3.10/site-packages/airflow/example_dags/example_trigger_target_dag.py for tasks to queue
[2023-07-09T17:09:05.517+0000] {logging_mixin.py:137} INFO - [2023-07-09T17:09:05.517+0000] {dagbag.py:538} INFO - Filling up the DagBag from /home/ubuntu/venv/lib/python3.10/site-packages/airflow/example_dags/example_trigger_target_dag.py
[2023-07-09T17:09:05.551+0000] {processor.py:753} INFO - DAG(s) dict_keys(['example_trigger_target_dag']) retrieved from /home/ubuntu/venv/lib/python3.10/site-packages/airflow/example_dags/example_trigger_target_dag.py
[2023-07-09T17:09:05.630+0000] {logging_mixin.py:137} INFO - [2023-07-09T17:09:05.629+0000] {dag.py:2676} INFO - Sync 1 DAGs
[2023-07-09T17:09:05.664+0000] {logging_mixin.py:137} INFO - [2023-07-09T17:09:05.664+0000] {dag.py:3423} INFO - Setting next_dagrun for example_trigger_target_dag to None, run_after=None
[2023-07-09T17:09:05.692+0000] {processor.py:175} INFO - Processing /home/ubuntu/venv/lib/python3.10/site-packages/airflow/example_dags/example_trigger_target_dag.py took 0.183 seconds
[2023-07-09T17:09:35.957+0000] {processor.py:153} INFO - Started process (PID=13022) to work on /home/ubuntu/venv/lib/python3.10/site-packages/airflow/example_dags/example_trigger_target_dag.py
[2023-07-09T17:09:35.959+0000] {processor.py:743} INFO - Processing file /home/ubuntu/venv/lib/python3.10/site-packages/airflow/example_dags/example_trigger_target_dag.py for tasks to queue
[2023-07-09T17:09:35.959+0000] {logging_mixin.py:137} INFO - [2023-07-09T17:09:35.959+0000] {dagbag.py:538} INFO - Filling up the DagBag from /home/ubuntu/venv/lib/python3.10/site-packages/airflow/example_dags/example_trigger_target_dag.py
[2023-07-09T17:09:35.993+0000] {processor.py:753} INFO - DAG(s) dict_keys(['example_trigger_target_dag']) retrieved from /home/ubuntu/venv/lib/python3.10/site-packages/airflow/example_dags/example_trigger_target_dag.py
[2023-07-09T17:09:36.101+0000] {logging_mixin.py:137} INFO - [2023-07-09T17:09:36.101+0000] {dag.py:2676} INFO - Sync 1 DAGs
[2023-07-09T17:09:36.137+0000] {logging_mixin.py:137} INFO - [2023-07-09T17:09:36.137+0000] {dag.py:3423} INFO - Setting next_dagrun for example_trigger_target_dag to None, run_after=None
[2023-07-09T17:09:36.173+0000] {processor.py:175} INFO - Processing /home/ubuntu/venv/lib/python3.10/site-packages/airflow/example_dags/example_trigger_target_dag.py took 0.221 seconds
[2023-07-09T17:10:06.315+0000] {processor.py:153} INFO - Started process (PID=13257) to work on /home/ubuntu/venv/lib/python3.10/site-packages/airflow/example_dags/example_trigger_target_dag.py
[2023-07-09T17:10:06.316+0000] {processor.py:743} INFO - Processing file /home/ubuntu/venv/lib/python3.10/site-packages/airflow/example_dags/example_trigger_target_dag.py for tasks to queue
[2023-07-09T17:10:06.317+0000] {logging_mixin.py:137} INFO - [2023-07-09T17:10:06.317+0000] {dagbag.py:538} INFO - Filling up the DagBag from /home/ubuntu/venv/lib/python3.10/site-packages/airflow/example_dags/example_trigger_target_dag.py
[2023-07-09T17:10:06.357+0000] {processor.py:753} INFO - DAG(s) dict_keys(['example_trigger_target_dag']) retrieved from /home/ubuntu/venv/lib/python3.10/site-packages/airflow/example_dags/example_trigger_target_dag.py
[2023-07-09T17:10:06.460+0000] {logging_mixin.py:137} INFO - [2023-07-09T17:10:06.460+0000] {dag.py:2676} INFO - Sync 1 DAGs
[2023-07-09T17:10:06.517+0000] {logging_mixin.py:137} INFO - [2023-07-09T17:10:06.511+0000] {dag.py:3423} INFO - Setting next_dagrun for example_trigger_target_dag to None, run_after=None
[2023-07-09T17:10:06.553+0000] {processor.py:175} INFO - Processing /home/ubuntu/venv/lib/python3.10/site-packages/airflow/example_dags/example_trigger_target_dag.py took 0.244 seconds
