[2023-07-09T15:46:35.587+0000] {processor.py:153} INFO - Started process (PID=1420) to work on /home/ubuntu/venv/lib/python3.10/site-packages/airflow/example_dags/example_dag_decorator.py
[2023-07-09T15:46:35.588+0000] {processor.py:743} INFO - Processing file /home/ubuntu/venv/lib/python3.10/site-packages/airflow/example_dags/example_dag_decorator.py for tasks to queue
[2023-07-09T15:46:35.589+0000] {logging_mixin.py:137} INFO - [2023-07-09T15:46:35.588+0000] {dagbag.py:538} INFO - Filling up the DagBag from /home/ubuntu/venv/lib/python3.10/site-packages/airflow/example_dags/example_dag_decorator.py
[2023-07-09T15:46:35.615+0000] {logging_mixin.py:137} INFO - [2023-07-09T15:46:35.615+0000] {taskmixin.py:205} WARNING - Dependency <Task(_PythonDecoratedOperator): prepare_email>, send_email already registered for DAG: example_dag_decorator
[2023-07-09T15:46:35.616+0000] {logging_mixin.py:137} INFO - [2023-07-09T15:46:35.616+0000] {taskmixin.py:205} WARNING - Dependency <Task(EmailOperator): send_email>, prepare_email already registered for DAG: example_dag_decorator
[2023-07-09T15:46:35.636+0000] {processor.py:753} INFO - DAG(s) dict_keys(['example_dag_decorator']) retrieved from /home/ubuntu/venv/lib/python3.10/site-packages/airflow/example_dags/example_dag_decorator.py
[2023-07-09T15:46:35.803+0000] {logging_mixin.py:137} INFO - [2023-07-09T15:46:35.802+0000] {dag.py:2676} INFO - Sync 1 DAGs
[2023-07-09T15:46:35.840+0000] {logging_mixin.py:137} INFO - [2023-07-09T15:46:35.840+0000] {dag.py:3423} INFO - Setting next_dagrun for example_dag_decorator to None, run_after=None
[2023-07-09T15:46:35.870+0000] {processor.py:175} INFO - Processing /home/ubuntu/venv/lib/python3.10/site-packages/airflow/example_dags/example_dag_decorator.py took 0.288 seconds
[2023-07-09T15:47:06.036+0000] {processor.py:153} INFO - Started process (PID=1660) to work on /home/ubuntu/venv/lib/python3.10/site-packages/airflow/example_dags/example_dag_decorator.py
[2023-07-09T15:47:06.037+0000] {processor.py:743} INFO - Processing file /home/ubuntu/venv/lib/python3.10/site-packages/airflow/example_dags/example_dag_decorator.py for tasks to queue
[2023-07-09T15:47:06.038+0000] {logging_mixin.py:137} INFO - [2023-07-09T15:47:06.037+0000] {dagbag.py:538} INFO - Filling up the DagBag from /home/ubuntu/venv/lib/python3.10/site-packages/airflow/example_dags/example_dag_decorator.py
[2023-07-09T15:47:06.069+0000] {logging_mixin.py:137} INFO - [2023-07-09T15:47:06.069+0000] {taskmixin.py:205} WARNING - Dependency <Task(_PythonDecoratedOperator): prepare_email>, send_email already registered for DAG: example_dag_decorator
[2023-07-09T15:47:06.069+0000] {logging_mixin.py:137} INFO - [2023-07-09T15:47:06.069+0000] {taskmixin.py:205} WARNING - Dependency <Task(EmailOperator): send_email>, prepare_email already registered for DAG: example_dag_decorator
[2023-07-09T15:47:06.093+0000] {processor.py:753} INFO - DAG(s) dict_keys(['example_dag_decorator']) retrieved from /home/ubuntu/venv/lib/python3.10/site-packages/airflow/example_dags/example_dag_decorator.py
[2023-07-09T15:47:06.222+0000] {logging_mixin.py:137} INFO - [2023-07-09T15:47:06.222+0000] {dag.py:2676} INFO - Sync 1 DAGs
[2023-07-09T15:47:06.257+0000] {logging_mixin.py:137} INFO - [2023-07-09T15:47:06.257+0000] {dag.py:3423} INFO - Setting next_dagrun for example_dag_decorator to None, run_after=None
[2023-07-09T15:47:06.310+0000] {processor.py:175} INFO - Processing /home/ubuntu/venv/lib/python3.10/site-packages/airflow/example_dags/example_dag_decorator.py took 0.280 seconds
[2023-07-09T15:49:53.924+0000] {processor.py:153} INFO - Started process (PID=2239) to work on /home/ubuntu/venv/lib/python3.10/site-packages/airflow/example_dags/example_dag_decorator.py
[2023-07-09T15:49:53.926+0000] {processor.py:743} INFO - Processing file /home/ubuntu/venv/lib/python3.10/site-packages/airflow/example_dags/example_dag_decorator.py for tasks to queue
[2023-07-09T15:49:53.926+0000] {logging_mixin.py:137} INFO - [2023-07-09T15:49:53.926+0000] {dagbag.py:538} INFO - Filling up the DagBag from /home/ubuntu/venv/lib/python3.10/site-packages/airflow/example_dags/example_dag_decorator.py
[2023-07-09T15:49:53.951+0000] {logging_mixin.py:137} INFO - [2023-07-09T15:49:53.950+0000] {taskmixin.py:205} WARNING - Dependency <Task(_PythonDecoratedOperator): prepare_email>, send_email already registered for DAG: example_dag_decorator
[2023-07-09T15:49:53.951+0000] {logging_mixin.py:137} INFO - [2023-07-09T15:49:53.951+0000] {taskmixin.py:205} WARNING - Dependency <Task(EmailOperator): send_email>, prepare_email already registered for DAG: example_dag_decorator
[2023-07-09T15:49:53.966+0000] {processor.py:753} INFO - DAG(s) dict_keys(['example_dag_decorator']) retrieved from /home/ubuntu/venv/lib/python3.10/site-packages/airflow/example_dags/example_dag_decorator.py
[2023-07-09T15:49:54.074+0000] {logging_mixin.py:137} INFO - [2023-07-09T15:49:54.074+0000] {dag.py:2676} INFO - Sync 1 DAGs
[2023-07-09T15:49:54.102+0000] {logging_mixin.py:137} INFO - [2023-07-09T15:49:54.102+0000] {dag.py:3423} INFO - Setting next_dagrun for example_dag_decorator to None, run_after=None
[2023-07-09T15:49:54.127+0000] {processor.py:175} INFO - Processing /home/ubuntu/venv/lib/python3.10/site-packages/airflow/example_dags/example_dag_decorator.py took 0.206 seconds
[2023-07-09T15:50:25.190+0000] {processor.py:153} INFO - Started process (PID=2475) to work on /home/ubuntu/venv/lib/python3.10/site-packages/airflow/example_dags/example_dag_decorator.py
[2023-07-09T15:50:25.191+0000] {processor.py:743} INFO - Processing file /home/ubuntu/venv/lib/python3.10/site-packages/airflow/example_dags/example_dag_decorator.py for tasks to queue
[2023-07-09T15:50:25.192+0000] {logging_mixin.py:137} INFO - [2023-07-09T15:50:25.191+0000] {dagbag.py:538} INFO - Filling up the DagBag from /home/ubuntu/venv/lib/python3.10/site-packages/airflow/example_dags/example_dag_decorator.py
[2023-07-09T15:50:25.217+0000] {logging_mixin.py:137} INFO - [2023-07-09T15:50:25.217+0000] {taskmixin.py:205} WARNING - Dependency <Task(_PythonDecoratedOperator): prepare_email>, send_email already registered for DAG: example_dag_decorator
[2023-07-09T15:50:25.217+0000] {logging_mixin.py:137} INFO - [2023-07-09T15:50:25.217+0000] {taskmixin.py:205} WARNING - Dependency <Task(EmailOperator): send_email>, prepare_email already registered for DAG: example_dag_decorator
[2023-07-09T15:50:25.234+0000] {processor.py:753} INFO - DAG(s) dict_keys(['example_dag_decorator']) retrieved from /home/ubuntu/venv/lib/python3.10/site-packages/airflow/example_dags/example_dag_decorator.py
[2023-07-09T15:50:25.341+0000] {logging_mixin.py:137} INFO - [2023-07-09T15:50:25.341+0000] {dag.py:2676} INFO - Sync 1 DAGs
[2023-07-09T15:50:25.370+0000] {logging_mixin.py:137} INFO - [2023-07-09T15:50:25.370+0000] {dag.py:3423} INFO - Setting next_dagrun for example_dag_decorator to None, run_after=None
[2023-07-09T15:50:25.393+0000] {processor.py:175} INFO - Processing /home/ubuntu/venv/lib/python3.10/site-packages/airflow/example_dags/example_dag_decorator.py took 0.208 seconds
[2023-07-09T16:47:19.062+0000] {processor.py:153} INFO - Started process (PID=3559) to work on /home/ubuntu/venv/lib/python3.10/site-packages/airflow/example_dags/example_dag_decorator.py
[2023-07-09T16:47:19.069+0000] {processor.py:743} INFO - Processing file /home/ubuntu/venv/lib/python3.10/site-packages/airflow/example_dags/example_dag_decorator.py for tasks to queue
[2023-07-09T16:47:19.070+0000] {logging_mixin.py:137} INFO - [2023-07-09T16:47:19.070+0000] {dagbag.py:538} INFO - Filling up the DagBag from /home/ubuntu/venv/lib/python3.10/site-packages/airflow/example_dags/example_dag_decorator.py
[2023-07-09T16:47:19.156+0000] {logging_mixin.py:137} INFO - [2023-07-09T16:47:19.156+0000] {taskmixin.py:205} WARNING - Dependency <Task(_PythonDecoratedOperator): prepare_email>, send_email already registered for DAG: example_dag_decorator
[2023-07-09T16:47:19.157+0000] {logging_mixin.py:137} INFO - [2023-07-09T16:47:19.157+0000] {taskmixin.py:205} WARNING - Dependency <Task(EmailOperator): send_email>, prepare_email already registered for DAG: example_dag_decorator
[2023-07-09T16:47:19.216+0000] {processor.py:753} INFO - DAG(s) dict_keys(['example_dag_decorator']) retrieved from /home/ubuntu/venv/lib/python3.10/site-packages/airflow/example_dags/example_dag_decorator.py
[2023-07-09T16:47:19.538+0000] {logging_mixin.py:137} INFO - [2023-07-09T16:47:19.538+0000] {dag.py:2676} INFO - Sync 1 DAGs
[2023-07-09T16:47:19.604+0000] {logging_mixin.py:137} INFO - [2023-07-09T16:47:19.604+0000] {dag.py:3423} INFO - Setting next_dagrun for example_dag_decorator to None, run_after=None
[2023-07-09T16:47:19.685+0000] {processor.py:175} INFO - Processing /home/ubuntu/venv/lib/python3.10/site-packages/airflow/example_dags/example_dag_decorator.py took 0.644 seconds
[2023-07-09T16:47:49.913+0000] {processor.py:153} INFO - Started process (PID=3905) to work on /home/ubuntu/venv/lib/python3.10/site-packages/airflow/example_dags/example_dag_decorator.py
[2023-07-09T16:47:49.914+0000] {processor.py:743} INFO - Processing file /home/ubuntu/venv/lib/python3.10/site-packages/airflow/example_dags/example_dag_decorator.py for tasks to queue
[2023-07-09T16:47:49.915+0000] {logging_mixin.py:137} INFO - [2023-07-09T16:47:49.915+0000] {dagbag.py:538} INFO - Filling up the DagBag from /home/ubuntu/venv/lib/python3.10/site-packages/airflow/example_dags/example_dag_decorator.py
[2023-07-09T16:47:49.945+0000] {logging_mixin.py:137} INFO - [2023-07-09T16:47:49.945+0000] {taskmixin.py:205} WARNING - Dependency <Task(_PythonDecoratedOperator): prepare_email>, send_email already registered for DAG: example_dag_decorator
[2023-07-09T16:47:49.945+0000] {logging_mixin.py:137} INFO - [2023-07-09T16:47:49.945+0000] {taskmixin.py:205} WARNING - Dependency <Task(EmailOperator): send_email>, prepare_email already registered for DAG: example_dag_decorator
[2023-07-09T16:47:49.971+0000] {processor.py:753} INFO - DAG(s) dict_keys(['example_dag_decorator']) retrieved from /home/ubuntu/venv/lib/python3.10/site-packages/airflow/example_dags/example_dag_decorator.py
[2023-07-09T16:47:50.107+0000] {logging_mixin.py:137} INFO - [2023-07-09T16:47:50.107+0000] {dag.py:2676} INFO - Sync 1 DAGs
[2023-07-09T16:47:50.140+0000] {logging_mixin.py:137} INFO - [2023-07-09T16:47:50.140+0000] {dag.py:3423} INFO - Setting next_dagrun for example_dag_decorator to None, run_after=None
[2023-07-09T16:47:50.166+0000] {processor.py:175} INFO - Processing /home/ubuntu/venv/lib/python3.10/site-packages/airflow/example_dags/example_dag_decorator.py took 0.257 seconds
[2023-07-09T16:48:20.731+0000] {processor.py:153} INFO - Started process (PID=4140) to work on /home/ubuntu/venv/lib/python3.10/site-packages/airflow/example_dags/example_dag_decorator.py
[2023-07-09T16:48:20.732+0000] {processor.py:743} INFO - Processing file /home/ubuntu/venv/lib/python3.10/site-packages/airflow/example_dags/example_dag_decorator.py for tasks to queue
[2023-07-09T16:48:20.733+0000] {logging_mixin.py:137} INFO - [2023-07-09T16:48:20.733+0000] {dagbag.py:538} INFO - Filling up the DagBag from /home/ubuntu/venv/lib/python3.10/site-packages/airflow/example_dags/example_dag_decorator.py
[2023-07-09T16:48:20.763+0000] {logging_mixin.py:137} INFO - [2023-07-09T16:48:20.762+0000] {taskmixin.py:205} WARNING - Dependency <Task(_PythonDecoratedOperator): prepare_email>, send_email already registered for DAG: example_dag_decorator
[2023-07-09T16:48:20.763+0000] {logging_mixin.py:137} INFO - [2023-07-09T16:48:20.763+0000] {taskmixin.py:205} WARNING - Dependency <Task(EmailOperator): send_email>, prepare_email already registered for DAG: example_dag_decorator
[2023-07-09T16:48:20.782+0000] {processor.py:753} INFO - DAG(s) dict_keys(['example_dag_decorator']) retrieved from /home/ubuntu/venv/lib/python3.10/site-packages/airflow/example_dags/example_dag_decorator.py
[2023-07-09T16:48:20.902+0000] {logging_mixin.py:137} INFO - [2023-07-09T16:48:20.902+0000] {dag.py:2676} INFO - Sync 1 DAGs
[2023-07-09T16:48:20.935+0000] {logging_mixin.py:137} INFO - [2023-07-09T16:48:20.935+0000] {dag.py:3423} INFO - Setting next_dagrun for example_dag_decorator to None, run_after=None
[2023-07-09T16:48:20.964+0000] {processor.py:175} INFO - Processing /home/ubuntu/venv/lib/python3.10/site-packages/airflow/example_dags/example_dag_decorator.py took 0.237 seconds
[2023-07-09T16:48:51.761+0000] {processor.py:153} INFO - Started process (PID=4376) to work on /home/ubuntu/venv/lib/python3.10/site-packages/airflow/example_dags/example_dag_decorator.py
[2023-07-09T16:48:51.763+0000] {processor.py:743} INFO - Processing file /home/ubuntu/venv/lib/python3.10/site-packages/airflow/example_dags/example_dag_decorator.py for tasks to queue
[2023-07-09T16:48:51.763+0000] {logging_mixin.py:137} INFO - [2023-07-09T16:48:51.763+0000] {dagbag.py:538} INFO - Filling up the DagBag from /home/ubuntu/venv/lib/python3.10/site-packages/airflow/example_dags/example_dag_decorator.py
[2023-07-09T16:48:51.789+0000] {logging_mixin.py:137} INFO - [2023-07-09T16:48:51.789+0000] {taskmixin.py:205} WARNING - Dependency <Task(_PythonDecoratedOperator): prepare_email>, send_email already registered for DAG: example_dag_decorator
[2023-07-09T16:48:51.790+0000] {logging_mixin.py:137} INFO - [2023-07-09T16:48:51.790+0000] {taskmixin.py:205} WARNING - Dependency <Task(EmailOperator): send_email>, prepare_email already registered for DAG: example_dag_decorator
[2023-07-09T16:48:51.807+0000] {processor.py:753} INFO - DAG(s) dict_keys(['example_dag_decorator']) retrieved from /home/ubuntu/venv/lib/python3.10/site-packages/airflow/example_dags/example_dag_decorator.py
[2023-07-09T16:48:51.958+0000] {logging_mixin.py:137} INFO - [2023-07-09T16:48:51.958+0000] {dag.py:2676} INFO - Sync 1 DAGs
[2023-07-09T16:48:51.990+0000] {logging_mixin.py:137} INFO - [2023-07-09T16:48:51.990+0000] {dag.py:3423} INFO - Setting next_dagrun for example_dag_decorator to None, run_after=None
[2023-07-09T16:48:52.017+0000] {processor.py:175} INFO - Processing /home/ubuntu/venv/lib/python3.10/site-packages/airflow/example_dags/example_dag_decorator.py took 0.262 seconds
[2023-07-09T16:49:22.431+0000] {processor.py:153} INFO - Started process (PID=4611) to work on /home/ubuntu/venv/lib/python3.10/site-packages/airflow/example_dags/example_dag_decorator.py
[2023-07-09T16:49:22.433+0000] {processor.py:743} INFO - Processing file /home/ubuntu/venv/lib/python3.10/site-packages/airflow/example_dags/example_dag_decorator.py for tasks to queue
[2023-07-09T16:49:22.434+0000] {logging_mixin.py:137} INFO - [2023-07-09T16:49:22.434+0000] {dagbag.py:538} INFO - Filling up the DagBag from /home/ubuntu/venv/lib/python3.10/site-packages/airflow/example_dags/example_dag_decorator.py
[2023-07-09T16:49:22.462+0000] {logging_mixin.py:137} INFO - [2023-07-09T16:49:22.462+0000] {taskmixin.py:205} WARNING - Dependency <Task(_PythonDecoratedOperator): prepare_email>, send_email already registered for DAG: example_dag_decorator
[2023-07-09T16:49:22.463+0000] {logging_mixin.py:137} INFO - [2023-07-09T16:49:22.462+0000] {taskmixin.py:205} WARNING - Dependency <Task(EmailOperator): send_email>, prepare_email already registered for DAG: example_dag_decorator
[2023-07-09T16:49:22.478+0000] {processor.py:753} INFO - DAG(s) dict_keys(['example_dag_decorator']) retrieved from /home/ubuntu/venv/lib/python3.10/site-packages/airflow/example_dags/example_dag_decorator.py
[2023-07-09T16:49:22.602+0000] {logging_mixin.py:137} INFO - [2023-07-09T16:49:22.602+0000] {dag.py:2676} INFO - Sync 1 DAGs
[2023-07-09T16:49:22.630+0000] {logging_mixin.py:137} INFO - [2023-07-09T16:49:22.630+0000] {dag.py:3423} INFO - Setting next_dagrun for example_dag_decorator to None, run_after=None
[2023-07-09T16:49:22.665+0000] {processor.py:175} INFO - Processing /home/ubuntu/venv/lib/python3.10/site-packages/airflow/example_dags/example_dag_decorator.py took 0.238 seconds
[2023-07-09T16:49:52.810+0000] {processor.py:153} INFO - Started process (PID=4850) to work on /home/ubuntu/venv/lib/python3.10/site-packages/airflow/example_dags/example_dag_decorator.py
[2023-07-09T16:49:52.811+0000] {processor.py:743} INFO - Processing file /home/ubuntu/venv/lib/python3.10/site-packages/airflow/example_dags/example_dag_decorator.py for tasks to queue
[2023-07-09T16:49:52.812+0000] {logging_mixin.py:137} INFO - [2023-07-09T16:49:52.812+0000] {dagbag.py:538} INFO - Filling up the DagBag from /home/ubuntu/venv/lib/python3.10/site-packages/airflow/example_dags/example_dag_decorator.py
[2023-07-09T16:49:52.845+0000] {logging_mixin.py:137} INFO - [2023-07-09T16:49:52.845+0000] {taskmixin.py:205} WARNING - Dependency <Task(_PythonDecoratedOperator): prepare_email>, send_email already registered for DAG: example_dag_decorator
[2023-07-09T16:49:52.846+0000] {logging_mixin.py:137} INFO - [2023-07-09T16:49:52.846+0000] {taskmixin.py:205} WARNING - Dependency <Task(EmailOperator): send_email>, prepare_email already registered for DAG: example_dag_decorator
[2023-07-09T16:49:52.866+0000] {processor.py:753} INFO - DAG(s) dict_keys(['example_dag_decorator']) retrieved from /home/ubuntu/venv/lib/python3.10/site-packages/airflow/example_dags/example_dag_decorator.py
[2023-07-09T16:49:53.032+0000] {logging_mixin.py:137} INFO - [2023-07-09T16:49:53.031+0000] {dag.py:2676} INFO - Sync 1 DAGs
[2023-07-09T16:49:53.078+0000] {logging_mixin.py:137} INFO - [2023-07-09T16:49:53.078+0000] {dag.py:3423} INFO - Setting next_dagrun for example_dag_decorator to None, run_after=None
[2023-07-09T16:49:53.318+0000] {processor.py:175} INFO - Processing /home/ubuntu/venv/lib/python3.10/site-packages/airflow/example_dags/example_dag_decorator.py took 0.512 seconds
[2023-07-09T16:50:23.626+0000] {processor.py:153} INFO - Started process (PID=5082) to work on /home/ubuntu/venv/lib/python3.10/site-packages/airflow/example_dags/example_dag_decorator.py
[2023-07-09T16:50:23.629+0000] {processor.py:743} INFO - Processing file /home/ubuntu/venv/lib/python3.10/site-packages/airflow/example_dags/example_dag_decorator.py for tasks to queue
[2023-07-09T16:50:23.638+0000] {logging_mixin.py:137} INFO - [2023-07-09T16:50:23.638+0000] {dagbag.py:538} INFO - Filling up the DagBag from /home/ubuntu/venv/lib/python3.10/site-packages/airflow/example_dags/example_dag_decorator.py
[2023-07-09T16:50:23.697+0000] {logging_mixin.py:137} INFO - [2023-07-09T16:50:23.697+0000] {taskmixin.py:205} WARNING - Dependency <Task(_PythonDecoratedOperator): prepare_email>, send_email already registered for DAG: example_dag_decorator
[2023-07-09T16:50:23.698+0000] {logging_mixin.py:137} INFO - [2023-07-09T16:50:23.698+0000] {taskmixin.py:205} WARNING - Dependency <Task(EmailOperator): send_email>, prepare_email already registered for DAG: example_dag_decorator
[2023-07-09T16:50:23.715+0000] {processor.py:753} INFO - DAG(s) dict_keys(['example_dag_decorator']) retrieved from /home/ubuntu/venv/lib/python3.10/site-packages/airflow/example_dags/example_dag_decorator.py
[2023-07-09T16:50:23.861+0000] {logging_mixin.py:137} INFO - [2023-07-09T16:50:23.861+0000] {dag.py:2676} INFO - Sync 1 DAGs
[2023-07-09T16:50:24.101+0000] {logging_mixin.py:137} INFO - [2023-07-09T16:50:24.101+0000] {dag.py:3423} INFO - Setting next_dagrun for example_dag_decorator to None, run_after=None
[2023-07-09T16:50:24.130+0000] {processor.py:175} INFO - Processing /home/ubuntu/venv/lib/python3.10/site-packages/airflow/example_dags/example_dag_decorator.py took 0.513 seconds
[2023-07-09T16:50:54.604+0000] {processor.py:153} INFO - Started process (PID=5382) to work on /home/ubuntu/venv/lib/python3.10/site-packages/airflow/example_dags/example_dag_decorator.py
[2023-07-09T16:50:54.606+0000] {processor.py:743} INFO - Processing file /home/ubuntu/venv/lib/python3.10/site-packages/airflow/example_dags/example_dag_decorator.py for tasks to queue
[2023-07-09T16:50:54.606+0000] {logging_mixin.py:137} INFO - [2023-07-09T16:50:54.606+0000] {dagbag.py:538} INFO - Filling up the DagBag from /home/ubuntu/venv/lib/python3.10/site-packages/airflow/example_dags/example_dag_decorator.py
[2023-07-09T16:50:54.634+0000] {logging_mixin.py:137} INFO - [2023-07-09T16:50:54.633+0000] {taskmixin.py:205} WARNING - Dependency <Task(_PythonDecoratedOperator): prepare_email>, send_email already registered for DAG: example_dag_decorator
[2023-07-09T16:50:54.634+0000] {logging_mixin.py:137} INFO - [2023-07-09T16:50:54.634+0000] {taskmixin.py:205} WARNING - Dependency <Task(EmailOperator): send_email>, prepare_email already registered for DAG: example_dag_decorator
[2023-07-09T16:50:54.651+0000] {processor.py:753} INFO - DAG(s) dict_keys(['example_dag_decorator']) retrieved from /home/ubuntu/venv/lib/python3.10/site-packages/airflow/example_dags/example_dag_decorator.py
[2023-07-09T16:50:55.083+0000] {logging_mixin.py:137} INFO - [2023-07-09T16:50:55.083+0000] {process_utils.py:256} INFO - Waiting up to 5 seconds for processes to exit...
[2023-07-09T16:54:55.815+0000] {processor.py:153} INFO - Started process (PID=5857) to work on /home/ubuntu/venv/lib/python3.10/site-packages/airflow/example_dags/example_dag_decorator.py
[2023-07-09T16:54:55.817+0000] {processor.py:743} INFO - Processing file /home/ubuntu/venv/lib/python3.10/site-packages/airflow/example_dags/example_dag_decorator.py for tasks to queue
[2023-07-09T16:54:55.817+0000] {logging_mixin.py:137} INFO - [2023-07-09T16:54:55.817+0000] {dagbag.py:538} INFO - Filling up the DagBag from /home/ubuntu/venv/lib/python3.10/site-packages/airflow/example_dags/example_dag_decorator.py
[2023-07-09T16:54:55.845+0000] {logging_mixin.py:137} INFO - [2023-07-09T16:54:55.844+0000] {taskmixin.py:205} WARNING - Dependency <Task(_PythonDecoratedOperator): prepare_email>, send_email already registered for DAG: example_dag_decorator
[2023-07-09T16:54:55.845+0000] {logging_mixin.py:137} INFO - [2023-07-09T16:54:55.845+0000] {taskmixin.py:205} WARNING - Dependency <Task(EmailOperator): send_email>, prepare_email already registered for DAG: example_dag_decorator
[2023-07-09T16:54:55.862+0000] {processor.py:753} INFO - DAG(s) dict_keys(['example_dag_decorator']) retrieved from /home/ubuntu/venv/lib/python3.10/site-packages/airflow/example_dags/example_dag_decorator.py
[2023-07-09T16:54:56.075+0000] {logging_mixin.py:137} INFO - [2023-07-09T16:54:56.074+0000] {dag.py:2676} INFO - Sync 1 DAGs
[2023-07-09T16:54:56.107+0000] {logging_mixin.py:137} INFO - [2023-07-09T16:54:56.107+0000] {dag.py:3423} INFO - Setting next_dagrun for example_dag_decorator to None, run_after=None
[2023-07-09T16:54:56.172+0000] {processor.py:175} INFO - Processing /home/ubuntu/venv/lib/python3.10/site-packages/airflow/example_dags/example_dag_decorator.py took 0.362 seconds
[2023-07-09T16:55:26.303+0000] {processor.py:153} INFO - Started process (PID=6118) to work on /home/ubuntu/venv/lib/python3.10/site-packages/airflow/example_dags/example_dag_decorator.py
[2023-07-09T16:55:26.304+0000] {processor.py:743} INFO - Processing file /home/ubuntu/venv/lib/python3.10/site-packages/airflow/example_dags/example_dag_decorator.py for tasks to queue
[2023-07-09T16:55:26.305+0000] {logging_mixin.py:137} INFO - [2023-07-09T16:55:26.305+0000] {dagbag.py:538} INFO - Filling up the DagBag from /home/ubuntu/venv/lib/python3.10/site-packages/airflow/example_dags/example_dag_decorator.py
[2023-07-09T16:55:26.342+0000] {logging_mixin.py:137} INFO - [2023-07-09T16:55:26.342+0000] {taskmixin.py:205} WARNING - Dependency <Task(_PythonDecoratedOperator): prepare_email>, send_email already registered for DAG: example_dag_decorator
[2023-07-09T16:55:26.342+0000] {logging_mixin.py:137} INFO - [2023-07-09T16:55:26.342+0000] {taskmixin.py:205} WARNING - Dependency <Task(EmailOperator): send_email>, prepare_email already registered for DAG: example_dag_decorator
[2023-07-09T16:55:26.361+0000] {processor.py:753} INFO - DAG(s) dict_keys(['example_dag_decorator']) retrieved from /home/ubuntu/venv/lib/python3.10/site-packages/airflow/example_dags/example_dag_decorator.py
[2023-07-09T16:55:26.492+0000] {logging_mixin.py:137} INFO - [2023-07-09T16:55:26.492+0000] {dag.py:2676} INFO - Sync 1 DAGs
[2023-07-09T16:55:26.524+0000] {logging_mixin.py:137} INFO - [2023-07-09T16:55:26.524+0000] {dag.py:3423} INFO - Setting next_dagrun for example_dag_decorator to None, run_after=None
[2023-07-09T16:55:26.552+0000] {processor.py:175} INFO - Processing /home/ubuntu/venv/lib/python3.10/site-packages/airflow/example_dags/example_dag_decorator.py took 0.254 seconds
[2023-07-09T16:55:56.594+0000] {processor.py:153} INFO - Started process (PID=6352) to work on /home/ubuntu/venv/lib/python3.10/site-packages/airflow/example_dags/example_dag_decorator.py
[2023-07-09T16:55:56.595+0000] {processor.py:743} INFO - Processing file /home/ubuntu/venv/lib/python3.10/site-packages/airflow/example_dags/example_dag_decorator.py for tasks to queue
[2023-07-09T16:55:56.596+0000] {logging_mixin.py:137} INFO - [2023-07-09T16:55:56.596+0000] {dagbag.py:538} INFO - Filling up the DagBag from /home/ubuntu/venv/lib/python3.10/site-packages/airflow/example_dags/example_dag_decorator.py
[2023-07-09T16:55:56.623+0000] {logging_mixin.py:137} INFO - [2023-07-09T16:55:56.623+0000] {taskmixin.py:205} WARNING - Dependency <Task(_PythonDecoratedOperator): prepare_email>, send_email already registered for DAG: example_dag_decorator
[2023-07-09T16:55:56.623+0000] {logging_mixin.py:137} INFO - [2023-07-09T16:55:56.623+0000] {taskmixin.py:205} WARNING - Dependency <Task(EmailOperator): send_email>, prepare_email already registered for DAG: example_dag_decorator
[2023-07-09T16:55:56.640+0000] {processor.py:753} INFO - DAG(s) dict_keys(['example_dag_decorator']) retrieved from /home/ubuntu/venv/lib/python3.10/site-packages/airflow/example_dags/example_dag_decorator.py
[2023-07-09T16:55:56.778+0000] {logging_mixin.py:137} INFO - [2023-07-09T16:55:56.778+0000] {dag.py:2676} INFO - Sync 1 DAGs
[2023-07-09T16:55:56.816+0000] {logging_mixin.py:137} INFO - [2023-07-09T16:55:56.815+0000] {dag.py:3423} INFO - Setting next_dagrun for example_dag_decorator to None, run_after=None
[2023-07-09T16:55:56.848+0000] {processor.py:175} INFO - Processing /home/ubuntu/venv/lib/python3.10/site-packages/airflow/example_dags/example_dag_decorator.py took 0.259 seconds
[2023-07-09T16:56:27.314+0000] {processor.py:153} INFO - Started process (PID=6589) to work on /home/ubuntu/venv/lib/python3.10/site-packages/airflow/example_dags/example_dag_decorator.py
[2023-07-09T16:56:27.315+0000] {processor.py:743} INFO - Processing file /home/ubuntu/venv/lib/python3.10/site-packages/airflow/example_dags/example_dag_decorator.py for tasks to queue
[2023-07-09T16:56:27.316+0000] {logging_mixin.py:137} INFO - [2023-07-09T16:56:27.315+0000] {dagbag.py:538} INFO - Filling up the DagBag from /home/ubuntu/venv/lib/python3.10/site-packages/airflow/example_dags/example_dag_decorator.py
[2023-07-09T16:56:27.346+0000] {logging_mixin.py:137} INFO - [2023-07-09T16:56:27.346+0000] {taskmixin.py:205} WARNING - Dependency <Task(_PythonDecoratedOperator): prepare_email>, send_email already registered for DAG: example_dag_decorator
[2023-07-09T16:56:27.346+0000] {logging_mixin.py:137} INFO - [2023-07-09T16:56:27.346+0000] {taskmixin.py:205} WARNING - Dependency <Task(EmailOperator): send_email>, prepare_email already registered for DAG: example_dag_decorator
[2023-07-09T16:56:27.363+0000] {processor.py:753} INFO - DAG(s) dict_keys(['example_dag_decorator']) retrieved from /home/ubuntu/venv/lib/python3.10/site-packages/airflow/example_dags/example_dag_decorator.py
[2023-07-09T16:56:27.522+0000] {logging_mixin.py:137} INFO - [2023-07-09T16:56:27.522+0000] {dag.py:2676} INFO - Sync 1 DAGs
[2023-07-09T16:56:27.557+0000] {logging_mixin.py:137} INFO - [2023-07-09T16:56:27.557+0000] {dag.py:3423} INFO - Setting next_dagrun for example_dag_decorator to None, run_after=None
[2023-07-09T16:56:27.583+0000] {processor.py:175} INFO - Processing /home/ubuntu/venv/lib/python3.10/site-packages/airflow/example_dags/example_dag_decorator.py took 0.273 seconds
[2023-07-09T16:56:58.168+0000] {processor.py:153} INFO - Started process (PID=6844) to work on /home/ubuntu/venv/lib/python3.10/site-packages/airflow/example_dags/example_dag_decorator.py
[2023-07-09T16:56:58.169+0000] {processor.py:743} INFO - Processing file /home/ubuntu/venv/lib/python3.10/site-packages/airflow/example_dags/example_dag_decorator.py for tasks to queue
[2023-07-09T16:56:58.170+0000] {logging_mixin.py:137} INFO - [2023-07-09T16:56:58.170+0000] {dagbag.py:538} INFO - Filling up the DagBag from /home/ubuntu/venv/lib/python3.10/site-packages/airflow/example_dags/example_dag_decorator.py
[2023-07-09T16:56:58.205+0000] {logging_mixin.py:137} INFO - [2023-07-09T16:56:58.204+0000] {taskmixin.py:205} WARNING - Dependency <Task(_PythonDecoratedOperator): prepare_email>, send_email already registered for DAG: example_dag_decorator
[2023-07-09T16:56:58.205+0000] {logging_mixin.py:137} INFO - [2023-07-09T16:56:58.205+0000] {taskmixin.py:205} WARNING - Dependency <Task(EmailOperator): send_email>, prepare_email already registered for DAG: example_dag_decorator
[2023-07-09T16:56:58.227+0000] {processor.py:753} INFO - DAG(s) dict_keys(['example_dag_decorator']) retrieved from /home/ubuntu/venv/lib/python3.10/site-packages/airflow/example_dags/example_dag_decorator.py
[2023-07-09T16:56:58.352+0000] {logging_mixin.py:137} INFO - [2023-07-09T16:56:58.352+0000] {dag.py:2676} INFO - Sync 1 DAGs
[2023-07-09T16:56:58.385+0000] {logging_mixin.py:137} INFO - [2023-07-09T16:56:58.385+0000] {dag.py:3423} INFO - Setting next_dagrun for example_dag_decorator to None, run_after=None
[2023-07-09T16:56:58.424+0000] {processor.py:175} INFO - Processing /home/ubuntu/venv/lib/python3.10/site-packages/airflow/example_dags/example_dag_decorator.py took 0.261 seconds
[2023-07-09T16:57:29.333+0000] {processor.py:153} INFO - Started process (PID=7079) to work on /home/ubuntu/venv/lib/python3.10/site-packages/airflow/example_dags/example_dag_decorator.py
[2023-07-09T16:57:29.335+0000] {processor.py:743} INFO - Processing file /home/ubuntu/venv/lib/python3.10/site-packages/airflow/example_dags/example_dag_decorator.py for tasks to queue
[2023-07-09T16:57:29.336+0000] {logging_mixin.py:137} INFO - [2023-07-09T16:57:29.335+0000] {dagbag.py:538} INFO - Filling up the DagBag from /home/ubuntu/venv/lib/python3.10/site-packages/airflow/example_dags/example_dag_decorator.py
[2023-07-09T16:57:29.363+0000] {logging_mixin.py:137} INFO - [2023-07-09T16:57:29.363+0000] {taskmixin.py:205} WARNING - Dependency <Task(_PythonDecoratedOperator): prepare_email>, send_email already registered for DAG: example_dag_decorator
[2023-07-09T16:57:29.363+0000] {logging_mixin.py:137} INFO - [2023-07-09T16:57:29.363+0000] {taskmixin.py:205} WARNING - Dependency <Task(EmailOperator): send_email>, prepare_email already registered for DAG: example_dag_decorator
[2023-07-09T16:57:29.385+0000] {processor.py:753} INFO - DAG(s) dict_keys(['example_dag_decorator']) retrieved from /home/ubuntu/venv/lib/python3.10/site-packages/airflow/example_dags/example_dag_decorator.py
[2023-07-09T16:57:29.516+0000] {logging_mixin.py:137} INFO - [2023-07-09T16:57:29.515+0000] {dag.py:2676} INFO - Sync 1 DAGs
[2023-07-09T16:57:29.549+0000] {logging_mixin.py:137} INFO - [2023-07-09T16:57:29.548+0000] {dag.py:3423} INFO - Setting next_dagrun for example_dag_decorator to None, run_after=None
[2023-07-09T16:57:29.764+0000] {processor.py:175} INFO - Processing /home/ubuntu/venv/lib/python3.10/site-packages/airflow/example_dags/example_dag_decorator.py took 0.435 seconds
[2023-07-09T16:58:00.192+0000] {processor.py:153} INFO - Started process (PID=7315) to work on /home/ubuntu/venv/lib/python3.10/site-packages/airflow/example_dags/example_dag_decorator.py
[2023-07-09T16:58:00.193+0000] {processor.py:743} INFO - Processing file /home/ubuntu/venv/lib/python3.10/site-packages/airflow/example_dags/example_dag_decorator.py for tasks to queue
[2023-07-09T16:58:00.194+0000] {logging_mixin.py:137} INFO - [2023-07-09T16:58:00.194+0000] {dagbag.py:538} INFO - Filling up the DagBag from /home/ubuntu/venv/lib/python3.10/site-packages/airflow/example_dags/example_dag_decorator.py
[2023-07-09T16:58:00.221+0000] {logging_mixin.py:137} INFO - [2023-07-09T16:58:00.220+0000] {taskmixin.py:205} WARNING - Dependency <Task(_PythonDecoratedOperator): prepare_email>, send_email already registered for DAG: example_dag_decorator
[2023-07-09T16:58:00.221+0000] {logging_mixin.py:137} INFO - [2023-07-09T16:58:00.221+0000] {taskmixin.py:205} WARNING - Dependency <Task(EmailOperator): send_email>, prepare_email already registered for DAG: example_dag_decorator
[2023-07-09T16:58:00.247+0000] {processor.py:753} INFO - DAG(s) dict_keys(['example_dag_decorator']) retrieved from /home/ubuntu/venv/lib/python3.10/site-packages/airflow/example_dags/example_dag_decorator.py
[2023-07-09T16:58:00.363+0000] {logging_mixin.py:137} INFO - [2023-07-09T16:58:00.362+0000] {dag.py:2676} INFO - Sync 1 DAGs
[2023-07-09T16:58:00.657+0000] {logging_mixin.py:137} INFO - [2023-07-09T16:58:00.657+0000] {dag.py:3423} INFO - Setting next_dagrun for example_dag_decorator to None, run_after=None
[2023-07-09T16:58:00.684+0000] {processor.py:175} INFO - Processing /home/ubuntu/venv/lib/python3.10/site-packages/airflow/example_dags/example_dag_decorator.py took 0.496 seconds
[2023-07-09T16:58:31.239+0000] {processor.py:153} INFO - Started process (PID=7549) to work on /home/ubuntu/venv/lib/python3.10/site-packages/airflow/example_dags/example_dag_decorator.py
[2023-07-09T16:58:31.240+0000] {processor.py:743} INFO - Processing file /home/ubuntu/venv/lib/python3.10/site-packages/airflow/example_dags/example_dag_decorator.py for tasks to queue
[2023-07-09T16:58:31.240+0000] {logging_mixin.py:137} INFO - [2023-07-09T16:58:31.240+0000] {dagbag.py:538} INFO - Filling up the DagBag from /home/ubuntu/venv/lib/python3.10/site-packages/airflow/example_dags/example_dag_decorator.py
[2023-07-09T16:58:31.266+0000] {logging_mixin.py:137} INFO - [2023-07-09T16:58:31.266+0000] {taskmixin.py:205} WARNING - Dependency <Task(_PythonDecoratedOperator): prepare_email>, send_email already registered for DAG: example_dag_decorator
[2023-07-09T16:58:31.266+0000] {logging_mixin.py:137} INFO - [2023-07-09T16:58:31.266+0000] {taskmixin.py:205} WARNING - Dependency <Task(EmailOperator): send_email>, prepare_email already registered for DAG: example_dag_decorator
[2023-07-09T16:58:31.283+0000] {processor.py:753} INFO - DAG(s) dict_keys(['example_dag_decorator']) retrieved from /home/ubuntu/venv/lib/python3.10/site-packages/airflow/example_dags/example_dag_decorator.py
[2023-07-09T16:58:31.565+0000] {logging_mixin.py:137} INFO - [2023-07-09T16:58:31.564+0000] {dag.py:2676} INFO - Sync 1 DAGs
[2023-07-09T16:58:31.592+0000] {logging_mixin.py:137} INFO - [2023-07-09T16:58:31.592+0000] {dag.py:3423} INFO - Setting next_dagrun for example_dag_decorator to None, run_after=None
[2023-07-09T16:58:31.615+0000] {processor.py:175} INFO - Processing /home/ubuntu/venv/lib/python3.10/site-packages/airflow/example_dags/example_dag_decorator.py took 0.381 seconds
[2023-07-09T16:59:04.117+0000] {processor.py:153} INFO - Started process (PID=7786) to work on /home/ubuntu/venv/lib/python3.10/site-packages/airflow/example_dags/example_dag_decorator.py
[2023-07-09T16:59:04.118+0000] {processor.py:743} INFO - Processing file /home/ubuntu/venv/lib/python3.10/site-packages/airflow/example_dags/example_dag_decorator.py for tasks to queue
[2023-07-09T16:59:04.119+0000] {logging_mixin.py:137} INFO - [2023-07-09T16:59:04.119+0000] {dagbag.py:538} INFO - Filling up the DagBag from /home/ubuntu/venv/lib/python3.10/site-packages/airflow/example_dags/example_dag_decorator.py
[2023-07-09T16:59:04.147+0000] {logging_mixin.py:137} INFO - [2023-07-09T16:59:04.147+0000] {taskmixin.py:205} WARNING - Dependency <Task(_PythonDecoratedOperator): prepare_email>, send_email already registered for DAG: example_dag_decorator
[2023-07-09T16:59:04.147+0000] {logging_mixin.py:137} INFO - [2023-07-09T16:59:04.147+0000] {taskmixin.py:205} WARNING - Dependency <Task(EmailOperator): send_email>, prepare_email already registered for DAG: example_dag_decorator
[2023-07-09T16:59:04.177+0000] {processor.py:753} INFO - DAG(s) dict_keys(['example_dag_decorator']) retrieved from /home/ubuntu/venv/lib/python3.10/site-packages/airflow/example_dags/example_dag_decorator.py
[2023-07-09T16:59:04.532+0000] {logging_mixin.py:137} INFO - [2023-07-09T16:59:04.531+0000] {dag.py:2676} INFO - Sync 1 DAGs
[2023-07-09T16:59:04.584+0000] {logging_mixin.py:137} INFO - [2023-07-09T16:59:04.584+0000] {dag.py:3423} INFO - Setting next_dagrun for example_dag_decorator to None, run_after=None
[2023-07-09T16:59:04.651+0000] {processor.py:175} INFO - Processing /home/ubuntu/venv/lib/python3.10/site-packages/airflow/example_dags/example_dag_decorator.py took 0.538 seconds
[2023-07-09T16:59:34.966+0000] {processor.py:153} INFO - Started process (PID=8024) to work on /home/ubuntu/venv/lib/python3.10/site-packages/airflow/example_dags/example_dag_decorator.py
[2023-07-09T16:59:34.968+0000] {processor.py:743} INFO - Processing file /home/ubuntu/venv/lib/python3.10/site-packages/airflow/example_dags/example_dag_decorator.py for tasks to queue
[2023-07-09T16:59:34.969+0000] {logging_mixin.py:137} INFO - [2023-07-09T16:59:34.969+0000] {dagbag.py:538} INFO - Filling up the DagBag from /home/ubuntu/venv/lib/python3.10/site-packages/airflow/example_dags/example_dag_decorator.py
[2023-07-09T16:59:35.001+0000] {logging_mixin.py:137} INFO - [2023-07-09T16:59:35.001+0000] {taskmixin.py:205} WARNING - Dependency <Task(_PythonDecoratedOperator): prepare_email>, send_email already registered for DAG: example_dag_decorator
[2023-07-09T16:59:35.001+0000] {logging_mixin.py:137} INFO - [2023-07-09T16:59:35.001+0000] {taskmixin.py:205} WARNING - Dependency <Task(EmailOperator): send_email>, prepare_email already registered for DAG: example_dag_decorator
[2023-07-09T16:59:35.033+0000] {processor.py:753} INFO - DAG(s) dict_keys(['example_dag_decorator']) retrieved from /home/ubuntu/venv/lib/python3.10/site-packages/airflow/example_dags/example_dag_decorator.py
[2023-07-09T16:59:35.392+0000] {logging_mixin.py:137} INFO - [2023-07-09T16:59:35.392+0000] {dag.py:2676} INFO - Sync 1 DAGs
[2023-07-09T16:59:35.432+0000] {logging_mixin.py:137} INFO - [2023-07-09T16:59:35.432+0000] {dag.py:3423} INFO - Setting next_dagrun for example_dag_decorator to None, run_after=None
[2023-07-09T16:59:35.464+0000] {processor.py:175} INFO - Processing /home/ubuntu/venv/lib/python3.10/site-packages/airflow/example_dags/example_dag_decorator.py took 0.504 seconds
[2023-07-09T17:00:32.470+0000] {processor.py:153} INFO - Started process (PID=8688) to work on /home/ubuntu/venv/lib/python3.10/site-packages/airflow/example_dags/example_dag_decorator.py
[2023-07-09T17:00:32.471+0000] {processor.py:743} INFO - Processing file /home/ubuntu/venv/lib/python3.10/site-packages/airflow/example_dags/example_dag_decorator.py for tasks to queue
[2023-07-09T17:00:32.472+0000] {logging_mixin.py:137} INFO - [2023-07-09T17:00:32.472+0000] {dagbag.py:538} INFO - Filling up the DagBag from /home/ubuntu/venv/lib/python3.10/site-packages/airflow/example_dags/example_dag_decorator.py
[2023-07-09T17:00:32.497+0000] {logging_mixin.py:137} INFO - [2023-07-09T17:00:32.496+0000] {taskmixin.py:205} WARNING - Dependency <Task(_PythonDecoratedOperator): prepare_email>, send_email already registered for DAG: example_dag_decorator
[2023-07-09T17:00:32.497+0000] {logging_mixin.py:137} INFO - [2023-07-09T17:00:32.497+0000] {taskmixin.py:205} WARNING - Dependency <Task(EmailOperator): send_email>, prepare_email already registered for DAG: example_dag_decorator
[2023-07-09T17:00:32.513+0000] {processor.py:753} INFO - DAG(s) dict_keys(['example_dag_decorator']) retrieved from /home/ubuntu/venv/lib/python3.10/site-packages/airflow/example_dags/example_dag_decorator.py
[2023-07-09T17:00:32.622+0000] {logging_mixin.py:137} INFO - [2023-07-09T17:00:32.622+0000] {dag.py:2676} INFO - Sync 1 DAGs
[2023-07-09T17:00:32.649+0000] {logging_mixin.py:137} INFO - [2023-07-09T17:00:32.649+0000] {dag.py:3423} INFO - Setting next_dagrun for example_dag_decorator to None, run_after=None
[2023-07-09T17:00:32.674+0000] {processor.py:175} INFO - Processing /home/ubuntu/venv/lib/python3.10/site-packages/airflow/example_dags/example_dag_decorator.py took 0.209 seconds
[2023-07-09T17:01:03.808+0000] {processor.py:153} INFO - Started process (PID=8944) to work on /home/ubuntu/venv/lib/python3.10/site-packages/airflow/example_dags/example_dag_decorator.py
[2023-07-09T17:01:03.810+0000] {processor.py:743} INFO - Processing file /home/ubuntu/venv/lib/python3.10/site-packages/airflow/example_dags/example_dag_decorator.py for tasks to queue
[2023-07-09T17:01:03.811+0000] {logging_mixin.py:137} INFO - [2023-07-09T17:01:03.810+0000] {dagbag.py:538} INFO - Filling up the DagBag from /home/ubuntu/venv/lib/python3.10/site-packages/airflow/example_dags/example_dag_decorator.py
[2023-07-09T17:01:03.837+0000] {logging_mixin.py:137} INFO - [2023-07-09T17:01:03.837+0000] {taskmixin.py:205} WARNING - Dependency <Task(_PythonDecoratedOperator): prepare_email>, send_email already registered for DAG: example_dag_decorator
[2023-07-09T17:01:03.837+0000] {logging_mixin.py:137} INFO - [2023-07-09T17:01:03.837+0000] {taskmixin.py:205} WARNING - Dependency <Task(EmailOperator): send_email>, prepare_email already registered for DAG: example_dag_decorator
[2023-07-09T17:01:03.856+0000] {processor.py:753} INFO - DAG(s) dict_keys(['example_dag_decorator']) retrieved from /home/ubuntu/venv/lib/python3.10/site-packages/airflow/example_dags/example_dag_decorator.py
[2023-07-09T17:01:03.975+0000] {logging_mixin.py:137} INFO - [2023-07-09T17:01:03.974+0000] {dag.py:2676} INFO - Sync 1 DAGs
[2023-07-09T17:01:04.010+0000] {logging_mixin.py:137} INFO - [2023-07-09T17:01:04.010+0000] {dag.py:3423} INFO - Setting next_dagrun for example_dag_decorator to None, run_after=None
[2023-07-09T17:01:04.043+0000] {processor.py:175} INFO - Processing /home/ubuntu/venv/lib/python3.10/site-packages/airflow/example_dags/example_dag_decorator.py took 0.239 seconds
[2023-07-09T17:01:34.793+0000] {processor.py:153} INFO - Started process (PID=9183) to work on /home/ubuntu/venv/lib/python3.10/site-packages/airflow/example_dags/example_dag_decorator.py
[2023-07-09T17:01:34.799+0000] {processor.py:743} INFO - Processing file /home/ubuntu/venv/lib/python3.10/site-packages/airflow/example_dags/example_dag_decorator.py for tasks to queue
[2023-07-09T17:01:34.808+0000] {logging_mixin.py:137} INFO - [2023-07-09T17:01:34.804+0000] {dagbag.py:538} INFO - Filling up the DagBag from /home/ubuntu/venv/lib/python3.10/site-packages/airflow/example_dags/example_dag_decorator.py
[2023-07-09T17:01:34.839+0000] {logging_mixin.py:137} INFO - [2023-07-09T17:01:34.839+0000] {taskmixin.py:205} WARNING - Dependency <Task(_PythonDecoratedOperator): prepare_email>, send_email already registered for DAG: example_dag_decorator
[2023-07-09T17:01:34.839+0000] {logging_mixin.py:137} INFO - [2023-07-09T17:01:34.839+0000] {taskmixin.py:205} WARNING - Dependency <Task(EmailOperator): send_email>, prepare_email already registered for DAG: example_dag_decorator
[2023-07-09T17:01:34.855+0000] {processor.py:753} INFO - DAG(s) dict_keys(['example_dag_decorator']) retrieved from /home/ubuntu/venv/lib/python3.10/site-packages/airflow/example_dags/example_dag_decorator.py
[2023-07-09T17:01:34.984+0000] {logging_mixin.py:137} INFO - [2023-07-09T17:01:34.983+0000] {dag.py:2676} INFO - Sync 1 DAGs
[2023-07-09T17:01:35.023+0000] {logging_mixin.py:137} INFO - [2023-07-09T17:01:35.023+0000] {dag.py:3423} INFO - Setting next_dagrun for example_dag_decorator to None, run_after=None
[2023-07-09T17:01:35.047+0000] {processor.py:175} INFO - Processing /home/ubuntu/venv/lib/python3.10/site-packages/airflow/example_dags/example_dag_decorator.py took 0.259 seconds
[2023-07-09T17:02:05.720+0000] {processor.py:153} INFO - Started process (PID=9438) to work on /home/ubuntu/venv/lib/python3.10/site-packages/airflow/example_dags/example_dag_decorator.py
[2023-07-09T17:02:05.721+0000] {processor.py:743} INFO - Processing file /home/ubuntu/venv/lib/python3.10/site-packages/airflow/example_dags/example_dag_decorator.py for tasks to queue
[2023-07-09T17:02:05.722+0000] {logging_mixin.py:137} INFO - [2023-07-09T17:02:05.722+0000] {dagbag.py:538} INFO - Filling up the DagBag from /home/ubuntu/venv/lib/python3.10/site-packages/airflow/example_dags/example_dag_decorator.py
[2023-07-09T17:02:05.751+0000] {logging_mixin.py:137} INFO - [2023-07-09T17:02:05.751+0000] {taskmixin.py:205} WARNING - Dependency <Task(_PythonDecoratedOperator): prepare_email>, send_email already registered for DAG: example_dag_decorator
[2023-07-09T17:02:05.752+0000] {logging_mixin.py:137} INFO - [2023-07-09T17:02:05.751+0000] {taskmixin.py:205} WARNING - Dependency <Task(EmailOperator): send_email>, prepare_email already registered for DAG: example_dag_decorator
[2023-07-09T17:02:05.778+0000] {processor.py:753} INFO - DAG(s) dict_keys(['example_dag_decorator']) retrieved from /home/ubuntu/venv/lib/python3.10/site-packages/airflow/example_dags/example_dag_decorator.py
[2023-07-09T17:02:05.953+0000] {logging_mixin.py:137} INFO - [2023-07-09T17:02:05.953+0000] {dag.py:2676} INFO - Sync 1 DAGs
[2023-07-09T17:02:05.989+0000] {logging_mixin.py:137} INFO - [2023-07-09T17:02:05.989+0000] {dag.py:3423} INFO - Setting next_dagrun for example_dag_decorator to None, run_after=None
[2023-07-09T17:02:06.016+0000] {processor.py:175} INFO - Processing /home/ubuntu/venv/lib/python3.10/site-packages/airflow/example_dags/example_dag_decorator.py took 0.301 seconds
[2023-07-09T17:02:36.562+0000] {processor.py:153} INFO - Started process (PID=9675) to work on /home/ubuntu/venv/lib/python3.10/site-packages/airflow/example_dags/example_dag_decorator.py
[2023-07-09T17:02:36.563+0000] {processor.py:743} INFO - Processing file /home/ubuntu/venv/lib/python3.10/site-packages/airflow/example_dags/example_dag_decorator.py for tasks to queue
[2023-07-09T17:02:36.564+0000] {logging_mixin.py:137} INFO - [2023-07-09T17:02:36.563+0000] {dagbag.py:538} INFO - Filling up the DagBag from /home/ubuntu/venv/lib/python3.10/site-packages/airflow/example_dags/example_dag_decorator.py
[2023-07-09T17:02:36.582+0000] {logging_mixin.py:137} INFO - [2023-07-09T17:02:36.582+0000] {taskmixin.py:205} WARNING - Dependency <Task(_PythonDecoratedOperator): prepare_email>, send_email already registered for DAG: example_dag_decorator
[2023-07-09T17:02:36.582+0000] {logging_mixin.py:137} INFO - [2023-07-09T17:02:36.582+0000] {taskmixin.py:205} WARNING - Dependency <Task(EmailOperator): send_email>, prepare_email already registered for DAG: example_dag_decorator
[2023-07-09T17:02:36.594+0000] {processor.py:753} INFO - DAG(s) dict_keys(['example_dag_decorator']) retrieved from /home/ubuntu/venv/lib/python3.10/site-packages/airflow/example_dags/example_dag_decorator.py
[2023-07-09T17:02:36.688+0000] {logging_mixin.py:137} INFO - [2023-07-09T17:02:36.688+0000] {dag.py:2676} INFO - Sync 1 DAGs
[2023-07-09T17:02:36.727+0000] {logging_mixin.py:137} INFO - [2023-07-09T17:02:36.727+0000] {dag.py:3423} INFO - Setting next_dagrun for example_dag_decorator to None, run_after=None
[2023-07-09T17:02:36.750+0000] {processor.py:175} INFO - Processing /home/ubuntu/venv/lib/python3.10/site-packages/airflow/example_dags/example_dag_decorator.py took 0.191 seconds
[2023-07-09T17:03:07.377+0000] {processor.py:153} INFO - Started process (PID=9908) to work on /home/ubuntu/venv/lib/python3.10/site-packages/airflow/example_dags/example_dag_decorator.py
[2023-07-09T17:03:07.378+0000] {processor.py:743} INFO - Processing file /home/ubuntu/venv/lib/python3.10/site-packages/airflow/example_dags/example_dag_decorator.py for tasks to queue
[2023-07-09T17:03:07.379+0000] {logging_mixin.py:137} INFO - [2023-07-09T17:03:07.379+0000] {dagbag.py:538} INFO - Filling up the DagBag from /home/ubuntu/venv/lib/python3.10/site-packages/airflow/example_dags/example_dag_decorator.py
[2023-07-09T17:03:07.407+0000] {logging_mixin.py:137} INFO - [2023-07-09T17:03:07.406+0000] {taskmixin.py:205} WARNING - Dependency <Task(_PythonDecoratedOperator): prepare_email>, send_email already registered for DAG: example_dag_decorator
[2023-07-09T17:03:07.407+0000] {logging_mixin.py:137} INFO - [2023-07-09T17:03:07.407+0000] {taskmixin.py:205} WARNING - Dependency <Task(EmailOperator): send_email>, prepare_email already registered for DAG: example_dag_decorator
[2023-07-09T17:03:07.424+0000] {processor.py:753} INFO - DAG(s) dict_keys(['example_dag_decorator']) retrieved from /home/ubuntu/venv/lib/python3.10/site-packages/airflow/example_dags/example_dag_decorator.py
[2023-07-09T17:03:07.565+0000] {logging_mixin.py:137} INFO - [2023-07-09T17:03:07.564+0000] {dag.py:2676} INFO - Sync 1 DAGs
[2023-07-09T17:03:07.602+0000] {logging_mixin.py:137} INFO - [2023-07-09T17:03:07.602+0000] {dag.py:3423} INFO - Setting next_dagrun for example_dag_decorator to None, run_after=None
[2023-07-09T17:03:07.816+0000] {processor.py:175} INFO - Processing /home/ubuntu/venv/lib/python3.10/site-packages/airflow/example_dags/example_dag_decorator.py took 0.444 seconds
[2023-07-09T17:03:38.356+0000] {processor.py:153} INFO - Started process (PID=10143) to work on /home/ubuntu/venv/lib/python3.10/site-packages/airflow/example_dags/example_dag_decorator.py
[2023-07-09T17:03:38.358+0000] {processor.py:743} INFO - Processing file /home/ubuntu/venv/lib/python3.10/site-packages/airflow/example_dags/example_dag_decorator.py for tasks to queue
[2023-07-09T17:03:38.358+0000] {logging_mixin.py:137} INFO - [2023-07-09T17:03:38.358+0000] {dagbag.py:538} INFO - Filling up the DagBag from /home/ubuntu/venv/lib/python3.10/site-packages/airflow/example_dags/example_dag_decorator.py
[2023-07-09T17:03:38.385+0000] {logging_mixin.py:137} INFO - [2023-07-09T17:03:38.384+0000] {taskmixin.py:205} WARNING - Dependency <Task(_PythonDecoratedOperator): prepare_email>, send_email already registered for DAG: example_dag_decorator
[2023-07-09T17:03:38.385+0000] {logging_mixin.py:137} INFO - [2023-07-09T17:03:38.385+0000] {taskmixin.py:205} WARNING - Dependency <Task(EmailOperator): send_email>, prepare_email already registered for DAG: example_dag_decorator
[2023-07-09T17:03:38.403+0000] {processor.py:753} INFO - DAG(s) dict_keys(['example_dag_decorator']) retrieved from /home/ubuntu/venv/lib/python3.10/site-packages/airflow/example_dags/example_dag_decorator.py
[2023-07-09T17:03:38.529+0000] {logging_mixin.py:137} INFO - [2023-07-09T17:03:38.529+0000] {dag.py:2676} INFO - Sync 1 DAGs
[2023-07-09T17:03:38.747+0000] {logging_mixin.py:137} INFO - [2023-07-09T17:03:38.747+0000] {dag.py:3423} INFO - Setting next_dagrun for example_dag_decorator to None, run_after=None
[2023-07-09T17:03:38.773+0000] {processor.py:175} INFO - Processing /home/ubuntu/venv/lib/python3.10/site-packages/airflow/example_dags/example_dag_decorator.py took 0.422 seconds
[2023-07-09T17:04:09.393+0000] {processor.py:153} INFO - Started process (PID=10386) to work on /home/ubuntu/venv/lib/python3.10/site-packages/airflow/example_dags/example_dag_decorator.py
[2023-07-09T17:04:09.394+0000] {processor.py:743} INFO - Processing file /home/ubuntu/venv/lib/python3.10/site-packages/airflow/example_dags/example_dag_decorator.py for tasks to queue
[2023-07-09T17:04:09.395+0000] {logging_mixin.py:137} INFO - [2023-07-09T17:04:09.395+0000] {dagbag.py:538} INFO - Filling up the DagBag from /home/ubuntu/venv/lib/python3.10/site-packages/airflow/example_dags/example_dag_decorator.py
[2023-07-09T17:04:09.422+0000] {logging_mixin.py:137} INFO - [2023-07-09T17:04:09.421+0000] {taskmixin.py:205} WARNING - Dependency <Task(_PythonDecoratedOperator): prepare_email>, send_email already registered for DAG: example_dag_decorator
[2023-07-09T17:04:09.422+0000] {logging_mixin.py:137} INFO - [2023-07-09T17:04:09.422+0000] {taskmixin.py:205} WARNING - Dependency <Task(EmailOperator): send_email>, prepare_email already registered for DAG: example_dag_decorator
[2023-07-09T17:04:09.439+0000] {processor.py:753} INFO - DAG(s) dict_keys(['example_dag_decorator']) retrieved from /home/ubuntu/venv/lib/python3.10/site-packages/airflow/example_dags/example_dag_decorator.py
[2023-07-09T17:04:09.843+0000] {logging_mixin.py:137} INFO - [2023-07-09T17:04:09.843+0000] {dag.py:2676} INFO - Sync 1 DAGs
[2023-07-09T17:04:09.871+0000] {logging_mixin.py:137} INFO - [2023-07-09T17:04:09.870+0000] {dag.py:3423} INFO - Setting next_dagrun for example_dag_decorator to None, run_after=None
[2023-07-09T17:04:09.906+0000] {processor.py:175} INFO - Processing /home/ubuntu/venv/lib/python3.10/site-packages/airflow/example_dags/example_dag_decorator.py took 0.517 seconds
[2023-07-09T17:04:41.331+0000] {processor.py:153} INFO - Started process (PID=10614) to work on /home/ubuntu/venv/lib/python3.10/site-packages/airflow/example_dags/example_dag_decorator.py
[2023-07-09T17:04:41.333+0000] {processor.py:743} INFO - Processing file /home/ubuntu/venv/lib/python3.10/site-packages/airflow/example_dags/example_dag_decorator.py for tasks to queue
[2023-07-09T17:04:41.333+0000] {logging_mixin.py:137} INFO - [2023-07-09T17:04:41.333+0000] {dagbag.py:538} INFO - Filling up the DagBag from /home/ubuntu/venv/lib/python3.10/site-packages/airflow/example_dags/example_dag_decorator.py
[2023-07-09T17:04:41.357+0000] {logging_mixin.py:137} INFO - [2023-07-09T17:04:41.357+0000] {taskmixin.py:205} WARNING - Dependency <Task(_PythonDecoratedOperator): prepare_email>, send_email already registered for DAG: example_dag_decorator
[2023-07-09T17:04:41.357+0000] {logging_mixin.py:137} INFO - [2023-07-09T17:04:41.357+0000] {taskmixin.py:205} WARNING - Dependency <Task(EmailOperator): send_email>, prepare_email already registered for DAG: example_dag_decorator
[2023-07-09T17:04:41.375+0000] {processor.py:753} INFO - DAG(s) dict_keys(['example_dag_decorator']) retrieved from /home/ubuntu/venv/lib/python3.10/site-packages/airflow/example_dags/example_dag_decorator.py
[2023-07-09T17:04:41.741+0000] {logging_mixin.py:137} INFO - [2023-07-09T17:04:41.740+0000] {dag.py:2676} INFO - Sync 1 DAGs
[2023-07-09T17:04:41.769+0000] {logging_mixin.py:137} INFO - [2023-07-09T17:04:41.769+0000] {dag.py:3423} INFO - Setting next_dagrun for example_dag_decorator to None, run_after=None
[2023-07-09T17:04:41.794+0000] {processor.py:175} INFO - Processing /home/ubuntu/venv/lib/python3.10/site-packages/airflow/example_dags/example_dag_decorator.py took 0.467 seconds
[2023-07-09T17:06:04.183+0000] {processor.py:153} INFO - Started process (PID=11186) to work on /home/ubuntu/venv/lib/python3.10/site-packages/airflow/example_dags/example_dag_decorator.py
[2023-07-09T17:06:04.184+0000] {processor.py:743} INFO - Processing file /home/ubuntu/venv/lib/python3.10/site-packages/airflow/example_dags/example_dag_decorator.py for tasks to queue
[2023-07-09T17:06:04.185+0000] {logging_mixin.py:137} INFO - [2023-07-09T17:06:04.185+0000] {dagbag.py:538} INFO - Filling up the DagBag from /home/ubuntu/venv/lib/python3.10/site-packages/airflow/example_dags/example_dag_decorator.py
[2023-07-09T17:06:04.234+0000] {logging_mixin.py:137} INFO - [2023-07-09T17:06:04.234+0000] {taskmixin.py:205} WARNING - Dependency <Task(_PythonDecoratedOperator): prepare_email>, send_email already registered for DAG: example_dag_decorator
[2023-07-09T17:06:04.235+0000] {logging_mixin.py:137} INFO - [2023-07-09T17:06:04.234+0000] {taskmixin.py:205} WARNING - Dependency <Task(EmailOperator): send_email>, prepare_email already registered for DAG: example_dag_decorator
[2023-07-09T17:06:04.253+0000] {processor.py:753} INFO - DAG(s) dict_keys(['example_dag_decorator']) retrieved from /home/ubuntu/venv/lib/python3.10/site-packages/airflow/example_dags/example_dag_decorator.py
[2023-07-09T17:06:04.582+0000] {logging_mixin.py:137} INFO - [2023-07-09T17:06:04.581+0000] {dag.py:2676} INFO - Sync 1 DAGs
[2023-07-09T17:06:04.639+0000] {logging_mixin.py:137} INFO - [2023-07-09T17:06:04.639+0000] {dag.py:3423} INFO - Setting next_dagrun for example_dag_decorator to None, run_after=None
[2023-07-09T17:06:04.672+0000] {processor.py:175} INFO - Processing /home/ubuntu/venv/lib/python3.10/site-packages/airflow/example_dags/example_dag_decorator.py took 0.495 seconds
[2023-07-09T17:06:35.553+0000] {processor.py:153} INFO - Started process (PID=11446) to work on /home/ubuntu/venv/lib/python3.10/site-packages/airflow/example_dags/example_dag_decorator.py
[2023-07-09T17:06:35.555+0000] {processor.py:743} INFO - Processing file /home/ubuntu/venv/lib/python3.10/site-packages/airflow/example_dags/example_dag_decorator.py for tasks to queue
[2023-07-09T17:06:35.556+0000] {logging_mixin.py:137} INFO - [2023-07-09T17:06:35.555+0000] {dagbag.py:538} INFO - Filling up the DagBag from /home/ubuntu/venv/lib/python3.10/site-packages/airflow/example_dags/example_dag_decorator.py
[2023-07-09T17:06:35.587+0000] {logging_mixin.py:137} INFO - [2023-07-09T17:06:35.586+0000] {taskmixin.py:205} WARNING - Dependency <Task(_PythonDecoratedOperator): prepare_email>, send_email already registered for DAG: example_dag_decorator
[2023-07-09T17:06:35.587+0000] {logging_mixin.py:137} INFO - [2023-07-09T17:06:35.587+0000] {taskmixin.py:205} WARNING - Dependency <Task(EmailOperator): send_email>, prepare_email already registered for DAG: example_dag_decorator
[2023-07-09T17:06:35.619+0000] {processor.py:753} INFO - DAG(s) dict_keys(['example_dag_decorator']) retrieved from /home/ubuntu/venv/lib/python3.10/site-packages/airflow/example_dags/example_dag_decorator.py
[2023-07-09T17:06:35.763+0000] {logging_mixin.py:137} INFO - [2023-07-09T17:06:35.762+0000] {dag.py:2676} INFO - Sync 1 DAGs
[2023-07-09T17:06:35.795+0000] {logging_mixin.py:137} INFO - [2023-07-09T17:06:35.795+0000] {dag.py:3423} INFO - Setting next_dagrun for example_dag_decorator to None, run_after=None
[2023-07-09T17:06:35.827+0000] {processor.py:175} INFO - Processing /home/ubuntu/venv/lib/python3.10/site-packages/airflow/example_dags/example_dag_decorator.py took 0.279 seconds
[2023-07-09T17:07:28.654+0000] {processor.py:153} INFO - Started process (PID=11919) to work on /home/ubuntu/venv/lib/python3.10/site-packages/airflow/example_dags/example_dag_decorator.py
[2023-07-09T17:07:28.655+0000] {processor.py:743} INFO - Processing file /home/ubuntu/venv/lib/python3.10/site-packages/airflow/example_dags/example_dag_decorator.py for tasks to queue
[2023-07-09T17:07:28.656+0000] {logging_mixin.py:137} INFO - [2023-07-09T17:07:28.656+0000] {dagbag.py:538} INFO - Filling up the DagBag from /home/ubuntu/venv/lib/python3.10/site-packages/airflow/example_dags/example_dag_decorator.py
[2023-07-09T17:07:28.686+0000] {logging_mixin.py:137} INFO - [2023-07-09T17:07:28.685+0000] {taskmixin.py:205} WARNING - Dependency <Task(_PythonDecoratedOperator): prepare_email>, send_email already registered for DAG: example_dag_decorator
[2023-07-09T17:07:28.686+0000] {logging_mixin.py:137} INFO - [2023-07-09T17:07:28.686+0000] {taskmixin.py:205} WARNING - Dependency <Task(EmailOperator): send_email>, prepare_email already registered for DAG: example_dag_decorator
[2023-07-09T17:07:28.699+0000] {processor.py:753} INFO - DAG(s) dict_keys(['example_dag_decorator']) retrieved from /home/ubuntu/venv/lib/python3.10/site-packages/airflow/example_dags/example_dag_decorator.py
[2023-07-09T17:07:28.821+0000] {logging_mixin.py:137} INFO - [2023-07-09T17:07:28.821+0000] {dag.py:2676} INFO - Sync 1 DAGs
[2023-07-09T17:07:28.872+0000] {logging_mixin.py:137} INFO - [2023-07-09T17:07:28.872+0000] {dag.py:3423} INFO - Setting next_dagrun for example_dag_decorator to None, run_after=None
[2023-07-09T17:07:28.918+0000] {processor.py:175} INFO - Processing /home/ubuntu/venv/lib/python3.10/site-packages/airflow/example_dags/example_dag_decorator.py took 0.269 seconds
[2023-07-09T17:08:00.127+0000] {processor.py:153} INFO - Started process (PID=12174) to work on /home/ubuntu/venv/lib/python3.10/site-packages/airflow/example_dags/example_dag_decorator.py
[2023-07-09T17:08:00.145+0000] {processor.py:743} INFO - Processing file /home/ubuntu/venv/lib/python3.10/site-packages/airflow/example_dags/example_dag_decorator.py for tasks to queue
[2023-07-09T17:08:00.146+0000] {logging_mixin.py:137} INFO - [2023-07-09T17:08:00.146+0000] {dagbag.py:538} INFO - Filling up the DagBag from /home/ubuntu/venv/lib/python3.10/site-packages/airflow/example_dags/example_dag_decorator.py
[2023-07-09T17:08:00.218+0000] {logging_mixin.py:137} INFO - [2023-07-09T17:08:00.218+0000] {taskmixin.py:205} WARNING - Dependency <Task(_PythonDecoratedOperator): prepare_email>, send_email already registered for DAG: example_dag_decorator
[2023-07-09T17:08:00.219+0000] {logging_mixin.py:137} INFO - [2023-07-09T17:08:00.219+0000] {taskmixin.py:205} WARNING - Dependency <Task(EmailOperator): send_email>, prepare_email already registered for DAG: example_dag_decorator
[2023-07-09T17:08:00.238+0000] {processor.py:753} INFO - DAG(s) dict_keys(['example_dag_decorator']) retrieved from /home/ubuntu/venv/lib/python3.10/site-packages/airflow/example_dags/example_dag_decorator.py
[2023-07-09T17:08:00.371+0000] {logging_mixin.py:137} INFO - [2023-07-09T17:08:00.371+0000] {dag.py:2676} INFO - Sync 1 DAGs
[2023-07-09T17:08:00.408+0000] {logging_mixin.py:137} INFO - [2023-07-09T17:08:00.407+0000] {dag.py:3423} INFO - Setting next_dagrun for example_dag_decorator to None, run_after=None
[2023-07-09T17:08:00.434+0000] {processor.py:175} INFO - Processing /home/ubuntu/venv/lib/python3.10/site-packages/airflow/example_dags/example_dag_decorator.py took 0.347 seconds
[2023-07-09T17:08:31.201+0000] {processor.py:153} INFO - Started process (PID=12410) to work on /home/ubuntu/venv/lib/python3.10/site-packages/airflow/example_dags/example_dag_decorator.py
[2023-07-09T17:08:31.202+0000] {processor.py:743} INFO - Processing file /home/ubuntu/venv/lib/python3.10/site-packages/airflow/example_dags/example_dag_decorator.py for tasks to queue
[2023-07-09T17:08:31.203+0000] {logging_mixin.py:137} INFO - [2023-07-09T17:08:31.202+0000] {dagbag.py:538} INFO - Filling up the DagBag from /home/ubuntu/venv/lib/python3.10/site-packages/airflow/example_dags/example_dag_decorator.py
[2023-07-09T17:08:31.230+0000] {logging_mixin.py:137} INFO - [2023-07-09T17:08:31.230+0000] {taskmixin.py:205} WARNING - Dependency <Task(_PythonDecoratedOperator): prepare_email>, send_email already registered for DAG: example_dag_decorator
[2023-07-09T17:08:31.230+0000] {logging_mixin.py:137} INFO - [2023-07-09T17:08:31.230+0000] {taskmixin.py:205} WARNING - Dependency <Task(EmailOperator): send_email>, prepare_email already registered for DAG: example_dag_decorator
[2023-07-09T17:08:31.257+0000] {processor.py:753} INFO - DAG(s) dict_keys(['example_dag_decorator']) retrieved from /home/ubuntu/venv/lib/python3.10/site-packages/airflow/example_dags/example_dag_decorator.py
[2023-07-09T17:08:31.384+0000] {logging_mixin.py:137} INFO - [2023-07-09T17:08:31.384+0000] {dag.py:2676} INFO - Sync 1 DAGs
[2023-07-09T17:08:31.414+0000] {logging_mixin.py:137} INFO - [2023-07-09T17:08:31.414+0000] {dag.py:3423} INFO - Setting next_dagrun for example_dag_decorator to None, run_after=None
[2023-07-09T17:08:31.439+0000] {processor.py:175} INFO - Processing /home/ubuntu/venv/lib/python3.10/site-packages/airflow/example_dags/example_dag_decorator.py took 0.242 seconds
[2023-07-09T17:09:07.445+0000] {processor.py:153} INFO - Started process (PID=12865) to work on /home/ubuntu/venv/lib/python3.10/site-packages/airflow/example_dags/example_dag_decorator.py
[2023-07-09T17:09:07.446+0000] {processor.py:743} INFO - Processing file /home/ubuntu/venv/lib/python3.10/site-packages/airflow/example_dags/example_dag_decorator.py for tasks to queue
[2023-07-09T17:09:07.447+0000] {logging_mixin.py:137} INFO - [2023-07-09T17:09:07.447+0000] {dagbag.py:538} INFO - Filling up the DagBag from /home/ubuntu/venv/lib/python3.10/site-packages/airflow/example_dags/example_dag_decorator.py
[2023-07-09T17:09:07.472+0000] {logging_mixin.py:137} INFO - [2023-07-09T17:09:07.472+0000] {taskmixin.py:205} WARNING - Dependency <Task(_PythonDecoratedOperator): prepare_email>, send_email already registered for DAG: example_dag_decorator
[2023-07-09T17:09:07.473+0000] {logging_mixin.py:137} INFO - [2023-07-09T17:09:07.473+0000] {taskmixin.py:205} WARNING - Dependency <Task(EmailOperator): send_email>, prepare_email already registered for DAG: example_dag_decorator
[2023-07-09T17:09:07.489+0000] {processor.py:753} INFO - DAG(s) dict_keys(['example_dag_decorator']) retrieved from /home/ubuntu/venv/lib/python3.10/site-packages/airflow/example_dags/example_dag_decorator.py
[2023-07-09T17:09:07.648+0000] {logging_mixin.py:137} INFO - [2023-07-09T17:09:07.647+0000] {dag.py:2676} INFO - Sync 1 DAGs
[2023-07-09T17:09:07.683+0000] {logging_mixin.py:137} INFO - [2023-07-09T17:09:07.683+0000] {dag.py:3423} INFO - Setting next_dagrun for example_dag_decorator to None, run_after=None
[2023-07-09T17:09:07.722+0000] {processor.py:175} INFO - Processing /home/ubuntu/venv/lib/python3.10/site-packages/airflow/example_dags/example_dag_decorator.py took 0.281 seconds
[2023-07-09T17:09:38.105+0000] {processor.py:153} INFO - Started process (PID=13142) to work on /home/ubuntu/venv/lib/python3.10/site-packages/airflow/example_dags/example_dag_decorator.py
[2023-07-09T17:09:38.106+0000] {processor.py:743} INFO - Processing file /home/ubuntu/venv/lib/python3.10/site-packages/airflow/example_dags/example_dag_decorator.py for tasks to queue
[2023-07-09T17:09:38.107+0000] {logging_mixin.py:137} INFO - [2023-07-09T17:09:38.107+0000] {dagbag.py:538} INFO - Filling up the DagBag from /home/ubuntu/venv/lib/python3.10/site-packages/airflow/example_dags/example_dag_decorator.py
[2023-07-09T17:09:38.132+0000] {logging_mixin.py:137} INFO - [2023-07-09T17:09:38.132+0000] {taskmixin.py:205} WARNING - Dependency <Task(_PythonDecoratedOperator): prepare_email>, send_email already registered for DAG: example_dag_decorator
[2023-07-09T17:09:38.133+0000] {logging_mixin.py:137} INFO - [2023-07-09T17:09:38.132+0000] {taskmixin.py:205} WARNING - Dependency <Task(EmailOperator): send_email>, prepare_email already registered for DAG: example_dag_decorator
[2023-07-09T17:09:38.148+0000] {processor.py:753} INFO - DAG(s) dict_keys(['example_dag_decorator']) retrieved from /home/ubuntu/venv/lib/python3.10/site-packages/airflow/example_dags/example_dag_decorator.py
[2023-07-09T17:09:38.258+0000] {logging_mixin.py:137} INFO - [2023-07-09T17:09:38.258+0000] {dag.py:2676} INFO - Sync 1 DAGs
[2023-07-09T17:09:38.287+0000] {logging_mixin.py:137} INFO - [2023-07-09T17:09:38.287+0000] {dag.py:3423} INFO - Setting next_dagrun for example_dag_decorator to None, run_after=None
[2023-07-09T17:09:38.309+0000] {processor.py:175} INFO - Processing /home/ubuntu/venv/lib/python3.10/site-packages/airflow/example_dags/example_dag_decorator.py took 0.208 seconds
[2023-07-09T17:10:08.936+0000] {processor.py:153} INFO - Started process (PID=13378) to work on /home/ubuntu/venv/lib/python3.10/site-packages/airflow/example_dags/example_dag_decorator.py
[2023-07-09T17:10:08.937+0000] {processor.py:743} INFO - Processing file /home/ubuntu/venv/lib/python3.10/site-packages/airflow/example_dags/example_dag_decorator.py for tasks to queue
[2023-07-09T17:10:08.938+0000] {logging_mixin.py:137} INFO - [2023-07-09T17:10:08.938+0000] {dagbag.py:538} INFO - Filling up the DagBag from /home/ubuntu/venv/lib/python3.10/site-packages/airflow/example_dags/example_dag_decorator.py
[2023-07-09T17:10:08.964+0000] {logging_mixin.py:137} INFO - [2023-07-09T17:10:08.964+0000] {taskmixin.py:205} WARNING - Dependency <Task(_PythonDecoratedOperator): prepare_email>, send_email already registered for DAG: example_dag_decorator
[2023-07-09T17:10:08.964+0000] {logging_mixin.py:137} INFO - [2023-07-09T17:10:08.964+0000] {taskmixin.py:205} WARNING - Dependency <Task(EmailOperator): send_email>, prepare_email already registered for DAG: example_dag_decorator
[2023-07-09T17:10:08.980+0000] {processor.py:753} INFO - DAG(s) dict_keys(['example_dag_decorator']) retrieved from /home/ubuntu/venv/lib/python3.10/site-packages/airflow/example_dags/example_dag_decorator.py
[2023-07-09T17:10:09.090+0000] {logging_mixin.py:137} INFO - [2023-07-09T17:10:09.090+0000] {dag.py:2676} INFO - Sync 1 DAGs
[2023-07-09T17:10:09.119+0000] {logging_mixin.py:137} INFO - [2023-07-09T17:10:09.119+0000] {dag.py:3423} INFO - Setting next_dagrun for example_dag_decorator to None, run_after=None
[2023-07-09T17:10:09.146+0000] {processor.py:175} INFO - Processing /home/ubuntu/venv/lib/python3.10/site-packages/airflow/example_dags/example_dag_decorator.py took 0.214 seconds
