[2023-07-09T15:46:33.575+0000] {processor.py:153} INFO - Started process (PID=1328) to work on /home/ubuntu/venv/lib/python3.10/site-packages/airflow/example_dags/example_datasets.py
[2023-07-09T15:46:33.576+0000] {processor.py:743} INFO - Processing file /home/ubuntu/venv/lib/python3.10/site-packages/airflow/example_dags/example_datasets.py for tasks to queue
[2023-07-09T15:46:33.577+0000] {logging_mixin.py:137} INFO - [2023-07-09T15:46:33.577+0000] {dagbag.py:538} INFO - Filling up the DagBag from /home/ubuntu/venv/lib/python3.10/site-packages/airflow/example_dags/example_datasets.py
[2023-07-09T15:46:33.600+0000] {processor.py:753} INFO - DAG(s) dict_keys(['dataset_consumes_unknown_never_scheduled', 'dataset_produces_1', 'dataset_consumes_1_never_scheduled', 'dataset_produces_2', 'dataset_consumes_1_and_2', 'dataset_consumes_1']) retrieved from /home/ubuntu/venv/lib/python3.10/site-packages/airflow/example_dags/example_datasets.py
[2023-07-09T15:46:33.732+0000] {logging_mixin.py:137} INFO - [2023-07-09T15:46:33.731+0000] {dag.py:2676} INFO - Sync 6 DAGs
[2023-07-09T15:46:33.759+0000] {logging_mixin.py:137} INFO - [2023-07-09T15:46:33.759+0000] {dag.py:3423} INFO - Setting next_dagrun for dataset_consumes_1 to None, run_after=None
[2023-07-09T15:46:33.763+0000] {logging_mixin.py:137} INFO - [2023-07-09T15:46:33.763+0000] {dag.py:3423} INFO - Setting next_dagrun for dataset_consumes_1_and_2 to None, run_after=None
[2023-07-09T15:46:33.765+0000] {logging_mixin.py:137} INFO - [2023-07-09T15:46:33.765+0000] {dag.py:3423} INFO - Setting next_dagrun for dataset_consumes_1_never_scheduled to None, run_after=None
[2023-07-09T15:46:33.767+0000] {logging_mixin.py:137} INFO - [2023-07-09T15:46:33.766+0000] {dag.py:3423} INFO - Setting next_dagrun for dataset_consumes_unknown_never_scheduled to None, run_after=None
[2023-07-09T15:46:33.770+0000] {logging_mixin.py:137} INFO - [2023-07-09T15:46:33.770+0000] {dag.py:3423} INFO - Setting next_dagrun for dataset_produces_1 to 2023-07-08T00:00:00+00:00, run_after=2023-07-09T00:00:00+00:00
[2023-07-09T15:46:33.772+0000] {logging_mixin.py:137} INFO - [2023-07-09T15:46:33.772+0000] {dag.py:3423} INFO - Setting next_dagrun for dataset_produces_2 to None, run_after=None
[2023-07-09T15:46:33.821+0000] {processor.py:175} INFO - Processing /home/ubuntu/venv/lib/python3.10/site-packages/airflow/example_dags/example_datasets.py took 0.251 seconds
[2023-07-09T15:47:04.395+0000] {processor.py:153} INFO - Started process (PID=1568) to work on /home/ubuntu/venv/lib/python3.10/site-packages/airflow/example_dags/example_datasets.py
[2023-07-09T15:47:04.396+0000] {processor.py:743} INFO - Processing file /home/ubuntu/venv/lib/python3.10/site-packages/airflow/example_dags/example_datasets.py for tasks to queue
[2023-07-09T15:47:04.397+0000] {logging_mixin.py:137} INFO - [2023-07-09T15:47:04.397+0000] {dagbag.py:538} INFO - Filling up the DagBag from /home/ubuntu/venv/lib/python3.10/site-packages/airflow/example_dags/example_datasets.py
[2023-07-09T15:47:04.419+0000] {processor.py:753} INFO - DAG(s) dict_keys(['dataset_consumes_1', 'dataset_consumes_1_never_scheduled', 'dataset_produces_2', 'dataset_produces_1', 'dataset_consumes_unknown_never_scheduled', 'dataset_consumes_1_and_2']) retrieved from /home/ubuntu/venv/lib/python3.10/site-packages/airflow/example_dags/example_datasets.py
[2023-07-09T15:47:04.513+0000] {logging_mixin.py:137} INFO - [2023-07-09T15:47:04.513+0000] {dag.py:2676} INFO - Sync 6 DAGs
[2023-07-09T15:47:04.556+0000] {logging_mixin.py:137} INFO - [2023-07-09T15:47:04.555+0000] {dag.py:3423} INFO - Setting next_dagrun for dataset_consumes_1 to None, run_after=None
[2023-07-09T15:47:04.559+0000] {logging_mixin.py:137} INFO - [2023-07-09T15:47:04.559+0000] {dag.py:3423} INFO - Setting next_dagrun for dataset_consumes_1_and_2 to None, run_after=None
[2023-07-09T15:47:04.560+0000] {logging_mixin.py:137} INFO - [2023-07-09T15:47:04.560+0000] {dag.py:3423} INFO - Setting next_dagrun for dataset_consumes_1_never_scheduled to None, run_after=None
[2023-07-09T15:47:04.561+0000] {logging_mixin.py:137} INFO - [2023-07-09T15:47:04.561+0000] {dag.py:3423} INFO - Setting next_dagrun for dataset_consumes_unknown_never_scheduled to None, run_after=None
[2023-07-09T15:47:04.564+0000] {logging_mixin.py:137} INFO - [2023-07-09T15:47:04.564+0000] {dag.py:3423} INFO - Setting next_dagrun for dataset_produces_1 to 2023-07-08T00:00:00+00:00, run_after=2023-07-09T00:00:00+00:00
[2023-07-09T15:47:04.565+0000] {logging_mixin.py:137} INFO - [2023-07-09T15:47:04.565+0000] {dag.py:3423} INFO - Setting next_dagrun for dataset_produces_2 to None, run_after=None
[2023-07-09T15:47:04.614+0000] {processor.py:175} INFO - Processing /home/ubuntu/venv/lib/python3.10/site-packages/airflow/example_dags/example_datasets.py took 0.224 seconds
[2023-07-09T15:47:34.773+0000] {processor.py:153} INFO - Started process (PID=1870) to work on /home/ubuntu/venv/lib/python3.10/site-packages/airflow/example_dags/example_datasets.py
[2023-07-09T15:47:34.774+0000] {processor.py:743} INFO - Processing file /home/ubuntu/venv/lib/python3.10/site-packages/airflow/example_dags/example_datasets.py for tasks to queue
[2023-07-09T15:47:34.774+0000] {logging_mixin.py:137} INFO - [2023-07-09T15:47:34.774+0000] {dagbag.py:538} INFO - Filling up the DagBag from /home/ubuntu/venv/lib/python3.10/site-packages/airflow/example_dags/example_datasets.py
[2023-07-09T15:47:34.798+0000] {processor.py:753} INFO - DAG(s) dict_keys(['dataset_consumes_unknown_never_scheduled', 'dataset_consumes_1', 'dataset_produces_1', 'dataset_consumes_1_never_scheduled', 'dataset_produces_2', 'dataset_consumes_1_and_2']) retrieved from /home/ubuntu/venv/lib/python3.10/site-packages/airflow/example_dags/example_datasets.py
[2023-07-09T15:47:34.881+0000] {logging_mixin.py:137} INFO - [2023-07-09T15:47:34.880+0000] {dag.py:2676} INFO - Sync 6 DAGs
[2023-07-09T15:47:34.914+0000] {logging_mixin.py:137} INFO - [2023-07-09T15:47:34.914+0000] {dag.py:3423} INFO - Setting next_dagrun for dataset_consumes_1 to None, run_after=None
[2023-07-09T15:47:34.919+0000] {logging_mixin.py:137} INFO - [2023-07-09T15:47:34.919+0000] {dag.py:3423} INFO - Setting next_dagrun for dataset_consumes_1_and_2 to None, run_after=None
[2023-07-09T15:47:34.921+0000] {logging_mixin.py:137} INFO - [2023-07-09T15:47:34.921+0000] {dag.py:3423} INFO - Setting next_dagrun for dataset_consumes_1_never_scheduled to None, run_after=None
[2023-07-09T15:47:34.923+0000] {logging_mixin.py:137} INFO - [2023-07-09T15:47:34.922+0000] {dag.py:3423} INFO - Setting next_dagrun for dataset_consumes_unknown_never_scheduled to None, run_after=None
[2023-07-09T15:47:34.927+0000] {logging_mixin.py:137} INFO - [2023-07-09T15:47:34.927+0000] {dag.py:3423} INFO - Setting next_dagrun for dataset_produces_1 to 2023-07-08T00:00:00+00:00, run_after=2023-07-09T00:00:00+00:00
[2023-07-09T15:47:34.929+0000] {logging_mixin.py:137} INFO - [2023-07-09T15:47:34.929+0000] {dag.py:3423} INFO - Setting next_dagrun for dataset_produces_2 to None, run_after=None
[2023-07-09T15:47:34.969+0000] {processor.py:175} INFO - Processing /home/ubuntu/venv/lib/python3.10/site-packages/airflow/example_dags/example_datasets.py took 0.201 seconds
[2023-07-09T15:49:52.304+0000] {processor.py:153} INFO - Started process (PID=2149) to work on /home/ubuntu/venv/lib/python3.10/site-packages/airflow/example_dags/example_datasets.py
[2023-07-09T15:49:52.305+0000] {processor.py:743} INFO - Processing file /home/ubuntu/venv/lib/python3.10/site-packages/airflow/example_dags/example_datasets.py for tasks to queue
[2023-07-09T15:49:52.306+0000] {logging_mixin.py:137} INFO - [2023-07-09T15:49:52.305+0000] {dagbag.py:538} INFO - Filling up the DagBag from /home/ubuntu/venv/lib/python3.10/site-packages/airflow/example_dags/example_datasets.py
[2023-07-09T15:49:52.328+0000] {processor.py:753} INFO - DAG(s) dict_keys(['dataset_consumes_unknown_never_scheduled', 'dataset_consumes_1_never_scheduled', 'dataset_consumes_1_and_2', 'dataset_consumes_1', 'dataset_produces_1', 'dataset_produces_2']) retrieved from /home/ubuntu/venv/lib/python3.10/site-packages/airflow/example_dags/example_datasets.py
[2023-07-09T15:49:52.479+0000] {logging_mixin.py:137} INFO - [2023-07-09T15:49:52.479+0000] {dag.py:2676} INFO - Sync 6 DAGs
[2023-07-09T15:49:52.512+0000] {logging_mixin.py:137} INFO - [2023-07-09T15:49:52.511+0000] {dag.py:3423} INFO - Setting next_dagrun for dataset_consumes_1 to None, run_after=None
[2023-07-09T15:49:52.517+0000] {logging_mixin.py:137} INFO - [2023-07-09T15:49:52.516+0000] {dag.py:3423} INFO - Setting next_dagrun for dataset_consumes_1_and_2 to None, run_after=None
[2023-07-09T15:49:52.518+0000] {logging_mixin.py:137} INFO - [2023-07-09T15:49:52.518+0000] {dag.py:3423} INFO - Setting next_dagrun for dataset_consumes_1_never_scheduled to None, run_after=None
[2023-07-09T15:49:52.520+0000] {logging_mixin.py:137} INFO - [2023-07-09T15:49:52.520+0000] {dag.py:3423} INFO - Setting next_dagrun for dataset_consumes_unknown_never_scheduled to None, run_after=None
[2023-07-09T15:49:52.524+0000] {logging_mixin.py:137} INFO - [2023-07-09T15:49:52.523+0000] {dag.py:3423} INFO - Setting next_dagrun for dataset_produces_1 to 2023-07-08T00:00:00+00:00, run_after=2023-07-09T00:00:00+00:00
[2023-07-09T15:49:52.525+0000] {logging_mixin.py:137} INFO - [2023-07-09T15:49:52.525+0000] {dag.py:3423} INFO - Setting next_dagrun for dataset_produces_2 to None, run_after=None
[2023-07-09T15:49:52.582+0000] {processor.py:175} INFO - Processing /home/ubuntu/venv/lib/python3.10/site-packages/airflow/example_dags/example_datasets.py took 0.283 seconds
[2023-07-09T15:50:23.403+0000] {processor.py:153} INFO - Started process (PID=2384) to work on /home/ubuntu/venv/lib/python3.10/site-packages/airflow/example_dags/example_datasets.py
[2023-07-09T15:50:23.403+0000] {processor.py:743} INFO - Processing file /home/ubuntu/venv/lib/python3.10/site-packages/airflow/example_dags/example_datasets.py for tasks to queue
[2023-07-09T15:50:23.404+0000] {logging_mixin.py:137} INFO - [2023-07-09T15:50:23.404+0000] {dagbag.py:538} INFO - Filling up the DagBag from /home/ubuntu/venv/lib/python3.10/site-packages/airflow/example_dags/example_datasets.py
[2023-07-09T15:50:23.428+0000] {processor.py:753} INFO - DAG(s) dict_keys(['dataset_consumes_1_never_scheduled', 'dataset_produces_1', 'dataset_consumes_1_and_2', 'dataset_consumes_unknown_never_scheduled', 'dataset_produces_2', 'dataset_consumes_1']) retrieved from /home/ubuntu/venv/lib/python3.10/site-packages/airflow/example_dags/example_datasets.py
[2023-07-09T15:50:23.527+0000] {logging_mixin.py:137} INFO - [2023-07-09T15:50:23.526+0000] {dag.py:2676} INFO - Sync 6 DAGs
[2023-07-09T15:50:23.562+0000] {logging_mixin.py:137} INFO - [2023-07-09T15:50:23.562+0000] {dag.py:3423} INFO - Setting next_dagrun for dataset_consumes_1 to None, run_after=None
[2023-07-09T15:50:23.567+0000] {logging_mixin.py:137} INFO - [2023-07-09T15:50:23.567+0000] {dag.py:3423} INFO - Setting next_dagrun for dataset_consumes_1_and_2 to None, run_after=None
[2023-07-09T15:50:23.569+0000] {logging_mixin.py:137} INFO - [2023-07-09T15:50:23.569+0000] {dag.py:3423} INFO - Setting next_dagrun for dataset_consumes_1_never_scheduled to None, run_after=None
[2023-07-09T15:50:23.570+0000] {logging_mixin.py:137} INFO - [2023-07-09T15:50:23.570+0000] {dag.py:3423} INFO - Setting next_dagrun for dataset_consumes_unknown_never_scheduled to None, run_after=None
[2023-07-09T15:50:23.574+0000] {logging_mixin.py:137} INFO - [2023-07-09T15:50:23.574+0000] {dag.py:3423} INFO - Setting next_dagrun for dataset_produces_1 to 2023-07-08T00:00:00+00:00, run_after=2023-07-09T00:00:00+00:00
[2023-07-09T15:50:23.576+0000] {logging_mixin.py:137} INFO - [2023-07-09T15:50:23.576+0000] {dag.py:3423} INFO - Setting next_dagrun for dataset_produces_2 to None, run_after=None
[2023-07-09T15:50:23.630+0000] {processor.py:175} INFO - Processing /home/ubuntu/venv/lib/python3.10/site-packages/airflow/example_dags/example_datasets.py took 0.233 seconds
[2023-07-09T16:47:15.778+0000] {processor.py:153} INFO - Started process (PID=3448) to work on /home/ubuntu/venv/lib/python3.10/site-packages/airflow/example_dags/example_datasets.py
[2023-07-09T16:47:15.780+0000] {processor.py:743} INFO - Processing file /home/ubuntu/venv/lib/python3.10/site-packages/airflow/example_dags/example_datasets.py for tasks to queue
[2023-07-09T16:47:15.781+0000] {logging_mixin.py:137} INFO - [2023-07-09T16:47:15.781+0000] {dagbag.py:538} INFO - Filling up the DagBag from /home/ubuntu/venv/lib/python3.10/site-packages/airflow/example_dags/example_datasets.py
[2023-07-09T16:47:15.805+0000] {processor.py:753} INFO - DAG(s) dict_keys(['dataset_produces_1', 'dataset_consumes_1_never_scheduled', 'dataset_consumes_1', 'dataset_consumes_unknown_never_scheduled', 'dataset_consumes_1_and_2', 'dataset_produces_2']) retrieved from /home/ubuntu/venv/lib/python3.10/site-packages/airflow/example_dags/example_datasets.py
[2023-07-09T16:47:15.966+0000] {logging_mixin.py:137} INFO - [2023-07-09T16:47:15.966+0000] {dag.py:2676} INFO - Sync 6 DAGs
[2023-07-09T16:47:16.004+0000] {logging_mixin.py:137} INFO - [2023-07-09T16:47:16.004+0000] {dag.py:3423} INFO - Setting next_dagrun for dataset_consumes_1 to None, run_after=None
[2023-07-09T16:47:16.009+0000] {logging_mixin.py:137} INFO - [2023-07-09T16:47:16.009+0000] {dag.py:3423} INFO - Setting next_dagrun for dataset_consumes_1_and_2 to None, run_after=None
[2023-07-09T16:47:16.011+0000] {logging_mixin.py:137} INFO - [2023-07-09T16:47:16.011+0000] {dag.py:3423} INFO - Setting next_dagrun for dataset_consumes_1_never_scheduled to None, run_after=None
[2023-07-09T16:47:16.013+0000] {logging_mixin.py:137} INFO - [2023-07-09T16:47:16.013+0000] {dag.py:3423} INFO - Setting next_dagrun for dataset_consumes_unknown_never_scheduled to None, run_after=None
[2023-07-09T16:47:16.019+0000] {logging_mixin.py:137} INFO - [2023-07-09T16:47:16.018+0000] {dag.py:3423} INFO - Setting next_dagrun for dataset_produces_1 to 2023-07-08T00:00:00+00:00, run_after=2023-07-09T00:00:00+00:00
[2023-07-09T16:47:16.021+0000] {logging_mixin.py:137} INFO - [2023-07-09T16:47:16.021+0000] {dag.py:3423} INFO - Setting next_dagrun for dataset_produces_2 to None, run_after=None
[2023-07-09T16:47:16.069+0000] {processor.py:175} INFO - Processing /home/ubuntu/venv/lib/python3.10/site-packages/airflow/example_dags/example_datasets.py took 0.294 seconds
[2023-07-09T16:47:47.196+0000] {processor.py:153} INFO - Started process (PID=3815) to work on /home/ubuntu/venv/lib/python3.10/site-packages/airflow/example_dags/example_datasets.py
[2023-07-09T16:47:47.197+0000] {processor.py:743} INFO - Processing file /home/ubuntu/venv/lib/python3.10/site-packages/airflow/example_dags/example_datasets.py for tasks to queue
[2023-07-09T16:47:47.198+0000] {logging_mixin.py:137} INFO - [2023-07-09T16:47:47.198+0000] {dagbag.py:538} INFO - Filling up the DagBag from /home/ubuntu/venv/lib/python3.10/site-packages/airflow/example_dags/example_datasets.py
[2023-07-09T16:47:47.225+0000] {processor.py:753} INFO - DAG(s) dict_keys(['dataset_consumes_1', 'dataset_produces_2', 'dataset_produces_1', 'dataset_consumes_1_never_scheduled', 'dataset_consumes_unknown_never_scheduled', 'dataset_consumes_1_and_2']) retrieved from /home/ubuntu/venv/lib/python3.10/site-packages/airflow/example_dags/example_datasets.py
[2023-07-09T16:47:47.327+0000] {logging_mixin.py:137} INFO - [2023-07-09T16:47:47.326+0000] {dag.py:2676} INFO - Sync 6 DAGs
[2023-07-09T16:47:47.369+0000] {logging_mixin.py:137} INFO - [2023-07-09T16:47:47.369+0000] {dag.py:3423} INFO - Setting next_dagrun for dataset_consumes_1 to None, run_after=None
[2023-07-09T16:47:47.377+0000] {logging_mixin.py:137} INFO - [2023-07-09T16:47:47.377+0000] {dag.py:3423} INFO - Setting next_dagrun for dataset_consumes_1_and_2 to None, run_after=None
[2023-07-09T16:47:47.379+0000] {logging_mixin.py:137} INFO - [2023-07-09T16:47:47.378+0000] {dag.py:3423} INFO - Setting next_dagrun for dataset_consumes_1_never_scheduled to None, run_after=None
[2023-07-09T16:47:47.380+0000] {logging_mixin.py:137} INFO - [2023-07-09T16:47:47.380+0000] {dag.py:3423} INFO - Setting next_dagrun for dataset_consumes_unknown_never_scheduled to None, run_after=None
[2023-07-09T16:47:47.384+0000] {logging_mixin.py:137} INFO - [2023-07-09T16:47:47.384+0000] {dag.py:3423} INFO - Setting next_dagrun for dataset_produces_1 to 2023-07-08T00:00:00+00:00, run_after=2023-07-09T00:00:00+00:00
[2023-07-09T16:47:47.386+0000] {logging_mixin.py:137} INFO - [2023-07-09T16:47:47.386+0000] {dag.py:3423} INFO - Setting next_dagrun for dataset_produces_2 to None, run_after=None
[2023-07-09T16:47:47.429+0000] {processor.py:175} INFO - Processing /home/ubuntu/venv/lib/python3.10/site-packages/airflow/example_dags/example_datasets.py took 0.238 seconds
[2023-07-09T16:48:17.997+0000] {processor.py:153} INFO - Started process (PID=4051) to work on /home/ubuntu/venv/lib/python3.10/site-packages/airflow/example_dags/example_datasets.py
[2023-07-09T16:48:17.998+0000] {processor.py:743} INFO - Processing file /home/ubuntu/venv/lib/python3.10/site-packages/airflow/example_dags/example_datasets.py for tasks to queue
[2023-07-09T16:48:17.999+0000] {logging_mixin.py:137} INFO - [2023-07-09T16:48:17.999+0000] {dagbag.py:538} INFO - Filling up the DagBag from /home/ubuntu/venv/lib/python3.10/site-packages/airflow/example_dags/example_datasets.py
[2023-07-09T16:48:18.029+0000] {processor.py:753} INFO - DAG(s) dict_keys(['dataset_consumes_1', 'dataset_produces_1', 'dataset_consumes_1_and_2', 'dataset_produces_2', 'dataset_consumes_unknown_never_scheduled', 'dataset_consumes_1_never_scheduled']) retrieved from /home/ubuntu/venv/lib/python3.10/site-packages/airflow/example_dags/example_datasets.py
[2023-07-09T16:48:18.130+0000] {logging_mixin.py:137} INFO - [2023-07-09T16:48:18.130+0000] {dag.py:2676} INFO - Sync 6 DAGs
[2023-07-09T16:48:18.170+0000] {logging_mixin.py:137} INFO - [2023-07-09T16:48:18.170+0000] {dag.py:3423} INFO - Setting next_dagrun for dataset_consumes_1 to None, run_after=None
[2023-07-09T16:48:18.178+0000] {logging_mixin.py:137} INFO - [2023-07-09T16:48:18.178+0000] {dag.py:3423} INFO - Setting next_dagrun for dataset_consumes_1_and_2 to None, run_after=None
[2023-07-09T16:48:18.181+0000] {logging_mixin.py:137} INFO - [2023-07-09T16:48:18.181+0000] {dag.py:3423} INFO - Setting next_dagrun for dataset_consumes_1_never_scheduled to None, run_after=None
[2023-07-09T16:48:18.183+0000] {logging_mixin.py:137} INFO - [2023-07-09T16:48:18.183+0000] {dag.py:3423} INFO - Setting next_dagrun for dataset_consumes_unknown_never_scheduled to None, run_after=None
[2023-07-09T16:48:18.187+0000] {logging_mixin.py:137} INFO - [2023-07-09T16:48:18.187+0000] {dag.py:3423} INFO - Setting next_dagrun for dataset_produces_1 to 2023-07-08T00:00:00+00:00, run_after=2023-07-09T00:00:00+00:00
[2023-07-09T16:48:18.189+0000] {logging_mixin.py:137} INFO - [2023-07-09T16:48:18.189+0000] {dag.py:3423} INFO - Setting next_dagrun for dataset_produces_2 to None, run_after=None
[2023-07-09T16:48:18.262+0000] {processor.py:175} INFO - Processing /home/ubuntu/venv/lib/python3.10/site-packages/airflow/example_dags/example_datasets.py took 0.269 seconds
[2023-07-09T16:48:48.700+0000] {processor.py:153} INFO - Started process (PID=4286) to work on /home/ubuntu/venv/lib/python3.10/site-packages/airflow/example_dags/example_datasets.py
[2023-07-09T16:48:48.701+0000] {processor.py:743} INFO - Processing file /home/ubuntu/venv/lib/python3.10/site-packages/airflow/example_dags/example_datasets.py for tasks to queue
[2023-07-09T16:48:48.702+0000] {logging_mixin.py:137} INFO - [2023-07-09T16:48:48.702+0000] {dagbag.py:538} INFO - Filling up the DagBag from /home/ubuntu/venv/lib/python3.10/site-packages/airflow/example_dags/example_datasets.py
[2023-07-09T16:48:48.724+0000] {processor.py:753} INFO - DAG(s) dict_keys(['dataset_produces_1', 'dataset_consumes_1', 'dataset_produces_2', 'dataset_consumes_unknown_never_scheduled', 'dataset_consumes_1_and_2', 'dataset_consumes_1_never_scheduled']) retrieved from /home/ubuntu/venv/lib/python3.10/site-packages/airflow/example_dags/example_datasets.py
[2023-07-09T16:48:48.814+0000] {logging_mixin.py:137} INFO - [2023-07-09T16:48:48.814+0000] {dag.py:2676} INFO - Sync 6 DAGs
[2023-07-09T16:48:48.878+0000] {logging_mixin.py:137} INFO - [2023-07-09T16:48:48.878+0000] {dag.py:3423} INFO - Setting next_dagrun for dataset_consumes_1 to None, run_after=None
[2023-07-09T16:48:48.890+0000] {logging_mixin.py:137} INFO - [2023-07-09T16:48:48.890+0000] {dag.py:3423} INFO - Setting next_dagrun for dataset_consumes_1_and_2 to None, run_after=None
[2023-07-09T16:48:48.894+0000] {logging_mixin.py:137} INFO - [2023-07-09T16:48:48.894+0000] {dag.py:3423} INFO - Setting next_dagrun for dataset_consumes_1_never_scheduled to None, run_after=None
[2023-07-09T16:48:48.897+0000] {logging_mixin.py:137} INFO - [2023-07-09T16:48:48.897+0000] {dag.py:3423} INFO - Setting next_dagrun for dataset_consumes_unknown_never_scheduled to None, run_after=None
[2023-07-09T16:48:48.902+0000] {logging_mixin.py:137} INFO - [2023-07-09T16:48:48.902+0000] {dag.py:3423} INFO - Setting next_dagrun for dataset_produces_1 to 2023-07-08T00:00:00+00:00, run_after=2023-07-09T00:00:00+00:00
[2023-07-09T16:48:48.908+0000] {logging_mixin.py:137} INFO - [2023-07-09T16:48:48.908+0000] {dag.py:3423} INFO - Setting next_dagrun for dataset_produces_2 to None, run_after=None
[2023-07-09T16:48:48.980+0000] {processor.py:175} INFO - Processing /home/ubuntu/venv/lib/python3.10/site-packages/airflow/example_dags/example_datasets.py took 0.284 seconds
[2023-07-09T16:49:19.812+0000] {processor.py:153} INFO - Started process (PID=4521) to work on /home/ubuntu/venv/lib/python3.10/site-packages/airflow/example_dags/example_datasets.py
[2023-07-09T16:49:19.814+0000] {processor.py:743} INFO - Processing file /home/ubuntu/venv/lib/python3.10/site-packages/airflow/example_dags/example_datasets.py for tasks to queue
[2023-07-09T16:49:19.815+0000] {logging_mixin.py:137} INFO - [2023-07-09T16:49:19.814+0000] {dagbag.py:538} INFO - Filling up the DagBag from /home/ubuntu/venv/lib/python3.10/site-packages/airflow/example_dags/example_datasets.py
[2023-07-09T16:49:19.837+0000] {processor.py:753} INFO - DAG(s) dict_keys(['dataset_consumes_1_never_scheduled', 'dataset_consumes_unknown_never_scheduled', 'dataset_produces_2', 'dataset_consumes_1_and_2', 'dataset_produces_1', 'dataset_consumes_1']) retrieved from /home/ubuntu/venv/lib/python3.10/site-packages/airflow/example_dags/example_datasets.py
[2023-07-09T16:49:19.920+0000] {logging_mixin.py:137} INFO - [2023-07-09T16:49:19.920+0000] {dag.py:2676} INFO - Sync 6 DAGs
[2023-07-09T16:49:19.968+0000] {logging_mixin.py:137} INFO - [2023-07-09T16:49:19.968+0000] {dag.py:3423} INFO - Setting next_dagrun for dataset_consumes_1 to None, run_after=None
[2023-07-09T16:49:19.973+0000] {logging_mixin.py:137} INFO - [2023-07-09T16:49:19.973+0000] {dag.py:3423} INFO - Setting next_dagrun for dataset_consumes_1_and_2 to None, run_after=None
[2023-07-09T16:49:19.975+0000] {logging_mixin.py:137} INFO - [2023-07-09T16:49:19.974+0000] {dag.py:3423} INFO - Setting next_dagrun for dataset_consumes_1_never_scheduled to None, run_after=None
[2023-07-09T16:49:19.976+0000] {logging_mixin.py:137} INFO - [2023-07-09T16:49:19.976+0000] {dag.py:3423} INFO - Setting next_dagrun for dataset_consumes_unknown_never_scheduled to None, run_after=None
[2023-07-09T16:49:19.979+0000] {logging_mixin.py:137} INFO - [2023-07-09T16:49:19.979+0000] {dag.py:3423} INFO - Setting next_dagrun for dataset_produces_1 to 2023-07-08T00:00:00+00:00, run_after=2023-07-09T00:00:00+00:00
[2023-07-09T16:49:19.981+0000] {logging_mixin.py:137} INFO - [2023-07-09T16:49:19.980+0000] {dag.py:3423} INFO - Setting next_dagrun for dataset_produces_2 to None, run_after=None
[2023-07-09T16:49:20.031+0000] {processor.py:175} INFO - Processing /home/ubuntu/venv/lib/python3.10/site-packages/airflow/example_dags/example_datasets.py took 0.223 seconds
[2023-07-09T16:49:50.926+0000] {processor.py:153} INFO - Started process (PID=4757) to work on /home/ubuntu/venv/lib/python3.10/site-packages/airflow/example_dags/example_datasets.py
[2023-07-09T16:49:50.927+0000] {processor.py:743} INFO - Processing file /home/ubuntu/venv/lib/python3.10/site-packages/airflow/example_dags/example_datasets.py for tasks to queue
[2023-07-09T16:49:50.928+0000] {logging_mixin.py:137} INFO - [2023-07-09T16:49:50.927+0000] {dagbag.py:538} INFO - Filling up the DagBag from /home/ubuntu/venv/lib/python3.10/site-packages/airflow/example_dags/example_datasets.py
[2023-07-09T16:49:50.954+0000] {processor.py:753} INFO - DAG(s) dict_keys(['dataset_produces_2', 'dataset_consumes_unknown_never_scheduled', 'dataset_consumes_1_and_2', 'dataset_produces_1', 'dataset_consumes_1', 'dataset_consumes_1_never_scheduled']) retrieved from /home/ubuntu/venv/lib/python3.10/site-packages/airflow/example_dags/example_datasets.py
[2023-07-09T16:49:51.041+0000] {logging_mixin.py:137} INFO - [2023-07-09T16:49:51.041+0000] {dag.py:2676} INFO - Sync 6 DAGs
[2023-07-09T16:49:51.077+0000] {logging_mixin.py:137} INFO - [2023-07-09T16:49:51.077+0000] {dag.py:3423} INFO - Setting next_dagrun for dataset_consumes_1 to None, run_after=None
[2023-07-09T16:49:51.081+0000] {logging_mixin.py:137} INFO - [2023-07-09T16:49:51.081+0000] {dag.py:3423} INFO - Setting next_dagrun for dataset_consumes_1_and_2 to None, run_after=None
[2023-07-09T16:49:51.083+0000] {logging_mixin.py:137} INFO - [2023-07-09T16:49:51.083+0000] {dag.py:3423} INFO - Setting next_dagrun for dataset_consumes_1_never_scheduled to None, run_after=None
[2023-07-09T16:49:51.085+0000] {logging_mixin.py:137} INFO - [2023-07-09T16:49:51.085+0000] {dag.py:3423} INFO - Setting next_dagrun for dataset_consumes_unknown_never_scheduled to None, run_after=None
[2023-07-09T16:49:51.089+0000] {logging_mixin.py:137} INFO - [2023-07-09T16:49:51.088+0000] {dag.py:3423} INFO - Setting next_dagrun for dataset_produces_1 to 2023-07-08T00:00:00+00:00, run_after=2023-07-09T00:00:00+00:00
[2023-07-09T16:49:51.090+0000] {logging_mixin.py:137} INFO - [2023-07-09T16:49:51.090+0000] {dag.py:3423} INFO - Setting next_dagrun for dataset_produces_2 to None, run_after=None
[2023-07-09T16:49:51.129+0000] {processor.py:175} INFO - Processing /home/ubuntu/venv/lib/python3.10/site-packages/airflow/example_dags/example_datasets.py took 0.208 seconds
[2023-07-09T16:50:21.390+0000] {processor.py:153} INFO - Started process (PID=4986) to work on /home/ubuntu/venv/lib/python3.10/site-packages/airflow/example_dags/example_datasets.py
[2023-07-09T16:50:21.391+0000] {processor.py:743} INFO - Processing file /home/ubuntu/venv/lib/python3.10/site-packages/airflow/example_dags/example_datasets.py for tasks to queue
[2023-07-09T16:50:21.392+0000] {logging_mixin.py:137} INFO - [2023-07-09T16:50:21.392+0000] {dagbag.py:538} INFO - Filling up the DagBag from /home/ubuntu/venv/lib/python3.10/site-packages/airflow/example_dags/example_datasets.py
[2023-07-09T16:50:21.434+0000] {processor.py:753} INFO - DAG(s) dict_keys(['dataset_consumes_unknown_never_scheduled', 'dataset_produces_2', 'dataset_produces_1', 'dataset_consumes_1_and_2', 'dataset_consumes_1', 'dataset_consumes_1_never_scheduled']) retrieved from /home/ubuntu/venv/lib/python3.10/site-packages/airflow/example_dags/example_datasets.py
[2023-07-09T16:50:21.537+0000] {logging_mixin.py:137} INFO - [2023-07-09T16:50:21.537+0000] {dag.py:2676} INFO - Sync 6 DAGs
[2023-07-09T16:50:21.581+0000] {logging_mixin.py:137} INFO - [2023-07-09T16:50:21.581+0000] {dag.py:3423} INFO - Setting next_dagrun for dataset_consumes_1 to None, run_after=None
[2023-07-09T16:50:21.589+0000] {logging_mixin.py:137} INFO - [2023-07-09T16:50:21.589+0000] {dag.py:3423} INFO - Setting next_dagrun for dataset_consumes_1_and_2 to None, run_after=None
[2023-07-09T16:50:21.592+0000] {logging_mixin.py:137} INFO - [2023-07-09T16:50:21.591+0000] {dag.py:3423} INFO - Setting next_dagrun for dataset_consumes_1_never_scheduled to None, run_after=None
[2023-07-09T16:50:21.593+0000] {logging_mixin.py:137} INFO - [2023-07-09T16:50:21.593+0000] {dag.py:3423} INFO - Setting next_dagrun for dataset_consumes_unknown_never_scheduled to None, run_after=None
[2023-07-09T16:50:21.598+0000] {logging_mixin.py:137} INFO - [2023-07-09T16:50:21.598+0000] {dag.py:3423} INFO - Setting next_dagrun for dataset_produces_1 to 2023-07-08T00:00:00+00:00, run_after=2023-07-09T00:00:00+00:00
[2023-07-09T16:50:21.599+0000] {logging_mixin.py:137} INFO - [2023-07-09T16:50:21.599+0000] {dag.py:3423} INFO - Setting next_dagrun for dataset_produces_2 to None, run_after=None
[2023-07-09T16:50:21.645+0000] {processor.py:175} INFO - Processing /home/ubuntu/venv/lib/python3.10/site-packages/airflow/example_dags/example_datasets.py took 0.260 seconds
[2023-07-09T16:50:52.031+0000] {processor.py:153} INFO - Started process (PID=5222) to work on /home/ubuntu/venv/lib/python3.10/site-packages/airflow/example_dags/example_datasets.py
[2023-07-09T16:50:52.032+0000] {processor.py:743} INFO - Processing file /home/ubuntu/venv/lib/python3.10/site-packages/airflow/example_dags/example_datasets.py for tasks to queue
[2023-07-09T16:50:52.032+0000] {logging_mixin.py:137} INFO - [2023-07-09T16:50:52.032+0000] {dagbag.py:538} INFO - Filling up the DagBag from /home/ubuntu/venv/lib/python3.10/site-packages/airflow/example_dags/example_datasets.py
[2023-07-09T16:50:52.056+0000] {processor.py:753} INFO - DAG(s) dict_keys(['dataset_consumes_unknown_never_scheduled', 'dataset_produces_2', 'dataset_produces_1', 'dataset_consumes_1', 'dataset_consumes_1_and_2', 'dataset_consumes_1_never_scheduled']) retrieved from /home/ubuntu/venv/lib/python3.10/site-packages/airflow/example_dags/example_datasets.py
[2023-07-09T16:50:52.147+0000] {logging_mixin.py:137} INFO - [2023-07-09T16:50:52.147+0000] {dag.py:2676} INFO - Sync 6 DAGs
[2023-07-09T16:50:52.182+0000] {logging_mixin.py:137} INFO - [2023-07-09T16:50:52.181+0000] {dag.py:3423} INFO - Setting next_dagrun for dataset_consumes_1 to None, run_after=None
[2023-07-09T16:50:52.186+0000] {logging_mixin.py:137} INFO - [2023-07-09T16:50:52.186+0000] {dag.py:3423} INFO - Setting next_dagrun for dataset_consumes_1_and_2 to None, run_after=None
[2023-07-09T16:50:52.188+0000] {logging_mixin.py:137} INFO - [2023-07-09T16:50:52.187+0000] {dag.py:3423} INFO - Setting next_dagrun for dataset_consumes_1_never_scheduled to None, run_after=None
[2023-07-09T16:50:52.189+0000] {logging_mixin.py:137} INFO - [2023-07-09T16:50:52.189+0000] {dag.py:3423} INFO - Setting next_dagrun for dataset_consumes_unknown_never_scheduled to None, run_after=None
[2023-07-09T16:50:52.194+0000] {logging_mixin.py:137} INFO - [2023-07-09T16:50:52.193+0000] {dag.py:3423} INFO - Setting next_dagrun for dataset_produces_1 to 2023-07-08T00:00:00+00:00, run_after=2023-07-09T00:00:00+00:00
[2023-07-09T16:50:52.195+0000] {logging_mixin.py:137} INFO - [2023-07-09T16:50:52.195+0000] {dag.py:3423} INFO - Setting next_dagrun for dataset_produces_2 to None, run_after=None
[2023-07-09T16:50:52.257+0000] {processor.py:175} INFO - Processing /home/ubuntu/venv/lib/python3.10/site-packages/airflow/example_dags/example_datasets.py took 0.230 seconds
[2023-07-09T16:54:53.047+0000] {processor.py:153} INFO - Started process (PID=5736) to work on /home/ubuntu/venv/lib/python3.10/site-packages/airflow/example_dags/example_datasets.py
[2023-07-09T16:54:53.051+0000] {processor.py:743} INFO - Processing file /home/ubuntu/venv/lib/python3.10/site-packages/airflow/example_dags/example_datasets.py for tasks to queue
[2023-07-09T16:54:53.052+0000] {logging_mixin.py:137} INFO - [2023-07-09T16:54:53.052+0000] {dagbag.py:538} INFO - Filling up the DagBag from /home/ubuntu/venv/lib/python3.10/site-packages/airflow/example_dags/example_datasets.py
[2023-07-09T16:54:53.151+0000] {processor.py:753} INFO - DAG(s) dict_keys(['dataset_consumes_unknown_never_scheduled', 'dataset_produces_2', 'dataset_consumes_1_never_scheduled', 'dataset_consumes_1_and_2', 'dataset_produces_1', 'dataset_consumes_1']) retrieved from /home/ubuntu/venv/lib/python3.10/site-packages/airflow/example_dags/example_datasets.py
[2023-07-09T16:54:53.721+0000] {logging_mixin.py:137} INFO - [2023-07-09T16:54:53.721+0000] {dag.py:2676} INFO - Sync 6 DAGs
[2023-07-09T16:54:53.826+0000] {logging_mixin.py:137} INFO - [2023-07-09T16:54:53.826+0000] {dag.py:3423} INFO - Setting next_dagrun for dataset_consumes_1 to None, run_after=None
[2023-07-09T16:54:53.840+0000] {logging_mixin.py:137} INFO - [2023-07-09T16:54:53.840+0000] {dag.py:3423} INFO - Setting next_dagrun for dataset_consumes_1_and_2 to None, run_after=None
[2023-07-09T16:54:53.845+0000] {logging_mixin.py:137} INFO - [2023-07-09T16:54:53.845+0000] {dag.py:3423} INFO - Setting next_dagrun for dataset_consumes_1_never_scheduled to None, run_after=None
[2023-07-09T16:54:53.847+0000] {logging_mixin.py:137} INFO - [2023-07-09T16:54:53.847+0000] {dag.py:3423} INFO - Setting next_dagrun for dataset_consumes_unknown_never_scheduled to None, run_after=None
[2023-07-09T16:54:53.875+0000] {logging_mixin.py:137} INFO - [2023-07-09T16:54:53.865+0000] {dag.py:3423} INFO - Setting next_dagrun for dataset_produces_1 to 2023-07-08T00:00:00+00:00, run_after=2023-07-09T00:00:00+00:00
[2023-07-09T16:54:53.880+0000] {logging_mixin.py:137} INFO - [2023-07-09T16:54:53.880+0000] {dag.py:3423} INFO - Setting next_dagrun for dataset_produces_2 to None, run_after=None
[2023-07-09T16:54:54.073+0000] {processor.py:175} INFO - Processing /home/ubuntu/venv/lib/python3.10/site-packages/airflow/example_dags/example_datasets.py took 1.058 seconds
[2023-07-09T16:55:24.176+0000] {processor.py:153} INFO - Started process (PID=6028) to work on /home/ubuntu/venv/lib/python3.10/site-packages/airflow/example_dags/example_datasets.py
[2023-07-09T16:55:24.177+0000] {processor.py:743} INFO - Processing file /home/ubuntu/venv/lib/python3.10/site-packages/airflow/example_dags/example_datasets.py for tasks to queue
[2023-07-09T16:55:24.178+0000] {logging_mixin.py:137} INFO - [2023-07-09T16:55:24.178+0000] {dagbag.py:538} INFO - Filling up the DagBag from /home/ubuntu/venv/lib/python3.10/site-packages/airflow/example_dags/example_datasets.py
[2023-07-09T16:55:24.205+0000] {processor.py:753} INFO - DAG(s) dict_keys(['dataset_produces_2', 'dataset_consumes_unknown_never_scheduled', 'dataset_consumes_1_and_2', 'dataset_consumes_1_never_scheduled', 'dataset_produces_1', 'dataset_consumes_1']) retrieved from /home/ubuntu/venv/lib/python3.10/site-packages/airflow/example_dags/example_datasets.py
[2023-07-09T16:55:24.307+0000] {logging_mixin.py:137} INFO - [2023-07-09T16:55:24.307+0000] {dag.py:2676} INFO - Sync 6 DAGs
[2023-07-09T16:55:24.337+0000] {logging_mixin.py:137} INFO - [2023-07-09T16:55:24.337+0000] {dag.py:3423} INFO - Setting next_dagrun for dataset_consumes_1 to None, run_after=None
[2023-07-09T16:55:24.342+0000] {logging_mixin.py:137} INFO - [2023-07-09T16:55:24.342+0000] {dag.py:3423} INFO - Setting next_dagrun for dataset_consumes_1_and_2 to None, run_after=None
[2023-07-09T16:55:24.343+0000] {logging_mixin.py:137} INFO - [2023-07-09T16:55:24.343+0000] {dag.py:3423} INFO - Setting next_dagrun for dataset_consumes_1_never_scheduled to None, run_after=None
[2023-07-09T16:55:24.345+0000] {logging_mixin.py:137} INFO - [2023-07-09T16:55:24.344+0000] {dag.py:3423} INFO - Setting next_dagrun for dataset_consumes_unknown_never_scheduled to None, run_after=None
[2023-07-09T16:55:24.347+0000] {logging_mixin.py:137} INFO - [2023-07-09T16:55:24.347+0000] {dag.py:3423} INFO - Setting next_dagrun for dataset_produces_1 to 2023-07-08T00:00:00+00:00, run_after=2023-07-09T00:00:00+00:00
[2023-07-09T16:55:24.349+0000] {logging_mixin.py:137} INFO - [2023-07-09T16:55:24.349+0000] {dag.py:3423} INFO - Setting next_dagrun for dataset_produces_2 to None, run_after=None
[2023-07-09T16:55:24.385+0000] {processor.py:175} INFO - Processing /home/ubuntu/venv/lib/python3.10/site-packages/airflow/example_dags/example_datasets.py took 0.215 seconds
[2023-07-09T16:55:54.608+0000] {processor.py:153} INFO - Started process (PID=6262) to work on /home/ubuntu/venv/lib/python3.10/site-packages/airflow/example_dags/example_datasets.py
[2023-07-09T16:55:54.610+0000] {processor.py:743} INFO - Processing file /home/ubuntu/venv/lib/python3.10/site-packages/airflow/example_dags/example_datasets.py for tasks to queue
[2023-07-09T16:55:54.611+0000] {logging_mixin.py:137} INFO - [2023-07-09T16:55:54.611+0000] {dagbag.py:538} INFO - Filling up the DagBag from /home/ubuntu/venv/lib/python3.10/site-packages/airflow/example_dags/example_datasets.py
[2023-07-09T16:55:54.639+0000] {processor.py:753} INFO - DAG(s) dict_keys(['dataset_produces_2', 'dataset_consumes_1_never_scheduled', 'dataset_consumes_1', 'dataset_produces_1', 'dataset_consumes_unknown_never_scheduled', 'dataset_consumes_1_and_2']) retrieved from /home/ubuntu/venv/lib/python3.10/site-packages/airflow/example_dags/example_datasets.py
[2023-07-09T16:55:54.745+0000] {logging_mixin.py:137} INFO - [2023-07-09T16:55:54.744+0000] {dag.py:2676} INFO - Sync 6 DAGs
[2023-07-09T16:55:54.791+0000] {logging_mixin.py:137} INFO - [2023-07-09T16:55:54.790+0000] {dag.py:3423} INFO - Setting next_dagrun for dataset_consumes_1 to None, run_after=None
[2023-07-09T16:55:54.796+0000] {logging_mixin.py:137} INFO - [2023-07-09T16:55:54.796+0000] {dag.py:3423} INFO - Setting next_dagrun for dataset_consumes_1_and_2 to None, run_after=None
[2023-07-09T16:55:54.798+0000] {logging_mixin.py:137} INFO - [2023-07-09T16:55:54.798+0000] {dag.py:3423} INFO - Setting next_dagrun for dataset_consumes_1_never_scheduled to None, run_after=None
[2023-07-09T16:55:54.800+0000] {logging_mixin.py:137} INFO - [2023-07-09T16:55:54.800+0000] {dag.py:3423} INFO - Setting next_dagrun for dataset_consumes_unknown_never_scheduled to None, run_after=None
[2023-07-09T16:55:54.805+0000] {logging_mixin.py:137} INFO - [2023-07-09T16:55:54.804+0000] {dag.py:3423} INFO - Setting next_dagrun for dataset_produces_1 to 2023-07-08T00:00:00+00:00, run_after=2023-07-09T00:00:00+00:00
[2023-07-09T16:55:54.813+0000] {logging_mixin.py:137} INFO - [2023-07-09T16:55:54.813+0000] {dag.py:3423} INFO - Setting next_dagrun for dataset_produces_2 to None, run_after=None
[2023-07-09T16:55:54.902+0000] {processor.py:175} INFO - Processing /home/ubuntu/venv/lib/python3.10/site-packages/airflow/example_dags/example_datasets.py took 0.298 seconds
[2023-07-09T16:56:25.556+0000] {processor.py:153} INFO - Started process (PID=6496) to work on /home/ubuntu/venv/lib/python3.10/site-packages/airflow/example_dags/example_datasets.py
[2023-07-09T16:56:25.557+0000] {processor.py:743} INFO - Processing file /home/ubuntu/venv/lib/python3.10/site-packages/airflow/example_dags/example_datasets.py for tasks to queue
[2023-07-09T16:56:25.558+0000] {logging_mixin.py:137} INFO - [2023-07-09T16:56:25.558+0000] {dagbag.py:538} INFO - Filling up the DagBag from /home/ubuntu/venv/lib/python3.10/site-packages/airflow/example_dags/example_datasets.py
[2023-07-09T16:56:25.582+0000] {processor.py:753} INFO - DAG(s) dict_keys(['dataset_consumes_1_never_scheduled', 'dataset_produces_1', 'dataset_consumes_1_and_2', 'dataset_consumes_unknown_never_scheduled', 'dataset_produces_2', 'dataset_consumes_1']) retrieved from /home/ubuntu/venv/lib/python3.10/site-packages/airflow/example_dags/example_datasets.py
[2023-07-09T16:56:25.665+0000] {logging_mixin.py:137} INFO - [2023-07-09T16:56:25.665+0000] {dag.py:2676} INFO - Sync 6 DAGs
[2023-07-09T16:56:25.703+0000] {logging_mixin.py:137} INFO - [2023-07-09T16:56:25.703+0000] {dag.py:3423} INFO - Setting next_dagrun for dataset_consumes_1 to None, run_after=None
[2023-07-09T16:56:25.709+0000] {logging_mixin.py:137} INFO - [2023-07-09T16:56:25.708+0000] {dag.py:3423} INFO - Setting next_dagrun for dataset_consumes_1_and_2 to None, run_after=None
[2023-07-09T16:56:25.710+0000] {logging_mixin.py:137} INFO - [2023-07-09T16:56:25.710+0000] {dag.py:3423} INFO - Setting next_dagrun for dataset_consumes_1_never_scheduled to None, run_after=None
[2023-07-09T16:56:25.712+0000] {logging_mixin.py:137} INFO - [2023-07-09T16:56:25.712+0000] {dag.py:3423} INFO - Setting next_dagrun for dataset_consumes_unknown_never_scheduled to None, run_after=None
[2023-07-09T16:56:25.715+0000] {logging_mixin.py:137} INFO - [2023-07-09T16:56:25.715+0000] {dag.py:3423} INFO - Setting next_dagrun for dataset_produces_1 to 2023-07-08T00:00:00+00:00, run_after=2023-07-09T00:00:00+00:00
[2023-07-09T16:56:25.716+0000] {logging_mixin.py:137} INFO - [2023-07-09T16:56:25.716+0000] {dag.py:3423} INFO - Setting next_dagrun for dataset_produces_2 to None, run_after=None
[2023-07-09T16:56:25.761+0000] {processor.py:175} INFO - Processing /home/ubuntu/venv/lib/python3.10/site-packages/airflow/example_dags/example_datasets.py took 0.210 seconds
[2023-07-09T16:56:56.307+0000] {processor.py:153} INFO - Started process (PID=6754) to work on /home/ubuntu/venv/lib/python3.10/site-packages/airflow/example_dags/example_datasets.py
[2023-07-09T16:56:56.309+0000] {processor.py:743} INFO - Processing file /home/ubuntu/venv/lib/python3.10/site-packages/airflow/example_dags/example_datasets.py for tasks to queue
[2023-07-09T16:56:56.309+0000] {logging_mixin.py:137} INFO - [2023-07-09T16:56:56.309+0000] {dagbag.py:538} INFO - Filling up the DagBag from /home/ubuntu/venv/lib/python3.10/site-packages/airflow/example_dags/example_datasets.py
[2023-07-09T16:56:56.336+0000] {processor.py:753} INFO - DAG(s) dict_keys(['dataset_produces_2', 'dataset_consumes_1_never_scheduled', 'dataset_produces_1', 'dataset_consumes_1_and_2', 'dataset_consumes_1', 'dataset_consumes_unknown_never_scheduled']) retrieved from /home/ubuntu/venv/lib/python3.10/site-packages/airflow/example_dags/example_datasets.py
[2023-07-09T16:56:56.441+0000] {logging_mixin.py:137} INFO - [2023-07-09T16:56:56.440+0000] {dag.py:2676} INFO - Sync 6 DAGs
[2023-07-09T16:56:56.477+0000] {logging_mixin.py:137} INFO - [2023-07-09T16:56:56.476+0000] {dag.py:3423} INFO - Setting next_dagrun for dataset_consumes_1 to None, run_after=None
[2023-07-09T16:56:56.481+0000] {logging_mixin.py:137} INFO - [2023-07-09T16:56:56.481+0000] {dag.py:3423} INFO - Setting next_dagrun for dataset_consumes_1_and_2 to None, run_after=None
[2023-07-09T16:56:56.483+0000] {logging_mixin.py:137} INFO - [2023-07-09T16:56:56.483+0000] {dag.py:3423} INFO - Setting next_dagrun for dataset_consumes_1_never_scheduled to None, run_after=None
[2023-07-09T16:56:56.485+0000] {logging_mixin.py:137} INFO - [2023-07-09T16:56:56.485+0000] {dag.py:3423} INFO - Setting next_dagrun for dataset_consumes_unknown_never_scheduled to None, run_after=None
[2023-07-09T16:56:56.489+0000] {logging_mixin.py:137} INFO - [2023-07-09T16:56:56.489+0000] {dag.py:3423} INFO - Setting next_dagrun for dataset_produces_1 to 2023-07-08T00:00:00+00:00, run_after=2023-07-09T00:00:00+00:00
[2023-07-09T16:56:56.491+0000] {logging_mixin.py:137} INFO - [2023-07-09T16:56:56.491+0000] {dag.py:3423} INFO - Setting next_dagrun for dataset_produces_2 to None, run_after=None
[2023-07-09T16:56:56.537+0000] {processor.py:175} INFO - Processing /home/ubuntu/venv/lib/python3.10/site-packages/airflow/example_dags/example_datasets.py took 0.234 seconds
[2023-07-09T16:57:27.277+0000] {processor.py:153} INFO - Started process (PID=6989) to work on /home/ubuntu/venv/lib/python3.10/site-packages/airflow/example_dags/example_datasets.py
[2023-07-09T16:57:27.278+0000] {processor.py:743} INFO - Processing file /home/ubuntu/venv/lib/python3.10/site-packages/airflow/example_dags/example_datasets.py for tasks to queue
[2023-07-09T16:57:27.279+0000] {logging_mixin.py:137} INFO - [2023-07-09T16:57:27.279+0000] {dagbag.py:538} INFO - Filling up the DagBag from /home/ubuntu/venv/lib/python3.10/site-packages/airflow/example_dags/example_datasets.py
[2023-07-09T16:57:27.307+0000] {processor.py:753} INFO - DAG(s) dict_keys(['dataset_consumes_1_never_scheduled', 'dataset_produces_2', 'dataset_consumes_1_and_2', 'dataset_consumes_unknown_never_scheduled', 'dataset_consumes_1', 'dataset_produces_1']) retrieved from /home/ubuntu/venv/lib/python3.10/site-packages/airflow/example_dags/example_datasets.py
[2023-07-09T16:57:27.430+0000] {logging_mixin.py:137} INFO - [2023-07-09T16:57:27.430+0000] {dag.py:2676} INFO - Sync 6 DAGs
[2023-07-09T16:57:27.470+0000] {logging_mixin.py:137} INFO - [2023-07-09T16:57:27.469+0000] {dag.py:3423} INFO - Setting next_dagrun for dataset_consumes_1 to None, run_after=None
[2023-07-09T16:57:27.478+0000] {logging_mixin.py:137} INFO - [2023-07-09T16:57:27.478+0000] {dag.py:3423} INFO - Setting next_dagrun for dataset_consumes_1_and_2 to None, run_after=None
[2023-07-09T16:57:27.480+0000] {logging_mixin.py:137} INFO - [2023-07-09T16:57:27.480+0000] {dag.py:3423} INFO - Setting next_dagrun for dataset_consumes_1_never_scheduled to None, run_after=None
[2023-07-09T16:57:27.481+0000] {logging_mixin.py:137} INFO - [2023-07-09T16:57:27.481+0000] {dag.py:3423} INFO - Setting next_dagrun for dataset_consumes_unknown_never_scheduled to None, run_after=None
[2023-07-09T16:57:27.485+0000] {logging_mixin.py:137} INFO - [2023-07-09T16:57:27.485+0000] {dag.py:3423} INFO - Setting next_dagrun for dataset_produces_1 to 2023-07-08T00:00:00+00:00, run_after=2023-07-09T00:00:00+00:00
[2023-07-09T16:57:27.487+0000] {logging_mixin.py:137} INFO - [2023-07-09T16:57:27.487+0000] {dag.py:3423} INFO - Setting next_dagrun for dataset_produces_2 to None, run_after=None
[2023-07-09T16:57:27.577+0000] {processor.py:175} INFO - Processing /home/ubuntu/venv/lib/python3.10/site-packages/airflow/example_dags/example_datasets.py took 0.305 seconds
[2023-07-09T16:57:58.464+0000] {processor.py:153} INFO - Started process (PID=7227) to work on /home/ubuntu/venv/lib/python3.10/site-packages/airflow/example_dags/example_datasets.py
[2023-07-09T16:57:58.465+0000] {processor.py:743} INFO - Processing file /home/ubuntu/venv/lib/python3.10/site-packages/airflow/example_dags/example_datasets.py for tasks to queue
[2023-07-09T16:57:58.466+0000] {logging_mixin.py:137} INFO - [2023-07-09T16:57:58.466+0000] {dagbag.py:538} INFO - Filling up the DagBag from /home/ubuntu/venv/lib/python3.10/site-packages/airflow/example_dags/example_datasets.py
[2023-07-09T16:57:58.483+0000] {processor.py:753} INFO - DAG(s) dict_keys(['dataset_produces_2', 'dataset_consumes_1', 'dataset_consumes_unknown_never_scheduled', 'dataset_consumes_1_never_scheduled', 'dataset_consumes_1_and_2', 'dataset_produces_1']) retrieved from /home/ubuntu/venv/lib/python3.10/site-packages/airflow/example_dags/example_datasets.py
[2023-07-09T16:57:58.543+0000] {logging_mixin.py:137} INFO - [2023-07-09T16:57:58.543+0000] {dag.py:2676} INFO - Sync 6 DAGs
[2023-07-09T16:57:58.576+0000] {logging_mixin.py:137} INFO - [2023-07-09T16:57:58.576+0000] {dag.py:3423} INFO - Setting next_dagrun for dataset_consumes_1 to None, run_after=None
[2023-07-09T16:57:58.579+0000] {logging_mixin.py:137} INFO - [2023-07-09T16:57:58.579+0000] {dag.py:3423} INFO - Setting next_dagrun for dataset_consumes_1_and_2 to None, run_after=None
[2023-07-09T16:57:58.581+0000] {logging_mixin.py:137} INFO - [2023-07-09T16:57:58.581+0000] {dag.py:3423} INFO - Setting next_dagrun for dataset_consumes_1_never_scheduled to None, run_after=None
[2023-07-09T16:57:58.583+0000] {logging_mixin.py:137} INFO - [2023-07-09T16:57:58.583+0000] {dag.py:3423} INFO - Setting next_dagrun for dataset_consumes_unknown_never_scheduled to None, run_after=None
[2023-07-09T16:57:58.586+0000] {logging_mixin.py:137} INFO - [2023-07-09T16:57:58.586+0000] {dag.py:3423} INFO - Setting next_dagrun for dataset_produces_1 to 2023-07-08T00:00:00+00:00, run_after=2023-07-09T00:00:00+00:00
[2023-07-09T16:57:58.587+0000] {logging_mixin.py:137} INFO - [2023-07-09T16:57:58.587+0000] {dag.py:3423} INFO - Setting next_dagrun for dataset_produces_2 to None, run_after=None
[2023-07-09T16:57:58.624+0000] {processor.py:175} INFO - Processing /home/ubuntu/venv/lib/python3.10/site-packages/airflow/example_dags/example_datasets.py took 0.164 seconds
[2023-07-09T16:58:29.480+0000] {processor.py:153} INFO - Started process (PID=7460) to work on /home/ubuntu/venv/lib/python3.10/site-packages/airflow/example_dags/example_datasets.py
[2023-07-09T16:58:29.481+0000] {processor.py:743} INFO - Processing file /home/ubuntu/venv/lib/python3.10/site-packages/airflow/example_dags/example_datasets.py for tasks to queue
[2023-07-09T16:58:29.482+0000] {logging_mixin.py:137} INFO - [2023-07-09T16:58:29.482+0000] {dagbag.py:538} INFO - Filling up the DagBag from /home/ubuntu/venv/lib/python3.10/site-packages/airflow/example_dags/example_datasets.py
[2023-07-09T16:58:29.503+0000] {processor.py:753} INFO - DAG(s) dict_keys(['dataset_consumes_1', 'dataset_consumes_unknown_never_scheduled', 'dataset_produces_1', 'dataset_consumes_1_and_2', 'dataset_produces_2', 'dataset_consumes_1_never_scheduled']) retrieved from /home/ubuntu/venv/lib/python3.10/site-packages/airflow/example_dags/example_datasets.py
[2023-07-09T16:58:29.589+0000] {logging_mixin.py:137} INFO - [2023-07-09T16:58:29.589+0000] {dag.py:2676} INFO - Sync 6 DAGs
[2023-07-09T16:58:29.632+0000] {logging_mixin.py:137} INFO - [2023-07-09T16:58:29.632+0000] {dag.py:3423} INFO - Setting next_dagrun for dataset_consumes_1 to None, run_after=None
[2023-07-09T16:58:29.636+0000] {logging_mixin.py:137} INFO - [2023-07-09T16:58:29.636+0000] {dag.py:3423} INFO - Setting next_dagrun for dataset_consumes_1_and_2 to None, run_after=None
[2023-07-09T16:58:29.638+0000] {logging_mixin.py:137} INFO - [2023-07-09T16:58:29.638+0000] {dag.py:3423} INFO - Setting next_dagrun for dataset_consumes_1_never_scheduled to None, run_after=None
[2023-07-09T16:58:29.639+0000] {logging_mixin.py:137} INFO - [2023-07-09T16:58:29.639+0000] {dag.py:3423} INFO - Setting next_dagrun for dataset_consumes_unknown_never_scheduled to None, run_after=None
[2023-07-09T16:58:29.643+0000] {logging_mixin.py:137} INFO - [2023-07-09T16:58:29.643+0000] {dag.py:3423} INFO - Setting next_dagrun for dataset_produces_1 to 2023-07-08T00:00:00+00:00, run_after=2023-07-09T00:00:00+00:00
[2023-07-09T16:58:29.645+0000] {logging_mixin.py:137} INFO - [2023-07-09T16:58:29.644+0000] {dag.py:3423} INFO - Setting next_dagrun for dataset_produces_2 to None, run_after=None
[2023-07-09T16:58:29.684+0000] {processor.py:175} INFO - Processing /home/ubuntu/venv/lib/python3.10/site-packages/airflow/example_dags/example_datasets.py took 0.208 seconds
[2023-07-09T16:59:00.584+0000] {processor.py:153} INFO - Started process (PID=7696) to work on /home/ubuntu/venv/lib/python3.10/site-packages/airflow/example_dags/example_datasets.py
[2023-07-09T16:59:00.591+0000] {processor.py:743} INFO - Processing file /home/ubuntu/venv/lib/python3.10/site-packages/airflow/example_dags/example_datasets.py for tasks to queue
[2023-07-09T16:59:00.592+0000] {logging_mixin.py:137} INFO - [2023-07-09T16:59:00.592+0000] {dagbag.py:538} INFO - Filling up the DagBag from /home/ubuntu/venv/lib/python3.10/site-packages/airflow/example_dags/example_datasets.py
[2023-07-09T16:59:00.655+0000] {processor.py:753} INFO - DAG(s) dict_keys(['dataset_produces_1', 'dataset_consumes_unknown_never_scheduled', 'dataset_consumes_1_and_2', 'dataset_consumes_1', 'dataset_consumes_1_never_scheduled', 'dataset_produces_2']) retrieved from /home/ubuntu/venv/lib/python3.10/site-packages/airflow/example_dags/example_datasets.py
[2023-07-09T16:59:00.790+0000] {logging_mixin.py:137} INFO - [2023-07-09T16:59:00.790+0000] {dag.py:2676} INFO - Sync 6 DAGs
[2023-07-09T16:59:00.827+0000] {logging_mixin.py:137} INFO - [2023-07-09T16:59:00.827+0000] {dag.py:3423} INFO - Setting next_dagrun for dataset_consumes_1 to None, run_after=None
[2023-07-09T16:59:00.836+0000] {logging_mixin.py:137} INFO - [2023-07-09T16:59:00.835+0000] {dag.py:3423} INFO - Setting next_dagrun for dataset_consumes_1_and_2 to None, run_after=None
[2023-07-09T16:59:00.838+0000] {logging_mixin.py:137} INFO - [2023-07-09T16:59:00.838+0000] {dag.py:3423} INFO - Setting next_dagrun for dataset_consumes_1_never_scheduled to None, run_after=None
[2023-07-09T16:59:00.839+0000] {logging_mixin.py:137} INFO - [2023-07-09T16:59:00.839+0000] {dag.py:3423} INFO - Setting next_dagrun for dataset_consumes_unknown_never_scheduled to None, run_after=None
[2023-07-09T16:59:00.844+0000] {logging_mixin.py:137} INFO - [2023-07-09T16:59:00.844+0000] {dag.py:3423} INFO - Setting next_dagrun for dataset_produces_1 to 2023-07-08T00:00:00+00:00, run_after=2023-07-09T00:00:00+00:00
[2023-07-09T16:59:00.846+0000] {logging_mixin.py:137} INFO - [2023-07-09T16:59:00.846+0000] {dag.py:3423} INFO - Setting next_dagrun for dataset_produces_2 to None, run_after=None
[2023-07-09T16:59:01.089+0000] {processor.py:175} INFO - Processing /home/ubuntu/venv/lib/python3.10/site-packages/airflow/example_dags/example_datasets.py took 0.510 seconds
[2023-07-09T16:59:31.886+0000] {processor.py:153} INFO - Started process (PID=7932) to work on /home/ubuntu/venv/lib/python3.10/site-packages/airflow/example_dags/example_datasets.py
[2023-07-09T16:59:31.894+0000] {processor.py:743} INFO - Processing file /home/ubuntu/venv/lib/python3.10/site-packages/airflow/example_dags/example_datasets.py for tasks to queue
[2023-07-09T16:59:31.895+0000] {logging_mixin.py:137} INFO - [2023-07-09T16:59:31.895+0000] {dagbag.py:538} INFO - Filling up the DagBag from /home/ubuntu/venv/lib/python3.10/site-packages/airflow/example_dags/example_datasets.py
[2023-07-09T16:59:31.941+0000] {processor.py:753} INFO - DAG(s) dict_keys(['dataset_produces_1', 'dataset_consumes_1', 'dataset_produces_2', 'dataset_consumes_unknown_never_scheduled', 'dataset_consumes_1_and_2', 'dataset_consumes_1_never_scheduled']) retrieved from /home/ubuntu/venv/lib/python3.10/site-packages/airflow/example_dags/example_datasets.py
[2023-07-09T16:59:32.054+0000] {logging_mixin.py:137} INFO - [2023-07-09T16:59:32.053+0000] {dag.py:2676} INFO - Sync 6 DAGs
[2023-07-09T16:59:32.291+0000] {logging_mixin.py:137} INFO - [2023-07-09T16:59:32.291+0000] {dag.py:3423} INFO - Setting next_dagrun for dataset_consumes_1 to None, run_after=None
[2023-07-09T16:59:32.295+0000] {logging_mixin.py:137} INFO - [2023-07-09T16:59:32.295+0000] {dag.py:3423} INFO - Setting next_dagrun for dataset_consumes_1_and_2 to None, run_after=None
[2023-07-09T16:59:32.297+0000] {logging_mixin.py:137} INFO - [2023-07-09T16:59:32.297+0000] {dag.py:3423} INFO - Setting next_dagrun for dataset_consumes_1_never_scheduled to None, run_after=None
[2023-07-09T16:59:32.298+0000] {logging_mixin.py:137} INFO - [2023-07-09T16:59:32.298+0000] {dag.py:3423} INFO - Setting next_dagrun for dataset_consumes_unknown_never_scheduled to None, run_after=None
[2023-07-09T16:59:32.301+0000] {logging_mixin.py:137} INFO - [2023-07-09T16:59:32.301+0000] {dag.py:3423} INFO - Setting next_dagrun for dataset_produces_1 to 2023-07-08T00:00:00+00:00, run_after=2023-07-09T00:00:00+00:00
[2023-07-09T16:59:32.303+0000] {logging_mixin.py:137} INFO - [2023-07-09T16:59:32.303+0000] {dag.py:3423} INFO - Setting next_dagrun for dataset_produces_2 to None, run_after=None
[2023-07-09T16:59:32.340+0000] {processor.py:175} INFO - Processing /home/ubuntu/venv/lib/python3.10/site-packages/airflow/example_dags/example_datasets.py took 0.458 seconds
[2023-07-09T17:00:30.818+0000] {processor.py:153} INFO - Started process (PID=8596) to work on /home/ubuntu/venv/lib/python3.10/site-packages/airflow/example_dags/example_datasets.py
[2023-07-09T17:00:30.820+0000] {processor.py:743} INFO - Processing file /home/ubuntu/venv/lib/python3.10/site-packages/airflow/example_dags/example_datasets.py for tasks to queue
[2023-07-09T17:00:30.821+0000] {logging_mixin.py:137} INFO - [2023-07-09T17:00:30.820+0000] {dagbag.py:538} INFO - Filling up the DagBag from /home/ubuntu/venv/lib/python3.10/site-packages/airflow/example_dags/example_datasets.py
[2023-07-09T17:00:30.843+0000] {processor.py:753} INFO - DAG(s) dict_keys(['dataset_consumes_1_and_2', 'dataset_produces_1', 'dataset_consumes_unknown_never_scheduled', 'dataset_consumes_1_never_scheduled', 'dataset_produces_2', 'dataset_consumes_1']) retrieved from /home/ubuntu/venv/lib/python3.10/site-packages/airflow/example_dags/example_datasets.py
[2023-07-09T17:00:31.018+0000] {logging_mixin.py:137} INFO - [2023-07-09T17:00:31.018+0000] {dag.py:2676} INFO - Sync 6 DAGs
[2023-07-09T17:00:31.053+0000] {logging_mixin.py:137} INFO - [2023-07-09T17:00:31.053+0000] {dag.py:3423} INFO - Setting next_dagrun for dataset_consumes_1 to None, run_after=None
[2023-07-09T17:00:31.057+0000] {logging_mixin.py:137} INFO - [2023-07-09T17:00:31.057+0000] {dag.py:3423} INFO - Setting next_dagrun for dataset_consumes_1_and_2 to None, run_after=None
[2023-07-09T17:00:31.059+0000] {logging_mixin.py:137} INFO - [2023-07-09T17:00:31.059+0000] {dag.py:3423} INFO - Setting next_dagrun for dataset_consumes_1_never_scheduled to None, run_after=None
[2023-07-09T17:00:31.060+0000] {logging_mixin.py:137} INFO - [2023-07-09T17:00:31.060+0000] {dag.py:3423} INFO - Setting next_dagrun for dataset_consumes_unknown_never_scheduled to None, run_after=None
[2023-07-09T17:00:31.064+0000] {logging_mixin.py:137} INFO - [2023-07-09T17:00:31.064+0000] {dag.py:3423} INFO - Setting next_dagrun for dataset_produces_1 to 2023-07-08T00:00:00+00:00, run_after=2023-07-09T00:00:00+00:00
[2023-07-09T17:00:31.065+0000] {logging_mixin.py:137} INFO - [2023-07-09T17:00:31.065+0000] {dag.py:3423} INFO - Setting next_dagrun for dataset_produces_2 to None, run_after=None
[2023-07-09T17:00:31.116+0000] {processor.py:175} INFO - Processing /home/ubuntu/venv/lib/python3.10/site-packages/airflow/example_dags/example_datasets.py took 0.303 seconds
[2023-07-09T17:01:01.845+0000] {processor.py:153} INFO - Started process (PID=8854) to work on /home/ubuntu/venv/lib/python3.10/site-packages/airflow/example_dags/example_datasets.py
[2023-07-09T17:01:01.846+0000] {processor.py:743} INFO - Processing file /home/ubuntu/venv/lib/python3.10/site-packages/airflow/example_dags/example_datasets.py for tasks to queue
[2023-07-09T17:01:01.847+0000] {logging_mixin.py:137} INFO - [2023-07-09T17:01:01.847+0000] {dagbag.py:538} INFO - Filling up the DagBag from /home/ubuntu/venv/lib/python3.10/site-packages/airflow/example_dags/example_datasets.py
[2023-07-09T17:01:01.876+0000] {processor.py:753} INFO - DAG(s) dict_keys(['dataset_consumes_1_never_scheduled', 'dataset_consumes_1', 'dataset_produces_2', 'dataset_produces_1', 'dataset_consumes_unknown_never_scheduled', 'dataset_consumes_1_and_2']) retrieved from /home/ubuntu/venv/lib/python3.10/site-packages/airflow/example_dags/example_datasets.py
[2023-07-09T17:01:01.984+0000] {logging_mixin.py:137} INFO - [2023-07-09T17:01:01.984+0000] {dag.py:2676} INFO - Sync 6 DAGs
[2023-07-09T17:01:02.030+0000] {logging_mixin.py:137} INFO - [2023-07-09T17:01:02.030+0000] {dag.py:3423} INFO - Setting next_dagrun for dataset_consumes_1 to None, run_after=None
[2023-07-09T17:01:02.037+0000] {logging_mixin.py:137} INFO - [2023-07-09T17:01:02.037+0000] {dag.py:3423} INFO - Setting next_dagrun for dataset_consumes_1_and_2 to None, run_after=None
[2023-07-09T17:01:02.039+0000] {logging_mixin.py:137} INFO - [2023-07-09T17:01:02.039+0000] {dag.py:3423} INFO - Setting next_dagrun for dataset_consumes_1_never_scheduled to None, run_after=None
[2023-07-09T17:01:02.043+0000] {logging_mixin.py:137} INFO - [2023-07-09T17:01:02.043+0000] {dag.py:3423} INFO - Setting next_dagrun for dataset_consumes_unknown_never_scheduled to None, run_after=None
[2023-07-09T17:01:02.048+0000] {logging_mixin.py:137} INFO - [2023-07-09T17:01:02.048+0000] {dag.py:3423} INFO - Setting next_dagrun for dataset_produces_1 to 2023-07-08T00:00:00+00:00, run_after=2023-07-09T00:00:00+00:00
[2023-07-09T17:01:02.051+0000] {logging_mixin.py:137} INFO - [2023-07-09T17:01:02.051+0000] {dag.py:3423} INFO - Setting next_dagrun for dataset_produces_2 to None, run_after=None
[2023-07-09T17:01:02.110+0000] {processor.py:175} INFO - Processing /home/ubuntu/venv/lib/python3.10/site-packages/airflow/example_dags/example_datasets.py took 0.273 seconds
[2023-07-09T17:01:32.857+0000] {processor.py:153} INFO - Started process (PID=9090) to work on /home/ubuntu/venv/lib/python3.10/site-packages/airflow/example_dags/example_datasets.py
[2023-07-09T17:01:32.858+0000] {processor.py:743} INFO - Processing file /home/ubuntu/venv/lib/python3.10/site-packages/airflow/example_dags/example_datasets.py for tasks to queue
[2023-07-09T17:01:32.859+0000] {logging_mixin.py:137} INFO - [2023-07-09T17:01:32.859+0000] {dagbag.py:538} INFO - Filling up the DagBag from /home/ubuntu/venv/lib/python3.10/site-packages/airflow/example_dags/example_datasets.py
[2023-07-09T17:01:32.883+0000] {processor.py:753} INFO - DAG(s) dict_keys(['dataset_consumes_1', 'dataset_produces_2', 'dataset_produces_1', 'dataset_consumes_unknown_never_scheduled', 'dataset_consumes_1_and_2', 'dataset_consumes_1_never_scheduled']) retrieved from /home/ubuntu/venv/lib/python3.10/site-packages/airflow/example_dags/example_datasets.py
[2023-07-09T17:01:32.982+0000] {logging_mixin.py:137} INFO - [2023-07-09T17:01:32.981+0000] {dag.py:2676} INFO - Sync 6 DAGs
[2023-07-09T17:01:33.017+0000] {logging_mixin.py:137} INFO - [2023-07-09T17:01:33.017+0000] {dag.py:3423} INFO - Setting next_dagrun for dataset_consumes_1 to None, run_after=None
[2023-07-09T17:01:33.021+0000] {logging_mixin.py:137} INFO - [2023-07-09T17:01:33.021+0000] {dag.py:3423} INFO - Setting next_dagrun for dataset_consumes_1_and_2 to None, run_after=None
[2023-07-09T17:01:33.022+0000] {logging_mixin.py:137} INFO - [2023-07-09T17:01:33.022+0000] {dag.py:3423} INFO - Setting next_dagrun for dataset_consumes_1_never_scheduled to None, run_after=None
[2023-07-09T17:01:33.031+0000] {logging_mixin.py:137} INFO - [2023-07-09T17:01:33.031+0000] {dag.py:3423} INFO - Setting next_dagrun for dataset_consumes_unknown_never_scheduled to None, run_after=None
[2023-07-09T17:01:33.038+0000] {logging_mixin.py:137} INFO - [2023-07-09T17:01:33.038+0000] {dag.py:3423} INFO - Setting next_dagrun for dataset_produces_1 to 2023-07-08T00:00:00+00:00, run_after=2023-07-09T00:00:00+00:00
[2023-07-09T17:01:33.043+0000] {logging_mixin.py:137} INFO - [2023-07-09T17:01:33.042+0000] {dag.py:3423} INFO - Setting next_dagrun for dataset_produces_2 to None, run_after=None
[2023-07-09T17:01:33.095+0000] {processor.py:175} INFO - Processing /home/ubuntu/venv/lib/python3.10/site-packages/airflow/example_dags/example_datasets.py took 0.245 seconds
[2023-07-09T17:02:03.941+0000] {processor.py:153} INFO - Started process (PID=9349) to work on /home/ubuntu/venv/lib/python3.10/site-packages/airflow/example_dags/example_datasets.py
[2023-07-09T17:02:03.949+0000] {processor.py:743} INFO - Processing file /home/ubuntu/venv/lib/python3.10/site-packages/airflow/example_dags/example_datasets.py for tasks to queue
[2023-07-09T17:02:03.952+0000] {logging_mixin.py:137} INFO - [2023-07-09T17:02:03.951+0000] {dagbag.py:538} INFO - Filling up the DagBag from /home/ubuntu/venv/lib/python3.10/site-packages/airflow/example_dags/example_datasets.py
[2023-07-09T17:02:03.983+0000] {processor.py:753} INFO - DAG(s) dict_keys(['dataset_consumes_unknown_never_scheduled', 'dataset_consumes_1', 'dataset_produces_1', 'dataset_produces_2', 'dataset_consumes_1_and_2', 'dataset_consumes_1_never_scheduled']) retrieved from /home/ubuntu/venv/lib/python3.10/site-packages/airflow/example_dags/example_datasets.py
[2023-07-09T17:02:04.089+0000] {logging_mixin.py:137} INFO - [2023-07-09T17:02:04.089+0000] {dag.py:2676} INFO - Sync 6 DAGs
[2023-07-09T17:02:04.125+0000] {logging_mixin.py:137} INFO - [2023-07-09T17:02:04.125+0000] {dag.py:3423} INFO - Setting next_dagrun for dataset_consumes_1 to None, run_after=None
[2023-07-09T17:02:04.130+0000] {logging_mixin.py:137} INFO - [2023-07-09T17:02:04.130+0000] {dag.py:3423} INFO - Setting next_dagrun for dataset_consumes_1_and_2 to None, run_after=None
[2023-07-09T17:02:04.133+0000] {logging_mixin.py:137} INFO - [2023-07-09T17:02:04.132+0000] {dag.py:3423} INFO - Setting next_dagrun for dataset_consumes_1_never_scheduled to None, run_after=None
[2023-07-09T17:02:04.134+0000] {logging_mixin.py:137} INFO - [2023-07-09T17:02:04.134+0000] {dag.py:3423} INFO - Setting next_dagrun for dataset_consumes_unknown_never_scheduled to None, run_after=None
[2023-07-09T17:02:04.140+0000] {logging_mixin.py:137} INFO - [2023-07-09T17:02:04.139+0000] {dag.py:3423} INFO - Setting next_dagrun for dataset_produces_1 to 2023-07-08T00:00:00+00:00, run_after=2023-07-09T00:00:00+00:00
[2023-07-09T17:02:04.142+0000] {logging_mixin.py:137} INFO - [2023-07-09T17:02:04.141+0000] {dag.py:3423} INFO - Setting next_dagrun for dataset_produces_2 to None, run_after=None
[2023-07-09T17:02:04.191+0000] {processor.py:175} INFO - Processing /home/ubuntu/venv/lib/python3.10/site-packages/airflow/example_dags/example_datasets.py took 0.255 seconds
[2023-07-09T17:02:34.732+0000] {processor.py:153} INFO - Started process (PID=9583) to work on /home/ubuntu/venv/lib/python3.10/site-packages/airflow/example_dags/example_datasets.py
[2023-07-09T17:02:34.733+0000] {processor.py:743} INFO - Processing file /home/ubuntu/venv/lib/python3.10/site-packages/airflow/example_dags/example_datasets.py for tasks to queue
[2023-07-09T17:02:34.734+0000] {logging_mixin.py:137} INFO - [2023-07-09T17:02:34.734+0000] {dagbag.py:538} INFO - Filling up the DagBag from /home/ubuntu/venv/lib/python3.10/site-packages/airflow/example_dags/example_datasets.py
[2023-07-09T17:02:34.760+0000] {processor.py:753} INFO - DAG(s) dict_keys(['dataset_consumes_1_never_scheduled', 'dataset_produces_1', 'dataset_consumes_1', 'dataset_consumes_unknown_never_scheduled', 'dataset_produces_2', 'dataset_consumes_1_and_2']) retrieved from /home/ubuntu/venv/lib/python3.10/site-packages/airflow/example_dags/example_datasets.py
[2023-07-09T17:02:34.861+0000] {logging_mixin.py:137} INFO - [2023-07-09T17:02:34.861+0000] {dag.py:2676} INFO - Sync 6 DAGs
[2023-07-09T17:02:34.898+0000] {logging_mixin.py:137} INFO - [2023-07-09T17:02:34.898+0000] {dag.py:3423} INFO - Setting next_dagrun for dataset_consumes_1 to None, run_after=None
[2023-07-09T17:02:34.904+0000] {logging_mixin.py:137} INFO - [2023-07-09T17:02:34.903+0000] {dag.py:3423} INFO - Setting next_dagrun for dataset_consumes_1_and_2 to None, run_after=None
[2023-07-09T17:02:34.906+0000] {logging_mixin.py:137} INFO - [2023-07-09T17:02:34.906+0000] {dag.py:3423} INFO - Setting next_dagrun for dataset_consumes_1_never_scheduled to None, run_after=None
[2023-07-09T17:02:34.908+0000] {logging_mixin.py:137} INFO - [2023-07-09T17:02:34.908+0000] {dag.py:3423} INFO - Setting next_dagrun for dataset_consumes_unknown_never_scheduled to None, run_after=None
[2023-07-09T17:02:34.912+0000] {logging_mixin.py:137} INFO - [2023-07-09T17:02:34.912+0000] {dag.py:3423} INFO - Setting next_dagrun for dataset_produces_1 to 2023-07-08T00:00:00+00:00, run_after=2023-07-09T00:00:00+00:00
[2023-07-09T17:02:34.914+0000] {logging_mixin.py:137} INFO - [2023-07-09T17:02:34.914+0000] {dag.py:3423} INFO - Setting next_dagrun for dataset_produces_2 to None, run_after=None
[2023-07-09T17:02:34.972+0000] {processor.py:175} INFO - Processing /home/ubuntu/venv/lib/python3.10/site-packages/airflow/example_dags/example_datasets.py took 0.245 seconds
[2023-07-09T17:03:05.554+0000] {processor.py:153} INFO - Started process (PID=9819) to work on /home/ubuntu/venv/lib/python3.10/site-packages/airflow/example_dags/example_datasets.py
[2023-07-09T17:03:05.556+0000] {processor.py:743} INFO - Processing file /home/ubuntu/venv/lib/python3.10/site-packages/airflow/example_dags/example_datasets.py for tasks to queue
[2023-07-09T17:03:05.557+0000] {logging_mixin.py:137} INFO - [2023-07-09T17:03:05.557+0000] {dagbag.py:538} INFO - Filling up the DagBag from /home/ubuntu/venv/lib/python3.10/site-packages/airflow/example_dags/example_datasets.py
[2023-07-09T17:03:05.583+0000] {processor.py:753} INFO - DAG(s) dict_keys(['dataset_produces_2', 'dataset_consumes_1', 'dataset_consumes_1_never_scheduled', 'dataset_consumes_1_and_2', 'dataset_produces_1', 'dataset_consumes_unknown_never_scheduled']) retrieved from /home/ubuntu/venv/lib/python3.10/site-packages/airflow/example_dags/example_datasets.py
[2023-07-09T17:03:05.682+0000] {logging_mixin.py:137} INFO - [2023-07-09T17:03:05.681+0000] {dag.py:2676} INFO - Sync 6 DAGs
[2023-07-09T17:03:05.726+0000] {logging_mixin.py:137} INFO - [2023-07-09T17:03:05.725+0000] {dag.py:3423} INFO - Setting next_dagrun for dataset_consumes_1 to None, run_after=None
[2023-07-09T17:03:05.748+0000] {logging_mixin.py:137} INFO - [2023-07-09T17:03:05.748+0000] {dag.py:3423} INFO - Setting next_dagrun for dataset_consumes_1_and_2 to None, run_after=None
[2023-07-09T17:03:05.754+0000] {logging_mixin.py:137} INFO - [2023-07-09T17:03:05.753+0000] {dag.py:3423} INFO - Setting next_dagrun for dataset_consumes_1_never_scheduled to None, run_after=None
[2023-07-09T17:03:05.756+0000] {logging_mixin.py:137} INFO - [2023-07-09T17:03:05.755+0000] {dag.py:3423} INFO - Setting next_dagrun for dataset_consumes_unknown_never_scheduled to None, run_after=None
[2023-07-09T17:03:05.760+0000] {logging_mixin.py:137} INFO - [2023-07-09T17:03:05.759+0000] {dag.py:3423} INFO - Setting next_dagrun for dataset_produces_1 to 2023-07-08T00:00:00+00:00, run_after=2023-07-09T00:00:00+00:00
[2023-07-09T17:03:05.761+0000] {logging_mixin.py:137} INFO - [2023-07-09T17:03:05.761+0000] {dag.py:3423} INFO - Setting next_dagrun for dataset_produces_2 to None, run_after=None
[2023-07-09T17:03:05.805+0000] {processor.py:175} INFO - Processing /home/ubuntu/venv/lib/python3.10/site-packages/airflow/example_dags/example_datasets.py took 0.256 seconds
[2023-07-09T17:03:36.670+0000] {processor.py:153} INFO - Started process (PID=10053) to work on /home/ubuntu/venv/lib/python3.10/site-packages/airflow/example_dags/example_datasets.py
[2023-07-09T17:03:36.671+0000] {processor.py:743} INFO - Processing file /home/ubuntu/venv/lib/python3.10/site-packages/airflow/example_dags/example_datasets.py for tasks to queue
[2023-07-09T17:03:36.672+0000] {logging_mixin.py:137} INFO - [2023-07-09T17:03:36.672+0000] {dagbag.py:538} INFO - Filling up the DagBag from /home/ubuntu/venv/lib/python3.10/site-packages/airflow/example_dags/example_datasets.py
[2023-07-09T17:03:36.701+0000] {processor.py:753} INFO - DAG(s) dict_keys(['dataset_produces_2', 'dataset_consumes_1_never_scheduled', 'dataset_produces_1', 'dataset_consumes_1', 'dataset_consumes_1_and_2', 'dataset_consumes_unknown_never_scheduled']) retrieved from /home/ubuntu/venv/lib/python3.10/site-packages/airflow/example_dags/example_datasets.py
[2023-07-09T17:03:36.792+0000] {logging_mixin.py:137} INFO - [2023-07-09T17:03:36.792+0000] {dag.py:2676} INFO - Sync 6 DAGs
[2023-07-09T17:03:36.828+0000] {logging_mixin.py:137} INFO - [2023-07-09T17:03:36.827+0000] {dag.py:3423} INFO - Setting next_dagrun for dataset_consumes_1 to None, run_after=None
[2023-07-09T17:03:36.833+0000] {logging_mixin.py:137} INFO - [2023-07-09T17:03:36.833+0000] {dag.py:3423} INFO - Setting next_dagrun for dataset_consumes_1_and_2 to None, run_after=None
[2023-07-09T17:03:36.835+0000] {logging_mixin.py:137} INFO - [2023-07-09T17:03:36.835+0000] {dag.py:3423} INFO - Setting next_dagrun for dataset_consumes_1_never_scheduled to None, run_after=None
[2023-07-09T17:03:36.837+0000] {logging_mixin.py:137} INFO - [2023-07-09T17:03:36.837+0000] {dag.py:3423} INFO - Setting next_dagrun for dataset_consumes_unknown_never_scheduled to None, run_after=None
[2023-07-09T17:03:36.841+0000] {logging_mixin.py:137} INFO - [2023-07-09T17:03:36.840+0000] {dag.py:3423} INFO - Setting next_dagrun for dataset_produces_1 to 2023-07-08T00:00:00+00:00, run_after=2023-07-09T00:00:00+00:00
[2023-07-09T17:03:36.842+0000] {logging_mixin.py:137} INFO - [2023-07-09T17:03:36.842+0000] {dag.py:3423} INFO - Setting next_dagrun for dataset_produces_2 to None, run_after=None
[2023-07-09T17:03:36.887+0000] {processor.py:175} INFO - Processing /home/ubuntu/venv/lib/python3.10/site-packages/airflow/example_dags/example_datasets.py took 0.222 seconds
[2023-07-09T17:04:07.412+0000] {processor.py:153} INFO - Started process (PID=10289) to work on /home/ubuntu/venv/lib/python3.10/site-packages/airflow/example_dags/example_datasets.py
[2023-07-09T17:04:07.414+0000] {processor.py:743} INFO - Processing file /home/ubuntu/venv/lib/python3.10/site-packages/airflow/example_dags/example_datasets.py for tasks to queue
[2023-07-09T17:04:07.415+0000] {logging_mixin.py:137} INFO - [2023-07-09T17:04:07.415+0000] {dagbag.py:538} INFO - Filling up the DagBag from /home/ubuntu/venv/lib/python3.10/site-packages/airflow/example_dags/example_datasets.py
[2023-07-09T17:04:07.446+0000] {processor.py:753} INFO - DAG(s) dict_keys(['dataset_produces_2', 'dataset_consumes_unknown_never_scheduled', 'dataset_consumes_1_and_2', 'dataset_consumes_1', 'dataset_produces_1', 'dataset_consumes_1_never_scheduled']) retrieved from /home/ubuntu/venv/lib/python3.10/site-packages/airflow/example_dags/example_datasets.py
[2023-07-09T17:04:07.557+0000] {logging_mixin.py:137} INFO - [2023-07-09T17:04:07.557+0000] {dag.py:2676} INFO - Sync 6 DAGs
[2023-07-09T17:04:07.596+0000] {logging_mixin.py:137} INFO - [2023-07-09T17:04:07.596+0000] {dag.py:3423} INFO - Setting next_dagrun for dataset_consumes_1 to None, run_after=None
[2023-07-09T17:04:07.601+0000] {logging_mixin.py:137} INFO - [2023-07-09T17:04:07.601+0000] {dag.py:3423} INFO - Setting next_dagrun for dataset_consumes_1_and_2 to None, run_after=None
[2023-07-09T17:04:07.602+0000] {logging_mixin.py:137} INFO - [2023-07-09T17:04:07.602+0000] {dag.py:3423} INFO - Setting next_dagrun for dataset_consumes_1_never_scheduled to None, run_after=None
[2023-07-09T17:04:07.604+0000] {logging_mixin.py:137} INFO - [2023-07-09T17:04:07.603+0000] {dag.py:3423} INFO - Setting next_dagrun for dataset_consumes_unknown_never_scheduled to None, run_after=None
[2023-07-09T17:04:07.607+0000] {logging_mixin.py:137} INFO - [2023-07-09T17:04:07.607+0000] {dag.py:3423} INFO - Setting next_dagrun for dataset_produces_1 to 2023-07-08T00:00:00+00:00, run_after=2023-07-09T00:00:00+00:00
[2023-07-09T17:04:07.610+0000] {logging_mixin.py:137} INFO - [2023-07-09T17:04:07.610+0000] {dag.py:3423} INFO - Setting next_dagrun for dataset_produces_2 to None, run_after=None
[2023-07-09T17:04:07.665+0000] {processor.py:175} INFO - Processing /home/ubuntu/venv/lib/python3.10/site-packages/airflow/example_dags/example_datasets.py took 0.260 seconds
[2023-07-09T17:04:38.133+0000] {processor.py:153} INFO - Started process (PID=10524) to work on /home/ubuntu/venv/lib/python3.10/site-packages/airflow/example_dags/example_datasets.py
[2023-07-09T17:04:38.135+0000] {processor.py:743} INFO - Processing file /home/ubuntu/venv/lib/python3.10/site-packages/airflow/example_dags/example_datasets.py for tasks to queue
[2023-07-09T17:04:38.136+0000] {logging_mixin.py:137} INFO - [2023-07-09T17:04:38.136+0000] {dagbag.py:538} INFO - Filling up the DagBag from /home/ubuntu/venv/lib/python3.10/site-packages/airflow/example_dags/example_datasets.py
[2023-07-09T17:04:38.161+0000] {processor.py:753} INFO - DAG(s) dict_keys(['dataset_consumes_1_and_2', 'dataset_produces_2', 'dataset_consumes_1', 'dataset_produces_1', 'dataset_consumes_unknown_never_scheduled', 'dataset_consumes_1_never_scheduled']) retrieved from /home/ubuntu/venv/lib/python3.10/site-packages/airflow/example_dags/example_datasets.py
[2023-07-09T17:04:38.262+0000] {logging_mixin.py:137} INFO - [2023-07-09T17:04:38.262+0000] {dag.py:2676} INFO - Sync 6 DAGs
[2023-07-09T17:04:38.297+0000] {logging_mixin.py:137} INFO - [2023-07-09T17:04:38.297+0000] {dag.py:3423} INFO - Setting next_dagrun for dataset_consumes_1 to None, run_after=None
[2023-07-09T17:04:38.304+0000] {logging_mixin.py:137} INFO - [2023-07-09T17:04:38.304+0000] {dag.py:3423} INFO - Setting next_dagrun for dataset_consumes_1_and_2 to None, run_after=None
[2023-07-09T17:04:38.306+0000] {logging_mixin.py:137} INFO - [2023-07-09T17:04:38.306+0000] {dag.py:3423} INFO - Setting next_dagrun for dataset_consumes_1_never_scheduled to None, run_after=None
[2023-07-09T17:04:38.308+0000] {logging_mixin.py:137} INFO - [2023-07-09T17:04:38.308+0000] {dag.py:3423} INFO - Setting next_dagrun for dataset_consumes_unknown_never_scheduled to None, run_after=None
[2023-07-09T17:04:38.311+0000] {logging_mixin.py:137} INFO - [2023-07-09T17:04:38.311+0000] {dag.py:3423} INFO - Setting next_dagrun for dataset_produces_1 to 2023-07-08T00:00:00+00:00, run_after=2023-07-09T00:00:00+00:00
[2023-07-09T17:04:38.313+0000] {logging_mixin.py:137} INFO - [2023-07-09T17:04:38.313+0000] {dag.py:3423} INFO - Setting next_dagrun for dataset_produces_2 to None, run_after=None
[2023-07-09T17:04:38.544+0000] {processor.py:175} INFO - Processing /home/ubuntu/venv/lib/python3.10/site-packages/airflow/example_dags/example_datasets.py took 0.415 seconds
[2023-07-09T17:05:58.416+0000] {processor.py:153} INFO - Started process (PID=11032) to work on /home/ubuntu/venv/lib/python3.10/site-packages/airflow/example_dags/example_datasets.py
[2023-07-09T17:05:58.427+0000] {processor.py:743} INFO - Processing file /home/ubuntu/venv/lib/python3.10/site-packages/airflow/example_dags/example_datasets.py for tasks to queue
[2023-07-09T17:05:58.428+0000] {logging_mixin.py:137} INFO - [2023-07-09T17:05:58.428+0000] {dagbag.py:538} INFO - Filling up the DagBag from /home/ubuntu/venv/lib/python3.10/site-packages/airflow/example_dags/example_datasets.py
[2023-07-09T17:05:58.526+0000] {processor.py:753} INFO - DAG(s) dict_keys(['dataset_consumes_1_never_scheduled', 'dataset_produces_1', 'dataset_produces_2', 'dataset_consumes_1_and_2', 'dataset_consumes_unknown_never_scheduled', 'dataset_consumes_1']) retrieved from /home/ubuntu/venv/lib/python3.10/site-packages/airflow/example_dags/example_datasets.py
[2023-07-09T17:05:59.606+0000] {logging_mixin.py:137} INFO - [2023-07-09T17:05:59.606+0000] {dag.py:2676} INFO - Sync 6 DAGs
[2023-07-09T17:05:59.814+0000] {logging_mixin.py:137} INFO - [2023-07-09T17:05:59.814+0000] {dag.py:3423} INFO - Setting next_dagrun for dataset_consumes_1 to None, run_after=None
[2023-07-09T17:05:59.845+0000] {logging_mixin.py:137} INFO - [2023-07-09T17:05:59.845+0000] {dag.py:3423} INFO - Setting next_dagrun for dataset_consumes_1_and_2 to None, run_after=None
[2023-07-09T17:05:59.848+0000] {logging_mixin.py:137} INFO - [2023-07-09T17:05:59.848+0000] {dag.py:3423} INFO - Setting next_dagrun for dataset_consumes_1_never_scheduled to None, run_after=None
[2023-07-09T17:05:59.859+0000] {logging_mixin.py:137} INFO - [2023-07-09T17:05:59.858+0000] {dag.py:3423} INFO - Setting next_dagrun for dataset_consumes_unknown_never_scheduled to None, run_after=None
[2023-07-09T17:05:59.908+0000] {logging_mixin.py:137} INFO - [2023-07-09T17:05:59.908+0000] {dag.py:3423} INFO - Setting next_dagrun for dataset_produces_1 to 2023-07-08T00:00:00+00:00, run_after=2023-07-09T00:00:00+00:00
[2023-07-09T17:05:59.915+0000] {logging_mixin.py:137} INFO - [2023-07-09T17:05:59.914+0000] {dag.py:3423} INFO - Setting next_dagrun for dataset_produces_2 to None, run_after=None
[2023-07-09T17:06:00.216+0000] {processor.py:175} INFO - Processing /home/ubuntu/venv/lib/python3.10/site-packages/airflow/example_dags/example_datasets.py took 1.829 seconds
[2023-07-09T17:06:30.553+0000] {processor.py:153} INFO - Started process (PID=11355) to work on /home/ubuntu/venv/lib/python3.10/site-packages/airflow/example_dags/example_datasets.py
[2023-07-09T17:06:30.554+0000] {processor.py:743} INFO - Processing file /home/ubuntu/venv/lib/python3.10/site-packages/airflow/example_dags/example_datasets.py for tasks to queue
[2023-07-09T17:06:30.555+0000] {logging_mixin.py:137} INFO - [2023-07-09T17:06:30.555+0000] {dagbag.py:538} INFO - Filling up the DagBag from /home/ubuntu/venv/lib/python3.10/site-packages/airflow/example_dags/example_datasets.py
[2023-07-09T17:06:30.585+0000] {processor.py:753} INFO - DAG(s) dict_keys(['dataset_produces_1', 'dataset_consumes_unknown_never_scheduled', 'dataset_consumes_1', 'dataset_consumes_1_and_2', 'dataset_consumes_1_never_scheduled', 'dataset_produces_2']) retrieved from /home/ubuntu/venv/lib/python3.10/site-packages/airflow/example_dags/example_datasets.py
[2023-07-09T17:06:30.688+0000] {logging_mixin.py:137} INFO - [2023-07-09T17:06:30.688+0000] {dag.py:2676} INFO - Sync 6 DAGs
[2023-07-09T17:06:30.727+0000] {logging_mixin.py:137} INFO - [2023-07-09T17:06:30.727+0000] {dag.py:3423} INFO - Setting next_dagrun for dataset_consumes_1 to None, run_after=None
[2023-07-09T17:06:30.732+0000] {logging_mixin.py:137} INFO - [2023-07-09T17:06:30.732+0000] {dag.py:3423} INFO - Setting next_dagrun for dataset_consumes_1_and_2 to None, run_after=None
[2023-07-09T17:06:30.734+0000] {logging_mixin.py:137} INFO - [2023-07-09T17:06:30.734+0000] {dag.py:3423} INFO - Setting next_dagrun for dataset_consumes_1_never_scheduled to None, run_after=None
[2023-07-09T17:06:30.736+0000] {logging_mixin.py:137} INFO - [2023-07-09T17:06:30.736+0000] {dag.py:3423} INFO - Setting next_dagrun for dataset_consumes_unknown_never_scheduled to None, run_after=None
[2023-07-09T17:06:30.740+0000] {logging_mixin.py:137} INFO - [2023-07-09T17:06:30.740+0000] {dag.py:3423} INFO - Setting next_dagrun for dataset_produces_1 to 2023-07-08T00:00:00+00:00, run_after=2023-07-09T00:00:00+00:00
[2023-07-09T17:06:30.741+0000] {logging_mixin.py:137} INFO - [2023-07-09T17:06:30.741+0000] {dag.py:3423} INFO - Setting next_dagrun for dataset_produces_2 to None, run_after=None
[2023-07-09T17:06:30.783+0000] {processor.py:175} INFO - Processing /home/ubuntu/venv/lib/python3.10/site-packages/airflow/example_dags/example_datasets.py took 0.237 seconds
[2023-07-09T17:07:26.381+0000] {processor.py:153} INFO - Started process (PID=11822) to work on /home/ubuntu/venv/lib/python3.10/site-packages/airflow/example_dags/example_datasets.py
[2023-07-09T17:07:26.384+0000] {processor.py:743} INFO - Processing file /home/ubuntu/venv/lib/python3.10/site-packages/airflow/example_dags/example_datasets.py for tasks to queue
[2023-07-09T17:07:26.385+0000] {logging_mixin.py:137} INFO - [2023-07-09T17:07:26.385+0000] {dagbag.py:538} INFO - Filling up the DagBag from /home/ubuntu/venv/lib/python3.10/site-packages/airflow/example_dags/example_datasets.py
[2023-07-09T17:07:26.414+0000] {processor.py:753} INFO - DAG(s) dict_keys(['dataset_consumes_1_never_scheduled', 'dataset_produces_1', 'dataset_produces_2', 'dataset_consumes_1_and_2', 'dataset_consumes_unknown_never_scheduled', 'dataset_consumes_1']) retrieved from /home/ubuntu/venv/lib/python3.10/site-packages/airflow/example_dags/example_datasets.py
[2023-07-09T17:07:26.775+0000] {logging_mixin.py:137} INFO - [2023-07-09T17:07:26.774+0000] {dag.py:2676} INFO - Sync 6 DAGs
[2023-07-09T17:07:26.844+0000] {logging_mixin.py:137} INFO - [2023-07-09T17:07:26.844+0000] {dag.py:3423} INFO - Setting next_dagrun for dataset_consumes_1 to None, run_after=None
[2023-07-09T17:07:26.849+0000] {logging_mixin.py:137} INFO - [2023-07-09T17:07:26.849+0000] {dag.py:3423} INFO - Setting next_dagrun for dataset_consumes_1_and_2 to None, run_after=None
[2023-07-09T17:07:26.851+0000] {logging_mixin.py:137} INFO - [2023-07-09T17:07:26.851+0000] {dag.py:3423} INFO - Setting next_dagrun for dataset_consumes_1_never_scheduled to None, run_after=None
[2023-07-09T17:07:26.853+0000] {logging_mixin.py:137} INFO - [2023-07-09T17:07:26.853+0000] {dag.py:3423} INFO - Setting next_dagrun for dataset_consumes_unknown_never_scheduled to None, run_after=None
[2023-07-09T17:07:26.869+0000] {logging_mixin.py:137} INFO - [2023-07-09T17:07:26.866+0000] {dag.py:3423} INFO - Setting next_dagrun for dataset_produces_1 to 2023-07-08T00:00:00+00:00, run_after=2023-07-09T00:00:00+00:00
[2023-07-09T17:07:26.884+0000] {logging_mixin.py:137} INFO - [2023-07-09T17:07:26.884+0000] {dag.py:3423} INFO - Setting next_dagrun for dataset_produces_2 to None, run_after=None
[2023-07-09T17:07:27.013+0000] {processor.py:175} INFO - Processing /home/ubuntu/venv/lib/python3.10/site-packages/airflow/example_dags/example_datasets.py took 0.639 seconds
[2023-07-09T17:07:57.568+0000] {processor.py:153} INFO - Started process (PID=12084) to work on /home/ubuntu/venv/lib/python3.10/site-packages/airflow/example_dags/example_datasets.py
[2023-07-09T17:07:57.572+0000] {processor.py:743} INFO - Processing file /home/ubuntu/venv/lib/python3.10/site-packages/airflow/example_dags/example_datasets.py for tasks to queue
[2023-07-09T17:07:57.573+0000] {logging_mixin.py:137} INFO - [2023-07-09T17:07:57.573+0000] {dagbag.py:538} INFO - Filling up the DagBag from /home/ubuntu/venv/lib/python3.10/site-packages/airflow/example_dags/example_datasets.py
[2023-07-09T17:07:57.614+0000] {processor.py:753} INFO - DAG(s) dict_keys(['dataset_produces_1', 'dataset_consumes_1_and_2', 'dataset_produces_2', 'dataset_consumes_1', 'dataset_consumes_unknown_never_scheduled', 'dataset_consumes_1_never_scheduled']) retrieved from /home/ubuntu/venv/lib/python3.10/site-packages/airflow/example_dags/example_datasets.py
[2023-07-09T17:07:57.720+0000] {logging_mixin.py:137} INFO - [2023-07-09T17:07:57.720+0000] {dag.py:2676} INFO - Sync 6 DAGs
[2023-07-09T17:07:57.774+0000] {logging_mixin.py:137} INFO - [2023-07-09T17:07:57.774+0000] {dag.py:3423} INFO - Setting next_dagrun for dataset_consumes_1 to None, run_after=None
[2023-07-09T17:07:57.780+0000] {logging_mixin.py:137} INFO - [2023-07-09T17:07:57.780+0000] {dag.py:3423} INFO - Setting next_dagrun for dataset_consumes_1_and_2 to None, run_after=None
[2023-07-09T17:07:57.782+0000] {logging_mixin.py:137} INFO - [2023-07-09T17:07:57.782+0000] {dag.py:3423} INFO - Setting next_dagrun for dataset_consumes_1_never_scheduled to None, run_after=None
[2023-07-09T17:07:57.784+0000] {logging_mixin.py:137} INFO - [2023-07-09T17:07:57.784+0000] {dag.py:3423} INFO - Setting next_dagrun for dataset_consumes_unknown_never_scheduled to None, run_after=None
[2023-07-09T17:07:57.789+0000] {logging_mixin.py:137} INFO - [2023-07-09T17:07:57.789+0000] {dag.py:3423} INFO - Setting next_dagrun for dataset_produces_1 to 2023-07-08T00:00:00+00:00, run_after=2023-07-09T00:00:00+00:00
[2023-07-09T17:07:57.791+0000] {logging_mixin.py:137} INFO - [2023-07-09T17:07:57.791+0000] {dag.py:3423} INFO - Setting next_dagrun for dataset_produces_2 to None, run_after=None
[2023-07-09T17:07:57.890+0000] {processor.py:175} INFO - Processing /home/ubuntu/venv/lib/python3.10/site-packages/airflow/example_dags/example_datasets.py took 0.328 seconds
[2023-07-09T17:08:28.589+0000] {processor.py:153} INFO - Started process (PID=12320) to work on /home/ubuntu/venv/lib/python3.10/site-packages/airflow/example_dags/example_datasets.py
[2023-07-09T17:08:28.590+0000] {processor.py:743} INFO - Processing file /home/ubuntu/venv/lib/python3.10/site-packages/airflow/example_dags/example_datasets.py for tasks to queue
[2023-07-09T17:08:28.591+0000] {logging_mixin.py:137} INFO - [2023-07-09T17:08:28.591+0000] {dagbag.py:538} INFO - Filling up the DagBag from /home/ubuntu/venv/lib/python3.10/site-packages/airflow/example_dags/example_datasets.py
[2023-07-09T17:08:28.620+0000] {processor.py:753} INFO - DAG(s) dict_keys(['dataset_consumes_1', 'dataset_consumes_unknown_never_scheduled', 'dataset_produces_2', 'dataset_consumes_1_and_2', 'dataset_produces_1', 'dataset_consumes_1_never_scheduled']) retrieved from /home/ubuntu/venv/lib/python3.10/site-packages/airflow/example_dags/example_datasets.py
[2023-07-09T17:08:28.747+0000] {logging_mixin.py:137} INFO - [2023-07-09T17:08:28.747+0000] {dag.py:2676} INFO - Sync 6 DAGs
[2023-07-09T17:08:28.791+0000] {logging_mixin.py:137} INFO - [2023-07-09T17:08:28.791+0000] {dag.py:3423} INFO - Setting next_dagrun for dataset_consumes_1 to None, run_after=None
[2023-07-09T17:08:28.797+0000] {logging_mixin.py:137} INFO - [2023-07-09T17:08:28.797+0000] {dag.py:3423} INFO - Setting next_dagrun for dataset_consumes_1_and_2 to None, run_after=None
[2023-07-09T17:08:28.799+0000] {logging_mixin.py:137} INFO - [2023-07-09T17:08:28.799+0000] {dag.py:3423} INFO - Setting next_dagrun for dataset_consumes_1_never_scheduled to None, run_after=None
[2023-07-09T17:08:28.800+0000] {logging_mixin.py:137} INFO - [2023-07-09T17:08:28.800+0000] {dag.py:3423} INFO - Setting next_dagrun for dataset_consumes_unknown_never_scheduled to None, run_after=None
[2023-07-09T17:08:28.804+0000] {logging_mixin.py:137} INFO - [2023-07-09T17:08:28.804+0000] {dag.py:3423} INFO - Setting next_dagrun for dataset_produces_1 to 2023-07-08T00:00:00+00:00, run_after=2023-07-09T00:00:00+00:00
[2023-07-09T17:08:28.805+0000] {logging_mixin.py:137} INFO - [2023-07-09T17:08:28.805+0000] {dag.py:3423} INFO - Setting next_dagrun for dataset_produces_2 to None, run_after=None
[2023-07-09T17:08:28.859+0000] {processor.py:175} INFO - Processing /home/ubuntu/venv/lib/python3.10/site-packages/airflow/example_dags/example_datasets.py took 0.274 seconds
[2023-07-09T17:09:05.886+0000] {processor.py:153} INFO - Started process (PID=12775) to work on /home/ubuntu/venv/lib/python3.10/site-packages/airflow/example_dags/example_datasets.py
[2023-07-09T17:09:05.887+0000] {processor.py:743} INFO - Processing file /home/ubuntu/venv/lib/python3.10/site-packages/airflow/example_dags/example_datasets.py for tasks to queue
[2023-07-09T17:09:05.888+0000] {logging_mixin.py:137} INFO - [2023-07-09T17:09:05.888+0000] {dagbag.py:538} INFO - Filling up the DagBag from /home/ubuntu/venv/lib/python3.10/site-packages/airflow/example_dags/example_datasets.py
[2023-07-09T17:09:05.913+0000] {processor.py:753} INFO - DAG(s) dict_keys(['dataset_produces_1', 'dataset_consumes_1_and_2', 'dataset_consumes_1_never_scheduled', 'dataset_consumes_1', 'dataset_produces_2', 'dataset_consumes_unknown_never_scheduled']) retrieved from /home/ubuntu/venv/lib/python3.10/site-packages/airflow/example_dags/example_datasets.py
[2023-07-09T17:09:06.068+0000] {logging_mixin.py:137} INFO - [2023-07-09T17:09:06.068+0000] {dag.py:2676} INFO - Sync 6 DAGs
[2023-07-09T17:09:06.101+0000] {logging_mixin.py:137} INFO - [2023-07-09T17:09:06.101+0000] {dag.py:3423} INFO - Setting next_dagrun for dataset_consumes_1 to None, run_after=None
[2023-07-09T17:09:06.106+0000] {logging_mixin.py:137} INFO - [2023-07-09T17:09:06.106+0000] {dag.py:3423} INFO - Setting next_dagrun for dataset_consumes_1_and_2 to None, run_after=None
[2023-07-09T17:09:06.108+0000] {logging_mixin.py:137} INFO - [2023-07-09T17:09:06.107+0000] {dag.py:3423} INFO - Setting next_dagrun for dataset_consumes_1_never_scheduled to None, run_after=None
[2023-07-09T17:09:06.109+0000] {logging_mixin.py:137} INFO - [2023-07-09T17:09:06.109+0000] {dag.py:3423} INFO - Setting next_dagrun for dataset_consumes_unknown_never_scheduled to None, run_after=None
[2023-07-09T17:09:06.113+0000] {logging_mixin.py:137} INFO - [2023-07-09T17:09:06.113+0000] {dag.py:3423} INFO - Setting next_dagrun for dataset_produces_1 to 2023-07-08T00:00:00+00:00, run_after=2023-07-09T00:00:00+00:00
[2023-07-09T17:09:06.116+0000] {logging_mixin.py:137} INFO - [2023-07-09T17:09:06.115+0000] {dag.py:3423} INFO - Setting next_dagrun for dataset_produces_2 to None, run_after=None
[2023-07-09T17:09:06.168+0000] {processor.py:175} INFO - Processing /home/ubuntu/venv/lib/python3.10/site-packages/airflow/example_dags/example_datasets.py took 0.288 seconds
[2023-07-09T17:09:36.416+0000] {processor.py:153} INFO - Started process (PID=13052) to work on /home/ubuntu/venv/lib/python3.10/site-packages/airflow/example_dags/example_datasets.py
[2023-07-09T17:09:36.417+0000] {processor.py:743} INFO - Processing file /home/ubuntu/venv/lib/python3.10/site-packages/airflow/example_dags/example_datasets.py for tasks to queue
[2023-07-09T17:09:36.418+0000] {logging_mixin.py:137} INFO - [2023-07-09T17:09:36.418+0000] {dagbag.py:538} INFO - Filling up the DagBag from /home/ubuntu/venv/lib/python3.10/site-packages/airflow/example_dags/example_datasets.py
[2023-07-09T17:09:36.441+0000] {processor.py:753} INFO - DAG(s) dict_keys(['dataset_consumes_1_and_2', 'dataset_consumes_unknown_never_scheduled', 'dataset_consumes_1', 'dataset_consumes_1_never_scheduled', 'dataset_produces_2', 'dataset_produces_1']) retrieved from /home/ubuntu/venv/lib/python3.10/site-packages/airflow/example_dags/example_datasets.py
[2023-07-09T17:09:36.531+0000] {logging_mixin.py:137} INFO - [2023-07-09T17:09:36.531+0000] {dag.py:2676} INFO - Sync 6 DAGs
[2023-07-09T17:09:36.578+0000] {logging_mixin.py:137} INFO - [2023-07-09T17:09:36.578+0000] {dag.py:3423} INFO - Setting next_dagrun for dataset_consumes_1 to None, run_after=None
[2023-07-09T17:09:36.584+0000] {logging_mixin.py:137} INFO - [2023-07-09T17:09:36.584+0000] {dag.py:3423} INFO - Setting next_dagrun for dataset_consumes_1_and_2 to None, run_after=None
[2023-07-09T17:09:36.587+0000] {logging_mixin.py:137} INFO - [2023-07-09T17:09:36.586+0000] {dag.py:3423} INFO - Setting next_dagrun for dataset_consumes_1_never_scheduled to None, run_after=None
[2023-07-09T17:09:36.589+0000] {logging_mixin.py:137} INFO - [2023-07-09T17:09:36.589+0000] {dag.py:3423} INFO - Setting next_dagrun for dataset_consumes_unknown_never_scheduled to None, run_after=None
[2023-07-09T17:09:36.595+0000] {logging_mixin.py:137} INFO - [2023-07-09T17:09:36.595+0000] {dag.py:3423} INFO - Setting next_dagrun for dataset_produces_1 to 2023-07-08T00:00:00+00:00, run_after=2023-07-09T00:00:00+00:00
[2023-07-09T17:09:36.597+0000] {logging_mixin.py:137} INFO - [2023-07-09T17:09:36.597+0000] {dag.py:3423} INFO - Setting next_dagrun for dataset_produces_2 to None, run_after=None
[2023-07-09T17:09:36.651+0000] {processor.py:175} INFO - Processing /home/ubuntu/venv/lib/python3.10/site-packages/airflow/example_dags/example_datasets.py took 0.240 seconds
[2023-07-09T17:10:07.283+0000] {processor.py:153} INFO - Started process (PID=13287) to work on /home/ubuntu/venv/lib/python3.10/site-packages/airflow/example_dags/example_datasets.py
[2023-07-09T17:10:07.285+0000] {processor.py:743} INFO - Processing file /home/ubuntu/venv/lib/python3.10/site-packages/airflow/example_dags/example_datasets.py for tasks to queue
[2023-07-09T17:10:07.286+0000] {logging_mixin.py:137} INFO - [2023-07-09T17:10:07.286+0000] {dagbag.py:538} INFO - Filling up the DagBag from /home/ubuntu/venv/lib/python3.10/site-packages/airflow/example_dags/example_datasets.py
[2023-07-09T17:10:07.326+0000] {processor.py:753} INFO - DAG(s) dict_keys(['dataset_produces_2', 'dataset_consumes_unknown_never_scheduled', 'dataset_consumes_1_never_scheduled', 'dataset_produces_1', 'dataset_consumes_1', 'dataset_consumes_1_and_2']) retrieved from /home/ubuntu/venv/lib/python3.10/site-packages/airflow/example_dags/example_datasets.py
[2023-07-09T17:10:07.446+0000] {logging_mixin.py:137} INFO - [2023-07-09T17:10:07.446+0000] {dag.py:2676} INFO - Sync 6 DAGs
[2023-07-09T17:10:07.490+0000] {logging_mixin.py:137} INFO - [2023-07-09T17:10:07.490+0000] {dag.py:3423} INFO - Setting next_dagrun for dataset_consumes_1 to None, run_after=None
[2023-07-09T17:10:07.496+0000] {logging_mixin.py:137} INFO - [2023-07-09T17:10:07.496+0000] {dag.py:3423} INFO - Setting next_dagrun for dataset_consumes_1_and_2 to None, run_after=None
[2023-07-09T17:10:07.498+0000] {logging_mixin.py:137} INFO - [2023-07-09T17:10:07.498+0000] {dag.py:3423} INFO - Setting next_dagrun for dataset_consumes_1_never_scheduled to None, run_after=None
[2023-07-09T17:10:07.500+0000] {logging_mixin.py:137} INFO - [2023-07-09T17:10:07.499+0000] {dag.py:3423} INFO - Setting next_dagrun for dataset_consumes_unknown_never_scheduled to None, run_after=None
[2023-07-09T17:10:07.504+0000] {logging_mixin.py:137} INFO - [2023-07-09T17:10:07.503+0000] {dag.py:3423} INFO - Setting next_dagrun for dataset_produces_1 to 2023-07-08T00:00:00+00:00, run_after=2023-07-09T00:00:00+00:00
[2023-07-09T17:10:07.505+0000] {logging_mixin.py:137} INFO - [2023-07-09T17:10:07.505+0000] {dag.py:3423} INFO - Setting next_dagrun for dataset_produces_2 to None, run_after=None
[2023-07-09T17:10:07.570+0000] {processor.py:175} INFO - Processing /home/ubuntu/venv/lib/python3.10/site-packages/airflow/example_dags/example_datasets.py took 0.294 seconds
