[2023-07-09T15:46:34.471+0000] {processor.py:153} INFO - Started process (PID=1370) to work on /home/ubuntu/venv/lib/python3.10/site-packages/airflow/example_dags/example_task_group.py
[2023-07-09T15:46:34.472+0000] {processor.py:743} INFO - Processing file /home/ubuntu/venv/lib/python3.10/site-packages/airflow/example_dags/example_task_group.py for tasks to queue
[2023-07-09T15:46:34.473+0000] {logging_mixin.py:137} INFO - [2023-07-09T15:46:34.473+0000] {dagbag.py:538} INFO - Filling up the DagBag from /home/ubuntu/venv/lib/python3.10/site-packages/airflow/example_dags/example_task_group.py
[2023-07-09T15:46:34.497+0000] {processor.py:753} INFO - DAG(s) dict_keys(['example_task_group']) retrieved from /home/ubuntu/venv/lib/python3.10/site-packages/airflow/example_dags/example_task_group.py
[2023-07-09T15:46:34.590+0000] {logging_mixin.py:137} INFO - [2023-07-09T15:46:34.589+0000] {dag.py:2676} INFO - Sync 1 DAGs
[2023-07-09T15:46:34.631+0000] {logging_mixin.py:137} INFO - [2023-07-09T15:46:34.631+0000] {dag.py:3423} INFO - Setting next_dagrun for example_task_group to 2023-07-08T15:46:34.630614+00:00, run_after=2023-07-09T15:46:34.630614+00:00
[2023-07-09T15:46:34.663+0000] {processor.py:175} INFO - Processing /home/ubuntu/venv/lib/python3.10/site-packages/airflow/example_dags/example_task_group.py took 0.196 seconds
[2023-07-09T15:47:05.219+0000] {processor.py:153} INFO - Started process (PID=1613) to work on /home/ubuntu/venv/lib/python3.10/site-packages/airflow/example_dags/example_task_group.py
[2023-07-09T15:47:05.220+0000] {processor.py:743} INFO - Processing file /home/ubuntu/venv/lib/python3.10/site-packages/airflow/example_dags/example_task_group.py for tasks to queue
[2023-07-09T15:47:05.221+0000] {logging_mixin.py:137} INFO - [2023-07-09T15:47:05.221+0000] {dagbag.py:538} INFO - Filling up the DagBag from /home/ubuntu/venv/lib/python3.10/site-packages/airflow/example_dags/example_task_group.py
[2023-07-09T15:47:05.250+0000] {processor.py:753} INFO - DAG(s) dict_keys(['example_task_group']) retrieved from /home/ubuntu/venv/lib/python3.10/site-packages/airflow/example_dags/example_task_group.py
[2023-07-09T15:47:05.327+0000] {logging_mixin.py:137} INFO - [2023-07-09T15:47:05.327+0000] {dag.py:2676} INFO - Sync 1 DAGs
[2023-07-09T15:47:05.362+0000] {logging_mixin.py:137} INFO - [2023-07-09T15:47:05.362+0000] {dag.py:3423} INFO - Setting next_dagrun for example_task_group to 2023-07-08T15:47:05.362152+00:00, run_after=2023-07-09T15:47:05.362152+00:00
[2023-07-09T15:47:05.387+0000] {processor.py:175} INFO - Processing /home/ubuntu/venv/lib/python3.10/site-packages/airflow/example_dags/example_task_group.py took 0.177 seconds
[2023-07-09T15:49:53.119+0000] {processor.py:153} INFO - Started process (PID=2190) to work on /home/ubuntu/venv/lib/python3.10/site-packages/airflow/example_dags/example_task_group.py
[2023-07-09T15:49:53.121+0000] {processor.py:743} INFO - Processing file /home/ubuntu/venv/lib/python3.10/site-packages/airflow/example_dags/example_task_group.py for tasks to queue
[2023-07-09T15:49:53.122+0000] {logging_mixin.py:137} INFO - [2023-07-09T15:49:53.121+0000] {dagbag.py:538} INFO - Filling up the DagBag from /home/ubuntu/venv/lib/python3.10/site-packages/airflow/example_dags/example_task_group.py
[2023-07-09T15:49:53.146+0000] {processor.py:753} INFO - DAG(s) dict_keys(['example_task_group']) retrieved from /home/ubuntu/venv/lib/python3.10/site-packages/airflow/example_dags/example_task_group.py
[2023-07-09T15:49:53.226+0000] {logging_mixin.py:137} INFO - [2023-07-09T15:49:53.226+0000] {dag.py:2676} INFO - Sync 1 DAGs
[2023-07-09T15:49:53.285+0000] {logging_mixin.py:137} INFO - [2023-07-09T15:49:53.285+0000] {dag.py:3423} INFO - Setting next_dagrun for example_task_group to 2023-07-08T15:49:53.284765+00:00, run_after=2023-07-09T15:49:53.284765+00:00
[2023-07-09T15:49:53.317+0000] {processor.py:175} INFO - Processing /home/ubuntu/venv/lib/python3.10/site-packages/airflow/example_dags/example_task_group.py took 0.203 seconds
[2023-07-09T15:50:24.328+0000] {processor.py:153} INFO - Started process (PID=2427) to work on /home/ubuntu/venv/lib/python3.10/site-packages/airflow/example_dags/example_task_group.py
[2023-07-09T15:50:24.329+0000] {processor.py:743} INFO - Processing file /home/ubuntu/venv/lib/python3.10/site-packages/airflow/example_dags/example_task_group.py for tasks to queue
[2023-07-09T15:50:24.329+0000] {logging_mixin.py:137} INFO - [2023-07-09T15:50:24.329+0000] {dagbag.py:538} INFO - Filling up the DagBag from /home/ubuntu/venv/lib/python3.10/site-packages/airflow/example_dags/example_task_group.py
[2023-07-09T15:50:24.353+0000] {processor.py:753} INFO - DAG(s) dict_keys(['example_task_group']) retrieved from /home/ubuntu/venv/lib/python3.10/site-packages/airflow/example_dags/example_task_group.py
[2023-07-09T15:50:24.424+0000] {logging_mixin.py:137} INFO - [2023-07-09T15:50:24.424+0000] {dag.py:2676} INFO - Sync 1 DAGs
[2023-07-09T15:50:24.458+0000] {logging_mixin.py:137} INFO - [2023-07-09T15:50:24.457+0000] {dag.py:3423} INFO - Setting next_dagrun for example_task_group to 2023-07-08T15:50:24.457687+00:00, run_after=2023-07-09T15:50:24.457687+00:00
[2023-07-09T15:50:24.500+0000] {processor.py:175} INFO - Processing /home/ubuntu/venv/lib/python3.10/site-packages/airflow/example_dags/example_task_group.py took 0.174 seconds
[2023-07-09T16:47:16.886+0000] {processor.py:153} INFO - Started process (PID=3494) to work on /home/ubuntu/venv/lib/python3.10/site-packages/airflow/example_dags/example_task_group.py
[2023-07-09T16:47:16.895+0000] {processor.py:743} INFO - Processing file /home/ubuntu/venv/lib/python3.10/site-packages/airflow/example_dags/example_task_group.py for tasks to queue
[2023-07-09T16:47:16.896+0000] {logging_mixin.py:137} INFO - [2023-07-09T16:47:16.895+0000] {dagbag.py:538} INFO - Filling up the DagBag from /home/ubuntu/venv/lib/python3.10/site-packages/airflow/example_dags/example_task_group.py
[2023-07-09T16:47:16.962+0000] {processor.py:753} INFO - DAG(s) dict_keys(['example_task_group']) retrieved from /home/ubuntu/venv/lib/python3.10/site-packages/airflow/example_dags/example_task_group.py
[2023-07-09T16:47:17.113+0000] {logging_mixin.py:137} INFO - [2023-07-09T16:47:17.112+0000] {dag.py:2676} INFO - Sync 1 DAGs
[2023-07-09T16:47:17.188+0000] {logging_mixin.py:137} INFO - [2023-07-09T16:47:17.188+0000] {dag.py:3423} INFO - Setting next_dagrun for example_task_group to 2023-07-08T16:47:17.188291+00:00, run_after=2023-07-09T16:47:17.188291+00:00
[2023-07-09T16:47:17.242+0000] {processor.py:175} INFO - Processing /home/ubuntu/venv/lib/python3.10/site-packages/airflow/example_dags/example_task_group.py took 0.360 seconds
[2023-07-09T16:47:48.063+0000] {processor.py:153} INFO - Started process (PID=3858) to work on /home/ubuntu/venv/lib/python3.10/site-packages/airflow/example_dags/example_task_group.py
[2023-07-09T16:47:48.064+0000] {processor.py:743} INFO - Processing file /home/ubuntu/venv/lib/python3.10/site-packages/airflow/example_dags/example_task_group.py for tasks to queue
[2023-07-09T16:47:48.065+0000] {logging_mixin.py:137} INFO - [2023-07-09T16:47:48.065+0000] {dagbag.py:538} INFO - Filling up the DagBag from /home/ubuntu/venv/lib/python3.10/site-packages/airflow/example_dags/example_task_group.py
[2023-07-09T16:47:48.088+0000] {processor.py:753} INFO - DAG(s) dict_keys(['example_task_group']) retrieved from /home/ubuntu/venv/lib/python3.10/site-packages/airflow/example_dags/example_task_group.py
[2023-07-09T16:47:48.156+0000] {logging_mixin.py:137} INFO - [2023-07-09T16:47:48.156+0000] {dag.py:2676} INFO - Sync 1 DAGs
[2023-07-09T16:47:48.187+0000] {logging_mixin.py:137} INFO - [2023-07-09T16:47:48.187+0000] {dag.py:3423} INFO - Setting next_dagrun for example_task_group to 2023-07-08T16:47:48.187240+00:00, run_after=2023-07-09T16:47:48.187240+00:00
[2023-07-09T16:47:48.212+0000] {processor.py:175} INFO - Processing /home/ubuntu/venv/lib/python3.10/site-packages/airflow/example_dags/example_task_group.py took 0.153 seconds
[2023-07-09T16:48:18.891+0000] {processor.py:153} INFO - Started process (PID=4092) to work on /home/ubuntu/venv/lib/python3.10/site-packages/airflow/example_dags/example_task_group.py
[2023-07-09T16:48:18.892+0000] {processor.py:743} INFO - Processing file /home/ubuntu/venv/lib/python3.10/site-packages/airflow/example_dags/example_task_group.py for tasks to queue
[2023-07-09T16:48:18.893+0000] {logging_mixin.py:137} INFO - [2023-07-09T16:48:18.893+0000] {dagbag.py:538} INFO - Filling up the DagBag from /home/ubuntu/venv/lib/python3.10/site-packages/airflow/example_dags/example_task_group.py
[2023-07-09T16:48:18.915+0000] {processor.py:753} INFO - DAG(s) dict_keys(['example_task_group']) retrieved from /home/ubuntu/venv/lib/python3.10/site-packages/airflow/example_dags/example_task_group.py
[2023-07-09T16:48:18.981+0000] {logging_mixin.py:137} INFO - [2023-07-09T16:48:18.981+0000] {dag.py:2676} INFO - Sync 1 DAGs
[2023-07-09T16:48:19.013+0000] {logging_mixin.py:137} INFO - [2023-07-09T16:48:19.013+0000] {dag.py:3423} INFO - Setting next_dagrun for example_task_group to 2023-07-08T16:48:19.013071+00:00, run_after=2023-07-09T16:48:19.013071+00:00
[2023-07-09T16:48:19.041+0000] {processor.py:175} INFO - Processing /home/ubuntu/venv/lib/python3.10/site-packages/airflow/example_dags/example_task_group.py took 0.155 seconds
[2023-07-09T16:48:49.614+0000] {processor.py:153} INFO - Started process (PID=4331) to work on /home/ubuntu/venv/lib/python3.10/site-packages/airflow/example_dags/example_task_group.py
[2023-07-09T16:48:49.616+0000] {processor.py:743} INFO - Processing file /home/ubuntu/venv/lib/python3.10/site-packages/airflow/example_dags/example_task_group.py for tasks to queue
[2023-07-09T16:48:49.617+0000] {logging_mixin.py:137} INFO - [2023-07-09T16:48:49.617+0000] {dagbag.py:538} INFO - Filling up the DagBag from /home/ubuntu/venv/lib/python3.10/site-packages/airflow/example_dags/example_task_group.py
[2023-07-09T16:48:49.659+0000] {processor.py:753} INFO - DAG(s) dict_keys(['example_task_group']) retrieved from /home/ubuntu/venv/lib/python3.10/site-packages/airflow/example_dags/example_task_group.py
[2023-07-09T16:48:49.732+0000] {logging_mixin.py:137} INFO - [2023-07-09T16:48:49.731+0000] {dag.py:2676} INFO - Sync 1 DAGs
[2023-07-09T16:48:49.774+0000] {logging_mixin.py:137} INFO - [2023-07-09T16:48:49.774+0000] {dag.py:3423} INFO - Setting next_dagrun for example_task_group to 2023-07-08T16:48:49.773676+00:00, run_after=2023-07-09T16:48:49.773676+00:00
[2023-07-09T16:48:49.808+0000] {processor.py:175} INFO - Processing /home/ubuntu/venv/lib/python3.10/site-packages/airflow/example_dags/example_task_group.py took 0.199 seconds
[2023-07-09T16:49:20.714+0000] {processor.py:153} INFO - Started process (PID=4566) to work on /home/ubuntu/venv/lib/python3.10/site-packages/airflow/example_dags/example_task_group.py
[2023-07-09T16:49:20.715+0000] {processor.py:743} INFO - Processing file /home/ubuntu/venv/lib/python3.10/site-packages/airflow/example_dags/example_task_group.py for tasks to queue
[2023-07-09T16:49:20.716+0000] {logging_mixin.py:137} INFO - [2023-07-09T16:49:20.716+0000] {dagbag.py:538} INFO - Filling up the DagBag from /home/ubuntu/venv/lib/python3.10/site-packages/airflow/example_dags/example_task_group.py
[2023-07-09T16:49:20.731+0000] {processor.py:753} INFO - DAG(s) dict_keys(['example_task_group']) retrieved from /home/ubuntu/venv/lib/python3.10/site-packages/airflow/example_dags/example_task_group.py
[2023-07-09T16:49:20.774+0000] {logging_mixin.py:137} INFO - [2023-07-09T16:49:20.774+0000] {dag.py:2676} INFO - Sync 1 DAGs
[2023-07-09T16:49:20.797+0000] {logging_mixin.py:137} INFO - [2023-07-09T16:49:20.796+0000] {dag.py:3423} INFO - Setting next_dagrun for example_task_group to 2023-07-08T16:49:20.796621+00:00, run_after=2023-07-09T16:49:20.796621+00:00
[2023-07-09T16:49:20.812+0000] {processor.py:175} INFO - Processing /home/ubuntu/venv/lib/python3.10/site-packages/airflow/example_dags/example_task_group.py took 0.101 seconds
[2023-07-09T16:49:51.925+0000] {processor.py:153} INFO - Started process (PID=4799) to work on /home/ubuntu/venv/lib/python3.10/site-packages/airflow/example_dags/example_task_group.py
[2023-07-09T16:49:51.926+0000] {processor.py:743} INFO - Processing file /home/ubuntu/venv/lib/python3.10/site-packages/airflow/example_dags/example_task_group.py for tasks to queue
[2023-07-09T16:49:51.927+0000] {logging_mixin.py:137} INFO - [2023-07-09T16:49:51.927+0000] {dagbag.py:538} INFO - Filling up the DagBag from /home/ubuntu/venv/lib/python3.10/site-packages/airflow/example_dags/example_task_group.py
[2023-07-09T16:49:51.950+0000] {processor.py:753} INFO - DAG(s) dict_keys(['example_task_group']) retrieved from /home/ubuntu/venv/lib/python3.10/site-packages/airflow/example_dags/example_task_group.py
[2023-07-09T16:49:52.019+0000] {logging_mixin.py:137} INFO - [2023-07-09T16:49:52.018+0000] {dag.py:2676} INFO - Sync 1 DAGs
[2023-07-09T16:49:52.050+0000] {logging_mixin.py:137} INFO - [2023-07-09T16:49:52.050+0000] {dag.py:3423} INFO - Setting next_dagrun for example_task_group to 2023-07-08T16:49:52.050347+00:00, run_after=2023-07-09T16:49:52.050347+00:00
[2023-07-09T16:49:52.074+0000] {processor.py:175} INFO - Processing /home/ubuntu/venv/lib/python3.10/site-packages/airflow/example_dags/example_task_group.py took 0.155 seconds
[2023-07-09T16:50:22.770+0000] {processor.py:153} INFO - Started process (PID=5035) to work on /home/ubuntu/venv/lib/python3.10/site-packages/airflow/example_dags/example_task_group.py
[2023-07-09T16:50:22.771+0000] {processor.py:743} INFO - Processing file /home/ubuntu/venv/lib/python3.10/site-packages/airflow/example_dags/example_task_group.py for tasks to queue
[2023-07-09T16:50:22.772+0000] {logging_mixin.py:137} INFO - [2023-07-09T16:50:22.772+0000] {dagbag.py:538} INFO - Filling up the DagBag from /home/ubuntu/venv/lib/python3.10/site-packages/airflow/example_dags/example_task_group.py
[2023-07-09T16:50:22.795+0000] {processor.py:753} INFO - DAG(s) dict_keys(['example_task_group']) retrieved from /home/ubuntu/venv/lib/python3.10/site-packages/airflow/example_dags/example_task_group.py
[2023-07-09T16:50:22.864+0000] {logging_mixin.py:137} INFO - [2023-07-09T16:50:22.864+0000] {dag.py:2676} INFO - Sync 1 DAGs
[2023-07-09T16:50:22.902+0000] {logging_mixin.py:137} INFO - [2023-07-09T16:50:22.901+0000] {dag.py:3423} INFO - Setting next_dagrun for example_task_group to 2023-07-08T16:50:22.900835+00:00, run_after=2023-07-09T16:50:22.900835+00:00
[2023-07-09T16:50:22.928+0000] {processor.py:175} INFO - Processing /home/ubuntu/venv/lib/python3.10/site-packages/airflow/example_dags/example_task_group.py took 0.163 seconds
[2023-07-09T16:50:53.796+0000] {processor.py:153} INFO - Started process (PID=5337) to work on /home/ubuntu/venv/lib/python3.10/site-packages/airflow/example_dags/example_task_group.py
[2023-07-09T16:50:53.797+0000] {processor.py:743} INFO - Processing file /home/ubuntu/venv/lib/python3.10/site-packages/airflow/example_dags/example_task_group.py for tasks to queue
[2023-07-09T16:50:53.797+0000] {logging_mixin.py:137} INFO - [2023-07-09T16:50:53.797+0000] {dagbag.py:538} INFO - Filling up the DagBag from /home/ubuntu/venv/lib/python3.10/site-packages/airflow/example_dags/example_task_group.py
[2023-07-09T16:50:53.813+0000] {processor.py:753} INFO - DAG(s) dict_keys(['example_task_group']) retrieved from /home/ubuntu/venv/lib/python3.10/site-packages/airflow/example_dags/example_task_group.py
[2023-07-09T16:50:53.868+0000] {logging_mixin.py:137} INFO - [2023-07-09T16:50:53.867+0000] {dag.py:2676} INFO - Sync 1 DAGs
[2023-07-09T16:50:53.896+0000] {logging_mixin.py:137} INFO - [2023-07-09T16:50:53.896+0000] {dag.py:3423} INFO - Setting next_dagrun for example_task_group to 2023-07-08T16:50:53.896463+00:00, run_after=2023-07-09T16:50:53.896463+00:00
[2023-07-09T16:50:53.926+0000] {processor.py:175} INFO - Processing /home/ubuntu/venv/lib/python3.10/site-packages/airflow/example_dags/example_task_group.py took 0.134 seconds
[2023-07-09T16:54:54.849+0000] {processor.py:153} INFO - Started process (PID=5808) to work on /home/ubuntu/venv/lib/python3.10/site-packages/airflow/example_dags/example_task_group.py
[2023-07-09T16:54:54.852+0000] {processor.py:743} INFO - Processing file /home/ubuntu/venv/lib/python3.10/site-packages/airflow/example_dags/example_task_group.py for tasks to queue
[2023-07-09T16:54:54.853+0000] {logging_mixin.py:137} INFO - [2023-07-09T16:54:54.853+0000] {dagbag.py:538} INFO - Filling up the DagBag from /home/ubuntu/venv/lib/python3.10/site-packages/airflow/example_dags/example_task_group.py
[2023-07-09T16:54:54.880+0000] {processor.py:753} INFO - DAG(s) dict_keys(['example_task_group']) retrieved from /home/ubuntu/venv/lib/python3.10/site-packages/airflow/example_dags/example_task_group.py
[2023-07-09T16:54:54.943+0000] {logging_mixin.py:137} INFO - [2023-07-09T16:54:54.943+0000] {dag.py:2676} INFO - Sync 1 DAGs
[2023-07-09T16:54:54.975+0000] {logging_mixin.py:137} INFO - [2023-07-09T16:54:54.975+0000] {dag.py:3423} INFO - Setting next_dagrun for example_task_group to 2023-07-08T16:54:54.975419+00:00, run_after=2023-07-09T16:54:54.975419+00:00
[2023-07-09T16:54:54.999+0000] {processor.py:175} INFO - Processing /home/ubuntu/venv/lib/python3.10/site-packages/airflow/example_dags/example_task_group.py took 0.155 seconds
[2023-07-09T16:55:25.330+0000] {processor.py:153} INFO - Started process (PID=6070) to work on /home/ubuntu/venv/lib/python3.10/site-packages/airflow/example_dags/example_task_group.py
[2023-07-09T16:55:25.332+0000] {processor.py:743} INFO - Processing file /home/ubuntu/venv/lib/python3.10/site-packages/airflow/example_dags/example_task_group.py for tasks to queue
[2023-07-09T16:55:25.333+0000] {logging_mixin.py:137} INFO - [2023-07-09T16:55:25.333+0000] {dagbag.py:538} INFO - Filling up the DagBag from /home/ubuntu/venv/lib/python3.10/site-packages/airflow/example_dags/example_task_group.py
[2023-07-09T16:55:25.355+0000] {processor.py:753} INFO - DAG(s) dict_keys(['example_task_group']) retrieved from /home/ubuntu/venv/lib/python3.10/site-packages/airflow/example_dags/example_task_group.py
[2023-07-09T16:55:25.415+0000] {logging_mixin.py:137} INFO - [2023-07-09T16:55:25.415+0000] {dag.py:2676} INFO - Sync 1 DAGs
[2023-07-09T16:55:25.440+0000] {logging_mixin.py:137} INFO - [2023-07-09T16:55:25.440+0000] {dag.py:3423} INFO - Setting next_dagrun for example_task_group to 2023-07-08T16:55:25.440121+00:00, run_after=2023-07-09T16:55:25.440121+00:00
[2023-07-09T16:55:25.461+0000] {processor.py:175} INFO - Processing /home/ubuntu/venv/lib/python3.10/site-packages/airflow/example_dags/example_task_group.py took 0.143 seconds
[2023-07-09T16:55:55.698+0000] {processor.py:153} INFO - Started process (PID=6303) to work on /home/ubuntu/venv/lib/python3.10/site-packages/airflow/example_dags/example_task_group.py
[2023-07-09T16:55:55.699+0000] {processor.py:743} INFO - Processing file /home/ubuntu/venv/lib/python3.10/site-packages/airflow/example_dags/example_task_group.py for tasks to queue
[2023-07-09T16:55:55.700+0000] {logging_mixin.py:137} INFO - [2023-07-09T16:55:55.700+0000] {dagbag.py:538} INFO - Filling up the DagBag from /home/ubuntu/venv/lib/python3.10/site-packages/airflow/example_dags/example_task_group.py
[2023-07-09T16:55:55.728+0000] {processor.py:753} INFO - DAG(s) dict_keys(['example_task_group']) retrieved from /home/ubuntu/venv/lib/python3.10/site-packages/airflow/example_dags/example_task_group.py
[2023-07-09T16:55:55.796+0000] {logging_mixin.py:137} INFO - [2023-07-09T16:55:55.796+0000] {dag.py:2676} INFO - Sync 1 DAGs
[2023-07-09T16:55:55.830+0000] {logging_mixin.py:137} INFO - [2023-07-09T16:55:55.829+0000] {dag.py:3423} INFO - Setting next_dagrun for example_task_group to 2023-07-08T16:55:55.829631+00:00, run_after=2023-07-09T16:55:55.829631+00:00
[2023-07-09T16:55:55.859+0000] {processor.py:175} INFO - Processing /home/ubuntu/venv/lib/python3.10/site-packages/airflow/example_dags/example_task_group.py took 0.166 seconds
[2023-07-09T16:56:26.415+0000] {processor.py:153} INFO - Started process (PID=6539) to work on /home/ubuntu/venv/lib/python3.10/site-packages/airflow/example_dags/example_task_group.py
[2023-07-09T16:56:26.416+0000] {processor.py:743} INFO - Processing file /home/ubuntu/venv/lib/python3.10/site-packages/airflow/example_dags/example_task_group.py for tasks to queue
[2023-07-09T16:56:26.417+0000] {logging_mixin.py:137} INFO - [2023-07-09T16:56:26.417+0000] {dagbag.py:538} INFO - Filling up the DagBag from /home/ubuntu/venv/lib/python3.10/site-packages/airflow/example_dags/example_task_group.py
[2023-07-09T16:56:26.440+0000] {processor.py:753} INFO - DAG(s) dict_keys(['example_task_group']) retrieved from /home/ubuntu/venv/lib/python3.10/site-packages/airflow/example_dags/example_task_group.py
[2023-07-09T16:56:26.505+0000] {logging_mixin.py:137} INFO - [2023-07-09T16:56:26.505+0000] {dag.py:2676} INFO - Sync 1 DAGs
[2023-07-09T16:56:26.540+0000] {logging_mixin.py:137} INFO - [2023-07-09T16:56:26.539+0000] {dag.py:3423} INFO - Setting next_dagrun for example_task_group to 2023-07-08T16:56:26.539680+00:00, run_after=2023-07-09T16:56:26.539680+00:00
[2023-07-09T16:56:26.567+0000] {processor.py:175} INFO - Processing /home/ubuntu/venv/lib/python3.10/site-packages/airflow/example_dags/example_task_group.py took 0.156 seconds
[2023-07-09T16:56:57.213+0000] {processor.py:153} INFO - Started process (PID=6796) to work on /home/ubuntu/venv/lib/python3.10/site-packages/airflow/example_dags/example_task_group.py
[2023-07-09T16:56:57.217+0000] {processor.py:743} INFO - Processing file /home/ubuntu/venv/lib/python3.10/site-packages/airflow/example_dags/example_task_group.py for tasks to queue
[2023-07-09T16:56:57.218+0000] {logging_mixin.py:137} INFO - [2023-07-09T16:56:57.217+0000] {dagbag.py:538} INFO - Filling up the DagBag from /home/ubuntu/venv/lib/python3.10/site-packages/airflow/example_dags/example_task_group.py
[2023-07-09T16:56:57.241+0000] {processor.py:753} INFO - DAG(s) dict_keys(['example_task_group']) retrieved from /home/ubuntu/venv/lib/python3.10/site-packages/airflow/example_dags/example_task_group.py
[2023-07-09T16:56:57.304+0000] {logging_mixin.py:137} INFO - [2023-07-09T16:56:57.304+0000] {dag.py:2676} INFO - Sync 1 DAGs
[2023-07-09T16:56:57.339+0000] {logging_mixin.py:137} INFO - [2023-07-09T16:56:57.338+0000] {dag.py:3423} INFO - Setting next_dagrun for example_task_group to 2023-07-08T16:56:57.338696+00:00, run_after=2023-07-09T16:56:57.338696+00:00
[2023-07-09T16:56:57.363+0000] {processor.py:175} INFO - Processing /home/ubuntu/venv/lib/python3.10/site-packages/airflow/example_dags/example_task_group.py took 0.155 seconds
[2023-07-09T16:57:28.440+0000] {processor.py:153} INFO - Started process (PID=7031) to work on /home/ubuntu/venv/lib/python3.10/site-packages/airflow/example_dags/example_task_group.py
[2023-07-09T16:57:28.444+0000] {processor.py:743} INFO - Processing file /home/ubuntu/venv/lib/python3.10/site-packages/airflow/example_dags/example_task_group.py for tasks to queue
[2023-07-09T16:57:28.446+0000] {logging_mixin.py:137} INFO - [2023-07-09T16:57:28.446+0000] {dagbag.py:538} INFO - Filling up the DagBag from /home/ubuntu/venv/lib/python3.10/site-packages/airflow/example_dags/example_task_group.py
[2023-07-09T16:57:28.475+0000] {processor.py:753} INFO - DAG(s) dict_keys(['example_task_group']) retrieved from /home/ubuntu/venv/lib/python3.10/site-packages/airflow/example_dags/example_task_group.py
[2023-07-09T16:57:28.556+0000] {logging_mixin.py:137} INFO - [2023-07-09T16:57:28.556+0000] {dag.py:2676} INFO - Sync 1 DAGs
[2023-07-09T16:57:28.592+0000] {logging_mixin.py:137} INFO - [2023-07-09T16:57:28.592+0000] {dag.py:3423} INFO - Setting next_dagrun for example_task_group to 2023-07-08T16:57:28.591892+00:00, run_after=2023-07-09T16:57:28.591892+00:00
[2023-07-09T16:57:28.637+0000] {processor.py:175} INFO - Processing /home/ubuntu/venv/lib/python3.10/site-packages/airflow/example_dags/example_task_group.py took 0.206 seconds
[2023-07-09T16:57:59.343+0000] {processor.py:153} INFO - Started process (PID=7267) to work on /home/ubuntu/venv/lib/python3.10/site-packages/airflow/example_dags/example_task_group.py
[2023-07-09T16:57:59.345+0000] {processor.py:743} INFO - Processing file /home/ubuntu/venv/lib/python3.10/site-packages/airflow/example_dags/example_task_group.py for tasks to queue
[2023-07-09T16:57:59.346+0000] {logging_mixin.py:137} INFO - [2023-07-09T16:57:59.346+0000] {dagbag.py:538} INFO - Filling up the DagBag from /home/ubuntu/venv/lib/python3.10/site-packages/airflow/example_dags/example_task_group.py
[2023-07-09T16:57:59.378+0000] {processor.py:753} INFO - DAG(s) dict_keys(['example_task_group']) retrieved from /home/ubuntu/venv/lib/python3.10/site-packages/airflow/example_dags/example_task_group.py
[2023-07-09T16:57:59.451+0000] {logging_mixin.py:137} INFO - [2023-07-09T16:57:59.451+0000] {dag.py:2676} INFO - Sync 1 DAGs
[2023-07-09T16:57:59.487+0000] {logging_mixin.py:137} INFO - [2023-07-09T16:57:59.487+0000] {dag.py:3423} INFO - Setting next_dagrun for example_task_group to 2023-07-08T16:57:59.487024+00:00, run_after=2023-07-09T16:57:59.487024+00:00
[2023-07-09T16:57:59.519+0000] {processor.py:175} INFO - Processing /home/ubuntu/venv/lib/python3.10/site-packages/airflow/example_dags/example_task_group.py took 0.181 seconds
[2023-07-09T16:58:30.388+0000] {processor.py:153} INFO - Started process (PID=7501) to work on /home/ubuntu/venv/lib/python3.10/site-packages/airflow/example_dags/example_task_group.py
[2023-07-09T16:58:30.389+0000] {processor.py:743} INFO - Processing file /home/ubuntu/venv/lib/python3.10/site-packages/airflow/example_dags/example_task_group.py for tasks to queue
[2023-07-09T16:58:30.390+0000] {logging_mixin.py:137} INFO - [2023-07-09T16:58:30.390+0000] {dagbag.py:538} INFO - Filling up the DagBag from /home/ubuntu/venv/lib/python3.10/site-packages/airflow/example_dags/example_task_group.py
[2023-07-09T16:58:30.412+0000] {processor.py:753} INFO - DAG(s) dict_keys(['example_task_group']) retrieved from /home/ubuntu/venv/lib/python3.10/site-packages/airflow/example_dags/example_task_group.py
[2023-07-09T16:58:30.479+0000] {logging_mixin.py:137} INFO - [2023-07-09T16:58:30.479+0000] {dag.py:2676} INFO - Sync 1 DAGs
[2023-07-09T16:58:30.518+0000] {logging_mixin.py:137} INFO - [2023-07-09T16:58:30.517+0000] {dag.py:3423} INFO - Setting next_dagrun for example_task_group to 2023-07-08T16:58:30.517679+00:00, run_after=2023-07-09T16:58:30.517679+00:00
[2023-07-09T16:58:30.546+0000] {processor.py:175} INFO - Processing /home/ubuntu/venv/lib/python3.10/site-packages/airflow/example_dags/example_task_group.py took 0.163 seconds
[2023-07-09T16:59:02.338+0000] {processor.py:153} INFO - Started process (PID=7738) to work on /home/ubuntu/venv/lib/python3.10/site-packages/airflow/example_dags/example_task_group.py
[2023-07-09T16:59:02.339+0000] {processor.py:743} INFO - Processing file /home/ubuntu/venv/lib/python3.10/site-packages/airflow/example_dags/example_task_group.py for tasks to queue
[2023-07-09T16:59:02.340+0000] {logging_mixin.py:137} INFO - [2023-07-09T16:59:02.340+0000] {dagbag.py:538} INFO - Filling up the DagBag from /home/ubuntu/venv/lib/python3.10/site-packages/airflow/example_dags/example_task_group.py
[2023-07-09T16:59:02.363+0000] {processor.py:753} INFO - DAG(s) dict_keys(['example_task_group']) retrieved from /home/ubuntu/venv/lib/python3.10/site-packages/airflow/example_dags/example_task_group.py
[2023-07-09T16:59:02.483+0000] {logging_mixin.py:137} INFO - [2023-07-09T16:59:02.481+0000] {dag.py:2676} INFO - Sync 1 DAGs
[2023-07-09T16:59:02.544+0000] {logging_mixin.py:137} INFO - [2023-07-09T16:59:02.543+0000] {dag.py:3423} INFO - Setting next_dagrun for example_task_group to 2023-07-08T16:59:02.543358+00:00, run_after=2023-07-09T16:59:02.543358+00:00
[2023-07-09T16:59:02.964+0000] {processor.py:175} INFO - Processing /home/ubuntu/venv/lib/python3.10/site-packages/airflow/example_dags/example_task_group.py took 0.632 seconds
[2023-07-09T16:59:33.378+0000] {processor.py:153} INFO - Started process (PID=7975) to work on /home/ubuntu/venv/lib/python3.10/site-packages/airflow/example_dags/example_task_group.py
[2023-07-09T16:59:33.379+0000] {processor.py:743} INFO - Processing file /home/ubuntu/venv/lib/python3.10/site-packages/airflow/example_dags/example_task_group.py for tasks to queue
[2023-07-09T16:59:33.380+0000] {logging_mixin.py:137} INFO - [2023-07-09T16:59:33.380+0000] {dagbag.py:538} INFO - Filling up the DagBag from /home/ubuntu/venv/lib/python3.10/site-packages/airflow/example_dags/example_task_group.py
[2023-07-09T16:59:33.410+0000] {processor.py:753} INFO - DAG(s) dict_keys(['example_task_group']) retrieved from /home/ubuntu/venv/lib/python3.10/site-packages/airflow/example_dags/example_task_group.py
[2023-07-09T16:59:33.487+0000] {logging_mixin.py:137} INFO - [2023-07-09T16:59:33.486+0000] {dag.py:2676} INFO - Sync 1 DAGs
[2023-07-09T16:59:33.720+0000] {logging_mixin.py:137} INFO - [2023-07-09T16:59:33.720+0000] {dag.py:3423} INFO - Setting next_dagrun for example_task_group to 2023-07-08T16:59:33.719785+00:00, run_after=2023-07-09T16:59:33.719785+00:00
[2023-07-09T16:59:33.745+0000] {processor.py:175} INFO - Processing /home/ubuntu/venv/lib/python3.10/site-packages/airflow/example_dags/example_task_group.py took 0.372 seconds
[2023-07-09T17:00:31.657+0000] {processor.py:153} INFO - Started process (PID=8640) to work on /home/ubuntu/venv/lib/python3.10/site-packages/airflow/example_dags/example_task_group.py
[2023-07-09T17:00:31.658+0000] {processor.py:743} INFO - Processing file /home/ubuntu/venv/lib/python3.10/site-packages/airflow/example_dags/example_task_group.py for tasks to queue
[2023-07-09T17:00:31.659+0000] {logging_mixin.py:137} INFO - [2023-07-09T17:00:31.659+0000] {dagbag.py:538} INFO - Filling up the DagBag from /home/ubuntu/venv/lib/python3.10/site-packages/airflow/example_dags/example_task_group.py
[2023-07-09T17:00:31.680+0000] {processor.py:753} INFO - DAG(s) dict_keys(['example_task_group']) retrieved from /home/ubuntu/venv/lib/python3.10/site-packages/airflow/example_dags/example_task_group.py
[2023-07-09T17:00:31.742+0000] {logging_mixin.py:137} INFO - [2023-07-09T17:00:31.742+0000] {dag.py:2676} INFO - Sync 1 DAGs
[2023-07-09T17:00:31.776+0000] {logging_mixin.py:137} INFO - [2023-07-09T17:00:31.776+0000] {dag.py:3423} INFO - Setting next_dagrun for example_task_group to 2023-07-08T17:00:31.775811+00:00, run_after=2023-07-09T17:00:31.775811+00:00
[2023-07-09T17:00:31.798+0000] {processor.py:175} INFO - Processing /home/ubuntu/venv/lib/python3.10/site-packages/airflow/example_dags/example_task_group.py took 0.145 seconds
[2023-07-09T17:01:02.877+0000] {processor.py:153} INFO - Started process (PID=8897) to work on /home/ubuntu/venv/lib/python3.10/site-packages/airflow/example_dags/example_task_group.py
[2023-07-09T17:01:02.878+0000] {processor.py:743} INFO - Processing file /home/ubuntu/venv/lib/python3.10/site-packages/airflow/example_dags/example_task_group.py for tasks to queue
[2023-07-09T17:01:02.879+0000] {logging_mixin.py:137} INFO - [2023-07-09T17:01:02.879+0000] {dagbag.py:538} INFO - Filling up the DagBag from /home/ubuntu/venv/lib/python3.10/site-packages/airflow/example_dags/example_task_group.py
[2023-07-09T17:01:02.904+0000] {processor.py:753} INFO - DAG(s) dict_keys(['example_task_group']) retrieved from /home/ubuntu/venv/lib/python3.10/site-packages/airflow/example_dags/example_task_group.py
[2023-07-09T17:01:02.988+0000] {logging_mixin.py:137} INFO - [2023-07-09T17:01:02.988+0000] {dag.py:2676} INFO - Sync 1 DAGs
[2023-07-09T17:01:03.023+0000] {logging_mixin.py:137} INFO - [2023-07-09T17:01:03.023+0000] {dag.py:3423} INFO - Setting next_dagrun for example_task_group to 2023-07-08T17:01:03.023280+00:00, run_after=2023-07-09T17:01:03.023280+00:00
[2023-07-09T17:01:03.051+0000] {processor.py:175} INFO - Processing /home/ubuntu/venv/lib/python3.10/site-packages/airflow/example_dags/example_task_group.py took 0.179 seconds
[2023-07-09T17:01:33.768+0000] {processor.py:153} INFO - Started process (PID=9132) to work on /home/ubuntu/venv/lib/python3.10/site-packages/airflow/example_dags/example_task_group.py
[2023-07-09T17:01:33.770+0000] {processor.py:743} INFO - Processing file /home/ubuntu/venv/lib/python3.10/site-packages/airflow/example_dags/example_task_group.py for tasks to queue
[2023-07-09T17:01:33.770+0000] {logging_mixin.py:137} INFO - [2023-07-09T17:01:33.770+0000] {dagbag.py:538} INFO - Filling up the DagBag from /home/ubuntu/venv/lib/python3.10/site-packages/airflow/example_dags/example_task_group.py
[2023-07-09T17:01:33.798+0000] {processor.py:753} INFO - DAG(s) dict_keys(['example_task_group']) retrieved from /home/ubuntu/venv/lib/python3.10/site-packages/airflow/example_dags/example_task_group.py
[2023-07-09T17:01:33.865+0000] {logging_mixin.py:137} INFO - [2023-07-09T17:01:33.865+0000] {dag.py:2676} INFO - Sync 1 DAGs
[2023-07-09T17:01:33.903+0000] {logging_mixin.py:137} INFO - [2023-07-09T17:01:33.903+0000] {dag.py:3423} INFO - Setting next_dagrun for example_task_group to 2023-07-08T17:01:33.902772+00:00, run_after=2023-07-09T17:01:33.902772+00:00
[2023-07-09T17:01:33.927+0000] {processor.py:175} INFO - Processing /home/ubuntu/venv/lib/python3.10/site-packages/airflow/example_dags/example_task_group.py took 0.164 seconds
[2023-07-09T17:02:04.782+0000] {processor.py:153} INFO - Started process (PID=9392) to work on /home/ubuntu/venv/lib/python3.10/site-packages/airflow/example_dags/example_task_group.py
[2023-07-09T17:02:04.785+0000] {processor.py:743} INFO - Processing file /home/ubuntu/venv/lib/python3.10/site-packages/airflow/example_dags/example_task_group.py for tasks to queue
[2023-07-09T17:02:04.786+0000] {logging_mixin.py:137} INFO - [2023-07-09T17:02:04.785+0000] {dagbag.py:538} INFO - Filling up the DagBag from /home/ubuntu/venv/lib/python3.10/site-packages/airflow/example_dags/example_task_group.py
[2023-07-09T17:02:04.815+0000] {processor.py:753} INFO - DAG(s) dict_keys(['example_task_group']) retrieved from /home/ubuntu/venv/lib/python3.10/site-packages/airflow/example_dags/example_task_group.py
[2023-07-09T17:02:04.907+0000] {logging_mixin.py:137} INFO - [2023-07-09T17:02:04.907+0000] {dag.py:2676} INFO - Sync 1 DAGs
[2023-07-09T17:02:04.950+0000] {logging_mixin.py:137} INFO - [2023-07-09T17:02:04.950+0000] {dag.py:3423} INFO - Setting next_dagrun for example_task_group to 2023-07-08T17:02:04.950043+00:00, run_after=2023-07-09T17:02:04.950043+00:00
[2023-07-09T17:02:04.998+0000] {processor.py:175} INFO - Processing /home/ubuntu/venv/lib/python3.10/site-packages/airflow/example_dags/example_task_group.py took 0.221 seconds
[2023-07-09T17:02:35.569+0000] {processor.py:153} INFO - Started process (PID=9625) to work on /home/ubuntu/venv/lib/python3.10/site-packages/airflow/example_dags/example_task_group.py
[2023-07-09T17:02:35.570+0000] {processor.py:743} INFO - Processing file /home/ubuntu/venv/lib/python3.10/site-packages/airflow/example_dags/example_task_group.py for tasks to queue
[2023-07-09T17:02:35.571+0000] {logging_mixin.py:137} INFO - [2023-07-09T17:02:35.570+0000] {dagbag.py:538} INFO - Filling up the DagBag from /home/ubuntu/venv/lib/python3.10/site-packages/airflow/example_dags/example_task_group.py
[2023-07-09T17:02:35.593+0000] {processor.py:753} INFO - DAG(s) dict_keys(['example_task_group']) retrieved from /home/ubuntu/venv/lib/python3.10/site-packages/airflow/example_dags/example_task_group.py
[2023-07-09T17:02:35.659+0000] {logging_mixin.py:137} INFO - [2023-07-09T17:02:35.659+0000] {dag.py:2676} INFO - Sync 1 DAGs
[2023-07-09T17:02:35.693+0000] {logging_mixin.py:137} INFO - [2023-07-09T17:02:35.692+0000] {dag.py:3423} INFO - Setting next_dagrun for example_task_group to 2023-07-08T17:02:35.692625+00:00, run_after=2023-07-09T17:02:35.692625+00:00
[2023-07-09T17:02:35.727+0000] {processor.py:175} INFO - Processing /home/ubuntu/venv/lib/python3.10/site-packages/airflow/example_dags/example_task_group.py took 0.163 seconds
[2023-07-09T17:03:06.428+0000] {processor.py:153} INFO - Started process (PID=9863) to work on /home/ubuntu/venv/lib/python3.10/site-packages/airflow/example_dags/example_task_group.py
[2023-07-09T17:03:06.429+0000] {processor.py:743} INFO - Processing file /home/ubuntu/venv/lib/python3.10/site-packages/airflow/example_dags/example_task_group.py for tasks to queue
[2023-07-09T17:03:06.431+0000] {logging_mixin.py:137} INFO - [2023-07-09T17:03:06.431+0000] {dagbag.py:538} INFO - Filling up the DagBag from /home/ubuntu/venv/lib/python3.10/site-packages/airflow/example_dags/example_task_group.py
[2023-07-09T17:03:06.459+0000] {processor.py:753} INFO - DAG(s) dict_keys(['example_task_group']) retrieved from /home/ubuntu/venv/lib/python3.10/site-packages/airflow/example_dags/example_task_group.py
[2023-07-09T17:03:06.532+0000] {logging_mixin.py:137} INFO - [2023-07-09T17:03:06.531+0000] {dag.py:2676} INFO - Sync 1 DAGs
[2023-07-09T17:03:06.561+0000] {logging_mixin.py:137} INFO - [2023-07-09T17:03:06.561+0000] {dag.py:3423} INFO - Setting next_dagrun for example_task_group to 2023-07-08T17:03:06.561447+00:00, run_after=2023-07-09T17:03:06.561447+00:00
[2023-07-09T17:03:06.580+0000] {processor.py:175} INFO - Processing /home/ubuntu/venv/lib/python3.10/site-packages/airflow/example_dags/example_task_group.py took 0.156 seconds
[2023-07-09T17:03:37.549+0000] {processor.py:153} INFO - Started process (PID=10096) to work on /home/ubuntu/venv/lib/python3.10/site-packages/airflow/example_dags/example_task_group.py
[2023-07-09T17:03:37.550+0000] {processor.py:743} INFO - Processing file /home/ubuntu/venv/lib/python3.10/site-packages/airflow/example_dags/example_task_group.py for tasks to queue
[2023-07-09T17:03:37.551+0000] {logging_mixin.py:137} INFO - [2023-07-09T17:03:37.551+0000] {dagbag.py:538} INFO - Filling up the DagBag from /home/ubuntu/venv/lib/python3.10/site-packages/airflow/example_dags/example_task_group.py
[2023-07-09T17:03:37.574+0000] {processor.py:753} INFO - DAG(s) dict_keys(['example_task_group']) retrieved from /home/ubuntu/venv/lib/python3.10/site-packages/airflow/example_dags/example_task_group.py
[2023-07-09T17:03:37.651+0000] {logging_mixin.py:137} INFO - [2023-07-09T17:03:37.651+0000] {dag.py:2676} INFO - Sync 1 DAGs
[2023-07-09T17:03:37.689+0000] {logging_mixin.py:137} INFO - [2023-07-09T17:03:37.688+0000] {dag.py:3423} INFO - Setting next_dagrun for example_task_group to 2023-07-08T17:03:37.688522+00:00, run_after=2023-07-09T17:03:37.688522+00:00
[2023-07-09T17:03:37.722+0000] {processor.py:175} INFO - Processing /home/ubuntu/venv/lib/python3.10/site-packages/airflow/example_dags/example_task_group.py took 0.178 seconds
[2023-07-09T17:04:08.559+0000] {processor.py:153} INFO - Started process (PID=10333) to work on /home/ubuntu/venv/lib/python3.10/site-packages/airflow/example_dags/example_task_group.py
[2023-07-09T17:04:08.562+0000] {processor.py:743} INFO - Processing file /home/ubuntu/venv/lib/python3.10/site-packages/airflow/example_dags/example_task_group.py for tasks to queue
[2023-07-09T17:04:08.563+0000] {logging_mixin.py:137} INFO - [2023-07-09T17:04:08.562+0000] {dagbag.py:538} INFO - Filling up the DagBag from /home/ubuntu/venv/lib/python3.10/site-packages/airflow/example_dags/example_task_group.py
[2023-07-09T17:04:08.591+0000] {processor.py:753} INFO - DAG(s) dict_keys(['example_task_group']) retrieved from /home/ubuntu/venv/lib/python3.10/site-packages/airflow/example_dags/example_task_group.py
[2023-07-09T17:04:08.666+0000] {logging_mixin.py:137} INFO - [2023-07-09T17:04:08.666+0000] {dag.py:2676} INFO - Sync 1 DAGs
[2023-07-09T17:04:08.699+0000] {logging_mixin.py:137} INFO - [2023-07-09T17:04:08.699+0000] {dag.py:3423} INFO - Setting next_dagrun for example_task_group to 2023-07-08T17:04:08.699088+00:00, run_after=2023-07-09T17:04:08.699088+00:00
[2023-07-09T17:04:08.724+0000] {processor.py:175} INFO - Processing /home/ubuntu/venv/lib/python3.10/site-packages/airflow/example_dags/example_task_group.py took 0.169 seconds
[2023-07-09T17:04:39.746+0000] {processor.py:153} INFO - Started process (PID=10567) to work on /home/ubuntu/venv/lib/python3.10/site-packages/airflow/example_dags/example_task_group.py
[2023-07-09T17:04:39.752+0000] {processor.py:743} INFO - Processing file /home/ubuntu/venv/lib/python3.10/site-packages/airflow/example_dags/example_task_group.py for tasks to queue
[2023-07-09T17:04:39.753+0000] {logging_mixin.py:137} INFO - [2023-07-09T17:04:39.753+0000] {dagbag.py:538} INFO - Filling up the DagBag from /home/ubuntu/venv/lib/python3.10/site-packages/airflow/example_dags/example_task_group.py
[2023-07-09T17:04:39.791+0000] {processor.py:753} INFO - DAG(s) dict_keys(['example_task_group']) retrieved from /home/ubuntu/venv/lib/python3.10/site-packages/airflow/example_dags/example_task_group.py
[2023-07-09T17:04:39.877+0000] {logging_mixin.py:137} INFO - [2023-07-09T17:04:39.876+0000] {dag.py:2676} INFO - Sync 1 DAGs
[2023-07-09T17:04:39.913+0000] {logging_mixin.py:137} INFO - [2023-07-09T17:04:39.912+0000] {dag.py:3423} INFO - Setting next_dagrun for example_task_group to 2023-07-08T17:04:39.912545+00:00, run_after=2023-07-09T17:04:39.912545+00:00
[2023-07-09T17:04:40.168+0000] {processor.py:175} INFO - Processing /home/ubuntu/venv/lib/python3.10/site-packages/airflow/example_dags/example_task_group.py took 0.438 seconds
[2023-07-09T17:06:03.178+0000] {processor.py:153} INFO - Started process (PID=11139) to work on /home/ubuntu/venv/lib/python3.10/site-packages/airflow/example_dags/example_task_group.py
[2023-07-09T17:06:03.183+0000] {processor.py:743} INFO - Processing file /home/ubuntu/venv/lib/python3.10/site-packages/airflow/example_dags/example_task_group.py for tasks to queue
[2023-07-09T17:06:03.184+0000] {logging_mixin.py:137} INFO - [2023-07-09T17:06:03.184+0000] {dagbag.py:538} INFO - Filling up the DagBag from /home/ubuntu/venv/lib/python3.10/site-packages/airflow/example_dags/example_task_group.py
[2023-07-09T17:06:03.212+0000] {processor.py:753} INFO - DAG(s) dict_keys(['example_task_group']) retrieved from /home/ubuntu/venv/lib/python3.10/site-packages/airflow/example_dags/example_task_group.py
[2023-07-09T17:06:03.286+0000] {logging_mixin.py:137} INFO - [2023-07-09T17:06:03.286+0000] {dag.py:2676} INFO - Sync 1 DAGs
[2023-07-09T17:06:03.388+0000] {logging_mixin.py:137} INFO - [2023-07-09T17:06:03.388+0000] {dag.py:3423} INFO - Setting next_dagrun for example_task_group to 2023-07-08T17:06:03.388106+00:00, run_after=2023-07-09T17:06:03.388106+00:00
[2023-07-09T17:06:03.424+0000] {processor.py:175} INFO - Processing /home/ubuntu/venv/lib/python3.10/site-packages/airflow/example_dags/example_task_group.py took 0.250 seconds
[2023-07-09T17:06:33.560+0000] {processor.py:153} INFO - Started process (PID=11397) to work on /home/ubuntu/venv/lib/python3.10/site-packages/airflow/example_dags/example_task_group.py
[2023-07-09T17:06:33.561+0000] {processor.py:743} INFO - Processing file /home/ubuntu/venv/lib/python3.10/site-packages/airflow/example_dags/example_task_group.py for tasks to queue
[2023-07-09T17:06:33.561+0000] {logging_mixin.py:137} INFO - [2023-07-09T17:06:33.561+0000] {dagbag.py:538} INFO - Filling up the DagBag from /home/ubuntu/venv/lib/python3.10/site-packages/airflow/example_dags/example_task_group.py
[2023-07-09T17:06:33.579+0000] {processor.py:753} INFO - DAG(s) dict_keys(['example_task_group']) retrieved from /home/ubuntu/venv/lib/python3.10/site-packages/airflow/example_dags/example_task_group.py
[2023-07-09T17:06:33.637+0000] {logging_mixin.py:137} INFO - [2023-07-09T17:06:33.637+0000] {dag.py:2676} INFO - Sync 1 DAGs
[2023-07-09T17:06:33.670+0000] {logging_mixin.py:137} INFO - [2023-07-09T17:06:33.670+0000] {dag.py:3423} INFO - Setting next_dagrun for example_task_group to 2023-07-08T17:06:33.670319+00:00, run_after=2023-07-09T17:06:33.670319+00:00
[2023-07-09T17:06:33.702+0000] {processor.py:175} INFO - Processing /home/ubuntu/venv/lib/python3.10/site-packages/airflow/example_dags/example_task_group.py took 0.145 seconds
[2023-07-09T17:07:27.777+0000] {processor.py:153} INFO - Started process (PID=11873) to work on /home/ubuntu/venv/lib/python3.10/site-packages/airflow/example_dags/example_task_group.py
[2023-07-09T17:07:27.779+0000] {processor.py:743} INFO - Processing file /home/ubuntu/venv/lib/python3.10/site-packages/airflow/example_dags/example_task_group.py for tasks to queue
[2023-07-09T17:07:27.780+0000] {logging_mixin.py:137} INFO - [2023-07-09T17:07:27.780+0000] {dagbag.py:538} INFO - Filling up the DagBag from /home/ubuntu/venv/lib/python3.10/site-packages/airflow/example_dags/example_task_group.py
[2023-07-09T17:07:27.821+0000] {processor.py:753} INFO - DAG(s) dict_keys(['example_task_group']) retrieved from /home/ubuntu/venv/lib/python3.10/site-packages/airflow/example_dags/example_task_group.py
[2023-07-09T17:07:27.873+0000] {logging_mixin.py:137} INFO - [2023-07-09T17:07:27.872+0000] {dag.py:2676} INFO - Sync 1 DAGs
[2023-07-09T17:07:27.899+0000] {logging_mixin.py:137} INFO - [2023-07-09T17:07:27.899+0000] {dag.py:3423} INFO - Setting next_dagrun for example_task_group to 2023-07-08T17:07:27.899324+00:00, run_after=2023-07-09T17:07:27.899324+00:00
[2023-07-09T17:07:27.917+0000] {processor.py:175} INFO - Processing /home/ubuntu/venv/lib/python3.10/site-packages/airflow/example_dags/example_task_group.py took 0.147 seconds
[2023-07-09T17:07:58.571+0000] {processor.py:153} INFO - Started process (PID=12127) to work on /home/ubuntu/venv/lib/python3.10/site-packages/airflow/example_dags/example_task_group.py
[2023-07-09T17:07:58.573+0000] {processor.py:743} INFO - Processing file /home/ubuntu/venv/lib/python3.10/site-packages/airflow/example_dags/example_task_group.py for tasks to queue
[2023-07-09T17:07:58.574+0000] {logging_mixin.py:137} INFO - [2023-07-09T17:07:58.574+0000] {dagbag.py:538} INFO - Filling up the DagBag from /home/ubuntu/venv/lib/python3.10/site-packages/airflow/example_dags/example_task_group.py
[2023-07-09T17:07:58.602+0000] {processor.py:753} INFO - DAG(s) dict_keys(['example_task_group']) retrieved from /home/ubuntu/venv/lib/python3.10/site-packages/airflow/example_dags/example_task_group.py
[2023-07-09T17:07:58.680+0000] {logging_mixin.py:137} INFO - [2023-07-09T17:07:58.680+0000] {dag.py:2676} INFO - Sync 1 DAGs
[2023-07-09T17:07:58.716+0000] {logging_mixin.py:137} INFO - [2023-07-09T17:07:58.715+0000] {dag.py:3423} INFO - Setting next_dagrun for example_task_group to 2023-07-08T17:07:58.715447+00:00, run_after=2023-07-09T17:07:58.715447+00:00
[2023-07-09T17:07:58.740+0000] {processor.py:175} INFO - Processing /home/ubuntu/venv/lib/python3.10/site-packages/airflow/example_dags/example_task_group.py took 0.174 seconds
[2023-07-09T17:08:29.521+0000] {processor.py:153} INFO - Started process (PID=12363) to work on /home/ubuntu/venv/lib/python3.10/site-packages/airflow/example_dags/example_task_group.py
[2023-07-09T17:08:29.522+0000] {processor.py:743} INFO - Processing file /home/ubuntu/venv/lib/python3.10/site-packages/airflow/example_dags/example_task_group.py for tasks to queue
[2023-07-09T17:08:29.527+0000] {logging_mixin.py:137} INFO - [2023-07-09T17:08:29.527+0000] {dagbag.py:538} INFO - Filling up the DagBag from /home/ubuntu/venv/lib/python3.10/site-packages/airflow/example_dags/example_task_group.py
[2023-07-09T17:08:29.552+0000] {processor.py:753} INFO - DAG(s) dict_keys(['example_task_group']) retrieved from /home/ubuntu/venv/lib/python3.10/site-packages/airflow/example_dags/example_task_group.py
[2023-07-09T17:08:29.622+0000] {logging_mixin.py:137} INFO - [2023-07-09T17:08:29.621+0000] {dag.py:2676} INFO - Sync 1 DAGs
[2023-07-09T17:08:29.662+0000] {logging_mixin.py:137} INFO - [2023-07-09T17:08:29.662+0000] {dag.py:3423} INFO - Setting next_dagrun for example_task_group to 2023-07-08T17:08:29.662429+00:00, run_after=2023-07-09T17:08:29.662429+00:00
[2023-07-09T17:08:29.685+0000] {processor.py:175} INFO - Processing /home/ubuntu/venv/lib/python3.10/site-packages/airflow/example_dags/example_task_group.py took 0.169 seconds
[2023-07-09T17:09:06.765+0000] {processor.py:153} INFO - Started process (PID=12818) to work on /home/ubuntu/venv/lib/python3.10/site-packages/airflow/example_dags/example_task_group.py
[2023-07-09T17:09:06.767+0000] {processor.py:743} INFO - Processing file /home/ubuntu/venv/lib/python3.10/site-packages/airflow/example_dags/example_task_group.py for tasks to queue
[2023-07-09T17:09:06.768+0000] {logging_mixin.py:137} INFO - [2023-07-09T17:09:06.767+0000] {dagbag.py:538} INFO - Filling up the DagBag from /home/ubuntu/venv/lib/python3.10/site-packages/airflow/example_dags/example_task_group.py
[2023-07-09T17:09:06.789+0000] {processor.py:753} INFO - DAG(s) dict_keys(['example_task_group']) retrieved from /home/ubuntu/venv/lib/python3.10/site-packages/airflow/example_dags/example_task_group.py
[2023-07-09T17:09:06.851+0000] {logging_mixin.py:137} INFO - [2023-07-09T17:09:06.851+0000] {dag.py:2676} INFO - Sync 1 DAGs
[2023-07-09T17:09:06.886+0000] {logging_mixin.py:137} INFO - [2023-07-09T17:09:06.886+0000] {dag.py:3423} INFO - Setting next_dagrun for example_task_group to 2023-07-08T17:09:06.885905+00:00, run_after=2023-07-09T17:09:06.885905+00:00
[2023-07-09T17:09:06.909+0000] {processor.py:175} INFO - Processing /home/ubuntu/venv/lib/python3.10/site-packages/airflow/example_dags/example_task_group.py took 0.149 seconds
[2023-07-09T17:09:37.291+0000] {processor.py:153} INFO - Started process (PID=13094) to work on /home/ubuntu/venv/lib/python3.10/site-packages/airflow/example_dags/example_task_group.py
[2023-07-09T17:09:37.292+0000] {processor.py:743} INFO - Processing file /home/ubuntu/venv/lib/python3.10/site-packages/airflow/example_dags/example_task_group.py for tasks to queue
[2023-07-09T17:09:37.293+0000] {logging_mixin.py:137} INFO - [2023-07-09T17:09:37.293+0000] {dagbag.py:538} INFO - Filling up the DagBag from /home/ubuntu/venv/lib/python3.10/site-packages/airflow/example_dags/example_task_group.py
[2023-07-09T17:09:37.345+0000] {processor.py:753} INFO - DAG(s) dict_keys(['example_task_group']) retrieved from /home/ubuntu/venv/lib/python3.10/site-packages/airflow/example_dags/example_task_group.py
[2023-07-09T17:09:37.478+0000] {logging_mixin.py:137} INFO - [2023-07-09T17:09:37.477+0000] {dag.py:2676} INFO - Sync 1 DAGs
[2023-07-09T17:09:37.515+0000] {logging_mixin.py:137} INFO - [2023-07-09T17:09:37.515+0000] {dag.py:3423} INFO - Setting next_dagrun for example_task_group to 2023-07-08T17:09:37.515057+00:00, run_after=2023-07-09T17:09:37.515057+00:00
[2023-07-09T17:09:37.546+0000] {processor.py:175} INFO - Processing /home/ubuntu/venv/lib/python3.10/site-packages/airflow/example_dags/example_task_group.py took 0.259 seconds
[2023-07-09T17:10:08.257+0000] {processor.py:153} INFO - Started process (PID=13330) to work on /home/ubuntu/venv/lib/python3.10/site-packages/airflow/example_dags/example_task_group.py
[2023-07-09T17:10:08.258+0000] {processor.py:743} INFO - Processing file /home/ubuntu/venv/lib/python3.10/site-packages/airflow/example_dags/example_task_group.py for tasks to queue
[2023-07-09T17:10:08.259+0000] {logging_mixin.py:137} INFO - [2023-07-09T17:10:08.259+0000] {dagbag.py:538} INFO - Filling up the DagBag from /home/ubuntu/venv/lib/python3.10/site-packages/airflow/example_dags/example_task_group.py
[2023-07-09T17:10:08.282+0000] {processor.py:753} INFO - DAG(s) dict_keys(['example_task_group']) retrieved from /home/ubuntu/venv/lib/python3.10/site-packages/airflow/example_dags/example_task_group.py
[2023-07-09T17:10:08.345+0000] {logging_mixin.py:137} INFO - [2023-07-09T17:10:08.344+0000] {dag.py:2676} INFO - Sync 1 DAGs
[2023-07-09T17:10:08.377+0000] {logging_mixin.py:137} INFO - [2023-07-09T17:10:08.376+0000] {dag.py:3423} INFO - Setting next_dagrun for example_task_group to 2023-07-08T17:10:08.376440+00:00, run_after=2023-07-09T17:10:08.376440+00:00
[2023-07-09T17:10:08.401+0000] {processor.py:175} INFO - Processing /home/ubuntu/venv/lib/python3.10/site-packages/airflow/example_dags/example_task_group.py took 0.148 seconds
