[2023-07-09T15:46:33.971+0000] {processor.py:153} INFO - Started process (PID=1347) to work on /home/ubuntu/venv/lib/python3.10/site-packages/airflow/example_dags/example_sensor_decorator.py
[2023-07-09T15:46:33.972+0000] {processor.py:743} INFO - Processing file /home/ubuntu/venv/lib/python3.10/site-packages/airflow/example_dags/example_sensor_decorator.py for tasks to queue
[2023-07-09T15:46:33.975+0000] {logging_mixin.py:137} INFO - [2023-07-09T15:46:33.974+0000] {dagbag.py:538} INFO - Filling up the DagBag from /home/ubuntu/venv/lib/python3.10/site-packages/airflow/example_dags/example_sensor_decorator.py
[2023-07-09T15:46:34.003+0000] {logging_mixin.py:137} WARNING - /home/ubuntu/venv/lib/python3.10/site-packages/airflow/models/dag.py:3492 RemovedInAirflow3Warning: Param `schedule_interval` is deprecated and will be removed in a future release. Please use `schedule` instead.
[2023-07-09T15:46:34.014+0000] {processor.py:753} INFO - DAG(s) dict_keys(['example_sensor_decorator']) retrieved from /home/ubuntu/venv/lib/python3.10/site-packages/airflow/example_dags/example_sensor_decorator.py
[2023-07-09T15:46:34.073+0000] {logging_mixin.py:137} INFO - [2023-07-09T15:46:34.073+0000] {dag.py:2676} INFO - Sync 1 DAGs
[2023-07-09T15:46:34.110+0000] {logging_mixin.py:137} INFO - [2023-07-09T15:46:34.110+0000] {dag.py:3423} INFO - Setting next_dagrun for example_sensor_decorator to None, run_after=None
[2023-07-09T15:46:34.145+0000] {processor.py:175} INFO - Processing /home/ubuntu/venv/lib/python3.10/site-packages/airflow/example_dags/example_sensor_decorator.py took 0.177 seconds
[2023-07-09T15:47:04.800+0000] {processor.py:153} INFO - Started process (PID=1586) to work on /home/ubuntu/venv/lib/python3.10/site-packages/airflow/example_dags/example_sensor_decorator.py
[2023-07-09T15:47:04.801+0000] {processor.py:743} INFO - Processing file /home/ubuntu/venv/lib/python3.10/site-packages/airflow/example_dags/example_sensor_decorator.py for tasks to queue
[2023-07-09T15:47:04.802+0000] {logging_mixin.py:137} INFO - [2023-07-09T15:47:04.802+0000] {dagbag.py:538} INFO - Filling up the DagBag from /home/ubuntu/venv/lib/python3.10/site-packages/airflow/example_dags/example_sensor_decorator.py
[2023-07-09T15:47:04.833+0000] {logging_mixin.py:137} WARNING - /home/ubuntu/venv/lib/python3.10/site-packages/airflow/models/dag.py:3492 RemovedInAirflow3Warning: Param `schedule_interval` is deprecated and will be removed in a future release. Please use `schedule` instead.
[2023-07-09T15:47:04.845+0000] {processor.py:753} INFO - DAG(s) dict_keys(['example_sensor_decorator']) retrieved from /home/ubuntu/venv/lib/python3.10/site-packages/airflow/example_dags/example_sensor_decorator.py
[2023-07-09T15:47:04.912+0000] {logging_mixin.py:137} INFO - [2023-07-09T15:47:04.912+0000] {dag.py:2676} INFO - Sync 1 DAGs
[2023-07-09T15:47:04.947+0000] {logging_mixin.py:137} INFO - [2023-07-09T15:47:04.946+0000] {dag.py:3423} INFO - Setting next_dagrun for example_sensor_decorator to None, run_after=None
[2023-07-09T15:47:04.971+0000] {processor.py:175} INFO - Processing /home/ubuntu/venv/lib/python3.10/site-packages/airflow/example_dags/example_sensor_decorator.py took 0.175 seconds
[2023-07-09T15:47:35.096+0000] {processor.py:153} INFO - Started process (PID=1888) to work on /home/ubuntu/venv/lib/python3.10/site-packages/airflow/example_dags/example_sensor_decorator.py
[2023-07-09T15:47:35.097+0000] {processor.py:743} INFO - Processing file /home/ubuntu/venv/lib/python3.10/site-packages/airflow/example_dags/example_sensor_decorator.py for tasks to queue
[2023-07-09T15:47:35.098+0000] {logging_mixin.py:137} INFO - [2023-07-09T15:47:35.097+0000] {dagbag.py:538} INFO - Filling up the DagBag from /home/ubuntu/venv/lib/python3.10/site-packages/airflow/example_dags/example_sensor_decorator.py
[2023-07-09T15:47:35.130+0000] {logging_mixin.py:137} WARNING - /home/ubuntu/venv/lib/python3.10/site-packages/airflow/models/dag.py:3492 RemovedInAirflow3Warning: Param `schedule_interval` is deprecated and will be removed in a future release. Please use `schedule` instead.
[2023-07-09T15:47:35.143+0000] {processor.py:753} INFO - DAG(s) dict_keys(['example_sensor_decorator']) retrieved from /home/ubuntu/venv/lib/python3.10/site-packages/airflow/example_dags/example_sensor_decorator.py
[2023-07-09T15:47:35.237+0000] {logging_mixin.py:137} INFO - [2023-07-09T15:47:35.237+0000] {dag.py:2676} INFO - Sync 1 DAGs
[2023-07-09T15:47:35.281+0000] {logging_mixin.py:137} INFO - [2023-07-09T15:47:35.281+0000] {dag.py:3423} INFO - Setting next_dagrun for example_sensor_decorator to None, run_after=None
[2023-07-09T15:47:35.307+0000] {processor.py:175} INFO - Processing /home/ubuntu/venv/lib/python3.10/site-packages/airflow/example_dags/example_sensor_decorator.py took 0.214 seconds
[2023-07-09T15:49:52.703+0000] {processor.py:153} INFO - Started process (PID=2166) to work on /home/ubuntu/venv/lib/python3.10/site-packages/airflow/example_dags/example_sensor_decorator.py
[2023-07-09T15:49:52.704+0000] {processor.py:743} INFO - Processing file /home/ubuntu/venv/lib/python3.10/site-packages/airflow/example_dags/example_sensor_decorator.py for tasks to queue
[2023-07-09T15:49:52.705+0000] {logging_mixin.py:137} INFO - [2023-07-09T15:49:52.705+0000] {dagbag.py:538} INFO - Filling up the DagBag from /home/ubuntu/venv/lib/python3.10/site-packages/airflow/example_dags/example_sensor_decorator.py
[2023-07-09T15:49:52.742+0000] {logging_mixin.py:137} WARNING - /home/ubuntu/venv/lib/python3.10/site-packages/airflow/models/dag.py:3492 RemovedInAirflow3Warning: Param `schedule_interval` is deprecated and will be removed in a future release. Please use `schedule` instead.
[2023-07-09T15:49:52.755+0000] {processor.py:753} INFO - DAG(s) dict_keys(['example_sensor_decorator']) retrieved from /home/ubuntu/venv/lib/python3.10/site-packages/airflow/example_dags/example_sensor_decorator.py
[2023-07-09T15:49:52.820+0000] {logging_mixin.py:137} INFO - [2023-07-09T15:49:52.820+0000] {dag.py:2676} INFO - Sync 1 DAGs
[2023-07-09T15:49:52.852+0000] {logging_mixin.py:137} INFO - [2023-07-09T15:49:52.851+0000] {dag.py:3423} INFO - Setting next_dagrun for example_sensor_decorator to None, run_after=None
[2023-07-09T15:49:52.876+0000] {processor.py:175} INFO - Processing /home/ubuntu/venv/lib/python3.10/site-packages/airflow/example_dags/example_sensor_decorator.py took 0.179 seconds
[2023-07-09T15:50:23.885+0000] {processor.py:153} INFO - Started process (PID=2403) to work on /home/ubuntu/venv/lib/python3.10/site-packages/airflow/example_dags/example_sensor_decorator.py
[2023-07-09T15:50:23.887+0000] {processor.py:743} INFO - Processing file /home/ubuntu/venv/lib/python3.10/site-packages/airflow/example_dags/example_sensor_decorator.py for tasks to queue
[2023-07-09T15:50:23.888+0000] {logging_mixin.py:137} INFO - [2023-07-09T15:50:23.888+0000] {dagbag.py:538} INFO - Filling up the DagBag from /home/ubuntu/venv/lib/python3.10/site-packages/airflow/example_dags/example_sensor_decorator.py
[2023-07-09T15:50:23.920+0000] {logging_mixin.py:137} WARNING - /home/ubuntu/venv/lib/python3.10/site-packages/airflow/models/dag.py:3492 RemovedInAirflow3Warning: Param `schedule_interval` is deprecated and will be removed in a future release. Please use `schedule` instead.
[2023-07-09T15:50:23.934+0000] {processor.py:753} INFO - DAG(s) dict_keys(['example_sensor_decorator']) retrieved from /home/ubuntu/venv/lib/python3.10/site-packages/airflow/example_dags/example_sensor_decorator.py
[2023-07-09T15:50:24.022+0000] {logging_mixin.py:137} INFO - [2023-07-09T15:50:24.022+0000] {dag.py:2676} INFO - Sync 1 DAGs
[2023-07-09T15:50:24.065+0000] {logging_mixin.py:137} INFO - [2023-07-09T15:50:24.065+0000] {dag.py:3423} INFO - Setting next_dagrun for example_sensor_decorator to None, run_after=None
[2023-07-09T15:50:24.092+0000] {processor.py:175} INFO - Processing /home/ubuntu/venv/lib/python3.10/site-packages/airflow/example_dags/example_sensor_decorator.py took 0.213 seconds
[2023-07-09T16:47:16.203+0000] {processor.py:153} INFO - Started process (PID=3466) to work on /home/ubuntu/venv/lib/python3.10/site-packages/airflow/example_dags/example_sensor_decorator.py
[2023-07-09T16:47:16.205+0000] {processor.py:743} INFO - Processing file /home/ubuntu/venv/lib/python3.10/site-packages/airflow/example_dags/example_sensor_decorator.py for tasks to queue
[2023-07-09T16:47:16.206+0000] {logging_mixin.py:137} INFO - [2023-07-09T16:47:16.206+0000] {dagbag.py:538} INFO - Filling up the DagBag from /home/ubuntu/venv/lib/python3.10/site-packages/airflow/example_dags/example_sensor_decorator.py
[2023-07-09T16:47:16.234+0000] {logging_mixin.py:137} WARNING - /home/ubuntu/venv/lib/python3.10/site-packages/airflow/models/dag.py:3492 RemovedInAirflow3Warning: Param `schedule_interval` is deprecated and will be removed in a future release. Please use `schedule` instead.
[2023-07-09T16:47:16.245+0000] {processor.py:753} INFO - DAG(s) dict_keys(['example_sensor_decorator']) retrieved from /home/ubuntu/venv/lib/python3.10/site-packages/airflow/example_dags/example_sensor_decorator.py
[2023-07-09T16:47:16.306+0000] {logging_mixin.py:137} INFO - [2023-07-09T16:47:16.306+0000] {dag.py:2676} INFO - Sync 1 DAGs
[2023-07-09T16:47:16.337+0000] {logging_mixin.py:137} INFO - [2023-07-09T16:47:16.337+0000] {dag.py:3423} INFO - Setting next_dagrun for example_sensor_decorator to None, run_after=None
[2023-07-09T16:47:16.358+0000] {processor.py:175} INFO - Processing /home/ubuntu/venv/lib/python3.10/site-packages/airflow/example_dags/example_sensor_decorator.py took 0.159 seconds
[2023-07-09T16:47:47.610+0000] {processor.py:153} INFO - Started process (PID=3834) to work on /home/ubuntu/venv/lib/python3.10/site-packages/airflow/example_dags/example_sensor_decorator.py
[2023-07-09T16:47:47.612+0000] {processor.py:743} INFO - Processing file /home/ubuntu/venv/lib/python3.10/site-packages/airflow/example_dags/example_sensor_decorator.py for tasks to queue
[2023-07-09T16:47:47.613+0000] {logging_mixin.py:137} INFO - [2023-07-09T16:47:47.613+0000] {dagbag.py:538} INFO - Filling up the DagBag from /home/ubuntu/venv/lib/python3.10/site-packages/airflow/example_dags/example_sensor_decorator.py
[2023-07-09T16:47:47.645+0000] {logging_mixin.py:137} WARNING - /home/ubuntu/venv/lib/python3.10/site-packages/airflow/models/dag.py:3492 RemovedInAirflow3Warning: Param `schedule_interval` is deprecated and will be removed in a future release. Please use `schedule` instead.
[2023-07-09T16:47:47.658+0000] {processor.py:753} INFO - DAG(s) dict_keys(['example_sensor_decorator']) retrieved from /home/ubuntu/venv/lib/python3.10/site-packages/airflow/example_dags/example_sensor_decorator.py
[2023-07-09T16:47:47.726+0000] {logging_mixin.py:137} INFO - [2023-07-09T16:47:47.726+0000] {dag.py:2676} INFO - Sync 1 DAGs
[2023-07-09T16:47:47.763+0000] {logging_mixin.py:137} INFO - [2023-07-09T16:47:47.762+0000] {dag.py:3423} INFO - Setting next_dagrun for example_sensor_decorator to None, run_after=None
[2023-07-09T16:47:47.785+0000] {processor.py:175} INFO - Processing /home/ubuntu/venv/lib/python3.10/site-packages/airflow/example_dags/example_sensor_decorator.py took 0.179 seconds
[2023-07-09T16:48:18.370+0000] {processor.py:153} INFO - Started process (PID=4068) to work on /home/ubuntu/venv/lib/python3.10/site-packages/airflow/example_dags/example_sensor_decorator.py
[2023-07-09T16:48:18.372+0000] {processor.py:743} INFO - Processing file /home/ubuntu/venv/lib/python3.10/site-packages/airflow/example_dags/example_sensor_decorator.py for tasks to queue
[2023-07-09T16:48:18.373+0000] {logging_mixin.py:137} INFO - [2023-07-09T16:48:18.373+0000] {dagbag.py:538} INFO - Filling up the DagBag from /home/ubuntu/venv/lib/python3.10/site-packages/airflow/example_dags/example_sensor_decorator.py
[2023-07-09T16:48:18.409+0000] {logging_mixin.py:137} WARNING - /home/ubuntu/venv/lib/python3.10/site-packages/airflow/models/dag.py:3492 RemovedInAirflow3Warning: Param `schedule_interval` is deprecated and will be removed in a future release. Please use `schedule` instead.
[2023-07-09T16:48:18.421+0000] {processor.py:753} INFO - DAG(s) dict_keys(['example_sensor_decorator']) retrieved from /home/ubuntu/venv/lib/python3.10/site-packages/airflow/example_dags/example_sensor_decorator.py
[2023-07-09T16:48:18.537+0000] {logging_mixin.py:137} INFO - [2023-07-09T16:48:18.537+0000] {dag.py:2676} INFO - Sync 1 DAGs
[2023-07-09T16:48:18.574+0000] {logging_mixin.py:137} INFO - [2023-07-09T16:48:18.574+0000] {dag.py:3423} INFO - Setting next_dagrun for example_sensor_decorator to None, run_after=None
[2023-07-09T16:48:18.604+0000] {processor.py:175} INFO - Processing /home/ubuntu/venv/lib/python3.10/site-packages/airflow/example_dags/example_sensor_decorator.py took 0.238 seconds
[2023-07-09T16:48:49.045+0000] {processor.py:153} INFO - Started process (PID=4304) to work on /home/ubuntu/venv/lib/python3.10/site-packages/airflow/example_dags/example_sensor_decorator.py
[2023-07-09T16:48:49.047+0000] {processor.py:743} INFO - Processing file /home/ubuntu/venv/lib/python3.10/site-packages/airflow/example_dags/example_sensor_decorator.py for tasks to queue
[2023-07-09T16:48:49.048+0000] {logging_mixin.py:137} INFO - [2023-07-09T16:48:49.048+0000] {dagbag.py:538} INFO - Filling up the DagBag from /home/ubuntu/venv/lib/python3.10/site-packages/airflow/example_dags/example_sensor_decorator.py
[2023-07-09T16:48:49.078+0000] {logging_mixin.py:137} WARNING - /home/ubuntu/venv/lib/python3.10/site-packages/airflow/models/dag.py:3492 RemovedInAirflow3Warning: Param `schedule_interval` is deprecated and will be removed in a future release. Please use `schedule` instead.
[2023-07-09T16:48:49.091+0000] {processor.py:753} INFO - DAG(s) dict_keys(['example_sensor_decorator']) retrieved from /home/ubuntu/venv/lib/python3.10/site-packages/airflow/example_dags/example_sensor_decorator.py
[2023-07-09T16:48:49.154+0000] {logging_mixin.py:137} INFO - [2023-07-09T16:48:49.154+0000] {dag.py:2676} INFO - Sync 1 DAGs
[2023-07-09T16:48:49.189+0000] {logging_mixin.py:137} INFO - [2023-07-09T16:48:49.189+0000] {dag.py:3423} INFO - Setting next_dagrun for example_sensor_decorator to None, run_after=None
[2023-07-09T16:48:49.220+0000] {processor.py:175} INFO - Processing /home/ubuntu/venv/lib/python3.10/site-packages/airflow/example_dags/example_sensor_decorator.py took 0.179 seconds
[2023-07-09T16:49:20.262+0000] {processor.py:153} INFO - Started process (PID=4540) to work on /home/ubuntu/venv/lib/python3.10/site-packages/airflow/example_dags/example_sensor_decorator.py
[2023-07-09T16:49:20.263+0000] {processor.py:743} INFO - Processing file /home/ubuntu/venv/lib/python3.10/site-packages/airflow/example_dags/example_sensor_decorator.py for tasks to queue
[2023-07-09T16:49:20.264+0000] {logging_mixin.py:137} INFO - [2023-07-09T16:49:20.264+0000] {dagbag.py:538} INFO - Filling up the DagBag from /home/ubuntu/venv/lib/python3.10/site-packages/airflow/example_dags/example_sensor_decorator.py
[2023-07-09T16:49:20.291+0000] {logging_mixin.py:137} WARNING - /home/ubuntu/venv/lib/python3.10/site-packages/airflow/models/dag.py:3492 RemovedInAirflow3Warning: Param `schedule_interval` is deprecated and will be removed in a future release. Please use `schedule` instead.
[2023-07-09T16:49:20.302+0000] {processor.py:753} INFO - DAG(s) dict_keys(['example_sensor_decorator']) retrieved from /home/ubuntu/venv/lib/python3.10/site-packages/airflow/example_dags/example_sensor_decorator.py
[2023-07-09T16:49:20.408+0000] {logging_mixin.py:137} INFO - [2023-07-09T16:49:20.407+0000] {dag.py:2676} INFO - Sync 1 DAGs
[2023-07-09T16:49:20.475+0000] {logging_mixin.py:137} INFO - [2023-07-09T16:49:20.475+0000] {dag.py:3423} INFO - Setting next_dagrun for example_sensor_decorator to None, run_after=None
[2023-07-09T16:49:20.503+0000] {processor.py:175} INFO - Processing /home/ubuntu/venv/lib/python3.10/site-packages/airflow/example_dags/example_sensor_decorator.py took 0.246 seconds
[2023-07-09T16:49:51.519+0000] {processor.py:153} INFO - Started process (PID=4776) to work on /home/ubuntu/venv/lib/python3.10/site-packages/airflow/example_dags/example_sensor_decorator.py
[2023-07-09T16:49:51.520+0000] {processor.py:743} INFO - Processing file /home/ubuntu/venv/lib/python3.10/site-packages/airflow/example_dags/example_sensor_decorator.py for tasks to queue
[2023-07-09T16:49:51.521+0000] {logging_mixin.py:137} INFO - [2023-07-09T16:49:51.521+0000] {dagbag.py:538} INFO - Filling up the DagBag from /home/ubuntu/venv/lib/python3.10/site-packages/airflow/example_dags/example_sensor_decorator.py
[2023-07-09T16:49:51.550+0000] {logging_mixin.py:137} WARNING - /home/ubuntu/venv/lib/python3.10/site-packages/airflow/models/dag.py:3492 RemovedInAirflow3Warning: Param `schedule_interval` is deprecated and will be removed in a future release. Please use `schedule` instead.
[2023-07-09T16:49:51.561+0000] {processor.py:753} INFO - DAG(s) dict_keys(['example_sensor_decorator']) retrieved from /home/ubuntu/venv/lib/python3.10/site-packages/airflow/example_dags/example_sensor_decorator.py
[2023-07-09T16:49:51.623+0000] {logging_mixin.py:137} INFO - [2023-07-09T16:49:51.623+0000] {dag.py:2676} INFO - Sync 1 DAGs
[2023-07-09T16:49:51.655+0000] {logging_mixin.py:137} INFO - [2023-07-09T16:49:51.654+0000] {dag.py:3423} INFO - Setting next_dagrun for example_sensor_decorator to None, run_after=None
[2023-07-09T16:49:51.685+0000] {processor.py:175} INFO - Processing /home/ubuntu/venv/lib/python3.10/site-packages/airflow/example_dags/example_sensor_decorator.py took 0.170 seconds
[2023-07-09T16:50:22.132+0000] {processor.py:153} INFO - Started process (PID=5010) to work on /home/ubuntu/venv/lib/python3.10/site-packages/airflow/example_dags/example_sensor_decorator.py
[2023-07-09T16:50:22.134+0000] {processor.py:743} INFO - Processing file /home/ubuntu/venv/lib/python3.10/site-packages/airflow/example_dags/example_sensor_decorator.py for tasks to queue
[2023-07-09T16:50:22.135+0000] {logging_mixin.py:137} INFO - [2023-07-09T16:50:22.134+0000] {dagbag.py:538} INFO - Filling up the DagBag from /home/ubuntu/venv/lib/python3.10/site-packages/airflow/example_dags/example_sensor_decorator.py
[2023-07-09T16:50:22.165+0000] {logging_mixin.py:137} WARNING - /home/ubuntu/venv/lib/python3.10/site-packages/airflow/models/dag.py:3492 RemovedInAirflow3Warning: Param `schedule_interval` is deprecated and will be removed in a future release. Please use `schedule` instead.
[2023-07-09T16:50:22.177+0000] {processor.py:753} INFO - DAG(s) dict_keys(['example_sensor_decorator']) retrieved from /home/ubuntu/venv/lib/python3.10/site-packages/airflow/example_dags/example_sensor_decorator.py
[2023-07-09T16:50:22.240+0000] {logging_mixin.py:137} INFO - [2023-07-09T16:50:22.240+0000] {dag.py:2676} INFO - Sync 1 DAGs
[2023-07-09T16:50:22.274+0000] {logging_mixin.py:137} INFO - [2023-07-09T16:50:22.274+0000] {dag.py:3423} INFO - Setting next_dagrun for example_sensor_decorator to None, run_after=None
[2023-07-09T16:50:22.319+0000] {processor.py:175} INFO - Processing /home/ubuntu/venv/lib/python3.10/site-packages/airflow/example_dags/example_sensor_decorator.py took 0.191 seconds
[2023-07-09T16:50:52.496+0000] {processor.py:153} INFO - Started process (PID=5241) to work on /home/ubuntu/venv/lib/python3.10/site-packages/airflow/example_dags/example_sensor_decorator.py
[2023-07-09T16:50:52.497+0000] {processor.py:743} INFO - Processing file /home/ubuntu/venv/lib/python3.10/site-packages/airflow/example_dags/example_sensor_decorator.py for tasks to queue
[2023-07-09T16:50:52.498+0000] {logging_mixin.py:137} INFO - [2023-07-09T16:50:52.498+0000] {dagbag.py:538} INFO - Filling up the DagBag from /home/ubuntu/venv/lib/python3.10/site-packages/airflow/example_dags/example_sensor_decorator.py
[2023-07-09T16:50:52.527+0000] {logging_mixin.py:137} WARNING - /home/ubuntu/venv/lib/python3.10/site-packages/airflow/models/dag.py:3492 RemovedInAirflow3Warning: Param `schedule_interval` is deprecated and will be removed in a future release. Please use `schedule` instead.
[2023-07-09T16:50:52.535+0000] {processor.py:753} INFO - DAG(s) dict_keys(['example_sensor_decorator']) retrieved from /home/ubuntu/venv/lib/python3.10/site-packages/airflow/example_dags/example_sensor_decorator.py
[2023-07-09T16:50:52.579+0000] {logging_mixin.py:137} INFO - [2023-07-09T16:50:52.578+0000] {dag.py:2676} INFO - Sync 1 DAGs
[2023-07-09T16:50:52.601+0000] {logging_mixin.py:137} INFO - [2023-07-09T16:50:52.600+0000] {dag.py:3423} INFO - Setting next_dagrun for example_sensor_decorator to None, run_after=None
[2023-07-09T16:50:52.620+0000] {processor.py:175} INFO - Processing /home/ubuntu/venv/lib/python3.10/site-packages/airflow/example_dags/example_sensor_decorator.py took 0.128 seconds
[2023-07-09T16:54:54.346+0000] {processor.py:153} INFO - Started process (PID=5783) to work on /home/ubuntu/venv/lib/python3.10/site-packages/airflow/example_dags/example_sensor_decorator.py
[2023-07-09T16:54:54.353+0000] {processor.py:743} INFO - Processing file /home/ubuntu/venv/lib/python3.10/site-packages/airflow/example_dags/example_sensor_decorator.py for tasks to queue
[2023-07-09T16:54:54.354+0000] {logging_mixin.py:137} INFO - [2023-07-09T16:54:54.354+0000] {dagbag.py:538} INFO - Filling up the DagBag from /home/ubuntu/venv/lib/python3.10/site-packages/airflow/example_dags/example_sensor_decorator.py
[2023-07-09T16:54:54.457+0000] {logging_mixin.py:137} WARNING - /home/ubuntu/venv/lib/python3.10/site-packages/airflow/models/dag.py:3492 RemovedInAirflow3Warning: Param `schedule_interval` is deprecated and will be removed in a future release. Please use `schedule` instead.
[2023-07-09T16:54:54.474+0000] {processor.py:753} INFO - DAG(s) dict_keys(['example_sensor_decorator']) retrieved from /home/ubuntu/venv/lib/python3.10/site-packages/airflow/example_dags/example_sensor_decorator.py
[2023-07-09T16:54:54.537+0000] {logging_mixin.py:137} INFO - [2023-07-09T16:54:54.537+0000] {dag.py:2676} INFO - Sync 1 DAGs
[2023-07-09T16:54:54.576+0000] {logging_mixin.py:137} INFO - [2023-07-09T16:54:54.576+0000] {dag.py:3423} INFO - Setting next_dagrun for example_sensor_decorator to None, run_after=None
[2023-07-09T16:54:54.603+0000] {processor.py:175} INFO - Processing /home/ubuntu/venv/lib/python3.10/site-packages/airflow/example_dags/example_sensor_decorator.py took 0.261 seconds
[2023-07-09T16:55:24.757+0000] {processor.py:153} INFO - Started process (PID=6046) to work on /home/ubuntu/venv/lib/python3.10/site-packages/airflow/example_dags/example_sensor_decorator.py
[2023-07-09T16:55:24.758+0000] {processor.py:743} INFO - Processing file /home/ubuntu/venv/lib/python3.10/site-packages/airflow/example_dags/example_sensor_decorator.py for tasks to queue
[2023-07-09T16:55:24.762+0000] {logging_mixin.py:137} INFO - [2023-07-09T16:55:24.762+0000] {dagbag.py:538} INFO - Filling up the DagBag from /home/ubuntu/venv/lib/python3.10/site-packages/airflow/example_dags/example_sensor_decorator.py
[2023-07-09T16:55:24.784+0000] {logging_mixin.py:137} WARNING - /home/ubuntu/venv/lib/python3.10/site-packages/airflow/models/dag.py:3492 RemovedInAirflow3Warning: Param `schedule_interval` is deprecated and will be removed in a future release. Please use `schedule` instead.
[2023-07-09T16:55:24.793+0000] {processor.py:753} INFO - DAG(s) dict_keys(['example_sensor_decorator']) retrieved from /home/ubuntu/venv/lib/python3.10/site-packages/airflow/example_dags/example_sensor_decorator.py
[2023-07-09T16:55:24.863+0000] {logging_mixin.py:137} INFO - [2023-07-09T16:55:24.863+0000] {dag.py:2676} INFO - Sync 1 DAGs
[2023-07-09T16:55:24.888+0000] {logging_mixin.py:137} INFO - [2023-07-09T16:55:24.888+0000] {dag.py:3423} INFO - Setting next_dagrun for example_sensor_decorator to None, run_after=None
[2023-07-09T16:55:24.910+0000] {processor.py:175} INFO - Processing /home/ubuntu/venv/lib/python3.10/site-packages/airflow/example_dags/example_sensor_decorator.py took 0.157 seconds
[2023-07-09T16:55:55.053+0000] {processor.py:153} INFO - Started process (PID=6279) to work on /home/ubuntu/venv/lib/python3.10/site-packages/airflow/example_dags/example_sensor_decorator.py
[2023-07-09T16:55:55.055+0000] {processor.py:743} INFO - Processing file /home/ubuntu/venv/lib/python3.10/site-packages/airflow/example_dags/example_sensor_decorator.py for tasks to queue
[2023-07-09T16:55:55.056+0000] {logging_mixin.py:137} INFO - [2023-07-09T16:55:55.056+0000] {dagbag.py:538} INFO - Filling up the DagBag from /home/ubuntu/venv/lib/python3.10/site-packages/airflow/example_dags/example_sensor_decorator.py
[2023-07-09T16:55:55.090+0000] {logging_mixin.py:137} WARNING - /home/ubuntu/venv/lib/python3.10/site-packages/airflow/models/dag.py:3492 RemovedInAirflow3Warning: Param `schedule_interval` is deprecated and will be removed in a future release. Please use `schedule` instead.
[2023-07-09T16:55:55.102+0000] {processor.py:753} INFO - DAG(s) dict_keys(['example_sensor_decorator']) retrieved from /home/ubuntu/venv/lib/python3.10/site-packages/airflow/example_dags/example_sensor_decorator.py
[2023-07-09T16:55:55.173+0000] {logging_mixin.py:137} INFO - [2023-07-09T16:55:55.172+0000] {dag.py:2676} INFO - Sync 1 DAGs
[2023-07-09T16:55:55.207+0000] {logging_mixin.py:137} INFO - [2023-07-09T16:55:55.206+0000] {dag.py:3423} INFO - Setting next_dagrun for example_sensor_decorator to None, run_after=None
[2023-07-09T16:55:55.242+0000] {processor.py:175} INFO - Processing /home/ubuntu/venv/lib/python3.10/site-packages/airflow/example_dags/example_sensor_decorator.py took 0.194 seconds
[2023-07-09T16:56:25.993+0000] {processor.py:153} INFO - Started process (PID=6515) to work on /home/ubuntu/venv/lib/python3.10/site-packages/airflow/example_dags/example_sensor_decorator.py
[2023-07-09T16:56:25.994+0000] {processor.py:743} INFO - Processing file /home/ubuntu/venv/lib/python3.10/site-packages/airflow/example_dags/example_sensor_decorator.py for tasks to queue
[2023-07-09T16:56:25.994+0000] {logging_mixin.py:137} INFO - [2023-07-09T16:56:25.994+0000] {dagbag.py:538} INFO - Filling up the DagBag from /home/ubuntu/venv/lib/python3.10/site-packages/airflow/example_dags/example_sensor_decorator.py
[2023-07-09T16:56:26.030+0000] {logging_mixin.py:137} WARNING - /home/ubuntu/venv/lib/python3.10/site-packages/airflow/models/dag.py:3492 RemovedInAirflow3Warning: Param `schedule_interval` is deprecated and will be removed in a future release. Please use `schedule` instead.
[2023-07-09T16:56:26.046+0000] {processor.py:753} INFO - DAG(s) dict_keys(['example_sensor_decorator']) retrieved from /home/ubuntu/venv/lib/python3.10/site-packages/airflow/example_dags/example_sensor_decorator.py
[2023-07-09T16:56:26.112+0000] {logging_mixin.py:137} INFO - [2023-07-09T16:56:26.112+0000] {dag.py:2676} INFO - Sync 1 DAGs
[2023-07-09T16:56:26.147+0000] {logging_mixin.py:137} INFO - [2023-07-09T16:56:26.146+0000] {dag.py:3423} INFO - Setting next_dagrun for example_sensor_decorator to None, run_after=None
[2023-07-09T16:56:26.169+0000] {processor.py:175} INFO - Processing /home/ubuntu/venv/lib/python3.10/site-packages/airflow/example_dags/example_sensor_decorator.py took 0.181 seconds
[2023-07-09T16:56:56.776+0000] {processor.py:153} INFO - Started process (PID=6772) to work on /home/ubuntu/venv/lib/python3.10/site-packages/airflow/example_dags/example_sensor_decorator.py
[2023-07-09T16:56:56.778+0000] {processor.py:743} INFO - Processing file /home/ubuntu/venv/lib/python3.10/site-packages/airflow/example_dags/example_sensor_decorator.py for tasks to queue
[2023-07-09T16:56:56.779+0000] {logging_mixin.py:137} INFO - [2023-07-09T16:56:56.778+0000] {dagbag.py:538} INFO - Filling up the DagBag from /home/ubuntu/venv/lib/python3.10/site-packages/airflow/example_dags/example_sensor_decorator.py
[2023-07-09T16:56:56.808+0000] {logging_mixin.py:137} WARNING - /home/ubuntu/venv/lib/python3.10/site-packages/airflow/models/dag.py:3492 RemovedInAirflow3Warning: Param `schedule_interval` is deprecated and will be removed in a future release. Please use `schedule` instead.
[2023-07-09T16:56:56.819+0000] {processor.py:753} INFO - DAG(s) dict_keys(['example_sensor_decorator']) retrieved from /home/ubuntu/venv/lib/python3.10/site-packages/airflow/example_dags/example_sensor_decorator.py
[2023-07-09T16:56:56.891+0000] {logging_mixin.py:137} INFO - [2023-07-09T16:56:56.891+0000] {dag.py:2676} INFO - Sync 1 DAGs
[2023-07-09T16:56:56.923+0000] {logging_mixin.py:137} INFO - [2023-07-09T16:56:56.923+0000] {dag.py:3423} INFO - Setting next_dagrun for example_sensor_decorator to None, run_after=None
[2023-07-09T16:56:56.953+0000] {processor.py:175} INFO - Processing /home/ubuntu/venv/lib/python3.10/site-packages/airflow/example_dags/example_sensor_decorator.py took 0.181 seconds
[2023-07-09T16:57:27.798+0000] {processor.py:153} INFO - Started process (PID=7007) to work on /home/ubuntu/venv/lib/python3.10/site-packages/airflow/example_dags/example_sensor_decorator.py
[2023-07-09T16:57:27.807+0000] {processor.py:743} INFO - Processing file /home/ubuntu/venv/lib/python3.10/site-packages/airflow/example_dags/example_sensor_decorator.py for tasks to queue
[2023-07-09T16:57:27.808+0000] {logging_mixin.py:137} INFO - [2023-07-09T16:57:27.808+0000] {dagbag.py:538} INFO - Filling up the DagBag from /home/ubuntu/venv/lib/python3.10/site-packages/airflow/example_dags/example_sensor_decorator.py
[2023-07-09T16:57:27.849+0000] {logging_mixin.py:137} WARNING - /home/ubuntu/venv/lib/python3.10/site-packages/airflow/models/dag.py:3492 RemovedInAirflow3Warning: Param `schedule_interval` is deprecated and will be removed in a future release. Please use `schedule` instead.
[2023-07-09T16:57:27.862+0000] {processor.py:753} INFO - DAG(s) dict_keys(['example_sensor_decorator']) retrieved from /home/ubuntu/venv/lib/python3.10/site-packages/airflow/example_dags/example_sensor_decorator.py
[2023-07-09T16:57:27.973+0000] {logging_mixin.py:137} INFO - [2023-07-09T16:57:27.973+0000] {dag.py:2676} INFO - Sync 1 DAGs
[2023-07-09T16:57:28.016+0000] {logging_mixin.py:137} INFO - [2023-07-09T16:57:28.016+0000] {dag.py:3423} INFO - Setting next_dagrun for example_sensor_decorator to None, run_after=None
[2023-07-09T16:57:28.116+0000] {processor.py:175} INFO - Processing /home/ubuntu/venv/lib/python3.10/site-packages/airflow/example_dags/example_sensor_decorator.py took 0.324 seconds
[2023-07-09T16:57:58.897+0000] {processor.py:153} INFO - Started process (PID=7245) to work on /home/ubuntu/venv/lib/python3.10/site-packages/airflow/example_dags/example_sensor_decorator.py
[2023-07-09T16:57:58.899+0000] {processor.py:743} INFO - Processing file /home/ubuntu/venv/lib/python3.10/site-packages/airflow/example_dags/example_sensor_decorator.py for tasks to queue
[2023-07-09T16:57:58.899+0000] {logging_mixin.py:137} INFO - [2023-07-09T16:57:58.899+0000] {dagbag.py:538} INFO - Filling up the DagBag from /home/ubuntu/venv/lib/python3.10/site-packages/airflow/example_dags/example_sensor_decorator.py
[2023-07-09T16:57:58.927+0000] {logging_mixin.py:137} WARNING - /home/ubuntu/venv/lib/python3.10/site-packages/airflow/models/dag.py:3492 RemovedInAirflow3Warning: Param `schedule_interval` is deprecated and will be removed in a future release. Please use `schedule` instead.
[2023-07-09T16:57:58.939+0000] {processor.py:753} INFO - DAG(s) dict_keys(['example_sensor_decorator']) retrieved from /home/ubuntu/venv/lib/python3.10/site-packages/airflow/example_dags/example_sensor_decorator.py
[2023-07-09T16:57:59.001+0000] {logging_mixin.py:137} INFO - [2023-07-09T16:57:59.001+0000] {dag.py:2676} INFO - Sync 1 DAGs
[2023-07-09T16:57:59.032+0000] {logging_mixin.py:137} INFO - [2023-07-09T16:57:59.032+0000] {dag.py:3423} INFO - Setting next_dagrun for example_sensor_decorator to None, run_after=None
[2023-07-09T16:57:59.055+0000] {processor.py:175} INFO - Processing /home/ubuntu/venv/lib/python3.10/site-packages/airflow/example_dags/example_sensor_decorator.py took 0.161 seconds
[2023-07-09T16:58:29.870+0000] {processor.py:153} INFO - Started process (PID=7480) to work on /home/ubuntu/venv/lib/python3.10/site-packages/airflow/example_dags/example_sensor_decorator.py
[2023-07-09T16:58:29.871+0000] {processor.py:743} INFO - Processing file /home/ubuntu/venv/lib/python3.10/site-packages/airflow/example_dags/example_sensor_decorator.py for tasks to queue
[2023-07-09T16:58:29.872+0000] {logging_mixin.py:137} INFO - [2023-07-09T16:58:29.872+0000] {dagbag.py:538} INFO - Filling up the DagBag from /home/ubuntu/venv/lib/python3.10/site-packages/airflow/example_dags/example_sensor_decorator.py
[2023-07-09T16:58:29.905+0000] {logging_mixin.py:137} WARNING - /home/ubuntu/venv/lib/python3.10/site-packages/airflow/models/dag.py:3492 RemovedInAirflow3Warning: Param `schedule_interval` is deprecated and will be removed in a future release. Please use `schedule` instead.
[2023-07-09T16:58:29.924+0000] {processor.py:753} INFO - DAG(s) dict_keys(['example_sensor_decorator']) retrieved from /home/ubuntu/venv/lib/python3.10/site-packages/airflow/example_dags/example_sensor_decorator.py
[2023-07-09T16:58:29.990+0000] {logging_mixin.py:137} INFO - [2023-07-09T16:58:29.989+0000] {dag.py:2676} INFO - Sync 1 DAGs
[2023-07-09T16:58:30.027+0000] {logging_mixin.py:137} INFO - [2023-07-09T16:58:30.026+0000] {dag.py:3423} INFO - Setting next_dagrun for example_sensor_decorator to None, run_after=None
[2023-07-09T16:58:30.097+0000] {processor.py:175} INFO - Processing /home/ubuntu/venv/lib/python3.10/site-packages/airflow/example_dags/example_sensor_decorator.py took 0.232 seconds
[2023-07-09T16:59:01.362+0000] {processor.py:153} INFO - Started process (PID=7714) to work on /home/ubuntu/venv/lib/python3.10/site-packages/airflow/example_dags/example_sensor_decorator.py
[2023-07-09T16:59:01.364+0000] {processor.py:743} INFO - Processing file /home/ubuntu/venv/lib/python3.10/site-packages/airflow/example_dags/example_sensor_decorator.py for tasks to queue
[2023-07-09T16:59:01.365+0000] {logging_mixin.py:137} INFO - [2023-07-09T16:59:01.365+0000] {dagbag.py:538} INFO - Filling up the DagBag from /home/ubuntu/venv/lib/python3.10/site-packages/airflow/example_dags/example_sensor_decorator.py
[2023-07-09T16:59:01.403+0000] {logging_mixin.py:137} WARNING - /home/ubuntu/venv/lib/python3.10/site-packages/airflow/models/dag.py:3492 RemovedInAirflow3Warning: Param `schedule_interval` is deprecated and will be removed in a future release. Please use `schedule` instead.
[2023-07-09T16:59:01.416+0000] {processor.py:753} INFO - DAG(s) dict_keys(['example_sensor_decorator']) retrieved from /home/ubuntu/venv/lib/python3.10/site-packages/airflow/example_dags/example_sensor_decorator.py
[2023-07-09T16:59:01.487+0000] {logging_mixin.py:137} INFO - [2023-07-09T16:59:01.487+0000] {dag.py:2676} INFO - Sync 1 DAGs
[2023-07-09T16:59:01.820+0000] {logging_mixin.py:137} INFO - [2023-07-09T16:59:01.820+0000] {dag.py:3423} INFO - Setting next_dagrun for example_sensor_decorator to None, run_after=None
[2023-07-09T16:59:01.860+0000] {processor.py:175} INFO - Processing /home/ubuntu/venv/lib/python3.10/site-packages/airflow/example_dags/example_sensor_decorator.py took 0.503 seconds
[2023-07-09T16:59:32.500+0000] {processor.py:153} INFO - Started process (PID=7951) to work on /home/ubuntu/venv/lib/python3.10/site-packages/airflow/example_dags/example_sensor_decorator.py
[2023-07-09T16:59:32.502+0000] {processor.py:743} INFO - Processing file /home/ubuntu/venv/lib/python3.10/site-packages/airflow/example_dags/example_sensor_decorator.py for tasks to queue
[2023-07-09T16:59:32.502+0000] {logging_mixin.py:137} INFO - [2023-07-09T16:59:32.502+0000] {dagbag.py:538} INFO - Filling up the DagBag from /home/ubuntu/venv/lib/python3.10/site-packages/airflow/example_dags/example_sensor_decorator.py
[2023-07-09T16:59:32.534+0000] {logging_mixin.py:137} WARNING - /home/ubuntu/venv/lib/python3.10/site-packages/airflow/models/dag.py:3492 RemovedInAirflow3Warning: Param `schedule_interval` is deprecated and will be removed in a future release. Please use `schedule` instead.
[2023-07-09T16:59:32.547+0000] {processor.py:753} INFO - DAG(s) dict_keys(['example_sensor_decorator']) retrieved from /home/ubuntu/venv/lib/python3.10/site-packages/airflow/example_dags/example_sensor_decorator.py
[2023-07-09T16:59:32.615+0000] {logging_mixin.py:137} INFO - [2023-07-09T16:59:32.615+0000] {dag.py:2676} INFO - Sync 1 DAGs
[2023-07-09T16:59:32.830+0000] {logging_mixin.py:137} INFO - [2023-07-09T16:59:32.830+0000] {dag.py:3423} INFO - Setting next_dagrun for example_sensor_decorator to None, run_after=None
[2023-07-09T16:59:32.852+0000] {processor.py:175} INFO - Processing /home/ubuntu/venv/lib/python3.10/site-packages/airflow/example_dags/example_sensor_decorator.py took 0.356 seconds
[2023-07-09T17:00:31.214+0000] {processor.py:153} INFO - Started process (PID=8615) to work on /home/ubuntu/venv/lib/python3.10/site-packages/airflow/example_dags/example_sensor_decorator.py
[2023-07-09T17:00:31.219+0000] {processor.py:743} INFO - Processing file /home/ubuntu/venv/lib/python3.10/site-packages/airflow/example_dags/example_sensor_decorator.py for tasks to queue
[2023-07-09T17:00:31.220+0000] {logging_mixin.py:137} INFO - [2023-07-09T17:00:31.220+0000] {dagbag.py:538} INFO - Filling up the DagBag from /home/ubuntu/venv/lib/python3.10/site-packages/airflow/example_dags/example_sensor_decorator.py
[2023-07-09T17:00:31.281+0000] {logging_mixin.py:137} WARNING - /home/ubuntu/venv/lib/python3.10/site-packages/airflow/models/dag.py:3492 RemovedInAirflow3Warning: Param `schedule_interval` is deprecated and will be removed in a future release. Please use `schedule` instead.
[2023-07-09T17:00:31.316+0000] {processor.py:753} INFO - DAG(s) dict_keys(['example_sensor_decorator']) retrieved from /home/ubuntu/venv/lib/python3.10/site-packages/airflow/example_dags/example_sensor_decorator.py
[2023-07-09T17:00:31.388+0000] {logging_mixin.py:137} INFO - [2023-07-09T17:00:31.388+0000] {dag.py:2676} INFO - Sync 1 DAGs
[2023-07-09T17:00:31.419+0000] {logging_mixin.py:137} INFO - [2023-07-09T17:00:31.419+0000] {dag.py:3423} INFO - Setting next_dagrun for example_sensor_decorator to None, run_after=None
[2023-07-09T17:00:31.441+0000] {processor.py:175} INFO - Processing /home/ubuntu/venv/lib/python3.10/site-packages/airflow/example_dags/example_sensor_decorator.py took 0.231 seconds
[2023-07-09T17:01:02.344+0000] {processor.py:153} INFO - Started process (PID=8873) to work on /home/ubuntu/venv/lib/python3.10/site-packages/airflow/example_dags/example_sensor_decorator.py
[2023-07-09T17:01:02.345+0000] {processor.py:743} INFO - Processing file /home/ubuntu/venv/lib/python3.10/site-packages/airflow/example_dags/example_sensor_decorator.py for tasks to queue
[2023-07-09T17:01:02.346+0000] {logging_mixin.py:137} INFO - [2023-07-09T17:01:02.346+0000] {dagbag.py:538} INFO - Filling up the DagBag from /home/ubuntu/venv/lib/python3.10/site-packages/airflow/example_dags/example_sensor_decorator.py
[2023-07-09T17:01:02.385+0000] {logging_mixin.py:137} WARNING - /home/ubuntu/venv/lib/python3.10/site-packages/airflow/models/dag.py:3492 RemovedInAirflow3Warning: Param `schedule_interval` is deprecated and will be removed in a future release. Please use `schedule` instead.
[2023-07-09T17:01:02.403+0000] {processor.py:753} INFO - DAG(s) dict_keys(['example_sensor_decorator']) retrieved from /home/ubuntu/venv/lib/python3.10/site-packages/airflow/example_dags/example_sensor_decorator.py
[2023-07-09T17:01:02.511+0000] {logging_mixin.py:137} INFO - [2023-07-09T17:01:02.511+0000] {dag.py:2676} INFO - Sync 1 DAGs
[2023-07-09T17:01:02.557+0000] {logging_mixin.py:137} INFO - [2023-07-09T17:01:02.557+0000] {dag.py:3423} INFO - Setting next_dagrun for example_sensor_decorator to None, run_after=None
[2023-07-09T17:01:02.606+0000] {processor.py:175} INFO - Processing /home/ubuntu/venv/lib/python3.10/site-packages/airflow/example_dags/example_sensor_decorator.py took 0.268 seconds
[2023-07-09T17:01:33.344+0000] {processor.py:153} INFO - Started process (PID=9108) to work on /home/ubuntu/venv/lib/python3.10/site-packages/airflow/example_dags/example_sensor_decorator.py
[2023-07-09T17:01:33.345+0000] {processor.py:743} INFO - Processing file /home/ubuntu/venv/lib/python3.10/site-packages/airflow/example_dags/example_sensor_decorator.py for tasks to queue
[2023-07-09T17:01:33.346+0000] {logging_mixin.py:137} INFO - [2023-07-09T17:01:33.346+0000] {dagbag.py:538} INFO - Filling up the DagBag from /home/ubuntu/venv/lib/python3.10/site-packages/airflow/example_dags/example_sensor_decorator.py
[2023-07-09T17:01:33.380+0000] {logging_mixin.py:137} WARNING - /home/ubuntu/venv/lib/python3.10/site-packages/airflow/models/dag.py:3492 RemovedInAirflow3Warning: Param `schedule_interval` is deprecated and will be removed in a future release. Please use `schedule` instead.
[2023-07-09T17:01:33.391+0000] {processor.py:753} INFO - DAG(s) dict_keys(['example_sensor_decorator']) retrieved from /home/ubuntu/venv/lib/python3.10/site-packages/airflow/example_dags/example_sensor_decorator.py
[2023-07-09T17:01:33.465+0000] {logging_mixin.py:137} INFO - [2023-07-09T17:01:33.465+0000] {dag.py:2676} INFO - Sync 1 DAGs
[2023-07-09T17:01:33.509+0000] {logging_mixin.py:137} INFO - [2023-07-09T17:01:33.508+0000] {dag.py:3423} INFO - Setting next_dagrun for example_sensor_decorator to None, run_after=None
[2023-07-09T17:01:33.539+0000] {processor.py:175} INFO - Processing /home/ubuntu/venv/lib/python3.10/site-packages/airflow/example_dags/example_sensor_decorator.py took 0.200 seconds
[2023-07-09T17:02:04.234+0000] {processor.py:153} INFO - Started process (PID=9364) to work on /home/ubuntu/venv/lib/python3.10/site-packages/airflow/example_dags/example_sensor_decorator.py
[2023-07-09T17:02:04.236+0000] {processor.py:743} INFO - Processing file /home/ubuntu/venv/lib/python3.10/site-packages/airflow/example_dags/example_sensor_decorator.py for tasks to queue
[2023-07-09T17:02:04.237+0000] {logging_mixin.py:137} INFO - [2023-07-09T17:02:04.237+0000] {dagbag.py:538} INFO - Filling up the DagBag from /home/ubuntu/venv/lib/python3.10/site-packages/airflow/example_dags/example_sensor_decorator.py
[2023-07-09T17:02:04.274+0000] {logging_mixin.py:137} WARNING - /home/ubuntu/venv/lib/python3.10/site-packages/airflow/models/dag.py:3492 RemovedInAirflow3Warning: Param `schedule_interval` is deprecated and will be removed in a future release. Please use `schedule` instead.
[2023-07-09T17:02:04.286+0000] {processor.py:753} INFO - DAG(s) dict_keys(['example_sensor_decorator']) retrieved from /home/ubuntu/venv/lib/python3.10/site-packages/airflow/example_dags/example_sensor_decorator.py
[2023-07-09T17:02:04.349+0000] {logging_mixin.py:137} INFO - [2023-07-09T17:02:04.349+0000] {dag.py:2676} INFO - Sync 1 DAGs
[2023-07-09T17:02:04.381+0000] {logging_mixin.py:137} INFO - [2023-07-09T17:02:04.381+0000] {dag.py:3423} INFO - Setting next_dagrun for example_sensor_decorator to None, run_after=None
[2023-07-09T17:02:04.405+0000] {processor.py:175} INFO - Processing /home/ubuntu/venv/lib/python3.10/site-packages/airflow/example_dags/example_sensor_decorator.py took 0.175 seconds
[2023-07-09T17:02:35.149+0000] {processor.py:153} INFO - Started process (PID=9601) to work on /home/ubuntu/venv/lib/python3.10/site-packages/airflow/example_dags/example_sensor_decorator.py
[2023-07-09T17:02:35.150+0000] {processor.py:743} INFO - Processing file /home/ubuntu/venv/lib/python3.10/site-packages/airflow/example_dags/example_sensor_decorator.py for tasks to queue
[2023-07-09T17:02:35.151+0000] {logging_mixin.py:137} INFO - [2023-07-09T17:02:35.151+0000] {dagbag.py:538} INFO - Filling up the DagBag from /home/ubuntu/venv/lib/python3.10/site-packages/airflow/example_dags/example_sensor_decorator.py
[2023-07-09T17:02:35.184+0000] {logging_mixin.py:137} WARNING - /home/ubuntu/venv/lib/python3.10/site-packages/airflow/models/dag.py:3492 RemovedInAirflow3Warning: Param `schedule_interval` is deprecated and will be removed in a future release. Please use `schedule` instead.
[2023-07-09T17:02:35.195+0000] {processor.py:753} INFO - DAG(s) dict_keys(['example_sensor_decorator']) retrieved from /home/ubuntu/venv/lib/python3.10/site-packages/airflow/example_dags/example_sensor_decorator.py
[2023-07-09T17:02:35.256+0000] {logging_mixin.py:137} INFO - [2023-07-09T17:02:35.255+0000] {dag.py:2676} INFO - Sync 1 DAGs
[2023-07-09T17:02:35.304+0000] {logging_mixin.py:137} INFO - [2023-07-09T17:02:35.303+0000] {dag.py:3423} INFO - Setting next_dagrun for example_sensor_decorator to None, run_after=None
[2023-07-09T17:02:35.331+0000] {processor.py:175} INFO - Processing /home/ubuntu/venv/lib/python3.10/site-packages/airflow/example_dags/example_sensor_decorator.py took 0.187 seconds
[2023-07-09T17:03:05.867+0000] {processor.py:153} INFO - Started process (PID=9836) to work on /home/ubuntu/venv/lib/python3.10/site-packages/airflow/example_dags/example_sensor_decorator.py
[2023-07-09T17:03:05.869+0000] {processor.py:743} INFO - Processing file /home/ubuntu/venv/lib/python3.10/site-packages/airflow/example_dags/example_sensor_decorator.py for tasks to queue
[2023-07-09T17:03:05.870+0000] {logging_mixin.py:137} INFO - [2023-07-09T17:03:05.870+0000] {dagbag.py:538} INFO - Filling up the DagBag from /home/ubuntu/venv/lib/python3.10/site-packages/airflow/example_dags/example_sensor_decorator.py
[2023-07-09T17:03:05.920+0000] {logging_mixin.py:137} WARNING - /home/ubuntu/venv/lib/python3.10/site-packages/airflow/models/dag.py:3492 RemovedInAirflow3Warning: Param `schedule_interval` is deprecated and will be removed in a future release. Please use `schedule` instead.
[2023-07-09T17:03:05.938+0000] {processor.py:753} INFO - DAG(s) dict_keys(['example_sensor_decorator']) retrieved from /home/ubuntu/venv/lib/python3.10/site-packages/airflow/example_dags/example_sensor_decorator.py
[2023-07-09T17:03:06.006+0000] {logging_mixin.py:137} INFO - [2023-07-09T17:03:06.006+0000] {dag.py:2676} INFO - Sync 1 DAGs
[2023-07-09T17:03:06.036+0000] {logging_mixin.py:137} INFO - [2023-07-09T17:03:06.035+0000] {dag.py:3423} INFO - Setting next_dagrun for example_sensor_decorator to None, run_after=None
[2023-07-09T17:03:06.057+0000] {processor.py:175} INFO - Processing /home/ubuntu/venv/lib/python3.10/site-packages/airflow/example_dags/example_sensor_decorator.py took 0.195 seconds
[2023-07-09T17:03:37.106+0000] {processor.py:153} INFO - Started process (PID=10072) to work on /home/ubuntu/venv/lib/python3.10/site-packages/airflow/example_dags/example_sensor_decorator.py
[2023-07-09T17:03:37.108+0000] {processor.py:743} INFO - Processing file /home/ubuntu/venv/lib/python3.10/site-packages/airflow/example_dags/example_sensor_decorator.py for tasks to queue
[2023-07-09T17:03:37.109+0000] {logging_mixin.py:137} INFO - [2023-07-09T17:03:37.109+0000] {dagbag.py:538} INFO - Filling up the DagBag from /home/ubuntu/venv/lib/python3.10/site-packages/airflow/example_dags/example_sensor_decorator.py
[2023-07-09T17:03:37.148+0000] {logging_mixin.py:137} WARNING - /home/ubuntu/venv/lib/python3.10/site-packages/airflow/models/dag.py:3492 RemovedInAirflow3Warning: Param `schedule_interval` is deprecated and will be removed in a future release. Please use `schedule` instead.
[2023-07-09T17:03:37.164+0000] {processor.py:753} INFO - DAG(s) dict_keys(['example_sensor_decorator']) retrieved from /home/ubuntu/venv/lib/python3.10/site-packages/airflow/example_dags/example_sensor_decorator.py
[2023-07-09T17:03:37.239+0000] {logging_mixin.py:137} INFO - [2023-07-09T17:03:37.239+0000] {dag.py:2676} INFO - Sync 1 DAGs
[2023-07-09T17:03:37.279+0000] {logging_mixin.py:137} INFO - [2023-07-09T17:03:37.279+0000] {dag.py:3423} INFO - Setting next_dagrun for example_sensor_decorator to None, run_after=None
[2023-07-09T17:03:37.303+0000] {processor.py:175} INFO - Processing /home/ubuntu/venv/lib/python3.10/site-packages/airflow/example_dags/example_sensor_decorator.py took 0.204 seconds
[2023-07-09T17:04:07.889+0000] {processor.py:153} INFO - Started process (PID=10308) to work on /home/ubuntu/venv/lib/python3.10/site-packages/airflow/example_dags/example_sensor_decorator.py
[2023-07-09T17:04:07.891+0000] {processor.py:743} INFO - Processing file /home/ubuntu/venv/lib/python3.10/site-packages/airflow/example_dags/example_sensor_decorator.py for tasks to queue
[2023-07-09T17:04:07.891+0000] {logging_mixin.py:137} INFO - [2023-07-09T17:04:07.891+0000] {dagbag.py:538} INFO - Filling up the DagBag from /home/ubuntu/venv/lib/python3.10/site-packages/airflow/example_dags/example_sensor_decorator.py
[2023-07-09T17:04:07.926+0000] {logging_mixin.py:137} WARNING - /home/ubuntu/venv/lib/python3.10/site-packages/airflow/models/dag.py:3492 RemovedInAirflow3Warning: Param `schedule_interval` is deprecated and will be removed in a future release. Please use `schedule` instead.
[2023-07-09T17:04:07.938+0000] {processor.py:753} INFO - DAG(s) dict_keys(['example_sensor_decorator']) retrieved from /home/ubuntu/venv/lib/python3.10/site-packages/airflow/example_dags/example_sensor_decorator.py
[2023-07-09T17:04:08.015+0000] {logging_mixin.py:137} INFO - [2023-07-09T17:04:08.014+0000] {dag.py:2676} INFO - Sync 1 DAGs
[2023-07-09T17:04:08.066+0000] {logging_mixin.py:137} INFO - [2023-07-09T17:04:08.066+0000] {dag.py:3423} INFO - Setting next_dagrun for example_sensor_decorator to None, run_after=None
[2023-07-09T17:04:08.096+0000] {processor.py:175} INFO - Processing /home/ubuntu/venv/lib/python3.10/site-packages/airflow/example_dags/example_sensor_decorator.py took 0.211 seconds
[2023-07-09T17:04:38.827+0000] {processor.py:153} INFO - Started process (PID=10543) to work on /home/ubuntu/venv/lib/python3.10/site-packages/airflow/example_dags/example_sensor_decorator.py
[2023-07-09T17:04:38.829+0000] {processor.py:743} INFO - Processing file /home/ubuntu/venv/lib/python3.10/site-packages/airflow/example_dags/example_sensor_decorator.py for tasks to queue
[2023-07-09T17:04:38.830+0000] {logging_mixin.py:137} INFO - [2023-07-09T17:04:38.830+0000] {dagbag.py:538} INFO - Filling up the DagBag from /home/ubuntu/venv/lib/python3.10/site-packages/airflow/example_dags/example_sensor_decorator.py
[2023-07-09T17:04:38.865+0000] {logging_mixin.py:137} WARNING - /home/ubuntu/venv/lib/python3.10/site-packages/airflow/models/dag.py:3492 RemovedInAirflow3Warning: Param `schedule_interval` is deprecated and will be removed in a future release. Please use `schedule` instead.
[2023-07-09T17:04:38.878+0000] {processor.py:753} INFO - DAG(s) dict_keys(['example_sensor_decorator']) retrieved from /home/ubuntu/venv/lib/python3.10/site-packages/airflow/example_dags/example_sensor_decorator.py
[2023-07-09T17:04:38.941+0000] {logging_mixin.py:137} INFO - [2023-07-09T17:04:38.941+0000] {dag.py:2676} INFO - Sync 1 DAGs
[2023-07-09T17:04:39.183+0000] {logging_mixin.py:137} INFO - [2023-07-09T17:04:39.181+0000] {dag.py:3423} INFO - Setting next_dagrun for example_sensor_decorator to None, run_after=None
[2023-07-09T17:04:39.226+0000] {processor.py:175} INFO - Processing /home/ubuntu/venv/lib/python3.10/site-packages/airflow/example_dags/example_sensor_decorator.py took 0.404 seconds
[2023-07-09T17:06:00.599+0000] {processor.py:153} INFO - Started process (PID=11090) to work on /home/ubuntu/venv/lib/python3.10/site-packages/airflow/example_dags/example_sensor_decorator.py
[2023-07-09T17:06:00.608+0000] {processor.py:743} INFO - Processing file /home/ubuntu/venv/lib/python3.10/site-packages/airflow/example_dags/example_sensor_decorator.py for tasks to queue
[2023-07-09T17:06:00.608+0000] {logging_mixin.py:137} INFO - [2023-07-09T17:06:00.608+0000] {dagbag.py:538} INFO - Filling up the DagBag from /home/ubuntu/venv/lib/python3.10/site-packages/airflow/example_dags/example_sensor_decorator.py
[2023-07-09T17:06:00.758+0000] {logging_mixin.py:137} WARNING - /home/ubuntu/venv/lib/python3.10/site-packages/airflow/models/dag.py:3492 RemovedInAirflow3Warning: Param `schedule_interval` is deprecated and will be removed in a future release. Please use `schedule` instead.
[2023-07-09T17:06:00.849+0000] {processor.py:753} INFO - DAG(s) dict_keys(['example_sensor_decorator']) retrieved from /home/ubuntu/venv/lib/python3.10/site-packages/airflow/example_dags/example_sensor_decorator.py
[2023-07-09T17:06:01.235+0000] {logging_mixin.py:137} INFO - [2023-07-09T17:06:01.234+0000] {dag.py:2676} INFO - Sync 1 DAGs
[2023-07-09T17:06:01.335+0000] {logging_mixin.py:137} INFO - [2023-07-09T17:06:01.335+0000] {dag.py:3423} INFO - Setting next_dagrun for example_sensor_decorator to None, run_after=None
[2023-07-09T17:06:01.426+0000] {processor.py:175} INFO - Processing /home/ubuntu/venv/lib/python3.10/site-packages/airflow/example_dags/example_sensor_decorator.py took 0.860 seconds
[2023-07-09T17:06:31.840+0000] {processor.py:153} INFO - Started process (PID=11370) to work on /home/ubuntu/venv/lib/python3.10/site-packages/airflow/example_dags/example_sensor_decorator.py
[2023-07-09T17:06:31.842+0000] {processor.py:743} INFO - Processing file /home/ubuntu/venv/lib/python3.10/site-packages/airflow/example_dags/example_sensor_decorator.py for tasks to queue
[2023-07-09T17:06:31.842+0000] {logging_mixin.py:137} INFO - [2023-07-09T17:06:31.842+0000] {dagbag.py:538} INFO - Filling up the DagBag from /home/ubuntu/venv/lib/python3.10/site-packages/airflow/example_dags/example_sensor_decorator.py
[2023-07-09T17:06:31.873+0000] {logging_mixin.py:137} WARNING - /home/ubuntu/venv/lib/python3.10/site-packages/airflow/models/dag.py:3492 RemovedInAirflow3Warning: Param `schedule_interval` is deprecated and will be removed in a future release. Please use `schedule` instead.
[2023-07-09T17:06:31.884+0000] {processor.py:753} INFO - DAG(s) dict_keys(['example_sensor_decorator']) retrieved from /home/ubuntu/venv/lib/python3.10/site-packages/airflow/example_dags/example_sensor_decorator.py
[2023-07-09T17:06:31.957+0000] {logging_mixin.py:137} INFO - [2023-07-09T17:06:31.957+0000] {dag.py:2676} INFO - Sync 1 DAGs
[2023-07-09T17:06:31.991+0000] {logging_mixin.py:137} INFO - [2023-07-09T17:06:31.991+0000] {dag.py:3423} INFO - Setting next_dagrun for example_sensor_decorator to None, run_after=None
[2023-07-09T17:06:32.027+0000] {processor.py:175} INFO - Processing /home/ubuntu/venv/lib/python3.10/site-packages/airflow/example_dags/example_sensor_decorator.py took 0.191 seconds
[2023-07-09T17:07:27.251+0000] {processor.py:153} INFO - Started process (PID=11849) to work on /home/ubuntu/venv/lib/python3.10/site-packages/airflow/example_dags/example_sensor_decorator.py
[2023-07-09T17:07:27.261+0000] {processor.py:743} INFO - Processing file /home/ubuntu/venv/lib/python3.10/site-packages/airflow/example_dags/example_sensor_decorator.py for tasks to queue
[2023-07-09T17:07:27.262+0000] {logging_mixin.py:137} INFO - [2023-07-09T17:07:27.261+0000] {dagbag.py:538} INFO - Filling up the DagBag from /home/ubuntu/venv/lib/python3.10/site-packages/airflow/example_dags/example_sensor_decorator.py
[2023-07-09T17:07:27.299+0000] {logging_mixin.py:137} WARNING - /home/ubuntu/venv/lib/python3.10/site-packages/airflow/models/dag.py:3492 RemovedInAirflow3Warning: Param `schedule_interval` is deprecated and will be removed in a future release. Please use `schedule` instead.
[2023-07-09T17:07:27.314+0000] {processor.py:753} INFO - DAG(s) dict_keys(['example_sensor_decorator']) retrieved from /home/ubuntu/venv/lib/python3.10/site-packages/airflow/example_dags/example_sensor_decorator.py
[2023-07-09T17:07:27.407+0000] {logging_mixin.py:137} INFO - [2023-07-09T17:07:27.406+0000] {dag.py:2676} INFO - Sync 1 DAGs
[2023-07-09T17:07:27.459+0000] {logging_mixin.py:137} INFO - [2023-07-09T17:07:27.459+0000] {dag.py:3423} INFO - Setting next_dagrun for example_sensor_decorator to None, run_after=None
[2023-07-09T17:07:27.483+0000] {processor.py:175} INFO - Processing /home/ubuntu/venv/lib/python3.10/site-packages/airflow/example_dags/example_sensor_decorator.py took 0.237 seconds
[2023-07-09T17:07:58.111+0000] {processor.py:153} INFO - Started process (PID=12103) to work on /home/ubuntu/venv/lib/python3.10/site-packages/airflow/example_dags/example_sensor_decorator.py
[2023-07-09T17:07:58.113+0000] {processor.py:743} INFO - Processing file /home/ubuntu/venv/lib/python3.10/site-packages/airflow/example_dags/example_sensor_decorator.py for tasks to queue
[2023-07-09T17:07:58.114+0000] {logging_mixin.py:137} INFO - [2023-07-09T17:07:58.114+0000] {dagbag.py:538} INFO - Filling up the DagBag from /home/ubuntu/venv/lib/python3.10/site-packages/airflow/example_dags/example_sensor_decorator.py
[2023-07-09T17:07:58.144+0000] {logging_mixin.py:137} WARNING - /home/ubuntu/venv/lib/python3.10/site-packages/airflow/models/dag.py:3492 RemovedInAirflow3Warning: Param `schedule_interval` is deprecated and will be removed in a future release. Please use `schedule` instead.
[2023-07-09T17:07:58.154+0000] {processor.py:753} INFO - DAG(s) dict_keys(['example_sensor_decorator']) retrieved from /home/ubuntu/venv/lib/python3.10/site-packages/airflow/example_dags/example_sensor_decorator.py
[2023-07-09T17:07:58.235+0000] {logging_mixin.py:137} INFO - [2023-07-09T17:07:58.235+0000] {dag.py:2676} INFO - Sync 1 DAGs
[2023-07-09T17:07:58.277+0000] {logging_mixin.py:137} INFO - [2023-07-09T17:07:58.275+0000] {dag.py:3423} INFO - Setting next_dagrun for example_sensor_decorator to None, run_after=None
[2023-07-09T17:07:58.310+0000] {processor.py:175} INFO - Processing /home/ubuntu/venv/lib/python3.10/site-packages/airflow/example_dags/example_sensor_decorator.py took 0.204 seconds
[2023-07-09T17:08:29.052+0000] {processor.py:153} INFO - Started process (PID=12339) to work on /home/ubuntu/venv/lib/python3.10/site-packages/airflow/example_dags/example_sensor_decorator.py
[2023-07-09T17:08:29.058+0000] {processor.py:743} INFO - Processing file /home/ubuntu/venv/lib/python3.10/site-packages/airflow/example_dags/example_sensor_decorator.py for tasks to queue
[2023-07-09T17:08:29.063+0000] {logging_mixin.py:137} INFO - [2023-07-09T17:08:29.061+0000] {dagbag.py:538} INFO - Filling up the DagBag from /home/ubuntu/venv/lib/python3.10/site-packages/airflow/example_dags/example_sensor_decorator.py
[2023-07-09T17:08:29.096+0000] {logging_mixin.py:137} WARNING - /home/ubuntu/venv/lib/python3.10/site-packages/airflow/models/dag.py:3492 RemovedInAirflow3Warning: Param `schedule_interval` is deprecated and will be removed in a future release. Please use `schedule` instead.
[2023-07-09T17:08:29.109+0000] {processor.py:753} INFO - DAG(s) dict_keys(['example_sensor_decorator']) retrieved from /home/ubuntu/venv/lib/python3.10/site-packages/airflow/example_dags/example_sensor_decorator.py
[2023-07-09T17:08:29.186+0000] {logging_mixin.py:137} INFO - [2023-07-09T17:08:29.186+0000] {dag.py:2676} INFO - Sync 1 DAGs
[2023-07-09T17:08:29.222+0000] {logging_mixin.py:137} INFO - [2023-07-09T17:08:29.221+0000] {dag.py:3423} INFO - Setting next_dagrun for example_sensor_decorator to None, run_after=None
[2023-07-09T17:08:29.248+0000] {processor.py:175} INFO - Processing /home/ubuntu/venv/lib/python3.10/site-packages/airflow/example_dags/example_sensor_decorator.py took 0.201 seconds
[2023-07-09T17:09:06.322+0000] {processor.py:153} INFO - Started process (PID=12794) to work on /home/ubuntu/venv/lib/python3.10/site-packages/airflow/example_dags/example_sensor_decorator.py
[2023-07-09T17:09:06.324+0000] {processor.py:743} INFO - Processing file /home/ubuntu/venv/lib/python3.10/site-packages/airflow/example_dags/example_sensor_decorator.py for tasks to queue
[2023-07-09T17:09:06.324+0000] {logging_mixin.py:137} INFO - [2023-07-09T17:09:06.324+0000] {dagbag.py:538} INFO - Filling up the DagBag from /home/ubuntu/venv/lib/python3.10/site-packages/airflow/example_dags/example_sensor_decorator.py
[2023-07-09T17:09:06.360+0000] {logging_mixin.py:137} WARNING - /home/ubuntu/venv/lib/python3.10/site-packages/airflow/models/dag.py:3492 RemovedInAirflow3Warning: Param `schedule_interval` is deprecated and will be removed in a future release. Please use `schedule` instead.
[2023-07-09T17:09:06.372+0000] {processor.py:753} INFO - DAG(s) dict_keys(['example_sensor_decorator']) retrieved from /home/ubuntu/venv/lib/python3.10/site-packages/airflow/example_dags/example_sensor_decorator.py
[2023-07-09T17:09:06.439+0000] {logging_mixin.py:137} INFO - [2023-07-09T17:09:06.438+0000] {dag.py:2676} INFO - Sync 1 DAGs
[2023-07-09T17:09:06.490+0000] {logging_mixin.py:137} INFO - [2023-07-09T17:09:06.489+0000] {dag.py:3423} INFO - Setting next_dagrun for example_sensor_decorator to None, run_after=None
[2023-07-09T17:09:06.534+0000] {processor.py:175} INFO - Processing /home/ubuntu/venv/lib/python3.10/site-packages/airflow/example_dags/example_sensor_decorator.py took 0.217 seconds
[2023-07-09T17:09:36.827+0000] {processor.py:153} INFO - Started process (PID=13070) to work on /home/ubuntu/venv/lib/python3.10/site-packages/airflow/example_dags/example_sensor_decorator.py
[2023-07-09T17:09:36.829+0000] {processor.py:743} INFO - Processing file /home/ubuntu/venv/lib/python3.10/site-packages/airflow/example_dags/example_sensor_decorator.py for tasks to queue
[2023-07-09T17:09:36.829+0000] {logging_mixin.py:137} INFO - [2023-07-09T17:09:36.829+0000] {dagbag.py:538} INFO - Filling up the DagBag from /home/ubuntu/venv/lib/python3.10/site-packages/airflow/example_dags/example_sensor_decorator.py
[2023-07-09T17:09:36.861+0000] {logging_mixin.py:137} WARNING - /home/ubuntu/venv/lib/python3.10/site-packages/airflow/models/dag.py:3492 RemovedInAirflow3Warning: Param `schedule_interval` is deprecated and will be removed in a future release. Please use `schedule` instead.
[2023-07-09T17:09:36.872+0000] {processor.py:753} INFO - DAG(s) dict_keys(['example_sensor_decorator']) retrieved from /home/ubuntu/venv/lib/python3.10/site-packages/airflow/example_dags/example_sensor_decorator.py
[2023-07-09T17:09:36.939+0000] {logging_mixin.py:137} INFO - [2023-07-09T17:09:36.939+0000] {dag.py:2676} INFO - Sync 1 DAGs
[2023-07-09T17:09:36.980+0000] {logging_mixin.py:137} INFO - [2023-07-09T17:09:36.980+0000] {dag.py:3423} INFO - Setting next_dagrun for example_sensor_decorator to None, run_after=None
[2023-07-09T17:09:37.009+0000] {processor.py:175} INFO - Processing /home/ubuntu/venv/lib/python3.10/site-packages/airflow/example_dags/example_sensor_decorator.py took 0.188 seconds
[2023-07-09T17:10:07.785+0000] {processor.py:153} INFO - Started process (PID=13306) to work on /home/ubuntu/venv/lib/python3.10/site-packages/airflow/example_dags/example_sensor_decorator.py
[2023-07-09T17:10:07.787+0000] {processor.py:743} INFO - Processing file /home/ubuntu/venv/lib/python3.10/site-packages/airflow/example_dags/example_sensor_decorator.py for tasks to queue
[2023-07-09T17:10:07.787+0000] {logging_mixin.py:137} INFO - [2023-07-09T17:10:07.787+0000] {dagbag.py:538} INFO - Filling up the DagBag from /home/ubuntu/venv/lib/python3.10/site-packages/airflow/example_dags/example_sensor_decorator.py
[2023-07-09T17:10:07.818+0000] {logging_mixin.py:137} WARNING - /home/ubuntu/venv/lib/python3.10/site-packages/airflow/models/dag.py:3492 RemovedInAirflow3Warning: Param `schedule_interval` is deprecated and will be removed in a future release. Please use `schedule` instead.
[2023-07-09T17:10:07.831+0000] {processor.py:753} INFO - DAG(s) dict_keys(['example_sensor_decorator']) retrieved from /home/ubuntu/venv/lib/python3.10/site-packages/airflow/example_dags/example_sensor_decorator.py
[2023-07-09T17:10:07.902+0000] {logging_mixin.py:137} INFO - [2023-07-09T17:10:07.902+0000] {dag.py:2676} INFO - Sync 1 DAGs
[2023-07-09T17:10:07.938+0000] {logging_mixin.py:137} INFO - [2023-07-09T17:10:07.938+0000] {dag.py:3423} INFO - Setting next_dagrun for example_sensor_decorator to None, run_after=None
[2023-07-09T17:10:07.969+0000] {processor.py:175} INFO - Processing /home/ubuntu/venv/lib/python3.10/site-packages/airflow/example_dags/example_sensor_decorator.py took 0.189 seconds
