[2023-07-09T15:46:34.644+0000] {processor.py:153} INFO - Started process (PID=1377) to work on /home/ubuntu/venv/lib/python3.10/site-packages/airflow/example_dags/example_latest_only.py
[2023-07-09T15:46:34.645+0000] {processor.py:743} INFO - Processing file /home/ubuntu/venv/lib/python3.10/site-packages/airflow/example_dags/example_latest_only.py for tasks to queue
[2023-07-09T15:46:34.646+0000] {logging_mixin.py:137} INFO - [2023-07-09T15:46:34.646+0000] {dagbag.py:538} INFO - Filling up the DagBag from /home/ubuntu/venv/lib/python3.10/site-packages/airflow/example_dags/example_latest_only.py
[2023-07-09T15:46:34.670+0000] {processor.py:753} INFO - DAG(s) dict_keys(['latest_only']) retrieved from /home/ubuntu/venv/lib/python3.10/site-packages/airflow/example_dags/example_latest_only.py
[2023-07-09T15:46:34.824+0000] {logging_mixin.py:137} INFO - [2023-07-09T15:46:34.823+0000] {dag.py:2676} INFO - Sync 1 DAGs
[2023-07-09T15:46:34.880+0000] {logging_mixin.py:137} INFO - [2023-07-09T15:46:34.880+0000] {dag.py:3423} INFO - Setting next_dagrun for latest_only to 2023-07-09T11:46:34.879952+00:00, run_after=2023-07-09T15:46:34.879952+00:00
[2023-07-09T15:46:34.927+0000] {processor.py:175} INFO - Processing /home/ubuntu/venv/lib/python3.10/site-packages/airflow/example_dags/example_latest_only.py took 0.288 seconds
[2023-07-09T15:47:05.381+0000] {processor.py:153} INFO - Started process (PID=1619) to work on /home/ubuntu/venv/lib/python3.10/site-packages/airflow/example_dags/example_latest_only.py
[2023-07-09T15:47:05.383+0000] {processor.py:743} INFO - Processing file /home/ubuntu/venv/lib/python3.10/site-packages/airflow/example_dags/example_latest_only.py for tasks to queue
[2023-07-09T15:47:05.383+0000] {logging_mixin.py:137} INFO - [2023-07-09T15:47:05.383+0000] {dagbag.py:538} INFO - Filling up the DagBag from /home/ubuntu/venv/lib/python3.10/site-packages/airflow/example_dags/example_latest_only.py
[2023-07-09T15:47:05.412+0000] {processor.py:753} INFO - DAG(s) dict_keys(['latest_only']) retrieved from /home/ubuntu/venv/lib/python3.10/site-packages/airflow/example_dags/example_latest_only.py
[2023-07-09T15:47:05.507+0000] {logging_mixin.py:137} INFO - [2023-07-09T15:47:05.507+0000] {dag.py:2676} INFO - Sync 1 DAGs
[2023-07-09T15:47:05.542+0000] {logging_mixin.py:137} INFO - [2023-07-09T15:47:05.541+0000] {dag.py:3423} INFO - Setting next_dagrun for latest_only to 2023-07-09T11:47:05.541593+00:00, run_after=2023-07-09T15:47:05.541593+00:00
[2023-07-09T15:47:05.567+0000] {processor.py:175} INFO - Processing /home/ubuntu/venv/lib/python3.10/site-packages/airflow/example_dags/example_latest_only.py took 0.190 seconds
[2023-07-09T15:49:53.346+0000] {processor.py:153} INFO - Started process (PID=2199) to work on /home/ubuntu/venv/lib/python3.10/site-packages/airflow/example_dags/example_latest_only.py
[2023-07-09T15:49:53.347+0000] {processor.py:743} INFO - Processing file /home/ubuntu/venv/lib/python3.10/site-packages/airflow/example_dags/example_latest_only.py for tasks to queue
[2023-07-09T15:49:53.348+0000] {logging_mixin.py:137} INFO - [2023-07-09T15:49:53.348+0000] {dagbag.py:538} INFO - Filling up the DagBag from /home/ubuntu/venv/lib/python3.10/site-packages/airflow/example_dags/example_latest_only.py
[2023-07-09T15:49:53.367+0000] {processor.py:753} INFO - DAG(s) dict_keys(['latest_only']) retrieved from /home/ubuntu/venv/lib/python3.10/site-packages/airflow/example_dags/example_latest_only.py
[2023-07-09T15:49:53.432+0000] {logging_mixin.py:137} INFO - [2023-07-09T15:49:53.432+0000] {dag.py:2676} INFO - Sync 1 DAGs
[2023-07-09T15:49:53.500+0000] {logging_mixin.py:137} INFO - [2023-07-09T15:49:53.500+0000] {dag.py:3423} INFO - Setting next_dagrun for latest_only to 2023-07-09T11:49:53.500244+00:00, run_after=2023-07-09T15:49:53.500244+00:00
[2023-07-09T15:49:53.550+0000] {processor.py:175} INFO - Processing /home/ubuntu/venv/lib/python3.10/site-packages/airflow/example_dags/example_latest_only.py took 0.208 seconds
[2023-07-09T15:50:24.403+0000] {processor.py:153} INFO - Started process (PID=2433) to work on /home/ubuntu/venv/lib/python3.10/site-packages/airflow/example_dags/example_latest_only.py
[2023-07-09T15:50:24.407+0000] {processor.py:743} INFO - Processing file /home/ubuntu/venv/lib/python3.10/site-packages/airflow/example_dags/example_latest_only.py for tasks to queue
[2023-07-09T15:50:24.408+0000] {logging_mixin.py:137} INFO - [2023-07-09T15:50:24.408+0000] {dagbag.py:538} INFO - Filling up the DagBag from /home/ubuntu/venv/lib/python3.10/site-packages/airflow/example_dags/example_latest_only.py
[2023-07-09T15:50:24.426+0000] {processor.py:753} INFO - DAG(s) dict_keys(['latest_only']) retrieved from /home/ubuntu/venv/lib/python3.10/site-packages/airflow/example_dags/example_latest_only.py
[2023-07-09T15:50:24.488+0000] {logging_mixin.py:137} INFO - [2023-07-09T15:50:24.488+0000] {dag.py:2676} INFO - Sync 1 DAGs
[2023-07-09T15:50:24.520+0000] {logging_mixin.py:137} INFO - [2023-07-09T15:50:24.520+0000] {dag.py:3423} INFO - Setting next_dagrun for latest_only to 2023-07-09T11:50:24.519898+00:00, run_after=2023-07-09T15:50:24.519898+00:00
[2023-07-09T15:50:24.560+0000] {processor.py:175} INFO - Processing /home/ubuntu/venv/lib/python3.10/site-packages/airflow/example_dags/example_latest_only.py took 0.165 seconds
[2023-07-09T16:47:17.050+0000] {processor.py:153} INFO - Started process (PID=3500) to work on /home/ubuntu/venv/lib/python3.10/site-packages/airflow/example_dags/example_latest_only.py
[2023-07-09T16:47:17.052+0000] {processor.py:743} INFO - Processing file /home/ubuntu/venv/lib/python3.10/site-packages/airflow/example_dags/example_latest_only.py for tasks to queue
[2023-07-09T16:47:17.052+0000] {logging_mixin.py:137} INFO - [2023-07-09T16:47:17.052+0000] {dagbag.py:538} INFO - Filling up the DagBag from /home/ubuntu/venv/lib/python3.10/site-packages/airflow/example_dags/example_latest_only.py
[2023-07-09T16:47:17.122+0000] {processor.py:753} INFO - DAG(s) dict_keys(['latest_only']) retrieved from /home/ubuntu/venv/lib/python3.10/site-packages/airflow/example_dags/example_latest_only.py
[2023-07-09T16:47:17.260+0000] {logging_mixin.py:137} INFO - [2023-07-09T16:47:17.260+0000] {dag.py:2676} INFO - Sync 1 DAGs
[2023-07-09T16:47:17.353+0000] {logging_mixin.py:137} INFO - [2023-07-09T16:47:17.351+0000] {dag.py:3423} INFO - Setting next_dagrun for latest_only to 2023-07-09T12:47:17.351051+00:00, run_after=2023-07-09T16:47:17.351051+00:00
[2023-07-09T16:47:17.410+0000] {processor.py:175} INFO - Processing /home/ubuntu/venv/lib/python3.10/site-packages/airflow/example_dags/example_latest_only.py took 0.365 seconds
[2023-07-09T16:47:48.186+0000] {processor.py:153} INFO - Started process (PID=3864) to work on /home/ubuntu/venv/lib/python3.10/site-packages/airflow/example_dags/example_latest_only.py
[2023-07-09T16:47:48.188+0000] {processor.py:743} INFO - Processing file /home/ubuntu/venv/lib/python3.10/site-packages/airflow/example_dags/example_latest_only.py for tasks to queue
[2023-07-09T16:47:48.188+0000] {logging_mixin.py:137} INFO - [2023-07-09T16:47:48.188+0000] {dagbag.py:538} INFO - Filling up the DagBag from /home/ubuntu/venv/lib/python3.10/site-packages/airflow/example_dags/example_latest_only.py
[2023-07-09T16:47:48.207+0000] {processor.py:753} INFO - DAG(s) dict_keys(['latest_only']) retrieved from /home/ubuntu/venv/lib/python3.10/site-packages/airflow/example_dags/example_latest_only.py
[2023-07-09T16:47:48.276+0000] {logging_mixin.py:137} INFO - [2023-07-09T16:47:48.276+0000] {dag.py:2676} INFO - Sync 1 DAGs
[2023-07-09T16:47:48.312+0000] {logging_mixin.py:137} INFO - [2023-07-09T16:47:48.311+0000] {dag.py:3423} INFO - Setting next_dagrun for latest_only to 2023-07-09T12:47:48.311388+00:00, run_after=2023-07-09T16:47:48.311388+00:00
[2023-07-09T16:47:48.337+0000] {processor.py:175} INFO - Processing /home/ubuntu/venv/lib/python3.10/site-packages/airflow/example_dags/example_latest_only.py took 0.155 seconds
[2023-07-09T16:48:19.054+0000] {processor.py:153} INFO - Started process (PID=4099) to work on /home/ubuntu/venv/lib/python3.10/site-packages/airflow/example_dags/example_latest_only.py
[2023-07-09T16:48:19.056+0000] {processor.py:743} INFO - Processing file /home/ubuntu/venv/lib/python3.10/site-packages/airflow/example_dags/example_latest_only.py for tasks to queue
[2023-07-09T16:48:19.059+0000] {logging_mixin.py:137} INFO - [2023-07-09T16:48:19.057+0000] {dagbag.py:538} INFO - Filling up the DagBag from /home/ubuntu/venv/lib/python3.10/site-packages/airflow/example_dags/example_latest_only.py
[2023-07-09T16:48:19.088+0000] {processor.py:753} INFO - DAG(s) dict_keys(['latest_only']) retrieved from /home/ubuntu/venv/lib/python3.10/site-packages/airflow/example_dags/example_latest_only.py
[2023-07-09T16:48:19.169+0000] {logging_mixin.py:137} INFO - [2023-07-09T16:48:19.169+0000] {dag.py:2676} INFO - Sync 1 DAGs
[2023-07-09T16:48:19.204+0000] {logging_mixin.py:137} INFO - [2023-07-09T16:48:19.204+0000] {dag.py:3423} INFO - Setting next_dagrun for latest_only to 2023-07-09T12:48:19.203796+00:00, run_after=2023-07-09T16:48:19.203796+00:00
[2023-07-09T16:48:19.233+0000] {processor.py:175} INFO - Processing /home/ubuntu/venv/lib/python3.10/site-packages/airflow/example_dags/example_latest_only.py took 0.183 seconds
[2023-07-09T16:48:49.628+0000] {processor.py:153} INFO - Started process (PID=4334) to work on /home/ubuntu/venv/lib/python3.10/site-packages/airflow/example_dags/example_latest_only.py
[2023-07-09T16:48:49.629+0000] {processor.py:743} INFO - Processing file /home/ubuntu/venv/lib/python3.10/site-packages/airflow/example_dags/example_latest_only.py for tasks to queue
[2023-07-09T16:48:49.630+0000] {logging_mixin.py:137} INFO - [2023-07-09T16:48:49.630+0000] {dagbag.py:538} INFO - Filling up the DagBag from /home/ubuntu/venv/lib/python3.10/site-packages/airflow/example_dags/example_latest_only.py
[2023-07-09T16:48:49.667+0000] {processor.py:753} INFO - DAG(s) dict_keys(['latest_only']) retrieved from /home/ubuntu/venv/lib/python3.10/site-packages/airflow/example_dags/example_latest_only.py
[2023-07-09T16:48:49.737+0000] {logging_mixin.py:137} INFO - [2023-07-09T16:48:49.737+0000] {dag.py:2676} INFO - Sync 1 DAGs
[2023-07-09T16:48:49.778+0000] {logging_mixin.py:137} INFO - [2023-07-09T16:48:49.778+0000] {dag.py:3423} INFO - Setting next_dagrun for latest_only to 2023-07-09T12:48:49.778129+00:00, run_after=2023-07-09T16:48:49.778129+00:00
[2023-07-09T16:48:49.812+0000] {processor.py:175} INFO - Processing /home/ubuntu/venv/lib/python3.10/site-packages/airflow/example_dags/example_latest_only.py took 0.190 seconds
[2023-07-09T16:49:20.843+0000] {processor.py:153} INFO - Started process (PID=4572) to work on /home/ubuntu/venv/lib/python3.10/site-packages/airflow/example_dags/example_latest_only.py
[2023-07-09T16:49:20.845+0000] {processor.py:743} INFO - Processing file /home/ubuntu/venv/lib/python3.10/site-packages/airflow/example_dags/example_latest_only.py for tasks to queue
[2023-07-09T16:49:20.846+0000] {logging_mixin.py:137} INFO - [2023-07-09T16:49:20.846+0000] {dagbag.py:538} INFO - Filling up the DagBag from /home/ubuntu/venv/lib/python3.10/site-packages/airflow/example_dags/example_latest_only.py
[2023-07-09T16:49:20.864+0000] {processor.py:753} INFO - DAG(s) dict_keys(['latest_only']) retrieved from /home/ubuntu/venv/lib/python3.10/site-packages/airflow/example_dags/example_latest_only.py
[2023-07-09T16:49:20.928+0000] {logging_mixin.py:137} INFO - [2023-07-09T16:49:20.927+0000] {dag.py:2676} INFO - Sync 1 DAGs
[2023-07-09T16:49:20.961+0000] {logging_mixin.py:137} INFO - [2023-07-09T16:49:20.960+0000] {dag.py:3423} INFO - Setting next_dagrun for latest_only to 2023-07-09T12:49:20.960533+00:00, run_after=2023-07-09T16:49:20.960533+00:00
[2023-07-09T16:49:20.983+0000] {processor.py:175} INFO - Processing /home/ubuntu/venv/lib/python3.10/site-packages/airflow/example_dags/example_latest_only.py took 0.144 seconds
[2023-07-09T16:49:52.096+0000] {processor.py:153} INFO - Started process (PID=4808) to work on /home/ubuntu/venv/lib/python3.10/site-packages/airflow/example_dags/example_latest_only.py
[2023-07-09T16:49:52.097+0000] {processor.py:743} INFO - Processing file /home/ubuntu/venv/lib/python3.10/site-packages/airflow/example_dags/example_latest_only.py for tasks to queue
[2023-07-09T16:49:52.098+0000] {logging_mixin.py:137} INFO - [2023-07-09T16:49:52.098+0000] {dagbag.py:538} INFO - Filling up the DagBag from /home/ubuntu/venv/lib/python3.10/site-packages/airflow/example_dags/example_latest_only.py
[2023-07-09T16:49:52.117+0000] {processor.py:753} INFO - DAG(s) dict_keys(['latest_only']) retrieved from /home/ubuntu/venv/lib/python3.10/site-packages/airflow/example_dags/example_latest_only.py
[2023-07-09T16:49:52.193+0000] {logging_mixin.py:137} INFO - [2023-07-09T16:49:52.193+0000] {dag.py:2676} INFO - Sync 1 DAGs
[2023-07-09T16:49:52.227+0000] {logging_mixin.py:137} INFO - [2023-07-09T16:49:52.227+0000] {dag.py:3423} INFO - Setting next_dagrun for latest_only to 2023-07-09T12:49:52.226754+00:00, run_after=2023-07-09T16:49:52.226754+00:00
[2023-07-09T16:49:52.251+0000] {processor.py:175} INFO - Processing /home/ubuntu/venv/lib/python3.10/site-packages/airflow/example_dags/example_latest_only.py took 0.161 seconds
[2023-07-09T16:50:22.865+0000] {processor.py:153} INFO - Started process (PID=5041) to work on /home/ubuntu/venv/lib/python3.10/site-packages/airflow/example_dags/example_latest_only.py
[2023-07-09T16:50:22.867+0000] {processor.py:743} INFO - Processing file /home/ubuntu/venv/lib/python3.10/site-packages/airflow/example_dags/example_latest_only.py for tasks to queue
[2023-07-09T16:50:22.868+0000] {logging_mixin.py:137} INFO - [2023-07-09T16:50:22.867+0000] {dagbag.py:538} INFO - Filling up the DagBag from /home/ubuntu/venv/lib/python3.10/site-packages/airflow/example_dags/example_latest_only.py
[2023-07-09T16:50:22.889+0000] {processor.py:753} INFO - DAG(s) dict_keys(['latest_only']) retrieved from /home/ubuntu/venv/lib/python3.10/site-packages/airflow/example_dags/example_latest_only.py
[2023-07-09T16:50:22.954+0000] {logging_mixin.py:137} INFO - [2023-07-09T16:50:22.954+0000] {dag.py:2676} INFO - Sync 1 DAGs
[2023-07-09T16:50:22.988+0000] {logging_mixin.py:137} INFO - [2023-07-09T16:50:22.988+0000] {dag.py:3423} INFO - Setting next_dagrun for latest_only to 2023-07-09T12:50:22.987845+00:00, run_after=2023-07-09T16:50:22.987845+00:00
[2023-07-09T16:50:23.014+0000] {processor.py:175} INFO - Processing /home/ubuntu/venv/lib/python3.10/site-packages/airflow/example_dags/example_latest_only.py took 0.153 seconds
[2023-07-09T16:50:53.955+0000] {processor.py:153} INFO - Started process (PID=5343) to work on /home/ubuntu/venv/lib/python3.10/site-packages/airflow/example_dags/example_latest_only.py
[2023-07-09T16:50:53.956+0000] {processor.py:743} INFO - Processing file /home/ubuntu/venv/lib/python3.10/site-packages/airflow/example_dags/example_latest_only.py for tasks to queue
[2023-07-09T16:50:53.957+0000] {logging_mixin.py:137} INFO - [2023-07-09T16:50:53.956+0000] {dagbag.py:538} INFO - Filling up the DagBag from /home/ubuntu/venv/lib/python3.10/site-packages/airflow/example_dags/example_latest_only.py
[2023-07-09T16:50:53.980+0000] {processor.py:753} INFO - DAG(s) dict_keys(['latest_only']) retrieved from /home/ubuntu/venv/lib/python3.10/site-packages/airflow/example_dags/example_latest_only.py
[2023-07-09T16:50:54.046+0000] {logging_mixin.py:137} INFO - [2023-07-09T16:50:54.045+0000] {dag.py:2676} INFO - Sync 1 DAGs
[2023-07-09T16:50:54.083+0000] {logging_mixin.py:137} INFO - [2023-07-09T16:50:54.083+0000] {dag.py:3423} INFO - Setting next_dagrun for latest_only to 2023-07-09T12:50:54.082846+00:00, run_after=2023-07-09T16:50:54.082846+00:00
[2023-07-09T16:50:54.105+0000] {processor.py:175} INFO - Processing /home/ubuntu/venv/lib/python3.10/site-packages/airflow/example_dags/example_latest_only.py took 0.155 seconds
[2023-07-09T16:54:55.011+0000] {processor.py:153} INFO - Started process (PID=5815) to work on /home/ubuntu/venv/lib/python3.10/site-packages/airflow/example_dags/example_latest_only.py
[2023-07-09T16:54:55.013+0000] {processor.py:743} INFO - Processing file /home/ubuntu/venv/lib/python3.10/site-packages/airflow/example_dags/example_latest_only.py for tasks to queue
[2023-07-09T16:54:55.014+0000] {logging_mixin.py:137} INFO - [2023-07-09T16:54:55.014+0000] {dagbag.py:538} INFO - Filling up the DagBag from /home/ubuntu/venv/lib/python3.10/site-packages/airflow/example_dags/example_latest_only.py
[2023-07-09T16:54:55.037+0000] {processor.py:753} INFO - DAG(s) dict_keys(['latest_only']) retrieved from /home/ubuntu/venv/lib/python3.10/site-packages/airflow/example_dags/example_latest_only.py
[2023-07-09T16:54:55.111+0000] {logging_mixin.py:137} INFO - [2023-07-09T16:54:55.111+0000] {dag.py:2676} INFO - Sync 1 DAGs
[2023-07-09T16:54:55.185+0000] {logging_mixin.py:137} INFO - [2023-07-09T16:54:55.185+0000] {dag.py:3423} INFO - Setting next_dagrun for latest_only to 2023-07-09T12:54:55.184929+00:00, run_after=2023-07-09T16:54:55.184929+00:00
[2023-07-09T16:54:55.221+0000] {processor.py:175} INFO - Processing /home/ubuntu/venv/lib/python3.10/site-packages/airflow/example_dags/example_latest_only.py took 0.223 seconds
[2023-07-09T16:55:25.490+0000] {processor.py:153} INFO - Started process (PID=6076) to work on /home/ubuntu/venv/lib/python3.10/site-packages/airflow/example_dags/example_latest_only.py
[2023-07-09T16:55:25.492+0000] {processor.py:743} INFO - Processing file /home/ubuntu/venv/lib/python3.10/site-packages/airflow/example_dags/example_latest_only.py for tasks to queue
[2023-07-09T16:55:25.493+0000] {logging_mixin.py:137} INFO - [2023-07-09T16:55:25.492+0000] {dagbag.py:538} INFO - Filling up the DagBag from /home/ubuntu/venv/lib/python3.10/site-packages/airflow/example_dags/example_latest_only.py
[2023-07-09T16:55:25.515+0000] {processor.py:753} INFO - DAG(s) dict_keys(['latest_only']) retrieved from /home/ubuntu/venv/lib/python3.10/site-packages/airflow/example_dags/example_latest_only.py
[2023-07-09T16:55:25.589+0000] {logging_mixin.py:137} INFO - [2023-07-09T16:55:25.589+0000] {dag.py:2676} INFO - Sync 1 DAGs
[2023-07-09T16:55:25.621+0000] {logging_mixin.py:137} INFO - [2023-07-09T16:55:25.621+0000] {dag.py:3423} INFO - Setting next_dagrun for latest_only to 2023-07-09T12:55:25.621418+00:00, run_after=2023-07-09T16:55:25.621418+00:00
[2023-07-09T16:55:25.654+0000] {processor.py:175} INFO - Processing /home/ubuntu/venv/lib/python3.10/site-packages/airflow/example_dags/example_latest_only.py took 0.169 seconds
[2023-07-09T16:55:55.898+0000] {processor.py:153} INFO - Started process (PID=6312) to work on /home/ubuntu/venv/lib/python3.10/site-packages/airflow/example_dags/example_latest_only.py
[2023-07-09T16:55:55.899+0000] {processor.py:743} INFO - Processing file /home/ubuntu/venv/lib/python3.10/site-packages/airflow/example_dags/example_latest_only.py for tasks to queue
[2023-07-09T16:55:55.900+0000] {logging_mixin.py:137} INFO - [2023-07-09T16:55:55.900+0000] {dagbag.py:538} INFO - Filling up the DagBag from /home/ubuntu/venv/lib/python3.10/site-packages/airflow/example_dags/example_latest_only.py
[2023-07-09T16:55:55.922+0000] {processor.py:753} INFO - DAG(s) dict_keys(['latest_only']) retrieved from /home/ubuntu/venv/lib/python3.10/site-packages/airflow/example_dags/example_latest_only.py
[2023-07-09T16:55:55.999+0000] {logging_mixin.py:137} INFO - [2023-07-09T16:55:55.999+0000] {dag.py:2676} INFO - Sync 1 DAGs
[2023-07-09T16:55:56.039+0000] {logging_mixin.py:137} INFO - [2023-07-09T16:55:56.039+0000] {dag.py:3423} INFO - Setting next_dagrun for latest_only to 2023-07-09T12:55:56.038911+00:00, run_after=2023-07-09T16:55:56.038911+00:00
[2023-07-09T16:55:56.065+0000] {processor.py:175} INFO - Processing /home/ubuntu/venv/lib/python3.10/site-packages/airflow/example_dags/example_latest_only.py took 0.171 seconds
[2023-07-09T16:56:26.547+0000] {processor.py:153} INFO - Started process (PID=6545) to work on /home/ubuntu/venv/lib/python3.10/site-packages/airflow/example_dags/example_latest_only.py
[2023-07-09T16:56:26.549+0000] {processor.py:743} INFO - Processing file /home/ubuntu/venv/lib/python3.10/site-packages/airflow/example_dags/example_latest_only.py for tasks to queue
[2023-07-09T16:56:26.549+0000] {logging_mixin.py:137} INFO - [2023-07-09T16:56:26.549+0000] {dagbag.py:538} INFO - Filling up the DagBag from /home/ubuntu/venv/lib/python3.10/site-packages/airflow/example_dags/example_latest_only.py
[2023-07-09T16:56:26.569+0000] {processor.py:753} INFO - DAG(s) dict_keys(['latest_only']) retrieved from /home/ubuntu/venv/lib/python3.10/site-packages/airflow/example_dags/example_latest_only.py
[2023-07-09T16:56:26.632+0000] {logging_mixin.py:137} INFO - [2023-07-09T16:56:26.631+0000] {dag.py:2676} INFO - Sync 1 DAGs
[2023-07-09T16:56:26.664+0000] {logging_mixin.py:137} INFO - [2023-07-09T16:56:26.664+0000] {dag.py:3423} INFO - Setting next_dagrun for latest_only to 2023-07-09T12:56:26.663805+00:00, run_after=2023-07-09T16:56:26.663805+00:00
[2023-07-09T16:56:26.688+0000] {processor.py:175} INFO - Processing /home/ubuntu/venv/lib/python3.10/site-packages/airflow/example_dags/example_latest_only.py took 0.145 seconds
[2023-07-09T16:56:57.321+0000] {processor.py:153} INFO - Started process (PID=6802) to work on /home/ubuntu/venv/lib/python3.10/site-packages/airflow/example_dags/example_latest_only.py
[2023-07-09T16:56:57.322+0000] {processor.py:743} INFO - Processing file /home/ubuntu/venv/lib/python3.10/site-packages/airflow/example_dags/example_latest_only.py for tasks to queue
[2023-07-09T16:56:57.323+0000] {logging_mixin.py:137} INFO - [2023-07-09T16:56:57.323+0000] {dagbag.py:538} INFO - Filling up the DagBag from /home/ubuntu/venv/lib/python3.10/site-packages/airflow/example_dags/example_latest_only.py
[2023-07-09T16:56:57.343+0000] {processor.py:753} INFO - DAG(s) dict_keys(['latest_only']) retrieved from /home/ubuntu/venv/lib/python3.10/site-packages/airflow/example_dags/example_latest_only.py
[2023-07-09T16:56:57.426+0000] {logging_mixin.py:137} INFO - [2023-07-09T16:56:57.426+0000] {dag.py:2676} INFO - Sync 1 DAGs
[2023-07-09T16:56:57.460+0000] {logging_mixin.py:137} INFO - [2023-07-09T16:56:57.460+0000] {dag.py:3423} INFO - Setting next_dagrun for latest_only to 2023-07-09T12:56:57.460258+00:00, run_after=2023-07-09T16:56:57.460258+00:00
[2023-07-09T16:56:57.490+0000] {processor.py:175} INFO - Processing /home/ubuntu/venv/lib/python3.10/site-packages/airflow/example_dags/example_latest_only.py took 0.174 seconds
[2023-07-09T16:57:28.557+0000] {processor.py:153} INFO - Started process (PID=7037) to work on /home/ubuntu/venv/lib/python3.10/site-packages/airflow/example_dags/example_latest_only.py
[2023-07-09T16:57:28.558+0000] {processor.py:743} INFO - Processing file /home/ubuntu/venv/lib/python3.10/site-packages/airflow/example_dags/example_latest_only.py for tasks to queue
[2023-07-09T16:57:28.559+0000] {logging_mixin.py:137} INFO - [2023-07-09T16:57:28.559+0000] {dagbag.py:538} INFO - Filling up the DagBag from /home/ubuntu/venv/lib/python3.10/site-packages/airflow/example_dags/example_latest_only.py
[2023-07-09T16:57:28.609+0000] {processor.py:753} INFO - DAG(s) dict_keys(['latest_only']) retrieved from /home/ubuntu/venv/lib/python3.10/site-packages/airflow/example_dags/example_latest_only.py
[2023-07-09T16:57:28.687+0000] {logging_mixin.py:137} INFO - [2023-07-09T16:57:28.687+0000] {dag.py:2676} INFO - Sync 1 DAGs
[2023-07-09T16:57:28.723+0000] {logging_mixin.py:137} INFO - [2023-07-09T16:57:28.722+0000] {dag.py:3423} INFO - Setting next_dagrun for latest_only to 2023-07-09T12:57:28.722444+00:00, run_after=2023-07-09T16:57:28.722444+00:00
[2023-07-09T16:57:28.748+0000] {processor.py:175} INFO - Processing /home/ubuntu/venv/lib/python3.10/site-packages/airflow/example_dags/example_latest_only.py took 0.197 seconds
[2023-07-09T16:57:59.402+0000] {processor.py:153} INFO - Started process (PID=7272) to work on /home/ubuntu/venv/lib/python3.10/site-packages/airflow/example_dags/example_latest_only.py
[2023-07-09T16:57:59.404+0000] {processor.py:743} INFO - Processing file /home/ubuntu/venv/lib/python3.10/site-packages/airflow/example_dags/example_latest_only.py for tasks to queue
[2023-07-09T16:57:59.405+0000] {logging_mixin.py:137} INFO - [2023-07-09T16:57:59.405+0000] {dagbag.py:538} INFO - Filling up the DagBag from /home/ubuntu/venv/lib/python3.10/site-packages/airflow/example_dags/example_latest_only.py
[2023-07-09T16:57:59.426+0000] {processor.py:753} INFO - DAG(s) dict_keys(['latest_only']) retrieved from /home/ubuntu/venv/lib/python3.10/site-packages/airflow/example_dags/example_latest_only.py
[2023-07-09T16:57:59.503+0000] {logging_mixin.py:137} INFO - [2023-07-09T16:57:59.503+0000] {dag.py:2676} INFO - Sync 1 DAGs
[2023-07-09T16:57:59.550+0000] {logging_mixin.py:137} INFO - [2023-07-09T16:57:59.550+0000] {dag.py:3423} INFO - Setting next_dagrun for latest_only to 2023-07-09T12:57:59.550390+00:00, run_after=2023-07-09T16:57:59.550390+00:00
[2023-07-09T16:57:59.576+0000] {processor.py:175} INFO - Processing /home/ubuntu/venv/lib/python3.10/site-packages/airflow/example_dags/example_latest_only.py took 0.178 seconds
[2023-07-09T16:58:30.543+0000] {processor.py:153} INFO - Started process (PID=7508) to work on /home/ubuntu/venv/lib/python3.10/site-packages/airflow/example_dags/example_latest_only.py
[2023-07-09T16:58:30.544+0000] {processor.py:743} INFO - Processing file /home/ubuntu/venv/lib/python3.10/site-packages/airflow/example_dags/example_latest_only.py for tasks to queue
[2023-07-09T16:58:30.545+0000] {logging_mixin.py:137} INFO - [2023-07-09T16:58:30.545+0000] {dagbag.py:538} INFO - Filling up the DagBag from /home/ubuntu/venv/lib/python3.10/site-packages/airflow/example_dags/example_latest_only.py
[2023-07-09T16:58:30.569+0000] {processor.py:753} INFO - DAG(s) dict_keys(['latest_only']) retrieved from /home/ubuntu/venv/lib/python3.10/site-packages/airflow/example_dags/example_latest_only.py
[2023-07-09T16:58:30.652+0000] {logging_mixin.py:137} INFO - [2023-07-09T16:58:30.652+0000] {dag.py:2676} INFO - Sync 1 DAGs
[2023-07-09T16:58:30.692+0000] {logging_mixin.py:137} INFO - [2023-07-09T16:58:30.692+0000] {dag.py:3423} INFO - Setting next_dagrun for latest_only to 2023-07-09T12:58:30.692169+00:00, run_after=2023-07-09T16:58:30.692169+00:00
[2023-07-09T16:58:30.723+0000] {processor.py:175} INFO - Processing /home/ubuntu/venv/lib/python3.10/site-packages/airflow/example_dags/example_latest_only.py took 0.187 seconds
[2023-07-09T16:59:02.515+0000] {processor.py:153} INFO - Started process (PID=7744) to work on /home/ubuntu/venv/lib/python3.10/site-packages/airflow/example_dags/example_latest_only.py
[2023-07-09T16:59:02.520+0000] {processor.py:743} INFO - Processing file /home/ubuntu/venv/lib/python3.10/site-packages/airflow/example_dags/example_latest_only.py for tasks to queue
[2023-07-09T16:59:02.522+0000] {logging_mixin.py:137} INFO - [2023-07-09T16:59:02.521+0000] {dagbag.py:538} INFO - Filling up the DagBag from /home/ubuntu/venv/lib/python3.10/site-packages/airflow/example_dags/example_latest_only.py
[2023-07-09T16:59:02.548+0000] {processor.py:753} INFO - DAG(s) dict_keys(['latest_only']) retrieved from /home/ubuntu/venv/lib/python3.10/site-packages/airflow/example_dags/example_latest_only.py
[2023-07-09T16:59:02.637+0000] {logging_mixin.py:137} INFO - [2023-07-09T16:59:02.637+0000] {dag.py:2676} INFO - Sync 1 DAGs
[2023-07-09T16:59:02.731+0000] {logging_mixin.py:137} INFO - [2023-07-09T16:59:02.730+0000] {dag.py:3423} INFO - Setting next_dagrun for latest_only to 2023-07-09T12:59:02.730492+00:00, run_after=2023-07-09T16:59:02.730492+00:00
[2023-07-09T16:59:03.025+0000] {processor.py:175} INFO - Processing /home/ubuntu/venv/lib/python3.10/site-packages/airflow/example_dags/example_latest_only.py took 0.517 seconds
[2023-07-09T16:59:33.674+0000] {processor.py:153} INFO - Started process (PID=7981) to work on /home/ubuntu/venv/lib/python3.10/site-packages/airflow/example_dags/example_latest_only.py
[2023-07-09T16:59:33.675+0000] {processor.py:743} INFO - Processing file /home/ubuntu/venv/lib/python3.10/site-packages/airflow/example_dags/example_latest_only.py for tasks to queue
[2023-07-09T16:59:33.676+0000] {logging_mixin.py:137} INFO - [2023-07-09T16:59:33.676+0000] {dagbag.py:538} INFO - Filling up the DagBag from /home/ubuntu/venv/lib/python3.10/site-packages/airflow/example_dags/example_latest_only.py
[2023-07-09T16:59:33.708+0000] {processor.py:753} INFO - DAG(s) dict_keys(['latest_only']) retrieved from /home/ubuntu/venv/lib/python3.10/site-packages/airflow/example_dags/example_latest_only.py
[2023-07-09T16:59:33.783+0000] {logging_mixin.py:137} INFO - [2023-07-09T16:59:33.782+0000] {dag.py:2676} INFO - Sync 1 DAGs
[2023-07-09T16:59:34.019+0000] {logging_mixin.py:137} INFO - [2023-07-09T16:59:34.019+0000] {dag.py:3423} INFO - Setting next_dagrun for latest_only to 2023-07-09T12:59:34.019344+00:00, run_after=2023-07-09T16:59:34.019344+00:00
[2023-07-09T16:59:34.043+0000] {processor.py:175} INFO - Processing /home/ubuntu/venv/lib/python3.10/site-packages/airflow/example_dags/example_latest_only.py took 0.374 seconds
[2023-07-09T17:00:31.742+0000] {processor.py:153} INFO - Started process (PID=8646) to work on /home/ubuntu/venv/lib/python3.10/site-packages/airflow/example_dags/example_latest_only.py
[2023-07-09T17:00:31.743+0000] {processor.py:743} INFO - Processing file /home/ubuntu/venv/lib/python3.10/site-packages/airflow/example_dags/example_latest_only.py for tasks to queue
[2023-07-09T17:00:31.744+0000] {logging_mixin.py:137} INFO - [2023-07-09T17:00:31.744+0000] {dagbag.py:538} INFO - Filling up the DagBag from /home/ubuntu/venv/lib/python3.10/site-packages/airflow/example_dags/example_latest_only.py
[2023-07-09T17:00:31.762+0000] {processor.py:753} INFO - DAG(s) dict_keys(['latest_only']) retrieved from /home/ubuntu/venv/lib/python3.10/site-packages/airflow/example_dags/example_latest_only.py
[2023-07-09T17:00:31.822+0000] {logging_mixin.py:137} INFO - [2023-07-09T17:00:31.822+0000] {dag.py:2676} INFO - Sync 1 DAGs
[2023-07-09T17:00:31.857+0000] {logging_mixin.py:137} INFO - [2023-07-09T17:00:31.856+0000] {dag.py:3423} INFO - Setting next_dagrun for latest_only to 2023-07-09T13:00:31.856518+00:00, run_after=2023-07-09T17:00:31.856518+00:00
[2023-07-09T17:00:31.880+0000] {processor.py:175} INFO - Processing /home/ubuntu/venv/lib/python3.10/site-packages/airflow/example_dags/example_latest_only.py took 0.143 seconds
[2023-07-09T17:01:03.037+0000] {processor.py:153} INFO - Started process (PID=8903) to work on /home/ubuntu/venv/lib/python3.10/site-packages/airflow/example_dags/example_latest_only.py
[2023-07-09T17:01:03.038+0000] {processor.py:743} INFO - Processing file /home/ubuntu/venv/lib/python3.10/site-packages/airflow/example_dags/example_latest_only.py for tasks to queue
[2023-07-09T17:01:03.039+0000] {logging_mixin.py:137} INFO - [2023-07-09T17:01:03.039+0000] {dagbag.py:538} INFO - Filling up the DagBag from /home/ubuntu/venv/lib/python3.10/site-packages/airflow/example_dags/example_latest_only.py
[2023-07-09T17:01:03.059+0000] {processor.py:753} INFO - DAG(s) dict_keys(['latest_only']) retrieved from /home/ubuntu/venv/lib/python3.10/site-packages/airflow/example_dags/example_latest_only.py
[2023-07-09T17:01:03.141+0000] {logging_mixin.py:137} INFO - [2023-07-09T17:01:03.140+0000] {dag.py:2676} INFO - Sync 1 DAGs
[2023-07-09T17:01:03.187+0000] {logging_mixin.py:137} INFO - [2023-07-09T17:01:03.187+0000] {dag.py:3423} INFO - Setting next_dagrun for latest_only to 2023-07-09T13:01:03.187358+00:00, run_after=2023-07-09T17:01:03.187358+00:00
[2023-07-09T17:01:03.219+0000] {processor.py:175} INFO - Processing /home/ubuntu/venv/lib/python3.10/site-packages/airflow/example_dags/example_latest_only.py took 0.187 seconds
[2023-07-09T17:01:33.837+0000] {processor.py:153} INFO - Started process (PID=9138) to work on /home/ubuntu/venv/lib/python3.10/site-packages/airflow/example_dags/example_latest_only.py
[2023-07-09T17:01:33.839+0000] {processor.py:743} INFO - Processing file /home/ubuntu/venv/lib/python3.10/site-packages/airflow/example_dags/example_latest_only.py for tasks to queue
[2023-07-09T17:01:33.840+0000] {logging_mixin.py:137} INFO - [2023-07-09T17:01:33.839+0000] {dagbag.py:538} INFO - Filling up the DagBag from /home/ubuntu/venv/lib/python3.10/site-packages/airflow/example_dags/example_latest_only.py
[2023-07-09T17:01:33.860+0000] {processor.py:753} INFO - DAG(s) dict_keys(['latest_only']) retrieved from /home/ubuntu/venv/lib/python3.10/site-packages/airflow/example_dags/example_latest_only.py
[2023-07-09T17:01:33.930+0000] {logging_mixin.py:137} INFO - [2023-07-09T17:01:33.930+0000] {dag.py:2676} INFO - Sync 1 DAGs
[2023-07-09T17:01:33.962+0000] {logging_mixin.py:137} INFO - [2023-07-09T17:01:33.962+0000] {dag.py:3423} INFO - Setting next_dagrun for latest_only to 2023-07-09T13:01:33.961784+00:00, run_after=2023-07-09T17:01:33.961784+00:00
[2023-07-09T17:01:33.992+0000] {processor.py:175} INFO - Processing /home/ubuntu/venv/lib/python3.10/site-packages/airflow/example_dags/example_latest_only.py took 0.160 seconds
[2023-07-09T17:02:04.796+0000] {processor.py:153} INFO - Started process (PID=9395) to work on /home/ubuntu/venv/lib/python3.10/site-packages/airflow/example_dags/example_latest_only.py
[2023-07-09T17:02:04.798+0000] {processor.py:743} INFO - Processing file /home/ubuntu/venv/lib/python3.10/site-packages/airflow/example_dags/example_latest_only.py for tasks to queue
[2023-07-09T17:02:04.799+0000] {logging_mixin.py:137} INFO - [2023-07-09T17:02:04.799+0000] {dagbag.py:538} INFO - Filling up the DagBag from /home/ubuntu/venv/lib/python3.10/site-packages/airflow/example_dags/example_latest_only.py
[2023-07-09T17:02:04.833+0000] {processor.py:753} INFO - DAG(s) dict_keys(['latest_only']) retrieved from /home/ubuntu/venv/lib/python3.10/site-packages/airflow/example_dags/example_latest_only.py
[2023-07-09T17:02:04.914+0000] {logging_mixin.py:137} INFO - [2023-07-09T17:02:04.914+0000] {dag.py:2676} INFO - Sync 1 DAGs
[2023-07-09T17:02:04.965+0000] {logging_mixin.py:137} INFO - [2023-07-09T17:02:04.964+0000] {dag.py:3423} INFO - Setting next_dagrun for latest_only to 2023-07-09T13:02:04.963633+00:00, run_after=2023-07-09T17:02:04.963633+00:00
[2023-07-09T17:02:05.025+0000] {processor.py:175} INFO - Processing /home/ubuntu/venv/lib/python3.10/site-packages/airflow/example_dags/example_latest_only.py took 0.234 seconds
[2023-07-09T17:02:35.680+0000] {processor.py:153} INFO - Started process (PID=9631) to work on /home/ubuntu/venv/lib/python3.10/site-packages/airflow/example_dags/example_latest_only.py
[2023-07-09T17:02:35.681+0000] {processor.py:743} INFO - Processing file /home/ubuntu/venv/lib/python3.10/site-packages/airflow/example_dags/example_latest_only.py for tasks to queue
[2023-07-09T17:02:35.682+0000] {logging_mixin.py:137} INFO - [2023-07-09T17:02:35.682+0000] {dagbag.py:538} INFO - Filling up the DagBag from /home/ubuntu/venv/lib/python3.10/site-packages/airflow/example_dags/example_latest_only.py
[2023-07-09T17:02:35.712+0000] {processor.py:753} INFO - DAG(s) dict_keys(['latest_only']) retrieved from /home/ubuntu/venv/lib/python3.10/site-packages/airflow/example_dags/example_latest_only.py
[2023-07-09T17:02:35.784+0000] {logging_mixin.py:137} INFO - [2023-07-09T17:02:35.783+0000] {dag.py:2676} INFO - Sync 1 DAGs
[2023-07-09T17:02:35.849+0000] {logging_mixin.py:137} INFO - [2023-07-09T17:02:35.848+0000] {dag.py:3423} INFO - Setting next_dagrun for latest_only to 2023-07-09T13:02:35.848658+00:00, run_after=2023-07-09T17:02:35.848658+00:00
[2023-07-09T17:02:35.896+0000] {processor.py:175} INFO - Processing /home/ubuntu/venv/lib/python3.10/site-packages/airflow/example_dags/example_latest_only.py took 0.221 seconds
[2023-07-09T17:03:06.612+0000] {processor.py:153} INFO - Started process (PID=9869) to work on /home/ubuntu/venv/lib/python3.10/site-packages/airflow/example_dags/example_latest_only.py
[2023-07-09T17:03:06.617+0000] {processor.py:743} INFO - Processing file /home/ubuntu/venv/lib/python3.10/site-packages/airflow/example_dags/example_latest_only.py for tasks to queue
[2023-07-09T17:03:06.618+0000] {logging_mixin.py:137} INFO - [2023-07-09T17:03:06.618+0000] {dagbag.py:538} INFO - Filling up the DagBag from /home/ubuntu/venv/lib/python3.10/site-packages/airflow/example_dags/example_latest_only.py
[2023-07-09T17:03:06.643+0000] {processor.py:753} INFO - DAG(s) dict_keys(['latest_only']) retrieved from /home/ubuntu/venv/lib/python3.10/site-packages/airflow/example_dags/example_latest_only.py
[2023-07-09T17:03:06.751+0000] {logging_mixin.py:137} INFO - [2023-07-09T17:03:06.751+0000] {dag.py:2676} INFO - Sync 1 DAGs
[2023-07-09T17:03:06.788+0000] {logging_mixin.py:137} INFO - [2023-07-09T17:03:06.787+0000] {dag.py:3423} INFO - Setting next_dagrun for latest_only to 2023-07-09T13:03:06.787640+00:00, run_after=2023-07-09T17:03:06.787640+00:00
[2023-07-09T17:03:06.821+0000] {processor.py:175} INFO - Processing /home/ubuntu/venv/lib/python3.10/site-packages/airflow/example_dags/example_latest_only.py took 0.215 seconds
[2023-07-09T17:03:37.644+0000] {processor.py:153} INFO - Started process (PID=10102) to work on /home/ubuntu/venv/lib/python3.10/site-packages/airflow/example_dags/example_latest_only.py
[2023-07-09T17:03:37.645+0000] {processor.py:743} INFO - Processing file /home/ubuntu/venv/lib/python3.10/site-packages/airflow/example_dags/example_latest_only.py for tasks to queue
[2023-07-09T17:03:37.646+0000] {logging_mixin.py:137} INFO - [2023-07-09T17:03:37.646+0000] {dagbag.py:538} INFO - Filling up the DagBag from /home/ubuntu/venv/lib/python3.10/site-packages/airflow/example_dags/example_latest_only.py
[2023-07-09T17:03:37.668+0000] {processor.py:753} INFO - DAG(s) dict_keys(['latest_only']) retrieved from /home/ubuntu/venv/lib/python3.10/site-packages/airflow/example_dags/example_latest_only.py
[2023-07-09T17:03:37.745+0000] {logging_mixin.py:137} INFO - [2023-07-09T17:03:37.745+0000] {dag.py:2676} INFO - Sync 1 DAGs
[2023-07-09T17:03:37.799+0000] {logging_mixin.py:137} INFO - [2023-07-09T17:03:37.799+0000] {dag.py:3423} INFO - Setting next_dagrun for latest_only to 2023-07-09T13:03:37.799116+00:00, run_after=2023-07-09T17:03:37.799116+00:00
[2023-07-09T17:03:37.834+0000] {processor.py:175} INFO - Processing /home/ubuntu/venv/lib/python3.10/site-packages/airflow/example_dags/example_latest_only.py took 0.197 seconds
[2023-07-09T17:04:08.605+0000] {processor.py:153} INFO - Started process (PID=10337) to work on /home/ubuntu/venv/lib/python3.10/site-packages/airflow/example_dags/example_latest_only.py
[2023-07-09T17:04:08.609+0000] {processor.py:743} INFO - Processing file /home/ubuntu/venv/lib/python3.10/site-packages/airflow/example_dags/example_latest_only.py for tasks to queue
[2023-07-09T17:04:08.612+0000] {logging_mixin.py:137} INFO - [2023-07-09T17:04:08.610+0000] {dagbag.py:538} INFO - Filling up the DagBag from /home/ubuntu/venv/lib/python3.10/site-packages/airflow/example_dags/example_latest_only.py
[2023-07-09T17:04:08.637+0000] {processor.py:753} INFO - DAG(s) dict_keys(['latest_only']) retrieved from /home/ubuntu/venv/lib/python3.10/site-packages/airflow/example_dags/example_latest_only.py
[2023-07-09T17:04:08.704+0000] {logging_mixin.py:137} INFO - [2023-07-09T17:04:08.703+0000] {dag.py:2676} INFO - Sync 1 DAGs
[2023-07-09T17:04:08.738+0000] {logging_mixin.py:137} INFO - [2023-07-09T17:04:08.738+0000] {dag.py:3423} INFO - Setting next_dagrun for latest_only to 2023-07-09T13:04:08.738339+00:00, run_after=2023-07-09T17:04:08.738339+00:00
[2023-07-09T17:04:08.760+0000] {processor.py:175} INFO - Processing /home/ubuntu/venv/lib/python3.10/site-packages/airflow/example_dags/example_latest_only.py took 0.161 seconds
[2023-07-09T17:04:39.885+0000] {processor.py:153} INFO - Started process (PID=10573) to work on /home/ubuntu/venv/lib/python3.10/site-packages/airflow/example_dags/example_latest_only.py
[2023-07-09T17:04:39.887+0000] {processor.py:743} INFO - Processing file /home/ubuntu/venv/lib/python3.10/site-packages/airflow/example_dags/example_latest_only.py for tasks to queue
[2023-07-09T17:04:39.888+0000] {logging_mixin.py:137} INFO - [2023-07-09T17:04:39.887+0000] {dagbag.py:538} INFO - Filling up the DagBag from /home/ubuntu/venv/lib/python3.10/site-packages/airflow/example_dags/example_latest_only.py
[2023-07-09T17:04:39.909+0000] {processor.py:753} INFO - DAG(s) dict_keys(['latest_only']) retrieved from /home/ubuntu/venv/lib/python3.10/site-packages/airflow/example_dags/example_latest_only.py
[2023-07-09T17:04:39.982+0000] {logging_mixin.py:137} INFO - [2023-07-09T17:04:39.982+0000] {dag.py:2676} INFO - Sync 1 DAGs
[2023-07-09T17:04:40.019+0000] {logging_mixin.py:137} INFO - [2023-07-09T17:04:40.019+0000] {dag.py:3423} INFO - Setting next_dagrun for latest_only to 2023-07-09T13:04:40.018804+00:00, run_after=2023-07-09T17:04:40.018804+00:00
[2023-07-09T17:04:40.297+0000] {processor.py:175} INFO - Processing /home/ubuntu/venv/lib/python3.10/site-packages/airflow/example_dags/example_latest_only.py took 0.418 seconds
[2023-07-09T17:06:03.280+0000] {processor.py:153} INFO - Started process (PID=11145) to work on /home/ubuntu/venv/lib/python3.10/site-packages/airflow/example_dags/example_latest_only.py
[2023-07-09T17:06:03.282+0000] {processor.py:743} INFO - Processing file /home/ubuntu/venv/lib/python3.10/site-packages/airflow/example_dags/example_latest_only.py for tasks to queue
[2023-07-09T17:06:03.283+0000] {logging_mixin.py:137} INFO - [2023-07-09T17:06:03.282+0000] {dagbag.py:538} INFO - Filling up the DagBag from /home/ubuntu/venv/lib/python3.10/site-packages/airflow/example_dags/example_latest_only.py
[2023-07-09T17:06:03.385+0000] {processor.py:753} INFO - DAG(s) dict_keys(['latest_only']) retrieved from /home/ubuntu/venv/lib/python3.10/site-packages/airflow/example_dags/example_latest_only.py
[2023-07-09T17:06:03.466+0000] {logging_mixin.py:137} INFO - [2023-07-09T17:06:03.466+0000] {dag.py:2676} INFO - Sync 1 DAGs
[2023-07-09T17:06:03.510+0000] {logging_mixin.py:137} INFO - [2023-07-09T17:06:03.510+0000] {dag.py:3423} INFO - Setting next_dagrun for latest_only to 2023-07-09T13:06:03.510302+00:00, run_after=2023-07-09T17:06:03.510302+00:00
[2023-07-09T17:06:03.543+0000] {processor.py:175} INFO - Processing /home/ubuntu/venv/lib/python3.10/site-packages/airflow/example_dags/example_latest_only.py took 0.267 seconds
[2023-07-09T17:06:33.750+0000] {processor.py:153} INFO - Started process (PID=11403) to work on /home/ubuntu/venv/lib/python3.10/site-packages/airflow/example_dags/example_latest_only.py
[2023-07-09T17:06:33.752+0000] {processor.py:743} INFO - Processing file /home/ubuntu/venv/lib/python3.10/site-packages/airflow/example_dags/example_latest_only.py for tasks to queue
[2023-07-09T17:06:33.753+0000] {logging_mixin.py:137} INFO - [2023-07-09T17:06:33.753+0000] {dagbag.py:538} INFO - Filling up the DagBag from /home/ubuntu/venv/lib/python3.10/site-packages/airflow/example_dags/example_latest_only.py
[2023-07-09T17:06:33.789+0000] {processor.py:753} INFO - DAG(s) dict_keys(['latest_only']) retrieved from /home/ubuntu/venv/lib/python3.10/site-packages/airflow/example_dags/example_latest_only.py
[2023-07-09T17:06:33.850+0000] {logging_mixin.py:137} INFO - [2023-07-09T17:06:33.850+0000] {dag.py:2676} INFO - Sync 1 DAGs
[2023-07-09T17:06:33.877+0000] {logging_mixin.py:137} INFO - [2023-07-09T17:06:33.877+0000] {dag.py:3423} INFO - Setting next_dagrun for latest_only to 2023-07-09T13:06:33.876960+00:00, run_after=2023-07-09T17:06:33.876960+00:00
[2023-07-09T17:06:33.908+0000] {processor.py:175} INFO - Processing /home/ubuntu/venv/lib/python3.10/site-packages/airflow/example_dags/example_latest_only.py took 0.163 seconds
[2023-07-09T17:07:27.947+0000] {processor.py:153} INFO - Started process (PID=11879) to work on /home/ubuntu/venv/lib/python3.10/site-packages/airflow/example_dags/example_latest_only.py
[2023-07-09T17:07:27.949+0000] {processor.py:743} INFO - Processing file /home/ubuntu/venv/lib/python3.10/site-packages/airflow/example_dags/example_latest_only.py for tasks to queue
[2023-07-09T17:07:27.949+0000] {logging_mixin.py:137} INFO - [2023-07-09T17:07:27.949+0000] {dagbag.py:538} INFO - Filling up the DagBag from /home/ubuntu/venv/lib/python3.10/site-packages/airflow/example_dags/example_latest_only.py
[2023-07-09T17:07:27.980+0000] {processor.py:753} INFO - DAG(s) dict_keys(['latest_only']) retrieved from /home/ubuntu/venv/lib/python3.10/site-packages/airflow/example_dags/example_latest_only.py
[2023-07-09T17:07:28.057+0000] {logging_mixin.py:137} INFO - [2023-07-09T17:07:28.057+0000] {dag.py:2676} INFO - Sync 1 DAGs
[2023-07-09T17:07:28.095+0000] {logging_mixin.py:137} INFO - [2023-07-09T17:07:28.095+0000] {dag.py:3423} INFO - Setting next_dagrun for latest_only to 2023-07-09T13:07:28.094730+00:00, run_after=2023-07-09T17:07:28.094730+00:00
[2023-07-09T17:07:28.130+0000] {processor.py:175} INFO - Processing /home/ubuntu/venv/lib/python3.10/site-packages/airflow/example_dags/example_latest_only.py took 0.187 seconds
[2023-07-09T17:07:58.670+0000] {processor.py:153} INFO - Started process (PID=12133) to work on /home/ubuntu/venv/lib/python3.10/site-packages/airflow/example_dags/example_latest_only.py
[2023-07-09T17:07:58.671+0000] {processor.py:743} INFO - Processing file /home/ubuntu/venv/lib/python3.10/site-packages/airflow/example_dags/example_latest_only.py for tasks to queue
[2023-07-09T17:07:58.672+0000] {logging_mixin.py:137} INFO - [2023-07-09T17:07:58.672+0000] {dagbag.py:538} INFO - Filling up the DagBag from /home/ubuntu/venv/lib/python3.10/site-packages/airflow/example_dags/example_latest_only.py
[2023-07-09T17:07:58.693+0000] {processor.py:753} INFO - DAG(s) dict_keys(['latest_only']) retrieved from /home/ubuntu/venv/lib/python3.10/site-packages/airflow/example_dags/example_latest_only.py
[2023-07-09T17:07:58.784+0000] {logging_mixin.py:137} INFO - [2023-07-09T17:07:58.783+0000] {dag.py:2676} INFO - Sync 1 DAGs
[2023-07-09T17:07:58.823+0000] {logging_mixin.py:137} INFO - [2023-07-09T17:07:58.823+0000] {dag.py:3423} INFO - Setting next_dagrun for latest_only to 2023-07-09T13:07:58.822937+00:00, run_after=2023-07-09T17:07:58.822937+00:00
[2023-07-09T17:07:58.853+0000] {processor.py:175} INFO - Processing /home/ubuntu/venv/lib/python3.10/site-packages/airflow/example_dags/example_latest_only.py took 0.190 seconds
[2023-07-09T17:08:29.625+0000] {processor.py:153} INFO - Started process (PID=12369) to work on /home/ubuntu/venv/lib/python3.10/site-packages/airflow/example_dags/example_latest_only.py
[2023-07-09T17:08:29.626+0000] {processor.py:743} INFO - Processing file /home/ubuntu/venv/lib/python3.10/site-packages/airflow/example_dags/example_latest_only.py for tasks to queue
[2023-07-09T17:08:29.627+0000] {logging_mixin.py:137} INFO - [2023-07-09T17:08:29.627+0000] {dagbag.py:538} INFO - Filling up the DagBag from /home/ubuntu/venv/lib/python3.10/site-packages/airflow/example_dags/example_latest_only.py
[2023-07-09T17:08:29.655+0000] {processor.py:753} INFO - DAG(s) dict_keys(['latest_only']) retrieved from /home/ubuntu/venv/lib/python3.10/site-packages/airflow/example_dags/example_latest_only.py
[2023-07-09T17:08:29.724+0000] {logging_mixin.py:137} INFO - [2023-07-09T17:08:29.723+0000] {dag.py:2676} INFO - Sync 1 DAGs
[2023-07-09T17:08:29.758+0000] {logging_mixin.py:137} INFO - [2023-07-09T17:08:29.758+0000] {dag.py:3423} INFO - Setting next_dagrun for latest_only to 2023-07-09T13:08:29.758030+00:00, run_after=2023-07-09T17:08:29.758030+00:00
[2023-07-09T17:08:29.785+0000] {processor.py:175} INFO - Processing /home/ubuntu/venv/lib/python3.10/site-packages/airflow/example_dags/example_latest_only.py took 0.165 seconds
[2023-07-09T17:09:06.841+0000] {processor.py:153} INFO - Started process (PID=12824) to work on /home/ubuntu/venv/lib/python3.10/site-packages/airflow/example_dags/example_latest_only.py
[2023-07-09T17:09:06.843+0000] {processor.py:743} INFO - Processing file /home/ubuntu/venv/lib/python3.10/site-packages/airflow/example_dags/example_latest_only.py for tasks to queue
[2023-07-09T17:09:06.843+0000] {logging_mixin.py:137} INFO - [2023-07-09T17:09:06.843+0000] {dagbag.py:538} INFO - Filling up the DagBag from /home/ubuntu/venv/lib/python3.10/site-packages/airflow/example_dags/example_latest_only.py
[2023-07-09T17:09:06.862+0000] {processor.py:753} INFO - DAG(s) dict_keys(['latest_only']) retrieved from /home/ubuntu/venv/lib/python3.10/site-packages/airflow/example_dags/example_latest_only.py
[2023-07-09T17:09:06.925+0000] {logging_mixin.py:137} INFO - [2023-07-09T17:09:06.924+0000] {dag.py:2676} INFO - Sync 1 DAGs
[2023-07-09T17:09:06.958+0000] {logging_mixin.py:137} INFO - [2023-07-09T17:09:06.958+0000] {dag.py:3423} INFO - Setting next_dagrun for latest_only to 2023-07-09T13:09:06.957961+00:00, run_after=2023-07-09T17:09:06.957961+00:00
[2023-07-09T17:09:06.983+0000] {processor.py:175} INFO - Processing /home/ubuntu/venv/lib/python3.10/site-packages/airflow/example_dags/example_latest_only.py took 0.146 seconds
[2023-07-09T17:09:37.403+0000] {processor.py:153} INFO - Started process (PID=13100) to work on /home/ubuntu/venv/lib/python3.10/site-packages/airflow/example_dags/example_latest_only.py
[2023-07-09T17:09:37.404+0000] {processor.py:743} INFO - Processing file /home/ubuntu/venv/lib/python3.10/site-packages/airflow/example_dags/example_latest_only.py for tasks to queue
[2023-07-09T17:09:37.405+0000] {logging_mixin.py:137} INFO - [2023-07-09T17:09:37.405+0000] {dagbag.py:538} INFO - Filling up the DagBag from /home/ubuntu/venv/lib/python3.10/site-packages/airflow/example_dags/example_latest_only.py
[2023-07-09T17:09:37.435+0000] {processor.py:753} INFO - DAG(s) dict_keys(['latest_only']) retrieved from /home/ubuntu/venv/lib/python3.10/site-packages/airflow/example_dags/example_latest_only.py
[2023-07-09T17:09:37.523+0000] {logging_mixin.py:137} INFO - [2023-07-09T17:09:37.523+0000] {dag.py:2676} INFO - Sync 1 DAGs
[2023-07-09T17:09:37.561+0000] {logging_mixin.py:137} INFO - [2023-07-09T17:09:37.560+0000] {dag.py:3423} INFO - Setting next_dagrun for latest_only to 2023-07-09T13:09:37.560714+00:00, run_after=2023-07-09T17:09:37.560714+00:00
[2023-07-09T17:09:37.589+0000] {processor.py:175} INFO - Processing /home/ubuntu/venv/lib/python3.10/site-packages/airflow/example_dags/example_latest_only.py took 0.193 seconds
[2023-07-09T17:10:08.315+0000] {processor.py:153} INFO - Started process (PID=13336) to work on /home/ubuntu/venv/lib/python3.10/site-packages/airflow/example_dags/example_latest_only.py
[2023-07-09T17:10:08.317+0000] {processor.py:743} INFO - Processing file /home/ubuntu/venv/lib/python3.10/site-packages/airflow/example_dags/example_latest_only.py for tasks to queue
[2023-07-09T17:10:08.318+0000] {logging_mixin.py:137} INFO - [2023-07-09T17:10:08.317+0000] {dagbag.py:538} INFO - Filling up the DagBag from /home/ubuntu/venv/lib/python3.10/site-packages/airflow/example_dags/example_latest_only.py
[2023-07-09T17:10:08.336+0000] {processor.py:753} INFO - DAG(s) dict_keys(['latest_only']) retrieved from /home/ubuntu/venv/lib/python3.10/site-packages/airflow/example_dags/example_latest_only.py
[2023-07-09T17:10:08.399+0000] {logging_mixin.py:137} INFO - [2023-07-09T17:10:08.399+0000] {dag.py:2676} INFO - Sync 1 DAGs
[2023-07-09T17:10:08.430+0000] {logging_mixin.py:137} INFO - [2023-07-09T17:10:08.429+0000] {dag.py:3423} INFO - Setting next_dagrun for latest_only to 2023-07-09T13:10:08.429466+00:00, run_after=2023-07-09T17:10:08.429466+00:00
[2023-07-09T17:10:08.454+0000] {processor.py:175} INFO - Processing /home/ubuntu/venv/lib/python3.10/site-packages/airflow/example_dags/example_latest_only.py took 0.143 seconds
