[2023-07-09T15:46:34.223+0000] {processor.py:153} INFO - Started process (PID=1359) to work on /home/ubuntu/venv/lib/python3.10/site-packages/airflow/example_dags/example_latest_only_with_trigger.py
[2023-07-09T15:46:34.224+0000] {processor.py:743} INFO - Processing file /home/ubuntu/venv/lib/python3.10/site-packages/airflow/example_dags/example_latest_only_with_trigger.py for tasks to queue
[2023-07-09T15:46:34.225+0000] {logging_mixin.py:137} INFO - [2023-07-09T15:46:34.225+0000] {dagbag.py:538} INFO - Filling up the DagBag from /home/ubuntu/venv/lib/python3.10/site-packages/airflow/example_dags/example_latest_only_with_trigger.py
[2023-07-09T15:46:34.246+0000] {processor.py:753} INFO - DAG(s) dict_keys(['latest_only_with_trigger']) retrieved from /home/ubuntu/venv/lib/python3.10/site-packages/airflow/example_dags/example_latest_only_with_trigger.py
[2023-07-09T15:46:34.322+0000] {logging_mixin.py:137} INFO - [2023-07-09T15:46:34.322+0000] {dag.py:2676} INFO - Sync 1 DAGs
[2023-07-09T15:46:34.359+0000] {logging_mixin.py:137} INFO - [2023-07-09T15:46:34.359+0000] {dag.py:3423} INFO - Setting next_dagrun for latest_only_with_trigger to 2023-07-09T11:46:34.359122+00:00, run_after=2023-07-09T15:46:34.359122+00:00
[2023-07-09T15:46:34.399+0000] {processor.py:175} INFO - Processing /home/ubuntu/venv/lib/python3.10/site-packages/airflow/example_dags/example_latest_only_with_trigger.py took 0.188 seconds
[2023-07-09T15:47:05.010+0000] {processor.py:153} INFO - Started process (PID=1601) to work on /home/ubuntu/venv/lib/python3.10/site-packages/airflow/example_dags/example_latest_only_with_trigger.py
[2023-07-09T15:47:05.012+0000] {processor.py:743} INFO - Processing file /home/ubuntu/venv/lib/python3.10/site-packages/airflow/example_dags/example_latest_only_with_trigger.py for tasks to queue
[2023-07-09T15:47:05.013+0000] {logging_mixin.py:137} INFO - [2023-07-09T15:47:05.013+0000] {dagbag.py:538} INFO - Filling up the DagBag from /home/ubuntu/venv/lib/python3.10/site-packages/airflow/example_dags/example_latest_only_with_trigger.py
[2023-07-09T15:47:05.037+0000] {processor.py:753} INFO - DAG(s) dict_keys(['latest_only_with_trigger']) retrieved from /home/ubuntu/venv/lib/python3.10/site-packages/airflow/example_dags/example_latest_only_with_trigger.py
[2023-07-09T15:47:05.113+0000] {logging_mixin.py:137} INFO - [2023-07-09T15:47:05.113+0000] {dag.py:2676} INFO - Sync 1 DAGs
[2023-07-09T15:47:05.148+0000] {logging_mixin.py:137} INFO - [2023-07-09T15:47:05.148+0000] {dag.py:3423} INFO - Setting next_dagrun for latest_only_with_trigger to 2023-07-09T11:47:05.148239+00:00, run_after=2023-07-09T15:47:05.148239+00:00
[2023-07-09T15:47:05.173+0000] {processor.py:175} INFO - Processing /home/ubuntu/venv/lib/python3.10/site-packages/airflow/example_dags/example_latest_only_with_trigger.py took 0.167 seconds
[2023-07-09T15:47:35.350+0000] {processor.py:153} INFO - Started process (PID=1900) to work on /home/ubuntu/venv/lib/python3.10/site-packages/airflow/example_dags/example_latest_only_with_trigger.py
[2023-07-09T15:47:35.351+0000] {processor.py:743} INFO - Processing file /home/ubuntu/venv/lib/python3.10/site-packages/airflow/example_dags/example_latest_only_with_trigger.py for tasks to queue
[2023-07-09T15:47:35.352+0000] {logging_mixin.py:137} INFO - [2023-07-09T15:47:35.352+0000] {dagbag.py:538} INFO - Filling up the DagBag from /home/ubuntu/venv/lib/python3.10/site-packages/airflow/example_dags/example_latest_only_with_trigger.py
[2023-07-09T15:47:35.375+0000] {processor.py:753} INFO - DAG(s) dict_keys(['latest_only_with_trigger']) retrieved from /home/ubuntu/venv/lib/python3.10/site-packages/airflow/example_dags/example_latest_only_with_trigger.py
[2023-07-09T15:47:35.772+0000] {logging_mixin.py:137} INFO - [2023-07-09T15:47:35.772+0000] {process_utils.py:256} INFO - Waiting up to 5 seconds for processes to exit...
[2023-07-09T15:49:52.917+0000] {processor.py:153} INFO - Started process (PID=2178) to work on /home/ubuntu/venv/lib/python3.10/site-packages/airflow/example_dags/example_latest_only_with_trigger.py
[2023-07-09T15:49:52.919+0000] {processor.py:743} INFO - Processing file /home/ubuntu/venv/lib/python3.10/site-packages/airflow/example_dags/example_latest_only_with_trigger.py for tasks to queue
[2023-07-09T15:49:52.920+0000] {logging_mixin.py:137} INFO - [2023-07-09T15:49:52.919+0000] {dagbag.py:538} INFO - Filling up the DagBag from /home/ubuntu/venv/lib/python3.10/site-packages/airflow/example_dags/example_latest_only_with_trigger.py
[2023-07-09T15:49:52.942+0000] {processor.py:753} INFO - DAG(s) dict_keys(['latest_only_with_trigger']) retrieved from /home/ubuntu/venv/lib/python3.10/site-packages/airflow/example_dags/example_latest_only_with_trigger.py
[2023-07-09T15:49:53.013+0000] {logging_mixin.py:137} INFO - [2023-07-09T15:49:53.012+0000] {dag.py:2676} INFO - Sync 1 DAGs
[2023-07-09T15:49:53.050+0000] {logging_mixin.py:137} INFO - [2023-07-09T15:49:53.049+0000] {dag.py:3423} INFO - Setting next_dagrun for latest_only_with_trigger to 2023-07-09T11:49:53.049542+00:00, run_after=2023-07-09T15:49:53.049542+00:00
[2023-07-09T15:49:53.076+0000] {processor.py:175} INFO - Processing /home/ubuntu/venv/lib/python3.10/site-packages/airflow/example_dags/example_latest_only_with_trigger.py took 0.163 seconds
[2023-07-09T15:50:24.139+0000] {processor.py:153} INFO - Started process (PID=2415) to work on /home/ubuntu/venv/lib/python3.10/site-packages/airflow/example_dags/example_latest_only_with_trigger.py
[2023-07-09T15:50:24.140+0000] {processor.py:743} INFO - Processing file /home/ubuntu/venv/lib/python3.10/site-packages/airflow/example_dags/example_latest_only_with_trigger.py for tasks to queue
[2023-07-09T15:50:24.141+0000] {logging_mixin.py:137} INFO - [2023-07-09T15:50:24.141+0000] {dagbag.py:538} INFO - Filling up the DagBag from /home/ubuntu/venv/lib/python3.10/site-packages/airflow/example_dags/example_latest_only_with_trigger.py
[2023-07-09T15:50:24.160+0000] {processor.py:753} INFO - DAG(s) dict_keys(['latest_only_with_trigger']) retrieved from /home/ubuntu/venv/lib/python3.10/site-packages/airflow/example_dags/example_latest_only_with_trigger.py
[2023-07-09T15:50:24.229+0000] {logging_mixin.py:137} INFO - [2023-07-09T15:50:24.228+0000] {dag.py:2676} INFO - Sync 1 DAGs
[2023-07-09T15:50:24.261+0000] {logging_mixin.py:137} INFO - [2023-07-09T15:50:24.261+0000] {dag.py:3423} INFO - Setting next_dagrun for latest_only_with_trigger to 2023-07-09T11:50:24.261330+00:00, run_after=2023-07-09T15:50:24.261330+00:00
[2023-07-09T15:50:24.287+0000] {processor.py:175} INFO - Processing /home/ubuntu/venv/lib/python3.10/site-packages/airflow/example_dags/example_latest_only_with_trigger.py took 0.152 seconds
[2023-07-09T16:47:16.417+0000] {processor.py:153} INFO - Started process (PID=3478) to work on /home/ubuntu/venv/lib/python3.10/site-packages/airflow/example_dags/example_latest_only_with_trigger.py
[2023-07-09T16:47:16.419+0000] {processor.py:743} INFO - Processing file /home/ubuntu/venv/lib/python3.10/site-packages/airflow/example_dags/example_latest_only_with_trigger.py for tasks to queue
[2023-07-09T16:47:16.420+0000] {logging_mixin.py:137} INFO - [2023-07-09T16:47:16.420+0000] {dagbag.py:538} INFO - Filling up the DagBag from /home/ubuntu/venv/lib/python3.10/site-packages/airflow/example_dags/example_latest_only_with_trigger.py
[2023-07-09T16:47:16.458+0000] {processor.py:753} INFO - DAG(s) dict_keys(['latest_only_with_trigger']) retrieved from /home/ubuntu/venv/lib/python3.10/site-packages/airflow/example_dags/example_latest_only_with_trigger.py
[2023-07-09T16:47:16.584+0000] {logging_mixin.py:137} INFO - [2023-07-09T16:47:16.584+0000] {dag.py:2676} INFO - Sync 1 DAGs
[2023-07-09T16:47:16.716+0000] {logging_mixin.py:137} INFO - [2023-07-09T16:47:16.716+0000] {dag.py:3423} INFO - Setting next_dagrun for latest_only_with_trigger to 2023-07-09T12:47:16.716124+00:00, run_after=2023-07-09T16:47:16.716124+00:00
[2023-07-09T16:47:16.774+0000] {processor.py:175} INFO - Processing /home/ubuntu/venv/lib/python3.10/site-packages/airflow/example_dags/example_latest_only_with_trigger.py took 0.361 seconds
[2023-07-09T16:47:47.823+0000] {processor.py:153} INFO - Started process (PID=3846) to work on /home/ubuntu/venv/lib/python3.10/site-packages/airflow/example_dags/example_latest_only_with_trigger.py
[2023-07-09T16:47:47.824+0000] {processor.py:743} INFO - Processing file /home/ubuntu/venv/lib/python3.10/site-packages/airflow/example_dags/example_latest_only_with_trigger.py for tasks to queue
[2023-07-09T16:47:47.825+0000] {logging_mixin.py:137} INFO - [2023-07-09T16:47:47.825+0000] {dagbag.py:538} INFO - Filling up the DagBag from /home/ubuntu/venv/lib/python3.10/site-packages/airflow/example_dags/example_latest_only_with_trigger.py
[2023-07-09T16:47:47.847+0000] {processor.py:753} INFO - DAG(s) dict_keys(['latest_only_with_trigger']) retrieved from /home/ubuntu/venv/lib/python3.10/site-packages/airflow/example_dags/example_latest_only_with_trigger.py
[2023-07-09T16:47:47.934+0000] {logging_mixin.py:137} INFO - [2023-07-09T16:47:47.931+0000] {dag.py:2676} INFO - Sync 1 DAGs
[2023-07-09T16:47:47.988+0000] {logging_mixin.py:137} INFO - [2023-07-09T16:47:47.988+0000] {dag.py:3423} INFO - Setting next_dagrun for latest_only_with_trigger to 2023-07-09T12:47:47.988070+00:00, run_after=2023-07-09T16:47:47.988070+00:00
[2023-07-09T16:47:48.016+0000] {processor.py:175} INFO - Processing /home/ubuntu/venv/lib/python3.10/site-packages/airflow/example_dags/example_latest_only_with_trigger.py took 0.197 seconds
[2023-07-09T16:48:18.652+0000] {processor.py:153} INFO - Started process (PID=4080) to work on /home/ubuntu/venv/lib/python3.10/site-packages/airflow/example_dags/example_latest_only_with_trigger.py
[2023-07-09T16:48:18.654+0000] {processor.py:743} INFO - Processing file /home/ubuntu/venv/lib/python3.10/site-packages/airflow/example_dags/example_latest_only_with_trigger.py for tasks to queue
[2023-07-09T16:48:18.658+0000] {logging_mixin.py:137} INFO - [2023-07-09T16:48:18.657+0000] {dagbag.py:538} INFO - Filling up the DagBag from /home/ubuntu/venv/lib/python3.10/site-packages/airflow/example_dags/example_latest_only_with_trigger.py
[2023-07-09T16:48:18.684+0000] {processor.py:753} INFO - DAG(s) dict_keys(['latest_only_with_trigger']) retrieved from /home/ubuntu/venv/lib/python3.10/site-packages/airflow/example_dags/example_latest_only_with_trigger.py
[2023-07-09T16:48:18.788+0000] {logging_mixin.py:137} INFO - [2023-07-09T16:48:18.788+0000] {dag.py:2676} INFO - Sync 1 DAGs
[2023-07-09T16:48:18.829+0000] {logging_mixin.py:137} INFO - [2023-07-09T16:48:18.829+0000] {dag.py:3423} INFO - Setting next_dagrun for latest_only_with_trigger to 2023-07-09T12:48:18.829003+00:00, run_after=2023-07-09T16:48:18.829003+00:00
[2023-07-09T16:48:18.851+0000] {processor.py:175} INFO - Processing /home/ubuntu/venv/lib/python3.10/site-packages/airflow/example_dags/example_latest_only_with_trigger.py took 0.206 seconds
[2023-07-09T16:48:49.261+0000] {processor.py:153} INFO - Started process (PID=4316) to work on /home/ubuntu/venv/lib/python3.10/site-packages/airflow/example_dags/example_latest_only_with_trigger.py
[2023-07-09T16:48:49.263+0000] {processor.py:743} INFO - Processing file /home/ubuntu/venv/lib/python3.10/site-packages/airflow/example_dags/example_latest_only_with_trigger.py for tasks to queue
[2023-07-09T16:48:49.263+0000] {logging_mixin.py:137} INFO - [2023-07-09T16:48:49.263+0000] {dagbag.py:538} INFO - Filling up the DagBag from /home/ubuntu/venv/lib/python3.10/site-packages/airflow/example_dags/example_latest_only_with_trigger.py
[2023-07-09T16:48:49.285+0000] {processor.py:753} INFO - DAG(s) dict_keys(['latest_only_with_trigger']) retrieved from /home/ubuntu/venv/lib/python3.10/site-packages/airflow/example_dags/example_latest_only_with_trigger.py
[2023-07-09T16:48:49.349+0000] {logging_mixin.py:137} INFO - [2023-07-09T16:48:49.349+0000] {dag.py:2676} INFO - Sync 1 DAGs
[2023-07-09T16:48:49.385+0000] {logging_mixin.py:137} INFO - [2023-07-09T16:48:49.385+0000] {dag.py:3423} INFO - Setting next_dagrun for latest_only_with_trigger to 2023-07-09T12:48:49.384727+00:00, run_after=2023-07-09T16:48:49.384727+00:00
[2023-07-09T16:48:49.412+0000] {processor.py:175} INFO - Processing /home/ubuntu/venv/lib/python3.10/site-packages/airflow/example_dags/example_latest_only_with_trigger.py took 0.155 seconds
[2023-07-09T16:49:20.534+0000] {processor.py:153} INFO - Started process (PID=4554) to work on /home/ubuntu/venv/lib/python3.10/site-packages/airflow/example_dags/example_latest_only_with_trigger.py
[2023-07-09T16:49:20.535+0000] {processor.py:743} INFO - Processing file /home/ubuntu/venv/lib/python3.10/site-packages/airflow/example_dags/example_latest_only_with_trigger.py for tasks to queue
[2023-07-09T16:49:20.536+0000] {logging_mixin.py:137} INFO - [2023-07-09T16:49:20.536+0000] {dagbag.py:538} INFO - Filling up the DagBag from /home/ubuntu/venv/lib/python3.10/site-packages/airflow/example_dags/example_latest_only_with_trigger.py
[2023-07-09T16:49:20.558+0000] {processor.py:753} INFO - DAG(s) dict_keys(['latest_only_with_trigger']) retrieved from /home/ubuntu/venv/lib/python3.10/site-packages/airflow/example_dags/example_latest_only_with_trigger.py
[2023-07-09T16:49:20.623+0000] {logging_mixin.py:137} INFO - [2023-07-09T16:49:20.622+0000] {dag.py:2676} INFO - Sync 1 DAGs
[2023-07-09T16:49:20.658+0000] {logging_mixin.py:137} INFO - [2023-07-09T16:49:20.658+0000] {dag.py:3423} INFO - Setting next_dagrun for latest_only_with_trigger to 2023-07-09T12:49:20.657903+00:00, run_after=2023-07-09T16:49:20.657903+00:00
[2023-07-09T16:49:20.684+0000] {processor.py:175} INFO - Processing /home/ubuntu/venv/lib/python3.10/site-packages/airflow/example_dags/example_latest_only_with_trigger.py took 0.154 seconds
[2023-07-09T16:49:51.726+0000] {processor.py:153} INFO - Started process (PID=4788) to work on /home/ubuntu/venv/lib/python3.10/site-packages/airflow/example_dags/example_latest_only_with_trigger.py
[2023-07-09T16:49:51.727+0000] {processor.py:743} INFO - Processing file /home/ubuntu/venv/lib/python3.10/site-packages/airflow/example_dags/example_latest_only_with_trigger.py for tasks to queue
[2023-07-09T16:49:51.727+0000] {logging_mixin.py:137} INFO - [2023-07-09T16:49:51.727+0000] {dagbag.py:538} INFO - Filling up the DagBag from /home/ubuntu/venv/lib/python3.10/site-packages/airflow/example_dags/example_latest_only_with_trigger.py
[2023-07-09T16:49:51.746+0000] {processor.py:753} INFO - DAG(s) dict_keys(['latest_only_with_trigger']) retrieved from /home/ubuntu/venv/lib/python3.10/site-packages/airflow/example_dags/example_latest_only_with_trigger.py
[2023-07-09T16:49:51.811+0000] {logging_mixin.py:137} INFO - [2023-07-09T16:49:51.811+0000] {dag.py:2676} INFO - Sync 1 DAGs
[2023-07-09T16:49:51.843+0000] {logging_mixin.py:137} INFO - [2023-07-09T16:49:51.843+0000] {dag.py:3423} INFO - Setting next_dagrun for latest_only_with_trigger to 2023-07-09T12:49:51.843385+00:00, run_after=2023-07-09T16:49:51.843385+00:00
[2023-07-09T16:49:51.867+0000] {processor.py:175} INFO - Processing /home/ubuntu/venv/lib/python3.10/site-packages/airflow/example_dags/example_latest_only_with_trigger.py took 0.147 seconds
[2023-07-09T16:50:22.566+0000] {processor.py:153} INFO - Started process (PID=5023) to work on /home/ubuntu/venv/lib/python3.10/site-packages/airflow/example_dags/example_latest_only_with_trigger.py
[2023-07-09T16:50:22.568+0000] {processor.py:743} INFO - Processing file /home/ubuntu/venv/lib/python3.10/site-packages/airflow/example_dags/example_latest_only_with_trigger.py for tasks to queue
[2023-07-09T16:50:22.569+0000] {logging_mixin.py:137} INFO - [2023-07-09T16:50:22.569+0000] {dagbag.py:538} INFO - Filling up the DagBag from /home/ubuntu/venv/lib/python3.10/site-packages/airflow/example_dags/example_latest_only_with_trigger.py
[2023-07-09T16:50:22.590+0000] {processor.py:753} INFO - DAG(s) dict_keys(['latest_only_with_trigger']) retrieved from /home/ubuntu/venv/lib/python3.10/site-packages/airflow/example_dags/example_latest_only_with_trigger.py
[2023-07-09T16:50:22.662+0000] {logging_mixin.py:137} INFO - [2023-07-09T16:50:22.661+0000] {dag.py:2676} INFO - Sync 1 DAGs
[2023-07-09T16:50:22.697+0000] {logging_mixin.py:137} INFO - [2023-07-09T16:50:22.696+0000] {dag.py:3423} INFO - Setting next_dagrun for latest_only_with_trigger to 2023-07-09T12:50:22.696451+00:00, run_after=2023-07-09T16:50:22.696451+00:00
[2023-07-09T16:50:22.726+0000] {processor.py:175} INFO - Processing /home/ubuntu/venv/lib/python3.10/site-packages/airflow/example_dags/example_latest_only_with_trigger.py took 0.163 seconds
[2023-07-09T16:50:53.382+0000] {processor.py:153} INFO - Started process (PID=5322) to work on /home/ubuntu/venv/lib/python3.10/site-packages/airflow/example_dags/example_latest_only_with_trigger.py
[2023-07-09T16:50:53.383+0000] {processor.py:743} INFO - Processing file /home/ubuntu/venv/lib/python3.10/site-packages/airflow/example_dags/example_latest_only_with_trigger.py for tasks to queue
[2023-07-09T16:50:53.384+0000] {logging_mixin.py:137} INFO - [2023-07-09T16:50:53.384+0000] {dagbag.py:538} INFO - Filling up the DagBag from /home/ubuntu/venv/lib/python3.10/site-packages/airflow/example_dags/example_latest_only_with_trigger.py
[2023-07-09T16:50:53.405+0000] {processor.py:753} INFO - DAG(s) dict_keys(['latest_only_with_trigger']) retrieved from /home/ubuntu/venv/lib/python3.10/site-packages/airflow/example_dags/example_latest_only_with_trigger.py
[2023-07-09T16:50:53.486+0000] {logging_mixin.py:137} INFO - [2023-07-09T16:50:53.486+0000] {dag.py:2676} INFO - Sync 1 DAGs
[2023-07-09T16:50:53.519+0000] {logging_mixin.py:137} INFO - [2023-07-09T16:50:53.519+0000] {dag.py:3423} INFO - Setting next_dagrun for latest_only_with_trigger to 2023-07-09T12:50:53.519092+00:00, run_after=2023-07-09T16:50:53.519092+00:00
[2023-07-09T16:50:53.544+0000] {processor.py:175} INFO - Processing /home/ubuntu/venv/lib/python3.10/site-packages/airflow/example_dags/example_latest_only_with_trigger.py took 0.165 seconds
[2023-07-09T16:54:54.653+0000] {processor.py:153} INFO - Started process (PID=5796) to work on /home/ubuntu/venv/lib/python3.10/site-packages/airflow/example_dags/example_latest_only_with_trigger.py
[2023-07-09T16:54:54.654+0000] {processor.py:743} INFO - Processing file /home/ubuntu/venv/lib/python3.10/site-packages/airflow/example_dags/example_latest_only_with_trigger.py for tasks to queue
[2023-07-09T16:54:54.655+0000] {logging_mixin.py:137} INFO - [2023-07-09T16:54:54.655+0000] {dagbag.py:538} INFO - Filling up the DagBag from /home/ubuntu/venv/lib/python3.10/site-packages/airflow/example_dags/example_latest_only_with_trigger.py
[2023-07-09T16:54:54.674+0000] {processor.py:753} INFO - DAG(s) dict_keys(['latest_only_with_trigger']) retrieved from /home/ubuntu/venv/lib/python3.10/site-packages/airflow/example_dags/example_latest_only_with_trigger.py
[2023-07-09T16:54:54.737+0000] {logging_mixin.py:137} INFO - [2023-07-09T16:54:54.737+0000] {dag.py:2676} INFO - Sync 1 DAGs
[2023-07-09T16:54:54.769+0000] {logging_mixin.py:137} INFO - [2023-07-09T16:54:54.769+0000] {dag.py:3423} INFO - Setting next_dagrun for latest_only_with_trigger to 2023-07-09T12:54:54.769447+00:00, run_after=2023-07-09T16:54:54.769447+00:00
[2023-07-09T16:54:54.799+0000] {processor.py:175} INFO - Processing /home/ubuntu/venv/lib/python3.10/site-packages/airflow/example_dags/example_latest_only_with_trigger.py took 0.150 seconds
[2023-07-09T16:55:24.976+0000] {processor.py:153} INFO - Started process (PID=6053) to work on /home/ubuntu/venv/lib/python3.10/site-packages/airflow/example_dags/example_latest_only_with_trigger.py
[2023-07-09T16:55:24.977+0000] {processor.py:743} INFO - Processing file /home/ubuntu/venv/lib/python3.10/site-packages/airflow/example_dags/example_latest_only_with_trigger.py for tasks to queue
[2023-07-09T16:55:24.978+0000] {logging_mixin.py:137} INFO - [2023-07-09T16:55:24.978+0000] {dagbag.py:538} INFO - Filling up the DagBag from /home/ubuntu/venv/lib/python3.10/site-packages/airflow/example_dags/example_latest_only_with_trigger.py
[2023-07-09T16:55:25.009+0000] {processor.py:753} INFO - DAG(s) dict_keys(['latest_only_with_trigger']) retrieved from /home/ubuntu/venv/lib/python3.10/site-packages/airflow/example_dags/example_latest_only_with_trigger.py
[2023-07-09T16:55:25.086+0000] {logging_mixin.py:137} INFO - [2023-07-09T16:55:25.086+0000] {dag.py:2676} INFO - Sync 1 DAGs
[2023-07-09T16:55:25.118+0000] {logging_mixin.py:137} INFO - [2023-07-09T16:55:25.118+0000] {dag.py:3423} INFO - Setting next_dagrun for latest_only_with_trigger to 2023-07-09T12:55:25.118460+00:00, run_after=2023-07-09T16:55:25.118460+00:00
[2023-07-09T16:55:25.141+0000] {processor.py:175} INFO - Processing /home/ubuntu/venv/lib/python3.10/site-packages/airflow/example_dags/example_latest_only_with_trigger.py took 0.170 seconds
[2023-07-09T16:55:55.497+0000] {processor.py:153} INFO - Started process (PID=6294) to work on /home/ubuntu/venv/lib/python3.10/site-packages/airflow/example_dags/example_latest_only_with_trigger.py
[2023-07-09T16:55:55.500+0000] {processor.py:743} INFO - Processing file /home/ubuntu/venv/lib/python3.10/site-packages/airflow/example_dags/example_latest_only_with_trigger.py for tasks to queue
[2023-07-09T16:55:55.500+0000] {logging_mixin.py:137} INFO - [2023-07-09T16:55:55.500+0000] {dagbag.py:538} INFO - Filling up the DagBag from /home/ubuntu/venv/lib/python3.10/site-packages/airflow/example_dags/example_latest_only_with_trigger.py
[2023-07-09T16:55:55.523+0000] {processor.py:753} INFO - DAG(s) dict_keys(['latest_only_with_trigger']) retrieved from /home/ubuntu/venv/lib/python3.10/site-packages/airflow/example_dags/example_latest_only_with_trigger.py
[2023-07-09T16:55:55.595+0000] {logging_mixin.py:137} INFO - [2023-07-09T16:55:55.595+0000] {dag.py:2676} INFO - Sync 1 DAGs
[2023-07-09T16:55:55.634+0000] {logging_mixin.py:137} INFO - [2023-07-09T16:55:55.633+0000] {dag.py:3423} INFO - Setting next_dagrun for latest_only_with_trigger to 2023-07-09T12:55:55.633600+00:00, run_after=2023-07-09T16:55:55.633600+00:00
[2023-07-09T16:55:55.654+0000] {processor.py:175} INFO - Processing /home/ubuntu/venv/lib/python3.10/site-packages/airflow/example_dags/example_latest_only_with_trigger.py took 0.168 seconds
[2023-07-09T16:56:26.231+0000] {processor.py:153} INFO - Started process (PID=6527) to work on /home/ubuntu/venv/lib/python3.10/site-packages/airflow/example_dags/example_latest_only_with_trigger.py
[2023-07-09T16:56:26.233+0000] {processor.py:743} INFO - Processing file /home/ubuntu/venv/lib/python3.10/site-packages/airflow/example_dags/example_latest_only_with_trigger.py for tasks to queue
[2023-07-09T16:56:26.234+0000] {logging_mixin.py:137} INFO - [2023-07-09T16:56:26.233+0000] {dagbag.py:538} INFO - Filling up the DagBag from /home/ubuntu/venv/lib/python3.10/site-packages/airflow/example_dags/example_latest_only_with_trigger.py
[2023-07-09T16:56:26.255+0000] {processor.py:753} INFO - DAG(s) dict_keys(['latest_only_with_trigger']) retrieved from /home/ubuntu/venv/lib/python3.10/site-packages/airflow/example_dags/example_latest_only_with_trigger.py
[2023-07-09T16:56:26.314+0000] {logging_mixin.py:137} INFO - [2023-07-09T16:56:26.314+0000] {dag.py:2676} INFO - Sync 1 DAGs
[2023-07-09T16:56:26.344+0000] {logging_mixin.py:137} INFO - [2023-07-09T16:56:26.343+0000] {dag.py:3423} INFO - Setting next_dagrun for latest_only_with_trigger to 2023-07-09T12:56:26.343571+00:00, run_after=2023-07-09T16:56:26.343571+00:00
[2023-07-09T16:56:26.370+0000] {processor.py:175} INFO - Processing /home/ubuntu/venv/lib/python3.10/site-packages/airflow/example_dags/example_latest_only_with_trigger.py took 0.144 seconds
[2023-07-09T16:56:57.004+0000] {processor.py:153} INFO - Started process (PID=6784) to work on /home/ubuntu/venv/lib/python3.10/site-packages/airflow/example_dags/example_latest_only_with_trigger.py
[2023-07-09T16:56:57.005+0000] {processor.py:743} INFO - Processing file /home/ubuntu/venv/lib/python3.10/site-packages/airflow/example_dags/example_latest_only_with_trigger.py for tasks to queue
[2023-07-09T16:56:57.006+0000] {logging_mixin.py:137} INFO - [2023-07-09T16:56:57.006+0000] {dagbag.py:538} INFO - Filling up the DagBag from /home/ubuntu/venv/lib/python3.10/site-packages/airflow/example_dags/example_latest_only_with_trigger.py
[2023-07-09T16:56:57.031+0000] {processor.py:753} INFO - DAG(s) dict_keys(['latest_only_with_trigger']) retrieved from /home/ubuntu/venv/lib/python3.10/site-packages/airflow/example_dags/example_latest_only_with_trigger.py
[2023-07-09T16:56:57.104+0000] {logging_mixin.py:137} INFO - [2023-07-09T16:56:57.104+0000] {dag.py:2676} INFO - Sync 1 DAGs
[2023-07-09T16:56:57.142+0000] {logging_mixin.py:137} INFO - [2023-07-09T16:56:57.142+0000] {dag.py:3423} INFO - Setting next_dagrun for latest_only_with_trigger to 2023-07-09T12:56:57.142109+00:00, run_after=2023-07-09T16:56:57.142109+00:00
[2023-07-09T16:56:57.168+0000] {processor.py:175} INFO - Processing /home/ubuntu/venv/lib/python3.10/site-packages/airflow/example_dags/example_latest_only_with_trigger.py took 0.169 seconds
[2023-07-09T16:57:28.188+0000] {processor.py:153} INFO - Started process (PID=7019) to work on /home/ubuntu/venv/lib/python3.10/site-packages/airflow/example_dags/example_latest_only_with_trigger.py
[2023-07-09T16:57:28.189+0000] {processor.py:743} INFO - Processing file /home/ubuntu/venv/lib/python3.10/site-packages/airflow/example_dags/example_latest_only_with_trigger.py for tasks to queue
[2023-07-09T16:57:28.190+0000] {logging_mixin.py:137} INFO - [2023-07-09T16:57:28.190+0000] {dagbag.py:538} INFO - Filling up the DagBag from /home/ubuntu/venv/lib/python3.10/site-packages/airflow/example_dags/example_latest_only_with_trigger.py
[2023-07-09T16:57:28.209+0000] {processor.py:753} INFO - DAG(s) dict_keys(['latest_only_with_trigger']) retrieved from /home/ubuntu/venv/lib/python3.10/site-packages/airflow/example_dags/example_latest_only_with_trigger.py
[2023-07-09T16:57:28.300+0000] {logging_mixin.py:137} INFO - [2023-07-09T16:57:28.300+0000] {dag.py:2676} INFO - Sync 1 DAGs
[2023-07-09T16:57:28.346+0000] {logging_mixin.py:137} INFO - [2023-07-09T16:57:28.345+0000] {dag.py:3423} INFO - Setting next_dagrun for latest_only_with_trigger to 2023-07-09T12:57:28.345282+00:00, run_after=2023-07-09T16:57:28.345282+00:00
[2023-07-09T16:57:28.366+0000] {processor.py:175} INFO - Processing /home/ubuntu/venv/lib/python3.10/site-packages/airflow/example_dags/example_latest_only_with_trigger.py took 0.182 seconds
[2023-07-09T16:57:59.093+0000] {processor.py:153} INFO - Started process (PID=7255) to work on /home/ubuntu/venv/lib/python3.10/site-packages/airflow/example_dags/example_latest_only_with_trigger.py
[2023-07-09T16:57:59.094+0000] {processor.py:743} INFO - Processing file /home/ubuntu/venv/lib/python3.10/site-packages/airflow/example_dags/example_latest_only_with_trigger.py for tasks to queue
[2023-07-09T16:57:59.095+0000] {logging_mixin.py:137} INFO - [2023-07-09T16:57:59.095+0000] {dagbag.py:538} INFO - Filling up the DagBag from /home/ubuntu/venv/lib/python3.10/site-packages/airflow/example_dags/example_latest_only_with_trigger.py
[2023-07-09T16:57:59.115+0000] {processor.py:753} INFO - DAG(s) dict_keys(['latest_only_with_trigger']) retrieved from /home/ubuntu/venv/lib/python3.10/site-packages/airflow/example_dags/example_latest_only_with_trigger.py
[2023-07-09T16:57:59.181+0000] {logging_mixin.py:137} INFO - [2023-07-09T16:57:59.181+0000] {dag.py:2676} INFO - Sync 1 DAGs
[2023-07-09T16:57:59.214+0000] {logging_mixin.py:137} INFO - [2023-07-09T16:57:59.213+0000] {dag.py:3423} INFO - Setting next_dagrun for latest_only_with_trigger to 2023-07-09T12:57:59.213408+00:00, run_after=2023-07-09T16:57:59.213408+00:00
[2023-07-09T16:57:59.263+0000] {processor.py:175} INFO - Processing /home/ubuntu/venv/lib/python3.10/site-packages/airflow/example_dags/example_latest_only_with_trigger.py took 0.174 seconds
[2023-07-09T16:58:30.144+0000] {processor.py:153} INFO - Started process (PID=7490) to work on /home/ubuntu/venv/lib/python3.10/site-packages/airflow/example_dags/example_latest_only_with_trigger.py
[2023-07-09T16:58:30.146+0000] {processor.py:743} INFO - Processing file /home/ubuntu/venv/lib/python3.10/site-packages/airflow/example_dags/example_latest_only_with_trigger.py for tasks to queue
[2023-07-09T16:58:30.147+0000] {logging_mixin.py:137} INFO - [2023-07-09T16:58:30.146+0000] {dagbag.py:538} INFO - Filling up the DagBag from /home/ubuntu/venv/lib/python3.10/site-packages/airflow/example_dags/example_latest_only_with_trigger.py
[2023-07-09T16:58:30.175+0000] {processor.py:753} INFO - DAG(s) dict_keys(['latest_only_with_trigger']) retrieved from /home/ubuntu/venv/lib/python3.10/site-packages/airflow/example_dags/example_latest_only_with_trigger.py
[2023-07-09T16:58:30.254+0000] {logging_mixin.py:137} INFO - [2023-07-09T16:58:30.254+0000] {dag.py:2676} INFO - Sync 1 DAGs
[2023-07-09T16:58:30.285+0000] {logging_mixin.py:137} INFO - [2023-07-09T16:58:30.285+0000] {dag.py:3423} INFO - Setting next_dagrun for latest_only_with_trigger to 2023-07-09T12:58:30.284787+00:00, run_after=2023-07-09T16:58:30.284787+00:00
[2023-07-09T16:58:30.308+0000] {processor.py:175} INFO - Processing /home/ubuntu/venv/lib/python3.10/site-packages/airflow/example_dags/example_latest_only_with_trigger.py took 0.169 seconds
[2023-07-09T16:59:01.946+0000] {processor.py:153} INFO - Started process (PID=7726) to work on /home/ubuntu/venv/lib/python3.10/site-packages/airflow/example_dags/example_latest_only_with_trigger.py
[2023-07-09T16:59:01.948+0000] {processor.py:743} INFO - Processing file /home/ubuntu/venv/lib/python3.10/site-packages/airflow/example_dags/example_latest_only_with_trigger.py for tasks to queue
[2023-07-09T16:59:01.949+0000] {logging_mixin.py:137} INFO - [2023-07-09T16:59:01.949+0000] {dagbag.py:538} INFO - Filling up the DagBag from /home/ubuntu/venv/lib/python3.10/site-packages/airflow/example_dags/example_latest_only_with_trigger.py
[2023-07-09T16:59:01.971+0000] {processor.py:753} INFO - DAG(s) dict_keys(['latest_only_with_trigger']) retrieved from /home/ubuntu/venv/lib/python3.10/site-packages/airflow/example_dags/example_latest_only_with_trigger.py
[2023-07-09T16:59:02.042+0000] {logging_mixin.py:137} INFO - [2023-07-09T16:59:02.041+0000] {dag.py:2676} INFO - Sync 1 DAGs
[2023-07-09T16:59:02.078+0000] {logging_mixin.py:137} INFO - [2023-07-09T16:59:02.078+0000] {dag.py:3423} INFO - Setting next_dagrun for latest_only_with_trigger to 2023-07-09T12:59:02.077638+00:00, run_after=2023-07-09T16:59:02.077638+00:00
[2023-07-09T16:59:02.293+0000] {processor.py:175} INFO - Processing /home/ubuntu/venv/lib/python3.10/site-packages/airflow/example_dags/example_latest_only_with_trigger.py took 0.353 seconds
[2023-07-09T16:59:32.895+0000] {processor.py:153} INFO - Started process (PID=7963) to work on /home/ubuntu/venv/lib/python3.10/site-packages/airflow/example_dags/example_latest_only_with_trigger.py
[2023-07-09T16:59:32.896+0000] {processor.py:743} INFO - Processing file /home/ubuntu/venv/lib/python3.10/site-packages/airflow/example_dags/example_latest_only_with_trigger.py for tasks to queue
[2023-07-09T16:59:32.897+0000] {logging_mixin.py:137} INFO - [2023-07-09T16:59:32.897+0000] {dagbag.py:538} INFO - Filling up the DagBag from /home/ubuntu/venv/lib/python3.10/site-packages/airflow/example_dags/example_latest_only_with_trigger.py
[2023-07-09T16:59:32.918+0000] {processor.py:753} INFO - DAG(s) dict_keys(['latest_only_with_trigger']) retrieved from /home/ubuntu/venv/lib/python3.10/site-packages/airflow/example_dags/example_latest_only_with_trigger.py
[2023-07-09T16:59:32.981+0000] {logging_mixin.py:137} INFO - [2023-07-09T16:59:32.981+0000] {dag.py:2676} INFO - Sync 1 DAGs
[2023-07-09T16:59:33.285+0000] {logging_mixin.py:137} INFO - [2023-07-09T16:59:33.285+0000] {dag.py:3423} INFO - Setting next_dagrun for latest_only_with_trigger to 2023-07-09T12:59:33.284729+00:00, run_after=2023-07-09T16:59:33.284729+00:00
[2023-07-09T16:59:33.313+0000] {processor.py:175} INFO - Processing /home/ubuntu/venv/lib/python3.10/site-packages/airflow/example_dags/example_latest_only_with_trigger.py took 0.423 seconds
[2023-07-09T17:00:31.480+0000] {processor.py:153} INFO - Started process (PID=8628) to work on /home/ubuntu/venv/lib/python3.10/site-packages/airflow/example_dags/example_latest_only_with_trigger.py
[2023-07-09T17:00:31.482+0000] {processor.py:743} INFO - Processing file /home/ubuntu/venv/lib/python3.10/site-packages/airflow/example_dags/example_latest_only_with_trigger.py for tasks to queue
[2023-07-09T17:00:31.482+0000] {logging_mixin.py:137} INFO - [2023-07-09T17:00:31.482+0000] {dagbag.py:538} INFO - Filling up the DagBag from /home/ubuntu/venv/lib/python3.10/site-packages/airflow/example_dags/example_latest_only_with_trigger.py
[2023-07-09T17:00:31.501+0000] {processor.py:753} INFO - DAG(s) dict_keys(['latest_only_with_trigger']) retrieved from /home/ubuntu/venv/lib/python3.10/site-packages/airflow/example_dags/example_latest_only_with_trigger.py
[2023-07-09T17:00:31.562+0000] {logging_mixin.py:137} INFO - [2023-07-09T17:00:31.562+0000] {dag.py:2676} INFO - Sync 1 DAGs
[2023-07-09T17:00:31.596+0000] {logging_mixin.py:137} INFO - [2023-07-09T17:00:31.596+0000] {dag.py:3423} INFO - Setting next_dagrun for latest_only_with_trigger to 2023-07-09T13:00:31.595950+00:00, run_after=2023-07-09T17:00:31.595950+00:00
[2023-07-09T17:00:31.619+0000] {processor.py:175} INFO - Processing /home/ubuntu/venv/lib/python3.10/site-packages/airflow/example_dags/example_latest_only_with_trigger.py took 0.143 seconds
[2023-07-09T17:01:02.662+0000] {processor.py:153} INFO - Started process (PID=8885) to work on /home/ubuntu/venv/lib/python3.10/site-packages/airflow/example_dags/example_latest_only_with_trigger.py
[2023-07-09T17:01:02.664+0000] {processor.py:743} INFO - Processing file /home/ubuntu/venv/lib/python3.10/site-packages/airflow/example_dags/example_latest_only_with_trigger.py for tasks to queue
[2023-07-09T17:01:02.664+0000] {logging_mixin.py:137} INFO - [2023-07-09T17:01:02.664+0000] {dagbag.py:538} INFO - Filling up the DagBag from /home/ubuntu/venv/lib/python3.10/site-packages/airflow/example_dags/example_latest_only_with_trigger.py
[2023-07-09T17:01:02.686+0000] {processor.py:753} INFO - DAG(s) dict_keys(['latest_only_with_trigger']) retrieved from /home/ubuntu/venv/lib/python3.10/site-packages/airflow/example_dags/example_latest_only_with_trigger.py
[2023-07-09T17:01:02.773+0000] {logging_mixin.py:137} INFO - [2023-07-09T17:01:02.772+0000] {dag.py:2676} INFO - Sync 1 DAGs
[2023-07-09T17:01:02.805+0000] {logging_mixin.py:137} INFO - [2023-07-09T17:01:02.805+0000] {dag.py:3423} INFO - Setting next_dagrun for latest_only_with_trigger to 2023-07-09T13:01:02.804745+00:00, run_after=2023-07-09T17:01:02.804745+00:00
[2023-07-09T17:01:02.831+0000] {processor.py:175} INFO - Processing /home/ubuntu/venv/lib/python3.10/site-packages/airflow/example_dags/example_latest_only_with_trigger.py took 0.176 seconds
[2023-07-09T17:01:33.582+0000] {processor.py:153} INFO - Started process (PID=9120) to work on /home/ubuntu/venv/lib/python3.10/site-packages/airflow/example_dags/example_latest_only_with_trigger.py
[2023-07-09T17:01:33.583+0000] {processor.py:743} INFO - Processing file /home/ubuntu/venv/lib/python3.10/site-packages/airflow/example_dags/example_latest_only_with_trigger.py for tasks to queue
[2023-07-09T17:01:33.584+0000] {logging_mixin.py:137} INFO - [2023-07-09T17:01:33.584+0000] {dagbag.py:538} INFO - Filling up the DagBag from /home/ubuntu/venv/lib/python3.10/site-packages/airflow/example_dags/example_latest_only_with_trigger.py
[2023-07-09T17:01:33.607+0000] {processor.py:753} INFO - DAG(s) dict_keys(['latest_only_with_trigger']) retrieved from /home/ubuntu/venv/lib/python3.10/site-packages/airflow/example_dags/example_latest_only_with_trigger.py
[2023-07-09T17:01:33.675+0000] {logging_mixin.py:137} INFO - [2023-07-09T17:01:33.675+0000] {dag.py:2676} INFO - Sync 1 DAGs
[2023-07-09T17:01:33.708+0000] {logging_mixin.py:137} INFO - [2023-07-09T17:01:33.707+0000] {dag.py:3423} INFO - Setting next_dagrun for latest_only_with_trigger to 2023-07-09T13:01:33.707710+00:00, run_after=2023-07-09T17:01:33.707710+00:00
[2023-07-09T17:01:33.730+0000] {processor.py:175} INFO - Processing /home/ubuntu/venv/lib/python3.10/site-packages/airflow/example_dags/example_latest_only_with_trigger.py took 0.153 seconds
[2023-07-09T17:02:04.462+0000] {processor.py:153} INFO - Started process (PID=9377) to work on /home/ubuntu/venv/lib/python3.10/site-packages/airflow/example_dags/example_latest_only_with_trigger.py
[2023-07-09T17:02:04.465+0000] {processor.py:743} INFO - Processing file /home/ubuntu/venv/lib/python3.10/site-packages/airflow/example_dags/example_latest_only_with_trigger.py for tasks to queue
[2023-07-09T17:02:04.466+0000] {logging_mixin.py:137} INFO - [2023-07-09T17:02:04.466+0000] {dagbag.py:538} INFO - Filling up the DagBag from /home/ubuntu/venv/lib/python3.10/site-packages/airflow/example_dags/example_latest_only_with_trigger.py
[2023-07-09T17:02:04.487+0000] {processor.py:753} INFO - DAG(s) dict_keys(['latest_only_with_trigger']) retrieved from /home/ubuntu/venv/lib/python3.10/site-packages/airflow/example_dags/example_latest_only_with_trigger.py
[2023-07-09T17:02:04.551+0000] {logging_mixin.py:137} INFO - [2023-07-09T17:02:04.551+0000] {dag.py:2676} INFO - Sync 1 DAGs
[2023-07-09T17:02:04.583+0000] {logging_mixin.py:137} INFO - [2023-07-09T17:02:04.583+0000] {dag.py:3423} INFO - Setting next_dagrun for latest_only_with_trigger to 2023-07-09T13:02:04.582824+00:00, run_after=2023-07-09T17:02:04.582824+00:00
[2023-07-09T17:02:04.609+0000] {processor.py:175} INFO - Processing /home/ubuntu/venv/lib/python3.10/site-packages/airflow/example_dags/example_latest_only_with_trigger.py took 0.152 seconds
[2023-07-09T17:02:35.371+0000] {processor.py:153} INFO - Started process (PID=9613) to work on /home/ubuntu/venv/lib/python3.10/site-packages/airflow/example_dags/example_latest_only_with_trigger.py
[2023-07-09T17:02:35.373+0000] {processor.py:743} INFO - Processing file /home/ubuntu/venv/lib/python3.10/site-packages/airflow/example_dags/example_latest_only_with_trigger.py for tasks to queue
[2023-07-09T17:02:35.373+0000] {logging_mixin.py:137} INFO - [2023-07-09T17:02:35.373+0000] {dagbag.py:538} INFO - Filling up the DagBag from /home/ubuntu/venv/lib/python3.10/site-packages/airflow/example_dags/example_latest_only_with_trigger.py
[2023-07-09T17:02:35.393+0000] {processor.py:753} INFO - DAG(s) dict_keys(['latest_only_with_trigger']) retrieved from /home/ubuntu/venv/lib/python3.10/site-packages/airflow/example_dags/example_latest_only_with_trigger.py
[2023-07-09T17:02:35.456+0000] {logging_mixin.py:137} INFO - [2023-07-09T17:02:35.456+0000] {dag.py:2676} INFO - Sync 1 DAGs
[2023-07-09T17:02:35.492+0000] {logging_mixin.py:137} INFO - [2023-07-09T17:02:35.492+0000] {dag.py:3423} INFO - Setting next_dagrun for latest_only_with_trigger to 2023-07-09T13:02:35.492219+00:00, run_after=2023-07-09T17:02:35.492219+00:00
[2023-07-09T17:02:35.523+0000] {processor.py:175} INFO - Processing /home/ubuntu/venv/lib/python3.10/site-packages/airflow/example_dags/example_latest_only_with_trigger.py took 0.157 seconds
[2023-07-09T17:03:06.243+0000] {processor.py:153} INFO - Started process (PID=9851) to work on /home/ubuntu/venv/lib/python3.10/site-packages/airflow/example_dags/example_latest_only_with_trigger.py
[2023-07-09T17:03:06.245+0000] {processor.py:743} INFO - Processing file /home/ubuntu/venv/lib/python3.10/site-packages/airflow/example_dags/example_latest_only_with_trigger.py for tasks to queue
[2023-07-09T17:03:06.246+0000] {logging_mixin.py:137} INFO - [2023-07-09T17:03:06.246+0000] {dagbag.py:538} INFO - Filling up the DagBag from /home/ubuntu/venv/lib/python3.10/site-packages/airflow/example_dags/example_latest_only_with_trigger.py
[2023-07-09T17:03:06.267+0000] {processor.py:753} INFO - DAG(s) dict_keys(['latest_only_with_trigger']) retrieved from /home/ubuntu/venv/lib/python3.10/site-packages/airflow/example_dags/example_latest_only_with_trigger.py
[2023-07-09T17:03:06.333+0000] {logging_mixin.py:137} INFO - [2023-07-09T17:03:06.332+0000] {dag.py:2676} INFO - Sync 1 DAGs
[2023-07-09T17:03:06.365+0000] {logging_mixin.py:137} INFO - [2023-07-09T17:03:06.365+0000] {dag.py:3423} INFO - Setting next_dagrun for latest_only_with_trigger to 2023-07-09T13:03:06.364758+00:00, run_after=2023-07-09T17:03:06.364758+00:00
[2023-07-09T17:03:06.390+0000] {processor.py:175} INFO - Processing /home/ubuntu/venv/lib/python3.10/site-packages/airflow/example_dags/example_latest_only_with_trigger.py took 0.152 seconds
[2023-07-09T17:03:37.345+0000] {processor.py:153} INFO - Started process (PID=10084) to work on /home/ubuntu/venv/lib/python3.10/site-packages/airflow/example_dags/example_latest_only_with_trigger.py
[2023-07-09T17:03:37.347+0000] {processor.py:743} INFO - Processing file /home/ubuntu/venv/lib/python3.10/site-packages/airflow/example_dags/example_latest_only_with_trigger.py for tasks to queue
[2023-07-09T17:03:37.348+0000] {logging_mixin.py:137} INFO - [2023-07-09T17:03:37.348+0000] {dagbag.py:538} INFO - Filling up the DagBag from /home/ubuntu/venv/lib/python3.10/site-packages/airflow/example_dags/example_latest_only_with_trigger.py
[2023-07-09T17:03:37.368+0000] {processor.py:753} INFO - DAG(s) dict_keys(['latest_only_with_trigger']) retrieved from /home/ubuntu/venv/lib/python3.10/site-packages/airflow/example_dags/example_latest_only_with_trigger.py
[2023-07-09T17:03:37.438+0000] {logging_mixin.py:137} INFO - [2023-07-09T17:03:37.438+0000] {dag.py:2676} INFO - Sync 1 DAGs
[2023-07-09T17:03:37.478+0000] {logging_mixin.py:137} INFO - [2023-07-09T17:03:37.478+0000] {dag.py:3423} INFO - Setting next_dagrun for latest_only_with_trigger to 2023-07-09T13:03:37.478050+00:00, run_after=2023-07-09T17:03:37.478050+00:00
[2023-07-09T17:03:37.502+0000] {processor.py:175} INFO - Processing /home/ubuntu/venv/lib/python3.10/site-packages/airflow/example_dags/example_latest_only_with_trigger.py took 0.162 seconds
[2023-07-09T17:04:08.143+0000] {processor.py:153} INFO - Started process (PID=10319) to work on /home/ubuntu/venv/lib/python3.10/site-packages/airflow/example_dags/example_latest_only_with_trigger.py
[2023-07-09T17:04:08.144+0000] {processor.py:743} INFO - Processing file /home/ubuntu/venv/lib/python3.10/site-packages/airflow/example_dags/example_latest_only_with_trigger.py for tasks to queue
[2023-07-09T17:04:08.145+0000] {logging_mixin.py:137} INFO - [2023-07-09T17:04:08.145+0000] {dagbag.py:538} INFO - Filling up the DagBag from /home/ubuntu/venv/lib/python3.10/site-packages/airflow/example_dags/example_latest_only_with_trigger.py
[2023-07-09T17:04:08.169+0000] {processor.py:753} INFO - DAG(s) dict_keys(['latest_only_with_trigger']) retrieved from /home/ubuntu/venv/lib/python3.10/site-packages/airflow/example_dags/example_latest_only_with_trigger.py
[2023-07-09T17:04:08.245+0000] {logging_mixin.py:137} INFO - [2023-07-09T17:04:08.244+0000] {dag.py:2676} INFO - Sync 1 DAGs
[2023-07-09T17:04:08.278+0000] {logging_mixin.py:137} INFO - [2023-07-09T17:04:08.278+0000] {dag.py:3423} INFO - Setting next_dagrun for latest_only_with_trigger to 2023-07-09T13:04:08.277789+00:00, run_after=2023-07-09T17:04:08.277789+00:00
[2023-07-09T17:04:08.304+0000] {processor.py:175} INFO - Processing /home/ubuntu/venv/lib/python3.10/site-packages/airflow/example_dags/example_latest_only_with_trigger.py took 0.165 seconds
[2023-07-09T17:04:39.291+0000] {processor.py:153} INFO - Started process (PID=10555) to work on /home/ubuntu/venv/lib/python3.10/site-packages/airflow/example_dags/example_latest_only_with_trigger.py
[2023-07-09T17:04:39.293+0000] {processor.py:743} INFO - Processing file /home/ubuntu/venv/lib/python3.10/site-packages/airflow/example_dags/example_latest_only_with_trigger.py for tasks to queue
[2023-07-09T17:04:39.294+0000] {logging_mixin.py:137} INFO - [2023-07-09T17:04:39.294+0000] {dagbag.py:538} INFO - Filling up the DagBag from /home/ubuntu/venv/lib/python3.10/site-packages/airflow/example_dags/example_latest_only_with_trigger.py
[2023-07-09T17:04:39.320+0000] {processor.py:753} INFO - DAG(s) dict_keys(['latest_only_with_trigger']) retrieved from /home/ubuntu/venv/lib/python3.10/site-packages/airflow/example_dags/example_latest_only_with_trigger.py
[2023-07-09T17:04:39.393+0000] {logging_mixin.py:137} INFO - [2023-07-09T17:04:39.393+0000] {dag.py:2676} INFO - Sync 1 DAGs
[2023-07-09T17:04:39.433+0000] {logging_mixin.py:137} INFO - [2023-07-09T17:04:39.433+0000] {dag.py:3423} INFO - Setting next_dagrun for latest_only_with_trigger to 2023-07-09T13:04:39.433169+00:00, run_after=2023-07-09T17:04:39.433169+00:00
[2023-07-09T17:04:39.671+0000] {processor.py:175} INFO - Processing /home/ubuntu/venv/lib/python3.10/site-packages/airflow/example_dags/example_latest_only_with_trigger.py took 0.394 seconds
[2023-07-09T17:06:02.476+0000] {processor.py:153} INFO - Started process (PID=11127) to work on /home/ubuntu/venv/lib/python3.10/site-packages/airflow/example_dags/example_latest_only_with_trigger.py
[2023-07-09T17:06:02.484+0000] {processor.py:743} INFO - Processing file /home/ubuntu/venv/lib/python3.10/site-packages/airflow/example_dags/example_latest_only_with_trigger.py for tasks to queue
[2023-07-09T17:06:02.485+0000] {logging_mixin.py:137} INFO - [2023-07-09T17:06:02.485+0000] {dagbag.py:538} INFO - Filling up the DagBag from /home/ubuntu/venv/lib/python3.10/site-packages/airflow/example_dags/example_latest_only_with_trigger.py
[2023-07-09T17:06:02.586+0000] {processor.py:753} INFO - DAG(s) dict_keys(['latest_only_with_trigger']) retrieved from /home/ubuntu/venv/lib/python3.10/site-packages/airflow/example_dags/example_latest_only_with_trigger.py
[2023-07-09T17:06:02.869+0000] {logging_mixin.py:137} INFO - [2023-07-09T17:06:02.868+0000] {dag.py:2676} INFO - Sync 1 DAGs
[2023-07-09T17:06:02.937+0000] {logging_mixin.py:137} INFO - [2023-07-09T17:06:02.937+0000] {dag.py:3423} INFO - Setting next_dagrun for latest_only_with_trigger to 2023-07-09T13:06:02.936991+00:00, run_after=2023-07-09T17:06:02.936991+00:00
[2023-07-09T17:06:03.036+0000] {processor.py:175} INFO - Processing /home/ubuntu/venv/lib/python3.10/site-packages/airflow/example_dags/example_latest_only_with_trigger.py took 0.566 seconds
[2023-07-09T17:06:33.251+0000] {processor.py:153} INFO - Started process (PID=11385) to work on /home/ubuntu/venv/lib/python3.10/site-packages/airflow/example_dags/example_latest_only_with_trigger.py
[2023-07-09T17:06:33.253+0000] {processor.py:743} INFO - Processing file /home/ubuntu/venv/lib/python3.10/site-packages/airflow/example_dags/example_latest_only_with_trigger.py for tasks to queue
[2023-07-09T17:06:33.253+0000] {logging_mixin.py:137} INFO - [2023-07-09T17:06:33.253+0000] {dagbag.py:538} INFO - Filling up the DagBag from /home/ubuntu/venv/lib/python3.10/site-packages/airflow/example_dags/example_latest_only_with_trigger.py
[2023-07-09T17:06:33.270+0000] {processor.py:753} INFO - DAG(s) dict_keys(['latest_only_with_trigger']) retrieved from /home/ubuntu/venv/lib/python3.10/site-packages/airflow/example_dags/example_latest_only_with_trigger.py
[2023-07-09T17:06:33.328+0000] {logging_mixin.py:137} INFO - [2023-07-09T17:06:33.328+0000] {dag.py:2676} INFO - Sync 1 DAGs
[2023-07-09T17:06:33.359+0000] {logging_mixin.py:137} INFO - [2023-07-09T17:06:33.359+0000] {dag.py:3423} INFO - Setting next_dagrun for latest_only_with_trigger to 2023-07-09T13:06:33.359066+00:00, run_after=2023-07-09T17:06:33.359066+00:00
[2023-07-09T17:06:33.379+0000] {processor.py:175} INFO - Processing /home/ubuntu/venv/lib/python3.10/site-packages/airflow/example_dags/example_latest_only_with_trigger.py took 0.132 seconds
[2023-07-09T17:07:27.525+0000] {processor.py:153} INFO - Started process (PID=11861) to work on /home/ubuntu/venv/lib/python3.10/site-packages/airflow/example_dags/example_latest_only_with_trigger.py
[2023-07-09T17:07:27.527+0000] {processor.py:743} INFO - Processing file /home/ubuntu/venv/lib/python3.10/site-packages/airflow/example_dags/example_latest_only_with_trigger.py for tasks to queue
[2023-07-09T17:07:27.528+0000] {logging_mixin.py:137} INFO - [2023-07-09T17:07:27.527+0000] {dagbag.py:538} INFO - Filling up the DagBag from /home/ubuntu/venv/lib/python3.10/site-packages/airflow/example_dags/example_latest_only_with_trigger.py
[2023-07-09T17:07:27.548+0000] {processor.py:753} INFO - DAG(s) dict_keys(['latest_only_with_trigger']) retrieved from /home/ubuntu/venv/lib/python3.10/site-packages/airflow/example_dags/example_latest_only_with_trigger.py
[2023-07-09T17:07:27.629+0000] {logging_mixin.py:137} INFO - [2023-07-09T17:07:27.629+0000] {dag.py:2676} INFO - Sync 1 DAGs
[2023-07-09T17:07:27.678+0000] {logging_mixin.py:137} INFO - [2023-07-09T17:07:27.678+0000] {dag.py:3423} INFO - Setting next_dagrun for latest_only_with_trigger to 2023-07-09T13:07:27.678233+00:00, run_after=2023-07-09T17:07:27.678233+00:00
[2023-07-09T17:07:27.727+0000] {processor.py:175} INFO - Processing /home/ubuntu/venv/lib/python3.10/site-packages/airflow/example_dags/example_latest_only_with_trigger.py took 0.208 seconds
[2023-07-09T17:07:58.357+0000] {processor.py:153} INFO - Started process (PID=12115) to work on /home/ubuntu/venv/lib/python3.10/site-packages/airflow/example_dags/example_latest_only_with_trigger.py
[2023-07-09T17:07:58.359+0000] {processor.py:743} INFO - Processing file /home/ubuntu/venv/lib/python3.10/site-packages/airflow/example_dags/example_latest_only_with_trigger.py for tasks to queue
[2023-07-09T17:07:58.359+0000] {logging_mixin.py:137} INFO - [2023-07-09T17:07:58.359+0000] {dagbag.py:538} INFO - Filling up the DagBag from /home/ubuntu/venv/lib/python3.10/site-packages/airflow/example_dags/example_latest_only_with_trigger.py
[2023-07-09T17:07:58.379+0000] {processor.py:753} INFO - DAG(s) dict_keys(['latest_only_with_trigger']) retrieved from /home/ubuntu/venv/lib/python3.10/site-packages/airflow/example_dags/example_latest_only_with_trigger.py
[2023-07-09T17:07:58.447+0000] {logging_mixin.py:137} INFO - [2023-07-09T17:07:58.446+0000] {dag.py:2676} INFO - Sync 1 DAGs
[2023-07-09T17:07:58.493+0000] {logging_mixin.py:137} INFO - [2023-07-09T17:07:58.493+0000] {dag.py:3423} INFO - Setting next_dagrun for latest_only_with_trigger to 2023-07-09T13:07:58.492813+00:00, run_after=2023-07-09T17:07:58.492813+00:00
[2023-07-09T17:07:58.524+0000] {processor.py:175} INFO - Processing /home/ubuntu/venv/lib/python3.10/site-packages/airflow/example_dags/example_latest_only_with_trigger.py took 0.172 seconds
[2023-07-09T17:08:29.316+0000] {processor.py:153} INFO - Started process (PID=12351) to work on /home/ubuntu/venv/lib/python3.10/site-packages/airflow/example_dags/example_latest_only_with_trigger.py
[2023-07-09T17:08:29.317+0000] {processor.py:743} INFO - Processing file /home/ubuntu/venv/lib/python3.10/site-packages/airflow/example_dags/example_latest_only_with_trigger.py for tasks to queue
[2023-07-09T17:08:29.318+0000] {logging_mixin.py:137} INFO - [2023-07-09T17:08:29.318+0000] {dagbag.py:538} INFO - Filling up the DagBag from /home/ubuntu/venv/lib/python3.10/site-packages/airflow/example_dags/example_latest_only_with_trigger.py
[2023-07-09T17:08:29.338+0000] {processor.py:753} INFO - DAG(s) dict_keys(['latest_only_with_trigger']) retrieved from /home/ubuntu/venv/lib/python3.10/site-packages/airflow/example_dags/example_latest_only_with_trigger.py
[2023-07-09T17:08:29.405+0000] {logging_mixin.py:137} INFO - [2023-07-09T17:08:29.404+0000] {dag.py:2676} INFO - Sync 1 DAGs
[2023-07-09T17:08:29.448+0000] {logging_mixin.py:137} INFO - [2023-07-09T17:08:29.448+0000] {dag.py:3423} INFO - Setting next_dagrun for latest_only_with_trigger to 2023-07-09T13:08:29.447987+00:00, run_after=2023-07-09T17:08:29.447987+00:00
[2023-07-09T17:08:29.476+0000] {processor.py:175} INFO - Processing /home/ubuntu/venv/lib/python3.10/site-packages/airflow/example_dags/example_latest_only_with_trigger.py took 0.165 seconds
[2023-07-09T17:09:06.574+0000] {processor.py:153} INFO - Started process (PID=12806) to work on /home/ubuntu/venv/lib/python3.10/site-packages/airflow/example_dags/example_latest_only_with_trigger.py
[2023-07-09T17:09:06.576+0000] {processor.py:743} INFO - Processing file /home/ubuntu/venv/lib/python3.10/site-packages/airflow/example_dags/example_latest_only_with_trigger.py for tasks to queue
[2023-07-09T17:09:06.577+0000] {logging_mixin.py:137} INFO - [2023-07-09T17:09:06.577+0000] {dagbag.py:538} INFO - Filling up the DagBag from /home/ubuntu/venv/lib/python3.10/site-packages/airflow/example_dags/example_latest_only_with_trigger.py
[2023-07-09T17:09:06.606+0000] {processor.py:753} INFO - DAG(s) dict_keys(['latest_only_with_trigger']) retrieved from /home/ubuntu/venv/lib/python3.10/site-packages/airflow/example_dags/example_latest_only_with_trigger.py
[2023-07-09T17:09:06.669+0000] {logging_mixin.py:137} INFO - [2023-07-09T17:09:06.669+0000] {dag.py:2676} INFO - Sync 1 DAGs
[2023-07-09T17:09:06.703+0000] {logging_mixin.py:137} INFO - [2023-07-09T17:09:06.703+0000] {dag.py:3423} INFO - Setting next_dagrun for latest_only_with_trigger to 2023-07-09T13:09:06.702983+00:00, run_after=2023-07-09T17:09:06.702983+00:00
[2023-07-09T17:09:06.725+0000] {processor.py:175} INFO - Processing /home/ubuntu/venv/lib/python3.10/site-packages/airflow/example_dags/example_latest_only_with_trigger.py took 0.155 seconds
[2023-07-09T17:09:37.060+0000] {processor.py:153} INFO - Started process (PID=13082) to work on /home/ubuntu/venv/lib/python3.10/site-packages/airflow/example_dags/example_latest_only_with_trigger.py
[2023-07-09T17:09:37.061+0000] {processor.py:743} INFO - Processing file /home/ubuntu/venv/lib/python3.10/site-packages/airflow/example_dags/example_latest_only_with_trigger.py for tasks to queue
[2023-07-09T17:09:37.062+0000] {logging_mixin.py:137} INFO - [2023-07-09T17:09:37.062+0000] {dagbag.py:538} INFO - Filling up the DagBag from /home/ubuntu/venv/lib/python3.10/site-packages/airflow/example_dags/example_latest_only_with_trigger.py
[2023-07-09T17:09:37.084+0000] {processor.py:753} INFO - DAG(s) dict_keys(['latest_only_with_trigger']) retrieved from /home/ubuntu/venv/lib/python3.10/site-packages/airflow/example_dags/example_latest_only_with_trigger.py
[2023-07-09T17:09:37.155+0000] {logging_mixin.py:137} INFO - [2023-07-09T17:09:37.155+0000] {dag.py:2676} INFO - Sync 1 DAGs
[2023-07-09T17:09:37.188+0000] {logging_mixin.py:137} INFO - [2023-07-09T17:09:37.188+0000] {dag.py:3423} INFO - Setting next_dagrun for latest_only_with_trigger to 2023-07-09T13:09:37.188087+00:00, run_after=2023-07-09T17:09:37.188087+00:00
[2023-07-09T17:09:37.215+0000] {processor.py:175} INFO - Processing /home/ubuntu/venv/lib/python3.10/site-packages/airflow/example_dags/example_latest_only_with_trigger.py took 0.160 seconds
[2023-07-09T17:10:08.013+0000] {processor.py:153} INFO - Started process (PID=13318) to work on /home/ubuntu/venv/lib/python3.10/site-packages/airflow/example_dags/example_latest_only_with_trigger.py
[2023-07-09T17:10:08.014+0000] {processor.py:743} INFO - Processing file /home/ubuntu/venv/lib/python3.10/site-packages/airflow/example_dags/example_latest_only_with_trigger.py for tasks to queue
[2023-07-09T17:10:08.015+0000] {logging_mixin.py:137} INFO - [2023-07-09T17:10:08.015+0000] {dagbag.py:538} INFO - Filling up the DagBag from /home/ubuntu/venv/lib/python3.10/site-packages/airflow/example_dags/example_latest_only_with_trigger.py
[2023-07-09T17:10:08.035+0000] {processor.py:753} INFO - DAG(s) dict_keys(['latest_only_with_trigger']) retrieved from /home/ubuntu/venv/lib/python3.10/site-packages/airflow/example_dags/example_latest_only_with_trigger.py
[2023-07-09T17:10:08.098+0000] {logging_mixin.py:137} INFO - [2023-07-09T17:10:08.097+0000] {dag.py:2676} INFO - Sync 1 DAGs
[2023-07-09T17:10:08.130+0000] {logging_mixin.py:137} INFO - [2023-07-09T17:10:08.130+0000] {dag.py:3423} INFO - Setting next_dagrun for latest_only_with_trigger to 2023-07-09T13:10:08.129858+00:00, run_after=2023-07-09T17:10:08.129858+00:00
[2023-07-09T17:10:08.163+0000] {processor.py:175} INFO - Processing /home/ubuntu/venv/lib/python3.10/site-packages/airflow/example_dags/example_latest_only_with_trigger.py took 0.154 seconds
