[2023-07-09T15:46:34.412+0000] {processor.py:153} INFO - Started process (PID=1365) to work on /home/ubuntu/venv/lib/python3.10/site-packages/airflow/example_dags/example_skip_dag.py
[2023-07-09T15:46:34.413+0000] {processor.py:743} INFO - Processing file /home/ubuntu/venv/lib/python3.10/site-packages/airflow/example_dags/example_skip_dag.py for tasks to queue
[2023-07-09T15:46:34.421+0000] {logging_mixin.py:137} INFO - [2023-07-09T15:46:34.414+0000] {dagbag.py:538} INFO - Filling up the DagBag from /home/ubuntu/venv/lib/python3.10/site-packages/airflow/example_dags/example_skip_dag.py
[2023-07-09T15:46:34.448+0000] {processor.py:753} INFO - DAG(s) dict_keys(['example_skip_dag']) retrieved from /home/ubuntu/venv/lib/python3.10/site-packages/airflow/example_dags/example_skip_dag.py
[2023-07-09T15:46:34.536+0000] {logging_mixin.py:137} INFO - [2023-07-09T15:46:34.535+0000] {dag.py:2676} INFO - Sync 1 DAGs
[2023-07-09T15:46:34.577+0000] {logging_mixin.py:137} INFO - [2023-07-09T15:46:34.577+0000] {dag.py:3423} INFO - Setting next_dagrun for example_skip_dag to 2023-07-08T15:46:34.576562+00:00, run_after=2023-07-09T15:46:34.576562+00:00
[2023-07-09T15:46:34.603+0000] {processor.py:175} INFO - Processing /home/ubuntu/venv/lib/python3.10/site-packages/airflow/example_dags/example_skip_dag.py took 0.195 seconds
[2023-07-09T15:47:05.118+0000] {processor.py:153} INFO - Started process (PID=1607) to work on /home/ubuntu/venv/lib/python3.10/site-packages/airflow/example_dags/example_skip_dag.py
[2023-07-09T15:47:05.120+0000] {processor.py:743} INFO - Processing file /home/ubuntu/venv/lib/python3.10/site-packages/airflow/example_dags/example_skip_dag.py for tasks to queue
[2023-07-09T15:47:05.121+0000] {logging_mixin.py:137} INFO - [2023-07-09T15:47:05.121+0000] {dagbag.py:538} INFO - Filling up the DagBag from /home/ubuntu/venv/lib/python3.10/site-packages/airflow/example_dags/example_skip_dag.py
[2023-07-09T15:47:05.159+0000] {processor.py:753} INFO - DAG(s) dict_keys(['example_skip_dag']) retrieved from /home/ubuntu/venv/lib/python3.10/site-packages/airflow/example_dags/example_skip_dag.py
[2023-07-09T15:47:05.261+0000] {logging_mixin.py:137} INFO - [2023-07-09T15:47:05.261+0000] {dag.py:2676} INFO - Sync 1 DAGs
[2023-07-09T15:47:05.312+0000] {logging_mixin.py:137} INFO - [2023-07-09T15:47:05.311+0000] {dag.py:3423} INFO - Setting next_dagrun for example_skip_dag to 2023-07-08T15:47:05.311585+00:00, run_after=2023-07-09T15:47:05.311585+00:00
[2023-07-09T15:47:05.346+0000] {processor.py:175} INFO - Processing /home/ubuntu/venv/lib/python3.10/site-packages/airflow/example_dags/example_skip_dag.py took 0.239 seconds
[2023-07-09T15:49:53.089+0000] {processor.py:153} INFO - Started process (PID=2185) to work on /home/ubuntu/venv/lib/python3.10/site-packages/airflow/example_dags/example_skip_dag.py
[2023-07-09T15:49:53.090+0000] {processor.py:743} INFO - Processing file /home/ubuntu/venv/lib/python3.10/site-packages/airflow/example_dags/example_skip_dag.py for tasks to queue
[2023-07-09T15:49:53.091+0000] {logging_mixin.py:137} INFO - [2023-07-09T15:49:53.091+0000] {dagbag.py:538} INFO - Filling up the DagBag from /home/ubuntu/venv/lib/python3.10/site-packages/airflow/example_dags/example_skip_dag.py
[2023-07-09T15:49:53.113+0000] {processor.py:753} INFO - DAG(s) dict_keys(['example_skip_dag']) retrieved from /home/ubuntu/venv/lib/python3.10/site-packages/airflow/example_dags/example_skip_dag.py
[2023-07-09T15:49:53.181+0000] {logging_mixin.py:137} INFO - [2023-07-09T15:49:53.181+0000] {dag.py:2676} INFO - Sync 1 DAGs
[2023-07-09T15:49:53.255+0000] {logging_mixin.py:137} INFO - [2023-07-09T15:49:53.255+0000] {dag.py:3423} INFO - Setting next_dagrun for example_skip_dag to 2023-07-08T15:49:53.254885+00:00, run_after=2023-07-09T15:49:53.254885+00:00
[2023-07-09T15:49:53.302+0000] {processor.py:175} INFO - Processing /home/ubuntu/venv/lib/python3.10/site-packages/airflow/example_dags/example_skip_dag.py took 0.217 seconds
[2023-07-09T15:50:24.203+0000] {processor.py:153} INFO - Started process (PID=2421) to work on /home/ubuntu/venv/lib/python3.10/site-packages/airflow/example_dags/example_skip_dag.py
[2023-07-09T15:50:24.204+0000] {processor.py:743} INFO - Processing file /home/ubuntu/venv/lib/python3.10/site-packages/airflow/example_dags/example_skip_dag.py for tasks to queue
[2023-07-09T15:50:24.205+0000] {logging_mixin.py:137} INFO - [2023-07-09T15:50:24.205+0000] {dagbag.py:538} INFO - Filling up the DagBag from /home/ubuntu/venv/lib/python3.10/site-packages/airflow/example_dags/example_skip_dag.py
[2023-07-09T15:50:24.226+0000] {processor.py:753} INFO - DAG(s) dict_keys(['example_skip_dag']) retrieved from /home/ubuntu/venv/lib/python3.10/site-packages/airflow/example_dags/example_skip_dag.py
[2023-07-09T15:50:24.295+0000] {logging_mixin.py:137} INFO - [2023-07-09T15:50:24.295+0000] {dag.py:2676} INFO - Sync 1 DAGs
[2023-07-09T15:50:24.336+0000] {logging_mixin.py:137} INFO - [2023-07-09T15:50:24.336+0000] {dag.py:3423} INFO - Setting next_dagrun for example_skip_dag to 2023-07-08T15:50:24.336282+00:00, run_after=2023-07-09T15:50:24.336282+00:00
[2023-07-09T15:50:24.361+0000] {processor.py:175} INFO - Processing /home/ubuntu/venv/lib/python3.10/site-packages/airflow/example_dags/example_skip_dag.py took 0.162 seconds
[2023-07-09T16:47:16.696+0000] {processor.py:153} INFO - Started process (PID=3488) to work on /home/ubuntu/venv/lib/python3.10/site-packages/airflow/example_dags/example_skip_dag.py
[2023-07-09T16:47:16.703+0000] {processor.py:743} INFO - Processing file /home/ubuntu/venv/lib/python3.10/site-packages/airflow/example_dags/example_skip_dag.py for tasks to queue
[2023-07-09T16:47:16.704+0000] {logging_mixin.py:137} INFO - [2023-07-09T16:47:16.704+0000] {dagbag.py:538} INFO - Filling up the DagBag from /home/ubuntu/venv/lib/python3.10/site-packages/airflow/example_dags/example_skip_dag.py
[2023-07-09T16:47:16.754+0000] {processor.py:753} INFO - DAG(s) dict_keys(['example_skip_dag']) retrieved from /home/ubuntu/venv/lib/python3.10/site-packages/airflow/example_dags/example_skip_dag.py
[2023-07-09T16:47:16.847+0000] {logging_mixin.py:137} INFO - [2023-07-09T16:47:16.847+0000] {dag.py:2676} INFO - Sync 1 DAGs
[2023-07-09T16:47:16.904+0000] {logging_mixin.py:137} INFO - [2023-07-09T16:47:16.904+0000] {dag.py:3423} INFO - Setting next_dagrun for example_skip_dag to 2023-07-08T16:47:16.904023+00:00, run_after=2023-07-09T16:47:16.904023+00:00
[2023-07-09T16:47:16.969+0000] {processor.py:175} INFO - Processing /home/ubuntu/venv/lib/python3.10/site-packages/airflow/example_dags/example_skip_dag.py took 0.284 seconds
[2023-07-09T16:47:47.970+0000] {processor.py:153} INFO - Started process (PID=3852) to work on /home/ubuntu/venv/lib/python3.10/site-packages/airflow/example_dags/example_skip_dag.py
[2023-07-09T16:47:47.977+0000] {processor.py:743} INFO - Processing file /home/ubuntu/venv/lib/python3.10/site-packages/airflow/example_dags/example_skip_dag.py for tasks to queue
[2023-07-09T16:47:47.978+0000] {logging_mixin.py:137} INFO - [2023-07-09T16:47:47.977+0000] {dagbag.py:538} INFO - Filling up the DagBag from /home/ubuntu/venv/lib/python3.10/site-packages/airflow/example_dags/example_skip_dag.py
[2023-07-09T16:47:48.016+0000] {processor.py:753} INFO - DAG(s) dict_keys(['example_skip_dag']) retrieved from /home/ubuntu/venv/lib/python3.10/site-packages/airflow/example_dags/example_skip_dag.py
[2023-07-09T16:47:48.089+0000] {logging_mixin.py:137} INFO - [2023-07-09T16:47:48.089+0000] {dag.py:2676} INFO - Sync 1 DAGs
[2023-07-09T16:47:48.124+0000] {logging_mixin.py:137} INFO - [2023-07-09T16:47:48.123+0000] {dag.py:3423} INFO - Setting next_dagrun for example_skip_dag to 2023-07-08T16:47:48.123407+00:00, run_after=2023-07-09T16:47:48.123407+00:00
[2023-07-09T16:47:48.148+0000] {processor.py:175} INFO - Processing /home/ubuntu/venv/lib/python3.10/site-packages/airflow/example_dags/example_skip_dag.py took 0.194 seconds
[2023-07-09T16:48:18.865+0000] {processor.py:153} INFO - Started process (PID=4087) to work on /home/ubuntu/venv/lib/python3.10/site-packages/airflow/example_dags/example_skip_dag.py
[2023-07-09T16:48:18.866+0000] {processor.py:743} INFO - Processing file /home/ubuntu/venv/lib/python3.10/site-packages/airflow/example_dags/example_skip_dag.py for tasks to queue
[2023-07-09T16:48:18.867+0000] {logging_mixin.py:137} INFO - [2023-07-09T16:48:18.867+0000] {dagbag.py:538} INFO - Filling up the DagBag from /home/ubuntu/venv/lib/python3.10/site-packages/airflow/example_dags/example_skip_dag.py
[2023-07-09T16:48:18.885+0000] {processor.py:753} INFO - DAG(s) dict_keys(['example_skip_dag']) retrieved from /home/ubuntu/venv/lib/python3.10/site-packages/airflow/example_dags/example_skip_dag.py
[2023-07-09T16:48:18.951+0000] {logging_mixin.py:137} INFO - [2023-07-09T16:48:18.951+0000] {dag.py:2676} INFO - Sync 1 DAGs
[2023-07-09T16:48:18.985+0000] {logging_mixin.py:137} INFO - [2023-07-09T16:48:18.984+0000] {dag.py:3423} INFO - Setting next_dagrun for example_skip_dag to 2023-07-08T16:48:18.984393+00:00, run_after=2023-07-09T16:48:18.984393+00:00
[2023-07-09T16:48:19.009+0000] {processor.py:175} INFO - Processing /home/ubuntu/venv/lib/python3.10/site-packages/airflow/example_dags/example_skip_dag.py took 0.149 seconds
[2023-07-09T16:48:49.451+0000] {processor.py:153} INFO - Started process (PID=4325) to work on /home/ubuntu/venv/lib/python3.10/site-packages/airflow/example_dags/example_skip_dag.py
[2023-07-09T16:48:49.452+0000] {processor.py:743} INFO - Processing file /home/ubuntu/venv/lib/python3.10/site-packages/airflow/example_dags/example_skip_dag.py for tasks to queue
[2023-07-09T16:48:49.453+0000] {logging_mixin.py:137} INFO - [2023-07-09T16:48:49.453+0000] {dagbag.py:538} INFO - Filling up the DagBag from /home/ubuntu/venv/lib/python3.10/site-packages/airflow/example_dags/example_skip_dag.py
[2023-07-09T16:48:49.470+0000] {processor.py:753} INFO - DAG(s) dict_keys(['example_skip_dag']) retrieved from /home/ubuntu/venv/lib/python3.10/site-packages/airflow/example_dags/example_skip_dag.py
[2023-07-09T16:48:49.523+0000] {logging_mixin.py:137} INFO - [2023-07-09T16:48:49.523+0000] {dag.py:2676} INFO - Sync 1 DAGs
[2023-07-09T16:48:49.552+0000] {logging_mixin.py:137} INFO - [2023-07-09T16:48:49.551+0000] {dag.py:3423} INFO - Setting next_dagrun for example_skip_dag to 2023-07-08T16:48:49.551642+00:00, run_after=2023-07-09T16:48:49.551642+00:00
[2023-07-09T16:48:49.577+0000] {processor.py:175} INFO - Processing /home/ubuntu/venv/lib/python3.10/site-packages/airflow/example_dags/example_skip_dag.py took 0.130 seconds
[2023-07-09T16:49:20.545+0000] {processor.py:153} INFO - Started process (PID=4557) to work on /home/ubuntu/venv/lib/python3.10/site-packages/airflow/example_dags/example_skip_dag.py
[2023-07-09T16:49:20.547+0000] {processor.py:743} INFO - Processing file /home/ubuntu/venv/lib/python3.10/site-packages/airflow/example_dags/example_skip_dag.py for tasks to queue
[2023-07-09T16:49:20.548+0000] {logging_mixin.py:137} INFO - [2023-07-09T16:49:20.547+0000] {dagbag.py:538} INFO - Filling up the DagBag from /home/ubuntu/venv/lib/python3.10/site-packages/airflow/example_dags/example_skip_dag.py
[2023-07-09T16:49:20.566+0000] {processor.py:753} INFO - DAG(s) dict_keys(['example_skip_dag']) retrieved from /home/ubuntu/venv/lib/python3.10/site-packages/airflow/example_dags/example_skip_dag.py
[2023-07-09T16:49:20.630+0000] {logging_mixin.py:137} INFO - [2023-07-09T16:49:20.630+0000] {dag.py:2676} INFO - Sync 1 DAGs
[2023-07-09T16:49:20.667+0000] {logging_mixin.py:137} INFO - [2023-07-09T16:49:20.666+0000] {dag.py:3423} INFO - Setting next_dagrun for example_skip_dag to 2023-07-08T16:49:20.666659+00:00, run_after=2023-07-09T16:49:20.666659+00:00
[2023-07-09T16:49:20.689+0000] {processor.py:175} INFO - Processing /home/ubuntu/venv/lib/python3.10/site-packages/airflow/example_dags/example_skip_dag.py took 0.148 seconds
[2023-07-09T16:49:51.907+0000] {processor.py:153} INFO - Started process (PID=4796) to work on /home/ubuntu/venv/lib/python3.10/site-packages/airflow/example_dags/example_skip_dag.py
[2023-07-09T16:49:51.908+0000] {processor.py:743} INFO - Processing file /home/ubuntu/venv/lib/python3.10/site-packages/airflow/example_dags/example_skip_dag.py for tasks to queue
[2023-07-09T16:49:51.909+0000] {logging_mixin.py:137} INFO - [2023-07-09T16:49:51.909+0000] {dagbag.py:538} INFO - Filling up the DagBag from /home/ubuntu/venv/lib/python3.10/site-packages/airflow/example_dags/example_skip_dag.py
[2023-07-09T16:49:51.929+0000] {processor.py:753} INFO - DAG(s) dict_keys(['example_skip_dag']) retrieved from /home/ubuntu/venv/lib/python3.10/site-packages/airflow/example_dags/example_skip_dag.py
[2023-07-09T16:49:51.995+0000] {logging_mixin.py:137} INFO - [2023-07-09T16:49:51.995+0000] {dag.py:2676} INFO - Sync 1 DAGs
[2023-07-09T16:49:52.031+0000] {logging_mixin.py:137} INFO - [2023-07-09T16:49:52.031+0000] {dag.py:3423} INFO - Setting next_dagrun for example_skip_dag to 2023-07-08T16:49:52.031021+00:00, run_after=2023-07-09T16:49:52.031021+00:00
[2023-07-09T16:49:52.055+0000] {processor.py:175} INFO - Processing /home/ubuntu/venv/lib/python3.10/site-packages/airflow/example_dags/example_skip_dag.py took 0.152 seconds
[2023-07-09T16:50:22.663+0000] {processor.py:153} INFO - Started process (PID=5029) to work on /home/ubuntu/venv/lib/python3.10/site-packages/airflow/example_dags/example_skip_dag.py
[2023-07-09T16:50:22.664+0000] {processor.py:743} INFO - Processing file /home/ubuntu/venv/lib/python3.10/site-packages/airflow/example_dags/example_skip_dag.py for tasks to queue
[2023-07-09T16:50:22.665+0000] {logging_mixin.py:137} INFO - [2023-07-09T16:50:22.665+0000] {dagbag.py:538} INFO - Filling up the DagBag from /home/ubuntu/venv/lib/python3.10/site-packages/airflow/example_dags/example_skip_dag.py
[2023-07-09T16:50:22.685+0000] {processor.py:753} INFO - DAG(s) dict_keys(['example_skip_dag']) retrieved from /home/ubuntu/venv/lib/python3.10/site-packages/airflow/example_dags/example_skip_dag.py
[2023-07-09T16:50:22.760+0000] {logging_mixin.py:137} INFO - [2023-07-09T16:50:22.760+0000] {dag.py:2676} INFO - Sync 1 DAGs
[2023-07-09T16:50:22.796+0000] {logging_mixin.py:137} INFO - [2023-07-09T16:50:22.796+0000] {dag.py:3423} INFO - Setting next_dagrun for example_skip_dag to 2023-07-08T16:50:22.796195+00:00, run_after=2023-07-09T16:50:22.796195+00:00
[2023-07-09T16:50:22.822+0000] {processor.py:175} INFO - Processing /home/ubuntu/venv/lib/python3.10/site-packages/airflow/example_dags/example_skip_dag.py took 0.164 seconds
[2023-07-09T16:50:53.586+0000] {processor.py:153} INFO - Started process (PID=5329) to work on /home/ubuntu/venv/lib/python3.10/site-packages/airflow/example_dags/example_skip_dag.py
[2023-07-09T16:50:53.587+0000] {processor.py:743} INFO - Processing file /home/ubuntu/venv/lib/python3.10/site-packages/airflow/example_dags/example_skip_dag.py for tasks to queue
[2023-07-09T16:50:53.588+0000] {logging_mixin.py:137} INFO - [2023-07-09T16:50:53.588+0000] {dagbag.py:538} INFO - Filling up the DagBag from /home/ubuntu/venv/lib/python3.10/site-packages/airflow/example_dags/example_skip_dag.py
[2023-07-09T16:50:53.609+0000] {processor.py:753} INFO - DAG(s) dict_keys(['example_skip_dag']) retrieved from /home/ubuntu/venv/lib/python3.10/site-packages/airflow/example_dags/example_skip_dag.py
[2023-07-09T16:50:53.684+0000] {logging_mixin.py:137} INFO - [2023-07-09T16:50:53.684+0000] {dag.py:2676} INFO - Sync 1 DAGs
[2023-07-09T16:50:53.731+0000] {logging_mixin.py:137} INFO - [2023-07-09T16:50:53.731+0000] {dag.py:3423} INFO - Setting next_dagrun for example_skip_dag to 2023-07-08T16:50:53.730404+00:00, run_after=2023-07-09T16:50:53.730404+00:00
[2023-07-09T16:50:53.766+0000] {processor.py:175} INFO - Processing /home/ubuntu/venv/lib/python3.10/site-packages/airflow/example_dags/example_skip_dag.py took 0.185 seconds
[2023-07-09T16:54:54.812+0000] {processor.py:153} INFO - Started process (PID=5803) to work on /home/ubuntu/venv/lib/python3.10/site-packages/airflow/example_dags/example_skip_dag.py
[2023-07-09T16:54:54.814+0000] {processor.py:743} INFO - Processing file /home/ubuntu/venv/lib/python3.10/site-packages/airflow/example_dags/example_skip_dag.py for tasks to queue
[2023-07-09T16:54:54.814+0000] {logging_mixin.py:137} INFO - [2023-07-09T16:54:54.814+0000] {dagbag.py:538} INFO - Filling up the DagBag from /home/ubuntu/venv/lib/python3.10/site-packages/airflow/example_dags/example_skip_dag.py
[2023-07-09T16:54:54.839+0000] {processor.py:753} INFO - DAG(s) dict_keys(['example_skip_dag']) retrieved from /home/ubuntu/venv/lib/python3.10/site-packages/airflow/example_dags/example_skip_dag.py
[2023-07-09T16:54:54.911+0000] {logging_mixin.py:137} INFO - [2023-07-09T16:54:54.910+0000] {dag.py:2676} INFO - Sync 1 DAGs
[2023-07-09T16:54:54.943+0000] {logging_mixin.py:137} INFO - [2023-07-09T16:54:54.943+0000] {dag.py:3423} INFO - Setting next_dagrun for example_skip_dag to 2023-07-08T16:54:54.943142+00:00, run_after=2023-07-09T16:54:54.943142+00:00
[2023-07-09T16:54:54.966+0000] {processor.py:175} INFO - Processing /home/ubuntu/venv/lib/python3.10/site-packages/airflow/example_dags/example_skip_dag.py took 0.159 seconds
[2023-07-09T16:55:25.175+0000] {processor.py:153} INFO - Started process (PID=6064) to work on /home/ubuntu/venv/lib/python3.10/site-packages/airflow/example_dags/example_skip_dag.py
[2023-07-09T16:55:25.176+0000] {processor.py:743} INFO - Processing file /home/ubuntu/venv/lib/python3.10/site-packages/airflow/example_dags/example_skip_dag.py for tasks to queue
[2023-07-09T16:55:25.176+0000] {logging_mixin.py:137} INFO - [2023-07-09T16:55:25.176+0000] {dagbag.py:538} INFO - Filling up the DagBag from /home/ubuntu/venv/lib/python3.10/site-packages/airflow/example_dags/example_skip_dag.py
[2023-07-09T16:55:25.190+0000] {processor.py:753} INFO - DAG(s) dict_keys(['example_skip_dag']) retrieved from /home/ubuntu/venv/lib/python3.10/site-packages/airflow/example_dags/example_skip_dag.py
[2023-07-09T16:55:25.243+0000] {logging_mixin.py:137} INFO - [2023-07-09T16:55:25.243+0000] {dag.py:2676} INFO - Sync 1 DAGs
[2023-07-09T16:55:25.274+0000] {logging_mixin.py:137} INFO - [2023-07-09T16:55:25.274+0000] {dag.py:3423} INFO - Setting next_dagrun for example_skip_dag to 2023-07-08T16:55:25.274169+00:00, run_after=2023-07-09T16:55:25.274169+00:00
[2023-07-09T16:55:25.293+0000] {processor.py:175} INFO - Processing /home/ubuntu/venv/lib/python3.10/site-packages/airflow/example_dags/example_skip_dag.py took 0.122 seconds
[2023-07-09T16:55:55.685+0000] {processor.py:153} INFO - Started process (PID=6300) to work on /home/ubuntu/venv/lib/python3.10/site-packages/airflow/example_dags/example_skip_dag.py
[2023-07-09T16:55:55.687+0000] {processor.py:743} INFO - Processing file /home/ubuntu/venv/lib/python3.10/site-packages/airflow/example_dags/example_skip_dag.py for tasks to queue
[2023-07-09T16:55:55.687+0000] {logging_mixin.py:137} INFO - [2023-07-09T16:55:55.687+0000] {dagbag.py:538} INFO - Filling up the DagBag from /home/ubuntu/venv/lib/python3.10/site-packages/airflow/example_dags/example_skip_dag.py
[2023-07-09T16:55:55.711+0000] {processor.py:753} INFO - DAG(s) dict_keys(['example_skip_dag']) retrieved from /home/ubuntu/venv/lib/python3.10/site-packages/airflow/example_dags/example_skip_dag.py
[2023-07-09T16:55:55.787+0000] {logging_mixin.py:137} INFO - [2023-07-09T16:55:55.786+0000] {dag.py:2676} INFO - Sync 1 DAGs
[2023-07-09T16:55:55.821+0000] {logging_mixin.py:137} INFO - [2023-07-09T16:55:55.821+0000] {dag.py:3423} INFO - Setting next_dagrun for example_skip_dag to 2023-07-08T16:55:55.820676+00:00, run_after=2023-07-09T16:55:55.820676+00:00
[2023-07-09T16:55:55.849+0000] {processor.py:175} INFO - Processing /home/ubuntu/venv/lib/python3.10/site-packages/airflow/example_dags/example_skip_dag.py took 0.169 seconds
[2023-07-09T16:56:26.367+0000] {processor.py:153} INFO - Started process (PID=6533) to work on /home/ubuntu/venv/lib/python3.10/site-packages/airflow/example_dags/example_skip_dag.py
[2023-07-09T16:56:26.368+0000] {processor.py:743} INFO - Processing file /home/ubuntu/venv/lib/python3.10/site-packages/airflow/example_dags/example_skip_dag.py for tasks to queue
[2023-07-09T16:56:26.369+0000] {logging_mixin.py:137} INFO - [2023-07-09T16:56:26.369+0000] {dagbag.py:538} INFO - Filling up the DagBag from /home/ubuntu/venv/lib/python3.10/site-packages/airflow/example_dags/example_skip_dag.py
[2023-07-09T16:56:26.388+0000] {processor.py:753} INFO - DAG(s) dict_keys(['example_skip_dag']) retrieved from /home/ubuntu/venv/lib/python3.10/site-packages/airflow/example_dags/example_skip_dag.py
[2023-07-09T16:56:26.453+0000] {logging_mixin.py:137} INFO - [2023-07-09T16:56:26.452+0000] {dag.py:2676} INFO - Sync 1 DAGs
[2023-07-09T16:56:26.484+0000] {logging_mixin.py:137} INFO - [2023-07-09T16:56:26.483+0000] {dag.py:3423} INFO - Setting next_dagrun for example_skip_dag to 2023-07-08T16:56:26.483510+00:00, run_after=2023-07-09T16:56:26.483510+00:00
[2023-07-09T16:56:26.508+0000] {processor.py:175} INFO - Processing /home/ubuntu/venv/lib/python3.10/site-packages/airflow/example_dags/example_skip_dag.py took 0.146 seconds
[2023-07-09T16:56:57.127+0000] {processor.py:153} INFO - Started process (PID=6790) to work on /home/ubuntu/venv/lib/python3.10/site-packages/airflow/example_dags/example_skip_dag.py
[2023-07-09T16:56:57.129+0000] {processor.py:743} INFO - Processing file /home/ubuntu/venv/lib/python3.10/site-packages/airflow/example_dags/example_skip_dag.py for tasks to queue
[2023-07-09T16:56:57.129+0000] {logging_mixin.py:137} INFO - [2023-07-09T16:56:57.129+0000] {dagbag.py:538} INFO - Filling up the DagBag from /home/ubuntu/venv/lib/python3.10/site-packages/airflow/example_dags/example_skip_dag.py
[2023-07-09T16:56:57.152+0000] {processor.py:753} INFO - DAG(s) dict_keys(['example_skip_dag']) retrieved from /home/ubuntu/venv/lib/python3.10/site-packages/airflow/example_dags/example_skip_dag.py
[2023-07-09T16:56:57.222+0000] {logging_mixin.py:137} INFO - [2023-07-09T16:56:57.222+0000] {dag.py:2676} INFO - Sync 1 DAGs
[2023-07-09T16:56:57.259+0000] {logging_mixin.py:137} INFO - [2023-07-09T16:56:57.259+0000] {dag.py:3423} INFO - Setting next_dagrun for example_skip_dag to 2023-07-08T16:56:57.258676+00:00, run_after=2023-07-09T16:56:57.258676+00:00
[2023-07-09T16:56:57.281+0000] {processor.py:175} INFO - Processing /home/ubuntu/venv/lib/python3.10/site-packages/airflow/example_dags/example_skip_dag.py took 0.159 seconds
[2023-07-09T16:57:28.333+0000] {processor.py:153} INFO - Started process (PID=7025) to work on /home/ubuntu/venv/lib/python3.10/site-packages/airflow/example_dags/example_skip_dag.py
[2023-07-09T16:57:28.335+0000] {processor.py:743} INFO - Processing file /home/ubuntu/venv/lib/python3.10/site-packages/airflow/example_dags/example_skip_dag.py for tasks to queue
[2023-07-09T16:57:28.335+0000] {logging_mixin.py:137} INFO - [2023-07-09T16:57:28.335+0000] {dagbag.py:538} INFO - Filling up the DagBag from /home/ubuntu/venv/lib/python3.10/site-packages/airflow/example_dags/example_skip_dag.py
[2023-07-09T16:57:28.358+0000] {processor.py:753} INFO - DAG(s) dict_keys(['example_skip_dag']) retrieved from /home/ubuntu/venv/lib/python3.10/site-packages/airflow/example_dags/example_skip_dag.py
[2023-07-09T16:57:28.441+0000] {logging_mixin.py:137} INFO - [2023-07-09T16:57:28.440+0000] {dag.py:2676} INFO - Sync 1 DAGs
[2023-07-09T16:57:28.486+0000] {logging_mixin.py:137} INFO - [2023-07-09T16:57:28.484+0000] {dag.py:3423} INFO - Setting next_dagrun for example_skip_dag to 2023-07-08T16:57:28.484559+00:00, run_after=2023-07-09T16:57:28.484559+00:00
[2023-07-09T16:57:28.515+0000] {processor.py:175} INFO - Processing /home/ubuntu/venv/lib/python3.10/site-packages/airflow/example_dags/example_skip_dag.py took 0.187 seconds
[2023-07-09T16:57:59.128+0000] {processor.py:153} INFO - Started process (PID=7260) to work on /home/ubuntu/venv/lib/python3.10/site-packages/airflow/example_dags/example_skip_dag.py
[2023-07-09T16:57:59.129+0000] {processor.py:743} INFO - Processing file /home/ubuntu/venv/lib/python3.10/site-packages/airflow/example_dags/example_skip_dag.py for tasks to queue
[2023-07-09T16:57:59.130+0000] {logging_mixin.py:137} INFO - [2023-07-09T16:57:59.130+0000] {dagbag.py:538} INFO - Filling up the DagBag from /home/ubuntu/venv/lib/python3.10/site-packages/airflow/example_dags/example_skip_dag.py
[2023-07-09T16:57:59.149+0000] {processor.py:753} INFO - DAG(s) dict_keys(['example_skip_dag']) retrieved from /home/ubuntu/venv/lib/python3.10/site-packages/airflow/example_dags/example_skip_dag.py
[2023-07-09T16:57:59.233+0000] {logging_mixin.py:137} INFO - [2023-07-09T16:57:59.233+0000] {dag.py:2676} INFO - Sync 1 DAGs
[2023-07-09T16:57:59.296+0000] {logging_mixin.py:137} INFO - [2023-07-09T16:57:59.296+0000] {dag.py:3423} INFO - Setting next_dagrun for example_skip_dag to 2023-07-08T16:57:59.295917+00:00, run_after=2023-07-09T16:57:59.295917+00:00
[2023-07-09T16:57:59.343+0000] {processor.py:175} INFO - Processing /home/ubuntu/venv/lib/python3.10/site-packages/airflow/example_dags/example_skip_dag.py took 0.220 seconds
[2023-07-09T16:58:30.347+0000] {processor.py:153} INFO - Started process (PID=7496) to work on /home/ubuntu/venv/lib/python3.10/site-packages/airflow/example_dags/example_skip_dag.py
[2023-07-09T16:58:30.348+0000] {processor.py:743} INFO - Processing file /home/ubuntu/venv/lib/python3.10/site-packages/airflow/example_dags/example_skip_dag.py for tasks to queue
[2023-07-09T16:58:30.349+0000] {logging_mixin.py:137} INFO - [2023-07-09T16:58:30.349+0000] {dagbag.py:538} INFO - Filling up the DagBag from /home/ubuntu/venv/lib/python3.10/site-packages/airflow/example_dags/example_skip_dag.py
[2023-07-09T16:58:30.372+0000] {processor.py:753} INFO - DAG(s) dict_keys(['example_skip_dag']) retrieved from /home/ubuntu/venv/lib/python3.10/site-packages/airflow/example_dags/example_skip_dag.py
[2023-07-09T16:58:30.438+0000] {logging_mixin.py:137} INFO - [2023-07-09T16:58:30.437+0000] {dag.py:2676} INFO - Sync 1 DAGs
[2023-07-09T16:58:30.470+0000] {logging_mixin.py:137} INFO - [2023-07-09T16:58:30.470+0000] {dag.py:3423} INFO - Setting next_dagrun for example_skip_dag to 2023-07-08T16:58:30.470116+00:00, run_after=2023-07-09T16:58:30.470116+00:00
[2023-07-09T16:58:30.495+0000] {processor.py:175} INFO - Processing /home/ubuntu/venv/lib/python3.10/site-packages/airflow/example_dags/example_skip_dag.py took 0.153 seconds
[2023-07-09T16:59:02.248+0000] {processor.py:153} INFO - Started process (PID=7732) to work on /home/ubuntu/venv/lib/python3.10/site-packages/airflow/example_dags/example_skip_dag.py
[2023-07-09T16:59:02.250+0000] {processor.py:743} INFO - Processing file /home/ubuntu/venv/lib/python3.10/site-packages/airflow/example_dags/example_skip_dag.py for tasks to queue
[2023-07-09T16:59:02.251+0000] {logging_mixin.py:137} INFO - [2023-07-09T16:59:02.250+0000] {dagbag.py:538} INFO - Filling up the DagBag from /home/ubuntu/venv/lib/python3.10/site-packages/airflow/example_dags/example_skip_dag.py
[2023-07-09T16:59:02.271+0000] {processor.py:753} INFO - DAG(s) dict_keys(['example_skip_dag']) retrieved from /home/ubuntu/venv/lib/python3.10/site-packages/airflow/example_dags/example_skip_dag.py
[2023-07-09T16:59:02.338+0000] {logging_mixin.py:137} INFO - [2023-07-09T16:59:02.337+0000] {dag.py:2676} INFO - Sync 1 DAGs
[2023-07-09T16:59:02.374+0000] {logging_mixin.py:137} INFO - [2023-07-09T16:59:02.373+0000] {dag.py:3423} INFO - Setting next_dagrun for example_skip_dag to 2023-07-08T16:59:02.373537+00:00, run_after=2023-07-09T16:59:02.373537+00:00
[2023-07-09T16:59:02.416+0000] {processor.py:175} INFO - Processing /home/ubuntu/venv/lib/python3.10/site-packages/airflow/example_dags/example_skip_dag.py took 0.175 seconds
[2023-07-09T16:59:33.231+0000] {processor.py:153} INFO - Started process (PID=7969) to work on /home/ubuntu/venv/lib/python3.10/site-packages/airflow/example_dags/example_skip_dag.py
[2023-07-09T16:59:33.233+0000] {processor.py:743} INFO - Processing file /home/ubuntu/venv/lib/python3.10/site-packages/airflow/example_dags/example_skip_dag.py for tasks to queue
[2023-07-09T16:59:33.233+0000] {logging_mixin.py:137} INFO - [2023-07-09T16:59:33.233+0000] {dagbag.py:538} INFO - Filling up the DagBag from /home/ubuntu/venv/lib/python3.10/site-packages/airflow/example_dags/example_skip_dag.py
[2023-07-09T16:59:33.256+0000] {processor.py:753} INFO - DAG(s) dict_keys(['example_skip_dag']) retrieved from /home/ubuntu/venv/lib/python3.10/site-packages/airflow/example_dags/example_skip_dag.py
[2023-07-09T16:59:33.354+0000] {logging_mixin.py:137} INFO - [2023-07-09T16:59:33.353+0000] {dag.py:2676} INFO - Sync 1 DAGs
[2023-07-09T16:59:33.608+0000] {logging_mixin.py:137} INFO - [2023-07-09T16:59:33.607+0000] {dag.py:3423} INFO - Setting next_dagrun for example_skip_dag to 2023-07-08T16:59:33.607526+00:00, run_after=2023-07-09T16:59:33.607526+00:00
[2023-07-09T16:59:33.631+0000] {processor.py:175} INFO - Processing /home/ubuntu/venv/lib/python3.10/site-packages/airflow/example_dags/example_skip_dag.py took 0.404 seconds
[2023-07-09T17:00:31.563+0000] {processor.py:153} INFO - Started process (PID=8634) to work on /home/ubuntu/venv/lib/python3.10/site-packages/airflow/example_dags/example_skip_dag.py
[2023-07-09T17:00:31.564+0000] {processor.py:743} INFO - Processing file /home/ubuntu/venv/lib/python3.10/site-packages/airflow/example_dags/example_skip_dag.py for tasks to queue
[2023-07-09T17:00:31.565+0000] {logging_mixin.py:137} INFO - [2023-07-09T17:00:31.564+0000] {dagbag.py:538} INFO - Filling up the DagBag from /home/ubuntu/venv/lib/python3.10/site-packages/airflow/example_dags/example_skip_dag.py
[2023-07-09T17:00:31.584+0000] {processor.py:753} INFO - DAG(s) dict_keys(['example_skip_dag']) retrieved from /home/ubuntu/venv/lib/python3.10/site-packages/airflow/example_dags/example_skip_dag.py
[2023-07-09T17:00:31.644+0000] {logging_mixin.py:137} INFO - [2023-07-09T17:00:31.644+0000] {dag.py:2676} INFO - Sync 1 DAGs
[2023-07-09T17:00:31.679+0000] {logging_mixin.py:137} INFO - [2023-07-09T17:00:31.678+0000] {dag.py:3423} INFO - Setting next_dagrun for example_skip_dag to 2023-07-08T17:00:31.678641+00:00, run_after=2023-07-09T17:00:31.678641+00:00
[2023-07-09T17:00:31.703+0000] {processor.py:175} INFO - Processing /home/ubuntu/venv/lib/python3.10/site-packages/airflow/example_dags/example_skip_dag.py took 0.144 seconds
[2023-07-09T17:01:02.821+0000] {processor.py:153} INFO - Started process (PID=8891) to work on /home/ubuntu/venv/lib/python3.10/site-packages/airflow/example_dags/example_skip_dag.py
[2023-07-09T17:01:02.822+0000] {processor.py:743} INFO - Processing file /home/ubuntu/venv/lib/python3.10/site-packages/airflow/example_dags/example_skip_dag.py for tasks to queue
[2023-07-09T17:01:02.823+0000] {logging_mixin.py:137} INFO - [2023-07-09T17:01:02.823+0000] {dagbag.py:538} INFO - Filling up the DagBag from /home/ubuntu/venv/lib/python3.10/site-packages/airflow/example_dags/example_skip_dag.py
[2023-07-09T17:01:02.844+0000] {processor.py:753} INFO - DAG(s) dict_keys(['example_skip_dag']) retrieved from /home/ubuntu/venv/lib/python3.10/site-packages/airflow/example_dags/example_skip_dag.py
[2023-07-09T17:01:02.920+0000] {logging_mixin.py:137} INFO - [2023-07-09T17:01:02.919+0000] {dag.py:2676} INFO - Sync 1 DAGs
[2023-07-09T17:01:02.965+0000] {logging_mixin.py:137} INFO - [2023-07-09T17:01:02.964+0000] {dag.py:3423} INFO - Setting next_dagrun for example_skip_dag to 2023-07-08T17:01:02.964488+00:00, run_after=2023-07-09T17:01:02.964488+00:00
[2023-07-09T17:01:02.993+0000] {processor.py:175} INFO - Processing /home/ubuntu/venv/lib/python3.10/site-packages/airflow/example_dags/example_skip_dag.py took 0.176 seconds
[2023-07-09T17:01:33.646+0000] {processor.py:153} INFO - Started process (PID=9126) to work on /home/ubuntu/venv/lib/python3.10/site-packages/airflow/example_dags/example_skip_dag.py
[2023-07-09T17:01:33.650+0000] {processor.py:743} INFO - Processing file /home/ubuntu/venv/lib/python3.10/site-packages/airflow/example_dags/example_skip_dag.py for tasks to queue
[2023-07-09T17:01:33.651+0000] {logging_mixin.py:137} INFO - [2023-07-09T17:01:33.650+0000] {dagbag.py:538} INFO - Filling up the DagBag from /home/ubuntu/venv/lib/python3.10/site-packages/airflow/example_dags/example_skip_dag.py
[2023-07-09T17:01:33.670+0000] {processor.py:753} INFO - DAG(s) dict_keys(['example_skip_dag']) retrieved from /home/ubuntu/venv/lib/python3.10/site-packages/airflow/example_dags/example_skip_dag.py
[2023-07-09T17:01:33.736+0000] {logging_mixin.py:137} INFO - [2023-07-09T17:01:33.736+0000] {dag.py:2676} INFO - Sync 1 DAGs
[2023-07-09T17:01:33.765+0000] {logging_mixin.py:137} INFO - [2023-07-09T17:01:33.765+0000] {dag.py:3423} INFO - Setting next_dagrun for example_skip_dag to 2023-07-08T17:01:33.765282+00:00, run_after=2023-07-09T17:01:33.765282+00:00
[2023-07-09T17:01:33.791+0000] {processor.py:175} INFO - Processing /home/ubuntu/venv/lib/python3.10/site-packages/airflow/example_dags/example_skip_dag.py took 0.150 seconds
[2023-07-09T17:02:04.639+0000] {processor.py:153} INFO - Started process (PID=9386) to work on /home/ubuntu/venv/lib/python3.10/site-packages/airflow/example_dags/example_skip_dag.py
[2023-07-09T17:02:04.641+0000] {processor.py:743} INFO - Processing file /home/ubuntu/venv/lib/python3.10/site-packages/airflow/example_dags/example_skip_dag.py for tasks to queue
[2023-07-09T17:02:04.641+0000] {logging_mixin.py:137} INFO - [2023-07-09T17:02:04.641+0000] {dagbag.py:538} INFO - Filling up the DagBag from /home/ubuntu/venv/lib/python3.10/site-packages/airflow/example_dags/example_skip_dag.py
[2023-07-09T17:02:04.658+0000] {processor.py:753} INFO - DAG(s) dict_keys(['example_skip_dag']) retrieved from /home/ubuntu/venv/lib/python3.10/site-packages/airflow/example_dags/example_skip_dag.py
[2023-07-09T17:02:04.708+0000] {logging_mixin.py:137} INFO - [2023-07-09T17:02:04.708+0000] {dag.py:2676} INFO - Sync 1 DAGs
[2023-07-09T17:02:04.730+0000] {logging_mixin.py:137} INFO - [2023-07-09T17:02:04.730+0000] {dag.py:3423} INFO - Setting next_dagrun for example_skip_dag to 2023-07-08T17:02:04.730366+00:00, run_after=2023-07-09T17:02:04.730366+00:00
[2023-07-09T17:02:04.749+0000] {processor.py:175} INFO - Processing /home/ubuntu/venv/lib/python3.10/site-packages/airflow/example_dags/example_skip_dag.py took 0.113 seconds
[2023-07-09T17:02:35.483+0000] {processor.py:153} INFO - Started process (PID=9619) to work on /home/ubuntu/venv/lib/python3.10/site-packages/airflow/example_dags/example_skip_dag.py
[2023-07-09T17:02:35.485+0000] {processor.py:743} INFO - Processing file /home/ubuntu/venv/lib/python3.10/site-packages/airflow/example_dags/example_skip_dag.py for tasks to queue
[2023-07-09T17:02:35.485+0000] {logging_mixin.py:137} INFO - [2023-07-09T17:02:35.485+0000] {dagbag.py:538} INFO - Filling up the DagBag from /home/ubuntu/venv/lib/python3.10/site-packages/airflow/example_dags/example_skip_dag.py
[2023-07-09T17:02:35.506+0000] {processor.py:753} INFO - DAG(s) dict_keys(['example_skip_dag']) retrieved from /home/ubuntu/venv/lib/python3.10/site-packages/airflow/example_dags/example_skip_dag.py
[2023-07-09T17:02:35.580+0000] {logging_mixin.py:137} INFO - [2023-07-09T17:02:35.580+0000] {dag.py:2676} INFO - Sync 1 DAGs
[2023-07-09T17:02:35.617+0000] {logging_mixin.py:137} INFO - [2023-07-09T17:02:35.616+0000] {dag.py:3423} INFO - Setting next_dagrun for example_skip_dag to 2023-07-08T17:02:35.616395+00:00, run_after=2023-07-09T17:02:35.616395+00:00
[2023-07-09T17:02:35.639+0000] {processor.py:175} INFO - Processing /home/ubuntu/venv/lib/python3.10/site-packages/airflow/example_dags/example_skip_dag.py took 0.160 seconds
[2023-07-09T17:03:06.255+0000] {processor.py:153} INFO - Started process (PID=9854) to work on /home/ubuntu/venv/lib/python3.10/site-packages/airflow/example_dags/example_skip_dag.py
[2023-07-09T17:03:06.256+0000] {processor.py:743} INFO - Processing file /home/ubuntu/venv/lib/python3.10/site-packages/airflow/example_dags/example_skip_dag.py for tasks to queue
[2023-07-09T17:03:06.257+0000] {logging_mixin.py:137} INFO - [2023-07-09T17:03:06.257+0000] {dagbag.py:538} INFO - Filling up the DagBag from /home/ubuntu/venv/lib/python3.10/site-packages/airflow/example_dags/example_skip_dag.py
[2023-07-09T17:03:06.277+0000] {processor.py:753} INFO - DAG(s) dict_keys(['example_skip_dag']) retrieved from /home/ubuntu/venv/lib/python3.10/site-packages/airflow/example_dags/example_skip_dag.py
[2023-07-09T17:03:06.343+0000] {logging_mixin.py:137} INFO - [2023-07-09T17:03:06.342+0000] {dag.py:2676} INFO - Sync 1 DAGs
[2023-07-09T17:03:06.374+0000] {logging_mixin.py:137} INFO - [2023-07-09T17:03:06.373+0000] {dag.py:3423} INFO - Setting next_dagrun for example_skip_dag to 2023-07-08T17:03:06.373684+00:00, run_after=2023-07-09T17:03:06.373684+00:00
[2023-07-09T17:03:06.399+0000] {processor.py:175} INFO - Processing /home/ubuntu/venv/lib/python3.10/site-packages/airflow/example_dags/example_skip_dag.py took 0.149 seconds
[2023-07-09T17:03:37.428+0000] {processor.py:153} INFO - Started process (PID=10090) to work on /home/ubuntu/venv/lib/python3.10/site-packages/airflow/example_dags/example_skip_dag.py
[2023-07-09T17:03:37.429+0000] {processor.py:743} INFO - Processing file /home/ubuntu/venv/lib/python3.10/site-packages/airflow/example_dags/example_skip_dag.py for tasks to queue
[2023-07-09T17:03:37.430+0000] {logging_mixin.py:137} INFO - [2023-07-09T17:03:37.430+0000] {dagbag.py:538} INFO - Filling up the DagBag from /home/ubuntu/venv/lib/python3.10/site-packages/airflow/example_dags/example_skip_dag.py
[2023-07-09T17:03:37.452+0000] {processor.py:753} INFO - DAG(s) dict_keys(['example_skip_dag']) retrieved from /home/ubuntu/venv/lib/python3.10/site-packages/airflow/example_dags/example_skip_dag.py
[2023-07-09T17:03:37.532+0000] {logging_mixin.py:137} INFO - [2023-07-09T17:03:37.531+0000] {dag.py:2676} INFO - Sync 1 DAGs
[2023-07-09T17:03:37.567+0000] {logging_mixin.py:137} INFO - [2023-07-09T17:03:37.566+0000] {dag.py:3423} INFO - Setting next_dagrun for example_skip_dag to 2023-07-08T17:03:37.566368+00:00, run_after=2023-07-09T17:03:37.566368+00:00
[2023-07-09T17:03:37.593+0000] {processor.py:175} INFO - Processing /home/ubuntu/venv/lib/python3.10/site-packages/airflow/example_dags/example_skip_dag.py took 0.169 seconds
[2023-07-09T17:04:08.345+0000] {processor.py:153} INFO - Started process (PID=10326) to work on /home/ubuntu/venv/lib/python3.10/site-packages/airflow/example_dags/example_skip_dag.py
[2023-07-09T17:04:08.347+0000] {processor.py:743} INFO - Processing file /home/ubuntu/venv/lib/python3.10/site-packages/airflow/example_dags/example_skip_dag.py for tasks to queue
[2023-07-09T17:04:08.348+0000] {logging_mixin.py:137} INFO - [2023-07-09T17:04:08.347+0000] {dagbag.py:538} INFO - Filling up the DagBag from /home/ubuntu/venv/lib/python3.10/site-packages/airflow/example_dags/example_skip_dag.py
[2023-07-09T17:04:08.367+0000] {processor.py:753} INFO - DAG(s) dict_keys(['example_skip_dag']) retrieved from /home/ubuntu/venv/lib/python3.10/site-packages/airflow/example_dags/example_skip_dag.py
[2023-07-09T17:04:08.443+0000] {logging_mixin.py:137} INFO - [2023-07-09T17:04:08.443+0000] {dag.py:2676} INFO - Sync 1 DAGs
[2023-07-09T17:04:08.486+0000] {logging_mixin.py:137} INFO - [2023-07-09T17:04:08.486+0000] {dag.py:3423} INFO - Setting next_dagrun for example_skip_dag to 2023-07-08T17:04:08.486429+00:00, run_after=2023-07-09T17:04:08.486429+00:00
[2023-07-09T17:04:08.539+0000] {processor.py:175} INFO - Processing /home/ubuntu/venv/lib/python3.10/site-packages/airflow/example_dags/example_skip_dag.py took 0.198 seconds
[2023-07-09T17:04:39.614+0000] {processor.py:153} INFO - Started process (PID=10561) to work on /home/ubuntu/venv/lib/python3.10/site-packages/airflow/example_dags/example_skip_dag.py
[2023-07-09T17:04:39.616+0000] {processor.py:743} INFO - Processing file /home/ubuntu/venv/lib/python3.10/site-packages/airflow/example_dags/example_skip_dag.py for tasks to queue
[2023-07-09T17:04:39.616+0000] {logging_mixin.py:137} INFO - [2023-07-09T17:04:39.616+0000] {dagbag.py:538} INFO - Filling up the DagBag from /home/ubuntu/venv/lib/python3.10/site-packages/airflow/example_dags/example_skip_dag.py
[2023-07-09T17:04:39.638+0000] {processor.py:753} INFO - DAG(s) dict_keys(['example_skip_dag']) retrieved from /home/ubuntu/venv/lib/python3.10/site-packages/airflow/example_dags/example_skip_dag.py
[2023-07-09T17:04:39.740+0000] {logging_mixin.py:137} INFO - [2023-07-09T17:04:39.739+0000] {dag.py:2676} INFO - Sync 1 DAGs
[2023-07-09T17:04:39.797+0000] {logging_mixin.py:137} INFO - [2023-07-09T17:04:39.797+0000] {dag.py:3423} INFO - Setting next_dagrun for example_skip_dag to 2023-07-08T17:04:39.796899+00:00, run_after=2023-07-09T17:04:39.796899+00:00
[2023-07-09T17:04:39.825+0000] {processor.py:175} INFO - Processing /home/ubuntu/venv/lib/python3.10/site-packages/airflow/example_dags/example_skip_dag.py took 0.217 seconds
[2023-07-09T17:06:02.834+0000] {processor.py:153} INFO - Started process (PID=11133) to work on /home/ubuntu/venv/lib/python3.10/site-packages/airflow/example_dags/example_skip_dag.py
[2023-07-09T17:06:02.840+0000] {processor.py:743} INFO - Processing file /home/ubuntu/venv/lib/python3.10/site-packages/airflow/example_dags/example_skip_dag.py for tasks to queue
[2023-07-09T17:06:02.841+0000] {logging_mixin.py:137} INFO - [2023-07-09T17:06:02.841+0000] {dagbag.py:538} INFO - Filling up the DagBag from /home/ubuntu/venv/lib/python3.10/site-packages/airflow/example_dags/example_skip_dag.py
[2023-07-09T17:06:02.907+0000] {processor.py:753} INFO - DAG(s) dict_keys(['example_skip_dag']) retrieved from /home/ubuntu/venv/lib/python3.10/site-packages/airflow/example_dags/example_skip_dag.py
[2023-07-09T17:06:03.105+0000] {logging_mixin.py:137} INFO - [2023-07-09T17:06:03.105+0000] {dag.py:2676} INFO - Sync 1 DAGs
[2023-07-09T17:06:03.186+0000] {logging_mixin.py:137} INFO - [2023-07-09T17:06:03.186+0000] {dag.py:3423} INFO - Setting next_dagrun for example_skip_dag to 2023-07-08T17:06:03.185910+00:00, run_after=2023-07-09T17:06:03.185910+00:00
[2023-07-09T17:06:03.234+0000] {processor.py:175} INFO - Processing /home/ubuntu/venv/lib/python3.10/site-packages/airflow/example_dags/example_skip_dag.py took 0.418 seconds
[2023-07-09T17:06:33.411+0000] {processor.py:153} INFO - Started process (PID=11391) to work on /home/ubuntu/venv/lib/python3.10/site-packages/airflow/example_dags/example_skip_dag.py
[2023-07-09T17:06:33.412+0000] {processor.py:743} INFO - Processing file /home/ubuntu/venv/lib/python3.10/site-packages/airflow/example_dags/example_skip_dag.py for tasks to queue
[2023-07-09T17:06:33.413+0000] {logging_mixin.py:137} INFO - [2023-07-09T17:06:33.413+0000] {dagbag.py:538} INFO - Filling up the DagBag from /home/ubuntu/venv/lib/python3.10/site-packages/airflow/example_dags/example_skip_dag.py
[2023-07-09T17:06:33.430+0000] {processor.py:753} INFO - DAG(s) dict_keys(['example_skip_dag']) retrieved from /home/ubuntu/venv/lib/python3.10/site-packages/airflow/example_dags/example_skip_dag.py
[2023-07-09T17:06:33.487+0000] {logging_mixin.py:137} INFO - [2023-07-09T17:06:33.486+0000] {dag.py:2676} INFO - Sync 1 DAGs
[2023-07-09T17:06:33.511+0000] {logging_mixin.py:137} INFO - [2023-07-09T17:06:33.511+0000] {dag.py:3423} INFO - Setting next_dagrun for example_skip_dag to 2023-07-08T17:06:33.511234+00:00, run_after=2023-07-09T17:06:33.511234+00:00
[2023-07-09T17:06:33.532+0000] {processor.py:175} INFO - Processing /home/ubuntu/venv/lib/python3.10/site-packages/airflow/example_dags/example_skip_dag.py took 0.125 seconds
[2023-07-09T17:07:27.551+0000] {processor.py:153} INFO - Started process (PID=11864) to work on /home/ubuntu/venv/lib/python3.10/site-packages/airflow/example_dags/example_skip_dag.py
[2023-07-09T17:07:27.552+0000] {processor.py:743} INFO - Processing file /home/ubuntu/venv/lib/python3.10/site-packages/airflow/example_dags/example_skip_dag.py for tasks to queue
[2023-07-09T17:07:27.553+0000] {logging_mixin.py:137} INFO - [2023-07-09T17:07:27.553+0000] {dagbag.py:538} INFO - Filling up the DagBag from /home/ubuntu/venv/lib/python3.10/site-packages/airflow/example_dags/example_skip_dag.py
[2023-07-09T17:07:27.574+0000] {processor.py:753} INFO - DAG(s) dict_keys(['example_skip_dag']) retrieved from /home/ubuntu/venv/lib/python3.10/site-packages/airflow/example_dags/example_skip_dag.py
[2023-07-09T17:07:27.659+0000] {logging_mixin.py:137} INFO - [2023-07-09T17:07:27.659+0000] {dag.py:2676} INFO - Sync 1 DAGs
[2023-07-09T17:07:27.700+0000] {logging_mixin.py:137} INFO - [2023-07-09T17:07:27.700+0000] {dag.py:3423} INFO - Setting next_dagrun for example_skip_dag to 2023-07-08T17:07:27.700379+00:00, run_after=2023-07-09T17:07:27.700379+00:00
[2023-07-09T17:07:27.734+0000] {processor.py:175} INFO - Processing /home/ubuntu/venv/lib/python3.10/site-packages/airflow/example_dags/example_skip_dag.py took 0.190 seconds
[2023-07-09T17:07:58.440+0000] {processor.py:153} INFO - Started process (PID=12121) to work on /home/ubuntu/venv/lib/python3.10/site-packages/airflow/example_dags/example_skip_dag.py
[2023-07-09T17:07:58.442+0000] {processor.py:743} INFO - Processing file /home/ubuntu/venv/lib/python3.10/site-packages/airflow/example_dags/example_skip_dag.py for tasks to queue
[2023-07-09T17:07:58.442+0000] {logging_mixin.py:137} INFO - [2023-07-09T17:07:58.442+0000] {dagbag.py:538} INFO - Filling up the DagBag from /home/ubuntu/venv/lib/python3.10/site-packages/airflow/example_dags/example_skip_dag.py
[2023-07-09T17:07:58.462+0000] {processor.py:753} INFO - DAG(s) dict_keys(['example_skip_dag']) retrieved from /home/ubuntu/venv/lib/python3.10/site-packages/airflow/example_dags/example_skip_dag.py
[2023-07-09T17:07:58.552+0000] {logging_mixin.py:137} INFO - [2023-07-09T17:07:58.552+0000] {dag.py:2676} INFO - Sync 1 DAGs
[2023-07-09T17:07:58.592+0000] {logging_mixin.py:137} INFO - [2023-07-09T17:07:58.592+0000] {dag.py:3423} INFO - Setting next_dagrun for example_skip_dag to 2023-07-08T17:07:58.592134+00:00, run_after=2023-07-09T17:07:58.592134+00:00
[2023-07-09T17:07:58.622+0000] {processor.py:175} INFO - Processing /home/ubuntu/venv/lib/python3.10/site-packages/airflow/example_dags/example_skip_dag.py took 0.187 seconds
[2023-07-09T17:08:29.418+0000] {processor.py:153} INFO - Started process (PID=12357) to work on /home/ubuntu/venv/lib/python3.10/site-packages/airflow/example_dags/example_skip_dag.py
[2023-07-09T17:08:29.420+0000] {processor.py:743} INFO - Processing file /home/ubuntu/venv/lib/python3.10/site-packages/airflow/example_dags/example_skip_dag.py for tasks to queue
[2023-07-09T17:08:29.421+0000] {logging_mixin.py:137} INFO - [2023-07-09T17:08:29.420+0000] {dagbag.py:538} INFO - Filling up the DagBag from /home/ubuntu/venv/lib/python3.10/site-packages/airflow/example_dags/example_skip_dag.py
[2023-07-09T17:08:29.447+0000] {processor.py:753} INFO - DAG(s) dict_keys(['example_skip_dag']) retrieved from /home/ubuntu/venv/lib/python3.10/site-packages/airflow/example_dags/example_skip_dag.py
[2023-07-09T17:08:29.521+0000] {logging_mixin.py:137} INFO - [2023-07-09T17:08:29.520+0000] {dag.py:2676} INFO - Sync 1 DAGs
[2023-07-09T17:08:29.555+0000] {logging_mixin.py:137} INFO - [2023-07-09T17:08:29.554+0000] {dag.py:3423} INFO - Setting next_dagrun for example_skip_dag to 2023-07-08T17:08:29.554443+00:00, run_after=2023-07-09T17:08:29.554443+00:00
[2023-07-09T17:08:29.583+0000] {processor.py:175} INFO - Processing /home/ubuntu/venv/lib/python3.10/site-packages/airflow/example_dags/example_skip_dag.py took 0.169 seconds
[2023-07-09T17:09:06.662+0000] {processor.py:153} INFO - Started process (PID=12812) to work on /home/ubuntu/venv/lib/python3.10/site-packages/airflow/example_dags/example_skip_dag.py
[2023-07-09T17:09:06.663+0000] {processor.py:743} INFO - Processing file /home/ubuntu/venv/lib/python3.10/site-packages/airflow/example_dags/example_skip_dag.py for tasks to queue
[2023-07-09T17:09:06.664+0000] {logging_mixin.py:137} INFO - [2023-07-09T17:09:06.664+0000] {dagbag.py:538} INFO - Filling up the DagBag from /home/ubuntu/venv/lib/python3.10/site-packages/airflow/example_dags/example_skip_dag.py
[2023-07-09T17:09:06.684+0000] {processor.py:753} INFO - DAG(s) dict_keys(['example_skip_dag']) retrieved from /home/ubuntu/venv/lib/python3.10/site-packages/airflow/example_dags/example_skip_dag.py
[2023-07-09T17:09:06.745+0000] {logging_mixin.py:137} INFO - [2023-07-09T17:09:06.745+0000] {dag.py:2676} INFO - Sync 1 DAGs
[2023-07-09T17:09:06.780+0000] {logging_mixin.py:137} INFO - [2023-07-09T17:09:06.780+0000] {dag.py:3423} INFO - Setting next_dagrun for example_skip_dag to 2023-07-08T17:09:06.779817+00:00, run_after=2023-07-09T17:09:06.779817+00:00
[2023-07-09T17:09:06.803+0000] {processor.py:175} INFO - Processing /home/ubuntu/venv/lib/python3.10/site-packages/airflow/example_dags/example_skip_dag.py took 0.146 seconds
[2023-07-09T17:09:37.169+0000] {processor.py:153} INFO - Started process (PID=13088) to work on /home/ubuntu/venv/lib/python3.10/site-packages/airflow/example_dags/example_skip_dag.py
[2023-07-09T17:09:37.170+0000] {processor.py:743} INFO - Processing file /home/ubuntu/venv/lib/python3.10/site-packages/airflow/example_dags/example_skip_dag.py for tasks to queue
[2023-07-09T17:09:37.171+0000] {logging_mixin.py:137} INFO - [2023-07-09T17:09:37.171+0000] {dagbag.py:538} INFO - Filling up the DagBag from /home/ubuntu/venv/lib/python3.10/site-packages/airflow/example_dags/example_skip_dag.py
[2023-07-09T17:09:37.190+0000] {processor.py:753} INFO - DAG(s) dict_keys(['example_skip_dag']) retrieved from /home/ubuntu/venv/lib/python3.10/site-packages/airflow/example_dags/example_skip_dag.py
[2023-07-09T17:09:37.257+0000] {logging_mixin.py:137} INFO - [2023-07-09T17:09:37.257+0000] {dag.py:2676} INFO - Sync 1 DAGs
[2023-07-09T17:09:37.292+0000] {logging_mixin.py:137} INFO - [2023-07-09T17:09:37.292+0000] {dag.py:3423} INFO - Setting next_dagrun for example_skip_dag to 2023-07-08T17:09:37.292006+00:00, run_after=2023-07-09T17:09:37.292006+00:00
[2023-07-09T17:09:37.335+0000] {processor.py:175} INFO - Processing /home/ubuntu/venv/lib/python3.10/site-packages/airflow/example_dags/example_skip_dag.py took 0.170 seconds
[2023-07-09T17:10:08.097+0000] {processor.py:153} INFO - Started process (PID=13324) to work on /home/ubuntu/venv/lib/python3.10/site-packages/airflow/example_dags/example_skip_dag.py
[2023-07-09T17:10:08.099+0000] {processor.py:743} INFO - Processing file /home/ubuntu/venv/lib/python3.10/site-packages/airflow/example_dags/example_skip_dag.py for tasks to queue
[2023-07-09T17:10:08.099+0000] {logging_mixin.py:137} INFO - [2023-07-09T17:10:08.099+0000] {dagbag.py:538} INFO - Filling up the DagBag from /home/ubuntu/venv/lib/python3.10/site-packages/airflow/example_dags/example_skip_dag.py
[2023-07-09T17:10:08.119+0000] {processor.py:753} INFO - DAG(s) dict_keys(['example_skip_dag']) retrieved from /home/ubuntu/venv/lib/python3.10/site-packages/airflow/example_dags/example_skip_dag.py
[2023-07-09T17:10:08.209+0000] {logging_mixin.py:137} INFO - [2023-07-09T17:10:08.209+0000] {dag.py:2676} INFO - Sync 1 DAGs
[2023-07-09T17:10:08.243+0000] {logging_mixin.py:137} INFO - [2023-07-09T17:10:08.243+0000] {dag.py:3423} INFO - Setting next_dagrun for example_skip_dag to 2023-07-08T17:10:08.243107+00:00, run_after=2023-07-09T17:10:08.243107+00:00
[2023-07-09T17:10:08.275+0000] {processor.py:175} INFO - Processing /home/ubuntu/venv/lib/python3.10/site-packages/airflow/example_dags/example_skip_dag.py took 0.182 seconds
