[2023-07-09T15:46:33.266+0000] {processor.py:153} INFO - Started process (PID=1304) to work on /home/ubuntu/venv/lib/python3.10/site-packages/airflow/example_dags/example_xcomargs.py
[2023-07-09T15:46:33.267+0000] {processor.py:743} INFO - Processing file /home/ubuntu/venv/lib/python3.10/site-packages/airflow/example_dags/example_xcomargs.py for tasks to queue
[2023-07-09T15:46:33.268+0000] {logging_mixin.py:137} INFO - [2023-07-09T15:46:33.268+0000] {dagbag.py:538} INFO - Filling up the DagBag from /home/ubuntu/venv/lib/python3.10/site-packages/airflow/example_dags/example_xcomargs.py
[2023-07-09T15:46:33.316+0000] {processor.py:753} INFO - DAG(s) dict_keys(['example_xcom_args', 'example_xcom_args_with_operators']) retrieved from /home/ubuntu/venv/lib/python3.10/site-packages/airflow/example_dags/example_xcomargs.py
[2023-07-09T15:46:33.389+0000] {logging_mixin.py:137} INFO - [2023-07-09T15:46:33.388+0000] {dag.py:2676} INFO - Sync 2 DAGs
[2023-07-09T15:46:33.423+0000] {logging_mixin.py:137} INFO - [2023-07-09T15:46:33.423+0000] {dag.py:3423} INFO - Setting next_dagrun for example_xcom_args to None, run_after=None
[2023-07-09T15:46:33.428+0000] {logging_mixin.py:137} INFO - [2023-07-09T15:46:33.428+0000] {dag.py:3423} INFO - Setting next_dagrun for example_xcom_args_with_operators to None, run_after=None
[2023-07-09T15:46:33.453+0000] {processor.py:175} INFO - Processing /home/ubuntu/venv/lib/python3.10/site-packages/airflow/example_dags/example_xcomargs.py took 0.193 seconds
[2023-07-09T15:47:04.121+0000] {processor.py:153} INFO - Started process (PID=1544) to work on /home/ubuntu/venv/lib/python3.10/site-packages/airflow/example_dags/example_xcomargs.py
[2023-07-09T15:47:04.122+0000] {processor.py:743} INFO - Processing file /home/ubuntu/venv/lib/python3.10/site-packages/airflow/example_dags/example_xcomargs.py for tasks to queue
[2023-07-09T15:47:04.123+0000] {logging_mixin.py:137} INFO - [2023-07-09T15:47:04.123+0000] {dagbag.py:538} INFO - Filling up the DagBag from /home/ubuntu/venv/lib/python3.10/site-packages/airflow/example_dags/example_xcomargs.py
[2023-07-09T15:47:04.160+0000] {processor.py:753} INFO - DAG(s) dict_keys(['example_xcom_args_with_operators', 'example_xcom_args']) retrieved from /home/ubuntu/venv/lib/python3.10/site-packages/airflow/example_dags/example_xcomargs.py
[2023-07-09T15:47:04.239+0000] {logging_mixin.py:137} INFO - [2023-07-09T15:47:04.238+0000] {dag.py:2676} INFO - Sync 2 DAGs
[2023-07-09T15:47:04.273+0000] {logging_mixin.py:137} INFO - [2023-07-09T15:47:04.273+0000] {dag.py:3423} INFO - Setting next_dagrun for example_xcom_args to None, run_after=None
[2023-07-09T15:47:04.279+0000] {logging_mixin.py:137} INFO - [2023-07-09T15:47:04.279+0000] {dag.py:3423} INFO - Setting next_dagrun for example_xcom_args_with_operators to None, run_after=None
[2023-07-09T15:47:04.308+0000] {processor.py:175} INFO - Processing /home/ubuntu/venv/lib/python3.10/site-packages/airflow/example_dags/example_xcomargs.py took 0.191 seconds
[2023-07-09T15:47:34.562+0000] {processor.py:153} INFO - Started process (PID=1791) to work on /home/ubuntu/venv/lib/python3.10/site-packages/airflow/example_dags/example_xcomargs.py
[2023-07-09T15:47:34.564+0000] {processor.py:743} INFO - Processing file /home/ubuntu/venv/lib/python3.10/site-packages/airflow/example_dags/example_xcomargs.py for tasks to queue
[2023-07-09T15:47:34.565+0000] {logging_mixin.py:137} INFO - [2023-07-09T15:47:34.565+0000] {dagbag.py:538} INFO - Filling up the DagBag from /home/ubuntu/venv/lib/python3.10/site-packages/airflow/example_dags/example_xcomargs.py
[2023-07-09T15:47:34.610+0000] {processor.py:753} INFO - DAG(s) dict_keys(['example_xcom_args_with_operators', 'example_xcom_args']) retrieved from /home/ubuntu/venv/lib/python3.10/site-packages/airflow/example_dags/example_xcomargs.py
[2023-07-09T15:47:34.681+0000] {logging_mixin.py:137} INFO - [2023-07-09T15:47:34.681+0000] {dag.py:2676} INFO - Sync 2 DAGs
[2023-07-09T15:47:34.712+0000] {logging_mixin.py:137} INFO - [2023-07-09T15:47:34.712+0000] {dag.py:3423} INFO - Setting next_dagrun for example_xcom_args to None, run_after=None
[2023-07-09T15:47:34.716+0000] {logging_mixin.py:137} INFO - [2023-07-09T15:47:34.716+0000] {dag.py:3423} INFO - Setting next_dagrun for example_xcom_args_with_operators to None, run_after=None
[2023-07-09T15:47:34.737+0000] {processor.py:175} INFO - Processing /home/ubuntu/venv/lib/python3.10/site-packages/airflow/example_dags/example_xcomargs.py took 0.180 seconds
[2023-07-09T15:49:51.979+0000] {processor.py:153} INFO - Started process (PID=2124) to work on /home/ubuntu/venv/lib/python3.10/site-packages/airflow/example_dags/example_xcomargs.py
[2023-07-09T15:49:51.980+0000] {processor.py:743} INFO - Processing file /home/ubuntu/venv/lib/python3.10/site-packages/airflow/example_dags/example_xcomargs.py for tasks to queue
[2023-07-09T15:49:51.981+0000] {logging_mixin.py:137} INFO - [2023-07-09T15:49:51.981+0000] {dagbag.py:538} INFO - Filling up the DagBag from /home/ubuntu/venv/lib/python3.10/site-packages/airflow/example_dags/example_xcomargs.py
[2023-07-09T15:49:52.017+0000] {processor.py:753} INFO - DAG(s) dict_keys(['example_xcom_args_with_operators', 'example_xcom_args']) retrieved from /home/ubuntu/venv/lib/python3.10/site-packages/airflow/example_dags/example_xcomargs.py
[2023-07-09T15:49:52.090+0000] {logging_mixin.py:137} INFO - [2023-07-09T15:49:52.090+0000] {dag.py:2676} INFO - Sync 2 DAGs
[2023-07-09T15:49:52.121+0000] {logging_mixin.py:137} INFO - [2023-07-09T15:49:52.120+0000] {dag.py:3423} INFO - Setting next_dagrun for example_xcom_args to None, run_after=None
[2023-07-09T15:49:52.125+0000] {logging_mixin.py:137} INFO - [2023-07-09T15:49:52.125+0000] {dag.py:3423} INFO - Setting next_dagrun for example_xcom_args_with_operators to None, run_after=None
[2023-07-09T15:49:52.144+0000] {processor.py:175} INFO - Processing /home/ubuntu/venv/lib/python3.10/site-packages/airflow/example_dags/example_xcomargs.py took 0.170 seconds
[2023-07-09T15:50:23.063+0000] {processor.py:153} INFO - Started process (PID=2360) to work on /home/ubuntu/venv/lib/python3.10/site-packages/airflow/example_dags/example_xcomargs.py
[2023-07-09T15:50:23.064+0000] {processor.py:743} INFO - Processing file /home/ubuntu/venv/lib/python3.10/site-packages/airflow/example_dags/example_xcomargs.py for tasks to queue
[2023-07-09T15:50:23.065+0000] {logging_mixin.py:137} INFO - [2023-07-09T15:50:23.065+0000] {dagbag.py:538} INFO - Filling up the DagBag from /home/ubuntu/venv/lib/python3.10/site-packages/airflow/example_dags/example_xcomargs.py
[2023-07-09T15:50:23.107+0000] {processor.py:753} INFO - DAG(s) dict_keys(['example_xcom_args', 'example_xcom_args_with_operators']) retrieved from /home/ubuntu/venv/lib/python3.10/site-packages/airflow/example_dags/example_xcomargs.py
[2023-07-09T15:50:23.191+0000] {logging_mixin.py:137} INFO - [2023-07-09T15:50:23.191+0000] {dag.py:2676} INFO - Sync 2 DAGs
[2023-07-09T15:50:23.227+0000] {logging_mixin.py:137} INFO - [2023-07-09T15:50:23.226+0000] {dag.py:3423} INFO - Setting next_dagrun for example_xcom_args to None, run_after=None
[2023-07-09T15:50:23.232+0000] {logging_mixin.py:137} INFO - [2023-07-09T15:50:23.232+0000] {dag.py:3423} INFO - Setting next_dagrun for example_xcom_args_with_operators to None, run_after=None
[2023-07-09T15:50:23.253+0000] {processor.py:175} INFO - Processing /home/ubuntu/venv/lib/python3.10/site-packages/airflow/example_dags/example_xcomargs.py took 0.193 seconds
[2023-07-09T16:47:15.462+0000] {processor.py:153} INFO - Started process (PID=3423) to work on /home/ubuntu/venv/lib/python3.10/site-packages/airflow/example_dags/example_xcomargs.py
[2023-07-09T16:47:15.464+0000] {processor.py:743} INFO - Processing file /home/ubuntu/venv/lib/python3.10/site-packages/airflow/example_dags/example_xcomargs.py for tasks to queue
[2023-07-09T16:47:15.465+0000] {logging_mixin.py:137} INFO - [2023-07-09T16:47:15.465+0000] {dagbag.py:538} INFO - Filling up the DagBag from /home/ubuntu/venv/lib/python3.10/site-packages/airflow/example_dags/example_xcomargs.py
[2023-07-09T16:47:15.506+0000] {processor.py:753} INFO - DAG(s) dict_keys(['example_xcom_args', 'example_xcom_args_with_operators']) retrieved from /home/ubuntu/venv/lib/python3.10/site-packages/airflow/example_dags/example_xcomargs.py
[2023-07-09T16:47:15.582+0000] {logging_mixin.py:137} INFO - [2023-07-09T16:47:15.582+0000] {dag.py:2676} INFO - Sync 2 DAGs
[2023-07-09T16:47:15.617+0000] {logging_mixin.py:137} INFO - [2023-07-09T16:47:15.616+0000] {dag.py:3423} INFO - Setting next_dagrun for example_xcom_args to None, run_after=None
[2023-07-09T16:47:15.622+0000] {logging_mixin.py:137} INFO - [2023-07-09T16:47:15.622+0000] {dag.py:3423} INFO - Setting next_dagrun for example_xcom_args_with_operators to None, run_after=None
[2023-07-09T16:47:15.646+0000] {processor.py:175} INFO - Processing /home/ubuntu/venv/lib/python3.10/site-packages/airflow/example_dags/example_xcomargs.py took 0.189 seconds
[2023-07-09T16:47:46.903+0000] {processor.py:153} INFO - Started process (PID=3792) to work on /home/ubuntu/venv/lib/python3.10/site-packages/airflow/example_dags/example_xcomargs.py
[2023-07-09T16:47:46.905+0000] {processor.py:743} INFO - Processing file /home/ubuntu/venv/lib/python3.10/site-packages/airflow/example_dags/example_xcomargs.py for tasks to queue
[2023-07-09T16:47:46.906+0000] {logging_mixin.py:137} INFO - [2023-07-09T16:47:46.905+0000] {dagbag.py:538} INFO - Filling up the DagBag from /home/ubuntu/venv/lib/python3.10/site-packages/airflow/example_dags/example_xcomargs.py
[2023-07-09T16:47:46.941+0000] {processor.py:753} INFO - DAG(s) dict_keys(['example_xcom_args_with_operators', 'example_xcom_args']) retrieved from /home/ubuntu/venv/lib/python3.10/site-packages/airflow/example_dags/example_xcomargs.py
[2023-07-09T16:47:47.015+0000] {logging_mixin.py:137} INFO - [2023-07-09T16:47:47.015+0000] {dag.py:2676} INFO - Sync 2 DAGs
[2023-07-09T16:47:47.049+0000] {logging_mixin.py:137} INFO - [2023-07-09T16:47:47.049+0000] {dag.py:3423} INFO - Setting next_dagrun for example_xcom_args to None, run_after=None
[2023-07-09T16:47:47.054+0000] {logging_mixin.py:137} INFO - [2023-07-09T16:47:47.054+0000] {dag.py:3423} INFO - Setting next_dagrun for example_xcom_args_with_operators to None, run_after=None
[2023-07-09T16:47:47.086+0000] {processor.py:175} INFO - Processing /home/ubuntu/venv/lib/python3.10/site-packages/airflow/example_dags/example_xcomargs.py took 0.187 seconds
[2023-07-09T16:48:17.499+0000] {processor.py:153} INFO - Started process (PID=4032) to work on /home/ubuntu/venv/lib/python3.10/site-packages/airflow/example_dags/example_xcomargs.py
[2023-07-09T16:48:17.500+0000] {processor.py:743} INFO - Processing file /home/ubuntu/venv/lib/python3.10/site-packages/airflow/example_dags/example_xcomargs.py for tasks to queue
[2023-07-09T16:48:17.501+0000] {logging_mixin.py:137} INFO - [2023-07-09T16:48:17.501+0000] {dagbag.py:538} INFO - Filling up the DagBag from /home/ubuntu/venv/lib/python3.10/site-packages/airflow/example_dags/example_xcomargs.py
[2023-07-09T16:48:17.546+0000] {processor.py:753} INFO - DAG(s) dict_keys(['example_xcom_args', 'example_xcom_args_with_operators']) retrieved from /home/ubuntu/venv/lib/python3.10/site-packages/airflow/example_dags/example_xcomargs.py
[2023-07-09T16:48:17.628+0000] {logging_mixin.py:137} INFO - [2023-07-09T16:48:17.628+0000] {dag.py:2676} INFO - Sync 2 DAGs
[2023-07-09T16:48:17.670+0000] {logging_mixin.py:137} INFO - [2023-07-09T16:48:17.670+0000] {dag.py:3423} INFO - Setting next_dagrun for example_xcom_args to None, run_after=None
[2023-07-09T16:48:17.678+0000] {logging_mixin.py:137} INFO - [2023-07-09T16:48:17.678+0000] {dag.py:3423} INFO - Setting next_dagrun for example_xcom_args_with_operators to None, run_after=None
[2023-07-09T16:48:17.707+0000] {processor.py:175} INFO - Processing /home/ubuntu/venv/lib/python3.10/site-packages/airflow/example_dags/example_xcomargs.py took 0.212 seconds
[2023-07-09T16:48:48.110+0000] {processor.py:153} INFO - Started process (PID=4268) to work on /home/ubuntu/venv/lib/python3.10/site-packages/airflow/example_dags/example_xcomargs.py
[2023-07-09T16:48:48.111+0000] {processor.py:743} INFO - Processing file /home/ubuntu/venv/lib/python3.10/site-packages/airflow/example_dags/example_xcomargs.py for tasks to queue
[2023-07-09T16:48:48.112+0000] {logging_mixin.py:137} INFO - [2023-07-09T16:48:48.112+0000] {dagbag.py:538} INFO - Filling up the DagBag from /home/ubuntu/venv/lib/python3.10/site-packages/airflow/example_dags/example_xcomargs.py
[2023-07-09T16:48:48.161+0000] {processor.py:753} INFO - DAG(s) dict_keys(['example_xcom_args_with_operators', 'example_xcom_args']) retrieved from /home/ubuntu/venv/lib/python3.10/site-packages/airflow/example_dags/example_xcomargs.py
[2023-07-09T16:48:48.239+0000] {logging_mixin.py:137} INFO - [2023-07-09T16:48:48.238+0000] {dag.py:2676} INFO - Sync 2 DAGs
[2023-07-09T16:48:48.274+0000] {logging_mixin.py:137} INFO - [2023-07-09T16:48:48.274+0000] {dag.py:3423} INFO - Setting next_dagrun for example_xcom_args to None, run_after=None
[2023-07-09T16:48:48.279+0000] {logging_mixin.py:137} INFO - [2023-07-09T16:48:48.278+0000] {dag.py:3423} INFO - Setting next_dagrun for example_xcom_args_with_operators to None, run_after=None
[2023-07-09T16:48:48.299+0000] {processor.py:175} INFO - Processing /home/ubuntu/venv/lib/python3.10/site-packages/airflow/example_dags/example_xcomargs.py took 0.194 seconds
[2023-07-09T16:49:19.031+0000] {processor.py:153} INFO - Started process (PID=4492) to work on /home/ubuntu/venv/lib/python3.10/site-packages/airflow/example_dags/example_xcomargs.py
[2023-07-09T16:49:19.032+0000] {processor.py:743} INFO - Processing file /home/ubuntu/venv/lib/python3.10/site-packages/airflow/example_dags/example_xcomargs.py for tasks to queue
[2023-07-09T16:49:19.033+0000] {logging_mixin.py:137} INFO - [2023-07-09T16:49:19.033+0000] {dagbag.py:538} INFO - Filling up the DagBag from /home/ubuntu/venv/lib/python3.10/site-packages/airflow/example_dags/example_xcomargs.py
[2023-07-09T16:49:19.066+0000] {processor.py:753} INFO - DAG(s) dict_keys(['example_xcom_args', 'example_xcom_args_with_operators']) retrieved from /home/ubuntu/venv/lib/python3.10/site-packages/airflow/example_dags/example_xcomargs.py
[2023-07-09T16:49:19.136+0000] {logging_mixin.py:137} INFO - [2023-07-09T16:49:19.136+0000] {dag.py:2676} INFO - Sync 2 DAGs
[2023-07-09T16:49:19.171+0000] {logging_mixin.py:137} INFO - [2023-07-09T16:49:19.171+0000] {dag.py:3423} INFO - Setting next_dagrun for example_xcom_args to None, run_after=None
[2023-07-09T16:49:19.176+0000] {logging_mixin.py:137} INFO - [2023-07-09T16:49:19.176+0000] {dag.py:3423} INFO - Setting next_dagrun for example_xcom_args_with_operators to None, run_after=None
[2023-07-09T16:49:19.196+0000] {processor.py:175} INFO - Processing /home/ubuntu/venv/lib/python3.10/site-packages/airflow/example_dags/example_xcomargs.py took 0.170 seconds
[2023-07-09T16:49:49.417+0000] {processor.py:153} INFO - Started process (PID=4727) to work on /home/ubuntu/venv/lib/python3.10/site-packages/airflow/example_dags/example_xcomargs.py
[2023-07-09T16:49:49.418+0000] {processor.py:743} INFO - Processing file /home/ubuntu/venv/lib/python3.10/site-packages/airflow/example_dags/example_xcomargs.py for tasks to queue
[2023-07-09T16:49:49.419+0000] {logging_mixin.py:137} INFO - [2023-07-09T16:49:49.419+0000] {dagbag.py:538} INFO - Filling up the DagBag from /home/ubuntu/venv/lib/python3.10/site-packages/airflow/example_dags/example_xcomargs.py
[2023-07-09T16:49:49.454+0000] {processor.py:753} INFO - DAG(s) dict_keys(['example_xcom_args', 'example_xcom_args_with_operators']) retrieved from /home/ubuntu/venv/lib/python3.10/site-packages/airflow/example_dags/example_xcomargs.py
[2023-07-09T16:49:49.526+0000] {logging_mixin.py:137} INFO - [2023-07-09T16:49:49.526+0000] {dag.py:2676} INFO - Sync 2 DAGs
[2023-07-09T16:49:49.557+0000] {logging_mixin.py:137} INFO - [2023-07-09T16:49:49.557+0000] {dag.py:3423} INFO - Setting next_dagrun for example_xcom_args to None, run_after=None
[2023-07-09T16:49:49.562+0000] {logging_mixin.py:137} INFO - [2023-07-09T16:49:49.561+0000] {dag.py:3423} INFO - Setting next_dagrun for example_xcom_args_with_operators to None, run_after=None
[2023-07-09T16:49:49.582+0000] {processor.py:175} INFO - Processing /home/ubuntu/venv/lib/python3.10/site-packages/airflow/example_dags/example_xcomargs.py took 0.169 seconds
[2023-07-09T16:50:20.059+0000] {processor.py:153} INFO - Started process (PID=4962) to work on /home/ubuntu/venv/lib/python3.10/site-packages/airflow/example_dags/example_xcomargs.py
[2023-07-09T16:50:20.061+0000] {processor.py:743} INFO - Processing file /home/ubuntu/venv/lib/python3.10/site-packages/airflow/example_dags/example_xcomargs.py for tasks to queue
[2023-07-09T16:50:20.061+0000] {logging_mixin.py:137} INFO - [2023-07-09T16:50:20.061+0000] {dagbag.py:538} INFO - Filling up the DagBag from /home/ubuntu/venv/lib/python3.10/site-packages/airflow/example_dags/example_xcomargs.py
[2023-07-09T16:50:20.108+0000] {processor.py:753} INFO - DAG(s) dict_keys(['example_xcom_args_with_operators', 'example_xcom_args']) retrieved from /home/ubuntu/venv/lib/python3.10/site-packages/airflow/example_dags/example_xcomargs.py
[2023-07-09T16:50:20.180+0000] {logging_mixin.py:137} INFO - [2023-07-09T16:50:20.180+0000] {dag.py:2676} INFO - Sync 2 DAGs
[2023-07-09T16:50:20.217+0000] {logging_mixin.py:137} INFO - [2023-07-09T16:50:20.217+0000] {dag.py:3423} INFO - Setting next_dagrun for example_xcom_args to None, run_after=None
[2023-07-09T16:50:20.221+0000] {logging_mixin.py:137} INFO - [2023-07-09T16:50:20.221+0000] {dag.py:3423} INFO - Setting next_dagrun for example_xcom_args_with_operators to None, run_after=None
[2023-07-09T16:50:20.241+0000] {processor.py:175} INFO - Processing /home/ubuntu/venv/lib/python3.10/site-packages/airflow/example_dags/example_xcomargs.py took 0.186 seconds
[2023-07-09T16:50:50.871+0000] {processor.py:153} INFO - Started process (PID=5199) to work on /home/ubuntu/venv/lib/python3.10/site-packages/airflow/example_dags/example_xcomargs.py
[2023-07-09T16:50:50.872+0000] {processor.py:743} INFO - Processing file /home/ubuntu/venv/lib/python3.10/site-packages/airflow/example_dags/example_xcomargs.py for tasks to queue
[2023-07-09T16:50:50.872+0000] {logging_mixin.py:137} INFO - [2023-07-09T16:50:50.872+0000] {dagbag.py:538} INFO - Filling up the DagBag from /home/ubuntu/venv/lib/python3.10/site-packages/airflow/example_dags/example_xcomargs.py
[2023-07-09T16:50:50.925+0000] {processor.py:753} INFO - DAG(s) dict_keys(['example_xcom_args_with_operators', 'example_xcom_args']) retrieved from /home/ubuntu/venv/lib/python3.10/site-packages/airflow/example_dags/example_xcomargs.py
[2023-07-09T16:50:51.007+0000] {logging_mixin.py:137} INFO - [2023-07-09T16:50:51.007+0000] {dag.py:2676} INFO - Sync 2 DAGs
[2023-07-09T16:50:51.054+0000] {logging_mixin.py:137} INFO - [2023-07-09T16:50:51.054+0000] {dag.py:3423} INFO - Setting next_dagrun for example_xcom_args to None, run_after=None
[2023-07-09T16:50:51.059+0000] {logging_mixin.py:137} INFO - [2023-07-09T16:50:51.059+0000] {dag.py:3423} INFO - Setting next_dagrun for example_xcom_args_with_operators to None, run_after=None
[2023-07-09T16:50:51.083+0000] {processor.py:175} INFO - Processing /home/ubuntu/venv/lib/python3.10/site-packages/airflow/example_dags/example_xcomargs.py took 0.217 seconds
[2023-07-09T16:54:52.214+0000] {processor.py:153} INFO - Started process (PID=5696) to work on /home/ubuntu/venv/lib/python3.10/site-packages/airflow/example_dags/example_xcomargs.py
[2023-07-09T16:54:52.219+0000] {processor.py:743} INFO - Processing file /home/ubuntu/venv/lib/python3.10/site-packages/airflow/example_dags/example_xcomargs.py for tasks to queue
[2023-07-09T16:54:52.221+0000] {logging_mixin.py:137} INFO - [2023-07-09T16:54:52.221+0000] {dagbag.py:538} INFO - Filling up the DagBag from /home/ubuntu/venv/lib/python3.10/site-packages/airflow/example_dags/example_xcomargs.py
[2023-07-09T16:54:52.377+0000] {processor.py:753} INFO - DAG(s) dict_keys(['example_xcom_args', 'example_xcom_args_with_operators']) retrieved from /home/ubuntu/venv/lib/python3.10/site-packages/airflow/example_dags/example_xcomargs.py
[2023-07-09T16:54:52.640+0000] {logging_mixin.py:137} INFO - [2023-07-09T16:54:52.639+0000] {dag.py:2676} INFO - Sync 2 DAGs
[2023-07-09T16:54:52.777+0000] {logging_mixin.py:137} INFO - [2023-07-09T16:54:52.776+0000] {dag.py:3423} INFO - Setting next_dagrun for example_xcom_args to None, run_after=None
[2023-07-09T16:54:52.797+0000] {logging_mixin.py:137} INFO - [2023-07-09T16:54:52.797+0000] {dag.py:3423} INFO - Setting next_dagrun for example_xcom_args_with_operators to None, run_after=None
[2023-07-09T16:54:52.874+0000] {processor.py:175} INFO - Processing /home/ubuntu/venv/lib/python3.10/site-packages/airflow/example_dags/example_xcomargs.py took 0.665 seconds
[2023-07-09T16:55:23.846+0000] {processor.py:153} INFO - Started process (PID=6010) to work on /home/ubuntu/venv/lib/python3.10/site-packages/airflow/example_dags/example_xcomargs.py
[2023-07-09T16:55:23.848+0000] {processor.py:743} INFO - Processing file /home/ubuntu/venv/lib/python3.10/site-packages/airflow/example_dags/example_xcomargs.py for tasks to queue
[2023-07-09T16:55:23.849+0000] {logging_mixin.py:137} INFO - [2023-07-09T16:55:23.849+0000] {dagbag.py:538} INFO - Filling up the DagBag from /home/ubuntu/venv/lib/python3.10/site-packages/airflow/example_dags/example_xcomargs.py
[2023-07-09T16:55:23.891+0000] {processor.py:753} INFO - DAG(s) dict_keys(['example_xcom_args', 'example_xcom_args_with_operators']) retrieved from /home/ubuntu/venv/lib/python3.10/site-packages/airflow/example_dags/example_xcomargs.py
[2023-07-09T16:55:23.977+0000] {logging_mixin.py:137} INFO - [2023-07-09T16:55:23.977+0000] {dag.py:2676} INFO - Sync 2 DAGs
[2023-07-09T16:55:24.023+0000] {logging_mixin.py:137} INFO - [2023-07-09T16:55:24.023+0000] {dag.py:3423} INFO - Setting next_dagrun for example_xcom_args to None, run_after=None
[2023-07-09T16:55:24.029+0000] {logging_mixin.py:137} INFO - [2023-07-09T16:55:24.029+0000] {dag.py:3423} INFO - Setting next_dagrun for example_xcom_args_with_operators to None, run_after=None
[2023-07-09T16:55:24.053+0000] {processor.py:175} INFO - Processing /home/ubuntu/venv/lib/python3.10/site-packages/airflow/example_dags/example_xcomargs.py took 0.212 seconds
[2023-07-09T16:55:54.268+0000] {processor.py:153} INFO - Started process (PID=6246) to work on /home/ubuntu/venv/lib/python3.10/site-packages/airflow/example_dags/example_xcomargs.py
[2023-07-09T16:55:54.269+0000] {processor.py:743} INFO - Processing file /home/ubuntu/venv/lib/python3.10/site-packages/airflow/example_dags/example_xcomargs.py for tasks to queue
[2023-07-09T16:55:54.270+0000] {logging_mixin.py:137} INFO - [2023-07-09T16:55:54.270+0000] {dagbag.py:538} INFO - Filling up the DagBag from /home/ubuntu/venv/lib/python3.10/site-packages/airflow/example_dags/example_xcomargs.py
[2023-07-09T16:55:54.306+0000] {processor.py:753} INFO - DAG(s) dict_keys(['example_xcom_args', 'example_xcom_args_with_operators']) retrieved from /home/ubuntu/venv/lib/python3.10/site-packages/airflow/example_dags/example_xcomargs.py
[2023-07-09T16:55:54.371+0000] {logging_mixin.py:137} INFO - [2023-07-09T16:55:54.371+0000] {dag.py:2676} INFO - Sync 2 DAGs
[2023-07-09T16:55:54.395+0000] {logging_mixin.py:137} INFO - [2023-07-09T16:55:54.395+0000] {dag.py:3423} INFO - Setting next_dagrun for example_xcom_args to None, run_after=None
[2023-07-09T16:55:54.401+0000] {logging_mixin.py:137} INFO - [2023-07-09T16:55:54.401+0000] {dag.py:3423} INFO - Setting next_dagrun for example_xcom_args_with_operators to None, run_after=None
[2023-07-09T16:55:54.420+0000] {processor.py:175} INFO - Processing /home/ubuntu/venv/lib/python3.10/site-packages/airflow/example_dags/example_xcomargs.py took 0.156 seconds
[2023-07-09T16:56:25.227+0000] {processor.py:153} INFO - Started process (PID=6472) to work on /home/ubuntu/venv/lib/python3.10/site-packages/airflow/example_dags/example_xcomargs.py
[2023-07-09T16:56:25.229+0000] {processor.py:743} INFO - Processing file /home/ubuntu/venv/lib/python3.10/site-packages/airflow/example_dags/example_xcomargs.py for tasks to queue
[2023-07-09T16:56:25.230+0000] {logging_mixin.py:137} INFO - [2023-07-09T16:56:25.229+0000] {dagbag.py:538} INFO - Filling up the DagBag from /home/ubuntu/venv/lib/python3.10/site-packages/airflow/example_dags/example_xcomargs.py
[2023-07-09T16:56:25.267+0000] {processor.py:753} INFO - DAG(s) dict_keys(['example_xcom_args', 'example_xcom_args_with_operators']) retrieved from /home/ubuntu/venv/lib/python3.10/site-packages/airflow/example_dags/example_xcomargs.py
[2023-07-09T16:56:25.386+0000] {logging_mixin.py:137} INFO - [2023-07-09T16:56:25.385+0000] {dag.py:2676} INFO - Sync 2 DAGs
[2023-07-09T16:56:25.423+0000] {logging_mixin.py:137} INFO - [2023-07-09T16:56:25.423+0000] {dag.py:3423} INFO - Setting next_dagrun for example_xcom_args to None, run_after=None
[2023-07-09T16:56:25.428+0000] {logging_mixin.py:137} INFO - [2023-07-09T16:56:25.427+0000] {dag.py:3423} INFO - Setting next_dagrun for example_xcom_args_with_operators to None, run_after=None
[2023-07-09T16:56:25.450+0000] {processor.py:175} INFO - Processing /home/ubuntu/venv/lib/python3.10/site-packages/airflow/example_dags/example_xcomargs.py took 0.227 seconds
[2023-07-09T16:56:56.030+0000] {processor.py:153} INFO - Started process (PID=6732) to work on /home/ubuntu/venv/lib/python3.10/site-packages/airflow/example_dags/example_xcomargs.py
[2023-07-09T16:56:56.032+0000] {processor.py:743} INFO - Processing file /home/ubuntu/venv/lib/python3.10/site-packages/airflow/example_dags/example_xcomargs.py for tasks to queue
[2023-07-09T16:56:56.032+0000] {logging_mixin.py:137} INFO - [2023-07-09T16:56:56.032+0000] {dagbag.py:538} INFO - Filling up the DagBag from /home/ubuntu/venv/lib/python3.10/site-packages/airflow/example_dags/example_xcomargs.py
[2023-07-09T16:56:56.080+0000] {processor.py:753} INFO - DAG(s) dict_keys(['example_xcom_args_with_operators', 'example_xcom_args']) retrieved from /home/ubuntu/venv/lib/python3.10/site-packages/airflow/example_dags/example_xcomargs.py
[2023-07-09T16:56:56.167+0000] {logging_mixin.py:137} INFO - [2023-07-09T16:56:56.167+0000] {dag.py:2676} INFO - Sync 2 DAGs
[2023-07-09T16:56:56.227+0000] {logging_mixin.py:137} INFO - [2023-07-09T16:56:56.226+0000] {dag.py:3423} INFO - Setting next_dagrun for example_xcom_args to None, run_after=None
[2023-07-09T16:56:56.236+0000] {logging_mixin.py:137} INFO - [2023-07-09T16:56:56.236+0000] {dag.py:3423} INFO - Setting next_dagrun for example_xcom_args_with_operators to None, run_after=None
[2023-07-09T16:56:56.260+0000] {processor.py:175} INFO - Processing /home/ubuntu/venv/lib/python3.10/site-packages/airflow/example_dags/example_xcomargs.py took 0.236 seconds
[2023-07-09T16:57:26.967+0000] {processor.py:153} INFO - Started process (PID=6973) to work on /home/ubuntu/venv/lib/python3.10/site-packages/airflow/example_dags/example_xcomargs.py
[2023-07-09T16:57:26.968+0000] {processor.py:743} INFO - Processing file /home/ubuntu/venv/lib/python3.10/site-packages/airflow/example_dags/example_xcomargs.py for tasks to queue
[2023-07-09T16:57:26.969+0000] {logging_mixin.py:137} INFO - [2023-07-09T16:57:26.969+0000] {dagbag.py:538} INFO - Filling up the DagBag from /home/ubuntu/venv/lib/python3.10/site-packages/airflow/example_dags/example_xcomargs.py
[2023-07-09T16:57:27.001+0000] {processor.py:753} INFO - DAG(s) dict_keys(['example_xcom_args', 'example_xcom_args_with_operators']) retrieved from /home/ubuntu/venv/lib/python3.10/site-packages/airflow/example_dags/example_xcomargs.py
[2023-07-09T16:57:27.069+0000] {logging_mixin.py:137} INFO - [2023-07-09T16:57:27.069+0000] {dag.py:2676} INFO - Sync 2 DAGs
[2023-07-09T16:57:27.099+0000] {logging_mixin.py:137} INFO - [2023-07-09T16:57:27.099+0000] {dag.py:3423} INFO - Setting next_dagrun for example_xcom_args to None, run_after=None
[2023-07-09T16:57:27.105+0000] {logging_mixin.py:137} INFO - [2023-07-09T16:57:27.105+0000] {dag.py:3423} INFO - Setting next_dagrun for example_xcom_args_with_operators to None, run_after=None
[2023-07-09T16:57:27.123+0000] {processor.py:175} INFO - Processing /home/ubuntu/venv/lib/python3.10/site-packages/airflow/example_dags/example_xcomargs.py took 0.161 seconds
[2023-07-09T16:57:57.836+0000] {processor.py:153} INFO - Started process (PID=7200) to work on /home/ubuntu/venv/lib/python3.10/site-packages/airflow/example_dags/example_xcomargs.py
[2023-07-09T16:57:57.838+0000] {processor.py:743} INFO - Processing file /home/ubuntu/venv/lib/python3.10/site-packages/airflow/example_dags/example_xcomargs.py for tasks to queue
[2023-07-09T16:57:57.839+0000] {logging_mixin.py:137} INFO - [2023-07-09T16:57:57.839+0000] {dagbag.py:538} INFO - Filling up the DagBag from /home/ubuntu/venv/lib/python3.10/site-packages/airflow/example_dags/example_xcomargs.py
[2023-07-09T16:57:57.880+0000] {processor.py:753} INFO - DAG(s) dict_keys(['example_xcom_args', 'example_xcom_args_with_operators']) retrieved from /home/ubuntu/venv/lib/python3.10/site-packages/airflow/example_dags/example_xcomargs.py
[2023-07-09T16:57:57.961+0000] {logging_mixin.py:137} INFO - [2023-07-09T16:57:57.960+0000] {dag.py:2676} INFO - Sync 2 DAGs
[2023-07-09T16:57:57.994+0000] {logging_mixin.py:137} INFO - [2023-07-09T16:57:57.994+0000] {dag.py:3423} INFO - Setting next_dagrun for example_xcom_args to None, run_after=None
[2023-07-09T16:57:57.999+0000] {logging_mixin.py:137} INFO - [2023-07-09T16:57:57.999+0000] {dag.py:3423} INFO - Setting next_dagrun for example_xcom_args_with_operators to None, run_after=None
[2023-07-09T16:57:58.022+0000] {processor.py:175} INFO - Processing /home/ubuntu/venv/lib/python3.10/site-packages/airflow/example_dags/example_xcomargs.py took 0.191 seconds
[2023-07-09T16:58:28.916+0000] {processor.py:153} INFO - Started process (PID=7435) to work on /home/ubuntu/venv/lib/python3.10/site-packages/airflow/example_dags/example_xcomargs.py
[2023-07-09T16:58:28.918+0000] {processor.py:743} INFO - Processing file /home/ubuntu/venv/lib/python3.10/site-packages/airflow/example_dags/example_xcomargs.py for tasks to queue
[2023-07-09T16:58:28.918+0000] {logging_mixin.py:137} INFO - [2023-07-09T16:58:28.918+0000] {dagbag.py:538} INFO - Filling up the DagBag from /home/ubuntu/venv/lib/python3.10/site-packages/airflow/example_dags/example_xcomargs.py
[2023-07-09T16:58:28.951+0000] {processor.py:753} INFO - DAG(s) dict_keys(['example_xcom_args', 'example_xcom_args_with_operators']) retrieved from /home/ubuntu/venv/lib/python3.10/site-packages/airflow/example_dags/example_xcomargs.py
[2023-07-09T16:58:29.017+0000] {logging_mixin.py:137} INFO - [2023-07-09T16:58:29.017+0000] {dag.py:2676} INFO - Sync 2 DAGs
[2023-07-09T16:58:29.048+0000] {logging_mixin.py:137} INFO - [2023-07-09T16:58:29.048+0000] {dag.py:3423} INFO - Setting next_dagrun for example_xcom_args to None, run_after=None
[2023-07-09T16:58:29.052+0000] {logging_mixin.py:137} INFO - [2023-07-09T16:58:29.052+0000] {dag.py:3423} INFO - Setting next_dagrun for example_xcom_args_with_operators to None, run_after=None
[2023-07-09T16:58:29.074+0000] {processor.py:175} INFO - Processing /home/ubuntu/venv/lib/python3.10/site-packages/airflow/example_dags/example_xcomargs.py took 0.163 seconds
[2023-07-09T16:58:59.270+0000] {processor.py:153} INFO - Started process (PID=7666) to work on /home/ubuntu/venv/lib/python3.10/site-packages/airflow/example_dags/example_xcomargs.py
[2023-07-09T16:58:59.272+0000] {processor.py:743} INFO - Processing file /home/ubuntu/venv/lib/python3.10/site-packages/airflow/example_dags/example_xcomargs.py for tasks to queue
[2023-07-09T16:58:59.273+0000] {logging_mixin.py:137} INFO - [2023-07-09T16:58:59.273+0000] {dagbag.py:538} INFO - Filling up the DagBag from /home/ubuntu/venv/lib/python3.10/site-packages/airflow/example_dags/example_xcomargs.py
[2023-07-09T16:58:59.314+0000] {processor.py:753} INFO - DAG(s) dict_keys(['example_xcom_args_with_operators', 'example_xcom_args']) retrieved from /home/ubuntu/venv/lib/python3.10/site-packages/airflow/example_dags/example_xcomargs.py
[2023-07-09T16:58:59.400+0000] {logging_mixin.py:137} INFO - [2023-07-09T16:58:59.399+0000] {dag.py:2676} INFO - Sync 2 DAGs
[2023-07-09T16:58:59.668+0000] {logging_mixin.py:137} INFO - [2023-07-09T16:58:59.667+0000] {dag.py:3423} INFO - Setting next_dagrun for example_xcom_args to None, run_after=None
[2023-07-09T16:58:59.673+0000] {logging_mixin.py:137} INFO - [2023-07-09T16:58:59.673+0000] {dag.py:3423} INFO - Setting next_dagrun for example_xcom_args_with_operators to None, run_after=None
[2023-07-09T16:58:59.697+0000] {processor.py:175} INFO - Processing /home/ubuntu/venv/lib/python3.10/site-packages/airflow/example_dags/example_xcomargs.py took 0.436 seconds
[2023-07-09T16:59:29.799+0000] {processor.py:153} INFO - Started process (PID=7902) to work on /home/ubuntu/venv/lib/python3.10/site-packages/airflow/example_dags/example_xcomargs.py
[2023-07-09T16:59:29.801+0000] {processor.py:743} INFO - Processing file /home/ubuntu/venv/lib/python3.10/site-packages/airflow/example_dags/example_xcomargs.py for tasks to queue
[2023-07-09T16:59:29.802+0000] {logging_mixin.py:137} INFO - [2023-07-09T16:59:29.802+0000] {dagbag.py:538} INFO - Filling up the DagBag from /home/ubuntu/venv/lib/python3.10/site-packages/airflow/example_dags/example_xcomargs.py
[2023-07-09T16:59:29.843+0000] {processor.py:753} INFO - DAG(s) dict_keys(['example_xcom_args', 'example_xcom_args_with_operators']) retrieved from /home/ubuntu/venv/lib/python3.10/site-packages/airflow/example_dags/example_xcomargs.py
[2023-07-09T16:59:29.917+0000] {logging_mixin.py:137} INFO - [2023-07-09T16:59:29.916+0000] {dag.py:2676} INFO - Sync 2 DAGs
[2023-07-09T16:59:30.142+0000] {logging_mixin.py:137} INFO - [2023-07-09T16:59:30.142+0000] {dag.py:3423} INFO - Setting next_dagrun for example_xcom_args to None, run_after=None
[2023-07-09T16:59:30.150+0000] {logging_mixin.py:137} INFO - [2023-07-09T16:59:30.149+0000] {dag.py:3423} INFO - Setting next_dagrun for example_xcom_args_with_operators to None, run_after=None
[2023-07-09T16:59:30.179+0000] {processor.py:175} INFO - Processing /home/ubuntu/venv/lib/python3.10/site-packages/airflow/example_dags/example_xcomargs.py took 0.385 seconds
[2023-07-09T17:00:00.807+0000] {processor.py:153} INFO - Started process (PID=8201) to work on /home/ubuntu/venv/lib/python3.10/site-packages/airflow/example_dags/example_xcomargs.py
[2023-07-09T17:00:00.809+0000] {processor.py:743} INFO - Processing file /home/ubuntu/venv/lib/python3.10/site-packages/airflow/example_dags/example_xcomargs.py for tasks to queue
[2023-07-09T17:00:00.810+0000] {logging_mixin.py:137} INFO - [2023-07-09T17:00:00.810+0000] {dagbag.py:538} INFO - Filling up the DagBag from /home/ubuntu/venv/lib/python3.10/site-packages/airflow/example_dags/example_xcomargs.py
[2023-07-09T17:00:00.881+0000] {processor.py:753} INFO - DAG(s) dict_keys(['example_xcom_args_with_operators', 'example_xcom_args']) retrieved from /home/ubuntu/venv/lib/python3.10/site-packages/airflow/example_dags/example_xcomargs.py
[2023-07-09T17:00:01.526+0000] {logging_mixin.py:137} INFO - [2023-07-09T17:00:01.522+0000] {dag.py:2676} INFO - Sync 2 DAGs
[2023-07-09T17:00:01.660+0000] {logging_mixin.py:137} INFO - [2023-07-09T17:00:01.660+0000] {dag.py:3423} INFO - Setting next_dagrun for example_xcom_args to None, run_after=None
[2023-07-09T17:00:01.693+0000] {logging_mixin.py:137} INFO - [2023-07-09T17:00:01.692+0000] {dag.py:3423} INFO - Setting next_dagrun for example_xcom_args_with_operators to None, run_after=None
[2023-07-09T17:00:01.803+0000] {processor.py:175} INFO - Processing /home/ubuntu/venv/lib/python3.10/site-packages/airflow/example_dags/example_xcomargs.py took 1.001 seconds
[2023-07-09T17:00:30.295+0000] {processor.py:153} INFO - Started process (PID=8561) to work on /home/ubuntu/venv/lib/python3.10/site-packages/airflow/example_dags/example_xcomargs.py
[2023-07-09T17:00:30.297+0000] {processor.py:743} INFO - Processing file /home/ubuntu/venv/lib/python3.10/site-packages/airflow/example_dags/example_xcomargs.py for tasks to queue
[2023-07-09T17:00:30.298+0000] {logging_mixin.py:137} INFO - [2023-07-09T17:00:30.298+0000] {dagbag.py:538} INFO - Filling up the DagBag from /home/ubuntu/venv/lib/python3.10/site-packages/airflow/example_dags/example_xcomargs.py
[2023-07-09T17:00:30.348+0000] {processor.py:753} INFO - DAG(s) dict_keys(['example_xcom_args', 'example_xcom_args_with_operators']) retrieved from /home/ubuntu/venv/lib/python3.10/site-packages/airflow/example_dags/example_xcomargs.py
[2023-07-09T17:00:30.480+0000] {logging_mixin.py:137} INFO - [2023-07-09T17:00:30.480+0000] {dag.py:2676} INFO - Sync 2 DAGs
[2023-07-09T17:00:30.528+0000] {logging_mixin.py:137} INFO - [2023-07-09T17:00:30.528+0000] {dag.py:3423} INFO - Setting next_dagrun for example_xcom_args to None, run_after=None
[2023-07-09T17:00:30.533+0000] {logging_mixin.py:137} INFO - [2023-07-09T17:00:30.532+0000] {dag.py:3423} INFO - Setting next_dagrun for example_xcom_args_with_operators to None, run_after=None
[2023-07-09T17:00:30.575+0000] {processor.py:175} INFO - Processing /home/ubuntu/venv/lib/python3.10/site-packages/airflow/example_dags/example_xcomargs.py took 0.287 seconds
[2023-07-09T17:01:01.256+0000] {processor.py:153} INFO - Started process (PID=8830) to work on /home/ubuntu/venv/lib/python3.10/site-packages/airflow/example_dags/example_xcomargs.py
[2023-07-09T17:01:01.267+0000] {processor.py:743} INFO - Processing file /home/ubuntu/venv/lib/python3.10/site-packages/airflow/example_dags/example_xcomargs.py for tasks to queue
[2023-07-09T17:01:01.268+0000] {logging_mixin.py:137} INFO - [2023-07-09T17:01:01.268+0000] {dagbag.py:538} INFO - Filling up the DagBag from /home/ubuntu/venv/lib/python3.10/site-packages/airflow/example_dags/example_xcomargs.py
[2023-07-09T17:01:01.339+0000] {processor.py:753} INFO - DAG(s) dict_keys(['example_xcom_args_with_operators', 'example_xcom_args']) retrieved from /home/ubuntu/venv/lib/python3.10/site-packages/airflow/example_dags/example_xcomargs.py
[2023-07-09T17:01:01.459+0000] {logging_mixin.py:137} INFO - [2023-07-09T17:01:01.459+0000] {dag.py:2676} INFO - Sync 2 DAGs
[2023-07-09T17:01:01.529+0000] {logging_mixin.py:137} INFO - [2023-07-09T17:01:01.529+0000] {dag.py:3423} INFO - Setting next_dagrun for example_xcom_args to None, run_after=None
[2023-07-09T17:01:01.537+0000] {logging_mixin.py:137} INFO - [2023-07-09T17:01:01.537+0000] {dag.py:3423} INFO - Setting next_dagrun for example_xcom_args_with_operators to None, run_after=None
[2023-07-09T17:01:01.576+0000] {processor.py:175} INFO - Processing /home/ubuntu/venv/lib/python3.10/site-packages/airflow/example_dags/example_xcomargs.py took 0.325 seconds
[2023-07-09T17:01:32.508+0000] {processor.py:153} INFO - Started process (PID=9065) to work on /home/ubuntu/venv/lib/python3.10/site-packages/airflow/example_dags/example_xcomargs.py
[2023-07-09T17:01:32.509+0000] {processor.py:743} INFO - Processing file /home/ubuntu/venv/lib/python3.10/site-packages/airflow/example_dags/example_xcomargs.py for tasks to queue
[2023-07-09T17:01:32.510+0000] {logging_mixin.py:137} INFO - [2023-07-09T17:01:32.510+0000] {dagbag.py:538} INFO - Filling up the DagBag from /home/ubuntu/venv/lib/python3.10/site-packages/airflow/example_dags/example_xcomargs.py
[2023-07-09T17:01:32.550+0000] {processor.py:753} INFO - DAG(s) dict_keys(['example_xcom_args', 'example_xcom_args_with_operators']) retrieved from /home/ubuntu/venv/lib/python3.10/site-packages/airflow/example_dags/example_xcomargs.py
[2023-07-09T17:01:32.626+0000] {logging_mixin.py:137} INFO - [2023-07-09T17:01:32.626+0000] {dag.py:2676} INFO - Sync 2 DAGs
[2023-07-09T17:01:32.657+0000] {logging_mixin.py:137} INFO - [2023-07-09T17:01:32.656+0000] {dag.py:3423} INFO - Setting next_dagrun for example_xcom_args to None, run_after=None
[2023-07-09T17:01:32.661+0000] {logging_mixin.py:137} INFO - [2023-07-09T17:01:32.661+0000] {dag.py:3423} INFO - Setting next_dagrun for example_xcom_args_with_operators to None, run_after=None
[2023-07-09T17:01:32.698+0000] {processor.py:175} INFO - Processing /home/ubuntu/venv/lib/python3.10/site-packages/airflow/example_dags/example_xcomargs.py took 0.195 seconds
[2023-07-09T17:02:03.439+0000] {processor.py:153} INFO - Started process (PID=9325) to work on /home/ubuntu/venv/lib/python3.10/site-packages/airflow/example_dags/example_xcomargs.py
[2023-07-09T17:02:03.441+0000] {processor.py:743} INFO - Processing file /home/ubuntu/venv/lib/python3.10/site-packages/airflow/example_dags/example_xcomargs.py for tasks to queue
[2023-07-09T17:02:03.442+0000] {logging_mixin.py:137} INFO - [2023-07-09T17:02:03.442+0000] {dagbag.py:538} INFO - Filling up the DagBag from /home/ubuntu/venv/lib/python3.10/site-packages/airflow/example_dags/example_xcomargs.py
[2023-07-09T17:02:03.481+0000] {processor.py:753} INFO - DAG(s) dict_keys(['example_xcom_args_with_operators', 'example_xcom_args']) retrieved from /home/ubuntu/venv/lib/python3.10/site-packages/airflow/example_dags/example_xcomargs.py
[2023-07-09T17:02:03.558+0000] {logging_mixin.py:137} INFO - [2023-07-09T17:02:03.558+0000] {dag.py:2676} INFO - Sync 2 DAGs
[2023-07-09T17:02:03.601+0000] {logging_mixin.py:137} INFO - [2023-07-09T17:02:03.601+0000] {dag.py:3423} INFO - Setting next_dagrun for example_xcom_args to None, run_after=None
[2023-07-09T17:02:03.607+0000] {logging_mixin.py:137} INFO - [2023-07-09T17:02:03.607+0000] {dag.py:3423} INFO - Setting next_dagrun for example_xcom_args_with_operators to None, run_after=None
[2023-07-09T17:02:03.633+0000] {processor.py:175} INFO - Processing /home/ubuntu/venv/lib/python3.10/site-packages/airflow/example_dags/example_xcomargs.py took 0.199 seconds
[2023-07-09T17:02:34.396+0000] {processor.py:153} INFO - Started process (PID=9558) to work on /home/ubuntu/venv/lib/python3.10/site-packages/airflow/example_dags/example_xcomargs.py
[2023-07-09T17:02:34.398+0000] {processor.py:743} INFO - Processing file /home/ubuntu/venv/lib/python3.10/site-packages/airflow/example_dags/example_xcomargs.py for tasks to queue
[2023-07-09T17:02:34.398+0000] {logging_mixin.py:137} INFO - [2023-07-09T17:02:34.398+0000] {dagbag.py:538} INFO - Filling up the DagBag from /home/ubuntu/venv/lib/python3.10/site-packages/airflow/example_dags/example_xcomargs.py
[2023-07-09T17:02:34.433+0000] {processor.py:753} INFO - DAG(s) dict_keys(['example_xcom_args_with_operators', 'example_xcom_args']) retrieved from /home/ubuntu/venv/lib/python3.10/site-packages/airflow/example_dags/example_xcomargs.py
[2023-07-09T17:02:34.504+0000] {logging_mixin.py:137} INFO - [2023-07-09T17:02:34.504+0000] {dag.py:2676} INFO - Sync 2 DAGs
[2023-07-09T17:02:34.537+0000] {logging_mixin.py:137} INFO - [2023-07-09T17:02:34.537+0000] {dag.py:3423} INFO - Setting next_dagrun for example_xcom_args to None, run_after=None
[2023-07-09T17:02:34.542+0000] {logging_mixin.py:137} INFO - [2023-07-09T17:02:34.541+0000] {dag.py:3423} INFO - Setting next_dagrun for example_xcom_args_with_operators to None, run_after=None
[2023-07-09T17:02:34.563+0000] {processor.py:175} INFO - Processing /home/ubuntu/venv/lib/python3.10/site-packages/airflow/example_dags/example_xcomargs.py took 0.176 seconds
[2023-07-09T17:03:04.865+0000] {processor.py:153} INFO - Started process (PID=9794) to work on /home/ubuntu/venv/lib/python3.10/site-packages/airflow/example_dags/example_xcomargs.py
[2023-07-09T17:03:04.866+0000] {processor.py:743} INFO - Processing file /home/ubuntu/venv/lib/python3.10/site-packages/airflow/example_dags/example_xcomargs.py for tasks to queue
[2023-07-09T17:03:04.867+0000] {logging_mixin.py:137} INFO - [2023-07-09T17:03:04.867+0000] {dagbag.py:538} INFO - Filling up the DagBag from /home/ubuntu/venv/lib/python3.10/site-packages/airflow/example_dags/example_xcomargs.py
[2023-07-09T17:03:04.904+0000] {processor.py:753} INFO - DAG(s) dict_keys(['example_xcom_args_with_operators', 'example_xcom_args']) retrieved from /home/ubuntu/venv/lib/python3.10/site-packages/airflow/example_dags/example_xcomargs.py
[2023-07-09T17:03:04.990+0000] {logging_mixin.py:137} INFO - [2023-07-09T17:03:04.989+0000] {dag.py:2676} INFO - Sync 2 DAGs
[2023-07-09T17:03:05.029+0000] {logging_mixin.py:137} INFO - [2023-07-09T17:03:05.029+0000] {dag.py:3423} INFO - Setting next_dagrun for example_xcom_args to None, run_after=None
[2023-07-09T17:03:05.035+0000] {logging_mixin.py:137} INFO - [2023-07-09T17:03:05.035+0000] {dag.py:3423} INFO - Setting next_dagrun for example_xcom_args_with_operators to None, run_after=None
[2023-07-09T17:03:05.059+0000] {processor.py:175} INFO - Processing /home/ubuntu/venv/lib/python3.10/site-packages/airflow/example_dags/example_xcomargs.py took 0.198 seconds
[2023-07-09T17:03:35.635+0000] {processor.py:153} INFO - Started process (PID=10023) to work on /home/ubuntu/venv/lib/python3.10/site-packages/airflow/example_dags/example_xcomargs.py
[2023-07-09T17:03:35.636+0000] {processor.py:743} INFO - Processing file /home/ubuntu/venv/lib/python3.10/site-packages/airflow/example_dags/example_xcomargs.py for tasks to queue
[2023-07-09T17:03:35.637+0000] {logging_mixin.py:137} INFO - [2023-07-09T17:03:35.637+0000] {dagbag.py:538} INFO - Filling up the DagBag from /home/ubuntu/venv/lib/python3.10/site-packages/airflow/example_dags/example_xcomargs.py
[2023-07-09T17:03:35.683+0000] {processor.py:753} INFO - DAG(s) dict_keys(['example_xcom_args', 'example_xcom_args_with_operators']) retrieved from /home/ubuntu/venv/lib/python3.10/site-packages/airflow/example_dags/example_xcomargs.py
[2023-07-09T17:03:35.762+0000] {logging_mixin.py:137} INFO - [2023-07-09T17:03:35.762+0000] {dag.py:2676} INFO - Sync 2 DAGs
[2023-07-09T17:03:35.796+0000] {logging_mixin.py:137} INFO - [2023-07-09T17:03:35.796+0000] {dag.py:3423} INFO - Setting next_dagrun for example_xcom_args to None, run_after=None
[2023-07-09T17:03:35.801+0000] {logging_mixin.py:137} INFO - [2023-07-09T17:03:35.800+0000] {dag.py:3423} INFO - Setting next_dagrun for example_xcom_args_with_operators to None, run_after=None
[2023-07-09T17:03:35.820+0000] {processor.py:175} INFO - Processing /home/ubuntu/venv/lib/python3.10/site-packages/airflow/example_dags/example_xcomargs.py took 0.190 seconds
[2023-07-09T17:04:06.490+0000] {processor.py:153} INFO - Started process (PID=10259) to work on /home/ubuntu/venv/lib/python3.10/site-packages/airflow/example_dags/example_xcomargs.py
[2023-07-09T17:04:06.491+0000] {processor.py:743} INFO - Processing file /home/ubuntu/venv/lib/python3.10/site-packages/airflow/example_dags/example_xcomargs.py for tasks to queue
[2023-07-09T17:04:06.492+0000] {logging_mixin.py:137} INFO - [2023-07-09T17:04:06.492+0000] {dagbag.py:538} INFO - Filling up the DagBag from /home/ubuntu/venv/lib/python3.10/site-packages/airflow/example_dags/example_xcomargs.py
[2023-07-09T17:04:06.526+0000] {processor.py:753} INFO - DAG(s) dict_keys(['example_xcom_args', 'example_xcom_args_with_operators']) retrieved from /home/ubuntu/venv/lib/python3.10/site-packages/airflow/example_dags/example_xcomargs.py
[2023-07-09T17:04:06.598+0000] {logging_mixin.py:137} INFO - [2023-07-09T17:04:06.598+0000] {dag.py:2676} INFO - Sync 2 DAGs
[2023-07-09T17:04:06.631+0000] {logging_mixin.py:137} INFO - [2023-07-09T17:04:06.630+0000] {dag.py:3423} INFO - Setting next_dagrun for example_xcom_args to None, run_after=None
[2023-07-09T17:04:06.635+0000] {logging_mixin.py:137} INFO - [2023-07-09T17:04:06.635+0000] {dag.py:3423} INFO - Setting next_dagrun for example_xcom_args_with_operators to None, run_after=None
[2023-07-09T17:04:06.658+0000] {processor.py:175} INFO - Processing /home/ubuntu/venv/lib/python3.10/site-packages/airflow/example_dags/example_xcomargs.py took 0.174 seconds
[2023-07-09T17:04:37.146+0000] {processor.py:153} INFO - Started process (PID=10495) to work on /home/ubuntu/venv/lib/python3.10/site-packages/airflow/example_dags/example_xcomargs.py
[2023-07-09T17:04:37.148+0000] {processor.py:743} INFO - Processing file /home/ubuntu/venv/lib/python3.10/site-packages/airflow/example_dags/example_xcomargs.py for tasks to queue
[2023-07-09T17:04:37.149+0000] {logging_mixin.py:137} INFO - [2023-07-09T17:04:37.149+0000] {dagbag.py:538} INFO - Filling up the DagBag from /home/ubuntu/venv/lib/python3.10/site-packages/airflow/example_dags/example_xcomargs.py
[2023-07-09T17:04:37.192+0000] {processor.py:753} INFO - DAG(s) dict_keys(['example_xcom_args', 'example_xcom_args_with_operators']) retrieved from /home/ubuntu/venv/lib/python3.10/site-packages/airflow/example_dags/example_xcomargs.py
[2023-07-09T17:04:37.280+0000] {logging_mixin.py:137} INFO - [2023-07-09T17:04:37.280+0000] {dag.py:2676} INFO - Sync 2 DAGs
[2023-07-09T17:04:37.590+0000] {logging_mixin.py:137} INFO - [2023-07-09T17:04:37.590+0000] {dag.py:3423} INFO - Setting next_dagrun for example_xcom_args to None, run_after=None
[2023-07-09T17:04:37.598+0000] {logging_mixin.py:137} INFO - [2023-07-09T17:04:37.598+0000] {dag.py:3423} INFO - Setting next_dagrun for example_xcom_args_with_operators to None, run_after=None
[2023-07-09T17:04:37.626+0000] {processor.py:175} INFO - Processing /home/ubuntu/venv/lib/python3.10/site-packages/airflow/example_dags/example_xcomargs.py took 0.484 seconds
[2023-07-09T17:05:57.319+0000] {processor.py:153} INFO - Started process (PID=10987) to work on /home/ubuntu/venv/lib/python3.10/site-packages/airflow/example_dags/example_xcomargs.py
[2023-07-09T17:05:57.323+0000] {processor.py:743} INFO - Processing file /home/ubuntu/venv/lib/python3.10/site-packages/airflow/example_dags/example_xcomargs.py for tasks to queue
[2023-07-09T17:05:57.325+0000] {logging_mixin.py:137} INFO - [2023-07-09T17:05:57.324+0000] {dagbag.py:538} INFO - Filling up the DagBag from /home/ubuntu/venv/lib/python3.10/site-packages/airflow/example_dags/example_xcomargs.py
[2023-07-09T17:05:57.487+0000] {processor.py:753} INFO - DAG(s) dict_keys(['example_xcom_args', 'example_xcom_args_with_operators']) retrieved from /home/ubuntu/venv/lib/python3.10/site-packages/airflow/example_dags/example_xcomargs.py
[2023-07-09T17:05:57.800+0000] {logging_mixin.py:137} INFO - [2023-07-09T17:05:57.800+0000] {dag.py:2676} INFO - Sync 2 DAGs
[2023-07-09T17:05:57.959+0000] {logging_mixin.py:137} INFO - [2023-07-09T17:05:57.959+0000] {dag.py:3423} INFO - Setting next_dagrun for example_xcom_args to None, run_after=None
[2023-07-09T17:05:57.989+0000] {logging_mixin.py:137} INFO - [2023-07-09T17:05:57.989+0000] {dag.py:3423} INFO - Setting next_dagrun for example_xcom_args_with_operators to None, run_after=None
[2023-07-09T17:05:58.143+0000] {processor.py:175} INFO - Processing /home/ubuntu/venv/lib/python3.10/site-packages/airflow/example_dags/example_xcomargs.py took 0.833 seconds
[2023-07-09T17:06:28.336+0000] {processor.py:153} INFO - Started process (PID=11335) to work on /home/ubuntu/venv/lib/python3.10/site-packages/airflow/example_dags/example_xcomargs.py
[2023-07-09T17:06:28.337+0000] {processor.py:743} INFO - Processing file /home/ubuntu/venv/lib/python3.10/site-packages/airflow/example_dags/example_xcomargs.py for tasks to queue
[2023-07-09T17:06:28.338+0000] {logging_mixin.py:137} INFO - [2023-07-09T17:06:28.338+0000] {dagbag.py:538} INFO - Filling up the DagBag from /home/ubuntu/venv/lib/python3.10/site-packages/airflow/example_dags/example_xcomargs.py
[2023-07-09T17:06:28.373+0000] {processor.py:753} INFO - DAG(s) dict_keys(['example_xcom_args', 'example_xcom_args_with_operators']) retrieved from /home/ubuntu/venv/lib/python3.10/site-packages/airflow/example_dags/example_xcomargs.py
[2023-07-09T17:06:28.449+0000] {logging_mixin.py:137} INFO - [2023-07-09T17:06:28.448+0000] {dag.py:2676} INFO - Sync 2 DAGs
[2023-07-09T17:06:28.479+0000] {logging_mixin.py:137} INFO - [2023-07-09T17:06:28.478+0000] {dag.py:3423} INFO - Setting next_dagrun for example_xcom_args to None, run_after=None
[2023-07-09T17:06:28.482+0000] {logging_mixin.py:137} INFO - [2023-07-09T17:06:28.482+0000] {dag.py:3423} INFO - Setting next_dagrun for example_xcom_args_with_operators to None, run_after=None
[2023-07-09T17:06:28.503+0000] {processor.py:175} INFO - Processing /home/ubuntu/venv/lib/python3.10/site-packages/airflow/example_dags/example_xcomargs.py took 0.172 seconds
[2023-07-09T17:07:25.715+0000] {processor.py:153} INFO - Started process (PID=11789) to work on /home/ubuntu/venv/lib/python3.10/site-packages/airflow/example_dags/example_xcomargs.py
[2023-07-09T17:07:25.719+0000] {processor.py:743} INFO - Processing file /home/ubuntu/venv/lib/python3.10/site-packages/airflow/example_dags/example_xcomargs.py for tasks to queue
[2023-07-09T17:07:25.720+0000] {logging_mixin.py:137} INFO - [2023-07-09T17:07:25.719+0000] {dagbag.py:538} INFO - Filling up the DagBag from /home/ubuntu/venv/lib/python3.10/site-packages/airflow/example_dags/example_xcomargs.py
[2023-07-09T17:07:25.778+0000] {processor.py:753} INFO - DAG(s) dict_keys(['example_xcom_args_with_operators', 'example_xcom_args']) retrieved from /home/ubuntu/venv/lib/python3.10/site-packages/airflow/example_dags/example_xcomargs.py
[2023-07-09T17:07:25.949+0000] {logging_mixin.py:137} INFO - [2023-07-09T17:07:25.948+0000] {dag.py:2676} INFO - Sync 2 DAGs
[2023-07-09T17:07:25.982+0000] {logging_mixin.py:137} INFO - [2023-07-09T17:07:25.981+0000] {dag.py:3423} INFO - Setting next_dagrun for example_xcom_args to None, run_after=None
[2023-07-09T17:07:25.996+0000] {logging_mixin.py:137} INFO - [2023-07-09T17:07:25.996+0000] {dag.py:3423} INFO - Setting next_dagrun for example_xcom_args_with_operators to None, run_after=None
[2023-07-09T17:07:26.044+0000] {processor.py:175} INFO - Processing /home/ubuntu/venv/lib/python3.10/site-packages/airflow/example_dags/example_xcomargs.py took 0.333 seconds
[2023-07-09T17:07:56.322+0000] {processor.py:153} INFO - Started process (PID=12061) to work on /home/ubuntu/venv/lib/python3.10/site-packages/airflow/example_dags/example_xcomargs.py
[2023-07-09T17:07:56.323+0000] {processor.py:743} INFO - Processing file /home/ubuntu/venv/lib/python3.10/site-packages/airflow/example_dags/example_xcomargs.py for tasks to queue
[2023-07-09T17:07:56.324+0000] {logging_mixin.py:137} INFO - [2023-07-09T17:07:56.324+0000] {dagbag.py:538} INFO - Filling up the DagBag from /home/ubuntu/venv/lib/python3.10/site-packages/airflow/example_dags/example_xcomargs.py
[2023-07-09T17:07:56.362+0000] {processor.py:753} INFO - DAG(s) dict_keys(['example_xcom_args', 'example_xcom_args_with_operators']) retrieved from /home/ubuntu/venv/lib/python3.10/site-packages/airflow/example_dags/example_xcomargs.py
[2023-07-09T17:07:56.437+0000] {logging_mixin.py:137} INFO - [2023-07-09T17:07:56.436+0000] {dag.py:2676} INFO - Sync 2 DAGs
[2023-07-09T17:07:56.477+0000] {logging_mixin.py:137} INFO - [2023-07-09T17:07:56.477+0000] {dag.py:3423} INFO - Setting next_dagrun for example_xcom_args to None, run_after=None
[2023-07-09T17:07:56.482+0000] {logging_mixin.py:137} INFO - [2023-07-09T17:07:56.482+0000] {dag.py:3423} INFO - Setting next_dagrun for example_xcom_args_with_operators to None, run_after=None
[2023-07-09T17:07:56.506+0000] {processor.py:175} INFO - Processing /home/ubuntu/venv/lib/python3.10/site-packages/airflow/example_dags/example_xcomargs.py took 0.189 seconds
[2023-07-09T17:08:27.343+0000] {processor.py:153} INFO - Started process (PID=12297) to work on /home/ubuntu/venv/lib/python3.10/site-packages/airflow/example_dags/example_xcomargs.py
[2023-07-09T17:08:27.344+0000] {processor.py:743} INFO - Processing file /home/ubuntu/venv/lib/python3.10/site-packages/airflow/example_dags/example_xcomargs.py for tasks to queue
[2023-07-09T17:08:27.345+0000] {logging_mixin.py:137} INFO - [2023-07-09T17:08:27.345+0000] {dagbag.py:538} INFO - Filling up the DagBag from /home/ubuntu/venv/lib/python3.10/site-packages/airflow/example_dags/example_xcomargs.py
[2023-07-09T17:08:27.384+0000] {processor.py:753} INFO - DAG(s) dict_keys(['example_xcom_args', 'example_xcom_args_with_operators']) retrieved from /home/ubuntu/venv/lib/python3.10/site-packages/airflow/example_dags/example_xcomargs.py
[2023-07-09T17:08:27.454+0000] {logging_mixin.py:137} INFO - [2023-07-09T17:08:27.454+0000] {dag.py:2676} INFO - Sync 2 DAGs
[2023-07-09T17:08:27.488+0000] {logging_mixin.py:137} INFO - [2023-07-09T17:08:27.488+0000] {dag.py:3423} INFO - Setting next_dagrun for example_xcom_args to None, run_after=None
[2023-07-09T17:08:27.492+0000] {logging_mixin.py:137} INFO - [2023-07-09T17:08:27.492+0000] {dag.py:3423} INFO - Setting next_dagrun for example_xcom_args_with_operators to None, run_after=None
[2023-07-09T17:08:27.515+0000] {processor.py:175} INFO - Processing /home/ubuntu/venv/lib/python3.10/site-packages/airflow/example_dags/example_xcomargs.py took 0.176 seconds
[2023-07-09T17:09:05.527+0000] {processor.py:153} INFO - Started process (PID=12751) to work on /home/ubuntu/venv/lib/python3.10/site-packages/airflow/example_dags/example_xcomargs.py
[2023-07-09T17:09:05.528+0000] {processor.py:743} INFO - Processing file /home/ubuntu/venv/lib/python3.10/site-packages/airflow/example_dags/example_xcomargs.py for tasks to queue
[2023-07-09T17:09:05.529+0000] {logging_mixin.py:137} INFO - [2023-07-09T17:09:05.529+0000] {dagbag.py:538} INFO - Filling up the DagBag from /home/ubuntu/venv/lib/python3.10/site-packages/airflow/example_dags/example_xcomargs.py
[2023-07-09T17:09:05.565+0000] {processor.py:753} INFO - DAG(s) dict_keys(['example_xcom_args_with_operators', 'example_xcom_args']) retrieved from /home/ubuntu/venv/lib/python3.10/site-packages/airflow/example_dags/example_xcomargs.py
[2023-07-09T17:09:05.646+0000] {logging_mixin.py:137} INFO - [2023-07-09T17:09:05.646+0000] {dag.py:2676} INFO - Sync 2 DAGs
[2023-07-09T17:09:05.683+0000] {logging_mixin.py:137} INFO - [2023-07-09T17:09:05.682+0000] {dag.py:3423} INFO - Setting next_dagrun for example_xcom_args to None, run_after=None
[2023-07-09T17:09:05.689+0000] {logging_mixin.py:137} INFO - [2023-07-09T17:09:05.688+0000] {dag.py:3423} INFO - Setting next_dagrun for example_xcom_args_with_operators to None, run_after=None
[2023-07-09T17:09:05.724+0000] {processor.py:175} INFO - Processing /home/ubuntu/venv/lib/python3.10/site-packages/airflow/example_dags/example_xcomargs.py took 0.202 seconds
[2023-07-09T17:09:36.134+0000] {processor.py:153} INFO - Started process (PID=13028) to work on /home/ubuntu/venv/lib/python3.10/site-packages/airflow/example_dags/example_xcomargs.py
[2023-07-09T17:09:36.136+0000] {processor.py:743} INFO - Processing file /home/ubuntu/venv/lib/python3.10/site-packages/airflow/example_dags/example_xcomargs.py for tasks to queue
[2023-07-09T17:09:36.137+0000] {logging_mixin.py:137} INFO - [2023-07-09T17:09:36.137+0000] {dagbag.py:538} INFO - Filling up the DagBag from /home/ubuntu/venv/lib/python3.10/site-packages/airflow/example_dags/example_xcomargs.py
[2023-07-09T17:09:36.187+0000] {processor.py:753} INFO - DAG(s) dict_keys(['example_xcom_args', 'example_xcom_args_with_operators']) retrieved from /home/ubuntu/venv/lib/python3.10/site-packages/airflow/example_dags/example_xcomargs.py
[2023-07-09T17:09:36.271+0000] {logging_mixin.py:137} INFO - [2023-07-09T17:09:36.270+0000] {dag.py:2676} INFO - Sync 2 DAGs
[2023-07-09T17:09:36.306+0000] {logging_mixin.py:137} INFO - [2023-07-09T17:09:36.306+0000] {dag.py:3423} INFO - Setting next_dagrun for example_xcom_args to None, run_after=None
[2023-07-09T17:09:36.311+0000] {logging_mixin.py:137} INFO - [2023-07-09T17:09:36.310+0000] {dag.py:3423} INFO - Setting next_dagrun for example_xcom_args_with_operators to None, run_after=None
[2023-07-09T17:09:36.331+0000] {processor.py:175} INFO - Processing /home/ubuntu/venv/lib/python3.10/site-packages/airflow/example_dags/example_xcomargs.py took 0.201 seconds
[2023-07-09T17:10:06.605+0000] {processor.py:153} INFO - Started process (PID=13263) to work on /home/ubuntu/venv/lib/python3.10/site-packages/airflow/example_dags/example_xcomargs.py
[2023-07-09T17:10:06.607+0000] {processor.py:743} INFO - Processing file /home/ubuntu/venv/lib/python3.10/site-packages/airflow/example_dags/example_xcomargs.py for tasks to queue
[2023-07-09T17:10:06.608+0000] {logging_mixin.py:137} INFO - [2023-07-09T17:10:06.607+0000] {dagbag.py:538} INFO - Filling up the DagBag from /home/ubuntu/venv/lib/python3.10/site-packages/airflow/example_dags/example_xcomargs.py
[2023-07-09T17:10:06.673+0000] {processor.py:753} INFO - DAG(s) dict_keys(['example_xcom_args', 'example_xcom_args_with_operators']) retrieved from /home/ubuntu/venv/lib/python3.10/site-packages/airflow/example_dags/example_xcomargs.py
[2023-07-09T17:10:06.767+0000] {logging_mixin.py:137} INFO - [2023-07-09T17:10:06.767+0000] {dag.py:2676} INFO - Sync 2 DAGs
[2023-07-09T17:10:06.812+0000] {logging_mixin.py:137} INFO - [2023-07-09T17:10:06.812+0000] {dag.py:3423} INFO - Setting next_dagrun for example_xcom_args to None, run_after=None
[2023-07-09T17:10:06.819+0000] {logging_mixin.py:137} INFO - [2023-07-09T17:10:06.819+0000] {dag.py:3423} INFO - Setting next_dagrun for example_xcom_args_with_operators to None, run_after=None
[2023-07-09T17:10:06.845+0000] {processor.py:175} INFO - Processing /home/ubuntu/venv/lib/python3.10/site-packages/airflow/example_dags/example_xcomargs.py took 0.246 seconds
