[2023-07-09T15:46:36.158+0000] {processor.py:153} INFO - Started process (PID=1445) to work on /home/ubuntu/venv/lib/python3.10/site-packages/airflow/example_dags/example_branch_day_of_week_operator.py
[2023-07-09T15:46:36.169+0000] {processor.py:743} INFO - Processing file /home/ubuntu/venv/lib/python3.10/site-packages/airflow/example_dags/example_branch_day_of_week_operator.py for tasks to queue
[2023-07-09T15:46:36.170+0000] {logging_mixin.py:137} INFO - [2023-07-09T15:46:36.169+0000] {dagbag.py:538} INFO - Filling up the DagBag from /home/ubuntu/venv/lib/python3.10/site-packages/airflow/example_dags/example_branch_day_of_week_operator.py
[2023-07-09T15:46:36.194+0000] {processor.py:753} INFO - DAG(s) dict_keys(['example_weekday_branch_operator']) retrieved from /home/ubuntu/venv/lib/python3.10/site-packages/airflow/example_dags/example_branch_day_of_week_operator.py
[2023-07-09T15:46:36.256+0000] {logging_mixin.py:137} INFO - [2023-07-09T15:46:36.256+0000] {dag.py:2676} INFO - Sync 1 DAGs
[2023-07-09T15:46:36.303+0000] {logging_mixin.py:137} INFO - [2023-07-09T15:46:36.302+0000] {dag.py:3423} INFO - Setting next_dagrun for example_weekday_branch_operator to 2023-07-08T00:00:00+00:00, run_after=2023-07-09T00:00:00+00:00
[2023-07-09T15:46:36.334+0000] {processor.py:175} INFO - Processing /home/ubuntu/venv/lib/python3.10/site-packages/airflow/example_dags/example_branch_day_of_week_operator.py took 0.180 seconds
[2023-07-09T15:47:06.620+0000] {processor.py:153} INFO - Started process (PID=1685) to work on /home/ubuntu/venv/lib/python3.10/site-packages/airflow/example_dags/example_branch_day_of_week_operator.py
[2023-07-09T15:47:06.621+0000] {processor.py:743} INFO - Processing file /home/ubuntu/venv/lib/python3.10/site-packages/airflow/example_dags/example_branch_day_of_week_operator.py for tasks to queue
[2023-07-09T15:47:06.622+0000] {logging_mixin.py:137} INFO - [2023-07-09T15:47:06.621+0000] {dagbag.py:538} INFO - Filling up the DagBag from /home/ubuntu/venv/lib/python3.10/site-packages/airflow/example_dags/example_branch_day_of_week_operator.py
[2023-07-09T15:47:06.651+0000] {processor.py:753} INFO - DAG(s) dict_keys(['example_weekday_branch_operator']) retrieved from /home/ubuntu/venv/lib/python3.10/site-packages/airflow/example_dags/example_branch_day_of_week_operator.py
[2023-07-09T15:47:06.736+0000] {logging_mixin.py:137} INFO - [2023-07-09T15:47:06.735+0000] {dag.py:2676} INFO - Sync 1 DAGs
[2023-07-09T15:47:06.792+0000] {logging_mixin.py:137} INFO - [2023-07-09T15:47:06.792+0000] {dag.py:3423} INFO - Setting next_dagrun for example_weekday_branch_operator to 2023-07-08T00:00:00+00:00, run_after=2023-07-09T00:00:00+00:00
[2023-07-09T15:47:06.815+0000] {processor.py:175} INFO - Processing /home/ubuntu/venv/lib/python3.10/site-packages/airflow/example_dags/example_branch_day_of_week_operator.py took 0.200 seconds
[2023-07-09T15:49:54.345+0000] {processor.py:153} INFO - Started process (PID=2263) to work on /home/ubuntu/venv/lib/python3.10/site-packages/airflow/example_dags/example_branch_day_of_week_operator.py
[2023-07-09T15:49:54.350+0000] {processor.py:743} INFO - Processing file /home/ubuntu/venv/lib/python3.10/site-packages/airflow/example_dags/example_branch_day_of_week_operator.py for tasks to queue
[2023-07-09T15:49:54.352+0000] {logging_mixin.py:137} INFO - [2023-07-09T15:49:54.352+0000] {dagbag.py:538} INFO - Filling up the DagBag from /home/ubuntu/venv/lib/python3.10/site-packages/airflow/example_dags/example_branch_day_of_week_operator.py
[2023-07-09T15:49:54.373+0000] {processor.py:753} INFO - DAG(s) dict_keys(['example_weekday_branch_operator']) retrieved from /home/ubuntu/venv/lib/python3.10/site-packages/airflow/example_dags/example_branch_day_of_week_operator.py
[2023-07-09T15:49:54.434+0000] {logging_mixin.py:137} INFO - [2023-07-09T15:49:54.434+0000] {dag.py:2676} INFO - Sync 1 DAGs
[2023-07-09T15:49:54.468+0000] {logging_mixin.py:137} INFO - [2023-07-09T15:49:54.468+0000] {dag.py:3423} INFO - Setting next_dagrun for example_weekday_branch_operator to 2023-07-08T00:00:00+00:00, run_after=2023-07-09T00:00:00+00:00
[2023-07-09T15:49:54.500+0000] {processor.py:175} INFO - Processing /home/ubuntu/venv/lib/python3.10/site-packages/airflow/example_dags/example_branch_day_of_week_operator.py took 0.158 seconds
[2023-07-09T15:50:25.599+0000] {processor.py:153} INFO - Started process (PID=2499) to work on /home/ubuntu/venv/lib/python3.10/site-packages/airflow/example_dags/example_branch_day_of_week_operator.py
[2023-07-09T15:50:25.599+0000] {processor.py:743} INFO - Processing file /home/ubuntu/venv/lib/python3.10/site-packages/airflow/example_dags/example_branch_day_of_week_operator.py for tasks to queue
[2023-07-09T15:50:25.600+0000] {logging_mixin.py:137} INFO - [2023-07-09T15:50:25.600+0000] {dagbag.py:538} INFO - Filling up the DagBag from /home/ubuntu/venv/lib/python3.10/site-packages/airflow/example_dags/example_branch_day_of_week_operator.py
[2023-07-09T15:50:25.621+0000] {processor.py:753} INFO - DAG(s) dict_keys(['example_weekday_branch_operator']) retrieved from /home/ubuntu/venv/lib/python3.10/site-packages/airflow/example_dags/example_branch_day_of_week_operator.py
[2023-07-09T15:50:25.694+0000] {logging_mixin.py:137} INFO - [2023-07-09T15:50:25.693+0000] {dag.py:2676} INFO - Sync 1 DAGs
[2023-07-09T15:50:25.726+0000] {logging_mixin.py:137} INFO - [2023-07-09T15:50:25.726+0000] {dag.py:3423} INFO - Setting next_dagrun for example_weekday_branch_operator to 2023-07-08T00:00:00+00:00, run_after=2023-07-09T00:00:00+00:00
[2023-07-09T15:50:25.752+0000] {processor.py:175} INFO - Processing /home/ubuntu/venv/lib/python3.10/site-packages/airflow/example_dags/example_branch_day_of_week_operator.py took 0.157 seconds
[2023-07-09T16:47:19.949+0000] {processor.py:153} INFO - Started process (PID=3597) to work on /home/ubuntu/venv/lib/python3.10/site-packages/airflow/example_dags/example_branch_day_of_week_operator.py
[2023-07-09T16:47:19.951+0000] {processor.py:743} INFO - Processing file /home/ubuntu/venv/lib/python3.10/site-packages/airflow/example_dags/example_branch_day_of_week_operator.py for tasks to queue
[2023-07-09T16:47:19.952+0000] {logging_mixin.py:137} INFO - [2023-07-09T16:47:19.952+0000] {dagbag.py:538} INFO - Filling up the DagBag from /home/ubuntu/venv/lib/python3.10/site-packages/airflow/example_dags/example_branch_day_of_week_operator.py
[2023-07-09T16:47:19.994+0000] {processor.py:753} INFO - DAG(s) dict_keys(['example_weekday_branch_operator']) retrieved from /home/ubuntu/venv/lib/python3.10/site-packages/airflow/example_dags/example_branch_day_of_week_operator.py
[2023-07-09T16:47:20.107+0000] {logging_mixin.py:137} INFO - [2023-07-09T16:47:20.106+0000] {dag.py:2676} INFO - Sync 1 DAGs
[2023-07-09T16:47:20.153+0000] {logging_mixin.py:137} INFO - [2023-07-09T16:47:20.153+0000] {dag.py:3423} INFO - Setting next_dagrun for example_weekday_branch_operator to 2023-07-08T00:00:00+00:00, run_after=2023-07-09T00:00:00+00:00
[2023-07-09T16:47:20.195+0000] {processor.py:175} INFO - Processing /home/ubuntu/venv/lib/python3.10/site-packages/airflow/example_dags/example_branch_day_of_week_operator.py took 0.257 seconds
[2023-07-09T16:47:50.448+0000] {processor.py:153} INFO - Started process (PID=3930) to work on /home/ubuntu/venv/lib/python3.10/site-packages/airflow/example_dags/example_branch_day_of_week_operator.py
[2023-07-09T16:47:50.457+0000] {processor.py:743} INFO - Processing file /home/ubuntu/venv/lib/python3.10/site-packages/airflow/example_dags/example_branch_day_of_week_operator.py for tasks to queue
[2023-07-09T16:47:50.459+0000] {logging_mixin.py:137} INFO - [2023-07-09T16:47:50.459+0000] {dagbag.py:538} INFO - Filling up the DagBag from /home/ubuntu/venv/lib/python3.10/site-packages/airflow/example_dags/example_branch_day_of_week_operator.py
[2023-07-09T16:47:50.493+0000] {processor.py:753} INFO - DAG(s) dict_keys(['example_weekday_branch_operator']) retrieved from /home/ubuntu/venv/lib/python3.10/site-packages/airflow/example_dags/example_branch_day_of_week_operator.py
[2023-07-09T16:47:50.581+0000] {logging_mixin.py:137} INFO - [2023-07-09T16:47:50.580+0000] {dag.py:2676} INFO - Sync 1 DAGs
[2023-07-09T16:47:50.618+0000] {logging_mixin.py:137} INFO - [2023-07-09T16:47:50.618+0000] {dag.py:3423} INFO - Setting next_dagrun for example_weekday_branch_operator to 2023-07-08T00:00:00+00:00, run_after=2023-07-09T00:00:00+00:00
[2023-07-09T16:47:50.657+0000] {processor.py:175} INFO - Processing /home/ubuntu/venv/lib/python3.10/site-packages/airflow/example_dags/example_branch_day_of_week_operator.py took 0.215 seconds
[2023-07-09T16:48:21.214+0000] {processor.py:153} INFO - Started process (PID=4165) to work on /home/ubuntu/venv/lib/python3.10/site-packages/airflow/example_dags/example_branch_day_of_week_operator.py
[2023-07-09T16:48:21.216+0000] {processor.py:743} INFO - Processing file /home/ubuntu/venv/lib/python3.10/site-packages/airflow/example_dags/example_branch_day_of_week_operator.py for tasks to queue
[2023-07-09T16:48:21.216+0000] {logging_mixin.py:137} INFO - [2023-07-09T16:48:21.216+0000] {dagbag.py:538} INFO - Filling up the DagBag from /home/ubuntu/venv/lib/python3.10/site-packages/airflow/example_dags/example_branch_day_of_week_operator.py
[2023-07-09T16:48:21.237+0000] {processor.py:753} INFO - DAG(s) dict_keys(['example_weekday_branch_operator']) retrieved from /home/ubuntu/venv/lib/python3.10/site-packages/airflow/example_dags/example_branch_day_of_week_operator.py
[2023-07-09T16:48:21.302+0000] {logging_mixin.py:137} INFO - [2023-07-09T16:48:21.302+0000] {dag.py:2676} INFO - Sync 1 DAGs
[2023-07-09T16:48:21.342+0000] {logging_mixin.py:137} INFO - [2023-07-09T16:48:21.341+0000] {dag.py:3423} INFO - Setting next_dagrun for example_weekday_branch_operator to 2023-07-08T00:00:00+00:00, run_after=2023-07-09T00:00:00+00:00
[2023-07-09T16:48:21.374+0000] {processor.py:175} INFO - Processing /home/ubuntu/venv/lib/python3.10/site-packages/airflow/example_dags/example_branch_day_of_week_operator.py took 0.164 seconds
[2023-07-09T16:48:52.360+0000] {processor.py:153} INFO - Started process (PID=4401) to work on /home/ubuntu/venv/lib/python3.10/site-packages/airflow/example_dags/example_branch_day_of_week_operator.py
[2023-07-09T16:48:52.362+0000] {processor.py:743} INFO - Processing file /home/ubuntu/venv/lib/python3.10/site-packages/airflow/example_dags/example_branch_day_of_week_operator.py for tasks to queue
[2023-07-09T16:48:52.363+0000] {logging_mixin.py:137} INFO - [2023-07-09T16:48:52.362+0000] {dagbag.py:538} INFO - Filling up the DagBag from /home/ubuntu/venv/lib/python3.10/site-packages/airflow/example_dags/example_branch_day_of_week_operator.py
[2023-07-09T16:48:52.391+0000] {processor.py:753} INFO - DAG(s) dict_keys(['example_weekday_branch_operator']) retrieved from /home/ubuntu/venv/lib/python3.10/site-packages/airflow/example_dags/example_branch_day_of_week_operator.py
[2023-07-09T16:48:52.474+0000] {logging_mixin.py:137} INFO - [2023-07-09T16:48:52.473+0000] {dag.py:2676} INFO - Sync 1 DAGs
[2023-07-09T16:48:52.516+0000] {logging_mixin.py:137} INFO - [2023-07-09T16:48:52.516+0000] {dag.py:3423} INFO - Setting next_dagrun for example_weekday_branch_operator to 2023-07-08T00:00:00+00:00, run_after=2023-07-09T00:00:00+00:00
[2023-07-09T16:48:52.546+0000] {processor.py:175} INFO - Processing /home/ubuntu/venv/lib/python3.10/site-packages/airflow/example_dags/example_branch_day_of_week_operator.py took 0.190 seconds
[2023-07-09T16:49:22.926+0000] {processor.py:153} INFO - Started process (PID=4636) to work on /home/ubuntu/venv/lib/python3.10/site-packages/airflow/example_dags/example_branch_day_of_week_operator.py
[2023-07-09T16:49:22.927+0000] {processor.py:743} INFO - Processing file /home/ubuntu/venv/lib/python3.10/site-packages/airflow/example_dags/example_branch_day_of_week_operator.py for tasks to queue
[2023-07-09T16:49:22.927+0000] {logging_mixin.py:137} INFO - [2023-07-09T16:49:22.927+0000] {dagbag.py:538} INFO - Filling up the DagBag from /home/ubuntu/venv/lib/python3.10/site-packages/airflow/example_dags/example_branch_day_of_week_operator.py
[2023-07-09T16:49:22.950+0000] {processor.py:753} INFO - DAG(s) dict_keys(['example_weekday_branch_operator']) retrieved from /home/ubuntu/venv/lib/python3.10/site-packages/airflow/example_dags/example_branch_day_of_week_operator.py
[2023-07-09T16:49:23.014+0000] {logging_mixin.py:137} INFO - [2023-07-09T16:49:23.014+0000] {dag.py:2676} INFO - Sync 1 DAGs
[2023-07-09T16:49:23.052+0000] {logging_mixin.py:137} INFO - [2023-07-09T16:49:23.052+0000] {dag.py:3423} INFO - Setting next_dagrun for example_weekday_branch_operator to 2023-07-08T00:00:00+00:00, run_after=2023-07-09T00:00:00+00:00
[2023-07-09T16:49:23.074+0000] {processor.py:175} INFO - Processing /home/ubuntu/venv/lib/python3.10/site-packages/airflow/example_dags/example_branch_day_of_week_operator.py took 0.152 seconds
[2023-07-09T16:49:53.363+0000] {processor.py:153} INFO - Started process (PID=4872) to work on /home/ubuntu/venv/lib/python3.10/site-packages/airflow/example_dags/example_branch_day_of_week_operator.py
[2023-07-09T16:49:53.364+0000] {processor.py:743} INFO - Processing file /home/ubuntu/venv/lib/python3.10/site-packages/airflow/example_dags/example_branch_day_of_week_operator.py for tasks to queue
[2023-07-09T16:49:53.365+0000] {logging_mixin.py:137} INFO - [2023-07-09T16:49:53.364+0000] {dagbag.py:538} INFO - Filling up the DagBag from /home/ubuntu/venv/lib/python3.10/site-packages/airflow/example_dags/example_branch_day_of_week_operator.py
[2023-07-09T16:49:53.393+0000] {processor.py:753} INFO - DAG(s) dict_keys(['example_weekday_branch_operator']) retrieved from /home/ubuntu/venv/lib/python3.10/site-packages/airflow/example_dags/example_branch_day_of_week_operator.py
[2023-07-09T16:49:53.465+0000] {logging_mixin.py:137} INFO - [2023-07-09T16:49:53.465+0000] {dag.py:2676} INFO - Sync 1 DAGs
[2023-07-09T16:49:53.506+0000] {logging_mixin.py:137} INFO - [2023-07-09T16:49:53.506+0000] {dag.py:3423} INFO - Setting next_dagrun for example_weekday_branch_operator to 2023-07-08T00:00:00+00:00, run_after=2023-07-09T00:00:00+00:00
[2023-07-09T16:49:53.535+0000] {processor.py:175} INFO - Processing /home/ubuntu/venv/lib/python3.10/site-packages/airflow/example_dags/example_branch_day_of_week_operator.py took 0.176 seconds
[2023-07-09T16:50:24.183+0000] {processor.py:153} INFO - Started process (PID=5106) to work on /home/ubuntu/venv/lib/python3.10/site-packages/airflow/example_dags/example_branch_day_of_week_operator.py
[2023-07-09T16:50:24.185+0000] {processor.py:743} INFO - Processing file /home/ubuntu/venv/lib/python3.10/site-packages/airflow/example_dags/example_branch_day_of_week_operator.py for tasks to queue
[2023-07-09T16:50:24.186+0000] {logging_mixin.py:137} INFO - [2023-07-09T16:50:24.186+0000] {dagbag.py:538} INFO - Filling up the DagBag from /home/ubuntu/venv/lib/python3.10/site-packages/airflow/example_dags/example_branch_day_of_week_operator.py
[2023-07-09T16:50:24.209+0000] {processor.py:753} INFO - DAG(s) dict_keys(['example_weekday_branch_operator']) retrieved from /home/ubuntu/venv/lib/python3.10/site-packages/airflow/example_dags/example_branch_day_of_week_operator.py
[2023-07-09T16:50:24.278+0000] {logging_mixin.py:137} INFO - [2023-07-09T16:50:24.278+0000] {dag.py:2676} INFO - Sync 1 DAGs
[2023-07-09T16:50:24.310+0000] {logging_mixin.py:137} INFO - [2023-07-09T16:50:24.310+0000] {dag.py:3423} INFO - Setting next_dagrun for example_weekday_branch_operator to 2023-07-08T00:00:00+00:00, run_after=2023-07-09T00:00:00+00:00
[2023-07-09T16:50:24.332+0000] {processor.py:175} INFO - Processing /home/ubuntu/venv/lib/python3.10/site-packages/airflow/example_dags/example_branch_day_of_week_operator.py took 0.153 seconds
[2023-07-09T16:54:56.422+0000] {processor.py:153} INFO - Started process (PID=5880) to work on /home/ubuntu/venv/lib/python3.10/site-packages/airflow/example_dags/example_branch_day_of_week_operator.py
[2023-07-09T16:54:56.423+0000] {processor.py:743} INFO - Processing file /home/ubuntu/venv/lib/python3.10/site-packages/airflow/example_dags/example_branch_day_of_week_operator.py for tasks to queue
[2023-07-09T16:54:56.424+0000] {logging_mixin.py:137} INFO - [2023-07-09T16:54:56.424+0000] {dagbag.py:538} INFO - Filling up the DagBag from /home/ubuntu/venv/lib/python3.10/site-packages/airflow/example_dags/example_branch_day_of_week_operator.py
[2023-07-09T16:54:56.450+0000] {processor.py:753} INFO - DAG(s) dict_keys(['example_weekday_branch_operator']) retrieved from /home/ubuntu/venv/lib/python3.10/site-packages/airflow/example_dags/example_branch_day_of_week_operator.py
[2023-07-09T16:54:56.571+0000] {logging_mixin.py:137} INFO - [2023-07-09T16:54:56.571+0000] {dag.py:2676} INFO - Sync 1 DAGs
[2023-07-09T16:54:56.619+0000] {logging_mixin.py:137} INFO - [2023-07-09T16:54:56.619+0000] {dag.py:3423} INFO - Setting next_dagrun for example_weekday_branch_operator to 2023-07-08T00:00:00+00:00, run_after=2023-07-09T00:00:00+00:00
[2023-07-09T16:54:56.716+0000] {processor.py:175} INFO - Processing /home/ubuntu/venv/lib/python3.10/site-packages/airflow/example_dags/example_branch_day_of_week_operator.py took 0.299 seconds
[2023-07-09T16:55:27.646+0000] {processor.py:153} INFO - Started process (PID=6139) to work on /home/ubuntu/venv/lib/python3.10/site-packages/airflow/example_dags/example_branch_day_of_week_operator.py
[2023-07-09T16:55:27.647+0000] {processor.py:743} INFO - Processing file /home/ubuntu/venv/lib/python3.10/site-packages/airflow/example_dags/example_branch_day_of_week_operator.py for tasks to queue
[2023-07-09T16:55:27.648+0000] {logging_mixin.py:137} INFO - [2023-07-09T16:55:27.648+0000] {dagbag.py:538} INFO - Filling up the DagBag from /home/ubuntu/venv/lib/python3.10/site-packages/airflow/example_dags/example_branch_day_of_week_operator.py
[2023-07-09T16:55:27.676+0000] {processor.py:753} INFO - DAG(s) dict_keys(['example_weekday_branch_operator']) retrieved from /home/ubuntu/venv/lib/python3.10/site-packages/airflow/example_dags/example_branch_day_of_week_operator.py
[2023-07-09T16:55:27.757+0000] {logging_mixin.py:137} INFO - [2023-07-09T16:55:27.757+0000] {dag.py:2676} INFO - Sync 1 DAGs
[2023-07-09T16:55:27.799+0000] {logging_mixin.py:137} INFO - [2023-07-09T16:55:27.799+0000] {dag.py:3423} INFO - Setting next_dagrun for example_weekday_branch_operator to 2023-07-08T00:00:00+00:00, run_after=2023-07-09T00:00:00+00:00
[2023-07-09T16:55:27.824+0000] {processor.py:175} INFO - Processing /home/ubuntu/venv/lib/python3.10/site-packages/airflow/example_dags/example_branch_day_of_week_operator.py took 0.182 seconds
[2023-07-09T16:55:57.933+0000] {processor.py:153} INFO - Started process (PID=6375) to work on /home/ubuntu/venv/lib/python3.10/site-packages/airflow/example_dags/example_branch_day_of_week_operator.py
[2023-07-09T16:55:57.934+0000] {processor.py:743} INFO - Processing file /home/ubuntu/venv/lib/python3.10/site-packages/airflow/example_dags/example_branch_day_of_week_operator.py for tasks to queue
[2023-07-09T16:55:57.935+0000] {logging_mixin.py:137} INFO - [2023-07-09T16:55:57.935+0000] {dagbag.py:538} INFO - Filling up the DagBag from /home/ubuntu/venv/lib/python3.10/site-packages/airflow/example_dags/example_branch_day_of_week_operator.py
[2023-07-09T16:55:57.966+0000] {processor.py:753} INFO - DAG(s) dict_keys(['example_weekday_branch_operator']) retrieved from /home/ubuntu/venv/lib/python3.10/site-packages/airflow/example_dags/example_branch_day_of_week_operator.py
[2023-07-09T16:55:58.057+0000] {logging_mixin.py:137} INFO - [2023-07-09T16:55:58.056+0000] {dag.py:2676} INFO - Sync 1 DAGs
[2023-07-09T16:55:58.097+0000] {logging_mixin.py:137} INFO - [2023-07-09T16:55:58.096+0000] {dag.py:3423} INFO - Setting next_dagrun for example_weekday_branch_operator to 2023-07-08T00:00:00+00:00, run_after=2023-07-09T00:00:00+00:00
[2023-07-09T16:55:58.120+0000] {processor.py:175} INFO - Processing /home/ubuntu/venv/lib/python3.10/site-packages/airflow/example_dags/example_branch_day_of_week_operator.py took 0.193 seconds
[2023-07-09T16:56:28.643+0000] {processor.py:153} INFO - Started process (PID=6610) to work on /home/ubuntu/venv/lib/python3.10/site-packages/airflow/example_dags/example_branch_day_of_week_operator.py
[2023-07-09T16:56:28.645+0000] {processor.py:743} INFO - Processing file /home/ubuntu/venv/lib/python3.10/site-packages/airflow/example_dags/example_branch_day_of_week_operator.py for tasks to queue
[2023-07-09T16:56:28.646+0000] {logging_mixin.py:137} INFO - [2023-07-09T16:56:28.645+0000] {dagbag.py:538} INFO - Filling up the DagBag from /home/ubuntu/venv/lib/python3.10/site-packages/airflow/example_dags/example_branch_day_of_week_operator.py
[2023-07-09T16:56:28.676+0000] {processor.py:753} INFO - DAG(s) dict_keys(['example_weekday_branch_operator']) retrieved from /home/ubuntu/venv/lib/python3.10/site-packages/airflow/example_dags/example_branch_day_of_week_operator.py
[2023-07-09T16:56:28.750+0000] {logging_mixin.py:137} INFO - [2023-07-09T16:56:28.750+0000] {dag.py:2676} INFO - Sync 1 DAGs
[2023-07-09T16:56:28.791+0000] {logging_mixin.py:137} INFO - [2023-07-09T16:56:28.790+0000] {dag.py:3423} INFO - Setting next_dagrun for example_weekday_branch_operator to 2023-07-08T00:00:00+00:00, run_after=2023-07-09T00:00:00+00:00
[2023-07-09T16:56:28.834+0000] {processor.py:175} INFO - Processing /home/ubuntu/venv/lib/python3.10/site-packages/airflow/example_dags/example_branch_day_of_week_operator.py took 0.199 seconds
[2023-07-09T16:56:59.491+0000] {processor.py:153} INFO - Started process (PID=6867) to work on /home/ubuntu/venv/lib/python3.10/site-packages/airflow/example_dags/example_branch_day_of_week_operator.py
[2023-07-09T16:56:59.492+0000] {processor.py:743} INFO - Processing file /home/ubuntu/venv/lib/python3.10/site-packages/airflow/example_dags/example_branch_day_of_week_operator.py for tasks to queue
[2023-07-09T16:56:59.493+0000] {logging_mixin.py:137} INFO - [2023-07-09T16:56:59.493+0000] {dagbag.py:538} INFO - Filling up the DagBag from /home/ubuntu/venv/lib/python3.10/site-packages/airflow/example_dags/example_branch_day_of_week_operator.py
[2023-07-09T16:56:59.521+0000] {processor.py:753} INFO - DAG(s) dict_keys(['example_weekday_branch_operator']) retrieved from /home/ubuntu/venv/lib/python3.10/site-packages/airflow/example_dags/example_branch_day_of_week_operator.py
[2023-07-09T16:56:59.592+0000] {logging_mixin.py:137} INFO - [2023-07-09T16:56:59.592+0000] {dag.py:2676} INFO - Sync 1 DAGs
[2023-07-09T16:56:59.629+0000] {logging_mixin.py:137} INFO - [2023-07-09T16:56:59.628+0000] {dag.py:3423} INFO - Setting next_dagrun for example_weekday_branch_operator to 2023-07-08T00:00:00+00:00, run_after=2023-07-09T00:00:00+00:00
[2023-07-09T16:56:59.653+0000] {processor.py:175} INFO - Processing /home/ubuntu/venv/lib/python3.10/site-packages/airflow/example_dags/example_branch_day_of_week_operator.py took 0.166 seconds
[2023-07-09T16:57:29.862+0000] {processor.py:153} INFO - Started process (PID=7102) to work on /home/ubuntu/venv/lib/python3.10/site-packages/airflow/example_dags/example_branch_day_of_week_operator.py
[2023-07-09T16:57:29.869+0000] {processor.py:743} INFO - Processing file /home/ubuntu/venv/lib/python3.10/site-packages/airflow/example_dags/example_branch_day_of_week_operator.py for tasks to queue
[2023-07-09T16:57:29.870+0000] {logging_mixin.py:137} INFO - [2023-07-09T16:57:29.870+0000] {dagbag.py:538} INFO - Filling up the DagBag from /home/ubuntu/venv/lib/python3.10/site-packages/airflow/example_dags/example_branch_day_of_week_operator.py
[2023-07-09T16:57:29.919+0000] {processor.py:753} INFO - DAG(s) dict_keys(['example_weekday_branch_operator']) retrieved from /home/ubuntu/venv/lib/python3.10/site-packages/airflow/example_dags/example_branch_day_of_week_operator.py
[2023-07-09T16:57:30.003+0000] {logging_mixin.py:137} INFO - [2023-07-09T16:57:30.002+0000] {dag.py:2676} INFO - Sync 1 DAGs
[2023-07-09T16:57:30.036+0000] {logging_mixin.py:137} INFO - [2023-07-09T16:57:30.036+0000] {dag.py:3423} INFO - Setting next_dagrun for example_weekday_branch_operator to 2023-07-08T00:00:00+00:00, run_after=2023-07-09T00:00:00+00:00
[2023-07-09T16:57:30.063+0000] {processor.py:175} INFO - Processing /home/ubuntu/venv/lib/python3.10/site-packages/airflow/example_dags/example_branch_day_of_week_operator.py took 0.205 seconds
[2023-07-09T16:58:00.729+0000] {processor.py:153} INFO - Started process (PID=7338) to work on /home/ubuntu/venv/lib/python3.10/site-packages/airflow/example_dags/example_branch_day_of_week_operator.py
[2023-07-09T16:58:00.731+0000] {processor.py:743} INFO - Processing file /home/ubuntu/venv/lib/python3.10/site-packages/airflow/example_dags/example_branch_day_of_week_operator.py for tasks to queue
[2023-07-09T16:58:00.732+0000] {logging_mixin.py:137} INFO - [2023-07-09T16:58:00.732+0000] {dagbag.py:538} INFO - Filling up the DagBag from /home/ubuntu/venv/lib/python3.10/site-packages/airflow/example_dags/example_branch_day_of_week_operator.py
[2023-07-09T16:58:00.755+0000] {processor.py:753} INFO - DAG(s) dict_keys(['example_weekday_branch_operator']) retrieved from /home/ubuntu/venv/lib/python3.10/site-packages/airflow/example_dags/example_branch_day_of_week_operator.py
[2023-07-09T16:58:00.830+0000] {logging_mixin.py:137} INFO - [2023-07-09T16:58:00.830+0000] {dag.py:2676} INFO - Sync 1 DAGs
[2023-07-09T16:58:00.869+0000] {logging_mixin.py:137} INFO - [2023-07-09T16:58:00.869+0000] {dag.py:3423} INFO - Setting next_dagrun for example_weekday_branch_operator to 2023-07-08T00:00:00+00:00, run_after=2023-07-09T00:00:00+00:00
[2023-07-09T16:58:00.902+0000] {processor.py:175} INFO - Processing /home/ubuntu/venv/lib/python3.10/site-packages/airflow/example_dags/example_branch_day_of_week_operator.py took 0.178 seconds
[2023-07-09T16:58:31.682+0000] {processor.py:153} INFO - Started process (PID=7573) to work on /home/ubuntu/venv/lib/python3.10/site-packages/airflow/example_dags/example_branch_day_of_week_operator.py
[2023-07-09T16:58:31.683+0000] {processor.py:743} INFO - Processing file /home/ubuntu/venv/lib/python3.10/site-packages/airflow/example_dags/example_branch_day_of_week_operator.py for tasks to queue
[2023-07-09T16:58:31.684+0000] {logging_mixin.py:137} INFO - [2023-07-09T16:58:31.684+0000] {dagbag.py:538} INFO - Filling up the DagBag from /home/ubuntu/venv/lib/python3.10/site-packages/airflow/example_dags/example_branch_day_of_week_operator.py
[2023-07-09T16:58:31.712+0000] {processor.py:753} INFO - DAG(s) dict_keys(['example_weekday_branch_operator']) retrieved from /home/ubuntu/venv/lib/python3.10/site-packages/airflow/example_dags/example_branch_day_of_week_operator.py
[2023-07-09T16:58:31.776+0000] {logging_mixin.py:137} INFO - [2023-07-09T16:58:31.776+0000] {dag.py:2676} INFO - Sync 1 DAGs
[2023-07-09T16:58:31.810+0000] {logging_mixin.py:137} INFO - [2023-07-09T16:58:31.810+0000] {dag.py:3423} INFO - Setting next_dagrun for example_weekday_branch_operator to 2023-07-08T00:00:00+00:00, run_after=2023-07-09T00:00:00+00:00
[2023-07-09T16:58:31.832+0000] {processor.py:175} INFO - Processing /home/ubuntu/venv/lib/python3.10/site-packages/airflow/example_dags/example_branch_day_of_week_operator.py took 0.154 seconds
[2023-07-09T16:59:05.119+0000] {processor.py:153} INFO - Started process (PID=7811) to work on /home/ubuntu/venv/lib/python3.10/site-packages/airflow/example_dags/example_branch_day_of_week_operator.py
[2023-07-09T16:59:05.120+0000] {processor.py:743} INFO - Processing file /home/ubuntu/venv/lib/python3.10/site-packages/airflow/example_dags/example_branch_day_of_week_operator.py for tasks to queue
[2023-07-09T16:59:05.121+0000] {logging_mixin.py:137} INFO - [2023-07-09T16:59:05.121+0000] {dagbag.py:538} INFO - Filling up the DagBag from /home/ubuntu/venv/lib/python3.10/site-packages/airflow/example_dags/example_branch_day_of_week_operator.py
[2023-07-09T16:59:05.145+0000] {processor.py:753} INFO - DAG(s) dict_keys(['example_weekday_branch_operator']) retrieved from /home/ubuntu/venv/lib/python3.10/site-packages/airflow/example_dags/example_branch_day_of_week_operator.py
[2023-07-09T16:59:05.228+0000] {logging_mixin.py:137} INFO - [2023-07-09T16:59:05.228+0000] {dag.py:2676} INFO - Sync 1 DAGs
[2023-07-09T16:59:05.261+0000] {logging_mixin.py:137} INFO - [2023-07-09T16:59:05.260+0000] {dag.py:3423} INFO - Setting next_dagrun for example_weekday_branch_operator to 2023-07-08T00:00:00+00:00, run_after=2023-07-09T00:00:00+00:00
[2023-07-09T16:59:05.457+0000] {processor.py:175} INFO - Processing /home/ubuntu/venv/lib/python3.10/site-packages/airflow/example_dags/example_branch_day_of_week_operator.py took 0.343 seconds
[2023-07-09T16:59:35.850+0000] {processor.py:153} INFO - Started process (PID=8048) to work on /home/ubuntu/venv/lib/python3.10/site-packages/airflow/example_dags/example_branch_day_of_week_operator.py
[2023-07-09T16:59:35.851+0000] {processor.py:743} INFO - Processing file /home/ubuntu/venv/lib/python3.10/site-packages/airflow/example_dags/example_branch_day_of_week_operator.py for tasks to queue
[2023-07-09T16:59:35.853+0000] {logging_mixin.py:137} INFO - [2023-07-09T16:59:35.852+0000] {dagbag.py:538} INFO - Filling up the DagBag from /home/ubuntu/venv/lib/python3.10/site-packages/airflow/example_dags/example_branch_day_of_week_operator.py
[2023-07-09T16:59:35.877+0000] {processor.py:753} INFO - DAG(s) dict_keys(['example_weekday_branch_operator']) retrieved from /home/ubuntu/venv/lib/python3.10/site-packages/airflow/example_dags/example_branch_day_of_week_operator.py
[2023-07-09T16:59:35.955+0000] {logging_mixin.py:137} INFO - [2023-07-09T16:59:35.955+0000] {dag.py:2676} INFO - Sync 1 DAGs
[2023-07-09T16:59:36.202+0000] {logging_mixin.py:137} INFO - [2023-07-09T16:59:36.202+0000] {dag.py:3423} INFO - Setting next_dagrun for example_weekday_branch_operator to 2023-07-08T00:00:00+00:00, run_after=2023-07-09T00:00:00+00:00
[2023-07-09T16:59:36.230+0000] {processor.py:175} INFO - Processing /home/ubuntu/venv/lib/python3.10/site-packages/airflow/example_dags/example_branch_day_of_week_operator.py took 0.385 seconds
[2023-07-09T17:00:32.878+0000] {processor.py:153} INFO - Started process (PID=8712) to work on /home/ubuntu/venv/lib/python3.10/site-packages/airflow/example_dags/example_branch_day_of_week_operator.py
[2023-07-09T17:00:32.879+0000] {processor.py:743} INFO - Processing file /home/ubuntu/venv/lib/python3.10/site-packages/airflow/example_dags/example_branch_day_of_week_operator.py for tasks to queue
[2023-07-09T17:00:32.880+0000] {logging_mixin.py:137} INFO - [2023-07-09T17:00:32.880+0000] {dagbag.py:538} INFO - Filling up the DagBag from /home/ubuntu/venv/lib/python3.10/site-packages/airflow/example_dags/example_branch_day_of_week_operator.py
[2023-07-09T17:00:32.900+0000] {processor.py:753} INFO - DAG(s) dict_keys(['example_weekday_branch_operator']) retrieved from /home/ubuntu/venv/lib/python3.10/site-packages/airflow/example_dags/example_branch_day_of_week_operator.py
[2023-07-09T17:00:32.978+0000] {logging_mixin.py:137} INFO - [2023-07-09T17:00:32.977+0000] {dag.py:2676} INFO - Sync 1 DAGs
[2023-07-09T17:00:33.033+0000] {logging_mixin.py:137} INFO - [2023-07-09T17:00:33.033+0000] {dag.py:3423} INFO - Setting next_dagrun for example_weekday_branch_operator to 2023-07-08T00:00:00+00:00, run_after=2023-07-09T00:00:00+00:00
[2023-07-09T17:00:33.057+0000] {processor.py:175} INFO - Processing /home/ubuntu/venv/lib/python3.10/site-packages/airflow/example_dags/example_branch_day_of_week_operator.py took 0.183 seconds
[2023-07-09T17:01:04.358+0000] {processor.py:153} INFO - Started process (PID=8969) to work on /home/ubuntu/venv/lib/python3.10/site-packages/airflow/example_dags/example_branch_day_of_week_operator.py
[2023-07-09T17:01:04.359+0000] {processor.py:743} INFO - Processing file /home/ubuntu/venv/lib/python3.10/site-packages/airflow/example_dags/example_branch_day_of_week_operator.py for tasks to queue
[2023-07-09T17:01:04.360+0000] {logging_mixin.py:137} INFO - [2023-07-09T17:01:04.360+0000] {dagbag.py:538} INFO - Filling up the DagBag from /home/ubuntu/venv/lib/python3.10/site-packages/airflow/example_dags/example_branch_day_of_week_operator.py
[2023-07-09T17:01:04.389+0000] {processor.py:753} INFO - DAG(s) dict_keys(['example_weekday_branch_operator']) retrieved from /home/ubuntu/venv/lib/python3.10/site-packages/airflow/example_dags/example_branch_day_of_week_operator.py
[2023-07-09T17:01:04.466+0000] {logging_mixin.py:137} INFO - [2023-07-09T17:01:04.465+0000] {dag.py:2676} INFO - Sync 1 DAGs
[2023-07-09T17:01:04.508+0000] {logging_mixin.py:137} INFO - [2023-07-09T17:01:04.508+0000] {dag.py:3423} INFO - Setting next_dagrun for example_weekday_branch_operator to 2023-07-08T00:00:00+00:00, run_after=2023-07-09T00:00:00+00:00
[2023-07-09T17:01:04.541+0000] {processor.py:175} INFO - Processing /home/ubuntu/venv/lib/python3.10/site-packages/airflow/example_dags/example_branch_day_of_week_operator.py took 0.188 seconds
[2023-07-09T17:01:35.131+0000] {processor.py:153} INFO - Started process (PID=9204) to work on /home/ubuntu/venv/lib/python3.10/site-packages/airflow/example_dags/example_branch_day_of_week_operator.py
[2023-07-09T17:01:35.133+0000] {processor.py:743} INFO - Processing file /home/ubuntu/venv/lib/python3.10/site-packages/airflow/example_dags/example_branch_day_of_week_operator.py for tasks to queue
[2023-07-09T17:01:35.134+0000] {logging_mixin.py:137} INFO - [2023-07-09T17:01:35.134+0000] {dagbag.py:538} INFO - Filling up the DagBag from /home/ubuntu/venv/lib/python3.10/site-packages/airflow/example_dags/example_branch_day_of_week_operator.py
[2023-07-09T17:01:35.155+0000] {processor.py:753} INFO - DAG(s) dict_keys(['example_weekday_branch_operator']) retrieved from /home/ubuntu/venv/lib/python3.10/site-packages/airflow/example_dags/example_branch_day_of_week_operator.py
[2023-07-09T17:01:35.221+0000] {logging_mixin.py:137} INFO - [2023-07-09T17:01:35.221+0000] {dag.py:2676} INFO - Sync 1 DAGs
[2023-07-09T17:01:35.254+0000] {logging_mixin.py:137} INFO - [2023-07-09T17:01:35.254+0000] {dag.py:3423} INFO - Setting next_dagrun for example_weekday_branch_operator to 2023-07-08T00:00:00+00:00, run_after=2023-07-09T00:00:00+00:00
[2023-07-09T17:01:35.276+0000] {processor.py:175} INFO - Processing /home/ubuntu/venv/lib/python3.10/site-packages/airflow/example_dags/example_branch_day_of_week_operator.py took 0.149 seconds
[2023-07-09T17:02:06.285+0000] {processor.py:153} INFO - Started process (PID=9462) to work on /home/ubuntu/venv/lib/python3.10/site-packages/airflow/example_dags/example_branch_day_of_week_operator.py
[2023-07-09T17:02:06.287+0000] {processor.py:743} INFO - Processing file /home/ubuntu/venv/lib/python3.10/site-packages/airflow/example_dags/example_branch_day_of_week_operator.py for tasks to queue
[2023-07-09T17:02:06.287+0000] {logging_mixin.py:137} INFO - [2023-07-09T17:02:06.287+0000] {dagbag.py:538} INFO - Filling up the DagBag from /home/ubuntu/venv/lib/python3.10/site-packages/airflow/example_dags/example_branch_day_of_week_operator.py
[2023-07-09T17:02:06.308+0000] {processor.py:753} INFO - DAG(s) dict_keys(['example_weekday_branch_operator']) retrieved from /home/ubuntu/venv/lib/python3.10/site-packages/airflow/example_dags/example_branch_day_of_week_operator.py
[2023-07-09T17:02:06.373+0000] {logging_mixin.py:137} INFO - [2023-07-09T17:02:06.373+0000] {dag.py:2676} INFO - Sync 1 DAGs
[2023-07-09T17:02:06.407+0000] {logging_mixin.py:137} INFO - [2023-07-09T17:02:06.407+0000] {dag.py:3423} INFO - Setting next_dagrun for example_weekday_branch_operator to 2023-07-08T00:00:00+00:00, run_after=2023-07-09T00:00:00+00:00
[2023-07-09T17:02:06.434+0000] {processor.py:175} INFO - Processing /home/ubuntu/venv/lib/python3.10/site-packages/airflow/example_dags/example_branch_day_of_week_operator.py took 0.155 seconds
[2023-07-09T17:02:37.115+0000] {processor.py:153} INFO - Started process (PID=9697) to work on /home/ubuntu/venv/lib/python3.10/site-packages/airflow/example_dags/example_branch_day_of_week_operator.py
[2023-07-09T17:02:37.117+0000] {processor.py:743} INFO - Processing file /home/ubuntu/venv/lib/python3.10/site-packages/airflow/example_dags/example_branch_day_of_week_operator.py for tasks to queue
[2023-07-09T17:02:37.117+0000] {logging_mixin.py:137} INFO - [2023-07-09T17:02:37.117+0000] {dagbag.py:538} INFO - Filling up the DagBag from /home/ubuntu/venv/lib/python3.10/site-packages/airflow/example_dags/example_branch_day_of_week_operator.py
[2023-07-09T17:02:37.144+0000] {processor.py:753} INFO - DAG(s) dict_keys(['example_weekday_branch_operator']) retrieved from /home/ubuntu/venv/lib/python3.10/site-packages/airflow/example_dags/example_branch_day_of_week_operator.py
[2023-07-09T17:02:37.218+0000] {logging_mixin.py:137} INFO - [2023-07-09T17:02:37.217+0000] {dag.py:2676} INFO - Sync 1 DAGs
[2023-07-09T17:02:37.263+0000] {logging_mixin.py:137} INFO - [2023-07-09T17:02:37.263+0000] {dag.py:3423} INFO - Setting next_dagrun for example_weekday_branch_operator to 2023-07-08T00:00:00+00:00, run_after=2023-07-09T00:00:00+00:00
[2023-07-09T17:02:37.290+0000] {processor.py:175} INFO - Processing /home/ubuntu/venv/lib/python3.10/site-packages/airflow/example_dags/example_branch_day_of_week_operator.py took 0.180 seconds
[2023-07-09T17:03:07.892+0000] {processor.py:153} INFO - Started process (PID=9932) to work on /home/ubuntu/venv/lib/python3.10/site-packages/airflow/example_dags/example_branch_day_of_week_operator.py
[2023-07-09T17:03:07.894+0000] {processor.py:743} INFO - Processing file /home/ubuntu/venv/lib/python3.10/site-packages/airflow/example_dags/example_branch_day_of_week_operator.py for tasks to queue
[2023-07-09T17:03:07.895+0000] {logging_mixin.py:137} INFO - [2023-07-09T17:03:07.894+0000] {dagbag.py:538} INFO - Filling up the DagBag from /home/ubuntu/venv/lib/python3.10/site-packages/airflow/example_dags/example_branch_day_of_week_operator.py
[2023-07-09T17:03:07.916+0000] {processor.py:753} INFO - DAG(s) dict_keys(['example_weekday_branch_operator']) retrieved from /home/ubuntu/venv/lib/python3.10/site-packages/airflow/example_dags/example_branch_day_of_week_operator.py
[2023-07-09T17:03:07.984+0000] {logging_mixin.py:137} INFO - [2023-07-09T17:03:07.984+0000] {dag.py:2676} INFO - Sync 1 DAGs
[2023-07-09T17:03:08.017+0000] {logging_mixin.py:137} INFO - [2023-07-09T17:03:08.017+0000] {dag.py:3423} INFO - Setting next_dagrun for example_weekday_branch_operator to 2023-07-08T00:00:00+00:00, run_after=2023-07-09T00:00:00+00:00
[2023-07-09T17:03:08.039+0000] {processor.py:175} INFO - Processing /home/ubuntu/venv/lib/python3.10/site-packages/airflow/example_dags/example_branch_day_of_week_operator.py took 0.151 seconds
[2023-07-09T17:03:38.840+0000] {processor.py:153} INFO - Started process (PID=10167) to work on /home/ubuntu/venv/lib/python3.10/site-packages/airflow/example_dags/example_branch_day_of_week_operator.py
[2023-07-09T17:03:38.842+0000] {processor.py:743} INFO - Processing file /home/ubuntu/venv/lib/python3.10/site-packages/airflow/example_dags/example_branch_day_of_week_operator.py for tasks to queue
[2023-07-09T17:03:38.843+0000] {logging_mixin.py:137} INFO - [2023-07-09T17:03:38.843+0000] {dagbag.py:538} INFO - Filling up the DagBag from /home/ubuntu/venv/lib/python3.10/site-packages/airflow/example_dags/example_branch_day_of_week_operator.py
[2023-07-09T17:03:38.864+0000] {processor.py:753} INFO - DAG(s) dict_keys(['example_weekday_branch_operator']) retrieved from /home/ubuntu/venv/lib/python3.10/site-packages/airflow/example_dags/example_branch_day_of_week_operator.py
[2023-07-09T17:03:38.934+0000] {logging_mixin.py:137} INFO - [2023-07-09T17:03:38.933+0000] {dag.py:2676} INFO - Sync 1 DAGs
[2023-07-09T17:03:38.966+0000] {logging_mixin.py:137} INFO - [2023-07-09T17:03:38.966+0000] {dag.py:3423} INFO - Setting next_dagrun for example_weekday_branch_operator to 2023-07-08T00:00:00+00:00, run_after=2023-07-09T00:00:00+00:00
[2023-07-09T17:03:38.998+0000] {processor.py:175} INFO - Processing /home/ubuntu/venv/lib/python3.10/site-packages/airflow/example_dags/example_branch_day_of_week_operator.py took 0.163 seconds
[2023-07-09T17:04:09.904+0000] {processor.py:153} INFO - Started process (PID=10404) to work on /home/ubuntu/venv/lib/python3.10/site-packages/airflow/example_dags/example_branch_day_of_week_operator.py
[2023-07-09T17:04:09.908+0000] {processor.py:743} INFO - Processing file /home/ubuntu/venv/lib/python3.10/site-packages/airflow/example_dags/example_branch_day_of_week_operator.py for tasks to queue
[2023-07-09T17:04:09.909+0000] {logging_mixin.py:137} INFO - [2023-07-09T17:04:09.909+0000] {dagbag.py:538} INFO - Filling up the DagBag from /home/ubuntu/venv/lib/python3.10/site-packages/airflow/example_dags/example_branch_day_of_week_operator.py
[2023-07-09T17:04:09.936+0000] {processor.py:753} INFO - DAG(s) dict_keys(['example_weekday_branch_operator']) retrieved from /home/ubuntu/venv/lib/python3.10/site-packages/airflow/example_dags/example_branch_day_of_week_operator.py
[2023-07-09T17:04:10.000+0000] {logging_mixin.py:137} INFO - [2023-07-09T17:04:10.000+0000] {dag.py:2676} INFO - Sync 1 DAGs
[2023-07-09T17:04:10.037+0000] {logging_mixin.py:137} INFO - [2023-07-09T17:04:10.036+0000] {dag.py:3423} INFO - Setting next_dagrun for example_weekday_branch_operator to 2023-07-08T00:00:00+00:00, run_after=2023-07-09T00:00:00+00:00
[2023-07-09T17:04:10.073+0000] {processor.py:175} INFO - Processing /home/ubuntu/venv/lib/python3.10/site-packages/airflow/example_dags/example_branch_day_of_week_operator.py took 0.174 seconds
[2023-07-09T17:04:42.116+0000] {processor.py:153} INFO - Started process (PID=10638) to work on /home/ubuntu/venv/lib/python3.10/site-packages/airflow/example_dags/example_branch_day_of_week_operator.py
[2023-07-09T17:04:42.118+0000] {processor.py:743} INFO - Processing file /home/ubuntu/venv/lib/python3.10/site-packages/airflow/example_dags/example_branch_day_of_week_operator.py for tasks to queue
[2023-07-09T17:04:42.118+0000] {logging_mixin.py:137} INFO - [2023-07-09T17:04:42.118+0000] {dagbag.py:538} INFO - Filling up the DagBag from /home/ubuntu/venv/lib/python3.10/site-packages/airflow/example_dags/example_branch_day_of_week_operator.py
[2023-07-09T17:04:42.140+0000] {processor.py:753} INFO - DAG(s) dict_keys(['example_weekday_branch_operator']) retrieved from /home/ubuntu/venv/lib/python3.10/site-packages/airflow/example_dags/example_branch_day_of_week_operator.py
[2023-07-09T17:04:42.204+0000] {logging_mixin.py:137} INFO - [2023-07-09T17:04:42.204+0000] {dag.py:2676} INFO - Sync 1 DAGs
[2023-07-09T17:04:42.239+0000] {logging_mixin.py:137} INFO - [2023-07-09T17:04:42.238+0000] {dag.py:3423} INFO - Setting next_dagrun for example_weekday_branch_operator to 2023-07-08T00:00:00+00:00, run_after=2023-07-09T00:00:00+00:00
[2023-07-09T17:04:42.447+0000] {processor.py:175} INFO - Processing /home/ubuntu/venv/lib/python3.10/site-packages/airflow/example_dags/example_branch_day_of_week_operator.py took 0.335 seconds
[2023-07-09T17:06:05.106+0000] {processor.py:153} INFO - Started process (PID=11212) to work on /home/ubuntu/venv/lib/python3.10/site-packages/airflow/example_dags/example_branch_day_of_week_operator.py
[2023-07-09T17:06:05.113+0000] {processor.py:743} INFO - Processing file /home/ubuntu/venv/lib/python3.10/site-packages/airflow/example_dags/example_branch_day_of_week_operator.py for tasks to queue
[2023-07-09T17:06:05.115+0000] {logging_mixin.py:137} INFO - [2023-07-09T17:06:05.114+0000] {dagbag.py:538} INFO - Filling up the DagBag from /home/ubuntu/venv/lib/python3.10/site-packages/airflow/example_dags/example_branch_day_of_week_operator.py
[2023-07-09T17:06:05.141+0000] {processor.py:753} INFO - DAG(s) dict_keys(['example_weekday_branch_operator']) retrieved from /home/ubuntu/venv/lib/python3.10/site-packages/airflow/example_dags/example_branch_day_of_week_operator.py
[2023-07-09T17:06:05.217+0000] {logging_mixin.py:137} INFO - [2023-07-09T17:06:05.217+0000] {dag.py:2676} INFO - Sync 1 DAGs
[2023-07-09T17:06:05.258+0000] {logging_mixin.py:137} INFO - [2023-07-09T17:06:05.258+0000] {dag.py:3423} INFO - Setting next_dagrun for example_weekday_branch_operator to 2023-07-08T00:00:00+00:00, run_after=2023-07-09T00:00:00+00:00
[2023-07-09T17:06:05.283+0000] {processor.py:175} INFO - Processing /home/ubuntu/venv/lib/python3.10/site-packages/airflow/example_dags/example_branch_day_of_week_operator.py took 0.183 seconds
[2023-07-09T17:06:36.024+0000] {processor.py:153} INFO - Started process (PID=11468) to work on /home/ubuntu/venv/lib/python3.10/site-packages/airflow/example_dags/example_branch_day_of_week_operator.py
[2023-07-09T17:06:36.025+0000] {processor.py:743} INFO - Processing file /home/ubuntu/venv/lib/python3.10/site-packages/airflow/example_dags/example_branch_day_of_week_operator.py for tasks to queue
[2023-07-09T17:06:36.026+0000] {logging_mixin.py:137} INFO - [2023-07-09T17:06:36.026+0000] {dagbag.py:538} INFO - Filling up the DagBag from /home/ubuntu/venv/lib/python3.10/site-packages/airflow/example_dags/example_branch_day_of_week_operator.py
[2023-07-09T17:06:36.048+0000] {processor.py:753} INFO - DAG(s) dict_keys(['example_weekday_branch_operator']) retrieved from /home/ubuntu/venv/lib/python3.10/site-packages/airflow/example_dags/example_branch_day_of_week_operator.py
[2023-07-09T17:06:36.129+0000] {logging_mixin.py:137} INFO - [2023-07-09T17:06:36.129+0000] {dag.py:2676} INFO - Sync 1 DAGs
[2023-07-09T17:06:36.164+0000] {logging_mixin.py:137} INFO - [2023-07-09T17:06:36.164+0000] {dag.py:3423} INFO - Setting next_dagrun for example_weekday_branch_operator to 2023-07-08T00:00:00+00:00, run_after=2023-07-09T00:00:00+00:00
[2023-07-09T17:06:36.188+0000] {processor.py:175} INFO - Processing /home/ubuntu/venv/lib/python3.10/site-packages/airflow/example_dags/example_branch_day_of_week_operator.py took 0.168 seconds
[2023-07-09T17:07:29.246+0000] {processor.py:153} INFO - Started process (PID=11943) to work on /home/ubuntu/venv/lib/python3.10/site-packages/airflow/example_dags/example_branch_day_of_week_operator.py
[2023-07-09T17:07:29.249+0000] {processor.py:743} INFO - Processing file /home/ubuntu/venv/lib/python3.10/site-packages/airflow/example_dags/example_branch_day_of_week_operator.py for tasks to queue
[2023-07-09T17:07:29.251+0000] {logging_mixin.py:137} INFO - [2023-07-09T17:07:29.250+0000] {dagbag.py:538} INFO - Filling up the DagBag from /home/ubuntu/venv/lib/python3.10/site-packages/airflow/example_dags/example_branch_day_of_week_operator.py
[2023-07-09T17:07:29.283+0000] {processor.py:753} INFO - DAG(s) dict_keys(['example_weekday_branch_operator']) retrieved from /home/ubuntu/venv/lib/python3.10/site-packages/airflow/example_dags/example_branch_day_of_week_operator.py
[2023-07-09T17:07:29.371+0000] {logging_mixin.py:137} INFO - [2023-07-09T17:07:29.371+0000] {dag.py:2676} INFO - Sync 1 DAGs
[2023-07-09T17:07:29.424+0000] {logging_mixin.py:137} INFO - [2023-07-09T17:07:29.424+0000] {dag.py:3423} INFO - Setting next_dagrun for example_weekday_branch_operator to 2023-07-08T00:00:00+00:00, run_after=2023-07-09T00:00:00+00:00
[2023-07-09T17:07:29.458+0000] {processor.py:175} INFO - Processing /home/ubuntu/venv/lib/python3.10/site-packages/airflow/example_dags/example_branch_day_of_week_operator.py took 0.220 seconds
[2023-07-09T17:08:00.690+0000] {processor.py:153} INFO - Started process (PID=12198) to work on /home/ubuntu/venv/lib/python3.10/site-packages/airflow/example_dags/example_branch_day_of_week_operator.py
[2023-07-09T17:08:00.691+0000] {processor.py:743} INFO - Processing file /home/ubuntu/venv/lib/python3.10/site-packages/airflow/example_dags/example_branch_day_of_week_operator.py for tasks to queue
[2023-07-09T17:08:00.692+0000] {logging_mixin.py:137} INFO - [2023-07-09T17:08:00.692+0000] {dagbag.py:538} INFO - Filling up the DagBag from /home/ubuntu/venv/lib/python3.10/site-packages/airflow/example_dags/example_branch_day_of_week_operator.py
[2023-07-09T17:08:00.717+0000] {processor.py:753} INFO - DAG(s) dict_keys(['example_weekday_branch_operator']) retrieved from /home/ubuntu/venv/lib/python3.10/site-packages/airflow/example_dags/example_branch_day_of_week_operator.py
[2023-07-09T17:08:00.792+0000] {logging_mixin.py:137} INFO - [2023-07-09T17:08:00.792+0000] {dag.py:2676} INFO - Sync 1 DAGs
[2023-07-09T17:08:00.837+0000] {logging_mixin.py:137} INFO - [2023-07-09T17:08:00.836+0000] {dag.py:3423} INFO - Setting next_dagrun for example_weekday_branch_operator to 2023-07-08T00:00:00+00:00, run_after=2023-07-09T00:00:00+00:00
[2023-07-09T17:08:00.865+0000] {processor.py:175} INFO - Processing /home/ubuntu/venv/lib/python3.10/site-packages/airflow/example_dags/example_branch_day_of_week_operator.py took 0.181 seconds
[2023-07-09T17:08:31.740+0000] {processor.py:153} INFO - Started process (PID=12437) to work on /home/ubuntu/venv/lib/python3.10/site-packages/airflow/example_dags/example_branch_day_of_week_operator.py
[2023-07-09T17:08:31.741+0000] {processor.py:743} INFO - Processing file /home/ubuntu/venv/lib/python3.10/site-packages/airflow/example_dags/example_branch_day_of_week_operator.py for tasks to queue
[2023-07-09T17:08:31.741+0000] {logging_mixin.py:137} INFO - [2023-07-09T17:08:31.741+0000] {dagbag.py:538} INFO - Filling up the DagBag from /home/ubuntu/venv/lib/python3.10/site-packages/airflow/example_dags/example_branch_day_of_week_operator.py
[2023-07-09T17:08:31.764+0000] {processor.py:753} INFO - DAG(s) dict_keys(['example_weekday_branch_operator']) retrieved from /home/ubuntu/venv/lib/python3.10/site-packages/airflow/example_dags/example_branch_day_of_week_operator.py
[2023-07-09T17:08:31.832+0000] {logging_mixin.py:137} INFO - [2023-07-09T17:08:31.832+0000] {dag.py:2676} INFO - Sync 1 DAGs
[2023-07-09T17:08:31.866+0000] {logging_mixin.py:137} INFO - [2023-07-09T17:08:31.866+0000] {dag.py:3423} INFO - Setting next_dagrun for example_weekday_branch_operator to 2023-07-08T00:00:00+00:00, run_after=2023-07-09T00:00:00+00:00
[2023-07-09T17:08:31.901+0000] {processor.py:175} INFO - Processing /home/ubuntu/venv/lib/python3.10/site-packages/airflow/example_dags/example_branch_day_of_week_operator.py took 0.165 seconds
[2023-07-09T17:09:07.913+0000] {processor.py:153} INFO - Started process (PID=12889) to work on /home/ubuntu/venv/lib/python3.10/site-packages/airflow/example_dags/example_branch_day_of_week_operator.py
[2023-07-09T17:09:07.914+0000] {processor.py:743} INFO - Processing file /home/ubuntu/venv/lib/python3.10/site-packages/airflow/example_dags/example_branch_day_of_week_operator.py for tasks to queue
[2023-07-09T17:09:07.915+0000] {logging_mixin.py:137} INFO - [2023-07-09T17:09:07.915+0000] {dagbag.py:538} INFO - Filling up the DagBag from /home/ubuntu/venv/lib/python3.10/site-packages/airflow/example_dags/example_branch_day_of_week_operator.py
[2023-07-09T17:09:07.937+0000] {processor.py:753} INFO - DAG(s) dict_keys(['example_weekday_branch_operator']) retrieved from /home/ubuntu/venv/lib/python3.10/site-packages/airflow/example_dags/example_branch_day_of_week_operator.py
[2023-07-09T17:09:08.005+0000] {logging_mixin.py:137} INFO - [2023-07-09T17:09:08.005+0000] {dag.py:2676} INFO - Sync 1 DAGs
[2023-07-09T17:09:08.041+0000] {logging_mixin.py:137} INFO - [2023-07-09T17:09:08.041+0000] {dag.py:3423} INFO - Setting next_dagrun for example_weekday_branch_operator to 2023-07-08T00:00:00+00:00, run_after=2023-07-09T00:00:00+00:00
[2023-07-09T17:09:08.063+0000] {processor.py:175} INFO - Processing /home/ubuntu/venv/lib/python3.10/site-packages/airflow/example_dags/example_branch_day_of_week_operator.py took 0.154 seconds
[2023-07-09T17:09:38.543+0000] {processor.py:153} INFO - Started process (PID=13166) to work on /home/ubuntu/venv/lib/python3.10/site-packages/airflow/example_dags/example_branch_day_of_week_operator.py
[2023-07-09T17:09:38.545+0000] {processor.py:743} INFO - Processing file /home/ubuntu/venv/lib/python3.10/site-packages/airflow/example_dags/example_branch_day_of_week_operator.py for tasks to queue
[2023-07-09T17:09:38.545+0000] {logging_mixin.py:137} INFO - [2023-07-09T17:09:38.545+0000] {dagbag.py:538} INFO - Filling up the DagBag from /home/ubuntu/venv/lib/python3.10/site-packages/airflow/example_dags/example_branch_day_of_week_operator.py
[2023-07-09T17:09:38.567+0000] {processor.py:753} INFO - DAG(s) dict_keys(['example_weekday_branch_operator']) retrieved from /home/ubuntu/venv/lib/python3.10/site-packages/airflow/example_dags/example_branch_day_of_week_operator.py
[2023-07-09T17:09:38.631+0000] {logging_mixin.py:137} INFO - [2023-07-09T17:09:38.631+0000] {dag.py:2676} INFO - Sync 1 DAGs
[2023-07-09T17:09:38.665+0000] {logging_mixin.py:137} INFO - [2023-07-09T17:09:38.664+0000] {dag.py:3423} INFO - Setting next_dagrun for example_weekday_branch_operator to 2023-07-08T00:00:00+00:00, run_after=2023-07-09T00:00:00+00:00
[2023-07-09T17:09:38.689+0000] {processor.py:175} INFO - Processing /home/ubuntu/venv/lib/python3.10/site-packages/airflow/example_dags/example_branch_day_of_week_operator.py took 0.150 seconds
[2023-07-09T17:10:09.423+0000] {processor.py:153} INFO - Started process (PID=13404) to work on /home/ubuntu/venv/lib/python3.10/site-packages/airflow/example_dags/example_branch_day_of_week_operator.py
[2023-07-09T17:10:09.424+0000] {processor.py:743} INFO - Processing file /home/ubuntu/venv/lib/python3.10/site-packages/airflow/example_dags/example_branch_day_of_week_operator.py for tasks to queue
[2023-07-09T17:10:09.425+0000] {logging_mixin.py:137} INFO - [2023-07-09T17:10:09.425+0000] {dagbag.py:538} INFO - Filling up the DagBag from /home/ubuntu/venv/lib/python3.10/site-packages/airflow/example_dags/example_branch_day_of_week_operator.py
[2023-07-09T17:10:09.446+0000] {processor.py:753} INFO - DAG(s) dict_keys(['example_weekday_branch_operator']) retrieved from /home/ubuntu/venv/lib/python3.10/site-packages/airflow/example_dags/example_branch_day_of_week_operator.py
[2023-07-09T17:10:09.523+0000] {logging_mixin.py:137} INFO - [2023-07-09T17:10:09.523+0000] {dag.py:2676} INFO - Sync 1 DAGs
[2023-07-09T17:10:09.556+0000] {logging_mixin.py:137} INFO - [2023-07-09T17:10:09.556+0000] {dag.py:3423} INFO - Setting next_dagrun for example_weekday_branch_operator to 2023-07-08T00:00:00+00:00, run_after=2023-07-09T00:00:00+00:00
[2023-07-09T17:10:09.580+0000] {processor.py:175} INFO - Processing /home/ubuntu/venv/lib/python3.10/site-packages/airflow/example_dags/example_branch_day_of_week_operator.py took 0.162 seconds
