[2023-07-09T15:46:35.552+0000] {processor.py:153} INFO - Started process (PID=1415) to work on /home/ubuntu/venv/lib/python3.10/site-packages/airflow/example_dags/example_external_task_marker_dag.py
[2023-07-09T15:46:35.553+0000] {processor.py:743} INFO - Processing file /home/ubuntu/venv/lib/python3.10/site-packages/airflow/example_dags/example_external_task_marker_dag.py for tasks to queue
[2023-07-09T15:46:35.554+0000] {logging_mixin.py:137} INFO - [2023-07-09T15:46:35.554+0000] {dagbag.py:538} INFO - Filling up the DagBag from /home/ubuntu/venv/lib/python3.10/site-packages/airflow/example_dags/example_external_task_marker_dag.py
[2023-07-09T15:46:35.578+0000] {processor.py:753} INFO - DAG(s) dict_keys(['example_external_task_marker_child', 'example_external_task_marker_parent']) retrieved from /home/ubuntu/venv/lib/python3.10/site-packages/airflow/example_dags/example_external_task_marker_dag.py
[2023-07-09T15:46:35.706+0000] {logging_mixin.py:137} INFO - [2023-07-09T15:46:35.706+0000] {dag.py:2676} INFO - Sync 2 DAGs
[2023-07-09T15:46:35.747+0000] {logging_mixin.py:137} INFO - [2023-07-09T15:46:35.747+0000] {dag.py:3423} INFO - Setting next_dagrun for example_external_task_marker_child to None, run_after=None
[2023-07-09T15:46:35.754+0000] {logging_mixin.py:137} INFO - [2023-07-09T15:46:35.754+0000] {dag.py:3423} INFO - Setting next_dagrun for example_external_task_marker_parent to None, run_after=None
[2023-07-09T15:46:35.808+0000] {processor.py:175} INFO - Processing /home/ubuntu/venv/lib/python3.10/site-packages/airflow/example_dags/example_external_task_marker_dag.py took 0.260 seconds
[2023-07-09T15:47:05.987+0000] {processor.py:153} INFO - Started process (PID=1655) to work on /home/ubuntu/venv/lib/python3.10/site-packages/airflow/example_dags/example_external_task_marker_dag.py
[2023-07-09T15:47:05.989+0000] {processor.py:743} INFO - Processing file /home/ubuntu/venv/lib/python3.10/site-packages/airflow/example_dags/example_external_task_marker_dag.py for tasks to queue
[2023-07-09T15:47:05.989+0000] {logging_mixin.py:137} INFO - [2023-07-09T15:47:05.989+0000] {dagbag.py:538} INFO - Filling up the DagBag from /home/ubuntu/venv/lib/python3.10/site-packages/airflow/example_dags/example_external_task_marker_dag.py
[2023-07-09T15:47:06.028+0000] {processor.py:753} INFO - DAG(s) dict_keys(['example_external_task_marker_parent', 'example_external_task_marker_child']) retrieved from /home/ubuntu/venv/lib/python3.10/site-packages/airflow/example_dags/example_external_task_marker_dag.py
[2023-07-09T15:47:06.115+0000] {logging_mixin.py:137} INFO - [2023-07-09T15:47:06.114+0000] {dag.py:2676} INFO - Sync 2 DAGs
[2023-07-09T15:47:06.150+0000] {logging_mixin.py:137} INFO - [2023-07-09T15:47:06.150+0000] {dag.py:3423} INFO - Setting next_dagrun for example_external_task_marker_child to None, run_after=None
[2023-07-09T15:47:06.155+0000] {logging_mixin.py:137} INFO - [2023-07-09T15:47:06.154+0000] {dag.py:3423} INFO - Setting next_dagrun for example_external_task_marker_parent to None, run_after=None
[2023-07-09T15:47:06.175+0000] {processor.py:175} INFO - Processing /home/ubuntu/venv/lib/python3.10/site-packages/airflow/example_dags/example_external_task_marker_dag.py took 0.192 seconds
[2023-07-09T15:49:53.871+0000] {processor.py:153} INFO - Started process (PID=2233) to work on /home/ubuntu/venv/lib/python3.10/site-packages/airflow/example_dags/example_external_task_marker_dag.py
[2023-07-09T15:49:53.873+0000] {processor.py:743} INFO - Processing file /home/ubuntu/venv/lib/python3.10/site-packages/airflow/example_dags/example_external_task_marker_dag.py for tasks to queue
[2023-07-09T15:49:53.873+0000] {logging_mixin.py:137} INFO - [2023-07-09T15:49:53.873+0000] {dagbag.py:538} INFO - Filling up the DagBag from /home/ubuntu/venv/lib/python3.10/site-packages/airflow/example_dags/example_external_task_marker_dag.py
[2023-07-09T15:49:53.892+0000] {processor.py:753} INFO - DAG(s) dict_keys(['example_external_task_marker_parent', 'example_external_task_marker_child']) retrieved from /home/ubuntu/venv/lib/python3.10/site-packages/airflow/example_dags/example_external_task_marker_dag.py
[2023-07-09T15:49:53.955+0000] {logging_mixin.py:137} INFO - [2023-07-09T15:49:53.955+0000] {dag.py:2676} INFO - Sync 2 DAGs
[2023-07-09T15:49:53.988+0000] {logging_mixin.py:137} INFO - [2023-07-09T15:49:53.988+0000] {dag.py:3423} INFO - Setting next_dagrun for example_external_task_marker_child to None, run_after=None
[2023-07-09T15:49:53.992+0000] {logging_mixin.py:137} INFO - [2023-07-09T15:49:53.992+0000] {dag.py:3423} INFO - Setting next_dagrun for example_external_task_marker_parent to None, run_after=None
[2023-07-09T15:49:54.012+0000] {processor.py:175} INFO - Processing /home/ubuntu/venv/lib/python3.10/site-packages/airflow/example_dags/example_external_task_marker_dag.py took 0.144 seconds
[2023-07-09T15:50:25.133+0000] {processor.py:153} INFO - Started process (PID=2469) to work on /home/ubuntu/venv/lib/python3.10/site-packages/airflow/example_dags/example_external_task_marker_dag.py
[2023-07-09T15:50:25.134+0000] {processor.py:743} INFO - Processing file /home/ubuntu/venv/lib/python3.10/site-packages/airflow/example_dags/example_external_task_marker_dag.py for tasks to queue
[2023-07-09T15:50:25.134+0000] {logging_mixin.py:137} INFO - [2023-07-09T15:50:25.134+0000] {dagbag.py:538} INFO - Filling up the DagBag from /home/ubuntu/venv/lib/python3.10/site-packages/airflow/example_dags/example_external_task_marker_dag.py
[2023-07-09T15:50:25.152+0000] {processor.py:753} INFO - DAG(s) dict_keys(['example_external_task_marker_parent', 'example_external_task_marker_child']) retrieved from /home/ubuntu/venv/lib/python3.10/site-packages/airflow/example_dags/example_external_task_marker_dag.py
[2023-07-09T15:50:25.220+0000] {logging_mixin.py:137} INFO - [2023-07-09T15:50:25.220+0000] {dag.py:2676} INFO - Sync 2 DAGs
[2023-07-09T15:50:25.251+0000] {logging_mixin.py:137} INFO - [2023-07-09T15:50:25.251+0000] {dag.py:3423} INFO - Setting next_dagrun for example_external_task_marker_child to None, run_after=None
[2023-07-09T15:50:25.256+0000] {logging_mixin.py:137} INFO - [2023-07-09T15:50:25.255+0000] {dag.py:3423} INFO - Setting next_dagrun for example_external_task_marker_parent to None, run_after=None
[2023-07-09T15:50:25.275+0000] {processor.py:175} INFO - Processing /home/ubuntu/venv/lib/python3.10/site-packages/airflow/example_dags/example_external_task_marker_dag.py took 0.145 seconds
[2023-07-09T16:47:18.517+0000] {processor.py:153} INFO - Started process (PID=3543) to work on /home/ubuntu/venv/lib/python3.10/site-packages/airflow/example_dags/example_external_task_marker_dag.py
[2023-07-09T16:47:18.523+0000] {processor.py:743} INFO - Processing file /home/ubuntu/venv/lib/python3.10/site-packages/airflow/example_dags/example_external_task_marker_dag.py for tasks to queue
[2023-07-09T16:47:18.524+0000] {logging_mixin.py:137} INFO - [2023-07-09T16:47:18.524+0000] {dagbag.py:538} INFO - Filling up the DagBag from /home/ubuntu/venv/lib/python3.10/site-packages/airflow/example_dags/example_external_task_marker_dag.py
[2023-07-09T16:47:18.565+0000] {processor.py:753} INFO - DAG(s) dict_keys(['example_external_task_marker_parent', 'example_external_task_marker_child']) retrieved from /home/ubuntu/venv/lib/python3.10/site-packages/airflow/example_dags/example_external_task_marker_dag.py
[2023-07-09T16:47:18.801+0000] {logging_mixin.py:137} INFO - [2023-07-09T16:47:18.800+0000] {dag.py:2676} INFO - Sync 2 DAGs
[2023-07-09T16:47:18.843+0000] {logging_mixin.py:137} INFO - [2023-07-09T16:47:18.843+0000] {dag.py:3423} INFO - Setting next_dagrun for example_external_task_marker_child to None, run_after=None
[2023-07-09T16:47:18.848+0000] {logging_mixin.py:137} INFO - [2023-07-09T16:47:18.847+0000] {dag.py:3423} INFO - Setting next_dagrun for example_external_task_marker_parent to None, run_after=None
[2023-07-09T16:47:18.926+0000] {processor.py:175} INFO - Processing /home/ubuntu/venv/lib/python3.10/site-packages/airflow/example_dags/example_external_task_marker_dag.py took 0.419 seconds
[2023-07-09T16:47:49.896+0000] {processor.py:153} INFO - Started process (PID=3902) to work on /home/ubuntu/venv/lib/python3.10/site-packages/airflow/example_dags/example_external_task_marker_dag.py
[2023-07-09T16:47:49.900+0000] {processor.py:743} INFO - Processing file /home/ubuntu/venv/lib/python3.10/site-packages/airflow/example_dags/example_external_task_marker_dag.py for tasks to queue
[2023-07-09T16:47:49.901+0000] {logging_mixin.py:137} INFO - [2023-07-09T16:47:49.900+0000] {dagbag.py:538} INFO - Filling up the DagBag from /home/ubuntu/venv/lib/python3.10/site-packages/airflow/example_dags/example_external_task_marker_dag.py
[2023-07-09T16:47:49.924+0000] {processor.py:753} INFO - DAG(s) dict_keys(['example_external_task_marker_child', 'example_external_task_marker_parent']) retrieved from /home/ubuntu/venv/lib/python3.10/site-packages/airflow/example_dags/example_external_task_marker_dag.py
[2023-07-09T16:47:50.007+0000] {logging_mixin.py:137} INFO - [2023-07-09T16:47:50.007+0000] {dag.py:2676} INFO - Sync 2 DAGs
[2023-07-09T16:47:50.062+0000] {logging_mixin.py:137} INFO - [2023-07-09T16:47:50.061+0000] {dag.py:3423} INFO - Setting next_dagrun for example_external_task_marker_child to None, run_after=None
[2023-07-09T16:47:50.066+0000] {logging_mixin.py:137} INFO - [2023-07-09T16:47:50.066+0000] {dag.py:3423} INFO - Setting next_dagrun for example_external_task_marker_parent to None, run_after=None
[2023-07-09T16:47:50.089+0000] {processor.py:175} INFO - Processing /home/ubuntu/venv/lib/python3.10/site-packages/airflow/example_dags/example_external_task_marker_dag.py took 0.198 seconds
[2023-07-09T16:48:20.714+0000] {processor.py:153} INFO - Started process (PID=4137) to work on /home/ubuntu/venv/lib/python3.10/site-packages/airflow/example_dags/example_external_task_marker_dag.py
[2023-07-09T16:48:20.716+0000] {processor.py:743} INFO - Processing file /home/ubuntu/venv/lib/python3.10/site-packages/airflow/example_dags/example_external_task_marker_dag.py for tasks to queue
[2023-07-09T16:48:20.717+0000] {logging_mixin.py:137} INFO - [2023-07-09T16:48:20.716+0000] {dagbag.py:538} INFO - Filling up the DagBag from /home/ubuntu/venv/lib/python3.10/site-packages/airflow/example_dags/example_external_task_marker_dag.py
[2023-07-09T16:48:20.739+0000] {processor.py:753} INFO - DAG(s) dict_keys(['example_external_task_marker_child', 'example_external_task_marker_parent']) retrieved from /home/ubuntu/venv/lib/python3.10/site-packages/airflow/example_dags/example_external_task_marker_dag.py
[2023-07-09T16:48:20.833+0000] {logging_mixin.py:137} INFO - [2023-07-09T16:48:20.833+0000] {dag.py:2676} INFO - Sync 2 DAGs
[2023-07-09T16:48:20.870+0000] {logging_mixin.py:137} INFO - [2023-07-09T16:48:20.869+0000] {dag.py:3423} INFO - Setting next_dagrun for example_external_task_marker_child to None, run_after=None
[2023-07-09T16:48:20.874+0000] {logging_mixin.py:137} INFO - [2023-07-09T16:48:20.874+0000] {dag.py:3423} INFO - Setting next_dagrun for example_external_task_marker_parent to None, run_after=None
[2023-07-09T16:48:20.897+0000] {processor.py:175} INFO - Processing /home/ubuntu/venv/lib/python3.10/site-packages/airflow/example_dags/example_external_task_marker_dag.py took 0.188 seconds
[2023-07-09T16:48:51.748+0000] {processor.py:153} INFO - Started process (PID=4373) to work on /home/ubuntu/venv/lib/python3.10/site-packages/airflow/example_dags/example_external_task_marker_dag.py
[2023-07-09T16:48:51.749+0000] {processor.py:743} INFO - Processing file /home/ubuntu/venv/lib/python3.10/site-packages/airflow/example_dags/example_external_task_marker_dag.py for tasks to queue
[2023-07-09T16:48:51.752+0000] {logging_mixin.py:137} INFO - [2023-07-09T16:48:51.751+0000] {dagbag.py:538} INFO - Filling up the DagBag from /home/ubuntu/venv/lib/python3.10/site-packages/airflow/example_dags/example_external_task_marker_dag.py
[2023-07-09T16:48:51.773+0000] {processor.py:753} INFO - DAG(s) dict_keys(['example_external_task_marker_child', 'example_external_task_marker_parent']) retrieved from /home/ubuntu/venv/lib/python3.10/site-packages/airflow/example_dags/example_external_task_marker_dag.py
[2023-07-09T16:48:51.945+0000] {logging_mixin.py:137} INFO - [2023-07-09T16:48:51.944+0000] {dag.py:2676} INFO - Sync 2 DAGs
[2023-07-09T16:48:51.983+0000] {logging_mixin.py:137} INFO - [2023-07-09T16:48:51.982+0000] {dag.py:3423} INFO - Setting next_dagrun for example_external_task_marker_child to None, run_after=None
[2023-07-09T16:48:51.987+0000] {logging_mixin.py:137} INFO - [2023-07-09T16:48:51.987+0000] {dag.py:3423} INFO - Setting next_dagrun for example_external_task_marker_parent to None, run_after=None
[2023-07-09T16:48:52.013+0000] {processor.py:175} INFO - Processing /home/ubuntu/venv/lib/python3.10/site-packages/airflow/example_dags/example_external_task_marker_dag.py took 0.270 seconds
[2023-07-09T16:49:22.416+0000] {processor.py:153} INFO - Started process (PID=4608) to work on /home/ubuntu/venv/lib/python3.10/site-packages/airflow/example_dags/example_external_task_marker_dag.py
[2023-07-09T16:49:22.418+0000] {processor.py:743} INFO - Processing file /home/ubuntu/venv/lib/python3.10/site-packages/airflow/example_dags/example_external_task_marker_dag.py for tasks to queue
[2023-07-09T16:49:22.419+0000] {logging_mixin.py:137} INFO - [2023-07-09T16:49:22.418+0000] {dagbag.py:538} INFO - Filling up the DagBag from /home/ubuntu/venv/lib/python3.10/site-packages/airflow/example_dags/example_external_task_marker_dag.py
[2023-07-09T16:49:22.443+0000] {processor.py:753} INFO - DAG(s) dict_keys(['example_external_task_marker_parent', 'example_external_task_marker_child']) retrieved from /home/ubuntu/venv/lib/python3.10/site-packages/airflow/example_dags/example_external_task_marker_dag.py
[2023-07-09T16:49:22.531+0000] {logging_mixin.py:137} INFO - [2023-07-09T16:49:22.530+0000] {dag.py:2676} INFO - Sync 2 DAGs
[2023-07-09T16:49:22.566+0000] {logging_mixin.py:137} INFO - [2023-07-09T16:49:22.566+0000] {dag.py:3423} INFO - Setting next_dagrun for example_external_task_marker_child to None, run_after=None
[2023-07-09T16:49:22.571+0000] {logging_mixin.py:137} INFO - [2023-07-09T16:49:22.570+0000] {dag.py:3423} INFO - Setting next_dagrun for example_external_task_marker_parent to None, run_after=None
[2023-07-09T16:49:22.594+0000] {processor.py:175} INFO - Processing /home/ubuntu/venv/lib/python3.10/site-packages/airflow/example_dags/example_external_task_marker_dag.py took 0.182 seconds
[2023-07-09T16:49:52.657+0000] {processor.py:153} INFO - Started process (PID=4842) to work on /home/ubuntu/venv/lib/python3.10/site-packages/airflow/example_dags/example_external_task_marker_dag.py
[2023-07-09T16:49:52.658+0000] {processor.py:743} INFO - Processing file /home/ubuntu/venv/lib/python3.10/site-packages/airflow/example_dags/example_external_task_marker_dag.py for tasks to queue
[2023-07-09T16:49:52.659+0000] {logging_mixin.py:137} INFO - [2023-07-09T16:49:52.659+0000] {dagbag.py:538} INFO - Filling up the DagBag from /home/ubuntu/venv/lib/python3.10/site-packages/airflow/example_dags/example_external_task_marker_dag.py
[2023-07-09T16:49:52.677+0000] {processor.py:753} INFO - DAG(s) dict_keys(['example_external_task_marker_child', 'example_external_task_marker_parent']) retrieved from /home/ubuntu/venv/lib/python3.10/site-packages/airflow/example_dags/example_external_task_marker_dag.py
[2023-07-09T16:49:52.731+0000] {logging_mixin.py:137} INFO - [2023-07-09T16:49:52.731+0000] {dag.py:2676} INFO - Sync 2 DAGs
[2023-07-09T16:49:52.760+0000] {logging_mixin.py:137} INFO - [2023-07-09T16:49:52.760+0000] {dag.py:3423} INFO - Setting next_dagrun for example_external_task_marker_child to None, run_after=None
[2023-07-09T16:49:52.764+0000] {logging_mixin.py:137} INFO - [2023-07-09T16:49:52.764+0000] {dag.py:3423} INFO - Setting next_dagrun for example_external_task_marker_parent to None, run_after=None
[2023-07-09T16:49:52.781+0000] {processor.py:175} INFO - Processing /home/ubuntu/venv/lib/python3.10/site-packages/airflow/example_dags/example_external_task_marker_dag.py took 0.129 seconds
[2023-07-09T16:50:23.562+0000] {processor.py:153} INFO - Started process (PID=5079) to work on /home/ubuntu/venv/lib/python3.10/site-packages/airflow/example_dags/example_external_task_marker_dag.py
[2023-07-09T16:50:23.564+0000] {processor.py:743} INFO - Processing file /home/ubuntu/venv/lib/python3.10/site-packages/airflow/example_dags/example_external_task_marker_dag.py for tasks to queue
[2023-07-09T16:50:23.565+0000] {logging_mixin.py:137} INFO - [2023-07-09T16:50:23.565+0000] {dagbag.py:538} INFO - Filling up the DagBag from /home/ubuntu/venv/lib/python3.10/site-packages/airflow/example_dags/example_external_task_marker_dag.py
[2023-07-09T16:50:23.590+0000] {processor.py:753} INFO - DAG(s) dict_keys(['example_external_task_marker_child', 'example_external_task_marker_parent']) retrieved from /home/ubuntu/venv/lib/python3.10/site-packages/airflow/example_dags/example_external_task_marker_dag.py
[2023-07-09T16:50:23.667+0000] {logging_mixin.py:137} INFO - [2023-07-09T16:50:23.667+0000] {dag.py:2676} INFO - Sync 2 DAGs
[2023-07-09T16:50:23.702+0000] {logging_mixin.py:137} INFO - [2023-07-09T16:50:23.702+0000] {dag.py:3423} INFO - Setting next_dagrun for example_external_task_marker_child to None, run_after=None
[2023-07-09T16:50:23.707+0000] {logging_mixin.py:137} INFO - [2023-07-09T16:50:23.706+0000] {dag.py:3423} INFO - Setting next_dagrun for example_external_task_marker_parent to None, run_after=None
[2023-07-09T16:50:23.740+0000] {processor.py:175} INFO - Processing /home/ubuntu/venv/lib/python3.10/site-packages/airflow/example_dags/example_external_task_marker_dag.py took 0.184 seconds
[2023-07-09T16:50:54.557+0000] {processor.py:153} INFO - Started process (PID=5377) to work on /home/ubuntu/venv/lib/python3.10/site-packages/airflow/example_dags/example_external_task_marker_dag.py
[2023-07-09T16:50:54.559+0000] {processor.py:743} INFO - Processing file /home/ubuntu/venv/lib/python3.10/site-packages/airflow/example_dags/example_external_task_marker_dag.py for tasks to queue
[2023-07-09T16:50:54.559+0000] {logging_mixin.py:137} INFO - [2023-07-09T16:50:54.559+0000] {dagbag.py:538} INFO - Filling up the DagBag from /home/ubuntu/venv/lib/python3.10/site-packages/airflow/example_dags/example_external_task_marker_dag.py
[2023-07-09T16:50:54.582+0000] {processor.py:753} INFO - DAG(s) dict_keys(['example_external_task_marker_child', 'example_external_task_marker_parent']) retrieved from /home/ubuntu/venv/lib/python3.10/site-packages/airflow/example_dags/example_external_task_marker_dag.py
[2023-07-09T16:50:54.654+0000] {logging_mixin.py:137} INFO - [2023-07-09T16:50:54.654+0000] {dag.py:2676} INFO - Sync 2 DAGs
[2023-07-09T16:50:54.694+0000] {logging_mixin.py:137} INFO - [2023-07-09T16:50:54.693+0000] {dag.py:3423} INFO - Setting next_dagrun for example_external_task_marker_child to None, run_after=None
[2023-07-09T16:50:54.699+0000] {logging_mixin.py:137} INFO - [2023-07-09T16:50:54.698+0000] {dag.py:3423} INFO - Setting next_dagrun for example_external_task_marker_parent to None, run_after=None
[2023-07-09T16:50:54.719+0000] {processor.py:175} INFO - Processing /home/ubuntu/venv/lib/python3.10/site-packages/airflow/example_dags/example_external_task_marker_dag.py took 0.167 seconds
[2023-07-09T16:54:55.733+0000] {processor.py:153} INFO - Started process (PID=5851) to work on /home/ubuntu/venv/lib/python3.10/site-packages/airflow/example_dags/example_external_task_marker_dag.py
[2023-07-09T16:54:55.734+0000] {processor.py:743} INFO - Processing file /home/ubuntu/venv/lib/python3.10/site-packages/airflow/example_dags/example_external_task_marker_dag.py for tasks to queue
[2023-07-09T16:54:55.735+0000] {logging_mixin.py:137} INFO - [2023-07-09T16:54:55.735+0000] {dagbag.py:538} INFO - Filling up the DagBag from /home/ubuntu/venv/lib/python3.10/site-packages/airflow/example_dags/example_external_task_marker_dag.py
[2023-07-09T16:54:55.756+0000] {processor.py:753} INFO - DAG(s) dict_keys(['example_external_task_marker_child', 'example_external_task_marker_parent']) retrieved from /home/ubuntu/venv/lib/python3.10/site-packages/airflow/example_dags/example_external_task_marker_dag.py
[2023-07-09T16:54:55.918+0000] {logging_mixin.py:137} INFO - [2023-07-09T16:54:55.918+0000] {dag.py:2676} INFO - Sync 2 DAGs
[2023-07-09T16:54:55.948+0000] {logging_mixin.py:137} INFO - [2023-07-09T16:54:55.948+0000] {dag.py:3423} INFO - Setting next_dagrun for example_external_task_marker_child to None, run_after=None
[2023-07-09T16:54:55.952+0000] {logging_mixin.py:137} INFO - [2023-07-09T16:54:55.952+0000] {dag.py:3423} INFO - Setting next_dagrun for example_external_task_marker_parent to None, run_after=None
[2023-07-09T16:54:56.020+0000] {processor.py:175} INFO - Processing /home/ubuntu/venv/lib/python3.10/site-packages/airflow/example_dags/example_external_task_marker_dag.py took 0.292 seconds
[2023-07-09T16:55:26.136+0000] {processor.py:153} INFO - Started process (PID=6111) to work on /home/ubuntu/venv/lib/python3.10/site-packages/airflow/example_dags/example_external_task_marker_dag.py
[2023-07-09T16:55:26.137+0000] {processor.py:743} INFO - Processing file /home/ubuntu/venv/lib/python3.10/site-packages/airflow/example_dags/example_external_task_marker_dag.py for tasks to queue
[2023-07-09T16:55:26.138+0000] {logging_mixin.py:137} INFO - [2023-07-09T16:55:26.138+0000] {dagbag.py:538} INFO - Filling up the DagBag from /home/ubuntu/venv/lib/python3.10/site-packages/airflow/example_dags/example_external_task_marker_dag.py
[2023-07-09T16:55:26.167+0000] {processor.py:753} INFO - DAG(s) dict_keys(['example_external_task_marker_child', 'example_external_task_marker_parent']) retrieved from /home/ubuntu/venv/lib/python3.10/site-packages/airflow/example_dags/example_external_task_marker_dag.py
[2023-07-09T16:55:26.227+0000] {logging_mixin.py:137} INFO - [2023-07-09T16:55:26.227+0000] {dag.py:2676} INFO - Sync 2 DAGs
[2023-07-09T16:55:26.249+0000] {logging_mixin.py:137} INFO - [2023-07-09T16:55:26.249+0000] {dag.py:3423} INFO - Setting next_dagrun for example_external_task_marker_child to None, run_after=None
[2023-07-09T16:55:26.253+0000] {logging_mixin.py:137} INFO - [2023-07-09T16:55:26.253+0000] {dag.py:3423} INFO - Setting next_dagrun for example_external_task_marker_parent to None, run_after=None
[2023-07-09T16:55:26.272+0000] {processor.py:175} INFO - Processing /home/ubuntu/venv/lib/python3.10/site-packages/airflow/example_dags/example_external_task_marker_dag.py took 0.140 seconds
[2023-07-09T16:55:56.459+0000] {processor.py:153} INFO - Started process (PID=6346) to work on /home/ubuntu/venv/lib/python3.10/site-packages/airflow/example_dags/example_external_task_marker_dag.py
[2023-07-09T16:55:56.461+0000] {processor.py:743} INFO - Processing file /home/ubuntu/venv/lib/python3.10/site-packages/airflow/example_dags/example_external_task_marker_dag.py for tasks to queue
[2023-07-09T16:55:56.462+0000] {logging_mixin.py:137} INFO - [2023-07-09T16:55:56.461+0000] {dagbag.py:538} INFO - Filling up the DagBag from /home/ubuntu/venv/lib/python3.10/site-packages/airflow/example_dags/example_external_task_marker_dag.py
[2023-07-09T16:55:56.481+0000] {processor.py:753} INFO - DAG(s) dict_keys(['example_external_task_marker_parent', 'example_external_task_marker_child']) retrieved from /home/ubuntu/venv/lib/python3.10/site-packages/airflow/example_dags/example_external_task_marker_dag.py
[2023-07-09T16:55:56.565+0000] {logging_mixin.py:137} INFO - [2023-07-09T16:55:56.564+0000] {dag.py:2676} INFO - Sync 2 DAGs
[2023-07-09T16:55:56.596+0000] {logging_mixin.py:137} INFO - [2023-07-09T16:55:56.596+0000] {dag.py:3423} INFO - Setting next_dagrun for example_external_task_marker_child to None, run_after=None
[2023-07-09T16:55:56.601+0000] {logging_mixin.py:137} INFO - [2023-07-09T16:55:56.601+0000] {dag.py:3423} INFO - Setting next_dagrun for example_external_task_marker_parent to None, run_after=None
[2023-07-09T16:55:56.652+0000] {processor.py:175} INFO - Processing /home/ubuntu/venv/lib/python3.10/site-packages/airflow/example_dags/example_external_task_marker_dag.py took 0.202 seconds
[2023-07-09T16:56:27.105+0000] {processor.py:153} INFO - Started process (PID=6580) to work on /home/ubuntu/venv/lib/python3.10/site-packages/airflow/example_dags/example_external_task_marker_dag.py
[2023-07-09T16:56:27.106+0000] {processor.py:743} INFO - Processing file /home/ubuntu/venv/lib/python3.10/site-packages/airflow/example_dags/example_external_task_marker_dag.py for tasks to queue
[2023-07-09T16:56:27.107+0000] {logging_mixin.py:137} INFO - [2023-07-09T16:56:27.107+0000] {dagbag.py:538} INFO - Filling up the DagBag from /home/ubuntu/venv/lib/python3.10/site-packages/airflow/example_dags/example_external_task_marker_dag.py
[2023-07-09T16:56:27.127+0000] {processor.py:753} INFO - DAG(s) dict_keys(['example_external_task_marker_parent', 'example_external_task_marker_child']) retrieved from /home/ubuntu/venv/lib/python3.10/site-packages/airflow/example_dags/example_external_task_marker_dag.py
[2023-07-09T16:56:27.196+0000] {logging_mixin.py:137} INFO - [2023-07-09T16:56:27.196+0000] {dag.py:2676} INFO - Sync 2 DAGs
[2023-07-09T16:56:27.239+0000] {logging_mixin.py:137} INFO - [2023-07-09T16:56:27.238+0000] {dag.py:3423} INFO - Setting next_dagrun for example_external_task_marker_child to None, run_after=None
[2023-07-09T16:56:27.245+0000] {logging_mixin.py:137} INFO - [2023-07-09T16:56:27.244+0000] {dag.py:3423} INFO - Setting next_dagrun for example_external_task_marker_parent to None, run_after=None
[2023-07-09T16:56:27.272+0000] {processor.py:175} INFO - Processing /home/ubuntu/venv/lib/python3.10/site-packages/airflow/example_dags/example_external_task_marker_dag.py took 0.172 seconds
[2023-07-09T16:56:57.968+0000] {processor.py:153} INFO - Started process (PID=6837) to work on /home/ubuntu/venv/lib/python3.10/site-packages/airflow/example_dags/example_external_task_marker_dag.py
[2023-07-09T16:56:57.970+0000] {processor.py:743} INFO - Processing file /home/ubuntu/venv/lib/python3.10/site-packages/airflow/example_dags/example_external_task_marker_dag.py for tasks to queue
[2023-07-09T16:56:57.971+0000] {logging_mixin.py:137} INFO - [2023-07-09T16:56:57.971+0000] {dagbag.py:538} INFO - Filling up the DagBag from /home/ubuntu/venv/lib/python3.10/site-packages/airflow/example_dags/example_external_task_marker_dag.py
[2023-07-09T16:56:57.991+0000] {processor.py:753} INFO - DAG(s) dict_keys(['example_external_task_marker_child', 'example_external_task_marker_parent']) retrieved from /home/ubuntu/venv/lib/python3.10/site-packages/airflow/example_dags/example_external_task_marker_dag.py
[2023-07-09T16:56:58.064+0000] {logging_mixin.py:137} INFO - [2023-07-09T16:56:58.064+0000] {dag.py:2676} INFO - Sync 2 DAGs
[2023-07-09T16:56:58.101+0000] {logging_mixin.py:137} INFO - [2023-07-09T16:56:58.100+0000] {dag.py:3423} INFO - Setting next_dagrun for example_external_task_marker_child to None, run_after=None
[2023-07-09T16:56:58.105+0000] {logging_mixin.py:137} INFO - [2023-07-09T16:56:58.105+0000] {dag.py:3423} INFO - Setting next_dagrun for example_external_task_marker_parent to None, run_after=None
[2023-07-09T16:56:58.146+0000] {processor.py:175} INFO - Processing /home/ubuntu/venv/lib/python3.10/site-packages/airflow/example_dags/example_external_task_marker_dag.py took 0.183 seconds
[2023-07-09T16:57:29.274+0000] {processor.py:153} INFO - Started process (PID=7073) to work on /home/ubuntu/venv/lib/python3.10/site-packages/airflow/example_dags/example_external_task_marker_dag.py
[2023-07-09T16:57:29.276+0000] {processor.py:743} INFO - Processing file /home/ubuntu/venv/lib/python3.10/site-packages/airflow/example_dags/example_external_task_marker_dag.py for tasks to queue
[2023-07-09T16:57:29.277+0000] {logging_mixin.py:137} INFO - [2023-07-09T16:57:29.277+0000] {dagbag.py:538} INFO - Filling up the DagBag from /home/ubuntu/venv/lib/python3.10/site-packages/airflow/example_dags/example_external_task_marker_dag.py
[2023-07-09T16:57:29.297+0000] {processor.py:753} INFO - DAG(s) dict_keys(['example_external_task_marker_parent', 'example_external_task_marker_child']) retrieved from /home/ubuntu/venv/lib/python3.10/site-packages/airflow/example_dags/example_external_task_marker_dag.py
[2023-07-09T16:57:29.369+0000] {logging_mixin.py:137} INFO - [2023-07-09T16:57:29.369+0000] {dag.py:2676} INFO - Sync 2 DAGs
[2023-07-09T16:57:29.419+0000] {logging_mixin.py:137} INFO - [2023-07-09T16:57:29.419+0000] {dag.py:3423} INFO - Setting next_dagrun for example_external_task_marker_child to None, run_after=None
[2023-07-09T16:57:29.429+0000] {logging_mixin.py:137} INFO - [2023-07-09T16:57:29.428+0000] {dag.py:3423} INFO - Setting next_dagrun for example_external_task_marker_parent to None, run_after=None
[2023-07-09T16:57:29.452+0000] {processor.py:175} INFO - Processing /home/ubuntu/venv/lib/python3.10/site-packages/airflow/example_dags/example_external_task_marker_dag.py took 0.183 seconds
[2023-07-09T16:58:00.143+0000] {processor.py:153} INFO - Started process (PID=7309) to work on /home/ubuntu/venv/lib/python3.10/site-packages/airflow/example_dags/example_external_task_marker_dag.py
[2023-07-09T16:58:00.144+0000] {processor.py:743} INFO - Processing file /home/ubuntu/venv/lib/python3.10/site-packages/airflow/example_dags/example_external_task_marker_dag.py for tasks to queue
[2023-07-09T16:58:00.145+0000] {logging_mixin.py:137} INFO - [2023-07-09T16:58:00.145+0000] {dagbag.py:538} INFO - Filling up the DagBag from /home/ubuntu/venv/lib/python3.10/site-packages/airflow/example_dags/example_external_task_marker_dag.py
[2023-07-09T16:58:00.165+0000] {processor.py:753} INFO - DAG(s) dict_keys(['example_external_task_marker_child', 'example_external_task_marker_parent']) retrieved from /home/ubuntu/venv/lib/python3.10/site-packages/airflow/example_dags/example_external_task_marker_dag.py
[2023-07-09T16:58:00.237+0000] {logging_mixin.py:137} INFO - [2023-07-09T16:58:00.237+0000] {dag.py:2676} INFO - Sync 2 DAGs
[2023-07-09T16:58:00.276+0000] {logging_mixin.py:137} INFO - [2023-07-09T16:58:00.276+0000] {dag.py:3423} INFO - Setting next_dagrun for example_external_task_marker_child to None, run_after=None
[2023-07-09T16:58:00.281+0000] {logging_mixin.py:137} INFO - [2023-07-09T16:58:00.281+0000] {dag.py:3423} INFO - Setting next_dagrun for example_external_task_marker_parent to None, run_after=None
[2023-07-09T16:58:00.311+0000] {processor.py:175} INFO - Processing /home/ubuntu/venv/lib/python3.10/site-packages/airflow/example_dags/example_external_task_marker_dag.py took 0.173 seconds
[2023-07-09T16:58:31.194+0000] {processor.py:153} INFO - Started process (PID=7544) to work on /home/ubuntu/venv/lib/python3.10/site-packages/airflow/example_dags/example_external_task_marker_dag.py
[2023-07-09T16:58:31.195+0000] {processor.py:743} INFO - Processing file /home/ubuntu/venv/lib/python3.10/site-packages/airflow/example_dags/example_external_task_marker_dag.py for tasks to queue
[2023-07-09T16:58:31.196+0000] {logging_mixin.py:137} INFO - [2023-07-09T16:58:31.196+0000] {dagbag.py:538} INFO - Filling up the DagBag from /home/ubuntu/venv/lib/python3.10/site-packages/airflow/example_dags/example_external_task_marker_dag.py
[2023-07-09T16:58:31.216+0000] {processor.py:753} INFO - DAG(s) dict_keys(['example_external_task_marker_parent', 'example_external_task_marker_child']) retrieved from /home/ubuntu/venv/lib/python3.10/site-packages/airflow/example_dags/example_external_task_marker_dag.py
[2023-07-09T16:58:31.282+0000] {logging_mixin.py:137} INFO - [2023-07-09T16:58:31.282+0000] {dag.py:2676} INFO - Sync 2 DAGs
[2023-07-09T16:58:31.313+0000] {logging_mixin.py:137} INFO - [2023-07-09T16:58:31.313+0000] {dag.py:3423} INFO - Setting next_dagrun for example_external_task_marker_child to None, run_after=None
[2023-07-09T16:58:31.317+0000] {logging_mixin.py:137} INFO - [2023-07-09T16:58:31.317+0000] {dag.py:3423} INFO - Setting next_dagrun for example_external_task_marker_parent to None, run_after=None
[2023-07-09T16:58:31.336+0000] {processor.py:175} INFO - Processing /home/ubuntu/venv/lib/python3.10/site-packages/airflow/example_dags/example_external_task_marker_dag.py took 0.147 seconds
[2023-07-09T16:59:03.975+0000] {processor.py:153} INFO - Started process (PID=7780) to work on /home/ubuntu/venv/lib/python3.10/site-packages/airflow/example_dags/example_external_task_marker_dag.py
[2023-07-09T16:59:03.977+0000] {processor.py:743} INFO - Processing file /home/ubuntu/venv/lib/python3.10/site-packages/airflow/example_dags/example_external_task_marker_dag.py for tasks to queue
[2023-07-09T16:59:03.980+0000] {logging_mixin.py:137} INFO - [2023-07-09T16:59:03.979+0000] {dagbag.py:538} INFO - Filling up the DagBag from /home/ubuntu/venv/lib/python3.10/site-packages/airflow/example_dags/example_external_task_marker_dag.py
[2023-07-09T16:59:04.019+0000] {processor.py:753} INFO - DAG(s) dict_keys(['example_external_task_marker_parent', 'example_external_task_marker_child']) retrieved from /home/ubuntu/venv/lib/python3.10/site-packages/airflow/example_dags/example_external_task_marker_dag.py
[2023-07-09T16:59:04.141+0000] {logging_mixin.py:137} INFO - [2023-07-09T16:59:04.141+0000] {dag.py:2676} INFO - Sync 2 DAGs
[2023-07-09T16:59:04.188+0000] {logging_mixin.py:137} INFO - [2023-07-09T16:59:04.188+0000] {dag.py:3423} INFO - Setting next_dagrun for example_external_task_marker_child to None, run_after=None
[2023-07-09T16:59:04.194+0000] {logging_mixin.py:137} INFO - [2023-07-09T16:59:04.194+0000] {dag.py:3423} INFO - Setting next_dagrun for example_external_task_marker_parent to None, run_after=None
[2023-07-09T16:59:04.459+0000] {processor.py:175} INFO - Processing /home/ubuntu/venv/lib/python3.10/site-packages/airflow/example_dags/example_external_task_marker_dag.py took 0.489 seconds
[2023-07-09T16:59:34.800+0000] {processor.py:153} INFO - Started process (PID=8018) to work on /home/ubuntu/venv/lib/python3.10/site-packages/airflow/example_dags/example_external_task_marker_dag.py
[2023-07-09T16:59:34.801+0000] {processor.py:743} INFO - Processing file /home/ubuntu/venv/lib/python3.10/site-packages/airflow/example_dags/example_external_task_marker_dag.py for tasks to queue
[2023-07-09T16:59:34.802+0000] {logging_mixin.py:137} INFO - [2023-07-09T16:59:34.802+0000] {dagbag.py:538} INFO - Filling up the DagBag from /home/ubuntu/venv/lib/python3.10/site-packages/airflow/example_dags/example_external_task_marker_dag.py
[2023-07-09T16:59:34.823+0000] {processor.py:753} INFO - DAG(s) dict_keys(['example_external_task_marker_child', 'example_external_task_marker_parent']) retrieved from /home/ubuntu/venv/lib/python3.10/site-packages/airflow/example_dags/example_external_task_marker_dag.py
[2023-07-09T16:59:34.901+0000] {logging_mixin.py:137} INFO - [2023-07-09T16:59:34.901+0000] {dag.py:2676} INFO - Sync 2 DAGs
[2023-07-09T16:59:35.151+0000] {logging_mixin.py:137} INFO - [2023-07-09T16:59:35.151+0000] {dag.py:3423} INFO - Setting next_dagrun for example_external_task_marker_child to None, run_after=None
[2023-07-09T16:59:35.157+0000] {logging_mixin.py:137} INFO - [2023-07-09T16:59:35.156+0000] {dag.py:3423} INFO - Setting next_dagrun for example_external_task_marker_parent to None, run_after=None
[2023-07-09T16:59:35.178+0000] {processor.py:175} INFO - Processing /home/ubuntu/venv/lib/python3.10/site-packages/airflow/example_dags/example_external_task_marker_dag.py took 0.384 seconds
[2023-07-09T17:00:32.400+0000] {processor.py:153} INFO - Started process (PID=8682) to work on /home/ubuntu/venv/lib/python3.10/site-packages/airflow/example_dags/example_external_task_marker_dag.py
[2023-07-09T17:00:32.403+0000] {processor.py:743} INFO - Processing file /home/ubuntu/venv/lib/python3.10/site-packages/airflow/example_dags/example_external_task_marker_dag.py for tasks to queue
[2023-07-09T17:00:32.404+0000] {logging_mixin.py:137} INFO - [2023-07-09T17:00:32.404+0000] {dagbag.py:538} INFO - Filling up the DagBag from /home/ubuntu/venv/lib/python3.10/site-packages/airflow/example_dags/example_external_task_marker_dag.py
[2023-07-09T17:00:32.432+0000] {processor.py:753} INFO - DAG(s) dict_keys(['example_external_task_marker_parent', 'example_external_task_marker_child']) retrieved from /home/ubuntu/venv/lib/python3.10/site-packages/airflow/example_dags/example_external_task_marker_dag.py
[2023-07-09T17:00:32.497+0000] {logging_mixin.py:137} INFO - [2023-07-09T17:00:32.497+0000] {dag.py:2676} INFO - Sync 2 DAGs
[2023-07-09T17:00:32.530+0000] {logging_mixin.py:137} INFO - [2023-07-09T17:00:32.530+0000] {dag.py:3423} INFO - Setting next_dagrun for example_external_task_marker_child to None, run_after=None
[2023-07-09T17:00:32.534+0000] {logging_mixin.py:137} INFO - [2023-07-09T17:00:32.534+0000] {dag.py:3423} INFO - Setting next_dagrun for example_external_task_marker_parent to None, run_after=None
[2023-07-09T17:00:32.553+0000] {processor.py:175} INFO - Processing /home/ubuntu/venv/lib/python3.10/site-packages/airflow/example_dags/example_external_task_marker_dag.py took 0.162 seconds
[2023-07-09T17:01:03.742+0000] {processor.py:153} INFO - Started process (PID=8939) to work on /home/ubuntu/venv/lib/python3.10/site-packages/airflow/example_dags/example_external_task_marker_dag.py
[2023-07-09T17:01:03.747+0000] {processor.py:743} INFO - Processing file /home/ubuntu/venv/lib/python3.10/site-packages/airflow/example_dags/example_external_task_marker_dag.py for tasks to queue
[2023-07-09T17:01:03.748+0000] {logging_mixin.py:137} INFO - [2023-07-09T17:01:03.748+0000] {dagbag.py:538} INFO - Filling up the DagBag from /home/ubuntu/venv/lib/python3.10/site-packages/airflow/example_dags/example_external_task_marker_dag.py
[2023-07-09T17:01:03.773+0000] {processor.py:753} INFO - DAG(s) dict_keys(['example_external_task_marker_parent', 'example_external_task_marker_child']) retrieved from /home/ubuntu/venv/lib/python3.10/site-packages/airflow/example_dags/example_external_task_marker_dag.py
[2023-07-09T17:01:03.859+0000] {logging_mixin.py:137} INFO - [2023-07-09T17:01:03.859+0000] {dag.py:2676} INFO - Sync 2 DAGs
[2023-07-09T17:01:03.895+0000] {logging_mixin.py:137} INFO - [2023-07-09T17:01:03.895+0000] {dag.py:3423} INFO - Setting next_dagrun for example_external_task_marker_child to None, run_after=None
[2023-07-09T17:01:03.900+0000] {logging_mixin.py:137} INFO - [2023-07-09T17:01:03.900+0000] {dag.py:3423} INFO - Setting next_dagrun for example_external_task_marker_parent to None, run_after=None
[2023-07-09T17:01:03.926+0000] {processor.py:175} INFO - Processing /home/ubuntu/venv/lib/python3.10/site-packages/airflow/example_dags/example_external_task_marker_dag.py took 0.193 seconds
[2023-07-09T17:01:34.599+0000] {processor.py:153} INFO - Started process (PID=9177) to work on /home/ubuntu/venv/lib/python3.10/site-packages/airflow/example_dags/example_external_task_marker_dag.py
[2023-07-09T17:01:34.600+0000] {processor.py:743} INFO - Processing file /home/ubuntu/venv/lib/python3.10/site-packages/airflow/example_dags/example_external_task_marker_dag.py for tasks to queue
[2023-07-09T17:01:34.601+0000] {logging_mixin.py:137} INFO - [2023-07-09T17:01:34.601+0000] {dagbag.py:538} INFO - Filling up the DagBag from /home/ubuntu/venv/lib/python3.10/site-packages/airflow/example_dags/example_external_task_marker_dag.py
[2023-07-09T17:01:34.617+0000] {processor.py:753} INFO - DAG(s) dict_keys(['example_external_task_marker_child', 'example_external_task_marker_parent']) retrieved from /home/ubuntu/venv/lib/python3.10/site-packages/airflow/example_dags/example_external_task_marker_dag.py
[2023-07-09T17:01:34.676+0000] {logging_mixin.py:137} INFO - [2023-07-09T17:01:34.675+0000] {dag.py:2676} INFO - Sync 2 DAGs
[2023-07-09T17:01:34.716+0000] {logging_mixin.py:137} INFO - [2023-07-09T17:01:34.716+0000] {dag.py:3423} INFO - Setting next_dagrun for example_external_task_marker_child to None, run_after=None
[2023-07-09T17:01:34.721+0000] {logging_mixin.py:137} INFO - [2023-07-09T17:01:34.721+0000] {dag.py:3423} INFO - Setting next_dagrun for example_external_task_marker_parent to None, run_after=None
[2023-07-09T17:01:34.744+0000] {processor.py:175} INFO - Processing /home/ubuntu/venv/lib/python3.10/site-packages/airflow/example_dags/example_external_task_marker_dag.py took 0.154 seconds
[2023-07-09T17:02:05.652+0000] {processor.py:153} INFO - Started process (PID=9432) to work on /home/ubuntu/venv/lib/python3.10/site-packages/airflow/example_dags/example_external_task_marker_dag.py
[2023-07-09T17:02:05.655+0000] {processor.py:743} INFO - Processing file /home/ubuntu/venv/lib/python3.10/site-packages/airflow/example_dags/example_external_task_marker_dag.py for tasks to queue
[2023-07-09T17:02:05.656+0000] {logging_mixin.py:137} INFO - [2023-07-09T17:02:05.656+0000] {dagbag.py:538} INFO - Filling up the DagBag from /home/ubuntu/venv/lib/python3.10/site-packages/airflow/example_dags/example_external_task_marker_dag.py
[2023-07-09T17:02:05.683+0000] {processor.py:753} INFO - DAG(s) dict_keys(['example_external_task_marker_child', 'example_external_task_marker_parent']) retrieved from /home/ubuntu/venv/lib/python3.10/site-packages/airflow/example_dags/example_external_task_marker_dag.py
[2023-07-09T17:02:05.757+0000] {logging_mixin.py:137} INFO - [2023-07-09T17:02:05.757+0000] {dag.py:2676} INFO - Sync 2 DAGs
[2023-07-09T17:02:05.809+0000] {logging_mixin.py:137} INFO - [2023-07-09T17:02:05.808+0000] {dag.py:3423} INFO - Setting next_dagrun for example_external_task_marker_child to None, run_after=None
[2023-07-09T17:02:05.817+0000] {logging_mixin.py:137} INFO - [2023-07-09T17:02:05.816+0000] {dag.py:3423} INFO - Setting next_dagrun for example_external_task_marker_parent to None, run_after=None
[2023-07-09T17:02:05.844+0000] {processor.py:175} INFO - Processing /home/ubuntu/venv/lib/python3.10/site-packages/airflow/example_dags/example_external_task_marker_dag.py took 0.215 seconds
[2023-07-09T17:02:36.381+0000] {processor.py:153} INFO - Started process (PID=9666) to work on /home/ubuntu/venv/lib/python3.10/site-packages/airflow/example_dags/example_external_task_marker_dag.py
[2023-07-09T17:02:36.383+0000] {processor.py:743} INFO - Processing file /home/ubuntu/venv/lib/python3.10/site-packages/airflow/example_dags/example_external_task_marker_dag.py for tasks to queue
[2023-07-09T17:02:36.384+0000] {logging_mixin.py:137} INFO - [2023-07-09T17:02:36.383+0000] {dagbag.py:538} INFO - Filling up the DagBag from /home/ubuntu/venv/lib/python3.10/site-packages/airflow/example_dags/example_external_task_marker_dag.py
[2023-07-09T17:02:36.407+0000] {processor.py:753} INFO - DAG(s) dict_keys(['example_external_task_marker_child', 'example_external_task_marker_parent']) retrieved from /home/ubuntu/venv/lib/python3.10/site-packages/airflow/example_dags/example_external_task_marker_dag.py
[2023-07-09T17:02:36.477+0000] {logging_mixin.py:137} INFO - [2023-07-09T17:02:36.477+0000] {dag.py:2676} INFO - Sync 2 DAGs
[2023-07-09T17:02:36.511+0000] {logging_mixin.py:137} INFO - [2023-07-09T17:02:36.511+0000] {dag.py:3423} INFO - Setting next_dagrun for example_external_task_marker_child to None, run_after=None
[2023-07-09T17:02:36.516+0000] {logging_mixin.py:137} INFO - [2023-07-09T17:02:36.515+0000] {dag.py:3423} INFO - Setting next_dagrun for example_external_task_marker_parent to None, run_after=None
[2023-07-09T17:02:36.539+0000] {processor.py:175} INFO - Processing /home/ubuntu/venv/lib/python3.10/site-packages/airflow/example_dags/example_external_task_marker_dag.py took 0.163 seconds
[2023-07-09T17:03:07.354+0000] {processor.py:153} INFO - Started process (PID=9905) to work on /home/ubuntu/venv/lib/python3.10/site-packages/airflow/example_dags/example_external_task_marker_dag.py
[2023-07-09T17:03:07.355+0000] {processor.py:743} INFO - Processing file /home/ubuntu/venv/lib/python3.10/site-packages/airflow/example_dags/example_external_task_marker_dag.py for tasks to queue
[2023-07-09T17:03:07.356+0000] {logging_mixin.py:137} INFO - [2023-07-09T17:03:07.356+0000] {dagbag.py:538} INFO - Filling up the DagBag from /home/ubuntu/venv/lib/python3.10/site-packages/airflow/example_dags/example_external_task_marker_dag.py
[2023-07-09T17:03:07.376+0000] {processor.py:753} INFO - DAG(s) dict_keys(['example_external_task_marker_parent', 'example_external_task_marker_child']) retrieved from /home/ubuntu/venv/lib/python3.10/site-packages/airflow/example_dags/example_external_task_marker_dag.py
[2023-07-09T17:03:07.462+0000] {logging_mixin.py:137} INFO - [2023-07-09T17:03:07.461+0000] {dag.py:2676} INFO - Sync 2 DAGs
[2023-07-09T17:03:07.508+0000] {logging_mixin.py:137} INFO - [2023-07-09T17:03:07.508+0000] {dag.py:3423} INFO - Setting next_dagrun for example_external_task_marker_child to None, run_after=None
[2023-07-09T17:03:07.514+0000] {logging_mixin.py:137} INFO - [2023-07-09T17:03:07.514+0000] {dag.py:3423} INFO - Setting next_dagrun for example_external_task_marker_parent to None, run_after=None
[2023-07-09T17:03:07.536+0000] {processor.py:175} INFO - Processing /home/ubuntu/venv/lib/python3.10/site-packages/airflow/example_dags/example_external_task_marker_dag.py took 0.187 seconds
[2023-07-09T17:03:38.316+0000] {processor.py:153} INFO - Started process (PID=10138) to work on /home/ubuntu/venv/lib/python3.10/site-packages/airflow/example_dags/example_external_task_marker_dag.py
[2023-07-09T17:03:38.318+0000] {processor.py:743} INFO - Processing file /home/ubuntu/venv/lib/python3.10/site-packages/airflow/example_dags/example_external_task_marker_dag.py for tasks to queue
[2023-07-09T17:03:38.319+0000] {logging_mixin.py:137} INFO - [2023-07-09T17:03:38.319+0000] {dagbag.py:538} INFO - Filling up the DagBag from /home/ubuntu/venv/lib/python3.10/site-packages/airflow/example_dags/example_external_task_marker_dag.py
[2023-07-09T17:03:38.339+0000] {processor.py:753} INFO - DAG(s) dict_keys(['example_external_task_marker_parent', 'example_external_task_marker_child']) retrieved from /home/ubuntu/venv/lib/python3.10/site-packages/airflow/example_dags/example_external_task_marker_dag.py
[2023-07-09T17:03:38.412+0000] {logging_mixin.py:137} INFO - [2023-07-09T17:03:38.412+0000] {dag.py:2676} INFO - Sync 2 DAGs
[2023-07-09T17:03:38.446+0000] {logging_mixin.py:137} INFO - [2023-07-09T17:03:38.445+0000] {dag.py:3423} INFO - Setting next_dagrun for example_external_task_marker_child to None, run_after=None
[2023-07-09T17:03:38.451+0000] {logging_mixin.py:137} INFO - [2023-07-09T17:03:38.451+0000] {dag.py:3423} INFO - Setting next_dagrun for example_external_task_marker_parent to None, run_after=None
[2023-07-09T17:03:38.472+0000] {processor.py:175} INFO - Processing /home/ubuntu/venv/lib/python3.10/site-packages/airflow/example_dags/example_external_task_marker_dag.py took 0.161 seconds
[2023-07-09T17:04:09.266+0000] {processor.py:153} INFO - Started process (PID=10376) to work on /home/ubuntu/venv/lib/python3.10/site-packages/airflow/example_dags/example_external_task_marker_dag.py
[2023-07-09T17:04:09.267+0000] {processor.py:743} INFO - Processing file /home/ubuntu/venv/lib/python3.10/site-packages/airflow/example_dags/example_external_task_marker_dag.py for tasks to queue
[2023-07-09T17:04:09.268+0000] {logging_mixin.py:137} INFO - [2023-07-09T17:04:09.268+0000] {dagbag.py:538} INFO - Filling up the DagBag from /home/ubuntu/venv/lib/python3.10/site-packages/airflow/example_dags/example_external_task_marker_dag.py
[2023-07-09T17:04:09.289+0000] {processor.py:753} INFO - DAG(s) dict_keys(['example_external_task_marker_parent', 'example_external_task_marker_child']) retrieved from /home/ubuntu/venv/lib/python3.10/site-packages/airflow/example_dags/example_external_task_marker_dag.py
[2023-07-09T17:04:09.360+0000] {logging_mixin.py:137} INFO - [2023-07-09T17:04:09.360+0000] {dag.py:2676} INFO - Sync 2 DAGs
[2023-07-09T17:04:09.392+0000] {logging_mixin.py:137} INFO - [2023-07-09T17:04:09.391+0000] {dag.py:3423} INFO - Setting next_dagrun for example_external_task_marker_child to None, run_after=None
[2023-07-09T17:04:09.397+0000] {logging_mixin.py:137} INFO - [2023-07-09T17:04:09.397+0000] {dag.py:3423} INFO - Setting next_dagrun for example_external_task_marker_parent to None, run_after=None
[2023-07-09T17:04:09.418+0000] {processor.py:175} INFO - Processing /home/ubuntu/venv/lib/python3.10/site-packages/airflow/example_dags/example_external_task_marker_dag.py took 0.156 seconds
[2023-07-09T17:04:41.295+0000] {processor.py:153} INFO - Started process (PID=10609) to work on /home/ubuntu/venv/lib/python3.10/site-packages/airflow/example_dags/example_external_task_marker_dag.py
[2023-07-09T17:04:41.296+0000] {processor.py:743} INFO - Processing file /home/ubuntu/venv/lib/python3.10/site-packages/airflow/example_dags/example_external_task_marker_dag.py for tasks to queue
[2023-07-09T17:04:41.297+0000] {logging_mixin.py:137} INFO - [2023-07-09T17:04:41.297+0000] {dagbag.py:538} INFO - Filling up the DagBag from /home/ubuntu/venv/lib/python3.10/site-packages/airflow/example_dags/example_external_task_marker_dag.py
[2023-07-09T17:04:41.315+0000] {processor.py:753} INFO - DAG(s) dict_keys(['example_external_task_marker_child', 'example_external_task_marker_parent']) retrieved from /home/ubuntu/venv/lib/python3.10/site-packages/airflow/example_dags/example_external_task_marker_dag.py
[2023-07-09T17:04:41.390+0000] {logging_mixin.py:137} INFO - [2023-07-09T17:04:41.390+0000] {dag.py:2676} INFO - Sync 2 DAGs
[2023-07-09T17:04:41.422+0000] {logging_mixin.py:137} INFO - [2023-07-09T17:04:41.422+0000] {dag.py:3423} INFO - Setting next_dagrun for example_external_task_marker_child to None, run_after=None
[2023-07-09T17:04:41.427+0000] {logging_mixin.py:137} INFO - [2023-07-09T17:04:41.426+0000] {dag.py:3423} INFO - Setting next_dagrun for example_external_task_marker_parent to None, run_after=None
[2023-07-09T17:04:41.684+0000] {processor.py:175} INFO - Processing /home/ubuntu/venv/lib/python3.10/site-packages/airflow/example_dags/example_external_task_marker_dag.py took 0.393 seconds
[2023-07-09T17:06:04.149+0000] {processor.py:153} INFO - Started process (PID=11181) to work on /home/ubuntu/venv/lib/python3.10/site-packages/airflow/example_dags/example_external_task_marker_dag.py
[2023-07-09T17:06:04.151+0000] {processor.py:743} INFO - Processing file /home/ubuntu/venv/lib/python3.10/site-packages/airflow/example_dags/example_external_task_marker_dag.py for tasks to queue
[2023-07-09T17:06:04.152+0000] {logging_mixin.py:137} INFO - [2023-07-09T17:06:04.152+0000] {dagbag.py:538} INFO - Filling up the DagBag from /home/ubuntu/venv/lib/python3.10/site-packages/airflow/example_dags/example_external_task_marker_dag.py
[2023-07-09T17:06:04.178+0000] {processor.py:753} INFO - DAG(s) dict_keys(['example_external_task_marker_child', 'example_external_task_marker_parent']) retrieved from /home/ubuntu/venv/lib/python3.10/site-packages/airflow/example_dags/example_external_task_marker_dag.py
[2023-07-09T17:06:04.275+0000] {logging_mixin.py:137} INFO - [2023-07-09T17:06:04.274+0000] {dag.py:2676} INFO - Sync 2 DAGs
[2023-07-09T17:06:04.332+0000] {logging_mixin.py:137} INFO - [2023-07-09T17:06:04.332+0000] {dag.py:3423} INFO - Setting next_dagrun for example_external_task_marker_child to None, run_after=None
[2023-07-09T17:06:04.371+0000] {logging_mixin.py:137} INFO - [2023-07-09T17:06:04.371+0000] {dag.py:3423} INFO - Setting next_dagrun for example_external_task_marker_parent to None, run_after=None
[2023-07-09T17:06:04.445+0000] {processor.py:175} INFO - Processing /home/ubuntu/venv/lib/python3.10/site-packages/airflow/example_dags/example_external_task_marker_dag.py took 0.301 seconds
[2023-07-09T17:06:34.530+0000] {processor.py:153} INFO - Started process (PID=11440) to work on /home/ubuntu/venv/lib/python3.10/site-packages/airflow/example_dags/example_external_task_marker_dag.py
[2023-07-09T17:06:34.531+0000] {processor.py:743} INFO - Processing file /home/ubuntu/venv/lib/python3.10/site-packages/airflow/example_dags/example_external_task_marker_dag.py for tasks to queue
[2023-07-09T17:06:34.532+0000] {logging_mixin.py:137} INFO - [2023-07-09T17:06:34.532+0000] {dagbag.py:538} INFO - Filling up the DagBag from /home/ubuntu/venv/lib/python3.10/site-packages/airflow/example_dags/example_external_task_marker_dag.py
[2023-07-09T17:06:34.550+0000] {processor.py:753} INFO - DAG(s) dict_keys(['example_external_task_marker_child', 'example_external_task_marker_parent']) retrieved from /home/ubuntu/venv/lib/python3.10/site-packages/airflow/example_dags/example_external_task_marker_dag.py
[2023-07-09T17:06:34.603+0000] {logging_mixin.py:137} INFO - [2023-07-09T17:06:34.603+0000] {dag.py:2676} INFO - Sync 2 DAGs
[2023-07-09T17:06:34.627+0000] {logging_mixin.py:137} INFO - [2023-07-09T17:06:34.626+0000] {dag.py:3423} INFO - Setting next_dagrun for example_external_task_marker_child to None, run_after=None
[2023-07-09T17:06:34.630+0000] {logging_mixin.py:137} INFO - [2023-07-09T17:06:34.630+0000] {dag.py:3423} INFO - Setting next_dagrun for example_external_task_marker_parent to None, run_after=None
[2023-07-09T17:06:34.648+0000] {processor.py:175} INFO - Processing /home/ubuntu/venv/lib/python3.10/site-packages/airflow/example_dags/example_external_task_marker_dag.py took 0.128 seconds
[2023-07-09T17:07:28.574+0000] {processor.py:153} INFO - Started process (PID=11913) to work on /home/ubuntu/venv/lib/python3.10/site-packages/airflow/example_dags/example_external_task_marker_dag.py
[2023-07-09T17:07:28.575+0000] {processor.py:743} INFO - Processing file /home/ubuntu/venv/lib/python3.10/site-packages/airflow/example_dags/example_external_task_marker_dag.py for tasks to queue
[2023-07-09T17:07:28.576+0000] {logging_mixin.py:137} INFO - [2023-07-09T17:07:28.576+0000] {dagbag.py:538} INFO - Filling up the DagBag from /home/ubuntu/venv/lib/python3.10/site-packages/airflow/example_dags/example_external_task_marker_dag.py
[2023-07-09T17:07:28.599+0000] {processor.py:753} INFO - DAG(s) dict_keys(['example_external_task_marker_child', 'example_external_task_marker_parent']) retrieved from /home/ubuntu/venv/lib/python3.10/site-packages/airflow/example_dags/example_external_task_marker_dag.py
[2023-07-09T17:07:28.683+0000] {logging_mixin.py:137} INFO - [2023-07-09T17:07:28.682+0000] {dag.py:2676} INFO - Sync 2 DAGs
[2023-07-09T17:07:28.712+0000] {logging_mixin.py:137} INFO - [2023-07-09T17:07:28.712+0000] {dag.py:3423} INFO - Setting next_dagrun for example_external_task_marker_child to None, run_after=None
[2023-07-09T17:07:28.716+0000] {logging_mixin.py:137} INFO - [2023-07-09T17:07:28.716+0000] {dag.py:3423} INFO - Setting next_dagrun for example_external_task_marker_parent to None, run_after=None
[2023-07-09T17:07:28.732+0000] {processor.py:175} INFO - Processing /home/ubuntu/venv/lib/python3.10/site-packages/airflow/example_dags/example_external_task_marker_dag.py took 0.163 seconds
[2023-07-09T17:07:59.861+0000] {processor.py:153} INFO - Started process (PID=12169) to work on /home/ubuntu/venv/lib/python3.10/site-packages/airflow/example_dags/example_external_task_marker_dag.py
[2023-07-09T17:07:59.879+0000] {processor.py:743} INFO - Processing file /home/ubuntu/venv/lib/python3.10/site-packages/airflow/example_dags/example_external_task_marker_dag.py for tasks to queue
[2023-07-09T17:07:59.880+0000] {logging_mixin.py:137} INFO - [2023-07-09T17:07:59.880+0000] {dagbag.py:538} INFO - Filling up the DagBag from /home/ubuntu/venv/lib/python3.10/site-packages/airflow/example_dags/example_external_task_marker_dag.py
[2023-07-09T17:07:59.985+0000] {processor.py:753} INFO - DAG(s) dict_keys(['example_external_task_marker_child', 'example_external_task_marker_parent']) retrieved from /home/ubuntu/venv/lib/python3.10/site-packages/airflow/example_dags/example_external_task_marker_dag.py
[2023-07-09T17:08:00.233+0000] {logging_mixin.py:137} INFO - [2023-07-09T17:08:00.233+0000] {dag.py:2676} INFO - Sync 2 DAGs
[2023-07-09T17:08:00.269+0000] {logging_mixin.py:137} INFO - [2023-07-09T17:08:00.269+0000] {dag.py:3423} INFO - Setting next_dagrun for example_external_task_marker_child to None, run_after=None
[2023-07-09T17:08:00.275+0000] {logging_mixin.py:137} INFO - [2023-07-09T17:08:00.275+0000] {dag.py:3423} INFO - Setting next_dagrun for example_external_task_marker_parent to None, run_after=None
[2023-07-09T17:08:00.321+0000] {processor.py:175} INFO - Processing /home/ubuntu/venv/lib/python3.10/site-packages/airflow/example_dags/example_external_task_marker_dag.py took 0.480 seconds
[2023-07-09T17:08:31.189+0000] {processor.py:153} INFO - Started process (PID=12407) to work on /home/ubuntu/venv/lib/python3.10/site-packages/airflow/example_dags/example_external_task_marker_dag.py
[2023-07-09T17:08:31.191+0000] {processor.py:743} INFO - Processing file /home/ubuntu/venv/lib/python3.10/site-packages/airflow/example_dags/example_external_task_marker_dag.py for tasks to queue
[2023-07-09T17:08:31.192+0000] {logging_mixin.py:137} INFO - [2023-07-09T17:08:31.191+0000] {dagbag.py:538} INFO - Filling up the DagBag from /home/ubuntu/venv/lib/python3.10/site-packages/airflow/example_dags/example_external_task_marker_dag.py
[2023-07-09T17:08:31.211+0000] {processor.py:753} INFO - DAG(s) dict_keys(['example_external_task_marker_parent', 'example_external_task_marker_child']) retrieved from /home/ubuntu/venv/lib/python3.10/site-packages/airflow/example_dags/example_external_task_marker_dag.py
[2023-07-09T17:08:31.282+0000] {logging_mixin.py:137} INFO - [2023-07-09T17:08:31.282+0000] {dag.py:2676} INFO - Sync 2 DAGs
[2023-07-09T17:08:31.321+0000] {logging_mixin.py:137} INFO - [2023-07-09T17:08:31.320+0000] {dag.py:3423} INFO - Setting next_dagrun for example_external_task_marker_child to None, run_after=None
[2023-07-09T17:08:31.328+0000] {logging_mixin.py:137} INFO - [2023-07-09T17:08:31.326+0000] {dag.py:3423} INFO - Setting next_dagrun for example_external_task_marker_parent to None, run_after=None
[2023-07-09T17:08:31.353+0000] {processor.py:175} INFO - Processing /home/ubuntu/venv/lib/python3.10/site-packages/airflow/example_dags/example_external_task_marker_dag.py took 0.169 seconds
[2023-07-09T17:09:07.427+0000] {processor.py:153} INFO - Started process (PID=12862) to work on /home/ubuntu/venv/lib/python3.10/site-packages/airflow/example_dags/example_external_task_marker_dag.py
[2023-07-09T17:09:07.428+0000] {processor.py:743} INFO - Processing file /home/ubuntu/venv/lib/python3.10/site-packages/airflow/example_dags/example_external_task_marker_dag.py for tasks to queue
[2023-07-09T17:09:07.429+0000] {logging_mixin.py:137} INFO - [2023-07-09T17:09:07.429+0000] {dagbag.py:538} INFO - Filling up the DagBag from /home/ubuntu/venv/lib/python3.10/site-packages/airflow/example_dags/example_external_task_marker_dag.py
[2023-07-09T17:09:07.448+0000] {processor.py:753} INFO - DAG(s) dict_keys(['example_external_task_marker_parent', 'example_external_task_marker_child']) retrieved from /home/ubuntu/venv/lib/python3.10/site-packages/airflow/example_dags/example_external_task_marker_dag.py
[2023-07-09T17:09:07.520+0000] {logging_mixin.py:137} INFO - [2023-07-09T17:09:07.519+0000] {dag.py:2676} INFO - Sync 2 DAGs
[2023-07-09T17:09:07.553+0000] {logging_mixin.py:137} INFO - [2023-07-09T17:09:07.552+0000] {dag.py:3423} INFO - Setting next_dagrun for example_external_task_marker_child to None, run_after=None
[2023-07-09T17:09:07.557+0000] {logging_mixin.py:137} INFO - [2023-07-09T17:09:07.557+0000] {dag.py:3423} INFO - Setting next_dagrun for example_external_task_marker_parent to None, run_after=None
[2023-07-09T17:09:07.580+0000] {processor.py:175} INFO - Processing /home/ubuntu/venv/lib/python3.10/site-packages/airflow/example_dags/example_external_task_marker_dag.py took 0.157 seconds
[2023-07-09T17:09:38.037+0000] {processor.py:153} INFO - Started process (PID=13136) to work on /home/ubuntu/venv/lib/python3.10/site-packages/airflow/example_dags/example_external_task_marker_dag.py
[2023-07-09T17:09:38.038+0000] {processor.py:743} INFO - Processing file /home/ubuntu/venv/lib/python3.10/site-packages/airflow/example_dags/example_external_task_marker_dag.py for tasks to queue
[2023-07-09T17:09:38.039+0000] {logging_mixin.py:137} INFO - [2023-07-09T17:09:38.039+0000] {dagbag.py:538} INFO - Filling up the DagBag from /home/ubuntu/venv/lib/python3.10/site-packages/airflow/example_dags/example_external_task_marker_dag.py
[2023-07-09T17:09:38.058+0000] {processor.py:753} INFO - DAG(s) dict_keys(['example_external_task_marker_parent', 'example_external_task_marker_child']) retrieved from /home/ubuntu/venv/lib/python3.10/site-packages/airflow/example_dags/example_external_task_marker_dag.py
[2023-07-09T17:09:38.125+0000] {logging_mixin.py:137} INFO - [2023-07-09T17:09:38.125+0000] {dag.py:2676} INFO - Sync 2 DAGs
[2023-07-09T17:09:38.157+0000] {logging_mixin.py:137} INFO - [2023-07-09T17:09:38.156+0000] {dag.py:3423} INFO - Setting next_dagrun for example_external_task_marker_child to None, run_after=None
[2023-07-09T17:09:38.162+0000] {logging_mixin.py:137} INFO - [2023-07-09T17:09:38.162+0000] {dag.py:3423} INFO - Setting next_dagrun for example_external_task_marker_parent to None, run_after=None
[2023-07-09T17:09:38.181+0000] {processor.py:175} INFO - Processing /home/ubuntu/venv/lib/python3.10/site-packages/airflow/example_dags/example_external_task_marker_dag.py took 0.148 seconds
[2023-07-09T17:10:08.883+0000] {processor.py:153} INFO - Started process (PID=13372) to work on /home/ubuntu/venv/lib/python3.10/site-packages/airflow/example_dags/example_external_task_marker_dag.py
[2023-07-09T17:10:08.884+0000] {processor.py:743} INFO - Processing file /home/ubuntu/venv/lib/python3.10/site-packages/airflow/example_dags/example_external_task_marker_dag.py for tasks to queue
[2023-07-09T17:10:08.885+0000] {logging_mixin.py:137} INFO - [2023-07-09T17:10:08.885+0000] {dagbag.py:538} INFO - Filling up the DagBag from /home/ubuntu/venv/lib/python3.10/site-packages/airflow/example_dags/example_external_task_marker_dag.py
[2023-07-09T17:10:08.903+0000] {processor.py:753} INFO - DAG(s) dict_keys(['example_external_task_marker_parent', 'example_external_task_marker_child']) retrieved from /home/ubuntu/venv/lib/python3.10/site-packages/airflow/example_dags/example_external_task_marker_dag.py
[2023-07-09T17:10:08.969+0000] {logging_mixin.py:137} INFO - [2023-07-09T17:10:08.969+0000] {dag.py:2676} INFO - Sync 2 DAGs
[2023-07-09T17:10:09.002+0000] {logging_mixin.py:137} INFO - [2023-07-09T17:10:09.002+0000] {dag.py:3423} INFO - Setting next_dagrun for example_external_task_marker_child to None, run_after=None
[2023-07-09T17:10:09.007+0000] {logging_mixin.py:137} INFO - [2023-07-09T17:10:09.007+0000] {dag.py:3423} INFO - Setting next_dagrun for example_external_task_marker_parent to None, run_after=None
[2023-07-09T17:10:09.027+0000] {processor.py:175} INFO - Processing /home/ubuntu/venv/lib/python3.10/site-packages/airflow/example_dags/example_external_task_marker_dag.py took 0.149 seconds
