[2023-07-09T15:46:32.617+0000] {processor.py:153} INFO - Started process (PID=1282) to work on /home/ubuntu/venv/lib/python3.10/site-packages/airflow/example_dags/example_time_delta_sensor_async.py
[2023-07-09T15:46:32.618+0000] {processor.py:743} INFO - Processing file /home/ubuntu/venv/lib/python3.10/site-packages/airflow/example_dags/example_time_delta_sensor_async.py for tasks to queue
[2023-07-09T15:46:32.627+0000] {logging_mixin.py:137} INFO - [2023-07-09T15:46:32.627+0000] {dagbag.py:538} INFO - Filling up the DagBag from /home/ubuntu/venv/lib/python3.10/site-packages/airflow/example_dags/example_time_delta_sensor_async.py
[2023-07-09T15:46:32.660+0000] {processor.py:753} INFO - DAG(s) dict_keys(['example_time_delta_sensor_async']) retrieved from /home/ubuntu/venv/lib/python3.10/site-packages/airflow/example_dags/example_time_delta_sensor_async.py
[2023-07-09T15:46:32.789+0000] {logging_mixin.py:137} INFO - [2023-07-09T15:46:32.787+0000] {dag.py:2676} INFO - Sync 1 DAGs
[2023-07-09T15:46:32.869+0000] {logging_mixin.py:137} INFO - [2023-07-09T15:46:32.869+0000] {dag.py:3423} INFO - Setting next_dagrun for example_time_delta_sensor_async to None, run_after=None
[2023-07-09T15:46:32.915+0000] {processor.py:175} INFO - Processing /home/ubuntu/venv/lib/python3.10/site-packages/airflow/example_dags/example_time_delta_sensor_async.py took 0.302 seconds
[2023-07-09T15:47:03.536+0000] {processor.py:153} INFO - Started process (PID=1525) to work on /home/ubuntu/venv/lib/python3.10/site-packages/airflow/example_dags/example_time_delta_sensor_async.py
[2023-07-09T15:47:03.543+0000] {processor.py:743} INFO - Processing file /home/ubuntu/venv/lib/python3.10/site-packages/airflow/example_dags/example_time_delta_sensor_async.py for tasks to queue
[2023-07-09T15:47:03.545+0000] {logging_mixin.py:137} INFO - [2023-07-09T15:47:03.544+0000] {dagbag.py:538} INFO - Filling up the DagBag from /home/ubuntu/venv/lib/python3.10/site-packages/airflow/example_dags/example_time_delta_sensor_async.py
[2023-07-09T15:47:03.584+0000] {processor.py:753} INFO - DAG(s) dict_keys(['example_time_delta_sensor_async']) retrieved from /home/ubuntu/venv/lib/python3.10/site-packages/airflow/example_dags/example_time_delta_sensor_async.py
[2023-07-09T15:47:03.702+0000] {logging_mixin.py:137} INFO - [2023-07-09T15:47:03.702+0000] {dag.py:2676} INFO - Sync 1 DAGs
[2023-07-09T15:47:03.781+0000] {logging_mixin.py:137} INFO - [2023-07-09T15:47:03.781+0000] {dag.py:3423} INFO - Setting next_dagrun for example_time_delta_sensor_async to None, run_after=None
[2023-07-09T15:47:03.823+0000] {processor.py:175} INFO - Processing /home/ubuntu/venv/lib/python3.10/site-packages/airflow/example_dags/example_time_delta_sensor_async.py took 0.292 seconds
[2023-07-09T15:47:33.897+0000] {processor.py:153} INFO - Started process (PID=1763) to work on /home/ubuntu/venv/lib/python3.10/site-packages/airflow/example_dags/example_time_delta_sensor_async.py
[2023-07-09T15:47:33.898+0000] {processor.py:743} INFO - Processing file /home/ubuntu/venv/lib/python3.10/site-packages/airflow/example_dags/example_time_delta_sensor_async.py for tasks to queue
[2023-07-09T15:47:33.900+0000] {logging_mixin.py:137} INFO - [2023-07-09T15:47:33.900+0000] {dagbag.py:538} INFO - Filling up the DagBag from /home/ubuntu/venv/lib/python3.10/site-packages/airflow/example_dags/example_time_delta_sensor_async.py
[2023-07-09T15:47:33.921+0000] {processor.py:753} INFO - DAG(s) dict_keys(['example_time_delta_sensor_async']) retrieved from /home/ubuntu/venv/lib/python3.10/site-packages/airflow/example_dags/example_time_delta_sensor_async.py
[2023-07-09T15:47:33.996+0000] {logging_mixin.py:137} INFO - [2023-07-09T15:47:33.995+0000] {dag.py:2676} INFO - Sync 1 DAGs
[2023-07-09T15:47:34.039+0000] {logging_mixin.py:137} INFO - [2023-07-09T15:47:34.038+0000] {dag.py:3423} INFO - Setting next_dagrun for example_time_delta_sensor_async to None, run_after=None
[2023-07-09T15:47:34.066+0000] {processor.py:175} INFO - Processing /home/ubuntu/venv/lib/python3.10/site-packages/airflow/example_dags/example_time_delta_sensor_async.py took 0.175 seconds
[2023-07-09T15:49:51.664+0000] {processor.py:153} INFO - Started process (PID=2106) to work on /home/ubuntu/venv/lib/python3.10/site-packages/airflow/example_dags/example_time_delta_sensor_async.py
[2023-07-09T15:49:51.665+0000] {processor.py:743} INFO - Processing file /home/ubuntu/venv/lib/python3.10/site-packages/airflow/example_dags/example_time_delta_sensor_async.py for tasks to queue
[2023-07-09T15:49:51.666+0000] {logging_mixin.py:137} INFO - [2023-07-09T15:49:51.666+0000] {dagbag.py:538} INFO - Filling up the DagBag from /home/ubuntu/venv/lib/python3.10/site-packages/airflow/example_dags/example_time_delta_sensor_async.py
[2023-07-09T15:49:51.682+0000] {processor.py:753} INFO - DAG(s) dict_keys(['example_time_delta_sensor_async']) retrieved from /home/ubuntu/venv/lib/python3.10/site-packages/airflow/example_dags/example_time_delta_sensor_async.py
[2023-07-09T15:49:51.752+0000] {logging_mixin.py:137} INFO - [2023-07-09T15:49:51.752+0000] {dag.py:2676} INFO - Sync 1 DAGs
[2023-07-09T15:49:51.788+0000] {logging_mixin.py:137} INFO - [2023-07-09T15:49:51.787+0000] {dag.py:3423} INFO - Setting next_dagrun for example_time_delta_sensor_async to None, run_after=None
[2023-07-09T15:49:51.811+0000] {processor.py:175} INFO - Processing /home/ubuntu/venv/lib/python3.10/site-packages/airflow/example_dags/example_time_delta_sensor_async.py took 0.151 seconds
[2023-07-09T15:50:22.849+0000] {processor.py:153} INFO - Started process (PID=2345) to work on /home/ubuntu/venv/lib/python3.10/site-packages/airflow/example_dags/example_time_delta_sensor_async.py
[2023-07-09T15:50:22.850+0000] {processor.py:743} INFO - Processing file /home/ubuntu/venv/lib/python3.10/site-packages/airflow/example_dags/example_time_delta_sensor_async.py for tasks to queue
[2023-07-09T15:50:22.851+0000] {logging_mixin.py:137} INFO - [2023-07-09T15:50:22.851+0000] {dagbag.py:538} INFO - Filling up the DagBag from /home/ubuntu/venv/lib/python3.10/site-packages/airflow/example_dags/example_time_delta_sensor_async.py
[2023-07-09T15:50:22.869+0000] {processor.py:753} INFO - DAG(s) dict_keys(['example_time_delta_sensor_async']) retrieved from /home/ubuntu/venv/lib/python3.10/site-packages/airflow/example_dags/example_time_delta_sensor_async.py
[2023-07-09T15:50:22.943+0000] {logging_mixin.py:137} INFO - [2023-07-09T15:50:22.942+0000] {dag.py:2676} INFO - Sync 1 DAGs
[2023-07-09T15:50:22.973+0000] {logging_mixin.py:137} INFO - [2023-07-09T15:50:22.973+0000] {dag.py:3423} INFO - Setting next_dagrun for example_time_delta_sensor_async to None, run_after=None
[2023-07-09T15:50:22.997+0000] {processor.py:175} INFO - Processing /home/ubuntu/venv/lib/python3.10/site-packages/airflow/example_dags/example_time_delta_sensor_async.py took 0.152 seconds
[2023-07-09T16:47:15.091+0000] {processor.py:153} INFO - Started process (PID=3405) to work on /home/ubuntu/venv/lib/python3.10/site-packages/airflow/example_dags/example_time_delta_sensor_async.py
[2023-07-09T16:47:15.092+0000] {processor.py:743} INFO - Processing file /home/ubuntu/venv/lib/python3.10/site-packages/airflow/example_dags/example_time_delta_sensor_async.py for tasks to queue
[2023-07-09T16:47:15.093+0000] {logging_mixin.py:137} INFO - [2023-07-09T16:47:15.093+0000] {dagbag.py:538} INFO - Filling up the DagBag from /home/ubuntu/venv/lib/python3.10/site-packages/airflow/example_dags/example_time_delta_sensor_async.py
[2023-07-09T16:47:15.108+0000] {processor.py:753} INFO - DAG(s) dict_keys(['example_time_delta_sensor_async']) retrieved from /home/ubuntu/venv/lib/python3.10/site-packages/airflow/example_dags/example_time_delta_sensor_async.py
[2023-07-09T16:47:15.165+0000] {logging_mixin.py:137} INFO - [2023-07-09T16:47:15.165+0000] {dag.py:2676} INFO - Sync 1 DAGs
[2023-07-09T16:47:15.194+0000] {logging_mixin.py:137} INFO - [2023-07-09T16:47:15.194+0000] {dag.py:3423} INFO - Setting next_dagrun for example_time_delta_sensor_async to None, run_after=None
[2023-07-09T16:47:15.215+0000] {processor.py:175} INFO - Processing /home/ubuntu/venv/lib/python3.10/site-packages/airflow/example_dags/example_time_delta_sensor_async.py took 0.128 seconds
[2023-07-09T16:47:46.299+0000] {processor.py:153} INFO - Started process (PID=3773) to work on /home/ubuntu/venv/lib/python3.10/site-packages/airflow/example_dags/example_time_delta_sensor_async.py
[2023-07-09T16:47:46.303+0000] {processor.py:743} INFO - Processing file /home/ubuntu/venv/lib/python3.10/site-packages/airflow/example_dags/example_time_delta_sensor_async.py for tasks to queue
[2023-07-09T16:47:46.303+0000] {logging_mixin.py:137} INFO - [2023-07-09T16:47:46.303+0000] {dagbag.py:538} INFO - Filling up the DagBag from /home/ubuntu/venv/lib/python3.10/site-packages/airflow/example_dags/example_time_delta_sensor_async.py
[2023-07-09T16:47:46.322+0000] {processor.py:753} INFO - DAG(s) dict_keys(['example_time_delta_sensor_async']) retrieved from /home/ubuntu/venv/lib/python3.10/site-packages/airflow/example_dags/example_time_delta_sensor_async.py
[2023-07-09T16:47:46.400+0000] {logging_mixin.py:137} INFO - [2023-07-09T16:47:46.400+0000] {dag.py:2676} INFO - Sync 1 DAGs
[2023-07-09T16:47:46.435+0000] {logging_mixin.py:137} INFO - [2023-07-09T16:47:46.434+0000] {dag.py:3423} INFO - Setting next_dagrun for example_time_delta_sensor_async to None, run_after=None
[2023-07-09T16:47:46.462+0000] {processor.py:175} INFO - Processing /home/ubuntu/venv/lib/python3.10/site-packages/airflow/example_dags/example_time_delta_sensor_async.py took 0.168 seconds
[2023-07-09T16:48:16.769+0000] {processor.py:153} INFO - Started process (PID=4002) to work on /home/ubuntu/venv/lib/python3.10/site-packages/airflow/example_dags/example_time_delta_sensor_async.py
[2023-07-09T16:48:16.770+0000] {processor.py:743} INFO - Processing file /home/ubuntu/venv/lib/python3.10/site-packages/airflow/example_dags/example_time_delta_sensor_async.py for tasks to queue
[2023-07-09T16:48:16.771+0000] {logging_mixin.py:137} INFO - [2023-07-09T16:48:16.771+0000] {dagbag.py:538} INFO - Filling up the DagBag from /home/ubuntu/venv/lib/python3.10/site-packages/airflow/example_dags/example_time_delta_sensor_async.py
[2023-07-09T16:48:16.792+0000] {processor.py:753} INFO - DAG(s) dict_keys(['example_time_delta_sensor_async']) retrieved from /home/ubuntu/venv/lib/python3.10/site-packages/airflow/example_dags/example_time_delta_sensor_async.py
[2023-07-09T16:48:16.867+0000] {logging_mixin.py:137} INFO - [2023-07-09T16:48:16.866+0000] {dag.py:2676} INFO - Sync 1 DAGs
[2023-07-09T16:48:16.922+0000] {logging_mixin.py:137} INFO - [2023-07-09T16:48:16.922+0000] {dag.py:3423} INFO - Setting next_dagrun for example_time_delta_sensor_async to None, run_after=None
[2023-07-09T16:48:16.951+0000] {processor.py:175} INFO - Processing /home/ubuntu/venv/lib/python3.10/site-packages/airflow/example_dags/example_time_delta_sensor_async.py took 0.190 seconds
[2023-07-09T16:48:47.511+0000] {processor.py:153} INFO - Started process (PID=4238) to work on /home/ubuntu/venv/lib/python3.10/site-packages/airflow/example_dags/example_time_delta_sensor_async.py
[2023-07-09T16:48:47.512+0000] {processor.py:743} INFO - Processing file /home/ubuntu/venv/lib/python3.10/site-packages/airflow/example_dags/example_time_delta_sensor_async.py for tasks to queue
[2023-07-09T16:48:47.513+0000] {logging_mixin.py:137} INFO - [2023-07-09T16:48:47.512+0000] {dagbag.py:538} INFO - Filling up the DagBag from /home/ubuntu/venv/lib/python3.10/site-packages/airflow/example_dags/example_time_delta_sensor_async.py
[2023-07-09T16:48:47.530+0000] {processor.py:753} INFO - DAG(s) dict_keys(['example_time_delta_sensor_async']) retrieved from /home/ubuntu/venv/lib/python3.10/site-packages/airflow/example_dags/example_time_delta_sensor_async.py
[2023-07-09T16:48:47.663+0000] {logging_mixin.py:137} INFO - [2023-07-09T16:48:47.661+0000] {dag.py:2676} INFO - Sync 1 DAGs
[2023-07-09T16:48:47.702+0000] {logging_mixin.py:137} INFO - [2023-07-09T16:48:47.702+0000] {dag.py:3423} INFO - Setting next_dagrun for example_time_delta_sensor_async to None, run_after=None
[2023-07-09T16:48:47.732+0000] {processor.py:175} INFO - Processing /home/ubuntu/venv/lib/python3.10/site-packages/airflow/example_dags/example_time_delta_sensor_async.py took 0.225 seconds
[2023-07-09T16:49:18.656+0000] {processor.py:153} INFO - Started process (PID=4473) to work on /home/ubuntu/venv/lib/python3.10/site-packages/airflow/example_dags/example_time_delta_sensor_async.py
[2023-07-09T16:49:18.657+0000] {processor.py:743} INFO - Processing file /home/ubuntu/venv/lib/python3.10/site-packages/airflow/example_dags/example_time_delta_sensor_async.py for tasks to queue
[2023-07-09T16:49:18.658+0000] {logging_mixin.py:137} INFO - [2023-07-09T16:49:18.658+0000] {dagbag.py:538} INFO - Filling up the DagBag from /home/ubuntu/venv/lib/python3.10/site-packages/airflow/example_dags/example_time_delta_sensor_async.py
[2023-07-09T16:49:18.676+0000] {processor.py:753} INFO - DAG(s) dict_keys(['example_time_delta_sensor_async']) retrieved from /home/ubuntu/venv/lib/python3.10/site-packages/airflow/example_dags/example_time_delta_sensor_async.py
[2023-07-09T16:49:18.747+0000] {logging_mixin.py:137} INFO - [2023-07-09T16:49:18.746+0000] {dag.py:2676} INFO - Sync 1 DAGs
[2023-07-09T16:49:18.786+0000] {logging_mixin.py:137} INFO - [2023-07-09T16:49:18.785+0000] {dag.py:3423} INFO - Setting next_dagrun for example_time_delta_sensor_async to None, run_after=None
[2023-07-09T16:49:18.809+0000] {processor.py:175} INFO - Processing /home/ubuntu/venv/lib/python3.10/site-packages/airflow/example_dags/example_time_delta_sensor_async.py took 0.157 seconds
[2023-07-09T16:49:49.042+0000] {processor.py:153} INFO - Started process (PID=4709) to work on /home/ubuntu/venv/lib/python3.10/site-packages/airflow/example_dags/example_time_delta_sensor_async.py
[2023-07-09T16:49:49.043+0000] {processor.py:743} INFO - Processing file /home/ubuntu/venv/lib/python3.10/site-packages/airflow/example_dags/example_time_delta_sensor_async.py for tasks to queue
[2023-07-09T16:49:49.044+0000] {logging_mixin.py:137} INFO - [2023-07-09T16:49:49.044+0000] {dagbag.py:538} INFO - Filling up the DagBag from /home/ubuntu/venv/lib/python3.10/site-packages/airflow/example_dags/example_time_delta_sensor_async.py
[2023-07-09T16:49:49.066+0000] {processor.py:753} INFO - DAG(s) dict_keys(['example_time_delta_sensor_async']) retrieved from /home/ubuntu/venv/lib/python3.10/site-packages/airflow/example_dags/example_time_delta_sensor_async.py
[2023-07-09T16:49:49.144+0000] {logging_mixin.py:137} INFO - [2023-07-09T16:49:49.143+0000] {dag.py:2676} INFO - Sync 1 DAGs
[2023-07-09T16:49:49.178+0000] {logging_mixin.py:137} INFO - [2023-07-09T16:49:49.178+0000] {dag.py:3423} INFO - Setting next_dagrun for example_time_delta_sensor_async to None, run_after=None
[2023-07-09T16:49:49.201+0000] {processor.py:175} INFO - Processing /home/ubuntu/venv/lib/python3.10/site-packages/airflow/example_dags/example_time_delta_sensor_async.py took 0.165 seconds
[2023-07-09T16:50:19.702+0000] {processor.py:153} INFO - Started process (PID=4944) to work on /home/ubuntu/venv/lib/python3.10/site-packages/airflow/example_dags/example_time_delta_sensor_async.py
[2023-07-09T16:50:19.705+0000] {processor.py:743} INFO - Processing file /home/ubuntu/venv/lib/python3.10/site-packages/airflow/example_dags/example_time_delta_sensor_async.py for tasks to queue
[2023-07-09T16:50:19.706+0000] {logging_mixin.py:137} INFO - [2023-07-09T16:50:19.705+0000] {dagbag.py:538} INFO - Filling up the DagBag from /home/ubuntu/venv/lib/python3.10/site-packages/airflow/example_dags/example_time_delta_sensor_async.py
[2023-07-09T16:50:19.725+0000] {processor.py:753} INFO - DAG(s) dict_keys(['example_time_delta_sensor_async']) retrieved from /home/ubuntu/venv/lib/python3.10/site-packages/airflow/example_dags/example_time_delta_sensor_async.py
[2023-07-09T16:50:19.806+0000] {logging_mixin.py:137} INFO - [2023-07-09T16:50:19.806+0000] {dag.py:2676} INFO - Sync 1 DAGs
[2023-07-09T16:50:19.843+0000] {logging_mixin.py:137} INFO - [2023-07-09T16:50:19.843+0000] {dag.py:3423} INFO - Setting next_dagrun for example_time_delta_sensor_async to None, run_after=None
[2023-07-09T16:50:19.867+0000] {processor.py:175} INFO - Processing /home/ubuntu/venv/lib/python3.10/site-packages/airflow/example_dags/example_time_delta_sensor_async.py took 0.174 seconds
[2023-07-09T16:50:50.476+0000] {processor.py:153} INFO - Started process (PID=5180) to work on /home/ubuntu/venv/lib/python3.10/site-packages/airflow/example_dags/example_time_delta_sensor_async.py
[2023-07-09T16:50:50.477+0000] {processor.py:743} INFO - Processing file /home/ubuntu/venv/lib/python3.10/site-packages/airflow/example_dags/example_time_delta_sensor_async.py for tasks to queue
[2023-07-09T16:50:50.477+0000] {logging_mixin.py:137} INFO - [2023-07-09T16:50:50.477+0000] {dagbag.py:538} INFO - Filling up the DagBag from /home/ubuntu/venv/lib/python3.10/site-packages/airflow/example_dags/example_time_delta_sensor_async.py
[2023-07-09T16:50:50.494+0000] {processor.py:753} INFO - DAG(s) dict_keys(['example_time_delta_sensor_async']) retrieved from /home/ubuntu/venv/lib/python3.10/site-packages/airflow/example_dags/example_time_delta_sensor_async.py
[2023-07-09T16:50:50.565+0000] {logging_mixin.py:137} INFO - [2023-07-09T16:50:50.564+0000] {dag.py:2676} INFO - Sync 1 DAGs
[2023-07-09T16:50:50.597+0000] {logging_mixin.py:137} INFO - [2023-07-09T16:50:50.597+0000] {dag.py:3423} INFO - Setting next_dagrun for example_time_delta_sensor_async to None, run_after=None
[2023-07-09T16:50:50.632+0000] {processor.py:175} INFO - Processing /home/ubuntu/venv/lib/python3.10/site-packages/airflow/example_dags/example_time_delta_sensor_async.py took 0.161 seconds
[2023-07-09T16:54:51.279+0000] {processor.py:153} INFO - Started process (PID=5667) to work on /home/ubuntu/venv/lib/python3.10/site-packages/airflow/example_dags/example_time_delta_sensor_async.py
[2023-07-09T16:54:51.283+0000] {processor.py:743} INFO - Processing file /home/ubuntu/venv/lib/python3.10/site-packages/airflow/example_dags/example_time_delta_sensor_async.py for tasks to queue
[2023-07-09T16:54:51.284+0000] {logging_mixin.py:137} INFO - [2023-07-09T16:54:51.284+0000] {dagbag.py:538} INFO - Filling up the DagBag from /home/ubuntu/venv/lib/python3.10/site-packages/airflow/example_dags/example_time_delta_sensor_async.py
[2023-07-09T16:54:51.330+0000] {processor.py:753} INFO - DAG(s) dict_keys(['example_time_delta_sensor_async']) retrieved from /home/ubuntu/venv/lib/python3.10/site-packages/airflow/example_dags/example_time_delta_sensor_async.py
[2023-07-09T16:54:51.488+0000] {logging_mixin.py:137} INFO - [2023-07-09T16:54:51.487+0000] {dag.py:2676} INFO - Sync 1 DAGs
[2023-07-09T16:54:51.588+0000] {logging_mixin.py:137} INFO - [2023-07-09T16:54:51.588+0000] {dag.py:3423} INFO - Setting next_dagrun for example_time_delta_sensor_async to None, run_after=None
[2023-07-09T16:54:51.664+0000] {processor.py:175} INFO - Processing /home/ubuntu/venv/lib/python3.10/site-packages/airflow/example_dags/example_time_delta_sensor_async.py took 0.398 seconds
[2023-07-09T16:55:22.186+0000] {processor.py:153} INFO - Started process (PID=5977) to work on /home/ubuntu/venv/lib/python3.10/site-packages/airflow/example_dags/example_time_delta_sensor_async.py
[2023-07-09T16:55:22.187+0000] {processor.py:743} INFO - Processing file /home/ubuntu/venv/lib/python3.10/site-packages/airflow/example_dags/example_time_delta_sensor_async.py for tasks to queue
[2023-07-09T16:55:22.188+0000] {logging_mixin.py:137} INFO - [2023-07-09T16:55:22.188+0000] {dagbag.py:538} INFO - Filling up the DagBag from /home/ubuntu/venv/lib/python3.10/site-packages/airflow/example_dags/example_time_delta_sensor_async.py
[2023-07-09T16:55:22.207+0000] {processor.py:753} INFO - DAG(s) dict_keys(['example_time_delta_sensor_async']) retrieved from /home/ubuntu/venv/lib/python3.10/site-packages/airflow/example_dags/example_time_delta_sensor_async.py
[2023-07-09T16:55:22.301+0000] {logging_mixin.py:137} INFO - [2023-07-09T16:55:22.300+0000] {dag.py:2676} INFO - Sync 1 DAGs
[2023-07-09T16:55:22.335+0000] {logging_mixin.py:137} INFO - [2023-07-09T16:55:22.334+0000] {dag.py:3423} INFO - Setting next_dagrun for example_time_delta_sensor_async to None, run_after=None
[2023-07-09T16:55:22.360+0000] {processor.py:175} INFO - Processing /home/ubuntu/venv/lib/python3.10/site-packages/airflow/example_dags/example_time_delta_sensor_async.py took 0.179 seconds
[2023-07-09T16:55:53.493+0000] {processor.py:153} INFO - Started process (PID=6219) to work on /home/ubuntu/venv/lib/python3.10/site-packages/airflow/example_dags/example_time_delta_sensor_async.py
[2023-07-09T16:55:53.494+0000] {processor.py:743} INFO - Processing file /home/ubuntu/venv/lib/python3.10/site-packages/airflow/example_dags/example_time_delta_sensor_async.py for tasks to queue
[2023-07-09T16:55:53.495+0000] {logging_mixin.py:137} INFO - [2023-07-09T16:55:53.495+0000] {dagbag.py:538} INFO - Filling up the DagBag from /home/ubuntu/venv/lib/python3.10/site-packages/airflow/example_dags/example_time_delta_sensor_async.py
[2023-07-09T16:55:53.516+0000] {processor.py:753} INFO - DAG(s) dict_keys(['example_time_delta_sensor_async']) retrieved from /home/ubuntu/venv/lib/python3.10/site-packages/airflow/example_dags/example_time_delta_sensor_async.py
[2023-07-09T16:55:53.603+0000] {logging_mixin.py:137} INFO - [2023-07-09T16:55:53.602+0000] {dag.py:2676} INFO - Sync 1 DAGs
[2023-07-09T16:55:53.643+0000] {logging_mixin.py:137} INFO - [2023-07-09T16:55:53.643+0000] {dag.py:3423} INFO - Setting next_dagrun for example_time_delta_sensor_async to None, run_after=None
[2023-07-09T16:55:53.674+0000] {processor.py:175} INFO - Processing /home/ubuntu/venv/lib/python3.10/site-packages/airflow/example_dags/example_time_delta_sensor_async.py took 0.187 seconds
[2023-07-09T16:56:24.586+0000] {processor.py:153} INFO - Started process (PID=6454) to work on /home/ubuntu/venv/lib/python3.10/site-packages/airflow/example_dags/example_time_delta_sensor_async.py
[2023-07-09T16:56:24.587+0000] {processor.py:743} INFO - Processing file /home/ubuntu/venv/lib/python3.10/site-packages/airflow/example_dags/example_time_delta_sensor_async.py for tasks to queue
[2023-07-09T16:56:24.588+0000] {logging_mixin.py:137} INFO - [2023-07-09T16:56:24.588+0000] {dagbag.py:538} INFO - Filling up the DagBag from /home/ubuntu/venv/lib/python3.10/site-packages/airflow/example_dags/example_time_delta_sensor_async.py
[2023-07-09T16:56:24.636+0000] {processor.py:753} INFO - DAG(s) dict_keys(['example_time_delta_sensor_async']) retrieved from /home/ubuntu/venv/lib/python3.10/site-packages/airflow/example_dags/example_time_delta_sensor_async.py
[2023-07-09T16:56:24.715+0000] {logging_mixin.py:137} INFO - [2023-07-09T16:56:24.715+0000] {dag.py:2676} INFO - Sync 1 DAGs
[2023-07-09T16:56:24.749+0000] {logging_mixin.py:137} INFO - [2023-07-09T16:56:24.749+0000] {dag.py:3423} INFO - Setting next_dagrun for example_time_delta_sensor_async to None, run_after=None
[2023-07-09T16:56:24.773+0000] {processor.py:175} INFO - Processing /home/ubuntu/venv/lib/python3.10/site-packages/airflow/example_dags/example_time_delta_sensor_async.py took 0.192 seconds
[2023-07-09T16:56:55.070+0000] {processor.py:153} INFO - Started process (PID=6708) to work on /home/ubuntu/venv/lib/python3.10/site-packages/airflow/example_dags/example_time_delta_sensor_async.py
[2023-07-09T16:56:55.072+0000] {processor.py:743} INFO - Processing file /home/ubuntu/venv/lib/python3.10/site-packages/airflow/example_dags/example_time_delta_sensor_async.py for tasks to queue
[2023-07-09T16:56:55.073+0000] {logging_mixin.py:137} INFO - [2023-07-09T16:56:55.073+0000] {dagbag.py:538} INFO - Filling up the DagBag from /home/ubuntu/venv/lib/python3.10/site-packages/airflow/example_dags/example_time_delta_sensor_async.py
[2023-07-09T16:56:55.097+0000] {processor.py:753} INFO - DAG(s) dict_keys(['example_time_delta_sensor_async']) retrieved from /home/ubuntu/venv/lib/python3.10/site-packages/airflow/example_dags/example_time_delta_sensor_async.py
[2023-07-09T16:56:55.200+0000] {logging_mixin.py:137} INFO - [2023-07-09T16:56:55.200+0000] {dag.py:2676} INFO - Sync 1 DAGs
[2023-07-09T16:56:55.247+0000] {logging_mixin.py:137} INFO - [2023-07-09T16:56:55.247+0000] {dag.py:3423} INFO - Setting next_dagrun for example_time_delta_sensor_async to None, run_after=None
[2023-07-09T16:56:55.273+0000] {processor.py:175} INFO - Processing /home/ubuntu/venv/lib/python3.10/site-packages/airflow/example_dags/example_time_delta_sensor_async.py took 0.208 seconds
[2023-07-09T16:57:26.164+0000] {processor.py:153} INFO - Started process (PID=6946) to work on /home/ubuntu/venv/lib/python3.10/site-packages/airflow/example_dags/example_time_delta_sensor_async.py
[2023-07-09T16:57:26.166+0000] {processor.py:743} INFO - Processing file /home/ubuntu/venv/lib/python3.10/site-packages/airflow/example_dags/example_time_delta_sensor_async.py for tasks to queue
[2023-07-09T16:57:26.166+0000] {logging_mixin.py:137} INFO - [2023-07-09T16:57:26.166+0000] {dagbag.py:538} INFO - Filling up the DagBag from /home/ubuntu/venv/lib/python3.10/site-packages/airflow/example_dags/example_time_delta_sensor_async.py
[2023-07-09T16:57:26.189+0000] {processor.py:753} INFO - DAG(s) dict_keys(['example_time_delta_sensor_async']) retrieved from /home/ubuntu/venv/lib/python3.10/site-packages/airflow/example_dags/example_time_delta_sensor_async.py
[2023-07-09T16:57:26.282+0000] {logging_mixin.py:137} INFO - [2023-07-09T16:57:26.282+0000] {dag.py:2676} INFO - Sync 1 DAGs
[2023-07-09T16:57:26.316+0000] {logging_mixin.py:137} INFO - [2023-07-09T16:57:26.316+0000] {dag.py:3423} INFO - Setting next_dagrun for example_time_delta_sensor_async to None, run_after=None
[2023-07-09T16:57:26.346+0000] {processor.py:175} INFO - Processing /home/ubuntu/venv/lib/python3.10/site-packages/airflow/example_dags/example_time_delta_sensor_async.py took 0.187 seconds
[2023-07-09T16:57:56.459+0000] {processor.py:153} INFO - Started process (PID=7179) to work on /home/ubuntu/venv/lib/python3.10/site-packages/airflow/example_dags/example_time_delta_sensor_async.py
[2023-07-09T16:57:56.460+0000] {processor.py:743} INFO - Processing file /home/ubuntu/venv/lib/python3.10/site-packages/airflow/example_dags/example_time_delta_sensor_async.py for tasks to queue
[2023-07-09T16:57:56.461+0000] {logging_mixin.py:137} INFO - [2023-07-09T16:57:56.460+0000] {dagbag.py:538} INFO - Filling up the DagBag from /home/ubuntu/venv/lib/python3.10/site-packages/airflow/example_dags/example_time_delta_sensor_async.py
[2023-07-09T16:57:56.474+0000] {processor.py:753} INFO - DAG(s) dict_keys(['example_time_delta_sensor_async']) retrieved from /home/ubuntu/venv/lib/python3.10/site-packages/airflow/example_dags/example_time_delta_sensor_async.py
[2023-07-09T16:57:56.524+0000] {logging_mixin.py:137} INFO - [2023-07-09T16:57:56.523+0000] {dag.py:2676} INFO - Sync 1 DAGs
[2023-07-09T16:57:56.546+0000] {logging_mixin.py:137} INFO - [2023-07-09T16:57:56.546+0000] {dag.py:3423} INFO - Setting next_dagrun for example_time_delta_sensor_async to None, run_after=None
[2023-07-09T16:57:56.565+0000] {processor.py:175} INFO - Processing /home/ubuntu/venv/lib/python3.10/site-packages/airflow/example_dags/example_time_delta_sensor_async.py took 0.111 seconds
[2023-07-09T16:58:27.401+0000] {processor.py:153} INFO - Started process (PID=7414) to work on /home/ubuntu/venv/lib/python3.10/site-packages/airflow/example_dags/example_time_delta_sensor_async.py
[2023-07-09T16:58:27.402+0000] {processor.py:743} INFO - Processing file /home/ubuntu/venv/lib/python3.10/site-packages/airflow/example_dags/example_time_delta_sensor_async.py for tasks to queue
[2023-07-09T16:58:27.403+0000] {logging_mixin.py:137} INFO - [2023-07-09T16:58:27.403+0000] {dagbag.py:538} INFO - Filling up the DagBag from /home/ubuntu/venv/lib/python3.10/site-packages/airflow/example_dags/example_time_delta_sensor_async.py
[2023-07-09T16:58:27.427+0000] {processor.py:753} INFO - DAG(s) dict_keys(['example_time_delta_sensor_async']) retrieved from /home/ubuntu/venv/lib/python3.10/site-packages/airflow/example_dags/example_time_delta_sensor_async.py
[2023-07-09T16:58:27.515+0000] {logging_mixin.py:137} INFO - [2023-07-09T16:58:27.515+0000] {dag.py:2676} INFO - Sync 1 DAGs
[2023-07-09T16:58:27.559+0000] {logging_mixin.py:137} INFO - [2023-07-09T16:58:27.558+0000] {dag.py:3423} INFO - Setting next_dagrun for example_time_delta_sensor_async to None, run_after=None
[2023-07-09T16:58:27.589+0000] {processor.py:175} INFO - Processing /home/ubuntu/venv/lib/python3.10/site-packages/airflow/example_dags/example_time_delta_sensor_async.py took 0.194 seconds
[2023-07-09T16:58:57.886+0000] {processor.py:153} INFO - Started process (PID=7650) to work on /home/ubuntu/venv/lib/python3.10/site-packages/airflow/example_dags/example_time_delta_sensor_async.py
[2023-07-09T16:58:57.887+0000] {processor.py:743} INFO - Processing file /home/ubuntu/venv/lib/python3.10/site-packages/airflow/example_dags/example_time_delta_sensor_async.py for tasks to queue
[2023-07-09T16:58:57.888+0000] {logging_mixin.py:137} INFO - [2023-07-09T16:58:57.887+0000] {dagbag.py:538} INFO - Filling up the DagBag from /home/ubuntu/venv/lib/python3.10/site-packages/airflow/example_dags/example_time_delta_sensor_async.py
[2023-07-09T16:58:57.908+0000] {processor.py:753} INFO - DAG(s) dict_keys(['example_time_delta_sensor_async']) retrieved from /home/ubuntu/venv/lib/python3.10/site-packages/airflow/example_dags/example_time_delta_sensor_async.py
[2023-07-09T16:58:57.995+0000] {logging_mixin.py:137} INFO - [2023-07-09T16:58:57.995+0000] {dag.py:2676} INFO - Sync 1 DAGs
[2023-07-09T16:58:58.030+0000] {logging_mixin.py:137} INFO - [2023-07-09T16:58:58.030+0000] {dag.py:3423} INFO - Setting next_dagrun for example_time_delta_sensor_async to None, run_after=None
[2023-07-09T16:58:58.057+0000] {processor.py:175} INFO - Processing /home/ubuntu/venv/lib/python3.10/site-packages/airflow/example_dags/example_time_delta_sensor_async.py took 0.176 seconds
[2023-07-09T16:59:28.180+0000] {processor.py:153} INFO - Started process (PID=7887) to work on /home/ubuntu/venv/lib/python3.10/site-packages/airflow/example_dags/example_time_delta_sensor_async.py
[2023-07-09T16:59:28.181+0000] {processor.py:743} INFO - Processing file /home/ubuntu/venv/lib/python3.10/site-packages/airflow/example_dags/example_time_delta_sensor_async.py for tasks to queue
[2023-07-09T16:59:28.181+0000] {logging_mixin.py:137} INFO - [2023-07-09T16:59:28.181+0000] {dagbag.py:538} INFO - Filling up the DagBag from /home/ubuntu/venv/lib/python3.10/site-packages/airflow/example_dags/example_time_delta_sensor_async.py
[2023-07-09T16:59:28.195+0000] {processor.py:753} INFO - DAG(s) dict_keys(['example_time_delta_sensor_async']) retrieved from /home/ubuntu/venv/lib/python3.10/site-packages/airflow/example_dags/example_time_delta_sensor_async.py
[2023-07-09T16:59:28.250+0000] {logging_mixin.py:137} INFO - [2023-07-09T16:59:28.250+0000] {dag.py:2676} INFO - Sync 1 DAGs
[2023-07-09T16:59:28.308+0000] {logging_mixin.py:137} INFO - [2023-07-09T16:59:28.308+0000] {dag.py:3423} INFO - Setting next_dagrun for example_time_delta_sensor_async to None, run_after=None
[2023-07-09T16:59:28.540+0000] {processor.py:175} INFO - Processing /home/ubuntu/venv/lib/python3.10/site-packages/airflow/example_dags/example_time_delta_sensor_async.py took 0.364 seconds
[2023-07-09T16:59:59.309+0000] {processor.py:153} INFO - Started process (PID=8186) to work on /home/ubuntu/venv/lib/python3.10/site-packages/airflow/example_dags/example_time_delta_sensor_async.py
[2023-07-09T16:59:59.310+0000] {processor.py:743} INFO - Processing file /home/ubuntu/venv/lib/python3.10/site-packages/airflow/example_dags/example_time_delta_sensor_async.py for tasks to queue
[2023-07-09T16:59:59.311+0000] {logging_mixin.py:137} INFO - [2023-07-09T16:59:59.311+0000] {dagbag.py:538} INFO - Filling up the DagBag from /home/ubuntu/venv/lib/python3.10/site-packages/airflow/example_dags/example_time_delta_sensor_async.py
[2023-07-09T16:59:59.330+0000] {processor.py:753} INFO - DAG(s) dict_keys(['example_time_delta_sensor_async']) retrieved from /home/ubuntu/venv/lib/python3.10/site-packages/airflow/example_dags/example_time_delta_sensor_async.py
[2023-07-09T16:59:59.430+0000] {logging_mixin.py:137} INFO - [2023-07-09T16:59:59.429+0000] {dag.py:2676} INFO - Sync 1 DAGs
[2023-07-09T16:59:59.711+0000] {logging_mixin.py:137} INFO - [2023-07-09T16:59:59.711+0000] {dag.py:3423} INFO - Setting next_dagrun for example_time_delta_sensor_async to None, run_after=None
[2023-07-09T16:59:59.740+0000] {processor.py:175} INFO - Processing /home/ubuntu/venv/lib/python3.10/site-packages/airflow/example_dags/example_time_delta_sensor_async.py took 0.436 seconds
[2023-07-09T17:00:29.732+0000] {processor.py:153} INFO - Started process (PID=8537) to work on /home/ubuntu/venv/lib/python3.10/site-packages/airflow/example_dags/example_time_delta_sensor_async.py
[2023-07-09T17:00:29.733+0000] {processor.py:743} INFO - Processing file /home/ubuntu/venv/lib/python3.10/site-packages/airflow/example_dags/example_time_delta_sensor_async.py for tasks to queue
[2023-07-09T17:00:29.733+0000] {logging_mixin.py:137} INFO - [2023-07-09T17:00:29.733+0000] {dagbag.py:538} INFO - Filling up the DagBag from /home/ubuntu/venv/lib/python3.10/site-packages/airflow/example_dags/example_time_delta_sensor_async.py
[2023-07-09T17:00:29.754+0000] {processor.py:753} INFO - DAG(s) dict_keys(['example_time_delta_sensor_async']) retrieved from /home/ubuntu/venv/lib/python3.10/site-packages/airflow/example_dags/example_time_delta_sensor_async.py
[2023-07-09T17:00:29.852+0000] {logging_mixin.py:137} INFO - [2023-07-09T17:00:29.852+0000] {dag.py:2676} INFO - Sync 1 DAGs
[2023-07-09T17:00:29.921+0000] {logging_mixin.py:137} INFO - [2023-07-09T17:00:29.920+0000] {dag.py:3423} INFO - Setting next_dagrun for example_time_delta_sensor_async to None, run_after=None
[2023-07-09T17:00:29.968+0000] {processor.py:175} INFO - Processing /home/ubuntu/venv/lib/python3.10/site-packages/airflow/example_dags/example_time_delta_sensor_async.py took 0.241 seconds
[2023-07-09T17:01:00.842+0000] {processor.py:153} INFO - Started process (PID=8812) to work on /home/ubuntu/venv/lib/python3.10/site-packages/airflow/example_dags/example_time_delta_sensor_async.py
[2023-07-09T17:01:00.844+0000] {processor.py:743} INFO - Processing file /home/ubuntu/venv/lib/python3.10/site-packages/airflow/example_dags/example_time_delta_sensor_async.py for tasks to queue
[2023-07-09T17:01:00.845+0000] {logging_mixin.py:137} INFO - [2023-07-09T17:01:00.845+0000] {dagbag.py:538} INFO - Filling up the DagBag from /home/ubuntu/venv/lib/python3.10/site-packages/airflow/example_dags/example_time_delta_sensor_async.py
[2023-07-09T17:01:00.862+0000] {processor.py:753} INFO - DAG(s) dict_keys(['example_time_delta_sensor_async']) retrieved from /home/ubuntu/venv/lib/python3.10/site-packages/airflow/example_dags/example_time_delta_sensor_async.py
[2023-07-09T17:01:00.935+0000] {logging_mixin.py:137} INFO - [2023-07-09T17:01:00.935+0000] {dag.py:2676} INFO - Sync 1 DAGs
[2023-07-09T17:01:00.977+0000] {logging_mixin.py:137} INFO - [2023-07-09T17:01:00.977+0000] {dag.py:3423} INFO - Setting next_dagrun for example_time_delta_sensor_async to None, run_after=None
[2023-07-09T17:01:01.006+0000] {processor.py:175} INFO - Processing /home/ubuntu/venv/lib/python3.10/site-packages/airflow/example_dags/example_time_delta_sensor_async.py took 0.168 seconds
[2023-07-09T17:01:32.106+0000] {processor.py:153} INFO - Started process (PID=9047) to work on /home/ubuntu/venv/lib/python3.10/site-packages/airflow/example_dags/example_time_delta_sensor_async.py
[2023-07-09T17:01:32.107+0000] {processor.py:743} INFO - Processing file /home/ubuntu/venv/lib/python3.10/site-packages/airflow/example_dags/example_time_delta_sensor_async.py for tasks to queue
[2023-07-09T17:01:32.107+0000] {logging_mixin.py:137} INFO - [2023-07-09T17:01:32.107+0000] {dagbag.py:538} INFO - Filling up the DagBag from /home/ubuntu/venv/lib/python3.10/site-packages/airflow/example_dags/example_time_delta_sensor_async.py
[2023-07-09T17:01:32.125+0000] {processor.py:753} INFO - DAG(s) dict_keys(['example_time_delta_sensor_async']) retrieved from /home/ubuntu/venv/lib/python3.10/site-packages/airflow/example_dags/example_time_delta_sensor_async.py
[2023-07-09T17:01:32.196+0000] {logging_mixin.py:137} INFO - [2023-07-09T17:01:32.196+0000] {dag.py:2676} INFO - Sync 1 DAGs
[2023-07-09T17:01:32.232+0000] {logging_mixin.py:137} INFO - [2023-07-09T17:01:32.232+0000] {dag.py:3423} INFO - Setting next_dagrun for example_time_delta_sensor_async to None, run_after=None
[2023-07-09T17:01:32.261+0000] {processor.py:175} INFO - Processing /home/ubuntu/venv/lib/python3.10/site-packages/airflow/example_dags/example_time_delta_sensor_async.py took 0.160 seconds
[2023-07-09T17:02:02.651+0000] {processor.py:153} INFO - Started process (PID=9304) to work on /home/ubuntu/venv/lib/python3.10/site-packages/airflow/example_dags/example_time_delta_sensor_async.py
[2023-07-09T17:02:02.659+0000] {processor.py:743} INFO - Processing file /home/ubuntu/venv/lib/python3.10/site-packages/airflow/example_dags/example_time_delta_sensor_async.py for tasks to queue
[2023-07-09T17:02:02.660+0000] {logging_mixin.py:137} INFO - [2023-07-09T17:02:02.660+0000] {dagbag.py:538} INFO - Filling up the DagBag from /home/ubuntu/venv/lib/python3.10/site-packages/airflow/example_dags/example_time_delta_sensor_async.py
[2023-07-09T17:02:02.709+0000] {processor.py:753} INFO - DAG(s) dict_keys(['example_time_delta_sensor_async']) retrieved from /home/ubuntu/venv/lib/python3.10/site-packages/airflow/example_dags/example_time_delta_sensor_async.py
[2023-07-09T17:02:02.807+0000] {logging_mixin.py:137} INFO - [2023-07-09T17:02:02.807+0000] {dag.py:2676} INFO - Sync 1 DAGs
[2023-07-09T17:02:02.844+0000] {logging_mixin.py:137} INFO - [2023-07-09T17:02:02.843+0000] {dag.py:3423} INFO - Setting next_dagrun for example_time_delta_sensor_async to None, run_after=None
[2023-07-09T17:02:02.873+0000] {processor.py:175} INFO - Processing /home/ubuntu/venv/lib/python3.10/site-packages/airflow/example_dags/example_time_delta_sensor_async.py took 0.227 seconds
[2023-07-09T17:02:33.752+0000] {processor.py:153} INFO - Started process (PID=9539) to work on /home/ubuntu/venv/lib/python3.10/site-packages/airflow/example_dags/example_time_delta_sensor_async.py
[2023-07-09T17:02:33.755+0000] {processor.py:743} INFO - Processing file /home/ubuntu/venv/lib/python3.10/site-packages/airflow/example_dags/example_time_delta_sensor_async.py for tasks to queue
[2023-07-09T17:02:33.756+0000] {logging_mixin.py:137} INFO - [2023-07-09T17:02:33.756+0000] {dagbag.py:538} INFO - Filling up the DagBag from /home/ubuntu/venv/lib/python3.10/site-packages/airflow/example_dags/example_time_delta_sensor_async.py
[2023-07-09T17:02:33.777+0000] {processor.py:753} INFO - DAG(s) dict_keys(['example_time_delta_sensor_async']) retrieved from /home/ubuntu/venv/lib/python3.10/site-packages/airflow/example_dags/example_time_delta_sensor_async.py
[2023-07-09T17:02:33.863+0000] {logging_mixin.py:137} INFO - [2023-07-09T17:02:33.855+0000] {dag.py:2676} INFO - Sync 1 DAGs
[2023-07-09T17:02:33.913+0000] {logging_mixin.py:137} INFO - [2023-07-09T17:02:33.913+0000] {dag.py:3423} INFO - Setting next_dagrun for example_time_delta_sensor_async to None, run_after=None
[2023-07-09T17:02:33.943+0000] {processor.py:175} INFO - Processing /home/ubuntu/venv/lib/python3.10/site-packages/airflow/example_dags/example_time_delta_sensor_async.py took 0.196 seconds
[2023-07-09T17:03:04.401+0000] {processor.py:153} INFO - Started process (PID=9772) to work on /home/ubuntu/venv/lib/python3.10/site-packages/airflow/example_dags/example_time_delta_sensor_async.py
[2023-07-09T17:03:04.403+0000] {processor.py:743} INFO - Processing file /home/ubuntu/venv/lib/python3.10/site-packages/airflow/example_dags/example_time_delta_sensor_async.py for tasks to queue
[2023-07-09T17:03:04.404+0000] {logging_mixin.py:137} INFO - [2023-07-09T17:03:04.403+0000] {dagbag.py:538} INFO - Filling up the DagBag from /home/ubuntu/venv/lib/python3.10/site-packages/airflow/example_dags/example_time_delta_sensor_async.py
[2023-07-09T17:03:04.423+0000] {processor.py:753} INFO - DAG(s) dict_keys(['example_time_delta_sensor_async']) retrieved from /home/ubuntu/venv/lib/python3.10/site-packages/airflow/example_dags/example_time_delta_sensor_async.py
[2023-07-09T17:03:04.546+0000] {logging_mixin.py:137} INFO - [2023-07-09T17:03:04.546+0000] {dag.py:2676} INFO - Sync 1 DAGs
[2023-07-09T17:03:04.595+0000] {logging_mixin.py:137} INFO - [2023-07-09T17:03:04.595+0000] {dag.py:3423} INFO - Setting next_dagrun for example_time_delta_sensor_async to None, run_after=None
[2023-07-09T17:03:04.622+0000] {processor.py:175} INFO - Processing /home/ubuntu/venv/lib/python3.10/site-packages/airflow/example_dags/example_time_delta_sensor_async.py took 0.227 seconds
[2023-07-09T17:03:35.402+0000] {processor.py:153} INFO - Started process (PID=10008) to work on /home/ubuntu/venv/lib/python3.10/site-packages/airflow/example_dags/example_time_delta_sensor_async.py
[2023-07-09T17:03:35.404+0000] {processor.py:743} INFO - Processing file /home/ubuntu/venv/lib/python3.10/site-packages/airflow/example_dags/example_time_delta_sensor_async.py for tasks to queue
[2023-07-09T17:03:35.405+0000] {logging_mixin.py:137} INFO - [2023-07-09T17:03:35.405+0000] {dagbag.py:538} INFO - Filling up the DagBag from /home/ubuntu/venv/lib/python3.10/site-packages/airflow/example_dags/example_time_delta_sensor_async.py
[2023-07-09T17:03:35.431+0000] {processor.py:753} INFO - DAG(s) dict_keys(['example_time_delta_sensor_async']) retrieved from /home/ubuntu/venv/lib/python3.10/site-packages/airflow/example_dags/example_time_delta_sensor_async.py
[2023-07-09T17:03:35.535+0000] {logging_mixin.py:137} INFO - [2023-07-09T17:03:35.535+0000] {dag.py:2676} INFO - Sync 1 DAGs
[2023-07-09T17:03:35.569+0000] {logging_mixin.py:137} INFO - [2023-07-09T17:03:35.568+0000] {dag.py:3423} INFO - Setting next_dagrun for example_time_delta_sensor_async to None, run_after=None
[2023-07-09T17:03:35.591+0000] {processor.py:175} INFO - Processing /home/ubuntu/venv/lib/python3.10/site-packages/airflow/example_dags/example_time_delta_sensor_async.py took 0.195 seconds
[2023-07-09T17:04:06.241+0000] {processor.py:153} INFO - Started process (PID=10244) to work on /home/ubuntu/venv/lib/python3.10/site-packages/airflow/example_dags/example_time_delta_sensor_async.py
[2023-07-09T17:04:06.242+0000] {processor.py:743} INFO - Processing file /home/ubuntu/venv/lib/python3.10/site-packages/airflow/example_dags/example_time_delta_sensor_async.py for tasks to queue
[2023-07-09T17:04:06.243+0000] {logging_mixin.py:137} INFO - [2023-07-09T17:04:06.243+0000] {dagbag.py:538} INFO - Filling up the DagBag from /home/ubuntu/venv/lib/python3.10/site-packages/airflow/example_dags/example_time_delta_sensor_async.py
[2023-07-09T17:04:06.288+0000] {processor.py:753} INFO - DAG(s) dict_keys(['example_time_delta_sensor_async']) retrieved from /home/ubuntu/venv/lib/python3.10/site-packages/airflow/example_dags/example_time_delta_sensor_async.py
[2023-07-09T17:04:06.362+0000] {logging_mixin.py:137} INFO - [2023-07-09T17:04:06.361+0000] {dag.py:2676} INFO - Sync 1 DAGs
[2023-07-09T17:04:06.397+0000] {logging_mixin.py:137} INFO - [2023-07-09T17:04:06.396+0000] {dag.py:3423} INFO - Setting next_dagrun for example_time_delta_sensor_async to None, run_after=None
[2023-07-09T17:04:06.423+0000] {processor.py:175} INFO - Processing /home/ubuntu/venv/lib/python3.10/site-packages/airflow/example_dags/example_time_delta_sensor_async.py took 0.187 seconds
[2023-07-09T17:04:36.469+0000] {processor.py:153} INFO - Started process (PID=10477) to work on /home/ubuntu/venv/lib/python3.10/site-packages/airflow/example_dags/example_time_delta_sensor_async.py
[2023-07-09T17:04:36.471+0000] {processor.py:743} INFO - Processing file /home/ubuntu/venv/lib/python3.10/site-packages/airflow/example_dags/example_time_delta_sensor_async.py for tasks to queue
[2023-07-09T17:04:36.472+0000] {logging_mixin.py:137} INFO - [2023-07-09T17:04:36.471+0000] {dagbag.py:538} INFO - Filling up the DagBag from /home/ubuntu/venv/lib/python3.10/site-packages/airflow/example_dags/example_time_delta_sensor_async.py
[2023-07-09T17:04:36.498+0000] {processor.py:753} INFO - DAG(s) dict_keys(['example_time_delta_sensor_async']) retrieved from /home/ubuntu/venv/lib/python3.10/site-packages/airflow/example_dags/example_time_delta_sensor_async.py
[2023-07-09T17:04:36.582+0000] {logging_mixin.py:137} INFO - [2023-07-09T17:04:36.582+0000] {dag.py:2676} INFO - Sync 1 DAGs
[2023-07-09T17:04:36.620+0000] {logging_mixin.py:137} INFO - [2023-07-09T17:04:36.620+0000] {dag.py:3423} INFO - Setting next_dagrun for example_time_delta_sensor_async to None, run_after=None
[2023-07-09T17:04:36.652+0000] {processor.py:175} INFO - Processing /home/ubuntu/venv/lib/python3.10/site-packages/airflow/example_dags/example_time_delta_sensor_async.py took 0.188 seconds
[2023-07-09T17:05:56.183+0000] {processor.py:153} INFO - Started process (PID=10959) to work on /home/ubuntu/venv/lib/python3.10/site-packages/airflow/example_dags/example_time_delta_sensor_async.py
[2023-07-09T17:05:56.195+0000] {processor.py:743} INFO - Processing file /home/ubuntu/venv/lib/python3.10/site-packages/airflow/example_dags/example_time_delta_sensor_async.py for tasks to queue
[2023-07-09T17:05:56.196+0000] {logging_mixin.py:137} INFO - [2023-07-09T17:05:56.196+0000] {dagbag.py:538} INFO - Filling up the DagBag from /home/ubuntu/venv/lib/python3.10/site-packages/airflow/example_dags/example_time_delta_sensor_async.py
[2023-07-09T17:05:56.272+0000] {processor.py:753} INFO - DAG(s) dict_keys(['example_time_delta_sensor_async']) retrieved from /home/ubuntu/venv/lib/python3.10/site-packages/airflow/example_dags/example_time_delta_sensor_async.py
[2023-07-09T17:05:56.460+0000] {logging_mixin.py:137} INFO - [2023-07-09T17:05:56.460+0000] {dag.py:2676} INFO - Sync 1 DAGs
[2023-07-09T17:05:56.554+0000] {logging_mixin.py:137} INFO - [2023-07-09T17:05:56.553+0000] {dag.py:3423} INFO - Setting next_dagrun for example_time_delta_sensor_async to None, run_after=None
[2023-07-09T17:05:56.690+0000] {processor.py:175} INFO - Processing /home/ubuntu/venv/lib/python3.10/site-packages/airflow/example_dags/example_time_delta_sensor_async.py took 0.512 seconds
[2023-07-09T17:06:27.069+0000] {processor.py:153} INFO - Started process (PID=11313) to work on /home/ubuntu/venv/lib/python3.10/site-packages/airflow/example_dags/example_time_delta_sensor_async.py
[2023-07-09T17:06:27.071+0000] {processor.py:743} INFO - Processing file /home/ubuntu/venv/lib/python3.10/site-packages/airflow/example_dags/example_time_delta_sensor_async.py for tasks to queue
[2023-07-09T17:06:27.071+0000] {logging_mixin.py:137} INFO - [2023-07-09T17:06:27.071+0000] {dagbag.py:538} INFO - Filling up the DagBag from /home/ubuntu/venv/lib/python3.10/site-packages/airflow/example_dags/example_time_delta_sensor_async.py
[2023-07-09T17:06:27.085+0000] {processor.py:753} INFO - DAG(s) dict_keys(['example_time_delta_sensor_async']) retrieved from /home/ubuntu/venv/lib/python3.10/site-packages/airflow/example_dags/example_time_delta_sensor_async.py
[2023-07-09T17:06:27.133+0000] {logging_mixin.py:137} INFO - [2023-07-09T17:06:27.133+0000] {dag.py:2676} INFO - Sync 1 DAGs
[2023-07-09T17:06:27.156+0000] {logging_mixin.py:137} INFO - [2023-07-09T17:06:27.156+0000] {dag.py:3423} INFO - Setting next_dagrun for example_time_delta_sensor_async to None, run_after=None
[2023-07-09T17:06:27.175+0000] {processor.py:175} INFO - Processing /home/ubuntu/venv/lib/python3.10/site-packages/airflow/example_dags/example_time_delta_sensor_async.py took 0.109 seconds
[2023-07-09T17:07:25.258+0000] {processor.py:153} INFO - Started process (PID=11768) to work on /home/ubuntu/venv/lib/python3.10/site-packages/airflow/example_dags/example_time_delta_sensor_async.py
[2023-07-09T17:07:25.262+0000] {processor.py:743} INFO - Processing file /home/ubuntu/venv/lib/python3.10/site-packages/airflow/example_dags/example_time_delta_sensor_async.py for tasks to queue
[2023-07-09T17:07:25.268+0000] {logging_mixin.py:137} INFO - [2023-07-09T17:07:25.263+0000] {dagbag.py:538} INFO - Filling up the DagBag from /home/ubuntu/venv/lib/python3.10/site-packages/airflow/example_dags/example_time_delta_sensor_async.py
[2023-07-09T17:07:25.311+0000] {processor.py:753} INFO - DAG(s) dict_keys(['example_time_delta_sensor_async']) retrieved from /home/ubuntu/venv/lib/python3.10/site-packages/airflow/example_dags/example_time_delta_sensor_async.py
[2023-07-09T17:07:25.448+0000] {logging_mixin.py:137} INFO - [2023-07-09T17:07:25.448+0000] {dag.py:2676} INFO - Sync 1 DAGs
[2023-07-09T17:07:25.524+0000] {logging_mixin.py:137} INFO - [2023-07-09T17:07:25.524+0000] {dag.py:3423} INFO - Setting next_dagrun for example_time_delta_sensor_async to None, run_after=None
[2023-07-09T17:07:25.567+0000] {processor.py:175} INFO - Processing /home/ubuntu/venv/lib/python3.10/site-packages/airflow/example_dags/example_time_delta_sensor_async.py took 0.322 seconds
[2023-07-09T17:07:55.988+0000] {processor.py:153} INFO - Started process (PID=12043) to work on /home/ubuntu/venv/lib/python3.10/site-packages/airflow/example_dags/example_time_delta_sensor_async.py
[2023-07-09T17:07:55.990+0000] {processor.py:743} INFO - Processing file /home/ubuntu/venv/lib/python3.10/site-packages/airflow/example_dags/example_time_delta_sensor_async.py for tasks to queue
[2023-07-09T17:07:55.990+0000] {logging_mixin.py:137} INFO - [2023-07-09T17:07:55.990+0000] {dagbag.py:538} INFO - Filling up the DagBag from /home/ubuntu/venv/lib/python3.10/site-packages/airflow/example_dags/example_time_delta_sensor_async.py
[2023-07-09T17:07:56.008+0000] {processor.py:753} INFO - DAG(s) dict_keys(['example_time_delta_sensor_async']) retrieved from /home/ubuntu/venv/lib/python3.10/site-packages/airflow/example_dags/example_time_delta_sensor_async.py
[2023-07-09T17:07:56.076+0000] {logging_mixin.py:137} INFO - [2023-07-09T17:07:56.076+0000] {dag.py:2676} INFO - Sync 1 DAGs
[2023-07-09T17:07:56.115+0000] {logging_mixin.py:137} INFO - [2023-07-09T17:07:56.115+0000] {dag.py:3423} INFO - Setting next_dagrun for example_time_delta_sensor_async to None, run_after=None
[2023-07-09T17:07:56.140+0000] {processor.py:175} INFO - Processing /home/ubuntu/venv/lib/python3.10/site-packages/airflow/example_dags/example_time_delta_sensor_async.py took 0.156 seconds
[2023-07-09T17:08:26.958+0000] {processor.py:153} INFO - Started process (PID=12278) to work on /home/ubuntu/venv/lib/python3.10/site-packages/airflow/example_dags/example_time_delta_sensor_async.py
[2023-07-09T17:08:26.960+0000] {processor.py:743} INFO - Processing file /home/ubuntu/venv/lib/python3.10/site-packages/airflow/example_dags/example_time_delta_sensor_async.py for tasks to queue
[2023-07-09T17:08:26.960+0000] {logging_mixin.py:137} INFO - [2023-07-09T17:08:26.960+0000] {dagbag.py:538} INFO - Filling up the DagBag from /home/ubuntu/venv/lib/python3.10/site-packages/airflow/example_dags/example_time_delta_sensor_async.py
[2023-07-09T17:08:26.980+0000] {processor.py:753} INFO - DAG(s) dict_keys(['example_time_delta_sensor_async']) retrieved from /home/ubuntu/venv/lib/python3.10/site-packages/airflow/example_dags/example_time_delta_sensor_async.py
[2023-07-09T17:08:27.059+0000] {logging_mixin.py:137} INFO - [2023-07-09T17:08:27.058+0000] {dag.py:2676} INFO - Sync 1 DAGs
[2023-07-09T17:08:27.090+0000] {logging_mixin.py:137} INFO - [2023-07-09T17:08:27.090+0000] {dag.py:3423} INFO - Setting next_dagrun for example_time_delta_sensor_async to None, run_after=None
[2023-07-09T17:08:27.114+0000] {processor.py:175} INFO - Processing /home/ubuntu/venv/lib/python3.10/site-packages/airflow/example_dags/example_time_delta_sensor_async.py took 0.161 seconds
[2023-07-09T17:09:05.145+0000] {processor.py:153} INFO - Started process (PID=12733) to work on /home/ubuntu/venv/lib/python3.10/site-packages/airflow/example_dags/example_time_delta_sensor_async.py
[2023-07-09T17:09:05.146+0000] {processor.py:743} INFO - Processing file /home/ubuntu/venv/lib/python3.10/site-packages/airflow/example_dags/example_time_delta_sensor_async.py for tasks to queue
[2023-07-09T17:09:05.147+0000] {logging_mixin.py:137} INFO - [2023-07-09T17:09:05.147+0000] {dagbag.py:538} INFO - Filling up the DagBag from /home/ubuntu/venv/lib/python3.10/site-packages/airflow/example_dags/example_time_delta_sensor_async.py
[2023-07-09T17:09:05.165+0000] {processor.py:753} INFO - DAG(s) dict_keys(['example_time_delta_sensor_async']) retrieved from /home/ubuntu/venv/lib/python3.10/site-packages/airflow/example_dags/example_time_delta_sensor_async.py
[2023-07-09T17:09:05.233+0000] {logging_mixin.py:137} INFO - [2023-07-09T17:09:05.233+0000] {dag.py:2676} INFO - Sync 1 DAGs
[2023-07-09T17:09:05.274+0000] {logging_mixin.py:137} INFO - [2023-07-09T17:09:05.273+0000] {dag.py:3423} INFO - Setting next_dagrun for example_time_delta_sensor_async to None, run_after=None
[2023-07-09T17:09:05.306+0000] {processor.py:175} INFO - Processing /home/ubuntu/venv/lib/python3.10/site-packages/airflow/example_dags/example_time_delta_sensor_async.py took 0.168 seconds
[2023-07-09T17:09:35.552+0000] {processor.py:153} INFO - Started process (PID=13009) to work on /home/ubuntu/venv/lib/python3.10/site-packages/airflow/example_dags/example_time_delta_sensor_async.py
[2023-07-09T17:09:35.553+0000] {processor.py:743} INFO - Processing file /home/ubuntu/venv/lib/python3.10/site-packages/airflow/example_dags/example_time_delta_sensor_async.py for tasks to queue
[2023-07-09T17:09:35.554+0000] {logging_mixin.py:137} INFO - [2023-07-09T17:09:35.554+0000] {dagbag.py:538} INFO - Filling up the DagBag from /home/ubuntu/venv/lib/python3.10/site-packages/airflow/example_dags/example_time_delta_sensor_async.py
[2023-07-09T17:09:35.574+0000] {processor.py:753} INFO - DAG(s) dict_keys(['example_time_delta_sensor_async']) retrieved from /home/ubuntu/venv/lib/python3.10/site-packages/airflow/example_dags/example_time_delta_sensor_async.py
[2023-07-09T17:09:35.639+0000] {logging_mixin.py:137} INFO - [2023-07-09T17:09:35.639+0000] {dag.py:2676} INFO - Sync 1 DAGs
[2023-07-09T17:09:35.672+0000] {logging_mixin.py:137} INFO - [2023-07-09T17:09:35.672+0000] {dag.py:3423} INFO - Setting next_dagrun for example_time_delta_sensor_async to None, run_after=None
[2023-07-09T17:09:35.695+0000] {processor.py:175} INFO - Processing /home/ubuntu/venv/lib/python3.10/site-packages/airflow/example_dags/example_time_delta_sensor_async.py took 0.147 seconds
[2023-07-09T17:10:05.863+0000] {processor.py:153} INFO - Started process (PID=13239) to work on /home/ubuntu/venv/lib/python3.10/site-packages/airflow/example_dags/example_time_delta_sensor_async.py
[2023-07-09T17:10:05.865+0000] {processor.py:743} INFO - Processing file /home/ubuntu/venv/lib/python3.10/site-packages/airflow/example_dags/example_time_delta_sensor_async.py for tasks to queue
[2023-07-09T17:10:05.866+0000] {logging_mixin.py:137} INFO - [2023-07-09T17:10:05.866+0000] {dagbag.py:538} INFO - Filling up the DagBag from /home/ubuntu/venv/lib/python3.10/site-packages/airflow/example_dags/example_time_delta_sensor_async.py
[2023-07-09T17:10:05.883+0000] {processor.py:753} INFO - DAG(s) dict_keys(['example_time_delta_sensor_async']) retrieved from /home/ubuntu/venv/lib/python3.10/site-packages/airflow/example_dags/example_time_delta_sensor_async.py
[2023-07-09T17:10:05.968+0000] {logging_mixin.py:137} INFO - [2023-07-09T17:10:05.968+0000] {dag.py:2676} INFO - Sync 1 DAGs
[2023-07-09T17:10:06.004+0000] {logging_mixin.py:137} INFO - [2023-07-09T17:10:06.003+0000] {dag.py:3423} INFO - Setting next_dagrun for example_time_delta_sensor_async to None, run_after=None
[2023-07-09T17:10:06.029+0000] {processor.py:175} INFO - Processing /home/ubuntu/venv/lib/python3.10/site-packages/airflow/example_dags/example_time_delta_sensor_async.py took 0.171 seconds
