[2023-07-09T15:46:35.212+0000] {processor.py:153} INFO - Started process (PID=1408) to work on /home/ubuntu/venv/lib/python3.10/site-packages/airflow/example_dags/example_short_circuit_operator.py
[2023-07-09T15:46:35.213+0000] {processor.py:743} INFO - Processing file /home/ubuntu/venv/lib/python3.10/site-packages/airflow/example_dags/example_short_circuit_operator.py for tasks to queue
[2023-07-09T15:46:35.214+0000] {logging_mixin.py:137} INFO - [2023-07-09T15:46:35.213+0000] {dagbag.py:538} INFO - Filling up the DagBag from /home/ubuntu/venv/lib/python3.10/site-packages/airflow/example_dags/example_short_circuit_operator.py
[2023-07-09T15:46:35.235+0000] {processor.py:753} INFO - DAG(s) dict_keys(['example_short_circuit_operator']) retrieved from /home/ubuntu/venv/lib/python3.10/site-packages/airflow/example_dags/example_short_circuit_operator.py
[2023-07-09T15:46:35.312+0000] {logging_mixin.py:137} INFO - [2023-07-09T15:46:35.312+0000] {dag.py:2676} INFO - Sync 1 DAGs
[2023-07-09T15:46:35.381+0000] {logging_mixin.py:137} INFO - [2023-07-09T15:46:35.381+0000] {dag.py:3423} INFO - Setting next_dagrun for example_short_circuit_operator to 2023-07-08T15:46:35.381080+00:00, run_after=2023-07-09T15:46:35.381080+00:00
[2023-07-09T15:46:35.500+0000] {processor.py:175} INFO - Processing /home/ubuntu/venv/lib/python3.10/site-packages/airflow/example_dags/example_short_circuit_operator.py took 0.292 seconds
[2023-07-09T15:47:05.821+0000] {processor.py:153} INFO - Started process (PID=1648) to work on /home/ubuntu/venv/lib/python3.10/site-packages/airflow/example_dags/example_short_circuit_operator.py
[2023-07-09T15:47:05.822+0000] {processor.py:743} INFO - Processing file /home/ubuntu/venv/lib/python3.10/site-packages/airflow/example_dags/example_short_circuit_operator.py for tasks to queue
[2023-07-09T15:47:05.823+0000] {logging_mixin.py:137} INFO - [2023-07-09T15:47:05.823+0000] {dagbag.py:538} INFO - Filling up the DagBag from /home/ubuntu/venv/lib/python3.10/site-packages/airflow/example_dags/example_short_circuit_operator.py
[2023-07-09T15:47:05.858+0000] {processor.py:753} INFO - DAG(s) dict_keys(['example_short_circuit_operator']) retrieved from /home/ubuntu/venv/lib/python3.10/site-packages/airflow/example_dags/example_short_circuit_operator.py
[2023-07-09T15:47:05.926+0000] {logging_mixin.py:137} INFO - [2023-07-09T15:47:05.925+0000] {dag.py:2676} INFO - Sync 1 DAGs
[2023-07-09T15:47:05.959+0000] {logging_mixin.py:137} INFO - [2023-07-09T15:47:05.959+0000] {dag.py:3423} INFO - Setting next_dagrun for example_short_circuit_operator to 2023-07-08T15:47:05.959244+00:00, run_after=2023-07-09T15:47:05.959244+00:00
[2023-07-09T15:47:05.988+0000] {processor.py:175} INFO - Processing /home/ubuntu/venv/lib/python3.10/site-packages/airflow/example_dags/example_short_circuit_operator.py took 0.172 seconds
[2023-07-09T15:49:53.747+0000] {processor.py:153} INFO - Started process (PID=2227) to work on /home/ubuntu/venv/lib/python3.10/site-packages/airflow/example_dags/example_short_circuit_operator.py
[2023-07-09T15:49:53.752+0000] {processor.py:743} INFO - Processing file /home/ubuntu/venv/lib/python3.10/site-packages/airflow/example_dags/example_short_circuit_operator.py for tasks to queue
[2023-07-09T15:49:53.753+0000] {logging_mixin.py:137} INFO - [2023-07-09T15:49:53.753+0000] {dagbag.py:538} INFO - Filling up the DagBag from /home/ubuntu/venv/lib/python3.10/site-packages/airflow/example_dags/example_short_circuit_operator.py
[2023-07-09T15:49:53.775+0000] {processor.py:753} INFO - DAG(s) dict_keys(['example_short_circuit_operator']) retrieved from /home/ubuntu/venv/lib/python3.10/site-packages/airflow/example_dags/example_short_circuit_operator.py
[2023-07-09T15:49:53.837+0000] {logging_mixin.py:137} INFO - [2023-07-09T15:49:53.836+0000] {dag.py:2676} INFO - Sync 1 DAGs
[2023-07-09T15:49:53.867+0000] {logging_mixin.py:137} INFO - [2023-07-09T15:49:53.867+0000] {dag.py:3423} INFO - Setting next_dagrun for example_short_circuit_operator to 2023-07-08T15:49:53.866975+00:00, run_after=2023-07-09T15:49:53.866975+00:00
[2023-07-09T15:49:53.890+0000] {processor.py:175} INFO - Processing /home/ubuntu/venv/lib/python3.10/site-packages/airflow/example_dags/example_short_circuit_operator.py took 0.146 seconds
[2023-07-09T15:50:24.952+0000] {processor.py:153} INFO - Started process (PID=2462) to work on /home/ubuntu/venv/lib/python3.10/site-packages/airflow/example_dags/example_short_circuit_operator.py
[2023-07-09T15:50:24.953+0000] {processor.py:743} INFO - Processing file /home/ubuntu/venv/lib/python3.10/site-packages/airflow/example_dags/example_short_circuit_operator.py for tasks to queue
[2023-07-09T15:50:24.954+0000] {logging_mixin.py:137} INFO - [2023-07-09T15:50:24.954+0000] {dagbag.py:538} INFO - Filling up the DagBag from /home/ubuntu/venv/lib/python3.10/site-packages/airflow/example_dags/example_short_circuit_operator.py
[2023-07-09T15:50:24.979+0000] {processor.py:753} INFO - DAG(s) dict_keys(['example_short_circuit_operator']) retrieved from /home/ubuntu/venv/lib/python3.10/site-packages/airflow/example_dags/example_short_circuit_operator.py
[2023-07-09T15:50:25.071+0000] {logging_mixin.py:137} INFO - [2023-07-09T15:50:25.071+0000] {dag.py:2676} INFO - Sync 1 DAGs
[2023-07-09T15:50:25.116+0000] {logging_mixin.py:137} INFO - [2023-07-09T15:50:25.116+0000] {dag.py:3423} INFO - Setting next_dagrun for example_short_circuit_operator to 2023-07-08T15:50:25.116037+00:00, run_after=2023-07-09T15:50:25.116037+00:00
[2023-07-09T15:50:25.153+0000] {processor.py:175} INFO - Processing /home/ubuntu/venv/lib/python3.10/site-packages/airflow/example_dags/example_short_circuit_operator.py took 0.206 seconds
[2023-07-09T16:47:18.098+0000] {processor.py:153} INFO - Started process (PID=3531) to work on /home/ubuntu/venv/lib/python3.10/site-packages/airflow/example_dags/example_short_circuit_operator.py
[2023-07-09T16:47:18.104+0000] {processor.py:743} INFO - Processing file /home/ubuntu/venv/lib/python3.10/site-packages/airflow/example_dags/example_short_circuit_operator.py for tasks to queue
[2023-07-09T16:47:18.105+0000] {logging_mixin.py:137} INFO - [2023-07-09T16:47:18.105+0000] {dagbag.py:538} INFO - Filling up the DagBag from /home/ubuntu/venv/lib/python3.10/site-packages/airflow/example_dags/example_short_circuit_operator.py
[2023-07-09T16:47:18.156+0000] {processor.py:753} INFO - DAG(s) dict_keys(['example_short_circuit_operator']) retrieved from /home/ubuntu/venv/lib/python3.10/site-packages/airflow/example_dags/example_short_circuit_operator.py
[2023-07-09T16:47:18.281+0000] {logging_mixin.py:137} INFO - [2023-07-09T16:47:18.281+0000] {dag.py:2676} INFO - Sync 1 DAGs
[2023-07-09T16:47:18.376+0000] {logging_mixin.py:137} INFO - [2023-07-09T16:47:18.376+0000] {dag.py:3423} INFO - Setting next_dagrun for example_short_circuit_operator to 2023-07-08T16:47:18.376145+00:00, run_after=2023-07-09T16:47:18.376145+00:00
[2023-07-09T16:47:18.448+0000] {processor.py:175} INFO - Processing /home/ubuntu/venv/lib/python3.10/site-packages/airflow/example_dags/example_short_circuit_operator.py took 0.354 seconds
[2023-07-09T16:47:48.697+0000] {processor.py:153} INFO - Started process (PID=3893) to work on /home/ubuntu/venv/lib/python3.10/site-packages/airflow/example_dags/example_short_circuit_operator.py
[2023-07-09T16:47:48.700+0000] {processor.py:743} INFO - Processing file /home/ubuntu/venv/lib/python3.10/site-packages/airflow/example_dags/example_short_circuit_operator.py for tasks to queue
[2023-07-09T16:47:48.701+0000] {logging_mixin.py:137} INFO - [2023-07-09T16:47:48.701+0000] {dagbag.py:538} INFO - Filling up the DagBag from /home/ubuntu/venv/lib/python3.10/site-packages/airflow/example_dags/example_short_circuit_operator.py
[2023-07-09T16:47:48.729+0000] {processor.py:753} INFO - DAG(s) dict_keys(['example_short_circuit_operator']) retrieved from /home/ubuntu/venv/lib/python3.10/site-packages/airflow/example_dags/example_short_circuit_operator.py
[2023-07-09T16:47:48.804+0000] {logging_mixin.py:137} INFO - [2023-07-09T16:47:48.804+0000] {dag.py:2676} INFO - Sync 1 DAGs
[2023-07-09T16:47:48.836+0000] {logging_mixin.py:137} INFO - [2023-07-09T16:47:48.835+0000] {dag.py:3423} INFO - Setting next_dagrun for example_short_circuit_operator to 2023-07-08T16:47:48.835558+00:00, run_after=2023-07-09T16:47:48.835558+00:00
[2023-07-09T16:47:48.864+0000] {processor.py:175} INFO - Processing /home/ubuntu/venv/lib/python3.10/site-packages/airflow/example_dags/example_short_circuit_operator.py took 0.171 seconds
[2023-07-09T16:48:19.509+0000] {processor.py:153} INFO - Started process (PID=4128) to work on /home/ubuntu/venv/lib/python3.10/site-packages/airflow/example_dags/example_short_circuit_operator.py
[2023-07-09T16:48:19.510+0000] {processor.py:743} INFO - Processing file /home/ubuntu/venv/lib/python3.10/site-packages/airflow/example_dags/example_short_circuit_operator.py for tasks to queue
[2023-07-09T16:48:19.511+0000] {logging_mixin.py:137} INFO - [2023-07-09T16:48:19.511+0000] {dagbag.py:538} INFO - Filling up the DagBag from /home/ubuntu/venv/lib/python3.10/site-packages/airflow/example_dags/example_short_circuit_operator.py
[2023-07-09T16:48:19.536+0000] {processor.py:753} INFO - DAG(s) dict_keys(['example_short_circuit_operator']) retrieved from /home/ubuntu/venv/lib/python3.10/site-packages/airflow/example_dags/example_short_circuit_operator.py
[2023-07-09T16:48:19.605+0000] {logging_mixin.py:137} INFO - [2023-07-09T16:48:19.605+0000] {dag.py:2676} INFO - Sync 1 DAGs
[2023-07-09T16:48:19.636+0000] {logging_mixin.py:137} INFO - [2023-07-09T16:48:19.636+0000] {dag.py:3423} INFO - Setting next_dagrun for example_short_circuit_operator to 2023-07-08T16:48:19.636237+00:00, run_after=2023-07-09T16:48:19.636237+00:00
[2023-07-09T16:48:19.672+0000] {processor.py:175} INFO - Processing /home/ubuntu/venv/lib/python3.10/site-packages/airflow/example_dags/example_short_circuit_operator.py took 0.168 seconds
[2023-07-09T16:48:50.583+0000] {processor.py:153} INFO - Started process (PID=4365) to work on /home/ubuntu/venv/lib/python3.10/site-packages/airflow/example_dags/example_short_circuit_operator.py
[2023-07-09T16:48:50.592+0000] {processor.py:743} INFO - Processing file /home/ubuntu/venv/lib/python3.10/site-packages/airflow/example_dags/example_short_circuit_operator.py for tasks to queue
[2023-07-09T16:48:50.593+0000] {logging_mixin.py:137} INFO - [2023-07-09T16:48:50.592+0000] {dagbag.py:538} INFO - Filling up the DagBag from /home/ubuntu/venv/lib/python3.10/site-packages/airflow/example_dags/example_short_circuit_operator.py
[2023-07-09T16:48:50.642+0000] {processor.py:753} INFO - DAG(s) dict_keys(['example_short_circuit_operator']) retrieved from /home/ubuntu/venv/lib/python3.10/site-packages/airflow/example_dags/example_short_circuit_operator.py
[2023-07-09T16:48:50.772+0000] {logging_mixin.py:137} INFO - [2023-07-09T16:48:50.771+0000] {dag.py:2676} INFO - Sync 1 DAGs
[2023-07-09T16:48:50.797+0000] {logging_mixin.py:137} INFO - [2023-07-09T16:48:50.797+0000] {dag.py:3423} INFO - Setting next_dagrun for example_short_circuit_operator to 2023-07-08T16:48:50.797078+00:00, run_after=2023-07-09T16:48:50.797078+00:00
[2023-07-09T16:48:50.823+0000] {processor.py:175} INFO - Processing /home/ubuntu/venv/lib/python3.10/site-packages/airflow/example_dags/example_short_circuit_operator.py took 0.245 seconds
[2023-07-09T16:49:21.252+0000] {processor.py:153} INFO - Started process (PID=4599) to work on /home/ubuntu/venv/lib/python3.10/site-packages/airflow/example_dags/example_short_circuit_operator.py
[2023-07-09T16:49:21.254+0000] {processor.py:743} INFO - Processing file /home/ubuntu/venv/lib/python3.10/site-packages/airflow/example_dags/example_short_circuit_operator.py for tasks to queue
[2023-07-09T16:49:21.254+0000] {logging_mixin.py:137} INFO - [2023-07-09T16:49:21.254+0000] {dagbag.py:538} INFO - Filling up the DagBag from /home/ubuntu/venv/lib/python3.10/site-packages/airflow/example_dags/example_short_circuit_operator.py
[2023-07-09T16:49:21.277+0000] {processor.py:753} INFO - DAG(s) dict_keys(['example_short_circuit_operator']) retrieved from /home/ubuntu/venv/lib/python3.10/site-packages/airflow/example_dags/example_short_circuit_operator.py
[2023-07-09T16:49:21.352+0000] {logging_mixin.py:137} INFO - [2023-07-09T16:49:21.352+0000] {dag.py:2676} INFO - Sync 1 DAGs
[2023-07-09T16:49:21.387+0000] {logging_mixin.py:137} INFO - [2023-07-09T16:49:21.386+0000] {dag.py:3423} INFO - Setting next_dagrun for example_short_circuit_operator to 2023-07-08T16:49:21.386655+00:00, run_after=2023-07-09T16:49:21.386655+00:00
[2023-07-09T16:49:21.409+0000] {processor.py:175} INFO - Processing /home/ubuntu/venv/lib/python3.10/site-packages/airflow/example_dags/example_short_circuit_operator.py took 0.162 seconds
[2023-07-09T16:49:52.496+0000] {processor.py:153} INFO - Started process (PID=4835) to work on /home/ubuntu/venv/lib/python3.10/site-packages/airflow/example_dags/example_short_circuit_operator.py
[2023-07-09T16:49:52.497+0000] {processor.py:743} INFO - Processing file /home/ubuntu/venv/lib/python3.10/site-packages/airflow/example_dags/example_short_circuit_operator.py for tasks to queue
[2023-07-09T16:49:52.498+0000] {logging_mixin.py:137} INFO - [2023-07-09T16:49:52.498+0000] {dagbag.py:538} INFO - Filling up the DagBag from /home/ubuntu/venv/lib/python3.10/site-packages/airflow/example_dags/example_short_circuit_operator.py
[2023-07-09T16:49:52.522+0000] {processor.py:753} INFO - DAG(s) dict_keys(['example_short_circuit_operator']) retrieved from /home/ubuntu/venv/lib/python3.10/site-packages/airflow/example_dags/example_short_circuit_operator.py
[2023-07-09T16:49:52.595+0000] {logging_mixin.py:137} INFO - [2023-07-09T16:49:52.595+0000] {dag.py:2676} INFO - Sync 1 DAGs
[2023-07-09T16:49:52.627+0000] {logging_mixin.py:137} INFO - [2023-07-09T16:49:52.627+0000] {dag.py:3423} INFO - Setting next_dagrun for example_short_circuit_operator to 2023-07-08T16:49:52.626991+00:00, run_after=2023-07-09T16:49:52.626991+00:00
[2023-07-09T16:49:52.652+0000] {processor.py:175} INFO - Processing /home/ubuntu/venv/lib/python3.10/site-packages/airflow/example_dags/example_short_circuit_operator.py took 0.161 seconds
[2023-07-09T16:50:23.360+0000] {processor.py:153} INFO - Started process (PID=5070) to work on /home/ubuntu/venv/lib/python3.10/site-packages/airflow/example_dags/example_short_circuit_operator.py
[2023-07-09T16:50:23.361+0000] {processor.py:743} INFO - Processing file /home/ubuntu/venv/lib/python3.10/site-packages/airflow/example_dags/example_short_circuit_operator.py for tasks to queue
[2023-07-09T16:50:23.362+0000] {logging_mixin.py:137} INFO - [2023-07-09T16:50:23.361+0000] {dagbag.py:538} INFO - Filling up the DagBag from /home/ubuntu/venv/lib/python3.10/site-packages/airflow/example_dags/example_short_circuit_operator.py
[2023-07-09T16:50:23.387+0000] {processor.py:753} INFO - DAG(s) dict_keys(['example_short_circuit_operator']) retrieved from /home/ubuntu/venv/lib/python3.10/site-packages/airflow/example_dags/example_short_circuit_operator.py
[2023-07-09T16:50:23.468+0000] {logging_mixin.py:137} INFO - [2023-07-09T16:50:23.468+0000] {dag.py:2676} INFO - Sync 1 DAGs
[2023-07-09T16:50:23.502+0000] {logging_mixin.py:137} INFO - [2023-07-09T16:50:23.502+0000] {dag.py:3423} INFO - Setting next_dagrun for example_short_circuit_operator to 2023-07-08T16:50:23.501964+00:00, run_after=2023-07-09T16:50:23.501964+00:00
[2023-07-09T16:50:23.531+0000] {processor.py:175} INFO - Processing /home/ubuntu/venv/lib/python3.10/site-packages/airflow/example_dags/example_short_circuit_operator.py took 0.181 seconds
[2023-07-09T16:50:54.378+0000] {processor.py:153} INFO - Started process (PID=5370) to work on /home/ubuntu/venv/lib/python3.10/site-packages/airflow/example_dags/example_short_circuit_operator.py
[2023-07-09T16:50:54.379+0000] {processor.py:743} INFO - Processing file /home/ubuntu/venv/lib/python3.10/site-packages/airflow/example_dags/example_short_circuit_operator.py for tasks to queue
[2023-07-09T16:50:54.380+0000] {logging_mixin.py:137} INFO - [2023-07-09T16:50:54.380+0000] {dagbag.py:538} INFO - Filling up the DagBag from /home/ubuntu/venv/lib/python3.10/site-packages/airflow/example_dags/example_short_circuit_operator.py
[2023-07-09T16:50:54.404+0000] {processor.py:753} INFO - DAG(s) dict_keys(['example_short_circuit_operator']) retrieved from /home/ubuntu/venv/lib/python3.10/site-packages/airflow/example_dags/example_short_circuit_operator.py
[2023-07-09T16:50:54.482+0000] {logging_mixin.py:137} INFO - [2023-07-09T16:50:54.482+0000] {dag.py:2676} INFO - Sync 1 DAGs
[2023-07-09T16:50:54.529+0000] {logging_mixin.py:137} INFO - [2023-07-09T16:50:54.529+0000] {dag.py:3423} INFO - Setting next_dagrun for example_short_circuit_operator to 2023-07-08T16:50:54.529013+00:00, run_after=2023-07-09T16:50:54.529013+00:00
[2023-07-09T16:50:54.558+0000] {processor.py:175} INFO - Processing /home/ubuntu/venv/lib/python3.10/site-packages/airflow/example_dags/example_short_circuit_operator.py took 0.184 seconds
[2023-07-09T16:54:55.527+0000] {processor.py:153} INFO - Started process (PID=5845) to work on /home/ubuntu/venv/lib/python3.10/site-packages/airflow/example_dags/example_short_circuit_operator.py
[2023-07-09T16:54:55.530+0000] {processor.py:743} INFO - Processing file /home/ubuntu/venv/lib/python3.10/site-packages/airflow/example_dags/example_short_circuit_operator.py for tasks to queue
[2023-07-09T16:54:55.537+0000] {logging_mixin.py:137} INFO - [2023-07-09T16:54:55.537+0000] {dagbag.py:538} INFO - Filling up the DagBag from /home/ubuntu/venv/lib/python3.10/site-packages/airflow/example_dags/example_short_circuit_operator.py
[2023-07-09T16:54:55.567+0000] {processor.py:753} INFO - DAG(s) dict_keys(['example_short_circuit_operator']) retrieved from /home/ubuntu/venv/lib/python3.10/site-packages/airflow/example_dags/example_short_circuit_operator.py
[2023-07-09T16:54:55.681+0000] {logging_mixin.py:137} INFO - [2023-07-09T16:54:55.680+0000] {dag.py:2676} INFO - Sync 1 DAGs
[2023-07-09T16:54:55.734+0000] {logging_mixin.py:137} INFO - [2023-07-09T16:54:55.734+0000] {dag.py:3423} INFO - Setting next_dagrun for example_short_circuit_operator to 2023-07-08T16:54:55.733877+00:00, run_after=2023-07-09T16:54:55.733877+00:00
[2023-07-09T16:54:55.759+0000] {processor.py:175} INFO - Processing /home/ubuntu/venv/lib/python3.10/site-packages/airflow/example_dags/example_short_circuit_operator.py took 0.238 seconds
[2023-07-09T16:55:25.907+0000] {processor.py:153} INFO - Started process (PID=6104) to work on /home/ubuntu/venv/lib/python3.10/site-packages/airflow/example_dags/example_short_circuit_operator.py
[2023-07-09T16:55:25.908+0000] {processor.py:743} INFO - Processing file /home/ubuntu/venv/lib/python3.10/site-packages/airflow/example_dags/example_short_circuit_operator.py for tasks to queue
[2023-07-09T16:55:25.909+0000] {logging_mixin.py:137} INFO - [2023-07-09T16:55:25.909+0000] {dagbag.py:538} INFO - Filling up the DagBag from /home/ubuntu/venv/lib/python3.10/site-packages/airflow/example_dags/example_short_circuit_operator.py
[2023-07-09T16:55:25.937+0000] {processor.py:753} INFO - DAG(s) dict_keys(['example_short_circuit_operator']) retrieved from /home/ubuntu/venv/lib/python3.10/site-packages/airflow/example_dags/example_short_circuit_operator.py
[2023-07-09T16:55:26.034+0000] {logging_mixin.py:137} INFO - [2023-07-09T16:55:26.034+0000] {dag.py:2676} INFO - Sync 1 DAGs
[2023-07-09T16:55:26.080+0000] {logging_mixin.py:137} INFO - [2023-07-09T16:55:26.080+0000] {dag.py:3423} INFO - Setting next_dagrun for example_short_circuit_operator to 2023-07-08T16:55:26.080273+00:00, run_after=2023-07-09T16:55:26.080273+00:00
[2023-07-09T16:55:26.113+0000] {processor.py:175} INFO - Processing /home/ubuntu/venv/lib/python3.10/site-packages/airflow/example_dags/example_short_circuit_operator.py took 0.211 seconds
[2023-07-09T16:55:56.374+0000] {processor.py:153} INFO - Started process (PID=6340) to work on /home/ubuntu/venv/lib/python3.10/site-packages/airflow/example_dags/example_short_circuit_operator.py
[2023-07-09T16:55:56.375+0000] {processor.py:743} INFO - Processing file /home/ubuntu/venv/lib/python3.10/site-packages/airflow/example_dags/example_short_circuit_operator.py for tasks to queue
[2023-07-09T16:55:56.376+0000] {logging_mixin.py:137} INFO - [2023-07-09T16:55:56.376+0000] {dagbag.py:538} INFO - Filling up the DagBag from /home/ubuntu/venv/lib/python3.10/site-packages/airflow/example_dags/example_short_circuit_operator.py
[2023-07-09T16:55:56.402+0000] {processor.py:753} INFO - DAG(s) dict_keys(['example_short_circuit_operator']) retrieved from /home/ubuntu/venv/lib/python3.10/site-packages/airflow/example_dags/example_short_circuit_operator.py
[2023-07-09T16:55:56.480+0000] {logging_mixin.py:137} INFO - [2023-07-09T16:55:56.479+0000] {dag.py:2676} INFO - Sync 1 DAGs
[2023-07-09T16:55:56.517+0000] {logging_mixin.py:137} INFO - [2023-07-09T16:55:56.517+0000] {dag.py:3423} INFO - Setting next_dagrun for example_short_circuit_operator to 2023-07-08T16:55:56.517395+00:00, run_after=2023-07-09T16:55:56.517395+00:00
[2023-07-09T16:55:56.546+0000] {processor.py:175} INFO - Processing /home/ubuntu/venv/lib/python3.10/site-packages/airflow/example_dags/example_short_circuit_operator.py took 0.177 seconds
[2023-07-09T16:56:27.093+0000] {processor.py:153} INFO - Started process (PID=6577) to work on /home/ubuntu/venv/lib/python3.10/site-packages/airflow/example_dags/example_short_circuit_operator.py
[2023-07-09T16:56:27.094+0000] {processor.py:743} INFO - Processing file /home/ubuntu/venv/lib/python3.10/site-packages/airflow/example_dags/example_short_circuit_operator.py for tasks to queue
[2023-07-09T16:56:27.095+0000] {logging_mixin.py:137} INFO - [2023-07-09T16:56:27.095+0000] {dagbag.py:538} INFO - Filling up the DagBag from /home/ubuntu/venv/lib/python3.10/site-packages/airflow/example_dags/example_short_circuit_operator.py
[2023-07-09T16:56:27.120+0000] {processor.py:753} INFO - DAG(s) dict_keys(['example_short_circuit_operator']) retrieved from /home/ubuntu/venv/lib/python3.10/site-packages/airflow/example_dags/example_short_circuit_operator.py
[2023-07-09T16:56:27.188+0000] {logging_mixin.py:137} INFO - [2023-07-09T16:56:27.187+0000] {dag.py:2676} INFO - Sync 1 DAGs
[2023-07-09T16:56:27.220+0000] {logging_mixin.py:137} INFO - [2023-07-09T16:56:27.220+0000] {dag.py:3423} INFO - Setting next_dagrun for example_short_circuit_operator to 2023-07-08T16:56:27.220180+00:00, run_after=2023-07-09T16:56:27.220180+00:00
[2023-07-09T16:56:27.256+0000] {processor.py:175} INFO - Processing /home/ubuntu/venv/lib/python3.10/site-packages/airflow/example_dags/example_short_circuit_operator.py took 0.168 seconds
[2023-07-09T16:56:57.954+0000] {processor.py:153} INFO - Started process (PID=6834) to work on /home/ubuntu/venv/lib/python3.10/site-packages/airflow/example_dags/example_short_circuit_operator.py
[2023-07-09T16:56:57.955+0000] {processor.py:743} INFO - Processing file /home/ubuntu/venv/lib/python3.10/site-packages/airflow/example_dags/example_short_circuit_operator.py for tasks to queue
[2023-07-09T16:56:57.956+0000] {logging_mixin.py:137} INFO - [2023-07-09T16:56:57.956+0000] {dagbag.py:538} INFO - Filling up the DagBag from /home/ubuntu/venv/lib/python3.10/site-packages/airflow/example_dags/example_short_circuit_operator.py
[2023-07-09T16:56:57.982+0000] {processor.py:753} INFO - DAG(s) dict_keys(['example_short_circuit_operator']) retrieved from /home/ubuntu/venv/lib/python3.10/site-packages/airflow/example_dags/example_short_circuit_operator.py
[2023-07-09T16:56:58.054+0000] {logging_mixin.py:137} INFO - [2023-07-09T16:56:58.054+0000] {dag.py:2676} INFO - Sync 1 DAGs
[2023-07-09T16:56:58.091+0000] {logging_mixin.py:137} INFO - [2023-07-09T16:56:58.090+0000] {dag.py:3423} INFO - Setting next_dagrun for example_short_circuit_operator to 2023-07-08T16:56:58.090525+00:00, run_after=2023-07-09T16:56:58.090525+00:00
[2023-07-09T16:56:58.120+0000] {processor.py:175} INFO - Processing /home/ubuntu/venv/lib/python3.10/site-packages/airflow/example_dags/example_short_circuit_operator.py took 0.171 seconds
[2023-07-09T16:57:29.112+0000] {processor.py:153} INFO - Started process (PID=7067) to work on /home/ubuntu/venv/lib/python3.10/site-packages/airflow/example_dags/example_short_circuit_operator.py
[2023-07-09T16:57:29.114+0000] {processor.py:743} INFO - Processing file /home/ubuntu/venv/lib/python3.10/site-packages/airflow/example_dags/example_short_circuit_operator.py for tasks to queue
[2023-07-09T16:57:29.115+0000] {logging_mixin.py:137} INFO - [2023-07-09T16:57:29.115+0000] {dagbag.py:538} INFO - Filling up the DagBag from /home/ubuntu/venv/lib/python3.10/site-packages/airflow/example_dags/example_short_circuit_operator.py
[2023-07-09T16:57:29.146+0000] {processor.py:753} INFO - DAG(s) dict_keys(['example_short_circuit_operator']) retrieved from /home/ubuntu/venv/lib/python3.10/site-packages/airflow/example_dags/example_short_circuit_operator.py
[2023-07-09T16:57:29.228+0000] {logging_mixin.py:137} INFO - [2023-07-09T16:57:29.228+0000] {dag.py:2676} INFO - Sync 1 DAGs
[2023-07-09T16:57:29.266+0000] {logging_mixin.py:137} INFO - [2023-07-09T16:57:29.265+0000] {dag.py:3423} INFO - Setting next_dagrun for example_short_circuit_operator to 2023-07-08T16:57:29.265529+00:00, run_after=2023-07-09T16:57:29.265529+00:00
[2023-07-09T16:57:29.292+0000] {processor.py:175} INFO - Processing /home/ubuntu/venv/lib/python3.10/site-packages/airflow/example_dags/example_short_circuit_operator.py took 0.187 seconds
[2023-07-09T16:57:59.932+0000] {processor.py:153} INFO - Started process (PID=7303) to work on /home/ubuntu/venv/lib/python3.10/site-packages/airflow/example_dags/example_short_circuit_operator.py
[2023-07-09T16:57:59.934+0000] {processor.py:743} INFO - Processing file /home/ubuntu/venv/lib/python3.10/site-packages/airflow/example_dags/example_short_circuit_operator.py for tasks to queue
[2023-07-09T16:57:59.934+0000] {logging_mixin.py:137} INFO - [2023-07-09T16:57:59.934+0000] {dagbag.py:538} INFO - Filling up the DagBag from /home/ubuntu/venv/lib/python3.10/site-packages/airflow/example_dags/example_short_circuit_operator.py
[2023-07-09T16:57:59.970+0000] {processor.py:753} INFO - DAG(s) dict_keys(['example_short_circuit_operator']) retrieved from /home/ubuntu/venv/lib/python3.10/site-packages/airflow/example_dags/example_short_circuit_operator.py
[2023-07-09T16:58:00.090+0000] {logging_mixin.py:137} INFO - [2023-07-09T16:58:00.089+0000] {dag.py:2676} INFO - Sync 1 DAGs
[2023-07-09T16:58:00.123+0000] {logging_mixin.py:137} INFO - [2023-07-09T16:58:00.122+0000] {dag.py:3423} INFO - Setting next_dagrun for example_short_circuit_operator to 2023-07-08T16:58:00.122584+00:00, run_after=2023-07-09T16:58:00.122584+00:00
[2023-07-09T16:58:00.149+0000] {processor.py:175} INFO - Processing /home/ubuntu/venv/lib/python3.10/site-packages/airflow/example_dags/example_short_circuit_operator.py took 0.221 seconds
[2023-07-09T16:58:30.989+0000] {processor.py:153} INFO - Started process (PID=7537) to work on /home/ubuntu/venv/lib/python3.10/site-packages/airflow/example_dags/example_short_circuit_operator.py
[2023-07-09T16:58:30.991+0000] {processor.py:743} INFO - Processing file /home/ubuntu/venv/lib/python3.10/site-packages/airflow/example_dags/example_short_circuit_operator.py for tasks to queue
[2023-07-09T16:58:30.991+0000] {logging_mixin.py:137} INFO - [2023-07-09T16:58:30.991+0000] {dagbag.py:538} INFO - Filling up the DagBag from /home/ubuntu/venv/lib/python3.10/site-packages/airflow/example_dags/example_short_circuit_operator.py
[2023-07-09T16:58:31.019+0000] {processor.py:753} INFO - DAG(s) dict_keys(['example_short_circuit_operator']) retrieved from /home/ubuntu/venv/lib/python3.10/site-packages/airflow/example_dags/example_short_circuit_operator.py
[2023-07-09T16:58:31.087+0000] {logging_mixin.py:137} INFO - [2023-07-09T16:58:31.087+0000] {dag.py:2676} INFO - Sync 1 DAGs
[2023-07-09T16:58:31.130+0000] {logging_mixin.py:137} INFO - [2023-07-09T16:58:31.129+0000] {dag.py:3423} INFO - Setting next_dagrun for example_short_circuit_operator to 2023-07-08T16:58:31.129524+00:00, run_after=2023-07-09T16:58:31.129524+00:00
[2023-07-09T16:58:31.183+0000] {processor.py:175} INFO - Processing /home/ubuntu/venv/lib/python3.10/site-packages/airflow/example_dags/example_short_circuit_operator.py took 0.199 seconds
[2023-07-09T16:59:03.641+0000] {processor.py:153} INFO - Started process (PID=7774) to work on /home/ubuntu/venv/lib/python3.10/site-packages/airflow/example_dags/example_short_circuit_operator.py
[2023-07-09T16:59:03.642+0000] {processor.py:743} INFO - Processing file /home/ubuntu/venv/lib/python3.10/site-packages/airflow/example_dags/example_short_circuit_operator.py for tasks to queue
[2023-07-09T16:59:03.643+0000] {logging_mixin.py:137} INFO - [2023-07-09T16:59:03.642+0000] {dagbag.py:538} INFO - Filling up the DagBag from /home/ubuntu/venv/lib/python3.10/site-packages/airflow/example_dags/example_short_circuit_operator.py
[2023-07-09T16:59:03.670+0000] {processor.py:753} INFO - DAG(s) dict_keys(['example_short_circuit_operator']) retrieved from /home/ubuntu/venv/lib/python3.10/site-packages/airflow/example_dags/example_short_circuit_operator.py
[2023-07-09T16:59:03.742+0000] {logging_mixin.py:137} INFO - [2023-07-09T16:59:03.742+0000] {dag.py:2676} INFO - Sync 1 DAGs
[2023-07-09T16:59:03.781+0000] {logging_mixin.py:137} INFO - [2023-07-09T16:59:03.781+0000] {dag.py:3423} INFO - Setting next_dagrun for example_short_circuit_operator to 2023-07-08T16:59:03.780758+00:00, run_after=2023-07-09T16:59:03.780758+00:00
[2023-07-09T16:59:04.023+0000] {processor.py:175} INFO - Processing /home/ubuntu/venv/lib/python3.10/site-packages/airflow/example_dags/example_short_circuit_operator.py took 0.387 seconds
[2023-07-09T16:59:34.567+0000] {processor.py:153} INFO - Started process (PID=8012) to work on /home/ubuntu/venv/lib/python3.10/site-packages/airflow/example_dags/example_short_circuit_operator.py
[2023-07-09T16:59:34.569+0000] {processor.py:743} INFO - Processing file /home/ubuntu/venv/lib/python3.10/site-packages/airflow/example_dags/example_short_circuit_operator.py for tasks to queue
[2023-07-09T16:59:34.569+0000] {logging_mixin.py:137} INFO - [2023-07-09T16:59:34.569+0000] {dagbag.py:538} INFO - Filling up the DagBag from /home/ubuntu/venv/lib/python3.10/site-packages/airflow/example_dags/example_short_circuit_operator.py
[2023-07-09T16:59:34.592+0000] {processor.py:753} INFO - DAG(s) dict_keys(['example_short_circuit_operator']) retrieved from /home/ubuntu/venv/lib/python3.10/site-packages/airflow/example_dags/example_short_circuit_operator.py
[2023-07-09T16:59:34.663+0000] {logging_mixin.py:137} INFO - [2023-07-09T16:59:34.663+0000] {dag.py:2676} INFO - Sync 1 DAGs
[2023-07-09T16:59:34.889+0000] {logging_mixin.py:137} INFO - [2023-07-09T16:59:34.888+0000] {dag.py:3423} INFO - Setting next_dagrun for example_short_circuit_operator to 2023-07-08T16:59:34.888558+00:00, run_after=2023-07-09T16:59:34.888558+00:00
[2023-07-09T16:59:34.916+0000] {processor.py:175} INFO - Processing /home/ubuntu/venv/lib/python3.10/site-packages/airflow/example_dags/example_short_circuit_operator.py took 0.353 seconds
[2023-07-09T17:00:32.204+0000] {processor.py:153} INFO - Started process (PID=8675) to work on /home/ubuntu/venv/lib/python3.10/site-packages/airflow/example_dags/example_short_circuit_operator.py
[2023-07-09T17:00:32.205+0000] {processor.py:743} INFO - Processing file /home/ubuntu/venv/lib/python3.10/site-packages/airflow/example_dags/example_short_circuit_operator.py for tasks to queue
[2023-07-09T17:00:32.206+0000] {logging_mixin.py:137} INFO - [2023-07-09T17:00:32.206+0000] {dagbag.py:538} INFO - Filling up the DagBag from /home/ubuntu/venv/lib/python3.10/site-packages/airflow/example_dags/example_short_circuit_operator.py
[2023-07-09T17:00:32.244+0000] {processor.py:753} INFO - DAG(s) dict_keys(['example_short_circuit_operator']) retrieved from /home/ubuntu/venv/lib/python3.10/site-packages/airflow/example_dags/example_short_circuit_operator.py
[2023-07-09T17:00:32.308+0000] {logging_mixin.py:137} INFO - [2023-07-09T17:00:32.307+0000] {dag.py:2676} INFO - Sync 1 DAGs
[2023-07-09T17:00:32.352+0000] {logging_mixin.py:137} INFO - [2023-07-09T17:00:32.352+0000] {dag.py:3423} INFO - Setting next_dagrun for example_short_circuit_operator to 2023-07-08T17:00:32.351771+00:00, run_after=2023-07-09T17:00:32.351771+00:00
[2023-07-09T17:00:32.411+0000] {processor.py:175} INFO - Processing /home/ubuntu/venv/lib/python3.10/site-packages/airflow/example_dags/example_short_circuit_operator.py took 0.213 seconds
[2023-07-09T17:01:03.517+0000] {processor.py:153} INFO - Started process (PID=8932) to work on /home/ubuntu/venv/lib/python3.10/site-packages/airflow/example_dags/example_short_circuit_operator.py
[2023-07-09T17:01:03.518+0000] {processor.py:743} INFO - Processing file /home/ubuntu/venv/lib/python3.10/site-packages/airflow/example_dags/example_short_circuit_operator.py for tasks to queue
[2023-07-09T17:01:03.520+0000] {logging_mixin.py:137} INFO - [2023-07-09T17:01:03.519+0000] {dagbag.py:538} INFO - Filling up the DagBag from /home/ubuntu/venv/lib/python3.10/site-packages/airflow/example_dags/example_short_circuit_operator.py
[2023-07-09T17:01:03.545+0000] {processor.py:753} INFO - DAG(s) dict_keys(['example_short_circuit_operator']) retrieved from /home/ubuntu/venv/lib/python3.10/site-packages/airflow/example_dags/example_short_circuit_operator.py
[2023-07-09T17:01:03.623+0000] {logging_mixin.py:137} INFO - [2023-07-09T17:01:03.623+0000] {dag.py:2676} INFO - Sync 1 DAGs
[2023-07-09T17:01:03.658+0000] {logging_mixin.py:137} INFO - [2023-07-09T17:01:03.658+0000] {dag.py:3423} INFO - Setting next_dagrun for example_short_circuit_operator to 2023-07-08T17:01:03.657760+00:00, run_after=2023-07-09T17:01:03.657760+00:00
[2023-07-09T17:01:03.699+0000] {processor.py:175} INFO - Processing /home/ubuntu/venv/lib/python3.10/site-packages/airflow/example_dags/example_short_circuit_operator.py took 0.186 seconds
[2023-07-09T17:01:34.371+0000] {processor.py:153} INFO - Started process (PID=9168) to work on /home/ubuntu/venv/lib/python3.10/site-packages/airflow/example_dags/example_short_circuit_operator.py
[2023-07-09T17:01:34.373+0000] {processor.py:743} INFO - Processing file /home/ubuntu/venv/lib/python3.10/site-packages/airflow/example_dags/example_short_circuit_operator.py for tasks to queue
[2023-07-09T17:01:34.373+0000] {logging_mixin.py:137} INFO - [2023-07-09T17:01:34.373+0000] {dagbag.py:538} INFO - Filling up the DagBag from /home/ubuntu/venv/lib/python3.10/site-packages/airflow/example_dags/example_short_circuit_operator.py
[2023-07-09T17:01:34.397+0000] {processor.py:753} INFO - DAG(s) dict_keys(['example_short_circuit_operator']) retrieved from /home/ubuntu/venv/lib/python3.10/site-packages/airflow/example_dags/example_short_circuit_operator.py
[2023-07-09T17:01:34.496+0000] {logging_mixin.py:137} INFO - [2023-07-09T17:01:34.496+0000] {dag.py:2676} INFO - Sync 1 DAGs
[2023-07-09T17:01:34.532+0000] {logging_mixin.py:137} INFO - [2023-07-09T17:01:34.532+0000] {dag.py:3423} INFO - Setting next_dagrun for example_short_circuit_operator to 2023-07-08T17:01:34.531766+00:00, run_after=2023-07-09T17:01:34.531766+00:00
[2023-07-09T17:01:34.560+0000] {processor.py:175} INFO - Processing /home/ubuntu/venv/lib/python3.10/site-packages/airflow/example_dags/example_short_circuit_operator.py took 0.193 seconds
[2023-07-09T17:02:05.425+0000] {processor.py:153} INFO - Started process (PID=9425) to work on /home/ubuntu/venv/lib/python3.10/site-packages/airflow/example_dags/example_short_circuit_operator.py
[2023-07-09T17:02:05.426+0000] {processor.py:743} INFO - Processing file /home/ubuntu/venv/lib/python3.10/site-packages/airflow/example_dags/example_short_circuit_operator.py for tasks to queue
[2023-07-09T17:02:05.427+0000] {logging_mixin.py:137} INFO - [2023-07-09T17:02:05.427+0000] {dagbag.py:538} INFO - Filling up the DagBag from /home/ubuntu/venv/lib/python3.10/site-packages/airflow/example_dags/example_short_circuit_operator.py
[2023-07-09T17:02:05.485+0000] {processor.py:753} INFO - DAG(s) dict_keys(['example_short_circuit_operator']) retrieved from /home/ubuntu/venv/lib/python3.10/site-packages/airflow/example_dags/example_short_circuit_operator.py
[2023-07-09T17:02:05.595+0000] {logging_mixin.py:137} INFO - [2023-07-09T17:02:05.595+0000] {dag.py:2676} INFO - Sync 1 DAGs
[2023-07-09T17:02:05.632+0000] {logging_mixin.py:137} INFO - [2023-07-09T17:02:05.631+0000] {dag.py:3423} INFO - Setting next_dagrun for example_short_circuit_operator to 2023-07-08T17:02:05.631533+00:00, run_after=2023-07-09T17:02:05.631533+00:00
[2023-07-09T17:02:05.671+0000] {processor.py:175} INFO - Processing /home/ubuntu/venv/lib/python3.10/site-packages/airflow/example_dags/example_short_circuit_operator.py took 0.251 seconds
[2023-07-09T17:02:36.369+0000] {processor.py:153} INFO - Started process (PID=9663) to work on /home/ubuntu/venv/lib/python3.10/site-packages/airflow/example_dags/example_short_circuit_operator.py
[2023-07-09T17:02:36.371+0000] {processor.py:743} INFO - Processing file /home/ubuntu/venv/lib/python3.10/site-packages/airflow/example_dags/example_short_circuit_operator.py for tasks to queue
[2023-07-09T17:02:36.372+0000] {logging_mixin.py:137} INFO - [2023-07-09T17:02:36.372+0000] {dagbag.py:538} INFO - Filling up the DagBag from /home/ubuntu/venv/lib/python3.10/site-packages/airflow/example_dags/example_short_circuit_operator.py
[2023-07-09T17:02:36.398+0000] {processor.py:753} INFO - DAG(s) dict_keys(['example_short_circuit_operator']) retrieved from /home/ubuntu/venv/lib/python3.10/site-packages/airflow/example_dags/example_short_circuit_operator.py
[2023-07-09T17:02:36.468+0000] {logging_mixin.py:137} INFO - [2023-07-09T17:02:36.468+0000] {dag.py:2676} INFO - Sync 1 DAGs
[2023-07-09T17:02:36.501+0000] {logging_mixin.py:137} INFO - [2023-07-09T17:02:36.501+0000] {dag.py:3423} INFO - Setting next_dagrun for example_short_circuit_operator to 2023-07-08T17:02:36.501245+00:00, run_after=2023-07-09T17:02:36.501245+00:00
[2023-07-09T17:02:36.527+0000] {processor.py:175} INFO - Processing /home/ubuntu/venv/lib/python3.10/site-packages/airflow/example_dags/example_short_circuit_operator.py took 0.162 seconds
[2023-07-09T17:03:07.126+0000] {processor.py:153} INFO - Started process (PID=9896) to work on /home/ubuntu/venv/lib/python3.10/site-packages/airflow/example_dags/example_short_circuit_operator.py
[2023-07-09T17:03:07.133+0000] {processor.py:743} INFO - Processing file /home/ubuntu/venv/lib/python3.10/site-packages/airflow/example_dags/example_short_circuit_operator.py for tasks to queue
[2023-07-09T17:03:07.134+0000] {logging_mixin.py:137} INFO - [2023-07-09T17:03:07.134+0000] {dagbag.py:538} INFO - Filling up the DagBag from /home/ubuntu/venv/lib/python3.10/site-packages/airflow/example_dags/example_short_circuit_operator.py
[2023-07-09T17:03:07.160+0000] {processor.py:753} INFO - DAG(s) dict_keys(['example_short_circuit_operator']) retrieved from /home/ubuntu/venv/lib/python3.10/site-packages/airflow/example_dags/example_short_circuit_operator.py
[2023-07-09T17:03:07.265+0000] {logging_mixin.py:137} INFO - [2023-07-09T17:03:07.265+0000] {dag.py:2676} INFO - Sync 1 DAGs
[2023-07-09T17:03:07.302+0000] {logging_mixin.py:137} INFO - [2023-07-09T17:03:07.302+0000] {dag.py:3423} INFO - Setting next_dagrun for example_short_circuit_operator to 2023-07-08T17:03:07.302348+00:00, run_after=2023-07-09T17:03:07.302348+00:00
[2023-07-09T17:03:07.330+0000] {processor.py:175} INFO - Processing /home/ubuntu/venv/lib/python3.10/site-packages/airflow/example_dags/example_short_circuit_operator.py took 0.209 seconds
[2023-07-09T17:03:38.160+0000] {processor.py:153} INFO - Started process (PID=10131) to work on /home/ubuntu/venv/lib/python3.10/site-packages/airflow/example_dags/example_short_circuit_operator.py
[2023-07-09T17:03:38.162+0000] {processor.py:743} INFO - Processing file /home/ubuntu/venv/lib/python3.10/site-packages/airflow/example_dags/example_short_circuit_operator.py for tasks to queue
[2023-07-09T17:03:38.162+0000] {logging_mixin.py:137} INFO - [2023-07-09T17:03:38.162+0000] {dagbag.py:538} INFO - Filling up the DagBag from /home/ubuntu/venv/lib/python3.10/site-packages/airflow/example_dags/example_short_circuit_operator.py
[2023-07-09T17:03:38.182+0000] {processor.py:753} INFO - DAG(s) dict_keys(['example_short_circuit_operator']) retrieved from /home/ubuntu/venv/lib/python3.10/site-packages/airflow/example_dags/example_short_circuit_operator.py
[2023-07-09T17:03:38.255+0000] {logging_mixin.py:137} INFO - [2023-07-09T17:03:38.255+0000] {dag.py:2676} INFO - Sync 1 DAGs
[2023-07-09T17:03:38.286+0000] {logging_mixin.py:137} INFO - [2023-07-09T17:03:38.286+0000] {dag.py:3423} INFO - Setting next_dagrun for example_short_circuit_operator to 2023-07-08T17:03:38.286385+00:00, run_after=2023-07-09T17:03:38.286385+00:00
[2023-07-09T17:03:38.314+0000] {processor.py:175} INFO - Processing /home/ubuntu/venv/lib/python3.10/site-packages/airflow/example_dags/example_short_circuit_operator.py took 0.158 seconds
[2023-07-09T17:04:09.070+0000] {processor.py:153} INFO - Started process (PID=10367) to work on /home/ubuntu/venv/lib/python3.10/site-packages/airflow/example_dags/example_short_circuit_operator.py
[2023-07-09T17:04:09.072+0000] {processor.py:743} INFO - Processing file /home/ubuntu/venv/lib/python3.10/site-packages/airflow/example_dags/example_short_circuit_operator.py for tasks to queue
[2023-07-09T17:04:09.073+0000] {logging_mixin.py:137} INFO - [2023-07-09T17:04:09.072+0000] {dagbag.py:538} INFO - Filling up the DagBag from /home/ubuntu/venv/lib/python3.10/site-packages/airflow/example_dags/example_short_circuit_operator.py
[2023-07-09T17:04:09.099+0000] {processor.py:753} INFO - DAG(s) dict_keys(['example_short_circuit_operator']) retrieved from /home/ubuntu/venv/lib/python3.10/site-packages/airflow/example_dags/example_short_circuit_operator.py
[2023-07-09T17:04:09.172+0000] {logging_mixin.py:137} INFO - [2023-07-09T17:04:09.171+0000] {dag.py:2676} INFO - Sync 1 DAGs
[2023-07-09T17:04:09.204+0000] {logging_mixin.py:137} INFO - [2023-07-09T17:04:09.204+0000] {dag.py:3423} INFO - Setting next_dagrun for example_short_circuit_operator to 2023-07-08T17:04:09.204034+00:00, run_after=2023-07-09T17:04:09.204034+00:00
[2023-07-09T17:04:09.229+0000] {processor.py:175} INFO - Processing /home/ubuntu/venv/lib/python3.10/site-packages/airflow/example_dags/example_short_circuit_operator.py took 0.163 seconds
[2023-07-09T17:04:40.907+0000] {processor.py:153} INFO - Started process (PID=10602) to work on /home/ubuntu/venv/lib/python3.10/site-packages/airflow/example_dags/example_short_circuit_operator.py
[2023-07-09T17:04:40.909+0000] {processor.py:743} INFO - Processing file /home/ubuntu/venv/lib/python3.10/site-packages/airflow/example_dags/example_short_circuit_operator.py for tasks to queue
[2023-07-09T17:04:40.910+0000] {logging_mixin.py:137} INFO - [2023-07-09T17:04:40.910+0000] {dagbag.py:538} INFO - Filling up the DagBag from /home/ubuntu/venv/lib/python3.10/site-packages/airflow/example_dags/example_short_circuit_operator.py
[2023-07-09T17:04:40.940+0000] {processor.py:753} INFO - DAG(s) dict_keys(['example_short_circuit_operator']) retrieved from /home/ubuntu/venv/lib/python3.10/site-packages/airflow/example_dags/example_short_circuit_operator.py
[2023-07-09T17:04:41.016+0000] {logging_mixin.py:137} INFO - [2023-07-09T17:04:41.016+0000] {dag.py:2676} INFO - Sync 1 DAGs
[2023-07-09T17:04:41.053+0000] {logging_mixin.py:137} INFO - [2023-07-09T17:04:41.053+0000] {dag.py:3423} INFO - Setting next_dagrun for example_short_circuit_operator to 2023-07-08T17:04:41.053097+00:00, run_after=2023-07-09T17:04:41.053097+00:00
[2023-07-09T17:04:41.264+0000] {processor.py:175} INFO - Processing /home/ubuntu/venv/lib/python3.10/site-packages/airflow/example_dags/example_short_circuit_operator.py took 0.361 seconds
[2023-07-09T17:06:03.926+0000] {processor.py:153} INFO - Started process (PID=11174) to work on /home/ubuntu/venv/lib/python3.10/site-packages/airflow/example_dags/example_short_circuit_operator.py
[2023-07-09T17:06:03.931+0000] {processor.py:743} INFO - Processing file /home/ubuntu/venv/lib/python3.10/site-packages/airflow/example_dags/example_short_circuit_operator.py for tasks to queue
[2023-07-09T17:06:03.932+0000] {logging_mixin.py:137} INFO - [2023-07-09T17:06:03.932+0000] {dagbag.py:538} INFO - Filling up the DagBag from /home/ubuntu/venv/lib/python3.10/site-packages/airflow/example_dags/example_short_circuit_operator.py
[2023-07-09T17:06:03.972+0000] {processor.py:753} INFO - DAG(s) dict_keys(['example_short_circuit_operator']) retrieved from /home/ubuntu/venv/lib/python3.10/site-packages/airflow/example_dags/example_short_circuit_operator.py
[2023-07-09T17:06:04.058+0000] {logging_mixin.py:137} INFO - [2023-07-09T17:06:04.057+0000] {dag.py:2676} INFO - Sync 1 DAGs
[2023-07-09T17:06:04.108+0000] {logging_mixin.py:137} INFO - [2023-07-09T17:06:04.108+0000] {dag.py:3423} INFO - Setting next_dagrun for example_short_circuit_operator to 2023-07-08T17:06:04.108023+00:00, run_after=2023-07-09T17:06:04.108023+00:00
[2023-07-09T17:06:04.133+0000] {processor.py:175} INFO - Processing /home/ubuntu/venv/lib/python3.10/site-packages/airflow/example_dags/example_short_circuit_operator.py took 0.219 seconds
[2023-07-09T17:06:34.306+0000] {processor.py:153} INFO - Started process (PID=11430) to work on /home/ubuntu/venv/lib/python3.10/site-packages/airflow/example_dags/example_short_circuit_operator.py
[2023-07-09T17:06:34.308+0000] {processor.py:743} INFO - Processing file /home/ubuntu/venv/lib/python3.10/site-packages/airflow/example_dags/example_short_circuit_operator.py for tasks to queue
[2023-07-09T17:06:34.309+0000] {logging_mixin.py:137} INFO - [2023-07-09T17:06:34.309+0000] {dagbag.py:538} INFO - Filling up the DagBag from /home/ubuntu/venv/lib/python3.10/site-packages/airflow/example_dags/example_short_circuit_operator.py
[2023-07-09T17:06:34.333+0000] {processor.py:753} INFO - DAG(s) dict_keys(['example_short_circuit_operator']) retrieved from /home/ubuntu/venv/lib/python3.10/site-packages/airflow/example_dags/example_short_circuit_operator.py
[2023-07-09T17:06:34.407+0000] {logging_mixin.py:137} INFO - [2023-07-09T17:06:34.407+0000] {dag.py:2676} INFO - Sync 1 DAGs
[2023-07-09T17:06:34.444+0000] {logging_mixin.py:137} INFO - [2023-07-09T17:06:34.444+0000] {dag.py:3423} INFO - Setting next_dagrun for example_short_circuit_operator to 2023-07-08T17:06:34.444012+00:00, run_after=2023-07-09T17:06:34.444012+00:00
[2023-07-09T17:06:34.476+0000] {processor.py:175} INFO - Processing /home/ubuntu/venv/lib/python3.10/site-packages/airflow/example_dags/example_short_circuit_operator.py took 0.175 seconds
[2023-07-09T17:07:28.426+0000] {processor.py:153} INFO - Started process (PID=11907) to work on /home/ubuntu/venv/lib/python3.10/site-packages/airflow/example_dags/example_short_circuit_operator.py
[2023-07-09T17:07:28.427+0000] {processor.py:743} INFO - Processing file /home/ubuntu/venv/lib/python3.10/site-packages/airflow/example_dags/example_short_circuit_operator.py for tasks to queue
[2023-07-09T17:07:28.428+0000] {logging_mixin.py:137} INFO - [2023-07-09T17:07:28.428+0000] {dagbag.py:538} INFO - Filling up the DagBag from /home/ubuntu/venv/lib/python3.10/site-packages/airflow/example_dags/example_short_circuit_operator.py
[2023-07-09T17:07:28.463+0000] {processor.py:753} INFO - DAG(s) dict_keys(['example_short_circuit_operator']) retrieved from /home/ubuntu/venv/lib/python3.10/site-packages/airflow/example_dags/example_short_circuit_operator.py
[2023-07-09T17:07:28.536+0000] {logging_mixin.py:137} INFO - [2023-07-09T17:07:28.536+0000] {dag.py:2676} INFO - Sync 1 DAGs
[2023-07-09T17:07:28.572+0000] {logging_mixin.py:137} INFO - [2023-07-09T17:07:28.571+0000] {dag.py:3423} INFO - Setting next_dagrun for example_short_circuit_operator to 2023-07-08T17:07:28.571551+00:00, run_after=2023-07-09T17:07:28.571551+00:00
[2023-07-09T17:07:28.600+0000] {processor.py:175} INFO - Processing /home/ubuntu/venv/lib/python3.10/site-packages/airflow/example_dags/example_short_circuit_operator.py took 0.181 seconds
[2023-07-09T17:07:59.326+0000] {processor.py:153} INFO - Started process (PID=12162) to work on /home/ubuntu/venv/lib/python3.10/site-packages/airflow/example_dags/example_short_circuit_operator.py
[2023-07-09T17:07:59.327+0000] {processor.py:743} INFO - Processing file /home/ubuntu/venv/lib/python3.10/site-packages/airflow/example_dags/example_short_circuit_operator.py for tasks to queue
[2023-07-09T17:07:59.328+0000] {logging_mixin.py:137} INFO - [2023-07-09T17:07:59.328+0000] {dagbag.py:538} INFO - Filling up the DagBag from /home/ubuntu/venv/lib/python3.10/site-packages/airflow/example_dags/example_short_circuit_operator.py
[2023-07-09T17:07:59.386+0000] {processor.py:753} INFO - DAG(s) dict_keys(['example_short_circuit_operator']) retrieved from /home/ubuntu/venv/lib/python3.10/site-packages/airflow/example_dags/example_short_circuit_operator.py
[2023-07-09T17:07:59.669+0000] {logging_mixin.py:137} INFO - [2023-07-09T17:07:59.669+0000] {dag.py:2676} INFO - Sync 1 DAGs
[2023-07-09T17:07:59.782+0000] {logging_mixin.py:137} INFO - [2023-07-09T17:07:59.781+0000] {dag.py:3423} INFO - Setting next_dagrun for example_short_circuit_operator to 2023-07-08T17:07:59.781578+00:00, run_after=2023-07-09T17:07:59.781578+00:00
[2023-07-09T17:07:59.877+0000] {processor.py:175} INFO - Processing /home/ubuntu/venv/lib/python3.10/site-packages/airflow/example_dags/example_short_circuit_operator.py took 0.558 seconds
[2023-07-09T17:08:30.158+0000] {processor.py:153} INFO - Started process (PID=12399) to work on /home/ubuntu/venv/lib/python3.10/site-packages/airflow/example_dags/example_short_circuit_operator.py
[2023-07-09T17:08:30.159+0000] {processor.py:743} INFO - Processing file /home/ubuntu/venv/lib/python3.10/site-packages/airflow/example_dags/example_short_circuit_operator.py for tasks to queue
[2023-07-09T17:08:30.160+0000] {logging_mixin.py:137} INFO - [2023-07-09T17:08:30.160+0000] {dagbag.py:538} INFO - Filling up the DagBag from /home/ubuntu/venv/lib/python3.10/site-packages/airflow/example_dags/example_short_circuit_operator.py
[2023-07-09T17:08:30.179+0000] {processor.py:753} INFO - DAG(s) dict_keys(['example_short_circuit_operator']) retrieved from /home/ubuntu/venv/lib/python3.10/site-packages/airflow/example_dags/example_short_circuit_operator.py
[2023-07-09T17:08:30.224+0000] {logging_mixin.py:137} INFO - [2023-07-09T17:08:30.224+0000] {dag.py:2676} INFO - Sync 1 DAGs
[2023-07-09T17:08:30.251+0000] {logging_mixin.py:137} INFO - [2023-07-09T17:08:30.251+0000] {dag.py:3423} INFO - Setting next_dagrun for example_short_circuit_operator to 2023-07-08T17:08:30.251243+00:00, run_after=2023-07-09T17:08:30.251243+00:00
[2023-07-09T17:08:30.271+0000] {processor.py:175} INFO - Processing /home/ubuntu/venv/lib/python3.10/site-packages/airflow/example_dags/example_short_circuit_operator.py took 0.118 seconds
[2023-07-09T17:09:07.253+0000] {processor.py:153} INFO - Started process (PID=12853) to work on /home/ubuntu/venv/lib/python3.10/site-packages/airflow/example_dags/example_short_circuit_operator.py
[2023-07-09T17:09:07.254+0000] {processor.py:743} INFO - Processing file /home/ubuntu/venv/lib/python3.10/site-packages/airflow/example_dags/example_short_circuit_operator.py for tasks to queue
[2023-07-09T17:09:07.255+0000] {logging_mixin.py:137} INFO - [2023-07-09T17:09:07.255+0000] {dagbag.py:538} INFO - Filling up the DagBag from /home/ubuntu/venv/lib/python3.10/site-packages/airflow/example_dags/example_short_circuit_operator.py
[2023-07-09T17:09:07.279+0000] {processor.py:753} INFO - DAG(s) dict_keys(['example_short_circuit_operator']) retrieved from /home/ubuntu/venv/lib/python3.10/site-packages/airflow/example_dags/example_short_circuit_operator.py
[2023-07-09T17:09:07.343+0000] {logging_mixin.py:137} INFO - [2023-07-09T17:09:07.343+0000] {dag.py:2676} INFO - Sync 1 DAGs
[2023-07-09T17:09:07.375+0000] {logging_mixin.py:137} INFO - [2023-07-09T17:09:07.374+0000] {dag.py:3423} INFO - Setting next_dagrun for example_short_circuit_operator to 2023-07-08T17:09:07.374637+00:00, run_after=2023-07-09T17:09:07.374637+00:00
[2023-07-09T17:09:07.402+0000] {processor.py:175} INFO - Processing /home/ubuntu/venv/lib/python3.10/site-packages/airflow/example_dags/example_short_circuit_operator.py took 0.154 seconds
[2023-07-09T17:09:37.910+0000] {processor.py:153} INFO - Started process (PID=13130) to work on /home/ubuntu/venv/lib/python3.10/site-packages/airflow/example_dags/example_short_circuit_operator.py
[2023-07-09T17:09:37.911+0000] {processor.py:743} INFO - Processing file /home/ubuntu/venv/lib/python3.10/site-packages/airflow/example_dags/example_short_circuit_operator.py for tasks to queue
[2023-07-09T17:09:37.912+0000] {logging_mixin.py:137} INFO - [2023-07-09T17:09:37.912+0000] {dagbag.py:538} INFO - Filling up the DagBag from /home/ubuntu/venv/lib/python3.10/site-packages/airflow/example_dags/example_short_circuit_operator.py
[2023-07-09T17:09:37.934+0000] {processor.py:753} INFO - DAG(s) dict_keys(['example_short_circuit_operator']) retrieved from /home/ubuntu/venv/lib/python3.10/site-packages/airflow/example_dags/example_short_circuit_operator.py
[2023-07-09T17:09:37.999+0000] {logging_mixin.py:137} INFO - [2023-07-09T17:09:37.999+0000] {dag.py:2676} INFO - Sync 1 DAGs
[2023-07-09T17:09:38.029+0000] {logging_mixin.py:137} INFO - [2023-07-09T17:09:38.029+0000] {dag.py:3423} INFO - Setting next_dagrun for example_short_circuit_operator to 2023-07-08T17:09:38.028956+00:00, run_after=2023-07-09T17:09:38.028956+00:00
[2023-07-09T17:09:38.060+0000] {processor.py:175} INFO - Processing /home/ubuntu/venv/lib/python3.10/site-packages/airflow/example_dags/example_short_circuit_operator.py took 0.154 seconds
[2023-07-09T17:10:08.755+0000] {processor.py:153} INFO - Started process (PID=13366) to work on /home/ubuntu/venv/lib/python3.10/site-packages/airflow/example_dags/example_short_circuit_operator.py
[2023-07-09T17:10:08.756+0000] {processor.py:743} INFO - Processing file /home/ubuntu/venv/lib/python3.10/site-packages/airflow/example_dags/example_short_circuit_operator.py for tasks to queue
[2023-07-09T17:10:08.757+0000] {logging_mixin.py:137} INFO - [2023-07-09T17:10:08.757+0000] {dagbag.py:538} INFO - Filling up the DagBag from /home/ubuntu/venv/lib/python3.10/site-packages/airflow/example_dags/example_short_circuit_operator.py
[2023-07-09T17:10:08.779+0000] {processor.py:753} INFO - DAG(s) dict_keys(['example_short_circuit_operator']) retrieved from /home/ubuntu/venv/lib/python3.10/site-packages/airflow/example_dags/example_short_circuit_operator.py
[2023-07-09T17:10:08.842+0000] {logging_mixin.py:137} INFO - [2023-07-09T17:10:08.842+0000] {dag.py:2676} INFO - Sync 1 DAGs
[2023-07-09T17:10:08.872+0000] {logging_mixin.py:137} INFO - [2023-07-09T17:10:08.872+0000] {dag.py:3423} INFO - Setting next_dagrun for example_short_circuit_operator to 2023-07-08T17:10:08.871945+00:00, run_after=2023-07-09T17:10:08.871945+00:00
[2023-07-09T17:10:08.896+0000] {processor.py:175} INFO - Processing /home/ubuntu/venv/lib/python3.10/site-packages/airflow/example_dags/example_short_circuit_operator.py took 0.145 seconds
