[2023-07-09T15:46:35.197+0000] {processor.py:153} INFO - Started process (PID=1405) to work on /home/ubuntu/venv/lib/python3.10/site-packages/airflow/example_dags/example_sla_dag.py
[2023-07-09T15:46:35.198+0000] {processor.py:743} INFO - Processing file /home/ubuntu/venv/lib/python3.10/site-packages/airflow/example_dags/example_sla_dag.py for tasks to queue
[2023-07-09T15:46:35.199+0000] {logging_mixin.py:137} INFO - [2023-07-09T15:46:35.198+0000] {dagbag.py:538} INFO - Filling up the DagBag from /home/ubuntu/venv/lib/python3.10/site-packages/airflow/example_dags/example_sla_dag.py
[2023-07-09T15:46:35.232+0000] {processor.py:753} INFO - DAG(s) dict_keys(['example_sla_dag']) retrieved from /home/ubuntu/venv/lib/python3.10/site-packages/airflow/example_dags/example_sla_dag.py
[2023-07-09T15:46:35.311+0000] {logging_mixin.py:137} INFO - [2023-07-09T15:46:35.310+0000] {dag.py:2676} INFO - Sync 1 DAGs
[2023-07-09T15:46:35.493+0000] {logging_mixin.py:137} INFO - [2023-07-09T15:46:35.492+0000] {dag.py:3423} INFO - Setting next_dagrun for example_sla_dag to 2023-07-09T15:44:00+00:00, run_after=2023-07-09T15:46:00+00:00
[2023-07-09T15:46:35.541+0000] {processor.py:175} INFO - Processing /home/ubuntu/venv/lib/python3.10/site-packages/airflow/example_dags/example_sla_dag.py took 0.347 seconds
[2023-07-09T15:47:05.784+0000] {processor.py:153} INFO - Started process (PID=1643) to work on /home/ubuntu/venv/lib/python3.10/site-packages/airflow/example_dags/example_sla_dag.py
[2023-07-09T15:47:05.785+0000] {processor.py:743} INFO - Processing file /home/ubuntu/venv/lib/python3.10/site-packages/airflow/example_dags/example_sla_dag.py for tasks to queue
[2023-07-09T15:47:05.786+0000] {logging_mixin.py:137} INFO - [2023-07-09T15:47:05.785+0000] {dagbag.py:538} INFO - Filling up the DagBag from /home/ubuntu/venv/lib/python3.10/site-packages/airflow/example_dags/example_sla_dag.py
[2023-07-09T15:47:05.821+0000] {processor.py:753} INFO - DAG(s) dict_keys(['example_sla_dag']) retrieved from /home/ubuntu/venv/lib/python3.10/site-packages/airflow/example_dags/example_sla_dag.py
[2023-07-09T15:47:05.890+0000] {logging_mixin.py:137} INFO - [2023-07-09T15:47:05.890+0000] {dag.py:2676} INFO - Sync 1 DAGs
[2023-07-09T15:47:05.928+0000] {logging_mixin.py:137} INFO - [2023-07-09T15:47:05.927+0000] {dag.py:3423} INFO - Setting next_dagrun for example_sla_dag to 2023-07-09T15:44:00+00:00, run_after=2023-07-09T15:46:00+00:00
[2023-07-09T15:47:05.953+0000] {processor.py:175} INFO - Processing /home/ubuntu/venv/lib/python3.10/site-packages/airflow/example_dags/example_sla_dag.py took 0.174 seconds
[2023-07-09T15:49:53.686+0000] {processor.py:153} INFO - Started process (PID=2221) to work on /home/ubuntu/venv/lib/python3.10/site-packages/airflow/example_dags/example_sla_dag.py
[2023-07-09T15:49:53.687+0000] {processor.py:743} INFO - Processing file /home/ubuntu/venv/lib/python3.10/site-packages/airflow/example_dags/example_sla_dag.py for tasks to queue
[2023-07-09T15:49:53.688+0000] {logging_mixin.py:137} INFO - [2023-07-09T15:49:53.688+0000] {dagbag.py:538} INFO - Filling up the DagBag from /home/ubuntu/venv/lib/python3.10/site-packages/airflow/example_dags/example_sla_dag.py
[2023-07-09T15:49:53.719+0000] {processor.py:753} INFO - DAG(s) dict_keys(['example_sla_dag']) retrieved from /home/ubuntu/venv/lib/python3.10/site-packages/airflow/example_dags/example_sla_dag.py
[2023-07-09T15:49:53.779+0000] {logging_mixin.py:137} INFO - [2023-07-09T15:49:53.779+0000] {dag.py:2676} INFO - Sync 1 DAGs
[2023-07-09T15:49:53.814+0000] {logging_mixin.py:137} INFO - [2023-07-09T15:49:53.814+0000] {dag.py:3423} INFO - Setting next_dagrun for example_sla_dag to 2023-07-09T15:46:00+00:00, run_after=2023-07-09T15:48:00+00:00
[2023-07-09T15:49:53.836+0000] {processor.py:175} INFO - Processing /home/ubuntu/venv/lib/python3.10/site-packages/airflow/example_dags/example_sla_dag.py took 0.154 seconds
[2023-07-09T15:50:24.883+0000] {processor.py:153} INFO - Started process (PID=2457) to work on /home/ubuntu/venv/lib/python3.10/site-packages/airflow/example_dags/example_sla_dag.py
[2023-07-09T15:50:24.884+0000] {processor.py:743} INFO - Processing file /home/ubuntu/venv/lib/python3.10/site-packages/airflow/example_dags/example_sla_dag.py for tasks to queue
[2023-07-09T15:50:24.885+0000] {logging_mixin.py:137} INFO - [2023-07-09T15:50:24.885+0000] {dagbag.py:538} INFO - Filling up the DagBag from /home/ubuntu/venv/lib/python3.10/site-packages/airflow/example_dags/example_sla_dag.py
[2023-07-09T15:50:24.924+0000] {processor.py:753} INFO - DAG(s) dict_keys(['example_sla_dag']) retrieved from /home/ubuntu/venv/lib/python3.10/site-packages/airflow/example_dags/example_sla_dag.py
[2023-07-09T15:50:25.013+0000] {logging_mixin.py:137} INFO - [2023-07-09T15:50:25.013+0000] {dag.py:2676} INFO - Sync 1 DAGs
[2023-07-09T15:50:25.061+0000] {logging_mixin.py:137} INFO - [2023-07-09T15:50:25.060+0000] {dag.py:3423} INFO - Setting next_dagrun for example_sla_dag to 2023-07-09T15:48:00+00:00, run_after=2023-07-09T15:50:00+00:00
[2023-07-09T15:50:25.098+0000] {processor.py:175} INFO - Processing /home/ubuntu/venv/lib/python3.10/site-packages/airflow/example_dags/example_sla_dag.py took 0.226 seconds
[2023-07-09T16:47:18.077+0000] {processor.py:153} INFO - Started process (PID=3526) to work on /home/ubuntu/venv/lib/python3.10/site-packages/airflow/example_dags/example_sla_dag.py
[2023-07-09T16:47:18.079+0000] {processor.py:743} INFO - Processing file /home/ubuntu/venv/lib/python3.10/site-packages/airflow/example_dags/example_sla_dag.py for tasks to queue
[2023-07-09T16:47:18.080+0000] {logging_mixin.py:137} INFO - [2023-07-09T16:47:18.080+0000] {dagbag.py:538} INFO - Filling up the DagBag from /home/ubuntu/venv/lib/python3.10/site-packages/airflow/example_dags/example_sla_dag.py
[2023-07-09T16:47:18.151+0000] {processor.py:753} INFO - DAG(s) dict_keys(['example_sla_dag']) retrieved from /home/ubuntu/venv/lib/python3.10/site-packages/airflow/example_dags/example_sla_dag.py
[2023-07-09T16:47:18.273+0000] {logging_mixin.py:137} INFO - [2023-07-09T16:47:18.272+0000] {dag.py:2676} INFO - Sync 1 DAGs
[2023-07-09T16:47:18.355+0000] {logging_mixin.py:137} INFO - [2023-07-09T16:47:18.354+0000] {dag.py:3423} INFO - Setting next_dagrun for example_sla_dag to 2023-07-09T16:44:00+00:00, run_after=2023-07-09T16:46:00+00:00
[2023-07-09T16:47:18.429+0000] {processor.py:175} INFO - Processing /home/ubuntu/venv/lib/python3.10/site-packages/airflow/example_dags/example_sla_dag.py took 0.355 seconds
[2023-07-09T16:47:48.574+0000] {processor.py:153} INFO - Started process (PID=3888) to work on /home/ubuntu/venv/lib/python3.10/site-packages/airflow/example_dags/example_sla_dag.py
[2023-07-09T16:47:48.576+0000] {processor.py:743} INFO - Processing file /home/ubuntu/venv/lib/python3.10/site-packages/airflow/example_dags/example_sla_dag.py for tasks to queue
[2023-07-09T16:47:48.590+0000] {logging_mixin.py:137} INFO - [2023-07-09T16:47:48.590+0000] {dagbag.py:538} INFO - Filling up the DagBag from /home/ubuntu/venv/lib/python3.10/site-packages/airflow/example_dags/example_sla_dag.py
[2023-07-09T16:47:48.710+0000] {processor.py:753} INFO - DAG(s) dict_keys(['example_sla_dag']) retrieved from /home/ubuntu/venv/lib/python3.10/site-packages/airflow/example_dags/example_sla_dag.py
[2023-07-09T16:47:48.782+0000] {logging_mixin.py:137} INFO - [2023-07-09T16:47:48.781+0000] {dag.py:2676} INFO - Sync 1 DAGs
[2023-07-09T16:47:48.822+0000] {logging_mixin.py:137} INFO - [2023-07-09T16:47:48.822+0000] {dag.py:3423} INFO - Setting next_dagrun for example_sla_dag to 2023-07-09T16:44:00+00:00, run_after=2023-07-09T16:46:00+00:00
[2023-07-09T16:47:48.849+0000] {processor.py:175} INFO - Processing /home/ubuntu/venv/lib/python3.10/site-packages/airflow/example_dags/example_sla_dag.py took 0.279 seconds
[2023-07-09T16:48:19.465+0000] {processor.py:153} INFO - Started process (PID=4123) to work on /home/ubuntu/venv/lib/python3.10/site-packages/airflow/example_dags/example_sla_dag.py
[2023-07-09T16:48:19.467+0000] {processor.py:743} INFO - Processing file /home/ubuntu/venv/lib/python3.10/site-packages/airflow/example_dags/example_sla_dag.py for tasks to queue
[2023-07-09T16:48:19.468+0000] {logging_mixin.py:137} INFO - [2023-07-09T16:48:19.468+0000] {dagbag.py:538} INFO - Filling up the DagBag from /home/ubuntu/venv/lib/python3.10/site-packages/airflow/example_dags/example_sla_dag.py
[2023-07-09T16:48:19.508+0000] {processor.py:753} INFO - DAG(s) dict_keys(['example_sla_dag']) retrieved from /home/ubuntu/venv/lib/python3.10/site-packages/airflow/example_dags/example_sla_dag.py
[2023-07-09T16:48:19.597+0000] {logging_mixin.py:137} INFO - [2023-07-09T16:48:19.596+0000] {dag.py:2676} INFO - Sync 1 DAGs
[2023-07-09T16:48:19.670+0000] {logging_mixin.py:137} INFO - [2023-07-09T16:48:19.670+0000] {dag.py:3423} INFO - Setting next_dagrun for example_sla_dag to 2023-07-09T16:46:00+00:00, run_after=2023-07-09T16:48:00+00:00
[2023-07-09T16:48:19.699+0000] {processor.py:175} INFO - Processing /home/ubuntu/venv/lib/python3.10/site-packages/airflow/example_dags/example_sla_dag.py took 0.238 seconds
[2023-07-09T16:48:50.361+0000] {processor.py:153} INFO - Started process (PID=4359) to work on /home/ubuntu/venv/lib/python3.10/site-packages/airflow/example_dags/example_sla_dag.py
[2023-07-09T16:48:50.362+0000] {processor.py:743} INFO - Processing file /home/ubuntu/venv/lib/python3.10/site-packages/airflow/example_dags/example_sla_dag.py for tasks to queue
[2023-07-09T16:48:50.363+0000] {logging_mixin.py:137} INFO - [2023-07-09T16:48:50.363+0000] {dagbag.py:538} INFO - Filling up the DagBag from /home/ubuntu/venv/lib/python3.10/site-packages/airflow/example_dags/example_sla_dag.py
[2023-07-09T16:48:50.484+0000] {processor.py:753} INFO - DAG(s) dict_keys(['example_sla_dag']) retrieved from /home/ubuntu/venv/lib/python3.10/site-packages/airflow/example_dags/example_sla_dag.py
[2023-07-09T16:48:50.604+0000] {logging_mixin.py:137} INFO - [2023-07-09T16:48:50.604+0000] {dag.py:2676} INFO - Sync 1 DAGs
[2023-07-09T16:48:50.642+0000] {logging_mixin.py:137} INFO - [2023-07-09T16:48:50.642+0000] {dag.py:3423} INFO - Setting next_dagrun for example_sla_dag to 2023-07-09T16:46:00+00:00, run_after=2023-07-09T16:48:00+00:00
[2023-07-09T16:48:50.678+0000] {processor.py:175} INFO - Processing /home/ubuntu/venv/lib/python3.10/site-packages/airflow/example_dags/example_sla_dag.py took 0.322 seconds
[2023-07-09T16:49:21.193+0000] {processor.py:153} INFO - Started process (PID=4594) to work on /home/ubuntu/venv/lib/python3.10/site-packages/airflow/example_dags/example_sla_dag.py
[2023-07-09T16:49:21.197+0000] {processor.py:743} INFO - Processing file /home/ubuntu/venv/lib/python3.10/site-packages/airflow/example_dags/example_sla_dag.py for tasks to queue
[2023-07-09T16:49:21.198+0000] {logging_mixin.py:137} INFO - [2023-07-09T16:49:21.197+0000] {dagbag.py:538} INFO - Filling up the DagBag from /home/ubuntu/venv/lib/python3.10/site-packages/airflow/example_dags/example_sla_dag.py
[2023-07-09T16:49:21.239+0000] {processor.py:753} INFO - DAG(s) dict_keys(['example_sla_dag']) retrieved from /home/ubuntu/venv/lib/python3.10/site-packages/airflow/example_dags/example_sla_dag.py
[2023-07-09T16:49:21.304+0000] {logging_mixin.py:137} INFO - [2023-07-09T16:49:21.304+0000] {dag.py:2676} INFO - Sync 1 DAGs
[2023-07-09T16:49:21.350+0000] {logging_mixin.py:137} INFO - [2023-07-09T16:49:21.349+0000] {dag.py:3423} INFO - Setting next_dagrun for example_sla_dag to 2023-07-09T16:46:00+00:00, run_after=2023-07-09T16:48:00+00:00
[2023-07-09T16:49:21.373+0000] {processor.py:175} INFO - Processing /home/ubuntu/venv/lib/python3.10/site-packages/airflow/example_dags/example_sla_dag.py took 0.184 seconds
[2023-07-09T16:49:52.444+0000] {processor.py:153} INFO - Started process (PID=4830) to work on /home/ubuntu/venv/lib/python3.10/site-packages/airflow/example_dags/example_sla_dag.py
[2023-07-09T16:49:52.445+0000] {processor.py:743} INFO - Processing file /home/ubuntu/venv/lib/python3.10/site-packages/airflow/example_dags/example_sla_dag.py for tasks to queue
[2023-07-09T16:49:52.446+0000] {logging_mixin.py:137} INFO - [2023-07-09T16:49:52.446+0000] {dagbag.py:538} INFO - Filling up the DagBag from /home/ubuntu/venv/lib/python3.10/site-packages/airflow/example_dags/example_sla_dag.py
[2023-07-09T16:49:52.482+0000] {processor.py:753} INFO - DAG(s) dict_keys(['example_sla_dag']) retrieved from /home/ubuntu/venv/lib/python3.10/site-packages/airflow/example_dags/example_sla_dag.py
[2023-07-09T16:49:52.557+0000] {logging_mixin.py:137} INFO - [2023-07-09T16:49:52.557+0000] {dag.py:2676} INFO - Sync 1 DAGs
[2023-07-09T16:49:52.594+0000] {logging_mixin.py:137} INFO - [2023-07-09T16:49:52.593+0000] {dag.py:3423} INFO - Setting next_dagrun for example_sla_dag to 2023-07-09T16:46:00+00:00, run_after=2023-07-09T16:48:00+00:00
[2023-07-09T16:49:52.617+0000] {processor.py:175} INFO - Processing /home/ubuntu/venv/lib/python3.10/site-packages/airflow/example_dags/example_sla_dag.py took 0.177 seconds
[2023-07-09T16:50:23.307+0000] {processor.py:153} INFO - Started process (PID=5067) to work on /home/ubuntu/venv/lib/python3.10/site-packages/airflow/example_dags/example_sla_dag.py
[2023-07-09T16:50:23.309+0000] {processor.py:743} INFO - Processing file /home/ubuntu/venv/lib/python3.10/site-packages/airflow/example_dags/example_sla_dag.py for tasks to queue
[2023-07-09T16:50:23.310+0000] {logging_mixin.py:137} INFO - [2023-07-09T16:50:23.310+0000] {dagbag.py:538} INFO - Filling up the DagBag from /home/ubuntu/venv/lib/python3.10/site-packages/airflow/example_dags/example_sla_dag.py
[2023-07-09T16:50:23.370+0000] {processor.py:753} INFO - DAG(s) dict_keys(['example_sla_dag']) retrieved from /home/ubuntu/venv/lib/python3.10/site-packages/airflow/example_dags/example_sla_dag.py
[2023-07-09T16:50:23.445+0000] {logging_mixin.py:137} INFO - [2023-07-09T16:50:23.445+0000] {dag.py:2676} INFO - Sync 1 DAGs
[2023-07-09T16:50:23.490+0000] {logging_mixin.py:137} INFO - [2023-07-09T16:50:23.490+0000] {dag.py:3423} INFO - Setting next_dagrun for example_sla_dag to 2023-07-09T16:48:00+00:00, run_after=2023-07-09T16:50:00+00:00
[2023-07-09T16:50:23.514+0000] {processor.py:175} INFO - Processing /home/ubuntu/venv/lib/python3.10/site-packages/airflow/example_dags/example_sla_dag.py took 0.211 seconds
[2023-07-09T16:50:54.320+0000] {processor.py:153} INFO - Started process (PID=5365) to work on /home/ubuntu/venv/lib/python3.10/site-packages/airflow/example_dags/example_sla_dag.py
[2023-07-09T16:50:54.321+0000] {processor.py:743} INFO - Processing file /home/ubuntu/venv/lib/python3.10/site-packages/airflow/example_dags/example_sla_dag.py for tasks to queue
[2023-07-09T16:50:54.322+0000] {logging_mixin.py:137} INFO - [2023-07-09T16:50:54.322+0000] {dagbag.py:538} INFO - Filling up the DagBag from /home/ubuntu/venv/lib/python3.10/site-packages/airflow/example_dags/example_sla_dag.py
[2023-07-09T16:50:54.358+0000] {processor.py:753} INFO - DAG(s) dict_keys(['example_sla_dag']) retrieved from /home/ubuntu/venv/lib/python3.10/site-packages/airflow/example_dags/example_sla_dag.py
[2023-07-09T16:50:54.431+0000] {logging_mixin.py:137} INFO - [2023-07-09T16:50:54.431+0000] {dag.py:2676} INFO - Sync 1 DAGs
[2023-07-09T16:50:54.473+0000] {logging_mixin.py:137} INFO - [2023-07-09T16:50:54.473+0000] {dag.py:3423} INFO - Setting next_dagrun for example_sla_dag to 2023-07-09T16:48:00+00:00, run_after=2023-07-09T16:50:00+00:00
[2023-07-09T16:50:54.508+0000] {processor.py:175} INFO - Processing /home/ubuntu/venv/lib/python3.10/site-packages/airflow/example_dags/example_sla_dag.py took 0.194 seconds
[2023-07-09T16:54:55.406+0000] {processor.py:153} INFO - Started process (PID=5839) to work on /home/ubuntu/venv/lib/python3.10/site-packages/airflow/example_dags/example_sla_dag.py
[2023-07-09T16:54:55.408+0000] {processor.py:743} INFO - Processing file /home/ubuntu/venv/lib/python3.10/site-packages/airflow/example_dags/example_sla_dag.py for tasks to queue
[2023-07-09T16:54:55.409+0000] {logging_mixin.py:137} INFO - [2023-07-09T16:54:55.409+0000] {dagbag.py:538} INFO - Filling up the DagBag from /home/ubuntu/venv/lib/python3.10/site-packages/airflow/example_dags/example_sla_dag.py
[2023-07-09T16:54:55.453+0000] {processor.py:753} INFO - DAG(s) dict_keys(['example_sla_dag']) retrieved from /home/ubuntu/venv/lib/python3.10/site-packages/airflow/example_dags/example_sla_dag.py
[2023-07-09T16:54:55.565+0000] {logging_mixin.py:137} INFO - [2023-07-09T16:54:55.565+0000] {dag.py:2676} INFO - Sync 1 DAGs
[2023-07-09T16:54:55.626+0000] {logging_mixin.py:137} INFO - [2023-07-09T16:54:55.626+0000] {dag.py:3423} INFO - Setting next_dagrun for example_sla_dag to 2023-07-09T16:52:00+00:00, run_after=2023-07-09T16:54:00+00:00
[2023-07-09T16:54:55.667+0000] {processor.py:175} INFO - Processing /home/ubuntu/venv/lib/python3.10/site-packages/airflow/example_dags/example_sla_dag.py took 0.265 seconds
[2023-07-09T16:55:25.845+0000] {processor.py:153} INFO - Started process (PID=6098) to work on /home/ubuntu/venv/lib/python3.10/site-packages/airflow/example_dags/example_sla_dag.py
[2023-07-09T16:55:25.846+0000] {processor.py:743} INFO - Processing file /home/ubuntu/venv/lib/python3.10/site-packages/airflow/example_dags/example_sla_dag.py for tasks to queue
[2023-07-09T16:55:25.847+0000] {logging_mixin.py:137} INFO - [2023-07-09T16:55:25.847+0000] {dagbag.py:538} INFO - Filling up the DagBag from /home/ubuntu/venv/lib/python3.10/site-packages/airflow/example_dags/example_sla_dag.py
[2023-07-09T16:55:25.880+0000] {processor.py:753} INFO - DAG(s) dict_keys(['example_sla_dag']) retrieved from /home/ubuntu/venv/lib/python3.10/site-packages/airflow/example_dags/example_sla_dag.py
[2023-07-09T16:55:25.955+0000] {logging_mixin.py:137} INFO - [2023-07-09T16:55:25.955+0000] {dag.py:2676} INFO - Sync 1 DAGs
[2023-07-09T16:55:25.998+0000] {logging_mixin.py:137} INFO - [2023-07-09T16:55:25.998+0000] {dag.py:3423} INFO - Setting next_dagrun for example_sla_dag to 2023-07-09T16:52:00+00:00, run_after=2023-07-09T16:54:00+00:00
[2023-07-09T16:55:26.065+0000] {processor.py:175} INFO - Processing /home/ubuntu/venv/lib/python3.10/site-packages/airflow/example_dags/example_sla_dag.py took 0.224 seconds
[2023-07-09T16:55:56.219+0000] {processor.py:153} INFO - Started process (PID=6334) to work on /home/ubuntu/venv/lib/python3.10/site-packages/airflow/example_dags/example_sla_dag.py
[2023-07-09T16:55:56.225+0000] {processor.py:743} INFO - Processing file /home/ubuntu/venv/lib/python3.10/site-packages/airflow/example_dags/example_sla_dag.py for tasks to queue
[2023-07-09T16:55:56.226+0000] {logging_mixin.py:137} INFO - [2023-07-09T16:55:56.225+0000] {dagbag.py:538} INFO - Filling up the DagBag from /home/ubuntu/venv/lib/python3.10/site-packages/airflow/example_dags/example_sla_dag.py
[2023-07-09T16:55:56.262+0000] {processor.py:753} INFO - DAG(s) dict_keys(['example_sla_dag']) retrieved from /home/ubuntu/venv/lib/python3.10/site-packages/airflow/example_dags/example_sla_dag.py
[2023-07-09T16:55:56.330+0000] {logging_mixin.py:137} INFO - [2023-07-09T16:55:56.329+0000] {dag.py:2676} INFO - Sync 1 DAGs
[2023-07-09T16:55:56.368+0000] {logging_mixin.py:137} INFO - [2023-07-09T16:55:56.368+0000] {dag.py:3423} INFO - Setting next_dagrun for example_sla_dag to 2023-07-09T16:52:00+00:00, run_after=2023-07-09T16:54:00+00:00
[2023-07-09T16:55:56.395+0000] {processor.py:175} INFO - Processing /home/ubuntu/venv/lib/python3.10/site-packages/airflow/example_dags/example_sla_dag.py took 0.181 seconds
[2023-07-09T16:56:26.924+0000] {processor.py:153} INFO - Started process (PID=6571) to work on /home/ubuntu/venv/lib/python3.10/site-packages/airflow/example_dags/example_sla_dag.py
[2023-07-09T16:56:26.925+0000] {processor.py:743} INFO - Processing file /home/ubuntu/venv/lib/python3.10/site-packages/airflow/example_dags/example_sla_dag.py for tasks to queue
[2023-07-09T16:56:26.925+0000] {logging_mixin.py:137} INFO - [2023-07-09T16:56:26.925+0000] {dagbag.py:538} INFO - Filling up the DagBag from /home/ubuntu/venv/lib/python3.10/site-packages/airflow/example_dags/example_sla_dag.py
[2023-07-09T16:56:26.952+0000] {processor.py:753} INFO - DAG(s) dict_keys(['example_sla_dag']) retrieved from /home/ubuntu/venv/lib/python3.10/site-packages/airflow/example_dags/example_sla_dag.py
[2023-07-09T16:56:27.015+0000] {logging_mixin.py:137} INFO - [2023-07-09T16:56:27.015+0000] {dag.py:2676} INFO - Sync 1 DAGs
[2023-07-09T16:56:27.048+0000] {logging_mixin.py:137} INFO - [2023-07-09T16:56:27.048+0000] {dag.py:3423} INFO - Setting next_dagrun for example_sla_dag to 2023-07-09T16:54:00+00:00, run_after=2023-07-09T16:56:00+00:00
[2023-07-09T16:56:27.065+0000] {processor.py:175} INFO - Processing /home/ubuntu/venv/lib/python3.10/site-packages/airflow/example_dags/example_sla_dag.py took 0.145 seconds
[2023-07-09T16:56:57.749+0000] {processor.py:153} INFO - Started process (PID=6828) to work on /home/ubuntu/venv/lib/python3.10/site-packages/airflow/example_dags/example_sla_dag.py
[2023-07-09T16:56:57.750+0000] {processor.py:743} INFO - Processing file /home/ubuntu/venv/lib/python3.10/site-packages/airflow/example_dags/example_sla_dag.py for tasks to queue
[2023-07-09T16:56:57.750+0000] {logging_mixin.py:137} INFO - [2023-07-09T16:56:57.750+0000] {dagbag.py:538} INFO - Filling up the DagBag from /home/ubuntu/venv/lib/python3.10/site-packages/airflow/example_dags/example_sla_dag.py
[2023-07-09T16:56:57.779+0000] {processor.py:753} INFO - DAG(s) dict_keys(['example_sla_dag']) retrieved from /home/ubuntu/venv/lib/python3.10/site-packages/airflow/example_dags/example_sla_dag.py
[2023-07-09T16:56:57.850+0000] {logging_mixin.py:137} INFO - [2023-07-09T16:56:57.849+0000] {dag.py:2676} INFO - Sync 1 DAGs
[2023-07-09T16:56:57.890+0000] {logging_mixin.py:137} INFO - [2023-07-09T16:56:57.890+0000] {dag.py:3423} INFO - Setting next_dagrun for example_sla_dag to 2023-07-09T16:54:00+00:00, run_after=2023-07-09T16:56:00+00:00
[2023-07-09T16:56:57.920+0000] {processor.py:175} INFO - Processing /home/ubuntu/venv/lib/python3.10/site-packages/airflow/example_dags/example_sla_dag.py took 0.175 seconds
[2023-07-09T16:57:29.012+0000] {processor.py:153} INFO - Started process (PID=7060) to work on /home/ubuntu/venv/lib/python3.10/site-packages/airflow/example_dags/example_sla_dag.py
[2023-07-09T16:57:29.015+0000] {processor.py:743} INFO - Processing file /home/ubuntu/venv/lib/python3.10/site-packages/airflow/example_dags/example_sla_dag.py for tasks to queue
[2023-07-09T16:57:29.016+0000] {logging_mixin.py:137} INFO - [2023-07-09T16:57:29.016+0000] {dagbag.py:538} INFO - Filling up the DagBag from /home/ubuntu/venv/lib/python3.10/site-packages/airflow/example_dags/example_sla_dag.py
[2023-07-09T16:57:29.057+0000] {processor.py:753} INFO - DAG(s) dict_keys(['example_sla_dag']) retrieved from /home/ubuntu/venv/lib/python3.10/site-packages/airflow/example_dags/example_sla_dag.py
[2023-07-09T16:57:29.143+0000] {logging_mixin.py:137} INFO - [2023-07-09T16:57:29.142+0000] {dag.py:2676} INFO - Sync 1 DAGs
[2023-07-09T16:57:29.201+0000] {logging_mixin.py:137} INFO - [2023-07-09T16:57:29.201+0000] {dag.py:3423} INFO - Setting next_dagrun for example_sla_dag to 2023-07-09T16:54:00+00:00, run_after=2023-07-09T16:56:00+00:00
[2023-07-09T16:57:29.231+0000] {processor.py:175} INFO - Processing /home/ubuntu/venv/lib/python3.10/site-packages/airflow/example_dags/example_sla_dag.py took 0.232 seconds
[2023-07-09T16:57:59.862+0000] {processor.py:153} INFO - Started process (PID=7296) to work on /home/ubuntu/venv/lib/python3.10/site-packages/airflow/example_dags/example_sla_dag.py
[2023-07-09T16:57:59.863+0000] {processor.py:743} INFO - Processing file /home/ubuntu/venv/lib/python3.10/site-packages/airflow/example_dags/example_sla_dag.py for tasks to queue
[2023-07-09T16:57:59.864+0000] {logging_mixin.py:137} INFO - [2023-07-09T16:57:59.864+0000] {dagbag.py:538} INFO - Filling up the DagBag from /home/ubuntu/venv/lib/python3.10/site-packages/airflow/example_dags/example_sla_dag.py
[2023-07-09T16:57:59.903+0000] {processor.py:753} INFO - DAG(s) dict_keys(['example_sla_dag']) retrieved from /home/ubuntu/venv/lib/python3.10/site-packages/airflow/example_dags/example_sla_dag.py
[2023-07-09T16:57:59.981+0000] {logging_mixin.py:137} INFO - [2023-07-09T16:57:59.980+0000] {dag.py:2676} INFO - Sync 1 DAGs
[2023-07-09T16:58:00.054+0000] {logging_mixin.py:137} INFO - [2023-07-09T16:58:00.054+0000] {dag.py:3423} INFO - Setting next_dagrun for example_sla_dag to 2023-07-09T16:56:00+00:00, run_after=2023-07-09T16:58:00+00:00
[2023-07-09T16:58:00.103+0000] {processor.py:175} INFO - Processing /home/ubuntu/venv/lib/python3.10/site-packages/airflow/example_dags/example_sla_dag.py took 0.246 seconds
[2023-07-09T16:58:30.960+0000] {processor.py:153} INFO - Started process (PID=7533) to work on /home/ubuntu/venv/lib/python3.10/site-packages/airflow/example_dags/example_sla_dag.py
[2023-07-09T16:58:30.961+0000] {processor.py:743} INFO - Processing file /home/ubuntu/venv/lib/python3.10/site-packages/airflow/example_dags/example_sla_dag.py for tasks to queue
[2023-07-09T16:58:30.963+0000] {logging_mixin.py:137} INFO - [2023-07-09T16:58:30.963+0000] {dagbag.py:538} INFO - Filling up the DagBag from /home/ubuntu/venv/lib/python3.10/site-packages/airflow/example_dags/example_sla_dag.py
[2023-07-09T16:58:31.004+0000] {processor.py:753} INFO - DAG(s) dict_keys(['example_sla_dag']) retrieved from /home/ubuntu/venv/lib/python3.10/site-packages/airflow/example_dags/example_sla_dag.py
[2023-07-09T16:58:31.074+0000] {logging_mixin.py:137} INFO - [2023-07-09T16:58:31.074+0000] {dag.py:2676} INFO - Sync 1 DAGs
[2023-07-09T16:58:31.109+0000] {logging_mixin.py:137} INFO - [2023-07-09T16:58:31.109+0000] {dag.py:3423} INFO - Setting next_dagrun for example_sla_dag to 2023-07-09T16:56:00+00:00, run_after=2023-07-09T16:58:00+00:00
[2023-07-09T16:58:31.142+0000] {processor.py:175} INFO - Processing /home/ubuntu/venv/lib/python3.10/site-packages/airflow/example_dags/example_sla_dag.py took 0.187 seconds
[2023-07-09T16:59:03.570+0000] {processor.py:153} INFO - Started process (PID=7767) to work on /home/ubuntu/venv/lib/python3.10/site-packages/airflow/example_dags/example_sla_dag.py
[2023-07-09T16:59:03.571+0000] {processor.py:743} INFO - Processing file /home/ubuntu/venv/lib/python3.10/site-packages/airflow/example_dags/example_sla_dag.py for tasks to queue
[2023-07-09T16:59:03.572+0000] {logging_mixin.py:137} INFO - [2023-07-09T16:59:03.572+0000] {dagbag.py:538} INFO - Filling up the DagBag from /home/ubuntu/venv/lib/python3.10/site-packages/airflow/example_dags/example_sla_dag.py
[2023-07-09T16:59:03.609+0000] {processor.py:753} INFO - DAG(s) dict_keys(['example_sla_dag']) retrieved from /home/ubuntu/venv/lib/python3.10/site-packages/airflow/example_dags/example_sla_dag.py
[2023-07-09T16:59:03.678+0000] {logging_mixin.py:137} INFO - [2023-07-09T16:59:03.678+0000] {dag.py:2676} INFO - Sync 1 DAGs
[2023-07-09T16:59:03.907+0000] {logging_mixin.py:137} INFO - [2023-07-09T16:59:03.907+0000] {dag.py:3423} INFO - Setting next_dagrun for example_sla_dag to 2023-07-09T16:56:00+00:00, run_after=2023-07-09T16:58:00+00:00
[2023-07-09T16:59:03.931+0000] {processor.py:175} INFO - Processing /home/ubuntu/venv/lib/python3.10/site-packages/airflow/example_dags/example_sla_dag.py took 0.366 seconds
[2023-07-09T16:59:34.368+0000] {processor.py:153} INFO - Started process (PID=8006) to work on /home/ubuntu/venv/lib/python3.10/site-packages/airflow/example_dags/example_sla_dag.py
[2023-07-09T16:59:34.369+0000] {processor.py:743} INFO - Processing file /home/ubuntu/venv/lib/python3.10/site-packages/airflow/example_dags/example_sla_dag.py for tasks to queue
[2023-07-09T16:59:34.370+0000] {logging_mixin.py:137} INFO - [2023-07-09T16:59:34.370+0000] {dagbag.py:538} INFO - Filling up the DagBag from /home/ubuntu/venv/lib/python3.10/site-packages/airflow/example_dags/example_sla_dag.py
[2023-07-09T16:59:34.409+0000] {processor.py:753} INFO - DAG(s) dict_keys(['example_sla_dag']) retrieved from /home/ubuntu/venv/lib/python3.10/site-packages/airflow/example_dags/example_sla_dag.py
[2023-07-09T16:59:34.506+0000] {logging_mixin.py:137} INFO - [2023-07-09T16:59:34.505+0000] {dag.py:2676} INFO - Sync 1 DAGs
[2023-07-09T16:59:34.727+0000] {logging_mixin.py:137} INFO - [2023-07-09T16:59:34.727+0000] {dag.py:3423} INFO - Setting next_dagrun for example_sla_dag to 2023-07-09T16:56:00+00:00, run_after=2023-07-09T16:58:00+00:00
[2023-07-09T16:59:34.750+0000] {processor.py:175} INFO - Processing /home/ubuntu/venv/lib/python3.10/site-packages/airflow/example_dags/example_sla_dag.py took 0.388 seconds
[2023-07-09T17:00:32.153+0000] {processor.py:153} INFO - Started process (PID=8670) to work on /home/ubuntu/venv/lib/python3.10/site-packages/airflow/example_dags/example_sla_dag.py
[2023-07-09T17:00:32.155+0000] {processor.py:743} INFO - Processing file /home/ubuntu/venv/lib/python3.10/site-packages/airflow/example_dags/example_sla_dag.py for tasks to queue
[2023-07-09T17:00:32.156+0000] {logging_mixin.py:137} INFO - [2023-07-09T17:00:32.156+0000] {dagbag.py:538} INFO - Filling up the DagBag from /home/ubuntu/venv/lib/python3.10/site-packages/airflow/example_dags/example_sla_dag.py
[2023-07-09T17:00:32.188+0000] {processor.py:753} INFO - DAG(s) dict_keys(['example_sla_dag']) retrieved from /home/ubuntu/venv/lib/python3.10/site-packages/airflow/example_dags/example_sla_dag.py
[2023-07-09T17:00:32.257+0000] {logging_mixin.py:137} INFO - [2023-07-09T17:00:32.257+0000] {dag.py:2676} INFO - Sync 1 DAGs
[2023-07-09T17:00:32.292+0000] {logging_mixin.py:137} INFO - [2023-07-09T17:00:32.292+0000] {dag.py:3423} INFO - Setting next_dagrun for example_sla_dag to 2023-07-09T16:58:00+00:00, run_after=2023-07-09T17:00:00+00:00
[2023-07-09T17:00:32.316+0000] {processor.py:175} INFO - Processing /home/ubuntu/venv/lib/python3.10/site-packages/airflow/example_dags/example_sla_dag.py took 0.167 seconds
[2023-07-09T17:01:03.493+0000] {processor.py:153} INFO - Started process (PID=8929) to work on /home/ubuntu/venv/lib/python3.10/site-packages/airflow/example_dags/example_sla_dag.py
[2023-07-09T17:01:03.494+0000] {processor.py:743} INFO - Processing file /home/ubuntu/venv/lib/python3.10/site-packages/airflow/example_dags/example_sla_dag.py for tasks to queue
[2023-07-09T17:01:03.495+0000] {logging_mixin.py:137} INFO - [2023-07-09T17:01:03.495+0000] {dagbag.py:538} INFO - Filling up the DagBag from /home/ubuntu/venv/lib/python3.10/site-packages/airflow/example_dags/example_sla_dag.py
[2023-07-09T17:01:03.533+0000] {processor.py:753} INFO - DAG(s) dict_keys(['example_sla_dag']) retrieved from /home/ubuntu/venv/lib/python3.10/site-packages/airflow/example_dags/example_sla_dag.py
[2023-07-09T17:01:03.618+0000] {logging_mixin.py:137} INFO - [2023-07-09T17:01:03.617+0000] {dag.py:2676} INFO - Sync 1 DAGs
[2023-07-09T17:01:03.685+0000] {logging_mixin.py:137} INFO - [2023-07-09T17:01:03.685+0000] {dag.py:3423} INFO - Setting next_dagrun for example_sla_dag to 2023-07-09T16:58:00+00:00, run_after=2023-07-09T17:00:00+00:00
[2023-07-09T17:01:03.726+0000] {processor.py:175} INFO - Processing /home/ubuntu/venv/lib/python3.10/site-packages/airflow/example_dags/example_sla_dag.py took 0.238 seconds
[2023-07-09T17:01:34.360+0000] {processor.py:153} INFO - Started process (PID=9165) to work on /home/ubuntu/venv/lib/python3.10/site-packages/airflow/example_dags/example_sla_dag.py
[2023-07-09T17:01:34.361+0000] {processor.py:743} INFO - Processing file /home/ubuntu/venv/lib/python3.10/site-packages/airflow/example_dags/example_sla_dag.py for tasks to queue
[2023-07-09T17:01:34.362+0000] {logging_mixin.py:137} INFO - [2023-07-09T17:01:34.362+0000] {dagbag.py:538} INFO - Filling up the DagBag from /home/ubuntu/venv/lib/python3.10/site-packages/airflow/example_dags/example_sla_dag.py
[2023-07-09T17:01:34.398+0000] {processor.py:753} INFO - DAG(s) dict_keys(['example_sla_dag']) retrieved from /home/ubuntu/venv/lib/python3.10/site-packages/airflow/example_dags/example_sla_dag.py
[2023-07-09T17:01:34.495+0000] {logging_mixin.py:137} INFO - [2023-07-09T17:01:34.495+0000] {dag.py:2676} INFO - Sync 1 DAGs
[2023-07-09T17:01:34.537+0000] {logging_mixin.py:137} INFO - [2023-07-09T17:01:34.537+0000] {dag.py:3423} INFO - Setting next_dagrun for example_sla_dag to 2023-07-09T16:58:00+00:00, run_after=2023-07-09T17:00:00+00:00
[2023-07-09T17:01:34.563+0000] {processor.py:175} INFO - Processing /home/ubuntu/venv/lib/python3.10/site-packages/airflow/example_dags/example_sla_dag.py took 0.207 seconds
[2023-07-09T17:02:05.364+0000] {processor.py:153} INFO - Started process (PID=9420) to work on /home/ubuntu/venv/lib/python3.10/site-packages/airflow/example_dags/example_sla_dag.py
[2023-07-09T17:02:05.365+0000] {processor.py:743} INFO - Processing file /home/ubuntu/venv/lib/python3.10/site-packages/airflow/example_dags/example_sla_dag.py for tasks to queue
[2023-07-09T17:02:05.366+0000] {logging_mixin.py:137} INFO - [2023-07-09T17:02:05.366+0000] {dagbag.py:538} INFO - Filling up the DagBag from /home/ubuntu/venv/lib/python3.10/site-packages/airflow/example_dags/example_sla_dag.py
[2023-07-09T17:02:05.403+0000] {processor.py:753} INFO - DAG(s) dict_keys(['example_sla_dag']) retrieved from /home/ubuntu/venv/lib/python3.10/site-packages/airflow/example_dags/example_sla_dag.py
[2023-07-09T17:02:05.483+0000] {logging_mixin.py:137} INFO - [2023-07-09T17:02:05.482+0000] {dag.py:2676} INFO - Sync 1 DAGs
[2023-07-09T17:02:05.524+0000] {logging_mixin.py:137} INFO - [2023-07-09T17:02:05.524+0000] {dag.py:3423} INFO - Setting next_dagrun for example_sla_dag to 2023-07-09T17:00:00+00:00, run_after=2023-07-09T17:02:00+00:00
[2023-07-09T17:02:05.566+0000] {processor.py:175} INFO - Processing /home/ubuntu/venv/lib/python3.10/site-packages/airflow/example_dags/example_sla_dag.py took 0.206 seconds
[2023-07-09T17:02:36.160+0000] {processor.py:153} INFO - Started process (PID=9657) to work on /home/ubuntu/venv/lib/python3.10/site-packages/airflow/example_dags/example_sla_dag.py
[2023-07-09T17:02:36.161+0000] {processor.py:743} INFO - Processing file /home/ubuntu/venv/lib/python3.10/site-packages/airflow/example_dags/example_sla_dag.py for tasks to queue
[2023-07-09T17:02:36.162+0000] {logging_mixin.py:137} INFO - [2023-07-09T17:02:36.162+0000] {dagbag.py:538} INFO - Filling up the DagBag from /home/ubuntu/venv/lib/python3.10/site-packages/airflow/example_dags/example_sla_dag.py
[2023-07-09T17:02:36.190+0000] {processor.py:753} INFO - DAG(s) dict_keys(['example_sla_dag']) retrieved from /home/ubuntu/venv/lib/python3.10/site-packages/airflow/example_dags/example_sla_dag.py
[2023-07-09T17:02:36.263+0000] {logging_mixin.py:137} INFO - [2023-07-09T17:02:36.263+0000] {dag.py:2676} INFO - Sync 1 DAGs
[2023-07-09T17:02:36.301+0000] {logging_mixin.py:137} INFO - [2023-07-09T17:02:36.301+0000] {dag.py:3423} INFO - Setting next_dagrun for example_sla_dag to 2023-07-09T17:00:00+00:00, run_after=2023-07-09T17:02:00+00:00
[2023-07-09T17:02:36.334+0000] {processor.py:175} INFO - Processing /home/ubuntu/venv/lib/python3.10/site-packages/airflow/example_dags/example_sla_dag.py took 0.178 seconds
[2023-07-09T17:03:07.102+0000] {processor.py:153} INFO - Started process (PID=9893) to work on /home/ubuntu/venv/lib/python3.10/site-packages/airflow/example_dags/example_sla_dag.py
[2023-07-09T17:03:07.104+0000] {processor.py:743} INFO - Processing file /home/ubuntu/venv/lib/python3.10/site-packages/airflow/example_dags/example_sla_dag.py for tasks to queue
[2023-07-09T17:03:07.106+0000] {logging_mixin.py:137} INFO - [2023-07-09T17:03:07.106+0000] {dagbag.py:538} INFO - Filling up the DagBag from /home/ubuntu/venv/lib/python3.10/site-packages/airflow/example_dags/example_sla_dag.py
[2023-07-09T17:03:07.154+0000] {processor.py:753} INFO - DAG(s) dict_keys(['example_sla_dag']) retrieved from /home/ubuntu/venv/lib/python3.10/site-packages/airflow/example_dags/example_sla_dag.py
[2023-07-09T17:03:07.242+0000] {logging_mixin.py:137} INFO - [2023-07-09T17:03:07.241+0000] {dag.py:2676} INFO - Sync 1 DAGs
[2023-07-09T17:03:07.291+0000] {logging_mixin.py:137} INFO - [2023-07-09T17:03:07.290+0000] {dag.py:3423} INFO - Setting next_dagrun for example_sla_dag to 2023-07-09T17:00:00+00:00, run_after=2023-07-09T17:02:00+00:00
[2023-07-09T17:03:07.315+0000] {processor.py:175} INFO - Processing /home/ubuntu/venv/lib/python3.10/site-packages/airflow/example_dags/example_sla_dag.py took 0.218 seconds
[2023-07-09T17:03:38.116+0000] {processor.py:153} INFO - Started process (PID=10126) to work on /home/ubuntu/venv/lib/python3.10/site-packages/airflow/example_dags/example_sla_dag.py
[2023-07-09T17:03:38.119+0000] {processor.py:743} INFO - Processing file /home/ubuntu/venv/lib/python3.10/site-packages/airflow/example_dags/example_sla_dag.py for tasks to queue
[2023-07-09T17:03:38.119+0000] {logging_mixin.py:137} INFO - [2023-07-09T17:03:38.119+0000] {dagbag.py:538} INFO - Filling up the DagBag from /home/ubuntu/venv/lib/python3.10/site-packages/airflow/example_dags/example_sla_dag.py
[2023-07-09T17:03:38.151+0000] {processor.py:753} INFO - DAG(s) dict_keys(['example_sla_dag']) retrieved from /home/ubuntu/venv/lib/python3.10/site-packages/airflow/example_dags/example_sla_dag.py
[2023-07-09T17:03:38.210+0000] {logging_mixin.py:137} INFO - [2023-07-09T17:03:38.210+0000] {dag.py:2676} INFO - Sync 1 DAGs
[2023-07-09T17:03:38.251+0000] {logging_mixin.py:137} INFO - [2023-07-09T17:03:38.251+0000] {dag.py:3423} INFO - Setting next_dagrun for example_sla_dag to 2023-07-09T17:00:00+00:00, run_after=2023-07-09T17:02:00+00:00
[2023-07-09T17:03:38.274+0000] {processor.py:175} INFO - Processing /home/ubuntu/venv/lib/python3.10/site-packages/airflow/example_dags/example_sla_dag.py took 0.164 seconds
[2023-07-09T17:04:09.059+0000] {processor.py:153} INFO - Started process (PID=10364) to work on /home/ubuntu/venv/lib/python3.10/site-packages/airflow/example_dags/example_sla_dag.py
[2023-07-09T17:04:09.060+0000] {processor.py:743} INFO - Processing file /home/ubuntu/venv/lib/python3.10/site-packages/airflow/example_dags/example_sla_dag.py for tasks to queue
[2023-07-09T17:04:09.061+0000] {logging_mixin.py:137} INFO - [2023-07-09T17:04:09.061+0000] {dagbag.py:538} INFO - Filling up the DagBag from /home/ubuntu/venv/lib/python3.10/site-packages/airflow/example_dags/example_sla_dag.py
[2023-07-09T17:04:09.101+0000] {processor.py:753} INFO - DAG(s) dict_keys(['example_sla_dag']) retrieved from /home/ubuntu/venv/lib/python3.10/site-packages/airflow/example_dags/example_sla_dag.py
[2023-07-09T17:04:09.171+0000] {logging_mixin.py:137} INFO - [2023-07-09T17:04:09.171+0000] {dag.py:2676} INFO - Sync 1 DAGs
[2023-07-09T17:04:09.213+0000] {logging_mixin.py:137} INFO - [2023-07-09T17:04:09.213+0000] {dag.py:3423} INFO - Setting next_dagrun for example_sla_dag to 2023-07-09T17:02:00+00:00, run_after=2023-07-09T17:04:00+00:00
[2023-07-09T17:04:09.239+0000] {processor.py:175} INFO - Processing /home/ubuntu/venv/lib/python3.10/site-packages/airflow/example_dags/example_sla_dag.py took 0.185 seconds
[2023-07-09T17:04:40.851+0000] {processor.py:153} INFO - Started process (PID=10597) to work on /home/ubuntu/venv/lib/python3.10/site-packages/airflow/example_dags/example_sla_dag.py
[2023-07-09T17:04:40.853+0000] {processor.py:743} INFO - Processing file /home/ubuntu/venv/lib/python3.10/site-packages/airflow/example_dags/example_sla_dag.py for tasks to queue
[2023-07-09T17:04:40.854+0000] {logging_mixin.py:137} INFO - [2023-07-09T17:04:40.854+0000] {dagbag.py:538} INFO - Filling up the DagBag from /home/ubuntu/venv/lib/python3.10/site-packages/airflow/example_dags/example_sla_dag.py
[2023-07-09T17:04:40.897+0000] {processor.py:753} INFO - DAG(s) dict_keys(['example_sla_dag']) retrieved from /home/ubuntu/venv/lib/python3.10/site-packages/airflow/example_dags/example_sla_dag.py
[2023-07-09T17:04:40.972+0000] {logging_mixin.py:137} INFO - [2023-07-09T17:04:40.972+0000] {dag.py:2676} INFO - Sync 1 DAGs
[2023-07-09T17:04:41.202+0000] {logging_mixin.py:137} INFO - [2023-07-09T17:04:41.202+0000] {dag.py:3423} INFO - Setting next_dagrun for example_sla_dag to 2023-07-09T17:02:00+00:00, run_after=2023-07-09T17:04:00+00:00
[2023-07-09T17:04:41.230+0000] {processor.py:175} INFO - Processing /home/ubuntu/venv/lib/python3.10/site-packages/airflow/example_dags/example_sla_dag.py took 0.383 seconds
[2023-07-09T17:06:03.891+0000] {processor.py:153} INFO - Started process (PID=11170) to work on /home/ubuntu/venv/lib/python3.10/site-packages/airflow/example_dags/example_sla_dag.py
[2023-07-09T17:06:03.895+0000] {processor.py:743} INFO - Processing file /home/ubuntu/venv/lib/python3.10/site-packages/airflow/example_dags/example_sla_dag.py for tasks to queue
[2023-07-09T17:06:03.896+0000] {logging_mixin.py:137} INFO - [2023-07-09T17:06:03.896+0000] {dagbag.py:538} INFO - Filling up the DagBag from /home/ubuntu/venv/lib/python3.10/site-packages/airflow/example_dags/example_sla_dag.py
[2023-07-09T17:06:03.934+0000] {processor.py:753} INFO - DAG(s) dict_keys(['example_sla_dag']) retrieved from /home/ubuntu/venv/lib/python3.10/site-packages/airflow/example_dags/example_sla_dag.py
[2023-07-09T17:06:04.011+0000] {logging_mixin.py:137} INFO - [2023-07-09T17:06:04.010+0000] {dag.py:2676} INFO - Sync 1 DAGs
[2023-07-09T17:06:04.059+0000] {logging_mixin.py:137} INFO - [2023-07-09T17:06:04.059+0000] {dag.py:3423} INFO - Setting next_dagrun for example_sla_dag to 2023-07-09T17:04:00+00:00, run_after=2023-07-09T17:06:00+00:00
[2023-07-09T17:06:04.101+0000] {processor.py:175} INFO - Processing /home/ubuntu/venv/lib/python3.10/site-packages/airflow/example_dags/example_sla_dag.py took 0.214 seconds
[2023-07-09T17:06:34.292+0000] {processor.py:153} INFO - Started process (PID=11427) to work on /home/ubuntu/venv/lib/python3.10/site-packages/airflow/example_dags/example_sla_dag.py
[2023-07-09T17:06:34.294+0000] {processor.py:743} INFO - Processing file /home/ubuntu/venv/lib/python3.10/site-packages/airflow/example_dags/example_sla_dag.py for tasks to queue
[2023-07-09T17:06:34.295+0000] {logging_mixin.py:137} INFO - [2023-07-09T17:06:34.295+0000] {dagbag.py:538} INFO - Filling up the DagBag from /home/ubuntu/venv/lib/python3.10/site-packages/airflow/example_dags/example_sla_dag.py
[2023-07-09T17:06:34.333+0000] {processor.py:753} INFO - DAG(s) dict_keys(['example_sla_dag']) retrieved from /home/ubuntu/venv/lib/python3.10/site-packages/airflow/example_dags/example_sla_dag.py
[2023-07-09T17:06:34.404+0000] {logging_mixin.py:137} INFO - [2023-07-09T17:06:34.403+0000] {dag.py:2676} INFO - Sync 1 DAGs
[2023-07-09T17:06:34.442+0000] {logging_mixin.py:137} INFO - [2023-07-09T17:06:34.442+0000] {dag.py:3423} INFO - Setting next_dagrun for example_sla_dag to 2023-07-09T17:04:00+00:00, run_after=2023-07-09T17:06:00+00:00
[2023-07-09T17:06:34.480+0000] {processor.py:175} INFO - Processing /home/ubuntu/venv/lib/python3.10/site-packages/airflow/example_dags/example_sla_dag.py took 0.194 seconds
[2023-07-09T17:07:28.341+0000] {processor.py:153} INFO - Started process (PID=11901) to work on /home/ubuntu/venv/lib/python3.10/site-packages/airflow/example_dags/example_sla_dag.py
[2023-07-09T17:07:28.342+0000] {processor.py:743} INFO - Processing file /home/ubuntu/venv/lib/python3.10/site-packages/airflow/example_dags/example_sla_dag.py for tasks to queue
[2023-07-09T17:07:28.343+0000] {logging_mixin.py:137} INFO - [2023-07-09T17:07:28.343+0000] {dagbag.py:538} INFO - Filling up the DagBag from /home/ubuntu/venv/lib/python3.10/site-packages/airflow/example_dags/example_sla_dag.py
[2023-07-09T17:07:28.379+0000] {processor.py:753} INFO - DAG(s) dict_keys(['example_sla_dag']) retrieved from /home/ubuntu/venv/lib/python3.10/site-packages/airflow/example_dags/example_sla_dag.py
[2023-07-09T17:07:28.462+0000] {logging_mixin.py:137} INFO - [2023-07-09T17:07:28.462+0000] {dag.py:2676} INFO - Sync 1 DAGs
[2023-07-09T17:07:28.505+0000] {logging_mixin.py:137} INFO - [2023-07-09T17:07:28.505+0000] {dag.py:3423} INFO - Setting next_dagrun for example_sla_dag to 2023-07-09T17:04:00+00:00, run_after=2023-07-09T17:06:00+00:00
[2023-07-09T17:07:28.531+0000] {processor.py:175} INFO - Processing /home/ubuntu/venv/lib/python3.10/site-packages/airflow/example_dags/example_sla_dag.py took 0.197 seconds
[2023-07-09T17:07:59.313+0000] {processor.py:153} INFO - Started process (PID=12159) to work on /home/ubuntu/venv/lib/python3.10/site-packages/airflow/example_dags/example_sla_dag.py
[2023-07-09T17:07:59.314+0000] {processor.py:743} INFO - Processing file /home/ubuntu/venv/lib/python3.10/site-packages/airflow/example_dags/example_sla_dag.py for tasks to queue
[2023-07-09T17:07:59.315+0000] {logging_mixin.py:137} INFO - [2023-07-09T17:07:59.315+0000] {dagbag.py:538} INFO - Filling up the DagBag from /home/ubuntu/venv/lib/python3.10/site-packages/airflow/example_dags/example_sla_dag.py
[2023-07-09T17:07:59.402+0000] {processor.py:753} INFO - DAG(s) dict_keys(['example_sla_dag']) retrieved from /home/ubuntu/venv/lib/python3.10/site-packages/airflow/example_dags/example_sla_dag.py
[2023-07-09T17:07:59.533+0000] {logging_mixin.py:137} INFO - [2023-07-09T17:07:59.532+0000] {dag.py:2676} INFO - Sync 1 DAGs
[2023-07-09T17:07:59.631+0000] {logging_mixin.py:137} INFO - [2023-07-09T17:07:59.630+0000] {dag.py:3423} INFO - Setting next_dagrun for example_sla_dag to 2023-07-09T17:04:00+00:00, run_after=2023-07-09T17:06:00+00:00
[2023-07-09T17:07:59.688+0000] {processor.py:175} INFO - Processing /home/ubuntu/venv/lib/python3.10/site-packages/airflow/example_dags/example_sla_dag.py took 0.380 seconds
[2023-07-09T17:08:29.968+0000] {processor.py:153} INFO - Started process (PID=12392) to work on /home/ubuntu/venv/lib/python3.10/site-packages/airflow/example_dags/example_sla_dag.py
[2023-07-09T17:08:29.969+0000] {processor.py:743} INFO - Processing file /home/ubuntu/venv/lib/python3.10/site-packages/airflow/example_dags/example_sla_dag.py for tasks to queue
[2023-07-09T17:08:29.970+0000] {logging_mixin.py:137} INFO - [2023-07-09T17:08:29.970+0000] {dagbag.py:538} INFO - Filling up the DagBag from /home/ubuntu/venv/lib/python3.10/site-packages/airflow/example_dags/example_sla_dag.py
[2023-07-09T17:08:30.008+0000] {processor.py:753} INFO - DAG(s) dict_keys(['example_sla_dag']) retrieved from /home/ubuntu/venv/lib/python3.10/site-packages/airflow/example_dags/example_sla_dag.py
[2023-07-09T17:08:30.087+0000] {logging_mixin.py:137} INFO - [2023-07-09T17:08:30.086+0000] {dag.py:2676} INFO - Sync 1 DAGs
[2023-07-09T17:08:30.124+0000] {logging_mixin.py:137} INFO - [2023-07-09T17:08:30.124+0000] {dag.py:3423} INFO - Setting next_dagrun for example_sla_dag to 2023-07-09T17:06:00+00:00, run_after=2023-07-09T17:08:00+00:00
[2023-07-09T17:08:30.146+0000] {processor.py:175} INFO - Processing /home/ubuntu/venv/lib/python3.10/site-packages/airflow/example_dags/example_sla_dag.py took 0.183 seconds
[2023-07-09T17:09:07.223+0000] {processor.py:153} INFO - Started process (PID=12848) to work on /home/ubuntu/venv/lib/python3.10/site-packages/airflow/example_dags/example_sla_dag.py
[2023-07-09T17:09:07.224+0000] {processor.py:743} INFO - Processing file /home/ubuntu/venv/lib/python3.10/site-packages/airflow/example_dags/example_sla_dag.py for tasks to queue
[2023-07-09T17:09:07.225+0000] {logging_mixin.py:137} INFO - [2023-07-09T17:09:07.225+0000] {dagbag.py:538} INFO - Filling up the DagBag from /home/ubuntu/venv/lib/python3.10/site-packages/airflow/example_dags/example_sla_dag.py
[2023-07-09T17:09:07.259+0000] {processor.py:753} INFO - DAG(s) dict_keys(['example_sla_dag']) retrieved from /home/ubuntu/venv/lib/python3.10/site-packages/airflow/example_dags/example_sla_dag.py
[2023-07-09T17:09:07.325+0000] {logging_mixin.py:137} INFO - [2023-07-09T17:09:07.325+0000] {dag.py:2676} INFO - Sync 1 DAGs
[2023-07-09T17:09:07.360+0000] {logging_mixin.py:137} INFO - [2023-07-09T17:09:07.360+0000] {dag.py:3423} INFO - Setting next_dagrun for example_sla_dag to 2023-07-09T17:06:00+00:00, run_after=2023-07-09T17:08:00+00:00
[2023-07-09T17:09:07.381+0000] {processor.py:175} INFO - Processing /home/ubuntu/venv/lib/python3.10/site-packages/airflow/example_dags/example_sla_dag.py took 0.163 seconds
[2023-07-09T17:09:37.844+0000] {processor.py:153} INFO - Started process (PID=13123) to work on /home/ubuntu/venv/lib/python3.10/site-packages/airflow/example_dags/example_sla_dag.py
[2023-07-09T17:09:37.845+0000] {processor.py:743} INFO - Processing file /home/ubuntu/venv/lib/python3.10/site-packages/airflow/example_dags/example_sla_dag.py for tasks to queue
[2023-07-09T17:09:37.846+0000] {logging_mixin.py:137} INFO - [2023-07-09T17:09:37.846+0000] {dagbag.py:538} INFO - Filling up the DagBag from /home/ubuntu/venv/lib/python3.10/site-packages/airflow/example_dags/example_sla_dag.py
[2023-07-09T17:09:37.879+0000] {processor.py:753} INFO - DAG(s) dict_keys(['example_sla_dag']) retrieved from /home/ubuntu/venv/lib/python3.10/site-packages/airflow/example_dags/example_sla_dag.py
[2023-07-09T17:09:37.941+0000] {logging_mixin.py:137} INFO - [2023-07-09T17:09:37.941+0000] {dag.py:2676} INFO - Sync 1 DAGs
[2023-07-09T17:09:37.976+0000] {logging_mixin.py:137} INFO - [2023-07-09T17:09:37.976+0000] {dag.py:3423} INFO - Setting next_dagrun for example_sla_dag to 2023-07-09T17:06:00+00:00, run_after=2023-07-09T17:08:00+00:00
[2023-07-09T17:09:37.998+0000] {processor.py:175} INFO - Processing /home/ubuntu/venv/lib/python3.10/site-packages/airflow/example_dags/example_sla_dag.py took 0.158 seconds
[2023-07-09T17:10:08.692+0000] {processor.py:153} INFO - Started process (PID=13359) to work on /home/ubuntu/venv/lib/python3.10/site-packages/airflow/example_dags/example_sla_dag.py
[2023-07-09T17:10:08.693+0000] {processor.py:743} INFO - Processing file /home/ubuntu/venv/lib/python3.10/site-packages/airflow/example_dags/example_sla_dag.py for tasks to queue
[2023-07-09T17:10:08.694+0000] {logging_mixin.py:137} INFO - [2023-07-09T17:10:08.694+0000] {dagbag.py:538} INFO - Filling up the DagBag from /home/ubuntu/venv/lib/python3.10/site-packages/airflow/example_dags/example_sla_dag.py
[2023-07-09T17:10:08.727+0000] {processor.py:753} INFO - DAG(s) dict_keys(['example_sla_dag']) retrieved from /home/ubuntu/venv/lib/python3.10/site-packages/airflow/example_dags/example_sla_dag.py
[2023-07-09T17:10:08.788+0000] {logging_mixin.py:137} INFO - [2023-07-09T17:10:08.787+0000] {dag.py:2676} INFO - Sync 1 DAGs
[2023-07-09T17:10:08.822+0000] {logging_mixin.py:137} INFO - [2023-07-09T17:10:08.822+0000] {dag.py:3423} INFO - Setting next_dagrun for example_sla_dag to 2023-07-09T17:08:00+00:00, run_after=2023-07-09T17:10:00+00:00
[2023-07-09T17:10:08.845+0000] {processor.py:175} INFO - Processing /home/ubuntu/venv/lib/python3.10/site-packages/airflow/example_dags/example_sla_dag.py took 0.156 seconds
