[2023-07-09T15:46:32.584+0000] {processor.py:153} INFO - Started process (PID=1278) to work on /home/ubuntu/venv/lib/python3.10/site-packages/airflow/example_dags/example_xcom.py
[2023-07-09T15:46:32.584+0000] {processor.py:743} INFO - Processing file /home/ubuntu/venv/lib/python3.10/site-packages/airflow/example_dags/example_xcom.py for tasks to queue
[2023-07-09T15:46:32.585+0000] {logging_mixin.py:137} INFO - [2023-07-09T15:46:32.585+0000] {dagbag.py:538} INFO - Filling up the DagBag from /home/ubuntu/venv/lib/python3.10/site-packages/airflow/example_dags/example_xcom.py
[2023-07-09T15:46:32.652+0000] {processor.py:753} INFO - DAG(s) dict_keys(['example_xcom']) retrieved from /home/ubuntu/venv/lib/python3.10/site-packages/airflow/example_dags/example_xcom.py
[2023-07-09T15:46:32.793+0000] {logging_mixin.py:137} INFO - [2023-07-09T15:46:32.792+0000] {dag.py:2676} INFO - Sync 1 DAGs
[2023-07-09T15:46:32.877+0000] {logging_mixin.py:137} INFO - [2023-07-09T15:46:32.877+0000] {dag.py:3423} INFO - Setting next_dagrun for example_xcom to 2021-01-01T00:00:00+00:00, run_after=2021-01-01T00:00:00+00:00
[2023-07-09T15:46:32.925+0000] {processor.py:175} INFO - Processing /home/ubuntu/venv/lib/python3.10/site-packages/airflow/example_dags/example_xcom.py took 0.344 seconds
[2023-07-09T15:47:03.503+0000] {processor.py:153} INFO - Started process (PID=1520) to work on /home/ubuntu/venv/lib/python3.10/site-packages/airflow/example_dags/example_xcom.py
[2023-07-09T15:47:03.505+0000] {processor.py:743} INFO - Processing file /home/ubuntu/venv/lib/python3.10/site-packages/airflow/example_dags/example_xcom.py for tasks to queue
[2023-07-09T15:47:03.506+0000] {logging_mixin.py:137} INFO - [2023-07-09T15:47:03.506+0000] {dagbag.py:538} INFO - Filling up the DagBag from /home/ubuntu/venv/lib/python3.10/site-packages/airflow/example_dags/example_xcom.py
[2023-07-09T15:47:03.578+0000] {processor.py:753} INFO - DAG(s) dict_keys(['example_xcom']) retrieved from /home/ubuntu/venv/lib/python3.10/site-packages/airflow/example_dags/example_xcom.py
[2023-07-09T15:47:03.702+0000] {logging_mixin.py:137} INFO - [2023-07-09T15:47:03.702+0000] {dag.py:2676} INFO - Sync 1 DAGs
[2023-07-09T15:47:03.780+0000] {logging_mixin.py:137} INFO - [2023-07-09T15:47:03.780+0000] {dag.py:3423} INFO - Setting next_dagrun for example_xcom to 2021-01-01T00:00:00+00:00, run_after=2021-01-01T00:00:00+00:00
[2023-07-09T15:47:03.839+0000] {processor.py:175} INFO - Processing /home/ubuntu/venv/lib/python3.10/site-packages/airflow/example_dags/example_xcom.py took 0.344 seconds
[2023-07-09T15:47:33.886+0000] {processor.py:153} INFO - Started process (PID=1760) to work on /home/ubuntu/venv/lib/python3.10/site-packages/airflow/example_dags/example_xcom.py
[2023-07-09T15:47:33.887+0000] {processor.py:743} INFO - Processing file /home/ubuntu/venv/lib/python3.10/site-packages/airflow/example_dags/example_xcom.py for tasks to queue
[2023-07-09T15:47:33.888+0000] {logging_mixin.py:137} INFO - [2023-07-09T15:47:33.888+0000] {dagbag.py:538} INFO - Filling up the DagBag from /home/ubuntu/venv/lib/python3.10/site-packages/airflow/example_dags/example_xcom.py
[2023-07-09T15:47:33.932+0000] {processor.py:753} INFO - DAG(s) dict_keys(['example_xcom']) retrieved from /home/ubuntu/venv/lib/python3.10/site-packages/airflow/example_dags/example_xcom.py
[2023-07-09T15:47:34.013+0000] {logging_mixin.py:137} INFO - [2023-07-09T15:47:34.012+0000] {dag.py:2676} INFO - Sync 1 DAGs
[2023-07-09T15:47:34.053+0000] {logging_mixin.py:137} INFO - [2023-07-09T15:47:34.053+0000] {dag.py:3423} INFO - Setting next_dagrun for example_xcom to 2021-01-01T00:00:00+00:00, run_after=2021-01-01T00:00:00+00:00
[2023-07-09T15:47:34.084+0000] {processor.py:175} INFO - Processing /home/ubuntu/venv/lib/python3.10/site-packages/airflow/example_dags/example_xcom.py took 0.202 seconds
[2023-07-09T15:49:51.644+0000] {processor.py:153} INFO - Started process (PID=2103) to work on /home/ubuntu/venv/lib/python3.10/site-packages/airflow/example_dags/example_xcom.py
[2023-07-09T15:49:51.645+0000] {processor.py:743} INFO - Processing file /home/ubuntu/venv/lib/python3.10/site-packages/airflow/example_dags/example_xcom.py for tasks to queue
[2023-07-09T15:49:51.646+0000] {logging_mixin.py:137} INFO - [2023-07-09T15:49:51.646+0000] {dagbag.py:538} INFO - Filling up the DagBag from /home/ubuntu/venv/lib/python3.10/site-packages/airflow/example_dags/example_xcom.py
[2023-07-09T15:49:51.679+0000] {processor.py:753} INFO - DAG(s) dict_keys(['example_xcom']) retrieved from /home/ubuntu/venv/lib/python3.10/site-packages/airflow/example_dags/example_xcom.py
[2023-07-09T15:49:51.752+0000] {logging_mixin.py:137} INFO - [2023-07-09T15:49:51.752+0000] {dag.py:2676} INFO - Sync 1 DAGs
[2023-07-09T15:49:51.786+0000] {logging_mixin.py:137} INFO - [2023-07-09T15:49:51.786+0000] {dag.py:3423} INFO - Setting next_dagrun for example_xcom to 2021-01-01T00:00:00+00:00, run_after=2021-01-01T00:00:00+00:00
[2023-07-09T15:49:51.811+0000] {processor.py:175} INFO - Processing /home/ubuntu/venv/lib/python3.10/site-packages/airflow/example_dags/example_xcom.py took 0.171 seconds
[2023-07-09T15:50:22.702+0000] {processor.py:153} INFO - Started process (PID=2339) to work on /home/ubuntu/venv/lib/python3.10/site-packages/airflow/example_dags/example_xcom.py
[2023-07-09T15:50:22.702+0000] {processor.py:743} INFO - Processing file /home/ubuntu/venv/lib/python3.10/site-packages/airflow/example_dags/example_xcom.py for tasks to queue
[2023-07-09T15:50:22.703+0000] {logging_mixin.py:137} INFO - [2023-07-09T15:50:22.703+0000] {dagbag.py:538} INFO - Filling up the DagBag from /home/ubuntu/venv/lib/python3.10/site-packages/airflow/example_dags/example_xcom.py
[2023-07-09T15:50:22.728+0000] {processor.py:753} INFO - DAG(s) dict_keys(['example_xcom']) retrieved from /home/ubuntu/venv/lib/python3.10/site-packages/airflow/example_dags/example_xcom.py
[2023-07-09T15:50:22.777+0000] {logging_mixin.py:137} INFO - [2023-07-09T15:50:22.777+0000] {dag.py:2676} INFO - Sync 1 DAGs
[2023-07-09T15:50:22.800+0000] {logging_mixin.py:137} INFO - [2023-07-09T15:50:22.800+0000] {dag.py:3423} INFO - Setting next_dagrun for example_xcom to 2021-01-01T00:00:00+00:00, run_after=2021-01-01T00:00:00+00:00
[2023-07-09T15:50:22.820+0000] {processor.py:175} INFO - Processing /home/ubuntu/venv/lib/python3.10/site-packages/airflow/example_dags/example_xcom.py took 0.121 seconds
[2023-07-09T16:47:14.904+0000] {processor.py:153} INFO - Started process (PID=3399) to work on /home/ubuntu/venv/lib/python3.10/site-packages/airflow/example_dags/example_xcom.py
[2023-07-09T16:47:14.905+0000] {processor.py:743} INFO - Processing file /home/ubuntu/venv/lib/python3.10/site-packages/airflow/example_dags/example_xcom.py for tasks to queue
[2023-07-09T16:47:14.906+0000] {logging_mixin.py:137} INFO - [2023-07-09T16:47:14.906+0000] {dagbag.py:538} INFO - Filling up the DagBag from /home/ubuntu/venv/lib/python3.10/site-packages/airflow/example_dags/example_xcom.py
[2023-07-09T16:47:14.937+0000] {processor.py:753} INFO - DAG(s) dict_keys(['example_xcom']) retrieved from /home/ubuntu/venv/lib/python3.10/site-packages/airflow/example_dags/example_xcom.py
[2023-07-09T16:47:14.996+0000] {logging_mixin.py:137} INFO - [2023-07-09T16:47:14.996+0000] {dag.py:2676} INFO - Sync 1 DAGs
[2023-07-09T16:47:15.034+0000] {logging_mixin.py:137} INFO - [2023-07-09T16:47:15.033+0000] {dag.py:3423} INFO - Setting next_dagrun for example_xcom to 2021-01-01T00:00:00+00:00, run_after=2021-01-01T00:00:00+00:00
[2023-07-09T16:47:15.057+0000] {processor.py:175} INFO - Processing /home/ubuntu/venv/lib/python3.10/site-packages/airflow/example_dags/example_xcom.py took 0.156 seconds
[2023-07-09T16:47:46.042+0000] {processor.py:153} INFO - Started process (PID=3767) to work on /home/ubuntu/venv/lib/python3.10/site-packages/airflow/example_dags/example_xcom.py
[2023-07-09T16:47:46.044+0000] {processor.py:743} INFO - Processing file /home/ubuntu/venv/lib/python3.10/site-packages/airflow/example_dags/example_xcom.py for tasks to queue
[2023-07-09T16:47:46.045+0000] {logging_mixin.py:137} INFO - [2023-07-09T16:47:46.044+0000] {dagbag.py:538} INFO - Filling up the DagBag from /home/ubuntu/venv/lib/python3.10/site-packages/airflow/example_dags/example_xcom.py
[2023-07-09T16:47:46.091+0000] {processor.py:753} INFO - DAG(s) dict_keys(['example_xcom']) retrieved from /home/ubuntu/venv/lib/python3.10/site-packages/airflow/example_dags/example_xcom.py
[2023-07-09T16:47:46.172+0000] {logging_mixin.py:137} INFO - [2023-07-09T16:47:46.172+0000] {dag.py:2676} INFO - Sync 1 DAGs
[2023-07-09T16:47:46.215+0000] {logging_mixin.py:137} INFO - [2023-07-09T16:47:46.215+0000] {dag.py:3423} INFO - Setting next_dagrun for example_xcom to 2021-01-01T00:00:00+00:00, run_after=2021-01-01T00:00:00+00:00
[2023-07-09T16:47:46.249+0000] {processor.py:175} INFO - Processing /home/ubuntu/venv/lib/python3.10/site-packages/airflow/example_dags/example_xcom.py took 0.211 seconds
[2023-07-09T16:48:16.751+0000] {processor.py:153} INFO - Started process (PID=3999) to work on /home/ubuntu/venv/lib/python3.10/site-packages/airflow/example_dags/example_xcom.py
[2023-07-09T16:48:16.753+0000] {processor.py:743} INFO - Processing file /home/ubuntu/venv/lib/python3.10/site-packages/airflow/example_dags/example_xcom.py for tasks to queue
[2023-07-09T16:48:16.754+0000] {logging_mixin.py:137} INFO - [2023-07-09T16:48:16.754+0000] {dagbag.py:538} INFO - Filling up the DagBag from /home/ubuntu/venv/lib/python3.10/site-packages/airflow/example_dags/example_xcom.py
[2023-07-09T16:48:16.803+0000] {processor.py:753} INFO - DAG(s) dict_keys(['example_xcom']) retrieved from /home/ubuntu/venv/lib/python3.10/site-packages/airflow/example_dags/example_xcom.py
[2023-07-09T16:48:16.873+0000] {logging_mixin.py:137} INFO - [2023-07-09T16:48:16.872+0000] {dag.py:2676} INFO - Sync 1 DAGs
[2023-07-09T16:48:16.931+0000] {logging_mixin.py:137} INFO - [2023-07-09T16:48:16.931+0000] {dag.py:3423} INFO - Setting next_dagrun for example_xcom to 2021-01-01T00:00:00+00:00, run_after=2021-01-01T00:00:00+00:00
[2023-07-09T16:48:16.955+0000] {processor.py:175} INFO - Processing /home/ubuntu/venv/lib/python3.10/site-packages/airflow/example_dags/example_xcom.py took 0.209 seconds
[2023-07-09T16:48:47.496+0000] {processor.py:153} INFO - Started process (PID=4235) to work on /home/ubuntu/venv/lib/python3.10/site-packages/airflow/example_dags/example_xcom.py
[2023-07-09T16:48:47.497+0000] {processor.py:743} INFO - Processing file /home/ubuntu/venv/lib/python3.10/site-packages/airflow/example_dags/example_xcom.py for tasks to queue
[2023-07-09T16:48:47.498+0000] {logging_mixin.py:137} INFO - [2023-07-09T16:48:47.498+0000] {dagbag.py:538} INFO - Filling up the DagBag from /home/ubuntu/venv/lib/python3.10/site-packages/airflow/example_dags/example_xcom.py
[2023-07-09T16:48:47.538+0000] {processor.py:753} INFO - DAG(s) dict_keys(['example_xcom']) retrieved from /home/ubuntu/venv/lib/python3.10/site-packages/airflow/example_dags/example_xcom.py
[2023-07-09T16:48:47.647+0000] {logging_mixin.py:137} INFO - [2023-07-09T16:48:47.646+0000] {dag.py:2676} INFO - Sync 1 DAGs
[2023-07-09T16:48:47.692+0000] {logging_mixin.py:137} INFO - [2023-07-09T16:48:47.692+0000] {dag.py:3423} INFO - Setting next_dagrun for example_xcom to 2021-01-01T00:00:00+00:00, run_after=2021-01-01T00:00:00+00:00
[2023-07-09T16:48:47.723+0000] {processor.py:175} INFO - Processing /home/ubuntu/venv/lib/python3.10/site-packages/airflow/example_dags/example_xcom.py took 0.231 seconds
[2023-07-09T16:49:18.647+0000] {processor.py:153} INFO - Started process (PID=4470) to work on /home/ubuntu/venv/lib/python3.10/site-packages/airflow/example_dags/example_xcom.py
[2023-07-09T16:49:18.648+0000] {processor.py:743} INFO - Processing file /home/ubuntu/venv/lib/python3.10/site-packages/airflow/example_dags/example_xcom.py for tasks to queue
[2023-07-09T16:49:18.649+0000] {logging_mixin.py:137} INFO - [2023-07-09T16:49:18.649+0000] {dagbag.py:538} INFO - Filling up the DagBag from /home/ubuntu/venv/lib/python3.10/site-packages/airflow/example_dags/example_xcom.py
[2023-07-09T16:49:18.692+0000] {processor.py:753} INFO - DAG(s) dict_keys(['example_xcom']) retrieved from /home/ubuntu/venv/lib/python3.10/site-packages/airflow/example_dags/example_xcom.py
[2023-07-09T16:49:18.760+0000] {logging_mixin.py:137} INFO - [2023-07-09T16:49:18.760+0000] {dag.py:2676} INFO - Sync 1 DAGs
[2023-07-09T16:49:18.796+0000] {logging_mixin.py:137} INFO - [2023-07-09T16:49:18.796+0000] {dag.py:3423} INFO - Setting next_dagrun for example_xcom to 2021-01-01T00:00:00+00:00, run_after=2021-01-01T00:00:00+00:00
[2023-07-09T16:49:18.822+0000] {processor.py:175} INFO - Processing /home/ubuntu/venv/lib/python3.10/site-packages/airflow/example_dags/example_xcom.py took 0.179 seconds
[2023-07-09T16:49:49.030+0000] {processor.py:153} INFO - Started process (PID=4706) to work on /home/ubuntu/venv/lib/python3.10/site-packages/airflow/example_dags/example_xcom.py
[2023-07-09T16:49:49.031+0000] {processor.py:743} INFO - Processing file /home/ubuntu/venv/lib/python3.10/site-packages/airflow/example_dags/example_xcom.py for tasks to queue
[2023-07-09T16:49:49.032+0000] {logging_mixin.py:137} INFO - [2023-07-09T16:49:49.031+0000] {dagbag.py:538} INFO - Filling up the DagBag from /home/ubuntu/venv/lib/python3.10/site-packages/airflow/example_dags/example_xcom.py
[2023-07-09T16:49:49.074+0000] {processor.py:753} INFO - DAG(s) dict_keys(['example_xcom']) retrieved from /home/ubuntu/venv/lib/python3.10/site-packages/airflow/example_dags/example_xcom.py
[2023-07-09T16:49:49.147+0000] {logging_mixin.py:137} INFO - [2023-07-09T16:49:49.147+0000] {dag.py:2676} INFO - Sync 1 DAGs
[2023-07-09T16:49:49.178+0000] {logging_mixin.py:137} INFO - [2023-07-09T16:49:49.178+0000] {dag.py:3423} INFO - Setting next_dagrun for example_xcom to 2021-01-01T00:00:00+00:00, run_after=2021-01-01T00:00:00+00:00
[2023-07-09T16:49:49.201+0000] {processor.py:175} INFO - Processing /home/ubuntu/venv/lib/python3.10/site-packages/airflow/example_dags/example_xcom.py took 0.176 seconds
[2023-07-09T16:50:19.685+0000] {processor.py:153} INFO - Started process (PID=4941) to work on /home/ubuntu/venv/lib/python3.10/site-packages/airflow/example_dags/example_xcom.py
[2023-07-09T16:50:19.686+0000] {processor.py:743} INFO - Processing file /home/ubuntu/venv/lib/python3.10/site-packages/airflow/example_dags/example_xcom.py for tasks to queue
[2023-07-09T16:50:19.687+0000] {logging_mixin.py:137} INFO - [2023-07-09T16:50:19.687+0000] {dagbag.py:538} INFO - Filling up the DagBag from /home/ubuntu/venv/lib/python3.10/site-packages/airflow/example_dags/example_xcom.py
[2023-07-09T16:50:19.734+0000] {processor.py:753} INFO - DAG(s) dict_keys(['example_xcom']) retrieved from /home/ubuntu/venv/lib/python3.10/site-packages/airflow/example_dags/example_xcom.py
[2023-07-09T16:50:19.809+0000] {logging_mixin.py:137} INFO - [2023-07-09T16:50:19.809+0000] {dag.py:2676} INFO - Sync 1 DAGs
[2023-07-09T16:50:19.845+0000] {logging_mixin.py:137} INFO - [2023-07-09T16:50:19.845+0000] {dag.py:3423} INFO - Setting next_dagrun for example_xcom to 2021-01-01T00:00:00+00:00, run_after=2021-01-01T00:00:00+00:00
[2023-07-09T16:50:19.868+0000] {processor.py:175} INFO - Processing /home/ubuntu/venv/lib/python3.10/site-packages/airflow/example_dags/example_xcom.py took 0.187 seconds
[2023-07-09T16:50:50.459+0000] {processor.py:153} INFO - Started process (PID=5177) to work on /home/ubuntu/venv/lib/python3.10/site-packages/airflow/example_dags/example_xcom.py
[2023-07-09T16:50:50.460+0000] {processor.py:743} INFO - Processing file /home/ubuntu/venv/lib/python3.10/site-packages/airflow/example_dags/example_xcom.py for tasks to queue
[2023-07-09T16:50:50.461+0000] {logging_mixin.py:137} INFO - [2023-07-09T16:50:50.461+0000] {dagbag.py:538} INFO - Filling up the DagBag from /home/ubuntu/venv/lib/python3.10/site-packages/airflow/example_dags/example_xcom.py
[2023-07-09T16:50:50.497+0000] {processor.py:753} INFO - DAG(s) dict_keys(['example_xcom']) retrieved from /home/ubuntu/venv/lib/python3.10/site-packages/airflow/example_dags/example_xcom.py
[2023-07-09T16:50:50.565+0000] {logging_mixin.py:137} INFO - [2023-07-09T16:50:50.565+0000] {dag.py:2676} INFO - Sync 1 DAGs
[2023-07-09T16:50:50.597+0000] {logging_mixin.py:137} INFO - [2023-07-09T16:50:50.597+0000] {dag.py:3423} INFO - Setting next_dagrun for example_xcom to 2021-01-01T00:00:00+00:00, run_after=2021-01-01T00:00:00+00:00
[2023-07-09T16:50:50.623+0000] {processor.py:175} INFO - Processing /home/ubuntu/venv/lib/python3.10/site-packages/airflow/example_dags/example_xcom.py took 0.170 seconds
[2023-07-09T16:54:51.237+0000] {processor.py:153} INFO - Started process (PID=5663) to work on /home/ubuntu/venv/lib/python3.10/site-packages/airflow/example_dags/example_xcom.py
[2023-07-09T16:54:51.240+0000] {processor.py:743} INFO - Processing file /home/ubuntu/venv/lib/python3.10/site-packages/airflow/example_dags/example_xcom.py for tasks to queue
[2023-07-09T16:54:51.241+0000] {logging_mixin.py:137} INFO - [2023-07-09T16:54:51.241+0000] {dagbag.py:538} INFO - Filling up the DagBag from /home/ubuntu/venv/lib/python3.10/site-packages/airflow/example_dags/example_xcom.py
[2023-07-09T16:54:51.341+0000] {processor.py:753} INFO - DAG(s) dict_keys(['example_xcom']) retrieved from /home/ubuntu/venv/lib/python3.10/site-packages/airflow/example_dags/example_xcom.py
[2023-07-09T16:54:51.524+0000] {logging_mixin.py:137} INFO - [2023-07-09T16:54:51.524+0000] {dag.py:2676} INFO - Sync 1 DAGs
[2023-07-09T16:54:51.624+0000] {logging_mixin.py:137} INFO - [2023-07-09T16:54:51.624+0000] {dag.py:3423} INFO - Setting next_dagrun for example_xcom to 2021-01-01T00:00:00+00:00, run_after=2021-01-01T00:00:00+00:00
[2023-07-09T16:54:51.680+0000] {processor.py:175} INFO - Processing /home/ubuntu/venv/lib/python3.10/site-packages/airflow/example_dags/example_xcom.py took 0.447 seconds
[2023-07-09T16:55:22.402+0000] {processor.py:153} INFO - Started process (PID=5983) to work on /home/ubuntu/venv/lib/python3.10/site-packages/airflow/example_dags/example_xcom.py
[2023-07-09T16:55:22.404+0000] {processor.py:743} INFO - Processing file /home/ubuntu/venv/lib/python3.10/site-packages/airflow/example_dags/example_xcom.py for tasks to queue
[2023-07-09T16:55:22.404+0000] {logging_mixin.py:137} INFO - [2023-07-09T16:55:22.404+0000] {dagbag.py:538} INFO - Filling up the DagBag from /home/ubuntu/venv/lib/python3.10/site-packages/airflow/example_dags/example_xcom.py
[2023-07-09T16:55:22.446+0000] {processor.py:753} INFO - DAG(s) dict_keys(['example_xcom']) retrieved from /home/ubuntu/venv/lib/python3.10/site-packages/airflow/example_dags/example_xcom.py
[2023-07-09T16:55:22.518+0000] {logging_mixin.py:137} INFO - [2023-07-09T16:55:22.518+0000] {dag.py:2676} INFO - Sync 1 DAGs
[2023-07-09T16:55:22.549+0000] {logging_mixin.py:137} INFO - [2023-07-09T16:55:22.548+0000] {dag.py:3423} INFO - Setting next_dagrun for example_xcom to 2021-01-01T00:00:00+00:00, run_after=2021-01-01T00:00:00+00:00
[2023-07-09T16:55:22.571+0000] {processor.py:175} INFO - Processing /home/ubuntu/venv/lib/python3.10/site-packages/airflow/example_dags/example_xcom.py took 0.174 seconds
[2023-07-09T16:55:53.245+0000] {processor.py:153} INFO - Started process (PID=6213) to work on /home/ubuntu/venv/lib/python3.10/site-packages/airflow/example_dags/example_xcom.py
[2023-07-09T16:55:53.247+0000] {processor.py:743} INFO - Processing file /home/ubuntu/venv/lib/python3.10/site-packages/airflow/example_dags/example_xcom.py for tasks to queue
[2023-07-09T16:55:53.248+0000] {logging_mixin.py:137} INFO - [2023-07-09T16:55:53.247+0000] {dagbag.py:538} INFO - Filling up the DagBag from /home/ubuntu/venv/lib/python3.10/site-packages/airflow/example_dags/example_xcom.py
[2023-07-09T16:55:53.286+0000] {processor.py:753} INFO - DAG(s) dict_keys(['example_xcom']) retrieved from /home/ubuntu/venv/lib/python3.10/site-packages/airflow/example_dags/example_xcom.py
[2023-07-09T16:55:53.374+0000] {logging_mixin.py:137} INFO - [2023-07-09T16:55:53.373+0000] {dag.py:2676} INFO - Sync 1 DAGs
[2023-07-09T16:55:53.417+0000] {logging_mixin.py:137} INFO - [2023-07-09T16:55:53.416+0000] {dag.py:3423} INFO - Setting next_dagrun for example_xcom to 2021-01-01T00:00:00+00:00, run_after=2021-01-01T00:00:00+00:00
[2023-07-09T16:55:53.447+0000] {processor.py:175} INFO - Processing /home/ubuntu/venv/lib/python3.10/site-packages/airflow/example_dags/example_xcom.py took 0.207 seconds
[2023-07-09T16:56:23.512+0000] {processor.py:153} INFO - Started process (PID=6445) to work on /home/ubuntu/venv/lib/python3.10/site-packages/airflow/example_dags/example_xcom.py
[2023-07-09T16:56:23.517+0000] {processor.py:743} INFO - Processing file /home/ubuntu/venv/lib/python3.10/site-packages/airflow/example_dags/example_xcom.py for tasks to queue
[2023-07-09T16:56:23.519+0000] {logging_mixin.py:137} INFO - [2023-07-09T16:56:23.519+0000] {dagbag.py:538} INFO - Filling up the DagBag from /home/ubuntu/venv/lib/python3.10/site-packages/airflow/example_dags/example_xcom.py
[2023-07-09T16:56:23.556+0000] {processor.py:753} INFO - DAG(s) dict_keys(['example_xcom']) retrieved from /home/ubuntu/venv/lib/python3.10/site-packages/airflow/example_dags/example_xcom.py
[2023-07-09T16:56:23.615+0000] {logging_mixin.py:137} INFO - [2023-07-09T16:56:23.615+0000] {dag.py:2676} INFO - Sync 1 DAGs
[2023-07-09T16:56:23.645+0000] {logging_mixin.py:137} INFO - [2023-07-09T16:56:23.644+0000] {dag.py:3423} INFO - Setting next_dagrun for example_xcom to 2021-01-01T00:00:00+00:00, run_after=2021-01-01T00:00:00+00:00
[2023-07-09T16:56:23.667+0000] {processor.py:175} INFO - Processing /home/ubuntu/venv/lib/python3.10/site-packages/airflow/example_dags/example_xcom.py took 0.159 seconds
[2023-07-09T16:56:54.032+0000] {processor.py:153} INFO - Started process (PID=6702) to work on /home/ubuntu/venv/lib/python3.10/site-packages/airflow/example_dags/example_xcom.py
[2023-07-09T16:56:54.033+0000] {processor.py:743} INFO - Processing file /home/ubuntu/venv/lib/python3.10/site-packages/airflow/example_dags/example_xcom.py for tasks to queue
[2023-07-09T16:56:54.035+0000] {logging_mixin.py:137} INFO - [2023-07-09T16:56:54.035+0000] {dagbag.py:538} INFO - Filling up the DagBag from /home/ubuntu/venv/lib/python3.10/site-packages/airflow/example_dags/example_xcom.py
[2023-07-09T16:56:54.068+0000] {processor.py:753} INFO - DAG(s) dict_keys(['example_xcom']) retrieved from /home/ubuntu/venv/lib/python3.10/site-packages/airflow/example_dags/example_xcom.py
[2023-07-09T16:56:54.121+0000] {logging_mixin.py:137} INFO - [2023-07-09T16:56:54.121+0000] {dag.py:2676} INFO - Sync 1 DAGs
[2023-07-09T16:56:54.152+0000] {logging_mixin.py:137} INFO - [2023-07-09T16:56:54.152+0000] {dag.py:3423} INFO - Setting next_dagrun for example_xcom to 2021-01-01T00:00:00+00:00, run_after=2021-01-01T00:00:00+00:00
[2023-07-09T16:56:54.173+0000] {processor.py:175} INFO - Processing /home/ubuntu/venv/lib/python3.10/site-packages/airflow/example_dags/example_xcom.py took 0.146 seconds
[2023-07-09T16:57:25.082+0000] {processor.py:153} INFO - Started process (PID=6937) to work on /home/ubuntu/venv/lib/python3.10/site-packages/airflow/example_dags/example_xcom.py
[2023-07-09T16:57:25.083+0000] {processor.py:743} INFO - Processing file /home/ubuntu/venv/lib/python3.10/site-packages/airflow/example_dags/example_xcom.py for tasks to queue
[2023-07-09T16:57:25.084+0000] {logging_mixin.py:137} INFO - [2023-07-09T16:57:25.084+0000] {dagbag.py:538} INFO - Filling up the DagBag from /home/ubuntu/venv/lib/python3.10/site-packages/airflow/example_dags/example_xcom.py
[2023-07-09T16:57:25.110+0000] {processor.py:753} INFO - DAG(s) dict_keys(['example_xcom']) retrieved from /home/ubuntu/venv/lib/python3.10/site-packages/airflow/example_dags/example_xcom.py
[2023-07-09T16:57:25.162+0000] {logging_mixin.py:137} INFO - [2023-07-09T16:57:25.162+0000] {dag.py:2676} INFO - Sync 1 DAGs
[2023-07-09T16:57:25.185+0000] {logging_mixin.py:137} INFO - [2023-07-09T16:57:25.185+0000] {dag.py:3423} INFO - Setting next_dagrun for example_xcom to 2021-01-01T00:00:00+00:00, run_after=2021-01-01T00:00:00+00:00
[2023-07-09T16:57:25.207+0000] {processor.py:175} INFO - Processing /home/ubuntu/venv/lib/python3.10/site-packages/airflow/example_dags/example_xcom.py took 0.129 seconds
[2023-07-09T16:57:55.394+0000] {processor.py:153} INFO - Started process (PID=7173) to work on /home/ubuntu/venv/lib/python3.10/site-packages/airflow/example_dags/example_xcom.py
[2023-07-09T16:57:55.395+0000] {processor.py:743} INFO - Processing file /home/ubuntu/venv/lib/python3.10/site-packages/airflow/example_dags/example_xcom.py for tasks to queue
[2023-07-09T16:57:55.396+0000] {logging_mixin.py:137} INFO - [2023-07-09T16:57:55.396+0000] {dagbag.py:538} INFO - Filling up the DagBag from /home/ubuntu/venv/lib/python3.10/site-packages/airflow/example_dags/example_xcom.py
[2023-07-09T16:57:55.440+0000] {processor.py:753} INFO - DAG(s) dict_keys(['example_xcom']) retrieved from /home/ubuntu/venv/lib/python3.10/site-packages/airflow/example_dags/example_xcom.py
[2023-07-09T16:57:55.520+0000] {logging_mixin.py:137} INFO - [2023-07-09T16:57:55.514+0000] {dag.py:2676} INFO - Sync 1 DAGs
[2023-07-09T16:57:55.559+0000] {logging_mixin.py:137} INFO - [2023-07-09T16:57:55.559+0000] {dag.py:3423} INFO - Setting next_dagrun for example_xcom to 2021-01-01T00:00:00+00:00, run_after=2021-01-01T00:00:00+00:00
[2023-07-09T16:57:55.578+0000] {processor.py:175} INFO - Processing /home/ubuntu/venv/lib/python3.10/site-packages/airflow/example_dags/example_xcom.py took 0.189 seconds
[2023-07-09T16:58:26.327+0000] {processor.py:153} INFO - Started process (PID=7408) to work on /home/ubuntu/venv/lib/python3.10/site-packages/airflow/example_dags/example_xcom.py
[2023-07-09T16:58:26.328+0000] {processor.py:743} INFO - Processing file /home/ubuntu/venv/lib/python3.10/site-packages/airflow/example_dags/example_xcom.py for tasks to queue
[2023-07-09T16:58:26.329+0000] {logging_mixin.py:137} INFO - [2023-07-09T16:58:26.329+0000] {dagbag.py:538} INFO - Filling up the DagBag from /home/ubuntu/venv/lib/python3.10/site-packages/airflow/example_dags/example_xcom.py
[2023-07-09T16:58:26.378+0000] {processor.py:753} INFO - DAG(s) dict_keys(['example_xcom']) retrieved from /home/ubuntu/venv/lib/python3.10/site-packages/airflow/example_dags/example_xcom.py
[2023-07-09T16:58:26.439+0000] {logging_mixin.py:137} INFO - [2023-07-09T16:58:26.439+0000] {dag.py:2676} INFO - Sync 1 DAGs
[2023-07-09T16:58:26.475+0000] {logging_mixin.py:137} INFO - [2023-07-09T16:58:26.474+0000] {dag.py:3423} INFO - Setting next_dagrun for example_xcom to 2021-01-01T00:00:00+00:00, run_after=2021-01-01T00:00:00+00:00
[2023-07-09T16:58:26.500+0000] {processor.py:175} INFO - Processing /home/ubuntu/venv/lib/python3.10/site-packages/airflow/example_dags/example_xcom.py took 0.179 seconds
[2023-07-09T16:58:56.545+0000] {processor.py:153} INFO - Started process (PID=7644) to work on /home/ubuntu/venv/lib/python3.10/site-packages/airflow/example_dags/example_xcom.py
[2023-07-09T16:58:56.546+0000] {processor.py:743} INFO - Processing file /home/ubuntu/venv/lib/python3.10/site-packages/airflow/example_dags/example_xcom.py for tasks to queue
[2023-07-09T16:58:56.547+0000] {logging_mixin.py:137} INFO - [2023-07-09T16:58:56.547+0000] {dagbag.py:538} INFO - Filling up the DagBag from /home/ubuntu/venv/lib/python3.10/site-packages/airflow/example_dags/example_xcom.py
[2023-07-09T16:58:56.575+0000] {processor.py:753} INFO - DAG(s) dict_keys(['example_xcom']) retrieved from /home/ubuntu/venv/lib/python3.10/site-packages/airflow/example_dags/example_xcom.py
[2023-07-09T16:58:56.647+0000] {logging_mixin.py:137} INFO - [2023-07-09T16:58:56.647+0000] {dag.py:2676} INFO - Sync 1 DAGs
[2023-07-09T16:58:56.832+0000] {logging_mixin.py:137} INFO - [2023-07-09T16:58:56.831+0000] {dag.py:3423} INFO - Setting next_dagrun for example_xcom to 2021-01-01T00:00:00+00:00, run_after=2021-01-01T00:00:00+00:00
[2023-07-09T16:58:56.849+0000] {processor.py:175} INFO - Processing /home/ubuntu/venv/lib/python3.10/site-packages/airflow/example_dags/example_xcom.py took 0.309 seconds
[2023-07-09T16:59:26.967+0000] {processor.py:153} INFO - Started process (PID=7881) to work on /home/ubuntu/venv/lib/python3.10/site-packages/airflow/example_dags/example_xcom.py
[2023-07-09T16:59:26.968+0000] {processor.py:743} INFO - Processing file /home/ubuntu/venv/lib/python3.10/site-packages/airflow/example_dags/example_xcom.py for tasks to queue
[2023-07-09T16:59:26.969+0000] {logging_mixin.py:137} INFO - [2023-07-09T16:59:26.969+0000] {dagbag.py:538} INFO - Filling up the DagBag from /home/ubuntu/venv/lib/python3.10/site-packages/airflow/example_dags/example_xcom.py
[2023-07-09T16:59:26.998+0000] {processor.py:753} INFO - DAG(s) dict_keys(['example_xcom']) retrieved from /home/ubuntu/venv/lib/python3.10/site-packages/airflow/example_dags/example_xcom.py
[2023-07-09T16:59:27.110+0000] {logging_mixin.py:137} INFO - [2023-07-09T16:59:27.110+0000] {dag.py:2676} INFO - Sync 1 DAGs
[2023-07-09T16:59:27.329+0000] {logging_mixin.py:137} INFO - [2023-07-09T16:59:27.329+0000] {dag.py:3423} INFO - Setting next_dagrun for example_xcom to 2021-01-01T00:00:00+00:00, run_after=2021-01-01T00:00:00+00:00
[2023-07-09T16:59:27.349+0000] {processor.py:175} INFO - Processing /home/ubuntu/venv/lib/python3.10/site-packages/airflow/example_dags/example_xcom.py took 0.386 seconds
[2023-07-09T16:59:58.024+0000] {processor.py:153} INFO - Started process (PID=8176) to work on /home/ubuntu/venv/lib/python3.10/site-packages/airflow/example_dags/example_xcom.py
[2023-07-09T16:59:58.026+0000] {processor.py:743} INFO - Processing file /home/ubuntu/venv/lib/python3.10/site-packages/airflow/example_dags/example_xcom.py for tasks to queue
[2023-07-09T16:59:58.027+0000] {logging_mixin.py:137} INFO - [2023-07-09T16:59:58.027+0000] {dagbag.py:538} INFO - Filling up the DagBag from /home/ubuntu/venv/lib/python3.10/site-packages/airflow/example_dags/example_xcom.py
[2023-07-09T16:59:58.074+0000] {processor.py:753} INFO - DAG(s) dict_keys(['example_xcom']) retrieved from /home/ubuntu/venv/lib/python3.10/site-packages/airflow/example_dags/example_xcom.py
[2023-07-09T16:59:58.385+0000] {logging_mixin.py:137} INFO - [2023-07-09T16:59:58.385+0000] {dag.py:2676} INFO - Sync 1 DAGs
[2023-07-09T16:59:58.406+0000] {logging_mixin.py:137} INFO - [2023-07-09T16:59:58.406+0000] {dag.py:3423} INFO - Setting next_dagrun for example_xcom to 2021-01-01T00:00:00+00:00, run_after=2021-01-01T00:00:00+00:00
[2023-07-09T16:59:58.421+0000] {processor.py:175} INFO - Processing /home/ubuntu/venv/lib/python3.10/site-packages/airflow/example_dags/example_xcom.py took 0.401 seconds
[2023-07-09T17:00:29.646+0000] {processor.py:153} INFO - Started process (PID=8530) to work on /home/ubuntu/venv/lib/python3.10/site-packages/airflow/example_dags/example_xcom.py
[2023-07-09T17:00:29.647+0000] {processor.py:743} INFO - Processing file /home/ubuntu/venv/lib/python3.10/site-packages/airflow/example_dags/example_xcom.py for tasks to queue
[2023-07-09T17:00:29.648+0000] {logging_mixin.py:137} INFO - [2023-07-09T17:00:29.648+0000] {dagbag.py:538} INFO - Filling up the DagBag from /home/ubuntu/venv/lib/python3.10/site-packages/airflow/example_dags/example_xcom.py
[2023-07-09T17:00:29.708+0000] {processor.py:753} INFO - DAG(s) dict_keys(['example_xcom']) retrieved from /home/ubuntu/venv/lib/python3.10/site-packages/airflow/example_dags/example_xcom.py
[2023-07-09T17:00:29.820+0000] {logging_mixin.py:137} INFO - [2023-07-09T17:00:29.819+0000] {dag.py:2676} INFO - Sync 1 DAGs
[2023-07-09T17:00:29.871+0000] {logging_mixin.py:137} INFO - [2023-07-09T17:00:29.871+0000] {dag.py:3423} INFO - Setting next_dagrun for example_xcom to 2021-01-01T00:00:00+00:00, run_after=2021-01-01T00:00:00+00:00
[2023-07-09T17:00:29.915+0000] {processor.py:175} INFO - Processing /home/ubuntu/venv/lib/python3.10/site-packages/airflow/example_dags/example_xcom.py took 0.274 seconds
[2023-07-09T17:01:00.812+0000] {processor.py:153} INFO - Started process (PID=8809) to work on /home/ubuntu/venv/lib/python3.10/site-packages/airflow/example_dags/example_xcom.py
[2023-07-09T17:01:00.814+0000] {processor.py:743} INFO - Processing file /home/ubuntu/venv/lib/python3.10/site-packages/airflow/example_dags/example_xcom.py for tasks to queue
[2023-07-09T17:01:00.815+0000] {logging_mixin.py:137} INFO - [2023-07-09T17:01:00.815+0000] {dagbag.py:538} INFO - Filling up the DagBag from /home/ubuntu/venv/lib/python3.10/site-packages/airflow/example_dags/example_xcom.py
[2023-07-09T17:01:00.854+0000] {processor.py:753} INFO - DAG(s) dict_keys(['example_xcom']) retrieved from /home/ubuntu/venv/lib/python3.10/site-packages/airflow/example_dags/example_xcom.py
[2023-07-09T17:01:00.930+0000] {logging_mixin.py:137} INFO - [2023-07-09T17:01:00.930+0000] {dag.py:2676} INFO - Sync 1 DAGs
[2023-07-09T17:01:00.974+0000] {logging_mixin.py:137} INFO - [2023-07-09T17:01:00.973+0000] {dag.py:3423} INFO - Setting next_dagrun for example_xcom to 2021-01-01T00:00:00+00:00, run_after=2021-01-01T00:00:00+00:00
[2023-07-09T17:01:01.003+0000] {processor.py:175} INFO - Processing /home/ubuntu/venv/lib/python3.10/site-packages/airflow/example_dags/example_xcom.py took 0.196 seconds
[2023-07-09T17:01:31.865+0000] {processor.py:153} INFO - Started process (PID=9041) to work on /home/ubuntu/venv/lib/python3.10/site-packages/airflow/example_dags/example_xcom.py
[2023-07-09T17:01:31.866+0000] {processor.py:743} INFO - Processing file /home/ubuntu/venv/lib/python3.10/site-packages/airflow/example_dags/example_xcom.py for tasks to queue
[2023-07-09T17:01:31.867+0000] {logging_mixin.py:137} INFO - [2023-07-09T17:01:31.867+0000] {dagbag.py:538} INFO - Filling up the DagBag from /home/ubuntu/venv/lib/python3.10/site-packages/airflow/example_dags/example_xcom.py
[2023-07-09T17:01:31.917+0000] {processor.py:753} INFO - DAG(s) dict_keys(['example_xcom']) retrieved from /home/ubuntu/venv/lib/python3.10/site-packages/airflow/example_dags/example_xcom.py
[2023-07-09T17:01:31.988+0000] {logging_mixin.py:137} INFO - [2023-07-09T17:01:31.988+0000] {dag.py:2676} INFO - Sync 1 DAGs
[2023-07-09T17:01:32.028+0000] {logging_mixin.py:137} INFO - [2023-07-09T17:01:32.027+0000] {dag.py:3423} INFO - Setting next_dagrun for example_xcom to 2021-01-01T00:00:00+00:00, run_after=2021-01-01T00:00:00+00:00
[2023-07-09T17:01:32.053+0000] {processor.py:175} INFO - Processing /home/ubuntu/venv/lib/python3.10/site-packages/airflow/example_dags/example_xcom.py took 0.192 seconds
[2023-07-09T17:02:02.400+0000] {processor.py:153} INFO - Started process (PID=9293) to work on /home/ubuntu/venv/lib/python3.10/site-packages/airflow/example_dags/example_xcom.py
[2023-07-09T17:02:02.412+0000] {processor.py:743} INFO - Processing file /home/ubuntu/venv/lib/python3.10/site-packages/airflow/example_dags/example_xcom.py for tasks to queue
[2023-07-09T17:02:02.413+0000] {logging_mixin.py:137} INFO - [2023-07-09T17:02:02.412+0000] {dagbag.py:538} INFO - Filling up the DagBag from /home/ubuntu/venv/lib/python3.10/site-packages/airflow/example_dags/example_xcom.py
[2023-07-09T17:02:02.455+0000] {processor.py:753} INFO - DAG(s) dict_keys(['example_xcom']) retrieved from /home/ubuntu/venv/lib/python3.10/site-packages/airflow/example_dags/example_xcom.py
[2023-07-09T17:02:02.535+0000] {logging_mixin.py:137} INFO - [2023-07-09T17:02:02.535+0000] {dag.py:2676} INFO - Sync 1 DAGs
[2023-07-09T17:02:02.574+0000] {logging_mixin.py:137} INFO - [2023-07-09T17:02:02.574+0000] {dag.py:3423} INFO - Setting next_dagrun for example_xcom to 2021-01-01T00:00:00+00:00, run_after=2021-01-01T00:00:00+00:00
[2023-07-09T17:02:02.604+0000] {processor.py:175} INFO - Processing /home/ubuntu/venv/lib/python3.10/site-packages/airflow/example_dags/example_xcom.py took 0.210 seconds
[2023-07-09T17:02:32.720+0000] {processor.py:153} INFO - Started process (PID=9530) to work on /home/ubuntu/venv/lib/python3.10/site-packages/airflow/example_dags/example_xcom.py
[2023-07-09T17:02:32.721+0000] {processor.py:743} INFO - Processing file /home/ubuntu/venv/lib/python3.10/site-packages/airflow/example_dags/example_xcom.py for tasks to queue
[2023-07-09T17:02:32.722+0000] {logging_mixin.py:137} INFO - [2023-07-09T17:02:32.722+0000] {dagbag.py:538} INFO - Filling up the DagBag from /home/ubuntu/venv/lib/python3.10/site-packages/airflow/example_dags/example_xcom.py
[2023-07-09T17:02:32.752+0000] {processor.py:753} INFO - DAG(s) dict_keys(['example_xcom']) retrieved from /home/ubuntu/venv/lib/python3.10/site-packages/airflow/example_dags/example_xcom.py
[2023-07-09T17:02:32.798+0000] {logging_mixin.py:137} INFO - [2023-07-09T17:02:32.798+0000] {dag.py:2676} INFO - Sync 1 DAGs
[2023-07-09T17:02:32.822+0000] {logging_mixin.py:137} INFO - [2023-07-09T17:02:32.821+0000] {dag.py:3423} INFO - Setting next_dagrun for example_xcom to 2021-01-01T00:00:00+00:00, run_after=2021-01-01T00:00:00+00:00
[2023-07-09T17:02:32.840+0000] {processor.py:175} INFO - Processing /home/ubuntu/venv/lib/python3.10/site-packages/airflow/example_dags/example_xcom.py took 0.124 seconds
[2023-07-09T17:03:03.370+0000] {processor.py:153} INFO - Started process (PID=9764) to work on /home/ubuntu/venv/lib/python3.10/site-packages/airflow/example_dags/example_xcom.py
[2023-07-09T17:03:03.372+0000] {processor.py:743} INFO - Processing file /home/ubuntu/venv/lib/python3.10/site-packages/airflow/example_dags/example_xcom.py for tasks to queue
[2023-07-09T17:03:03.373+0000] {logging_mixin.py:137} INFO - [2023-07-09T17:03:03.373+0000] {dagbag.py:538} INFO - Filling up the DagBag from /home/ubuntu/venv/lib/python3.10/site-packages/airflow/example_dags/example_xcom.py
[2023-07-09T17:03:03.401+0000] {processor.py:753} INFO - DAG(s) dict_keys(['example_xcom']) retrieved from /home/ubuntu/venv/lib/python3.10/site-packages/airflow/example_dags/example_xcom.py
[2023-07-09T17:03:03.447+0000] {logging_mixin.py:137} INFO - [2023-07-09T17:03:03.447+0000] {dag.py:2676} INFO - Sync 1 DAGs
[2023-07-09T17:03:03.469+0000] {logging_mixin.py:137} INFO - [2023-07-09T17:03:03.469+0000] {dag.py:3423} INFO - Setting next_dagrun for example_xcom to 2021-01-01T00:00:00+00:00, run_after=2021-01-01T00:00:00+00:00
[2023-07-09T17:03:03.488+0000] {processor.py:175} INFO - Processing /home/ubuntu/venv/lib/python3.10/site-packages/airflow/example_dags/example_xcom.py took 0.121 seconds
[2023-07-09T17:03:34.333+0000] {processor.py:153} INFO - Started process (PID=10000) to work on /home/ubuntu/venv/lib/python3.10/site-packages/airflow/example_dags/example_xcom.py
[2023-07-09T17:03:34.335+0000] {processor.py:743} INFO - Processing file /home/ubuntu/venv/lib/python3.10/site-packages/airflow/example_dags/example_xcom.py for tasks to queue
[2023-07-09T17:03:34.335+0000] {logging_mixin.py:137} INFO - [2023-07-09T17:03:34.335+0000] {dagbag.py:538} INFO - Filling up the DagBag from /home/ubuntu/venv/lib/python3.10/site-packages/airflow/example_dags/example_xcom.py
[2023-07-09T17:03:34.376+0000] {processor.py:753} INFO - DAG(s) dict_keys(['example_xcom']) retrieved from /home/ubuntu/venv/lib/python3.10/site-packages/airflow/example_dags/example_xcom.py
[2023-07-09T17:03:34.434+0000] {logging_mixin.py:137} INFO - [2023-07-09T17:03:34.434+0000] {dag.py:2676} INFO - Sync 1 DAGs
[2023-07-09T17:03:34.459+0000] {logging_mixin.py:137} INFO - [2023-07-09T17:03:34.459+0000] {dag.py:3423} INFO - Setting next_dagrun for example_xcom to 2021-01-01T00:00:00+00:00, run_after=2021-01-01T00:00:00+00:00
[2023-07-09T17:03:34.481+0000] {processor.py:175} INFO - Processing /home/ubuntu/venv/lib/python3.10/site-packages/airflow/example_dags/example_xcom.py took 0.153 seconds
[2023-07-09T17:04:05.170+0000] {processor.py:153} INFO - Started process (PID=10236) to work on /home/ubuntu/venv/lib/python3.10/site-packages/airflow/example_dags/example_xcom.py
[2023-07-09T17:04:05.172+0000] {processor.py:743} INFO - Processing file /home/ubuntu/venv/lib/python3.10/site-packages/airflow/example_dags/example_xcom.py for tasks to queue
[2023-07-09T17:04:05.173+0000] {logging_mixin.py:137} INFO - [2023-07-09T17:04:05.173+0000] {dagbag.py:538} INFO - Filling up the DagBag from /home/ubuntu/venv/lib/python3.10/site-packages/airflow/example_dags/example_xcom.py
[2023-07-09T17:04:05.221+0000] {processor.py:753} INFO - DAG(s) dict_keys(['example_xcom']) retrieved from /home/ubuntu/venv/lib/python3.10/site-packages/airflow/example_dags/example_xcom.py
[2023-07-09T17:04:05.274+0000] {logging_mixin.py:137} INFO - [2023-07-09T17:04:05.274+0000] {dag.py:2676} INFO - Sync 1 DAGs
[2023-07-09T17:04:05.300+0000] {logging_mixin.py:137} INFO - [2023-07-09T17:04:05.300+0000] {dag.py:3423} INFO - Setting next_dagrun for example_xcom to 2021-01-01T00:00:00+00:00, run_after=2021-01-01T00:00:00+00:00
[2023-07-09T17:04:05.323+0000] {processor.py:175} INFO - Processing /home/ubuntu/venv/lib/python3.10/site-packages/airflow/example_dags/example_xcom.py took 0.157 seconds
[2023-07-09T17:04:36.371+0000] {processor.py:153} INFO - Started process (PID=10470) to work on /home/ubuntu/venv/lib/python3.10/site-packages/airflow/example_dags/example_xcom.py
[2023-07-09T17:04:36.372+0000] {processor.py:743} INFO - Processing file /home/ubuntu/venv/lib/python3.10/site-packages/airflow/example_dags/example_xcom.py for tasks to queue
[2023-07-09T17:04:36.374+0000] {logging_mixin.py:137} INFO - [2023-07-09T17:04:36.373+0000] {dagbag.py:538} INFO - Filling up the DagBag from /home/ubuntu/venv/lib/python3.10/site-packages/airflow/example_dags/example_xcom.py
[2023-07-09T17:04:36.428+0000] {processor.py:753} INFO - DAG(s) dict_keys(['example_xcom']) retrieved from /home/ubuntu/venv/lib/python3.10/site-packages/airflow/example_dags/example_xcom.py
[2023-07-09T17:04:36.510+0000] {logging_mixin.py:137} INFO - [2023-07-09T17:04:36.509+0000] {dag.py:2676} INFO - Sync 1 DAGs
[2023-07-09T17:04:36.754+0000] {logging_mixin.py:137} INFO - [2023-07-09T17:04:36.754+0000] {dag.py:3423} INFO - Setting next_dagrun for example_xcom to 2021-01-01T00:00:00+00:00, run_after=2021-01-01T00:00:00+00:00
[2023-07-09T17:04:36.781+0000] {processor.py:175} INFO - Processing /home/ubuntu/venv/lib/python3.10/site-packages/airflow/example_dags/example_xcom.py took 0.416 seconds
[2023-07-09T17:05:55.636+0000] {processor.py:153} INFO - Started process (PID=10952) to work on /home/ubuntu/venv/lib/python3.10/site-packages/airflow/example_dags/example_xcom.py
[2023-07-09T17:05:55.639+0000] {processor.py:743} INFO - Processing file /home/ubuntu/venv/lib/python3.10/site-packages/airflow/example_dags/example_xcom.py for tasks to queue
[2023-07-09T17:05:55.641+0000] {logging_mixin.py:137} INFO - [2023-07-09T17:05:55.640+0000] {dagbag.py:538} INFO - Filling up the DagBag from /home/ubuntu/venv/lib/python3.10/site-packages/airflow/example_dags/example_xcom.py
[2023-07-09T17:05:55.863+0000] {processor.py:753} INFO - DAG(s) dict_keys(['example_xcom']) retrieved from /home/ubuntu/venv/lib/python3.10/site-packages/airflow/example_dags/example_xcom.py
[2023-07-09T17:05:56.088+0000] {logging_mixin.py:137} INFO - [2023-07-09T17:05:56.087+0000] {dag.py:2676} INFO - Sync 1 DAGs
[2023-07-09T17:05:56.184+0000] {logging_mixin.py:137} INFO - [2023-07-09T17:05:56.184+0000] {dag.py:3423} INFO - Setting next_dagrun for example_xcom to 2021-01-01T00:00:00+00:00, run_after=2021-01-01T00:00:00+00:00
[2023-07-09T17:05:56.266+0000] {processor.py:175} INFO - Processing /home/ubuntu/venv/lib/python3.10/site-packages/airflow/example_dags/example_xcom.py took 0.648 seconds
[2023-07-09T17:06:26.393+0000] {processor.py:153} INFO - Started process (PID=11304) to work on /home/ubuntu/venv/lib/python3.10/site-packages/airflow/example_dags/example_xcom.py
[2023-07-09T17:06:26.394+0000] {processor.py:743} INFO - Processing file /home/ubuntu/venv/lib/python3.10/site-packages/airflow/example_dags/example_xcom.py for tasks to queue
[2023-07-09T17:06:26.395+0000] {logging_mixin.py:137} INFO - [2023-07-09T17:06:26.395+0000] {dagbag.py:538} INFO - Filling up the DagBag from /home/ubuntu/venv/lib/python3.10/site-packages/airflow/example_dags/example_xcom.py
[2023-07-09T17:06:26.437+0000] {processor.py:753} INFO - DAG(s) dict_keys(['example_xcom']) retrieved from /home/ubuntu/venv/lib/python3.10/site-packages/airflow/example_dags/example_xcom.py
[2023-07-09T17:06:26.519+0000] {logging_mixin.py:137} INFO - [2023-07-09T17:06:26.518+0000] {dag.py:2676} INFO - Sync 1 DAGs
[2023-07-09T17:06:26.555+0000] {logging_mixin.py:137} INFO - [2023-07-09T17:06:26.555+0000] {dag.py:3423} INFO - Setting next_dagrun for example_xcom to 2021-01-01T00:00:00+00:00, run_after=2021-01-01T00:00:00+00:00
[2023-07-09T17:06:26.613+0000] {processor.py:175} INFO - Processing /home/ubuntu/venv/lib/python3.10/site-packages/airflow/example_dags/example_xcom.py took 0.225 seconds
[2023-07-09T17:07:25.163+0000] {processor.py:153} INFO - Started process (PID=11762) to work on /home/ubuntu/venv/lib/python3.10/site-packages/airflow/example_dags/example_xcom.py
[2023-07-09T17:07:25.165+0000] {processor.py:743} INFO - Processing file /home/ubuntu/venv/lib/python3.10/site-packages/airflow/example_dags/example_xcom.py for tasks to queue
[2023-07-09T17:07:25.166+0000] {logging_mixin.py:137} INFO - [2023-07-09T17:07:25.166+0000] {dagbag.py:538} INFO - Filling up the DagBag from /home/ubuntu/venv/lib/python3.10/site-packages/airflow/example_dags/example_xcom.py
[2023-07-09T17:07:25.211+0000] {processor.py:753} INFO - DAG(s) dict_keys(['example_xcom']) retrieved from /home/ubuntu/venv/lib/python3.10/site-packages/airflow/example_dags/example_xcom.py
[2023-07-09T17:07:25.311+0000] {logging_mixin.py:137} INFO - [2023-07-09T17:07:25.311+0000] {dag.py:2676} INFO - Sync 1 DAGs
[2023-07-09T17:07:25.343+0000] {logging_mixin.py:137} INFO - [2023-07-09T17:07:25.343+0000] {dag.py:3423} INFO - Setting next_dagrun for example_xcom to 2021-01-01T00:00:00+00:00, run_after=2021-01-01T00:00:00+00:00
[2023-07-09T17:07:25.384+0000] {processor.py:175} INFO - Processing /home/ubuntu/venv/lib/python3.10/site-packages/airflow/example_dags/example_xcom.py took 0.232 seconds
[2023-07-09T17:07:55.918+0000] {processor.py:153} INFO - Started process (PID=12037) to work on /home/ubuntu/venv/lib/python3.10/site-packages/airflow/example_dags/example_xcom.py
[2023-07-09T17:07:55.920+0000] {processor.py:743} INFO - Processing file /home/ubuntu/venv/lib/python3.10/site-packages/airflow/example_dags/example_xcom.py for tasks to queue
[2023-07-09T17:07:55.921+0000] {logging_mixin.py:137} INFO - [2023-07-09T17:07:55.921+0000] {dagbag.py:538} INFO - Filling up the DagBag from /home/ubuntu/venv/lib/python3.10/site-packages/airflow/example_dags/example_xcom.py
[2023-07-09T17:07:55.955+0000] {processor.py:753} INFO - DAG(s) dict_keys(['example_xcom']) retrieved from /home/ubuntu/venv/lib/python3.10/site-packages/airflow/example_dags/example_xcom.py
[2023-07-09T17:07:56.021+0000] {logging_mixin.py:137} INFO - [2023-07-09T17:07:56.021+0000] {dag.py:2676} INFO - Sync 1 DAGs
[2023-07-09T17:07:56.052+0000] {logging_mixin.py:137} INFO - [2023-07-09T17:07:56.051+0000] {dag.py:3423} INFO - Setting next_dagrun for example_xcom to 2021-01-01T00:00:00+00:00, run_after=2021-01-01T00:00:00+00:00
[2023-07-09T17:07:56.076+0000] {processor.py:175} INFO - Processing /home/ubuntu/venv/lib/python3.10/site-packages/airflow/example_dags/example_xcom.py took 0.162 seconds
[2023-07-09T17:08:26.733+0000] {processor.py:153} INFO - Started process (PID=12272) to work on /home/ubuntu/venv/lib/python3.10/site-packages/airflow/example_dags/example_xcom.py
[2023-07-09T17:08:26.735+0000] {processor.py:743} INFO - Processing file /home/ubuntu/venv/lib/python3.10/site-packages/airflow/example_dags/example_xcom.py for tasks to queue
[2023-07-09T17:08:26.735+0000] {logging_mixin.py:137} INFO - [2023-07-09T17:08:26.735+0000] {dagbag.py:538} INFO - Filling up the DagBag from /home/ubuntu/venv/lib/python3.10/site-packages/airflow/example_dags/example_xcom.py
[2023-07-09T17:08:26.772+0000] {processor.py:753} INFO - DAG(s) dict_keys(['example_xcom']) retrieved from /home/ubuntu/venv/lib/python3.10/site-packages/airflow/example_dags/example_xcom.py
[2023-07-09T17:08:26.850+0000] {logging_mixin.py:137} INFO - [2023-07-09T17:08:26.850+0000] {dag.py:2676} INFO - Sync 1 DAGs
[2023-07-09T17:08:26.888+0000] {logging_mixin.py:137} INFO - [2023-07-09T17:08:26.887+0000] {dag.py:3423} INFO - Setting next_dagrun for example_xcom to 2021-01-01T00:00:00+00:00, run_after=2021-01-01T00:00:00+00:00
[2023-07-09T17:08:26.914+0000] {processor.py:175} INFO - Processing /home/ubuntu/venv/lib/python3.10/site-packages/airflow/example_dags/example_xcom.py took 0.185 seconds
[2023-07-09T17:09:05.106+0000] {processor.py:153} INFO - Started process (PID=12728) to work on /home/ubuntu/venv/lib/python3.10/site-packages/airflow/example_dags/example_xcom.py
[2023-07-09T17:09:05.108+0000] {processor.py:743} INFO - Processing file /home/ubuntu/venv/lib/python3.10/site-packages/airflow/example_dags/example_xcom.py for tasks to queue
[2023-07-09T17:09:05.109+0000] {logging_mixin.py:137} INFO - [2023-07-09T17:09:05.108+0000] {dagbag.py:538} INFO - Filling up the DagBag from /home/ubuntu/venv/lib/python3.10/site-packages/airflow/example_dags/example_xcom.py
[2023-07-09T17:09:05.147+0000] {processor.py:753} INFO - DAG(s) dict_keys(['example_xcom']) retrieved from /home/ubuntu/venv/lib/python3.10/site-packages/airflow/example_dags/example_xcom.py
[2023-07-09T17:09:05.216+0000] {logging_mixin.py:137} INFO - [2023-07-09T17:09:05.216+0000] {dag.py:2676} INFO - Sync 1 DAGs
[2023-07-09T17:09:05.257+0000] {logging_mixin.py:137} INFO - [2023-07-09T17:09:05.256+0000] {dag.py:3423} INFO - Setting next_dagrun for example_xcom to 2021-01-01T00:00:00+00:00, run_after=2021-01-01T00:00:00+00:00
[2023-07-09T17:09:05.282+0000] {processor.py:175} INFO - Processing /home/ubuntu/venv/lib/python3.10/site-packages/airflow/example_dags/example_xcom.py took 0.181 seconds
[2023-07-09T17:09:35.339+0000] {processor.py:153} INFO - Started process (PID=13003) to work on /home/ubuntu/venv/lib/python3.10/site-packages/airflow/example_dags/example_xcom.py
[2023-07-09T17:09:35.339+0000] {processor.py:743} INFO - Processing file /home/ubuntu/venv/lib/python3.10/site-packages/airflow/example_dags/example_xcom.py for tasks to queue
[2023-07-09T17:09:35.340+0000] {logging_mixin.py:137} INFO - [2023-07-09T17:09:35.340+0000] {dagbag.py:538} INFO - Filling up the DagBag from /home/ubuntu/venv/lib/python3.10/site-packages/airflow/example_dags/example_xcom.py
[2023-07-09T17:09:35.368+0000] {processor.py:753} INFO - DAG(s) dict_keys(['example_xcom']) retrieved from /home/ubuntu/venv/lib/python3.10/site-packages/airflow/example_dags/example_xcom.py
[2023-07-09T17:09:35.447+0000] {logging_mixin.py:137} INFO - [2023-07-09T17:09:35.447+0000] {dag.py:2676} INFO - Sync 1 DAGs
[2023-07-09T17:09:35.485+0000] {logging_mixin.py:137} INFO - [2023-07-09T17:09:35.485+0000] {dag.py:3423} INFO - Setting next_dagrun for example_xcom to 2021-01-01T00:00:00+00:00, run_after=2021-01-01T00:00:00+00:00
[2023-07-09T17:09:35.511+0000] {processor.py:175} INFO - Processing /home/ubuntu/venv/lib/python3.10/site-packages/airflow/example_dags/example_xcom.py took 0.176 seconds
[2023-07-09T17:10:05.838+0000] {processor.py:153} INFO - Started process (PID=13236) to work on /home/ubuntu/venv/lib/python3.10/site-packages/airflow/example_dags/example_xcom.py
[2023-07-09T17:10:05.841+0000] {processor.py:743} INFO - Processing file /home/ubuntu/venv/lib/python3.10/site-packages/airflow/example_dags/example_xcom.py for tasks to queue
[2023-07-09T17:10:05.843+0000] {logging_mixin.py:137} INFO - [2023-07-09T17:10:05.843+0000] {dagbag.py:538} INFO - Filling up the DagBag from /home/ubuntu/venv/lib/python3.10/site-packages/airflow/example_dags/example_xcom.py
[2023-07-09T17:10:05.886+0000] {processor.py:753} INFO - DAG(s) dict_keys(['example_xcom']) retrieved from /home/ubuntu/venv/lib/python3.10/site-packages/airflow/example_dags/example_xcom.py
[2023-07-09T17:10:05.969+0000] {logging_mixin.py:137} INFO - [2023-07-09T17:10:05.968+0000] {dag.py:2676} INFO - Sync 1 DAGs
[2023-07-09T17:10:06.004+0000] {logging_mixin.py:137} INFO - [2023-07-09T17:10:06.003+0000] {dag.py:3423} INFO - Setting next_dagrun for example_xcom to 2021-01-01T00:00:00+00:00, run_after=2021-01-01T00:00:00+00:00
[2023-07-09T17:10:06.029+0000] {processor.py:175} INFO - Processing /home/ubuntu/venv/lib/python3.10/site-packages/airflow/example_dags/example_xcom.py took 0.195 seconds
