[2023-07-09T15:46:33.857+0000] {processor.py:153} INFO - Started process (PID=1341) to work on /home/ubuntu/venv/lib/python3.10/site-packages/airflow/example_dags/example_task_group_decorator.py
[2023-07-09T15:46:33.858+0000] {processor.py:743} INFO - Processing file /home/ubuntu/venv/lib/python3.10/site-packages/airflow/example_dags/example_task_group_decorator.py for tasks to queue
[2023-07-09T15:46:33.859+0000] {logging_mixin.py:137} INFO - [2023-07-09T15:46:33.859+0000] {dagbag.py:538} INFO - Filling up the DagBag from /home/ubuntu/venv/lib/python3.10/site-packages/airflow/example_dags/example_task_group_decorator.py
[2023-07-09T15:46:33.902+0000] {processor.py:753} INFO - DAG(s) dict_keys(['example_task_group_decorator']) retrieved from /home/ubuntu/venv/lib/python3.10/site-packages/airflow/example_dags/example_task_group_decorator.py
[2023-07-09T15:46:33.986+0000] {logging_mixin.py:137} INFO - [2023-07-09T15:46:33.985+0000] {dag.py:2676} INFO - Sync 1 DAGs
[2023-07-09T15:46:34.017+0000] {logging_mixin.py:137} INFO - [2023-07-09T15:46:34.017+0000] {dag.py:3423} INFO - Setting next_dagrun for example_task_group_decorator to 2023-07-08T15:46:34.016783+00:00, run_after=2023-07-09T15:46:34.016783+00:00
[2023-07-09T15:46:34.039+0000] {processor.py:175} INFO - Processing /home/ubuntu/venv/lib/python3.10/site-packages/airflow/example_dags/example_task_group_decorator.py took 0.185 seconds
[2023-07-09T15:47:04.651+0000] {processor.py:153} INFO - Started process (PID=1580) to work on /home/ubuntu/venv/lib/python3.10/site-packages/airflow/example_dags/example_task_group_decorator.py
[2023-07-09T15:47:04.655+0000] {processor.py:743} INFO - Processing file /home/ubuntu/venv/lib/python3.10/site-packages/airflow/example_dags/example_task_group_decorator.py for tasks to queue
[2023-07-09T15:47:04.656+0000] {logging_mixin.py:137} INFO - [2023-07-09T15:47:04.656+0000] {dagbag.py:538} INFO - Filling up the DagBag from /home/ubuntu/venv/lib/python3.10/site-packages/airflow/example_dags/example_task_group_decorator.py
[2023-07-09T15:47:04.693+0000] {processor.py:753} INFO - DAG(s) dict_keys(['example_task_group_decorator']) retrieved from /home/ubuntu/venv/lib/python3.10/site-packages/airflow/example_dags/example_task_group_decorator.py
[2023-07-09T15:47:04.763+0000] {logging_mixin.py:137} INFO - [2023-07-09T15:47:04.762+0000] {dag.py:2676} INFO - Sync 1 DAGs
[2023-07-09T15:47:04.805+0000] {logging_mixin.py:137} INFO - [2023-07-09T15:47:04.805+0000] {dag.py:3423} INFO - Setting next_dagrun for example_task_group_decorator to 2023-07-08T15:47:04.804709+00:00, run_after=2023-07-09T15:47:04.804709+00:00
[2023-07-09T15:47:04.845+0000] {processor.py:175} INFO - Processing /home/ubuntu/venv/lib/python3.10/site-packages/airflow/example_dags/example_task_group_decorator.py took 0.198 seconds
[2023-07-09T15:47:35.013+0000] {processor.py:153} INFO - Started process (PID=1882) to work on /home/ubuntu/venv/lib/python3.10/site-packages/airflow/example_dags/example_task_group_decorator.py
[2023-07-09T15:47:35.014+0000] {processor.py:743} INFO - Processing file /home/ubuntu/venv/lib/python3.10/site-packages/airflow/example_dags/example_task_group_decorator.py for tasks to queue
[2023-07-09T15:47:35.015+0000] {logging_mixin.py:137} INFO - [2023-07-09T15:47:35.014+0000] {dagbag.py:538} INFO - Filling up the DagBag from /home/ubuntu/venv/lib/python3.10/site-packages/airflow/example_dags/example_task_group_decorator.py
[2023-07-09T15:47:35.061+0000] {processor.py:753} INFO - DAG(s) dict_keys(['example_task_group_decorator']) retrieved from /home/ubuntu/venv/lib/python3.10/site-packages/airflow/example_dags/example_task_group_decorator.py
[2023-07-09T15:47:35.134+0000] {logging_mixin.py:137} INFO - [2023-07-09T15:47:35.134+0000] {dag.py:2676} INFO - Sync 1 DAGs
[2023-07-09T15:47:35.176+0000] {logging_mixin.py:137} INFO - [2023-07-09T15:47:35.176+0000] {dag.py:3423} INFO - Setting next_dagrun for example_task_group_decorator to 2023-07-08T15:47:35.176025+00:00, run_after=2023-07-09T15:47:35.176025+00:00
[2023-07-09T15:47:35.222+0000] {processor.py:175} INFO - Processing /home/ubuntu/venv/lib/python3.10/site-packages/airflow/example_dags/example_task_group_decorator.py took 0.221 seconds
[2023-07-09T15:49:52.630+0000] {processor.py:153} INFO - Started process (PID=2161) to work on /home/ubuntu/venv/lib/python3.10/site-packages/airflow/example_dags/example_task_group_decorator.py
[2023-07-09T15:49:52.632+0000] {processor.py:743} INFO - Processing file /home/ubuntu/venv/lib/python3.10/site-packages/airflow/example_dags/example_task_group_decorator.py for tasks to queue
[2023-07-09T15:49:52.633+0000] {logging_mixin.py:137} INFO - [2023-07-09T15:49:52.632+0000] {dagbag.py:538} INFO - Filling up the DagBag from /home/ubuntu/venv/lib/python3.10/site-packages/airflow/example_dags/example_task_group_decorator.py
[2023-07-09T15:49:52.685+0000] {processor.py:753} INFO - DAG(s) dict_keys(['example_task_group_decorator']) retrieved from /home/ubuntu/venv/lib/python3.10/site-packages/airflow/example_dags/example_task_group_decorator.py
[2023-07-09T15:49:52.768+0000] {logging_mixin.py:137} INFO - [2023-07-09T15:49:52.767+0000] {dag.py:2676} INFO - Sync 1 DAGs
[2023-07-09T15:49:52.798+0000] {logging_mixin.py:137} INFO - [2023-07-09T15:49:52.798+0000] {dag.py:3423} INFO - Setting next_dagrun for example_task_group_decorator to 2023-07-08T15:49:52.798211+00:00, run_after=2023-07-09T15:49:52.798211+00:00
[2023-07-09T15:49:52.824+0000] {processor.py:175} INFO - Processing /home/ubuntu/venv/lib/python3.10/site-packages/airflow/example_dags/example_task_group_decorator.py took 0.198 seconds
[2023-07-09T15:50:23.675+0000] {processor.py:153} INFO - Started process (PID=2396) to work on /home/ubuntu/venv/lib/python3.10/site-packages/airflow/example_dags/example_task_group_decorator.py
[2023-07-09T15:50:23.676+0000] {processor.py:743} INFO - Processing file /home/ubuntu/venv/lib/python3.10/site-packages/airflow/example_dags/example_task_group_decorator.py for tasks to queue
[2023-07-09T15:50:23.677+0000] {logging_mixin.py:137} INFO - [2023-07-09T15:50:23.676+0000] {dagbag.py:538} INFO - Filling up the DagBag from /home/ubuntu/venv/lib/python3.10/site-packages/airflow/example_dags/example_task_group_decorator.py
[2023-07-09T15:50:23.718+0000] {processor.py:753} INFO - DAG(s) dict_keys(['example_task_group_decorator']) retrieved from /home/ubuntu/venv/lib/python3.10/site-packages/airflow/example_dags/example_task_group_decorator.py
[2023-07-09T15:50:23.801+0000] {logging_mixin.py:137} INFO - [2023-07-09T15:50:23.800+0000] {dag.py:2676} INFO - Sync 1 DAGs
[2023-07-09T15:50:23.836+0000] {logging_mixin.py:137} INFO - [2023-07-09T15:50:23.836+0000] {dag.py:3423} INFO - Setting next_dagrun for example_task_group_decorator to 2023-07-08T15:50:23.836216+00:00, run_after=2023-07-09T15:50:23.836216+00:00
[2023-07-09T15:50:23.870+0000] {processor.py:175} INFO - Processing /home/ubuntu/venv/lib/python3.10/site-packages/airflow/example_dags/example_task_group_decorator.py took 0.200 seconds
[2023-07-09T16:47:16.112+0000] {processor.py:153} INFO - Started process (PID=3460) to work on /home/ubuntu/venv/lib/python3.10/site-packages/airflow/example_dags/example_task_group_decorator.py
[2023-07-09T16:47:16.114+0000] {processor.py:743} INFO - Processing file /home/ubuntu/venv/lib/python3.10/site-packages/airflow/example_dags/example_task_group_decorator.py for tasks to queue
[2023-07-09T16:47:16.115+0000] {logging_mixin.py:137} INFO - [2023-07-09T16:47:16.115+0000] {dagbag.py:538} INFO - Filling up the DagBag from /home/ubuntu/venv/lib/python3.10/site-packages/airflow/example_dags/example_task_group_decorator.py
[2023-07-09T16:47:16.168+0000] {processor.py:753} INFO - DAG(s) dict_keys(['example_task_group_decorator']) retrieved from /home/ubuntu/venv/lib/python3.10/site-packages/airflow/example_dags/example_task_group_decorator.py
[2023-07-09T16:47:16.235+0000] {logging_mixin.py:137} INFO - [2023-07-09T16:47:16.235+0000] {dag.py:2676} INFO - Sync 1 DAGs
[2023-07-09T16:47:16.266+0000] {logging_mixin.py:137} INFO - [2023-07-09T16:47:16.265+0000] {dag.py:3423} INFO - Setting next_dagrun for example_task_group_decorator to 2023-07-08T16:47:16.265555+00:00, run_after=2023-07-09T16:47:16.265555+00:00
[2023-07-09T16:47:16.287+0000] {processor.py:175} INFO - Processing /home/ubuntu/venv/lib/python3.10/site-packages/airflow/example_dags/example_task_group_decorator.py took 0.180 seconds
[2023-07-09T16:47:47.470+0000] {processor.py:153} INFO - Started process (PID=3828) to work on /home/ubuntu/venv/lib/python3.10/site-packages/airflow/example_dags/example_task_group_decorator.py
[2023-07-09T16:47:47.471+0000] {processor.py:743} INFO - Processing file /home/ubuntu/venv/lib/python3.10/site-packages/airflow/example_dags/example_task_group_decorator.py for tasks to queue
[2023-07-09T16:47:47.472+0000] {logging_mixin.py:137} INFO - [2023-07-09T16:47:47.472+0000] {dagbag.py:538} INFO - Filling up the DagBag from /home/ubuntu/venv/lib/python3.10/site-packages/airflow/example_dags/example_task_group_decorator.py
[2023-07-09T16:47:47.514+0000] {processor.py:753} INFO - DAG(s) dict_keys(['example_task_group_decorator']) retrieved from /home/ubuntu/venv/lib/python3.10/site-packages/airflow/example_dags/example_task_group_decorator.py
[2023-07-09T16:47:47.591+0000] {logging_mixin.py:137} INFO - [2023-07-09T16:47:47.590+0000] {dag.py:2676} INFO - Sync 1 DAGs
[2023-07-09T16:47:47.629+0000] {logging_mixin.py:137} INFO - [2023-07-09T16:47:47.628+0000] {dag.py:3423} INFO - Setting next_dagrun for example_task_group_decorator to 2023-07-08T16:47:47.628429+00:00, run_after=2023-07-09T16:47:47.628429+00:00
[2023-07-09T16:47:47.658+0000] {processor.py:175} INFO - Processing /home/ubuntu/venv/lib/python3.10/site-packages/airflow/example_dags/example_task_group_decorator.py took 0.192 seconds
[2023-07-09T16:48:18.323+0000] {processor.py:153} INFO - Started process (PID=4063) to work on /home/ubuntu/venv/lib/python3.10/site-packages/airflow/example_dags/example_task_group_decorator.py
[2023-07-09T16:48:18.325+0000] {processor.py:743} INFO - Processing file /home/ubuntu/venv/lib/python3.10/site-packages/airflow/example_dags/example_task_group_decorator.py for tasks to queue
[2023-07-09T16:48:18.326+0000] {logging_mixin.py:137} INFO - [2023-07-09T16:48:18.326+0000] {dagbag.py:538} INFO - Filling up the DagBag from /home/ubuntu/venv/lib/python3.10/site-packages/airflow/example_dags/example_task_group_decorator.py
[2023-07-09T16:48:18.382+0000] {processor.py:753} INFO - DAG(s) dict_keys(['example_task_group_decorator']) retrieved from /home/ubuntu/venv/lib/python3.10/site-packages/airflow/example_dags/example_task_group_decorator.py
[2023-07-09T16:48:18.465+0000] {logging_mixin.py:137} INFO - [2023-07-09T16:48:18.465+0000] {dag.py:2676} INFO - Sync 1 DAGs
[2023-07-09T16:48:18.511+0000] {logging_mixin.py:137} INFO - [2023-07-09T16:48:18.511+0000] {dag.py:3423} INFO - Setting next_dagrun for example_task_group_decorator to 2023-07-08T16:48:18.511081+00:00, run_after=2023-07-09T16:48:18.511081+00:00
[2023-07-09T16:48:18.557+0000] {processor.py:175} INFO - Processing /home/ubuntu/venv/lib/python3.10/site-packages/airflow/example_dags/example_task_group_decorator.py took 0.238 seconds
[2023-07-09T16:48:49.018+0000] {processor.py:153} INFO - Started process (PID=4299) to work on /home/ubuntu/venv/lib/python3.10/site-packages/airflow/example_dags/example_task_group_decorator.py
[2023-07-09T16:48:49.019+0000] {processor.py:743} INFO - Processing file /home/ubuntu/venv/lib/python3.10/site-packages/airflow/example_dags/example_task_group_decorator.py for tasks to queue
[2023-07-09T16:48:49.020+0000] {logging_mixin.py:137} INFO - [2023-07-09T16:48:49.019+0000] {dagbag.py:538} INFO - Filling up the DagBag from /home/ubuntu/venv/lib/python3.10/site-packages/airflow/example_dags/example_task_group_decorator.py
[2023-07-09T16:48:49.063+0000] {processor.py:753} INFO - DAG(s) dict_keys(['example_task_group_decorator']) retrieved from /home/ubuntu/venv/lib/python3.10/site-packages/airflow/example_dags/example_task_group_decorator.py
[2023-07-09T16:48:49.145+0000] {logging_mixin.py:137} INFO - [2023-07-09T16:48:49.144+0000] {dag.py:2676} INFO - Sync 1 DAGs
[2023-07-09T16:48:49.179+0000] {logging_mixin.py:137} INFO - [2023-07-09T16:48:49.178+0000] {dag.py:3423} INFO - Setting next_dagrun for example_task_group_decorator to 2023-07-08T16:48:49.178641+00:00, run_after=2023-07-09T16:48:49.178641+00:00
[2023-07-09T16:48:49.203+0000] {processor.py:175} INFO - Processing /home/ubuntu/venv/lib/python3.10/site-packages/airflow/example_dags/example_task_group_decorator.py took 0.189 seconds
[2023-07-09T16:49:20.097+0000] {processor.py:153} INFO - Started process (PID=4533) to work on /home/ubuntu/venv/lib/python3.10/site-packages/airflow/example_dags/example_task_group_decorator.py
[2023-07-09T16:49:20.099+0000] {processor.py:743} INFO - Processing file /home/ubuntu/venv/lib/python3.10/site-packages/airflow/example_dags/example_task_group_decorator.py for tasks to queue
[2023-07-09T16:49:20.100+0000] {logging_mixin.py:137} INFO - [2023-07-09T16:49:20.099+0000] {dagbag.py:538} INFO - Filling up the DagBag from /home/ubuntu/venv/lib/python3.10/site-packages/airflow/example_dags/example_task_group_decorator.py
[2023-07-09T16:49:20.145+0000] {processor.py:753} INFO - DAG(s) dict_keys(['example_task_group_decorator']) retrieved from /home/ubuntu/venv/lib/python3.10/site-packages/airflow/example_dags/example_task_group_decorator.py
[2023-07-09T16:49:20.212+0000] {logging_mixin.py:137} INFO - [2023-07-09T16:49:20.211+0000] {dag.py:2676} INFO - Sync 1 DAGs
[2023-07-09T16:49:20.243+0000] {logging_mixin.py:137} INFO - [2023-07-09T16:49:20.243+0000] {dag.py:3423} INFO - Setting next_dagrun for example_task_group_decorator to 2023-07-08T16:49:20.242951+00:00, run_after=2023-07-09T16:49:20.242951+00:00
[2023-07-09T16:49:20.264+0000] {processor.py:175} INFO - Processing /home/ubuntu/venv/lib/python3.10/site-packages/airflow/example_dags/example_task_group_decorator.py took 0.172 seconds
[2023-07-09T16:49:51.404+0000] {processor.py:153} INFO - Started process (PID=4770) to work on /home/ubuntu/venv/lib/python3.10/site-packages/airflow/example_dags/example_task_group_decorator.py
[2023-07-09T16:49:51.405+0000] {processor.py:743} INFO - Processing file /home/ubuntu/venv/lib/python3.10/site-packages/airflow/example_dags/example_task_group_decorator.py for tasks to queue
[2023-07-09T16:49:51.405+0000] {logging_mixin.py:137} INFO - [2023-07-09T16:49:51.405+0000] {dagbag.py:538} INFO - Filling up the DagBag from /home/ubuntu/venv/lib/python3.10/site-packages/airflow/example_dags/example_task_group_decorator.py
[2023-07-09T16:49:51.450+0000] {processor.py:753} INFO - DAG(s) dict_keys(['example_task_group_decorator']) retrieved from /home/ubuntu/venv/lib/python3.10/site-packages/airflow/example_dags/example_task_group_decorator.py
[2023-07-09T16:49:51.522+0000] {logging_mixin.py:137} INFO - [2023-07-09T16:49:51.521+0000] {dag.py:2676} INFO - Sync 1 DAGs
[2023-07-09T16:49:51.554+0000] {logging_mixin.py:137} INFO - [2023-07-09T16:49:51.554+0000] {dag.py:3423} INFO - Setting next_dagrun for example_task_group_decorator to 2023-07-08T16:49:51.553849+00:00, run_after=2023-07-09T16:49:51.553849+00:00
[2023-07-09T16:49:51.578+0000] {processor.py:175} INFO - Processing /home/ubuntu/venv/lib/python3.10/site-packages/airflow/example_dags/example_task_group_decorator.py took 0.178 seconds
[2023-07-09T16:50:21.891+0000] {processor.py:153} INFO - Started process (PID=5004) to work on /home/ubuntu/venv/lib/python3.10/site-packages/airflow/example_dags/example_task_group_decorator.py
[2023-07-09T16:50:21.892+0000] {processor.py:743} INFO - Processing file /home/ubuntu/venv/lib/python3.10/site-packages/airflow/example_dags/example_task_group_decorator.py for tasks to queue
[2023-07-09T16:50:21.894+0000] {logging_mixin.py:137} INFO - [2023-07-09T16:50:21.893+0000] {dagbag.py:538} INFO - Filling up the DagBag from /home/ubuntu/venv/lib/python3.10/site-packages/airflow/example_dags/example_task_group_decorator.py
[2023-07-09T16:50:21.941+0000] {processor.py:753} INFO - DAG(s) dict_keys(['example_task_group_decorator']) retrieved from /home/ubuntu/venv/lib/python3.10/site-packages/airflow/example_dags/example_task_group_decorator.py
[2023-07-09T16:50:22.017+0000] {logging_mixin.py:137} INFO - [2023-07-09T16:50:22.017+0000] {dag.py:2676} INFO - Sync 1 DAGs
[2023-07-09T16:50:22.057+0000] {logging_mixin.py:137} INFO - [2023-07-09T16:50:22.056+0000] {dag.py:3423} INFO - Setting next_dagrun for example_task_group_decorator to 2023-07-08T16:50:22.056615+00:00, run_after=2023-07-09T16:50:22.056615+00:00
[2023-07-09T16:50:22.085+0000] {processor.py:175} INFO - Processing /home/ubuntu/venv/lib/python3.10/site-packages/airflow/example_dags/example_task_group_decorator.py took 0.199 seconds
[2023-07-09T16:50:52.315+0000] {processor.py:153} INFO - Started process (PID=5234) to work on /home/ubuntu/venv/lib/python3.10/site-packages/airflow/example_dags/example_task_group_decorator.py
[2023-07-09T16:50:52.316+0000] {processor.py:743} INFO - Processing file /home/ubuntu/venv/lib/python3.10/site-packages/airflow/example_dags/example_task_group_decorator.py for tasks to queue
[2023-07-09T16:50:52.317+0000] {logging_mixin.py:137} INFO - [2023-07-09T16:50:52.317+0000] {dagbag.py:538} INFO - Filling up the DagBag from /home/ubuntu/venv/lib/python3.10/site-packages/airflow/example_dags/example_task_group_decorator.py
[2023-07-09T16:50:52.368+0000] {processor.py:753} INFO - DAG(s) dict_keys(['example_task_group_decorator']) retrieved from /home/ubuntu/venv/lib/python3.10/site-packages/airflow/example_dags/example_task_group_decorator.py
[2023-07-09T16:50:52.440+0000] {logging_mixin.py:137} INFO - [2023-07-09T16:50:52.439+0000] {dag.py:2676} INFO - Sync 1 DAGs
[2023-07-09T16:50:52.471+0000] {logging_mixin.py:137} INFO - [2023-07-09T16:50:52.471+0000] {dag.py:3423} INFO - Setting next_dagrun for example_task_group_decorator to 2023-07-08T16:50:52.471059+00:00, run_after=2023-07-09T16:50:52.471059+00:00
[2023-07-09T16:50:52.498+0000] {processor.py:175} INFO - Processing /home/ubuntu/venv/lib/python3.10/site-packages/airflow/example_dags/example_task_group_decorator.py took 0.188 seconds
[2023-07-09T16:54:54.177+0000] {processor.py:153} INFO - Started process (PID=5776) to work on /home/ubuntu/venv/lib/python3.10/site-packages/airflow/example_dags/example_task_group_decorator.py
[2023-07-09T16:54:54.182+0000] {processor.py:743} INFO - Processing file /home/ubuntu/venv/lib/python3.10/site-packages/airflow/example_dags/example_task_group_decorator.py for tasks to queue
[2023-07-09T16:54:54.183+0000] {logging_mixin.py:137} INFO - [2023-07-09T16:54:54.183+0000] {dagbag.py:538} INFO - Filling up the DagBag from /home/ubuntu/venv/lib/python3.10/site-packages/airflow/example_dags/example_task_group_decorator.py
[2023-07-09T16:54:54.313+0000] {processor.py:753} INFO - DAG(s) dict_keys(['example_task_group_decorator']) retrieved from /home/ubuntu/venv/lib/python3.10/site-packages/airflow/example_dags/example_task_group_decorator.py
[2023-07-09T16:54:54.464+0000] {logging_mixin.py:137} INFO - [2023-07-09T16:54:54.464+0000] {dag.py:2676} INFO - Sync 1 DAGs
[2023-07-09T16:54:54.496+0000] {logging_mixin.py:137} INFO - [2023-07-09T16:54:54.496+0000] {dag.py:3423} INFO - Setting next_dagrun for example_task_group_decorator to 2023-07-08T16:54:54.496303+00:00, run_after=2023-07-09T16:54:54.496303+00:00
[2023-07-09T16:54:54.519+0000] {processor.py:175} INFO - Processing /home/ubuntu/venv/lib/python3.10/site-packages/airflow/example_dags/example_task_group_decorator.py took 0.351 seconds
[2023-07-09T16:55:24.578+0000] {processor.py:153} INFO - Started process (PID=6040) to work on /home/ubuntu/venv/lib/python3.10/site-packages/airflow/example_dags/example_task_group_decorator.py
[2023-07-09T16:55:24.579+0000] {processor.py:743} INFO - Processing file /home/ubuntu/venv/lib/python3.10/site-packages/airflow/example_dags/example_task_group_decorator.py for tasks to queue
[2023-07-09T16:55:24.579+0000] {logging_mixin.py:137} INFO - [2023-07-09T16:55:24.579+0000] {dagbag.py:538} INFO - Filling up the DagBag from /home/ubuntu/venv/lib/python3.10/site-packages/airflow/example_dags/example_task_group_decorator.py
[2023-07-09T16:55:24.629+0000] {processor.py:753} INFO - DAG(s) dict_keys(['example_task_group_decorator']) retrieved from /home/ubuntu/venv/lib/python3.10/site-packages/airflow/example_dags/example_task_group_decorator.py
[2023-07-09T16:55:24.685+0000] {logging_mixin.py:137} INFO - [2023-07-09T16:55:24.685+0000] {dag.py:2676} INFO - Sync 1 DAGs
[2023-07-09T16:55:24.711+0000] {logging_mixin.py:137} INFO - [2023-07-09T16:55:24.710+0000] {dag.py:3423} INFO - Setting next_dagrun for example_task_group_decorator to 2023-07-08T16:55:24.710688+00:00, run_after=2023-07-09T16:55:24.710688+00:00
[2023-07-09T16:55:24.729+0000] {processor.py:175} INFO - Processing /home/ubuntu/venv/lib/python3.10/site-packages/airflow/example_dags/example_task_group_decorator.py took 0.157 seconds
[2023-07-09T16:55:54.991+0000] {processor.py:153} INFO - Started process (PID=6274) to work on /home/ubuntu/venv/lib/python3.10/site-packages/airflow/example_dags/example_task_group_decorator.py
[2023-07-09T16:55:54.996+0000] {processor.py:743} INFO - Processing file /home/ubuntu/venv/lib/python3.10/site-packages/airflow/example_dags/example_task_group_decorator.py for tasks to queue
[2023-07-09T16:55:54.997+0000] {logging_mixin.py:137} INFO - [2023-07-09T16:55:54.997+0000] {dagbag.py:538} INFO - Filling up the DagBag from /home/ubuntu/venv/lib/python3.10/site-packages/airflow/example_dags/example_task_group_decorator.py
[2023-07-09T16:55:55.062+0000] {processor.py:753} INFO - DAG(s) dict_keys(['example_task_group_decorator']) retrieved from /home/ubuntu/venv/lib/python3.10/site-packages/airflow/example_dags/example_task_group_decorator.py
[2023-07-09T16:55:55.144+0000] {logging_mixin.py:137} INFO - [2023-07-09T16:55:55.143+0000] {dag.py:2676} INFO - Sync 1 DAGs
[2023-07-09T16:55:55.187+0000] {logging_mixin.py:137} INFO - [2023-07-09T16:55:55.187+0000] {dag.py:3423} INFO - Setting next_dagrun for example_task_group_decorator to 2023-07-08T16:55:55.186723+00:00, run_after=2023-07-09T16:55:55.186723+00:00
[2023-07-09T16:55:55.220+0000] {processor.py:175} INFO - Processing /home/ubuntu/venv/lib/python3.10/site-packages/airflow/example_dags/example_task_group_decorator.py took 0.235 seconds
[2023-07-09T16:56:25.812+0000] {processor.py:153} INFO - Started process (PID=6508) to work on /home/ubuntu/venv/lib/python3.10/site-packages/airflow/example_dags/example_task_group_decorator.py
[2023-07-09T16:56:25.814+0000] {processor.py:743} INFO - Processing file /home/ubuntu/venv/lib/python3.10/site-packages/airflow/example_dags/example_task_group_decorator.py for tasks to queue
[2023-07-09T16:56:25.814+0000] {logging_mixin.py:137} INFO - [2023-07-09T16:56:25.814+0000] {dagbag.py:538} INFO - Filling up the DagBag from /home/ubuntu/venv/lib/python3.10/site-packages/airflow/example_dags/example_task_group_decorator.py
[2023-07-09T16:56:25.858+0000] {processor.py:753} INFO - DAG(s) dict_keys(['example_task_group_decorator']) retrieved from /home/ubuntu/venv/lib/python3.10/site-packages/airflow/example_dags/example_task_group_decorator.py
[2023-07-09T16:56:25.933+0000] {logging_mixin.py:137} INFO - [2023-07-09T16:56:25.933+0000] {dag.py:2676} INFO - Sync 1 DAGs
[2023-07-09T16:56:25.967+0000] {logging_mixin.py:137} INFO - [2023-07-09T16:56:25.967+0000] {dag.py:3423} INFO - Setting next_dagrun for example_task_group_decorator to 2023-07-08T16:56:25.966725+00:00, run_after=2023-07-09T16:56:25.966725+00:00
[2023-07-09T16:56:25.990+0000] {processor.py:175} INFO - Processing /home/ubuntu/venv/lib/python3.10/site-packages/airflow/example_dags/example_task_group_decorator.py took 0.184 seconds
[2023-07-09T16:56:56.578+0000] {processor.py:153} INFO - Started process (PID=6766) to work on /home/ubuntu/venv/lib/python3.10/site-packages/airflow/example_dags/example_task_group_decorator.py
[2023-07-09T16:56:56.579+0000] {processor.py:743} INFO - Processing file /home/ubuntu/venv/lib/python3.10/site-packages/airflow/example_dags/example_task_group_decorator.py for tasks to queue
[2023-07-09T16:56:56.580+0000] {logging_mixin.py:137} INFO - [2023-07-09T16:56:56.580+0000] {dagbag.py:538} INFO - Filling up the DagBag from /home/ubuntu/venv/lib/python3.10/site-packages/airflow/example_dags/example_task_group_decorator.py
[2023-07-09T16:56:56.624+0000] {processor.py:753} INFO - DAG(s) dict_keys(['example_task_group_decorator']) retrieved from /home/ubuntu/venv/lib/python3.10/site-packages/airflow/example_dags/example_task_group_decorator.py
[2023-07-09T16:56:56.732+0000] {logging_mixin.py:137} INFO - [2023-07-09T16:56:56.731+0000] {dag.py:2676} INFO - Sync 1 DAGs
[2023-07-09T16:56:56.804+0000] {logging_mixin.py:137} INFO - [2023-07-09T16:56:56.804+0000] {dag.py:3423} INFO - Setting next_dagrun for example_task_group_decorator to 2023-07-08T16:56:56.804089+00:00, run_after=2023-07-09T16:56:56.804089+00:00
[2023-07-09T16:56:56.829+0000] {processor.py:175} INFO - Processing /home/ubuntu/venv/lib/python3.10/site-packages/airflow/example_dags/example_task_group_decorator.py took 0.255 seconds
[2023-07-09T16:57:27.631+0000] {processor.py:153} INFO - Started process (PID=7000) to work on /home/ubuntu/venv/lib/python3.10/site-packages/airflow/example_dags/example_task_group_decorator.py
[2023-07-09T16:57:27.635+0000] {processor.py:743} INFO - Processing file /home/ubuntu/venv/lib/python3.10/site-packages/airflow/example_dags/example_task_group_decorator.py for tasks to queue
[2023-07-09T16:57:27.636+0000] {logging_mixin.py:137} INFO - [2023-07-09T16:57:27.635+0000] {dagbag.py:538} INFO - Filling up the DagBag from /home/ubuntu/venv/lib/python3.10/site-packages/airflow/example_dags/example_task_group_decorator.py
[2023-07-09T16:57:27.676+0000] {processor.py:753} INFO - DAG(s) dict_keys(['example_task_group_decorator']) retrieved from /home/ubuntu/venv/lib/python3.10/site-packages/airflow/example_dags/example_task_group_decorator.py
[2023-07-09T16:57:27.748+0000] {logging_mixin.py:137} INFO - [2023-07-09T16:57:27.748+0000] {dag.py:2676} INFO - Sync 1 DAGs
[2023-07-09T16:57:27.838+0000] {logging_mixin.py:137} INFO - [2023-07-09T16:57:27.838+0000] {dag.py:3423} INFO - Setting next_dagrun for example_task_group_decorator to 2023-07-08T16:57:27.836274+00:00, run_after=2023-07-09T16:57:27.836274+00:00
[2023-07-09T16:57:27.868+0000] {processor.py:175} INFO - Processing /home/ubuntu/venv/lib/python3.10/site-packages/airflow/example_dags/example_task_group_decorator.py took 0.242 seconds
[2023-07-09T16:57:58.672+0000] {processor.py:153} INFO - Started process (PID=7236) to work on /home/ubuntu/venv/lib/python3.10/site-packages/airflow/example_dags/example_task_group_decorator.py
[2023-07-09T16:57:58.674+0000] {processor.py:743} INFO - Processing file /home/ubuntu/venv/lib/python3.10/site-packages/airflow/example_dags/example_task_group_decorator.py for tasks to queue
[2023-07-09T16:57:58.675+0000] {logging_mixin.py:137} INFO - [2023-07-09T16:57:58.675+0000] {dagbag.py:538} INFO - Filling up the DagBag from /home/ubuntu/venv/lib/python3.10/site-packages/airflow/example_dags/example_task_group_decorator.py
[2023-07-09T16:57:58.735+0000] {processor.py:753} INFO - DAG(s) dict_keys(['example_task_group_decorator']) retrieved from /home/ubuntu/venv/lib/python3.10/site-packages/airflow/example_dags/example_task_group_decorator.py
[2023-07-09T16:57:58.813+0000] {logging_mixin.py:137} INFO - [2023-07-09T16:57:58.813+0000] {dag.py:2676} INFO - Sync 1 DAGs
[2023-07-09T16:57:58.847+0000] {logging_mixin.py:137} INFO - [2023-07-09T16:57:58.847+0000] {dag.py:3423} INFO - Setting next_dagrun for example_task_group_decorator to 2023-07-08T16:57:58.847092+00:00, run_after=2023-07-09T16:57:58.847092+00:00
[2023-07-09T16:57:58.875+0000] {processor.py:175} INFO - Processing /home/ubuntu/venv/lib/python3.10/site-packages/airflow/example_dags/example_task_group_decorator.py took 0.208 seconds
[2023-07-09T16:58:29.709+0000] {processor.py:153} INFO - Started process (PID=7474) to work on /home/ubuntu/venv/lib/python3.10/site-packages/airflow/example_dags/example_task_group_decorator.py
[2023-07-09T16:58:29.710+0000] {processor.py:743} INFO - Processing file /home/ubuntu/venv/lib/python3.10/site-packages/airflow/example_dags/example_task_group_decorator.py for tasks to queue
[2023-07-09T16:58:29.710+0000] {logging_mixin.py:137} INFO - [2023-07-09T16:58:29.710+0000] {dagbag.py:538} INFO - Filling up the DagBag from /home/ubuntu/venv/lib/python3.10/site-packages/airflow/example_dags/example_task_group_decorator.py
[2023-07-09T16:58:29.745+0000] {processor.py:753} INFO - DAG(s) dict_keys(['example_task_group_decorator']) retrieved from /home/ubuntu/venv/lib/python3.10/site-packages/airflow/example_dags/example_task_group_decorator.py
[2023-07-09T16:58:29.795+0000] {logging_mixin.py:137} INFO - [2023-07-09T16:58:29.795+0000] {dag.py:2676} INFO - Sync 1 DAGs
[2023-07-09T16:58:29.820+0000] {logging_mixin.py:137} INFO - [2023-07-09T16:58:29.819+0000] {dag.py:3423} INFO - Setting next_dagrun for example_task_group_decorator to 2023-07-08T16:58:29.819745+00:00, run_after=2023-07-09T16:58:29.819745+00:00
[2023-07-09T16:58:29.840+0000] {processor.py:175} INFO - Processing /home/ubuntu/venv/lib/python3.10/site-packages/airflow/example_dags/example_task_group_decorator.py took 0.135 seconds
[2023-07-09T16:59:01.141+0000] {processor.py:153} INFO - Started process (PID=7708) to work on /home/ubuntu/venv/lib/python3.10/site-packages/airflow/example_dags/example_task_group_decorator.py
[2023-07-09T16:59:01.143+0000] {processor.py:743} INFO - Processing file /home/ubuntu/venv/lib/python3.10/site-packages/airflow/example_dags/example_task_group_decorator.py for tasks to queue
[2023-07-09T16:59:01.144+0000] {logging_mixin.py:137} INFO - [2023-07-09T16:59:01.144+0000] {dagbag.py:538} INFO - Filling up the DagBag from /home/ubuntu/venv/lib/python3.10/site-packages/airflow/example_dags/example_task_group_decorator.py
[2023-07-09T16:59:01.191+0000] {processor.py:753} INFO - DAG(s) dict_keys(['example_task_group_decorator']) retrieved from /home/ubuntu/venv/lib/python3.10/site-packages/airflow/example_dags/example_task_group_decorator.py
[2023-07-09T16:59:01.267+0000] {logging_mixin.py:137} INFO - [2023-07-09T16:59:01.267+0000] {dag.py:2676} INFO - Sync 1 DAGs
[2023-07-09T16:59:01.624+0000] {logging_mixin.py:137} INFO - [2023-07-09T16:59:01.624+0000] {dag.py:3423} INFO - Setting next_dagrun for example_task_group_decorator to 2023-07-08T16:59:01.623859+00:00, run_after=2023-07-09T16:59:01.623859+00:00
[2023-07-09T16:59:01.675+0000] {processor.py:175} INFO - Processing /home/ubuntu/venv/lib/python3.10/site-packages/airflow/example_dags/example_task_group_decorator.py took 0.539 seconds
[2023-07-09T16:59:32.379+0000] {processor.py:153} INFO - Started process (PID=7945) to work on /home/ubuntu/venv/lib/python3.10/site-packages/airflow/example_dags/example_task_group_decorator.py
[2023-07-09T16:59:32.381+0000] {processor.py:743} INFO - Processing file /home/ubuntu/venv/lib/python3.10/site-packages/airflow/example_dags/example_task_group_decorator.py for tasks to queue
[2023-07-09T16:59:32.382+0000] {logging_mixin.py:137} INFO - [2023-07-09T16:59:32.381+0000] {dagbag.py:538} INFO - Filling up the DagBag from /home/ubuntu/venv/lib/python3.10/site-packages/airflow/example_dags/example_task_group_decorator.py
[2023-07-09T16:59:32.426+0000] {processor.py:753} INFO - DAG(s) dict_keys(['example_task_group_decorator']) retrieved from /home/ubuntu/venv/lib/python3.10/site-packages/airflow/example_dags/example_task_group_decorator.py
[2023-07-09T16:59:32.505+0000] {logging_mixin.py:137} INFO - [2023-07-09T16:59:32.504+0000] {dag.py:2676} INFO - Sync 1 DAGs
[2023-07-09T16:59:32.729+0000] {logging_mixin.py:137} INFO - [2023-07-09T16:59:32.729+0000] {dag.py:3423} INFO - Setting next_dagrun for example_task_group_decorator to 2023-07-08T16:59:32.728856+00:00, run_after=2023-07-09T16:59:32.728856+00:00
[2023-07-09T16:59:32.751+0000] {processor.py:175} INFO - Processing /home/ubuntu/venv/lib/python3.10/site-packages/airflow/example_dags/example_task_group_decorator.py took 0.376 seconds
[2023-07-09T17:00:31.159+0000] {processor.py:153} INFO - Started process (PID=8610) to work on /home/ubuntu/venv/lib/python3.10/site-packages/airflow/example_dags/example_task_group_decorator.py
[2023-07-09T17:00:31.161+0000] {processor.py:743} INFO - Processing file /home/ubuntu/venv/lib/python3.10/site-packages/airflow/example_dags/example_task_group_decorator.py for tasks to queue
[2023-07-09T17:00:31.161+0000] {logging_mixin.py:137} INFO - [2023-07-09T17:00:31.161+0000] {dagbag.py:538} INFO - Filling up the DagBag from /home/ubuntu/venv/lib/python3.10/site-packages/airflow/example_dags/example_task_group_decorator.py
[2023-07-09T17:00:31.201+0000] {processor.py:753} INFO - DAG(s) dict_keys(['example_task_group_decorator']) retrieved from /home/ubuntu/venv/lib/python3.10/site-packages/airflow/example_dags/example_task_group_decorator.py
[2023-07-09T17:00:31.267+0000] {logging_mixin.py:137} INFO - [2023-07-09T17:00:31.267+0000] {dag.py:2676} INFO - Sync 1 DAGs
[2023-07-09T17:00:31.296+0000] {logging_mixin.py:137} INFO - [2023-07-09T17:00:31.296+0000] {dag.py:3423} INFO - Setting next_dagrun for example_task_group_decorator to 2023-07-08T17:00:31.296119+00:00, run_after=2023-07-09T17:00:31.296119+00:00
[2023-07-09T17:00:31.319+0000] {processor.py:175} INFO - Processing /home/ubuntu/venv/lib/python3.10/site-packages/airflow/example_dags/example_task_group_decorator.py took 0.163 seconds
[2023-07-09T17:01:02.163+0000] {processor.py:153} INFO - Started process (PID=8867) to work on /home/ubuntu/venv/lib/python3.10/site-packages/airflow/example_dags/example_task_group_decorator.py
[2023-07-09T17:01:02.165+0000] {processor.py:743} INFO - Processing file /home/ubuntu/venv/lib/python3.10/site-packages/airflow/example_dags/example_task_group_decorator.py for tasks to queue
[2023-07-09T17:01:02.166+0000] {logging_mixin.py:137} INFO - [2023-07-09T17:01:02.166+0000] {dagbag.py:538} INFO - Filling up the DagBag from /home/ubuntu/venv/lib/python3.10/site-packages/airflow/example_dags/example_task_group_decorator.py
[2023-07-09T17:01:02.219+0000] {processor.py:753} INFO - DAG(s) dict_keys(['example_task_group_decorator']) retrieved from /home/ubuntu/venv/lib/python3.10/site-packages/airflow/example_dags/example_task_group_decorator.py
[2023-07-09T17:01:02.311+0000] {logging_mixin.py:137} INFO - [2023-07-09T17:01:02.310+0000] {dag.py:2676} INFO - Sync 1 DAGs
[2023-07-09T17:01:02.352+0000] {logging_mixin.py:137} INFO - [2023-07-09T17:01:02.352+0000] {dag.py:3423} INFO - Setting next_dagrun for example_task_group_decorator to 2023-07-08T17:01:02.352182+00:00, run_after=2023-07-09T17:01:02.352182+00:00
[2023-07-09T17:01:02.385+0000] {processor.py:175} INFO - Processing /home/ubuntu/venv/lib/python3.10/site-packages/airflow/example_dags/example_task_group_decorator.py took 0.231 seconds
[2023-07-09T17:01:33.145+0000] {processor.py:153} INFO - Started process (PID=9101) to work on /home/ubuntu/venv/lib/python3.10/site-packages/airflow/example_dags/example_task_group_decorator.py
[2023-07-09T17:01:33.146+0000] {processor.py:743} INFO - Processing file /home/ubuntu/venv/lib/python3.10/site-packages/airflow/example_dags/example_task_group_decorator.py for tasks to queue
[2023-07-09T17:01:33.147+0000] {logging_mixin.py:137} INFO - [2023-07-09T17:01:33.147+0000] {dagbag.py:538} INFO - Filling up the DagBag from /home/ubuntu/venv/lib/python3.10/site-packages/airflow/example_dags/example_task_group_decorator.py
[2023-07-09T17:01:33.193+0000] {processor.py:753} INFO - DAG(s) dict_keys(['example_task_group_decorator']) retrieved from /home/ubuntu/venv/lib/python3.10/site-packages/airflow/example_dags/example_task_group_decorator.py
[2023-07-09T17:01:33.274+0000] {logging_mixin.py:137} INFO - [2023-07-09T17:01:33.274+0000] {dag.py:2676} INFO - Sync 1 DAGs
[2023-07-09T17:01:33.321+0000] {logging_mixin.py:137} INFO - [2023-07-09T17:01:33.321+0000] {dag.py:3423} INFO - Setting next_dagrun for example_task_group_decorator to 2023-07-08T17:01:33.321157+00:00, run_after=2023-07-09T17:01:33.321157+00:00
[2023-07-09T17:01:33.348+0000] {processor.py:175} INFO - Processing /home/ubuntu/venv/lib/python3.10/site-packages/airflow/example_dags/example_task_group_decorator.py took 0.208 seconds
[2023-07-09T17:02:04.199+0000] {processor.py:153} INFO - Started process (PID=9359) to work on /home/ubuntu/venv/lib/python3.10/site-packages/airflow/example_dags/example_task_group_decorator.py
[2023-07-09T17:02:04.201+0000] {processor.py:743} INFO - Processing file /home/ubuntu/venv/lib/python3.10/site-packages/airflow/example_dags/example_task_group_decorator.py for tasks to queue
[2023-07-09T17:02:04.202+0000] {logging_mixin.py:137} INFO - [2023-07-09T17:02:04.201+0000] {dagbag.py:538} INFO - Filling up the DagBag from /home/ubuntu/venv/lib/python3.10/site-packages/airflow/example_dags/example_task_group_decorator.py
[2023-07-09T17:02:04.247+0000] {processor.py:753} INFO - DAG(s) dict_keys(['example_task_group_decorator']) retrieved from /home/ubuntu/venv/lib/python3.10/site-packages/airflow/example_dags/example_task_group_decorator.py
[2023-07-09T17:02:04.320+0000] {logging_mixin.py:137} INFO - [2023-07-09T17:02:04.320+0000] {dag.py:2676} INFO - Sync 1 DAGs
[2023-07-09T17:02:04.355+0000] {logging_mixin.py:137} INFO - [2023-07-09T17:02:04.354+0000] {dag.py:3423} INFO - Setting next_dagrun for example_task_group_decorator to 2023-07-08T17:02:04.354483+00:00, run_after=2023-07-09T17:02:04.354483+00:00
[2023-07-09T17:02:04.379+0000] {processor.py:175} INFO - Processing /home/ubuntu/venv/lib/python3.10/site-packages/airflow/example_dags/example_task_group_decorator.py took 0.184 seconds
[2023-07-09T17:02:35.021+0000] {processor.py:153} INFO - Started process (PID=9595) to work on /home/ubuntu/venv/lib/python3.10/site-packages/airflow/example_dags/example_task_group_decorator.py
[2023-07-09T17:02:35.023+0000] {processor.py:743} INFO - Processing file /home/ubuntu/venv/lib/python3.10/site-packages/airflow/example_dags/example_task_group_decorator.py for tasks to queue
[2023-07-09T17:02:35.024+0000] {logging_mixin.py:137} INFO - [2023-07-09T17:02:35.023+0000] {dagbag.py:538} INFO - Filling up the DagBag from /home/ubuntu/venv/lib/python3.10/site-packages/airflow/example_dags/example_task_group_decorator.py
[2023-07-09T17:02:35.068+0000] {processor.py:753} INFO - DAG(s) dict_keys(['example_task_group_decorator']) retrieved from /home/ubuntu/venv/lib/python3.10/site-packages/airflow/example_dags/example_task_group_decorator.py
[2023-07-09T17:02:35.139+0000] {logging_mixin.py:137} INFO - [2023-07-09T17:02:35.139+0000] {dag.py:2676} INFO - Sync 1 DAGs
[2023-07-09T17:02:35.179+0000] {logging_mixin.py:137} INFO - [2023-07-09T17:02:35.179+0000] {dag.py:3423} INFO - Setting next_dagrun for example_task_group_decorator to 2023-07-08T17:02:35.179113+00:00, run_after=2023-07-09T17:02:35.179113+00:00
[2023-07-09T17:02:35.203+0000] {processor.py:175} INFO - Processing /home/ubuntu/venv/lib/python3.10/site-packages/airflow/example_dags/example_task_group_decorator.py took 0.186 seconds
[2023-07-09T17:03:05.852+0000] {processor.py:153} INFO - Started process (PID=9833) to work on /home/ubuntu/venv/lib/python3.10/site-packages/airflow/example_dags/example_task_group_decorator.py
[2023-07-09T17:03:05.855+0000] {processor.py:743} INFO - Processing file /home/ubuntu/venv/lib/python3.10/site-packages/airflow/example_dags/example_task_group_decorator.py for tasks to queue
[2023-07-09T17:03:05.856+0000] {logging_mixin.py:137} INFO - [2023-07-09T17:03:05.856+0000] {dagbag.py:538} INFO - Filling up the DagBag from /home/ubuntu/venv/lib/python3.10/site-packages/airflow/example_dags/example_task_group_decorator.py
[2023-07-09T17:03:05.918+0000] {processor.py:753} INFO - DAG(s) dict_keys(['example_task_group_decorator']) retrieved from /home/ubuntu/venv/lib/python3.10/site-packages/airflow/example_dags/example_task_group_decorator.py
[2023-07-09T17:03:05.999+0000] {logging_mixin.py:137} INFO - [2023-07-09T17:03:05.999+0000] {dag.py:2676} INFO - Sync 1 DAGs
[2023-07-09T17:03:06.030+0000] {logging_mixin.py:137} INFO - [2023-07-09T17:03:06.029+0000] {dag.py:3423} INFO - Setting next_dagrun for example_task_group_decorator to 2023-07-08T17:03:06.029553+00:00, run_after=2023-07-09T17:03:06.029553+00:00
[2023-07-09T17:03:06.051+0000] {processor.py:175} INFO - Processing /home/ubuntu/venv/lib/python3.10/site-packages/airflow/example_dags/example_task_group_decorator.py took 0.204 seconds
[2023-07-09T17:03:36.930+0000] {processor.py:153} INFO - Started process (PID=10065) to work on /home/ubuntu/venv/lib/python3.10/site-packages/airflow/example_dags/example_task_group_decorator.py
[2023-07-09T17:03:36.931+0000] {processor.py:743} INFO - Processing file /home/ubuntu/venv/lib/python3.10/site-packages/airflow/example_dags/example_task_group_decorator.py for tasks to queue
[2023-07-09T17:03:36.932+0000] {logging_mixin.py:137} INFO - [2023-07-09T17:03:36.932+0000] {dagbag.py:538} INFO - Filling up the DagBag from /home/ubuntu/venv/lib/python3.10/site-packages/airflow/example_dags/example_task_group_decorator.py
[2023-07-09T17:03:36.973+0000] {processor.py:753} INFO - DAG(s) dict_keys(['example_task_group_decorator']) retrieved from /home/ubuntu/venv/lib/python3.10/site-packages/airflow/example_dags/example_task_group_decorator.py
[2023-07-09T17:03:37.042+0000] {logging_mixin.py:137} INFO - [2023-07-09T17:03:37.042+0000] {dag.py:2676} INFO - Sync 1 DAGs
[2023-07-09T17:03:37.074+0000] {logging_mixin.py:137} INFO - [2023-07-09T17:03:37.073+0000] {dag.py:3423} INFO - Setting next_dagrun for example_task_group_decorator to 2023-07-08T17:03:37.073570+00:00, run_after=2023-07-09T17:03:37.073570+00:00
[2023-07-09T17:03:37.104+0000] {processor.py:175} INFO - Processing /home/ubuntu/venv/lib/python3.10/site-packages/airflow/example_dags/example_task_group_decorator.py took 0.180 seconds
[2023-07-09T17:04:07.710+0000] {processor.py:153} INFO - Started process (PID=10301) to work on /home/ubuntu/venv/lib/python3.10/site-packages/airflow/example_dags/example_task_group_decorator.py
[2023-07-09T17:04:07.711+0000] {processor.py:743} INFO - Processing file /home/ubuntu/venv/lib/python3.10/site-packages/airflow/example_dags/example_task_group_decorator.py for tasks to queue
[2023-07-09T17:04:07.712+0000] {logging_mixin.py:137} INFO - [2023-07-09T17:04:07.712+0000] {dagbag.py:538} INFO - Filling up the DagBag from /home/ubuntu/venv/lib/python3.10/site-packages/airflow/example_dags/example_task_group_decorator.py
[2023-07-09T17:04:07.759+0000] {processor.py:753} INFO - DAG(s) dict_keys(['example_task_group_decorator']) retrieved from /home/ubuntu/venv/lib/python3.10/site-packages/airflow/example_dags/example_task_group_decorator.py
[2023-07-09T17:04:07.829+0000] {logging_mixin.py:137} INFO - [2023-07-09T17:04:07.829+0000] {dag.py:2676} INFO - Sync 1 DAGs
[2023-07-09T17:04:07.923+0000] {logging_mixin.py:137} INFO - [2023-07-09T17:04:07.923+0000] {dag.py:3423} INFO - Setting next_dagrun for example_task_group_decorator to 2023-07-08T17:04:07.922726+00:00, run_after=2023-07-09T17:04:07.922726+00:00
[2023-07-09T17:04:07.994+0000] {processor.py:175} INFO - Processing /home/ubuntu/venv/lib/python3.10/site-packages/airflow/example_dags/example_task_group_decorator.py took 0.288 seconds
[2023-07-09T17:04:38.630+0000] {processor.py:153} INFO - Started process (PID=10537) to work on /home/ubuntu/venv/lib/python3.10/site-packages/airflow/example_dags/example_task_group_decorator.py
[2023-07-09T17:04:38.632+0000] {processor.py:743} INFO - Processing file /home/ubuntu/venv/lib/python3.10/site-packages/airflow/example_dags/example_task_group_decorator.py for tasks to queue
[2023-07-09T17:04:38.633+0000] {logging_mixin.py:137} INFO - [2023-07-09T17:04:38.633+0000] {dagbag.py:538} INFO - Filling up the DagBag from /home/ubuntu/venv/lib/python3.10/site-packages/airflow/example_dags/example_task_group_decorator.py
[2023-07-09T17:04:38.674+0000] {processor.py:753} INFO - DAG(s) dict_keys(['example_task_group_decorator']) retrieved from /home/ubuntu/venv/lib/python3.10/site-packages/airflow/example_dags/example_task_group_decorator.py
[2023-07-09T17:04:38.735+0000] {logging_mixin.py:137} INFO - [2023-07-09T17:04:38.735+0000] {dag.py:2676} INFO - Sync 1 DAGs
[2023-07-09T17:04:38.991+0000] {logging_mixin.py:137} INFO - [2023-07-09T17:04:38.990+0000] {dag.py:3423} INFO - Setting next_dagrun for example_task_group_decorator to 2023-07-08T17:04:38.990332+00:00, run_after=2023-07-09T17:04:38.990332+00:00
[2023-07-09T17:04:39.019+0000] {processor.py:175} INFO - Processing /home/ubuntu/venv/lib/python3.10/site-packages/airflow/example_dags/example_task_group_decorator.py took 0.393 seconds
[2023-07-09T17:06:00.394+0000] {processor.py:153} INFO - Started process (PID=11080) to work on /home/ubuntu/venv/lib/python3.10/site-packages/airflow/example_dags/example_task_group_decorator.py
[2023-07-09T17:06:00.402+0000] {processor.py:743} INFO - Processing file /home/ubuntu/venv/lib/python3.10/site-packages/airflow/example_dags/example_task_group_decorator.py for tasks to queue
[2023-07-09T17:06:00.406+0000] {logging_mixin.py:137} INFO - [2023-07-09T17:06:00.403+0000] {dagbag.py:538} INFO - Filling up the DagBag from /home/ubuntu/venv/lib/python3.10/site-packages/airflow/example_dags/example_task_group_decorator.py
[2023-07-09T17:06:00.702+0000] {processor.py:753} INFO - DAG(s) dict_keys(['example_task_group_decorator']) retrieved from /home/ubuntu/venv/lib/python3.10/site-packages/airflow/example_dags/example_task_group_decorator.py
[2023-07-09T17:06:01.084+0000] {logging_mixin.py:137} INFO - [2023-07-09T17:06:01.083+0000] {dag.py:2676} INFO - Sync 1 DAGs
[2023-07-09T17:06:01.241+0000] {logging_mixin.py:137} INFO - [2023-07-09T17:06:01.241+0000] {dag.py:3423} INFO - Setting next_dagrun for example_task_group_decorator to 2023-07-08T17:06:01.240958+00:00, run_after=2023-07-09T17:06:01.240958+00:00
[2023-07-09T17:06:01.379+0000] {processor.py:175} INFO - Processing /home/ubuntu/venv/lib/python3.10/site-packages/airflow/example_dags/example_task_group_decorator.py took 1.008 seconds
[2023-07-09T17:06:31.823+0000] {processor.py:153} INFO - Started process (PID=11367) to work on /home/ubuntu/venv/lib/python3.10/site-packages/airflow/example_dags/example_task_group_decorator.py
[2023-07-09T17:06:31.833+0000] {processor.py:743} INFO - Processing file /home/ubuntu/venv/lib/python3.10/site-packages/airflow/example_dags/example_task_group_decorator.py for tasks to queue
[2023-07-09T17:06:31.834+0000] {logging_mixin.py:137} INFO - [2023-07-09T17:06:31.834+0000] {dagbag.py:538} INFO - Filling up the DagBag from /home/ubuntu/venv/lib/python3.10/site-packages/airflow/example_dags/example_task_group_decorator.py
[2023-07-09T17:06:31.882+0000] {processor.py:753} INFO - DAG(s) dict_keys(['example_task_group_decorator']) retrieved from /home/ubuntu/venv/lib/python3.10/site-packages/airflow/example_dags/example_task_group_decorator.py
[2023-07-09T17:06:31.982+0000] {logging_mixin.py:137} INFO - [2023-07-09T17:06:31.982+0000] {dag.py:2676} INFO - Sync 1 DAGs
[2023-07-09T17:06:32.027+0000] {logging_mixin.py:137} INFO - [2023-07-09T17:06:32.027+0000] {dag.py:3423} INFO - Setting next_dagrun for example_task_group_decorator to 2023-07-08T17:06:32.027171+00:00, run_after=2023-07-09T17:06:32.027171+00:00
[2023-07-09T17:06:32.050+0000] {processor.py:175} INFO - Processing /home/ubuntu/venv/lib/python3.10/site-packages/airflow/example_dags/example_task_group_decorator.py took 0.243 seconds
[2023-07-09T17:07:27.057+0000] {processor.py:153} INFO - Started process (PID=11843) to work on /home/ubuntu/venv/lib/python3.10/site-packages/airflow/example_dags/example_task_group_decorator.py
[2023-07-09T17:07:27.059+0000] {processor.py:743} INFO - Processing file /home/ubuntu/venv/lib/python3.10/site-packages/airflow/example_dags/example_task_group_decorator.py for tasks to queue
[2023-07-09T17:07:27.059+0000] {logging_mixin.py:137} INFO - [2023-07-09T17:07:27.059+0000] {dagbag.py:538} INFO - Filling up the DagBag from /home/ubuntu/venv/lib/python3.10/site-packages/airflow/example_dags/example_task_group_decorator.py
[2023-07-09T17:07:27.091+0000] {processor.py:753} INFO - DAG(s) dict_keys(['example_task_group_decorator']) retrieved from /home/ubuntu/venv/lib/python3.10/site-packages/airflow/example_dags/example_task_group_decorator.py
[2023-07-09T17:07:27.174+0000] {logging_mixin.py:137} INFO - [2023-07-09T17:07:27.174+0000] {dag.py:2676} INFO - Sync 1 DAGs
[2023-07-09T17:07:27.202+0000] {logging_mixin.py:137} INFO - [2023-07-09T17:07:27.202+0000] {dag.py:3423} INFO - Setting next_dagrun for example_task_group_decorator to 2023-07-08T17:07:27.202105+00:00, run_after=2023-07-09T17:07:27.202105+00:00
[2023-07-09T17:07:27.221+0000] {processor.py:175} INFO - Processing /home/ubuntu/venv/lib/python3.10/site-packages/airflow/example_dags/example_task_group_decorator.py took 0.169 seconds
[2023-07-09T17:07:57.956+0000] {processor.py:153} INFO - Started process (PID=12096) to work on /home/ubuntu/venv/lib/python3.10/site-packages/airflow/example_dags/example_task_group_decorator.py
[2023-07-09T17:07:57.960+0000] {processor.py:743} INFO - Processing file /home/ubuntu/venv/lib/python3.10/site-packages/airflow/example_dags/example_task_group_decorator.py for tasks to queue
[2023-07-09T17:07:57.960+0000] {logging_mixin.py:137} INFO - [2023-07-09T17:07:57.960+0000] {dagbag.py:538} INFO - Filling up the DagBag from /home/ubuntu/venv/lib/python3.10/site-packages/airflow/example_dags/example_task_group_decorator.py
[2023-07-09T17:07:58.006+0000] {processor.py:753} INFO - DAG(s) dict_keys(['example_task_group_decorator']) retrieved from /home/ubuntu/venv/lib/python3.10/site-packages/airflow/example_dags/example_task_group_decorator.py
[2023-07-09T17:07:58.078+0000] {logging_mixin.py:137} INFO - [2023-07-09T17:07:58.078+0000] {dag.py:2676} INFO - Sync 1 DAGs
[2023-07-09T17:07:58.111+0000] {logging_mixin.py:137} INFO - [2023-07-09T17:07:58.111+0000] {dag.py:3423} INFO - Setting next_dagrun for example_task_group_decorator to 2023-07-08T17:07:58.110772+00:00, run_after=2023-07-09T17:07:58.110772+00:00
[2023-07-09T17:07:58.137+0000] {processor.py:175} INFO - Processing /home/ubuntu/venv/lib/python3.10/site-packages/airflow/example_dags/example_task_group_decorator.py took 0.187 seconds
[2023-07-09T17:08:28.902+0000] {processor.py:153} INFO - Started process (PID=12333) to work on /home/ubuntu/venv/lib/python3.10/site-packages/airflow/example_dags/example_task_group_decorator.py
[2023-07-09T17:08:28.903+0000] {processor.py:743} INFO - Processing file /home/ubuntu/venv/lib/python3.10/site-packages/airflow/example_dags/example_task_group_decorator.py for tasks to queue
[2023-07-09T17:08:28.904+0000] {logging_mixin.py:137} INFO - [2023-07-09T17:08:28.904+0000] {dagbag.py:538} INFO - Filling up the DagBag from /home/ubuntu/venv/lib/python3.10/site-packages/airflow/example_dags/example_task_group_decorator.py
[2023-07-09T17:08:28.952+0000] {processor.py:753} INFO - DAG(s) dict_keys(['example_task_group_decorator']) retrieved from /home/ubuntu/venv/lib/python3.10/site-packages/airflow/example_dags/example_task_group_decorator.py
[2023-07-09T17:08:29.031+0000] {logging_mixin.py:137} INFO - [2023-07-09T17:08:29.031+0000] {dag.py:2676} INFO - Sync 1 DAGs
[2023-07-09T17:08:29.076+0000] {logging_mixin.py:137} INFO - [2023-07-09T17:08:29.076+0000] {dag.py:3423} INFO - Setting next_dagrun for example_task_group_decorator to 2023-07-08T17:08:29.075692+00:00, run_after=2023-07-09T17:08:29.075692+00:00
[2023-07-09T17:08:29.102+0000] {processor.py:175} INFO - Processing /home/ubuntu/venv/lib/python3.10/site-packages/airflow/example_dags/example_task_group_decorator.py took 0.204 seconds
[2023-07-09T17:09:06.212+0000] {processor.py:153} INFO - Started process (PID=12788) to work on /home/ubuntu/venv/lib/python3.10/site-packages/airflow/example_dags/example_task_group_decorator.py
[2023-07-09T17:09:06.214+0000] {processor.py:743} INFO - Processing file /home/ubuntu/venv/lib/python3.10/site-packages/airflow/example_dags/example_task_group_decorator.py for tasks to queue
[2023-07-09T17:09:06.215+0000] {logging_mixin.py:137} INFO - [2023-07-09T17:09:06.215+0000] {dagbag.py:538} INFO - Filling up the DagBag from /home/ubuntu/venv/lib/python3.10/site-packages/airflow/example_dags/example_task_group_decorator.py
[2023-07-09T17:09:06.261+0000] {processor.py:753} INFO - DAG(s) dict_keys(['example_task_group_decorator']) retrieved from /home/ubuntu/venv/lib/python3.10/site-packages/airflow/example_dags/example_task_group_decorator.py
[2023-07-09T17:09:06.335+0000] {logging_mixin.py:137} INFO - [2023-07-09T17:09:06.334+0000] {dag.py:2676} INFO - Sync 1 DAGs
[2023-07-09T17:09:06.374+0000] {logging_mixin.py:137} INFO - [2023-07-09T17:09:06.374+0000] {dag.py:3423} INFO - Setting next_dagrun for example_task_group_decorator to 2023-07-08T17:09:06.374377+00:00, run_after=2023-07-09T17:09:06.374377+00:00
[2023-07-09T17:09:06.400+0000] {processor.py:175} INFO - Processing /home/ubuntu/venv/lib/python3.10/site-packages/airflow/example_dags/example_task_group_decorator.py took 0.192 seconds
[2023-07-09T17:09:36.696+0000] {processor.py:153} INFO - Started process (PID=13064) to work on /home/ubuntu/venv/lib/python3.10/site-packages/airflow/example_dags/example_task_group_decorator.py
[2023-07-09T17:09:36.697+0000] {processor.py:743} INFO - Processing file /home/ubuntu/venv/lib/python3.10/site-packages/airflow/example_dags/example_task_group_decorator.py for tasks to queue
[2023-07-09T17:09:36.698+0000] {logging_mixin.py:137} INFO - [2023-07-09T17:09:36.697+0000] {dagbag.py:538} INFO - Filling up the DagBag from /home/ubuntu/venv/lib/python3.10/site-packages/airflow/example_dags/example_task_group_decorator.py
[2023-07-09T17:09:36.743+0000] {processor.py:753} INFO - DAG(s) dict_keys(['example_task_group_decorator']) retrieved from /home/ubuntu/venv/lib/python3.10/site-packages/airflow/example_dags/example_task_group_decorator.py
[2023-07-09T17:09:36.811+0000] {logging_mixin.py:137} INFO - [2023-07-09T17:09:36.811+0000] {dag.py:2676} INFO - Sync 1 DAGs
[2023-07-09T17:09:36.848+0000] {logging_mixin.py:137} INFO - [2023-07-09T17:09:36.847+0000] {dag.py:3423} INFO - Setting next_dagrun for example_task_group_decorator to 2023-07-08T17:09:36.847495+00:00, run_after=2023-07-09T17:09:36.847495+00:00
[2023-07-09T17:09:36.873+0000] {processor.py:175} INFO - Processing /home/ubuntu/venv/lib/python3.10/site-packages/airflow/example_dags/example_task_group_decorator.py took 0.183 seconds
[2023-07-09T17:10:07.623+0000] {processor.py:153} INFO - Started process (PID=13299) to work on /home/ubuntu/venv/lib/python3.10/site-packages/airflow/example_dags/example_task_group_decorator.py
[2023-07-09T17:10:07.625+0000] {processor.py:743} INFO - Processing file /home/ubuntu/venv/lib/python3.10/site-packages/airflow/example_dags/example_task_group_decorator.py for tasks to queue
[2023-07-09T17:10:07.626+0000] {logging_mixin.py:137} INFO - [2023-07-09T17:10:07.626+0000] {dagbag.py:538} INFO - Filling up the DagBag from /home/ubuntu/venv/lib/python3.10/site-packages/airflow/example_dags/example_task_group_decorator.py
[2023-07-09T17:10:07.673+0000] {processor.py:753} INFO - DAG(s) dict_keys(['example_task_group_decorator']) retrieved from /home/ubuntu/venv/lib/python3.10/site-packages/airflow/example_dags/example_task_group_decorator.py
[2023-07-09T17:10:07.745+0000] {logging_mixin.py:137} INFO - [2023-07-09T17:10:07.745+0000] {dag.py:2676} INFO - Sync 1 DAGs
[2023-07-09T17:10:07.778+0000] {logging_mixin.py:137} INFO - [2023-07-09T17:10:07.778+0000] {dag.py:3423} INFO - Setting next_dagrun for example_task_group_decorator to 2023-07-08T17:10:07.777845+00:00, run_after=2023-07-09T17:10:07.777845+00:00
[2023-07-09T17:10:07.806+0000] {processor.py:175} INFO - Processing /home/ubuntu/venv/lib/python3.10/site-packages/airflow/example_dags/example_task_group_decorator.py took 0.188 seconds
