[2023-07-09T15:46:35.018+0000] {processor.py:153} INFO - Started process (PID=1396) to work on /home/ubuntu/venv/lib/python3.10/site-packages/airflow/example_dags/example_kubernetes_executor.py
[2023-07-09T15:46:35.019+0000] {processor.py:743} INFO - Processing file /home/ubuntu/venv/lib/python3.10/site-packages/airflow/example_dags/example_kubernetes_executor.py for tasks to queue
[2023-07-09T15:46:35.019+0000] {logging_mixin.py:137} INFO - [2023-07-09T15:46:35.019+0000] {dagbag.py:538} INFO - Filling up the DagBag from /home/ubuntu/venv/lib/python3.10/site-packages/airflow/example_dags/example_kubernetes_executor.py
[2023-07-09T15:46:35.060+0000] {logging_mixin.py:137} INFO - [2023-07-09T15:46:35.060+0000] {example_kubernetes_executor.py:41} WARNING - The example_kubernetes_executor example DAG requires the kubernetes provider. Please install it with: pip install apache-airflow[cncf.kubernetes]
[2023-07-09T15:46:35.060+0000] {processor.py:755} WARNING - No viable dags retrieved from /home/ubuntu/venv/lib/python3.10/site-packages/airflow/example_dags/example_kubernetes_executor.py
[2023-07-09T15:46:35.141+0000] {processor.py:175} INFO - Processing /home/ubuntu/venv/lib/python3.10/site-packages/airflow/example_dags/example_kubernetes_executor.py took 0.128 seconds
[2023-07-09T15:47:05.685+0000] {processor.py:153} INFO - Started process (PID=1637) to work on /home/ubuntu/venv/lib/python3.10/site-packages/airflow/example_dags/example_kubernetes_executor.py
[2023-07-09T15:47:05.686+0000] {processor.py:743} INFO - Processing file /home/ubuntu/venv/lib/python3.10/site-packages/airflow/example_dags/example_kubernetes_executor.py for tasks to queue
[2023-07-09T15:47:05.687+0000] {logging_mixin.py:137} INFO - [2023-07-09T15:47:05.686+0000] {dagbag.py:538} INFO - Filling up the DagBag from /home/ubuntu/venv/lib/python3.10/site-packages/airflow/example_dags/example_kubernetes_executor.py
[2023-07-09T15:47:05.709+0000] {logging_mixin.py:137} INFO - [2023-07-09T15:47:05.708+0000] {example_kubernetes_executor.py:41} WARNING - The example_kubernetes_executor example DAG requires the kubernetes provider. Please install it with: pip install apache-airflow[cncf.kubernetes]
[2023-07-09T15:47:05.709+0000] {processor.py:755} WARNING - No viable dags retrieved from /home/ubuntu/venv/lib/python3.10/site-packages/airflow/example_dags/example_kubernetes_executor.py
[2023-07-09T15:47:05.751+0000] {processor.py:175} INFO - Processing /home/ubuntu/venv/lib/python3.10/site-packages/airflow/example_dags/example_kubernetes_executor.py took 0.071 seconds
[2023-07-09T15:49:53.588+0000] {processor.py:153} INFO - Started process (PID=2214) to work on /home/ubuntu/venv/lib/python3.10/site-packages/airflow/example_dags/example_kubernetes_executor.py
[2023-07-09T15:49:53.590+0000] {processor.py:743} INFO - Processing file /home/ubuntu/venv/lib/python3.10/site-packages/airflow/example_dags/example_kubernetes_executor.py for tasks to queue
[2023-07-09T15:49:53.590+0000] {logging_mixin.py:137} INFO - [2023-07-09T15:49:53.590+0000] {dagbag.py:538} INFO - Filling up the DagBag from /home/ubuntu/venv/lib/python3.10/site-packages/airflow/example_dags/example_kubernetes_executor.py
[2023-07-09T15:49:53.612+0000] {logging_mixin.py:137} INFO - [2023-07-09T15:49:53.612+0000] {example_kubernetes_executor.py:41} WARNING - The example_kubernetes_executor example DAG requires the kubernetes provider. Please install it with: pip install apache-airflow[cncf.kubernetes]
[2023-07-09T15:49:53.613+0000] {processor.py:755} WARNING - No viable dags retrieved from /home/ubuntu/venv/lib/python3.10/site-packages/airflow/example_dags/example_kubernetes_executor.py
[2023-07-09T15:49:53.652+0000] {processor.py:175} INFO - Processing /home/ubuntu/venv/lib/python3.10/site-packages/airflow/example_dags/example_kubernetes_executor.py took 0.068 seconds
[2023-07-09T15:50:24.807+0000] {processor.py:153} INFO - Started process (PID=2451) to work on /home/ubuntu/venv/lib/python3.10/site-packages/airflow/example_dags/example_kubernetes_executor.py
[2023-07-09T15:50:24.810+0000] {processor.py:743} INFO - Processing file /home/ubuntu/venv/lib/python3.10/site-packages/airflow/example_dags/example_kubernetes_executor.py for tasks to queue
[2023-07-09T15:50:24.811+0000] {logging_mixin.py:137} INFO - [2023-07-09T15:50:24.811+0000] {dagbag.py:538} INFO - Filling up the DagBag from /home/ubuntu/venv/lib/python3.10/site-packages/airflow/example_dags/example_kubernetes_executor.py
[2023-07-09T15:50:24.838+0000] {logging_mixin.py:137} INFO - [2023-07-09T15:50:24.838+0000] {example_kubernetes_executor.py:41} WARNING - The example_kubernetes_executor example DAG requires the kubernetes provider. Please install it with: pip install apache-airflow[cncf.kubernetes]
[2023-07-09T15:50:24.838+0000] {processor.py:755} WARNING - No viable dags retrieved from /home/ubuntu/venv/lib/python3.10/site-packages/airflow/example_dags/example_kubernetes_executor.py
[2023-07-09T15:50:24.886+0000] {processor.py:175} INFO - Processing /home/ubuntu/venv/lib/python3.10/site-packages/airflow/example_dags/example_kubernetes_executor.py took 0.086 seconds
[2023-07-09T16:47:17.855+0000] {processor.py:153} INFO - Started process (PID=3518) to work on /home/ubuntu/venv/lib/python3.10/site-packages/airflow/example_dags/example_kubernetes_executor.py
[2023-07-09T16:47:17.858+0000] {processor.py:743} INFO - Processing file /home/ubuntu/venv/lib/python3.10/site-packages/airflow/example_dags/example_kubernetes_executor.py for tasks to queue
[2023-07-09T16:47:17.859+0000] {logging_mixin.py:137} INFO - [2023-07-09T16:47:17.859+0000] {dagbag.py:538} INFO - Filling up the DagBag from /home/ubuntu/venv/lib/python3.10/site-packages/airflow/example_dags/example_kubernetes_executor.py
[2023-07-09T16:47:17.920+0000] {logging_mixin.py:137} INFO - [2023-07-09T16:47:17.919+0000] {example_kubernetes_executor.py:41} WARNING - The example_kubernetes_executor example DAG requires the kubernetes provider. Please install it with: pip install apache-airflow[cncf.kubernetes]
[2023-07-09T16:47:17.920+0000] {processor.py:755} WARNING - No viable dags retrieved from /home/ubuntu/venv/lib/python3.10/site-packages/airflow/example_dags/example_kubernetes_executor.py
[2023-07-09T16:47:18.015+0000] {processor.py:175} INFO - Processing /home/ubuntu/venv/lib/python3.10/site-packages/airflow/example_dags/example_kubernetes_executor.py took 0.168 seconds
[2023-07-09T16:47:48.463+0000] {processor.py:153} INFO - Started process (PID=3882) to work on /home/ubuntu/venv/lib/python3.10/site-packages/airflow/example_dags/example_kubernetes_executor.py
[2023-07-09T16:47:48.464+0000] {processor.py:743} INFO - Processing file /home/ubuntu/venv/lib/python3.10/site-packages/airflow/example_dags/example_kubernetes_executor.py for tasks to queue
[2023-07-09T16:47:48.465+0000] {logging_mixin.py:137} INFO - [2023-07-09T16:47:48.465+0000] {dagbag.py:538} INFO - Filling up the DagBag from /home/ubuntu/venv/lib/python3.10/site-packages/airflow/example_dags/example_kubernetes_executor.py
[2023-07-09T16:47:48.495+0000] {logging_mixin.py:137} INFO - [2023-07-09T16:47:48.495+0000] {example_kubernetes_executor.py:41} WARNING - The example_kubernetes_executor example DAG requires the kubernetes provider. Please install it with: pip install apache-airflow[cncf.kubernetes]
[2023-07-09T16:47:48.496+0000] {processor.py:755} WARNING - No viable dags retrieved from /home/ubuntu/venv/lib/python3.10/site-packages/airflow/example_dags/example_kubernetes_executor.py
[2023-07-09T16:47:48.539+0000] {processor.py:175} INFO - Processing /home/ubuntu/venv/lib/python3.10/site-packages/airflow/example_dags/example_kubernetes_executor.py took 0.080 seconds
[2023-07-09T16:48:19.340+0000] {processor.py:153} INFO - Started process (PID=4116) to work on /home/ubuntu/venv/lib/python3.10/site-packages/airflow/example_dags/example_kubernetes_executor.py
[2023-07-09T16:48:19.341+0000] {processor.py:743} INFO - Processing file /home/ubuntu/venv/lib/python3.10/site-packages/airflow/example_dags/example_kubernetes_executor.py for tasks to queue
[2023-07-09T16:48:19.343+0000] {logging_mixin.py:137} INFO - [2023-07-09T16:48:19.342+0000] {dagbag.py:538} INFO - Filling up the DagBag from /home/ubuntu/venv/lib/python3.10/site-packages/airflow/example_dags/example_kubernetes_executor.py
[2023-07-09T16:48:19.373+0000] {logging_mixin.py:137} INFO - [2023-07-09T16:48:19.373+0000] {example_kubernetes_executor.py:41} WARNING - The example_kubernetes_executor example DAG requires the kubernetes provider. Please install it with: pip install apache-airflow[cncf.kubernetes]
[2023-07-09T16:48:19.373+0000] {processor.py:755} WARNING - No viable dags retrieved from /home/ubuntu/venv/lib/python3.10/site-packages/airflow/example_dags/example_kubernetes_executor.py
[2023-07-09T16:48:19.425+0000] {processor.py:175} INFO - Processing /home/ubuntu/venv/lib/python3.10/site-packages/airflow/example_dags/example_kubernetes_executor.py took 0.090 seconds
[2023-07-09T16:48:50.088+0000] {processor.py:153} INFO - Started process (PID=4351) to work on /home/ubuntu/venv/lib/python3.10/site-packages/airflow/example_dags/example_kubernetes_executor.py
[2023-07-09T16:48:50.089+0000] {processor.py:743} INFO - Processing file /home/ubuntu/venv/lib/python3.10/site-packages/airflow/example_dags/example_kubernetes_executor.py for tasks to queue
[2023-07-09T16:48:50.090+0000] {logging_mixin.py:137} INFO - [2023-07-09T16:48:50.089+0000] {dagbag.py:538} INFO - Filling up the DagBag from /home/ubuntu/venv/lib/python3.10/site-packages/airflow/example_dags/example_kubernetes_executor.py
[2023-07-09T16:48:50.175+0000] {logging_mixin.py:137} INFO - [2023-07-09T16:48:50.174+0000] {example_kubernetes_executor.py:41} WARNING - The example_kubernetes_executor example DAG requires the kubernetes provider. Please install it with: pip install apache-airflow[cncf.kubernetes]
[2023-07-09T16:48:50.191+0000] {processor.py:755} WARNING - No viable dags retrieved from /home/ubuntu/venv/lib/python3.10/site-packages/airflow/example_dags/example_kubernetes_executor.py
[2023-07-09T16:48:50.270+0000] {processor.py:175} INFO - Processing /home/ubuntu/venv/lib/python3.10/site-packages/airflow/example_dags/example_kubernetes_executor.py took 0.187 seconds
[2023-07-09T16:49:21.040+0000] {processor.py:153} INFO - Started process (PID=4587) to work on /home/ubuntu/venv/lib/python3.10/site-packages/airflow/example_dags/example_kubernetes_executor.py
[2023-07-09T16:49:21.041+0000] {processor.py:743} INFO - Processing file /home/ubuntu/venv/lib/python3.10/site-packages/airflow/example_dags/example_kubernetes_executor.py for tasks to queue
[2023-07-09T16:49:21.042+0000] {logging_mixin.py:137} INFO - [2023-07-09T16:49:21.042+0000] {dagbag.py:538} INFO - Filling up the DagBag from /home/ubuntu/venv/lib/python3.10/site-packages/airflow/example_dags/example_kubernetes_executor.py
[2023-07-09T16:49:21.063+0000] {logging_mixin.py:137} INFO - [2023-07-09T16:49:21.063+0000] {example_kubernetes_executor.py:41} WARNING - The example_kubernetes_executor example DAG requires the kubernetes provider. Please install it with: pip install apache-airflow[cncf.kubernetes]
[2023-07-09T16:49:21.065+0000] {processor.py:755} WARNING - No viable dags retrieved from /home/ubuntu/venv/lib/python3.10/site-packages/airflow/example_dags/example_kubernetes_executor.py
[2023-07-09T16:49:21.117+0000] {processor.py:175} INFO - Processing /home/ubuntu/venv/lib/python3.10/site-packages/airflow/example_dags/example_kubernetes_executor.py took 0.081 seconds
[2023-07-09T16:49:52.341+0000] {processor.py:153} INFO - Started process (PID=4823) to work on /home/ubuntu/venv/lib/python3.10/site-packages/airflow/example_dags/example_kubernetes_executor.py
[2023-07-09T16:49:52.342+0000] {processor.py:743} INFO - Processing file /home/ubuntu/venv/lib/python3.10/site-packages/airflow/example_dags/example_kubernetes_executor.py for tasks to queue
[2023-07-09T16:49:52.342+0000] {logging_mixin.py:137} INFO - [2023-07-09T16:49:52.342+0000] {dagbag.py:538} INFO - Filling up the DagBag from /home/ubuntu/venv/lib/python3.10/site-packages/airflow/example_dags/example_kubernetes_executor.py
[2023-07-09T16:49:52.365+0000] {logging_mixin.py:137} INFO - [2023-07-09T16:49:52.364+0000] {example_kubernetes_executor.py:41} WARNING - The example_kubernetes_executor example DAG requires the kubernetes provider. Please install it with: pip install apache-airflow[cncf.kubernetes]
[2023-07-09T16:49:52.365+0000] {processor.py:755} WARNING - No viable dags retrieved from /home/ubuntu/venv/lib/python3.10/site-packages/airflow/example_dags/example_kubernetes_executor.py
[2023-07-09T16:49:52.407+0000] {processor.py:175} INFO - Processing /home/ubuntu/venv/lib/python3.10/site-packages/airflow/example_dags/example_kubernetes_executor.py took 0.072 seconds
[2023-07-09T16:50:23.171+0000] {processor.py:153} INFO - Started process (PID=5059) to work on /home/ubuntu/venv/lib/python3.10/site-packages/airflow/example_dags/example_kubernetes_executor.py
[2023-07-09T16:50:23.173+0000] {processor.py:743} INFO - Processing file /home/ubuntu/venv/lib/python3.10/site-packages/airflow/example_dags/example_kubernetes_executor.py for tasks to queue
[2023-07-09T16:50:23.173+0000] {logging_mixin.py:137} INFO - [2023-07-09T16:50:23.173+0000] {dagbag.py:538} INFO - Filling up the DagBag from /home/ubuntu/venv/lib/python3.10/site-packages/airflow/example_dags/example_kubernetes_executor.py
[2023-07-09T16:50:23.204+0000] {logging_mixin.py:137} INFO - [2023-07-09T16:50:23.203+0000] {example_kubernetes_executor.py:41} WARNING - The example_kubernetes_executor example DAG requires the kubernetes provider. Please install it with: pip install apache-airflow[cncf.kubernetes]
[2023-07-09T16:50:23.204+0000] {processor.py:755} WARNING - No viable dags retrieved from /home/ubuntu/venv/lib/python3.10/site-packages/airflow/example_dags/example_kubernetes_executor.py
[2023-07-09T16:50:23.279+0000] {processor.py:175} INFO - Processing /home/ubuntu/venv/lib/python3.10/site-packages/airflow/example_dags/example_kubernetes_executor.py took 0.111 seconds
[2023-07-09T16:50:54.190+0000] {processor.py:153} INFO - Started process (PID=5358) to work on /home/ubuntu/venv/lib/python3.10/site-packages/airflow/example_dags/example_kubernetes_executor.py
[2023-07-09T16:50:54.192+0000] {processor.py:743} INFO - Processing file /home/ubuntu/venv/lib/python3.10/site-packages/airflow/example_dags/example_kubernetes_executor.py for tasks to queue
[2023-07-09T16:50:54.193+0000] {logging_mixin.py:137} INFO - [2023-07-09T16:50:54.192+0000] {dagbag.py:538} INFO - Filling up the DagBag from /home/ubuntu/venv/lib/python3.10/site-packages/airflow/example_dags/example_kubernetes_executor.py
[2023-07-09T16:50:54.218+0000] {logging_mixin.py:137} INFO - [2023-07-09T16:50:54.218+0000] {example_kubernetes_executor.py:41} WARNING - The example_kubernetes_executor example DAG requires the kubernetes provider. Please install it with: pip install apache-airflow[cncf.kubernetes]
[2023-07-09T16:50:54.218+0000] {processor.py:755} WARNING - No viable dags retrieved from /home/ubuntu/venv/lib/python3.10/site-packages/airflow/example_dags/example_kubernetes_executor.py
[2023-07-09T16:50:54.279+0000] {processor.py:175} INFO - Processing /home/ubuntu/venv/lib/python3.10/site-packages/airflow/example_dags/example_kubernetes_executor.py took 0.093 seconds
[2023-07-09T16:54:55.301+0000] {processor.py:153} INFO - Started process (PID=5832) to work on /home/ubuntu/venv/lib/python3.10/site-packages/airflow/example_dags/example_kubernetes_executor.py
[2023-07-09T16:54:55.303+0000] {processor.py:743} INFO - Processing file /home/ubuntu/venv/lib/python3.10/site-packages/airflow/example_dags/example_kubernetes_executor.py for tasks to queue
[2023-07-09T16:54:55.304+0000] {logging_mixin.py:137} INFO - [2023-07-09T16:54:55.303+0000] {dagbag.py:538} INFO - Filling up the DagBag from /home/ubuntu/venv/lib/python3.10/site-packages/airflow/example_dags/example_kubernetes_executor.py
[2023-07-09T16:54:55.326+0000] {logging_mixin.py:137} INFO - [2023-07-09T16:54:55.326+0000] {example_kubernetes_executor.py:41} WARNING - The example_kubernetes_executor example DAG requires the kubernetes provider. Please install it with: pip install apache-airflow[cncf.kubernetes]
[2023-07-09T16:54:55.326+0000] {processor.py:755} WARNING - No viable dags retrieved from /home/ubuntu/venv/lib/python3.10/site-packages/airflow/example_dags/example_kubernetes_executor.py
[2023-07-09T16:54:55.368+0000] {processor.py:175} INFO - Processing /home/ubuntu/venv/lib/python3.10/site-packages/airflow/example_dags/example_kubernetes_executor.py took 0.071 seconds
[2023-07-09T16:55:25.734+0000] {processor.py:153} INFO - Started process (PID=6091) to work on /home/ubuntu/venv/lib/python3.10/site-packages/airflow/example_dags/example_kubernetes_executor.py
[2023-07-09T16:55:25.735+0000] {processor.py:743} INFO - Processing file /home/ubuntu/venv/lib/python3.10/site-packages/airflow/example_dags/example_kubernetes_executor.py for tasks to queue
[2023-07-09T16:55:25.736+0000] {logging_mixin.py:137} INFO - [2023-07-09T16:55:25.736+0000] {dagbag.py:538} INFO - Filling up the DagBag from /home/ubuntu/venv/lib/python3.10/site-packages/airflow/example_dags/example_kubernetes_executor.py
[2023-07-09T16:55:25.761+0000] {logging_mixin.py:137} INFO - [2023-07-09T16:55:25.760+0000] {example_kubernetes_executor.py:41} WARNING - The example_kubernetes_executor example DAG requires the kubernetes provider. Please install it with: pip install apache-airflow[cncf.kubernetes]
[2023-07-09T16:55:25.761+0000] {processor.py:755} WARNING - No viable dags retrieved from /home/ubuntu/venv/lib/python3.10/site-packages/airflow/example_dags/example_kubernetes_executor.py
[2023-07-09T16:55:25.805+0000] {processor.py:175} INFO - Processing /home/ubuntu/venv/lib/python3.10/site-packages/airflow/example_dags/example_kubernetes_executor.py took 0.076 seconds
[2023-07-09T16:55:56.101+0000] {processor.py:153} INFO - Started process (PID=6322) to work on /home/ubuntu/venv/lib/python3.10/site-packages/airflow/example_dags/example_kubernetes_executor.py
[2023-07-09T16:55:56.102+0000] {processor.py:743} INFO - Processing file /home/ubuntu/venv/lib/python3.10/site-packages/airflow/example_dags/example_kubernetes_executor.py for tasks to queue
[2023-07-09T16:55:56.103+0000] {logging_mixin.py:137} INFO - [2023-07-09T16:55:56.103+0000] {dagbag.py:538} INFO - Filling up the DagBag from /home/ubuntu/venv/lib/python3.10/site-packages/airflow/example_dags/example_kubernetes_executor.py
[2023-07-09T16:55:56.126+0000] {logging_mixin.py:137} INFO - [2023-07-09T16:55:56.126+0000] {example_kubernetes_executor.py:41} WARNING - The example_kubernetes_executor example DAG requires the kubernetes provider. Please install it with: pip install apache-airflow[cncf.kubernetes]
[2023-07-09T16:55:56.126+0000] {processor.py:755} WARNING - No viable dags retrieved from /home/ubuntu/venv/lib/python3.10/site-packages/airflow/example_dags/example_kubernetes_executor.py
[2023-07-09T16:55:56.171+0000] {processor.py:175} INFO - Processing /home/ubuntu/venv/lib/python3.10/site-packages/airflow/example_dags/example_kubernetes_executor.py took 0.077 seconds
[2023-07-09T16:56:26.819+0000] {processor.py:153} INFO - Started process (PID=6563) to work on /home/ubuntu/venv/lib/python3.10/site-packages/airflow/example_dags/example_kubernetes_executor.py
[2023-07-09T16:56:26.820+0000] {processor.py:743} INFO - Processing file /home/ubuntu/venv/lib/python3.10/site-packages/airflow/example_dags/example_kubernetes_executor.py for tasks to queue
[2023-07-09T16:56:26.821+0000] {logging_mixin.py:137} INFO - [2023-07-09T16:56:26.821+0000] {dagbag.py:538} INFO - Filling up the DagBag from /home/ubuntu/venv/lib/python3.10/site-packages/airflow/example_dags/example_kubernetes_executor.py
[2023-07-09T16:56:26.848+0000] {logging_mixin.py:137} INFO - [2023-07-09T16:56:26.847+0000] {example_kubernetes_executor.py:41} WARNING - The example_kubernetes_executor example DAG requires the kubernetes provider. Please install it with: pip install apache-airflow[cncf.kubernetes]
[2023-07-09T16:56:26.848+0000] {processor.py:755} WARNING - No viable dags retrieved from /home/ubuntu/venv/lib/python3.10/site-packages/airflow/example_dags/example_kubernetes_executor.py
[2023-07-09T16:56:26.891+0000] {processor.py:175} INFO - Processing /home/ubuntu/venv/lib/python3.10/site-packages/airflow/example_dags/example_kubernetes_executor.py took 0.077 seconds
[2023-07-09T16:56:57.650+0000] {processor.py:153} INFO - Started process (PID=6820) to work on /home/ubuntu/venv/lib/python3.10/site-packages/airflow/example_dags/example_kubernetes_executor.py
[2023-07-09T16:56:57.651+0000] {processor.py:743} INFO - Processing file /home/ubuntu/venv/lib/python3.10/site-packages/airflow/example_dags/example_kubernetes_executor.py for tasks to queue
[2023-07-09T16:56:57.652+0000] {logging_mixin.py:137} INFO - [2023-07-09T16:56:57.652+0000] {dagbag.py:538} INFO - Filling up the DagBag from /home/ubuntu/venv/lib/python3.10/site-packages/airflow/example_dags/example_kubernetes_executor.py
[2023-07-09T16:56:57.676+0000] {logging_mixin.py:137} INFO - [2023-07-09T16:56:57.676+0000] {example_kubernetes_executor.py:41} WARNING - The example_kubernetes_executor example DAG requires the kubernetes provider. Please install it with: pip install apache-airflow[cncf.kubernetes]
[2023-07-09T16:56:57.676+0000] {processor.py:755} WARNING - No viable dags retrieved from /home/ubuntu/venv/lib/python3.10/site-packages/airflow/example_dags/example_kubernetes_executor.py
[2023-07-09T16:56:57.723+0000] {processor.py:175} INFO - Processing /home/ubuntu/venv/lib/python3.10/site-packages/airflow/example_dags/example_kubernetes_executor.py took 0.075 seconds
[2023-07-09T16:57:28.975+0000] {processor.py:153} INFO - Started process (PID=7055) to work on /home/ubuntu/venv/lib/python3.10/site-packages/airflow/example_dags/example_kubernetes_executor.py
[2023-07-09T16:57:28.976+0000] {processor.py:743} INFO - Processing file /home/ubuntu/venv/lib/python3.10/site-packages/airflow/example_dags/example_kubernetes_executor.py for tasks to queue
[2023-07-09T16:57:28.977+0000] {logging_mixin.py:137} INFO - [2023-07-09T16:57:28.977+0000] {dagbag.py:538} INFO - Filling up the DagBag from /home/ubuntu/venv/lib/python3.10/site-packages/airflow/example_dags/example_kubernetes_executor.py
[2023-07-09T16:57:29.005+0000] {logging_mixin.py:137} INFO - [2023-07-09T16:57:29.005+0000] {example_kubernetes_executor.py:41} WARNING - The example_kubernetes_executor example DAG requires the kubernetes provider. Please install it with: pip install apache-airflow[cncf.kubernetes]
[2023-07-09T16:57:29.005+0000] {processor.py:755} WARNING - No viable dags retrieved from /home/ubuntu/venv/lib/python3.10/site-packages/airflow/example_dags/example_kubernetes_executor.py
[2023-07-09T16:57:29.058+0000] {processor.py:175} INFO - Processing /home/ubuntu/venv/lib/python3.10/site-packages/airflow/example_dags/example_kubernetes_executor.py took 0.090 seconds
[2023-07-09T16:57:59.818+0000] {processor.py:153} INFO - Started process (PID=7291) to work on /home/ubuntu/venv/lib/python3.10/site-packages/airflow/example_dags/example_kubernetes_executor.py
[2023-07-09T16:57:59.821+0000] {processor.py:743} INFO - Processing file /home/ubuntu/venv/lib/python3.10/site-packages/airflow/example_dags/example_kubernetes_executor.py for tasks to queue
[2023-07-09T16:57:59.822+0000] {logging_mixin.py:137} INFO - [2023-07-09T16:57:59.821+0000] {dagbag.py:538} INFO - Filling up the DagBag from /home/ubuntu/venv/lib/python3.10/site-packages/airflow/example_dags/example_kubernetes_executor.py
[2023-07-09T16:57:59.846+0000] {logging_mixin.py:137} INFO - [2023-07-09T16:57:59.846+0000] {example_kubernetes_executor.py:41} WARNING - The example_kubernetes_executor example DAG requires the kubernetes provider. Please install it with: pip install apache-airflow[cncf.kubernetes]
[2023-07-09T16:57:59.846+0000] {processor.py:755} WARNING - No viable dags retrieved from /home/ubuntu/venv/lib/python3.10/site-packages/airflow/example_dags/example_kubernetes_executor.py
[2023-07-09T16:57:59.890+0000] {processor.py:175} INFO - Processing /home/ubuntu/venv/lib/python3.10/site-packages/airflow/example_dags/example_kubernetes_executor.py took 0.077 seconds
[2023-07-09T16:58:30.841+0000] {processor.py:153} INFO - Started process (PID=7526) to work on /home/ubuntu/venv/lib/python3.10/site-packages/airflow/example_dags/example_kubernetes_executor.py
[2023-07-09T16:58:30.843+0000] {processor.py:743} INFO - Processing file /home/ubuntu/venv/lib/python3.10/site-packages/airflow/example_dags/example_kubernetes_executor.py for tasks to queue
[2023-07-09T16:58:30.844+0000] {logging_mixin.py:137} INFO - [2023-07-09T16:58:30.843+0000] {dagbag.py:538} INFO - Filling up the DagBag from /home/ubuntu/venv/lib/python3.10/site-packages/airflow/example_dags/example_kubernetes_executor.py
[2023-07-09T16:58:30.871+0000] {logging_mixin.py:137} INFO - [2023-07-09T16:58:30.870+0000] {example_kubernetes_executor.py:41} WARNING - The example_kubernetes_executor example DAG requires the kubernetes provider. Please install it with: pip install apache-airflow[cncf.kubernetes]
[2023-07-09T16:58:30.871+0000] {processor.py:755} WARNING - No viable dags retrieved from /home/ubuntu/venv/lib/python3.10/site-packages/airflow/example_dags/example_kubernetes_executor.py
[2023-07-09T16:58:30.917+0000] {processor.py:175} INFO - Processing /home/ubuntu/venv/lib/python3.10/site-packages/airflow/example_dags/example_kubernetes_executor.py took 0.080 seconds
[2023-07-09T16:59:03.529+0000] {processor.py:153} INFO - Started process (PID=7762) to work on /home/ubuntu/venv/lib/python3.10/site-packages/airflow/example_dags/example_kubernetes_executor.py
[2023-07-09T16:59:03.530+0000] {processor.py:743} INFO - Processing file /home/ubuntu/venv/lib/python3.10/site-packages/airflow/example_dags/example_kubernetes_executor.py for tasks to queue
[2023-07-09T16:59:03.531+0000] {logging_mixin.py:137} INFO - [2023-07-09T16:59:03.530+0000] {dagbag.py:538} INFO - Filling up the DagBag from /home/ubuntu/venv/lib/python3.10/site-packages/airflow/example_dags/example_kubernetes_executor.py
[2023-07-09T16:59:03.555+0000] {logging_mixin.py:137} INFO - [2023-07-09T16:59:03.554+0000] {example_kubernetes_executor.py:41} WARNING - The example_kubernetes_executor example DAG requires the kubernetes provider. Please install it with: pip install apache-airflow[cncf.kubernetes]
[2023-07-09T16:59:03.555+0000] {processor.py:755} WARNING - No viable dags retrieved from /home/ubuntu/venv/lib/python3.10/site-packages/airflow/example_dags/example_kubernetes_executor.py
[2023-07-09T16:59:03.600+0000] {processor.py:175} INFO - Processing /home/ubuntu/venv/lib/python3.10/site-packages/airflow/example_dags/example_kubernetes_executor.py took 0.075 seconds
[2023-07-09T16:59:34.229+0000] {processor.py:153} INFO - Started process (PID=8000) to work on /home/ubuntu/venv/lib/python3.10/site-packages/airflow/example_dags/example_kubernetes_executor.py
[2023-07-09T16:59:34.239+0000] {processor.py:743} INFO - Processing file /home/ubuntu/venv/lib/python3.10/site-packages/airflow/example_dags/example_kubernetes_executor.py for tasks to queue
[2023-07-09T16:59:34.240+0000] {logging_mixin.py:137} INFO - [2023-07-09T16:59:34.240+0000] {dagbag.py:538} INFO - Filling up the DagBag from /home/ubuntu/venv/lib/python3.10/site-packages/airflow/example_dags/example_kubernetes_executor.py
[2023-07-09T16:59:34.284+0000] {logging_mixin.py:137} INFO - [2023-07-09T16:59:34.283+0000] {example_kubernetes_executor.py:41} WARNING - The example_kubernetes_executor example DAG requires the kubernetes provider. Please install it with: pip install apache-airflow[cncf.kubernetes]
[2023-07-09T16:59:34.284+0000] {processor.py:755} WARNING - No viable dags retrieved from /home/ubuntu/venv/lib/python3.10/site-packages/airflow/example_dags/example_kubernetes_executor.py
[2023-07-09T16:59:34.326+0000] {processor.py:175} INFO - Processing /home/ubuntu/venv/lib/python3.10/site-packages/airflow/example_dags/example_kubernetes_executor.py took 0.101 seconds
[2023-07-09T17:00:32.046+0000] {processor.py:153} INFO - Started process (PID=8664) to work on /home/ubuntu/venv/lib/python3.10/site-packages/airflow/example_dags/example_kubernetes_executor.py
[2023-07-09T17:00:32.047+0000] {processor.py:743} INFO - Processing file /home/ubuntu/venv/lib/python3.10/site-packages/airflow/example_dags/example_kubernetes_executor.py for tasks to queue
[2023-07-09T17:00:32.048+0000] {logging_mixin.py:137} INFO - [2023-07-09T17:00:32.048+0000] {dagbag.py:538} INFO - Filling up the DagBag from /home/ubuntu/venv/lib/python3.10/site-packages/airflow/example_dags/example_kubernetes_executor.py
[2023-07-09T17:00:32.070+0000] {logging_mixin.py:137} INFO - [2023-07-09T17:00:32.070+0000] {example_kubernetes_executor.py:41} WARNING - The example_kubernetes_executor example DAG requires the kubernetes provider. Please install it with: pip install apache-airflow[cncf.kubernetes]
[2023-07-09T17:00:32.070+0000] {processor.py:755} WARNING - No viable dags retrieved from /home/ubuntu/venv/lib/python3.10/site-packages/airflow/example_dags/example_kubernetes_executor.py
[2023-07-09T17:00:32.116+0000] {processor.py:175} INFO - Processing /home/ubuntu/venv/lib/python3.10/site-packages/airflow/example_dags/example_kubernetes_executor.py took 0.074 seconds
[2023-07-09T17:01:03.358+0000] {processor.py:153} INFO - Started process (PID=8921) to work on /home/ubuntu/venv/lib/python3.10/site-packages/airflow/example_dags/example_kubernetes_executor.py
[2023-07-09T17:01:03.359+0000] {processor.py:743} INFO - Processing file /home/ubuntu/venv/lib/python3.10/site-packages/airflow/example_dags/example_kubernetes_executor.py for tasks to queue
[2023-07-09T17:01:03.360+0000] {logging_mixin.py:137} INFO - [2023-07-09T17:01:03.360+0000] {dagbag.py:538} INFO - Filling up the DagBag from /home/ubuntu/venv/lib/python3.10/site-packages/airflow/example_dags/example_kubernetes_executor.py
[2023-07-09T17:01:03.390+0000] {logging_mixin.py:137} INFO - [2023-07-09T17:01:03.390+0000] {example_kubernetes_executor.py:41} WARNING - The example_kubernetes_executor example DAG requires the kubernetes provider. Please install it with: pip install apache-airflow[cncf.kubernetes]
[2023-07-09T17:01:03.393+0000] {processor.py:755} WARNING - No viable dags retrieved from /home/ubuntu/venv/lib/python3.10/site-packages/airflow/example_dags/example_kubernetes_executor.py
[2023-07-09T17:01:03.450+0000] {processor.py:175} INFO - Processing /home/ubuntu/venv/lib/python3.10/site-packages/airflow/example_dags/example_kubernetes_executor.py took 0.097 seconds
[2023-07-09T17:01:34.266+0000] {processor.py:153} INFO - Started process (PID=9158) to work on /home/ubuntu/venv/lib/python3.10/site-packages/airflow/example_dags/example_kubernetes_executor.py
[2023-07-09T17:01:34.269+0000] {processor.py:743} INFO - Processing file /home/ubuntu/venv/lib/python3.10/site-packages/airflow/example_dags/example_kubernetes_executor.py for tasks to queue
[2023-07-09T17:01:34.273+0000] {logging_mixin.py:137} INFO - [2023-07-09T17:01:34.273+0000] {dagbag.py:538} INFO - Filling up the DagBag from /home/ubuntu/venv/lib/python3.10/site-packages/airflow/example_dags/example_kubernetes_executor.py
[2023-07-09T17:01:34.296+0000] {logging_mixin.py:137} INFO - [2023-07-09T17:01:34.296+0000] {example_kubernetes_executor.py:41} WARNING - The example_kubernetes_executor example DAG requires the kubernetes provider. Please install it with: pip install apache-airflow[cncf.kubernetes]
[2023-07-09T17:01:34.296+0000] {processor.py:755} WARNING - No viable dags retrieved from /home/ubuntu/venv/lib/python3.10/site-packages/airflow/example_dags/example_kubernetes_executor.py
[2023-07-09T17:01:34.328+0000] {processor.py:175} INFO - Processing /home/ubuntu/venv/lib/python3.10/site-packages/airflow/example_dags/example_kubernetes_executor.py took 0.067 seconds
[2023-07-09T17:02:05.309+0000] {processor.py:153} INFO - Started process (PID=9414) to work on /home/ubuntu/venv/lib/python3.10/site-packages/airflow/example_dags/example_kubernetes_executor.py
[2023-07-09T17:02:05.311+0000] {processor.py:743} INFO - Processing file /home/ubuntu/venv/lib/python3.10/site-packages/airflow/example_dags/example_kubernetes_executor.py for tasks to queue
[2023-07-09T17:02:05.311+0000] {logging_mixin.py:137} INFO - [2023-07-09T17:02:05.311+0000] {dagbag.py:538} INFO - Filling up the DagBag from /home/ubuntu/venv/lib/python3.10/site-packages/airflow/example_dags/example_kubernetes_executor.py
[2023-07-09T17:02:05.337+0000] {logging_mixin.py:137} INFO - [2023-07-09T17:02:05.336+0000] {example_kubernetes_executor.py:41} WARNING - The example_kubernetes_executor example DAG requires the kubernetes provider. Please install it with: pip install apache-airflow[cncf.kubernetes]
[2023-07-09T17:02:05.337+0000] {processor.py:755} WARNING - No viable dags retrieved from /home/ubuntu/venv/lib/python3.10/site-packages/airflow/example_dags/example_kubernetes_executor.py
[2023-07-09T17:02:05.379+0000] {processor.py:175} INFO - Processing /home/ubuntu/venv/lib/python3.10/site-packages/airflow/example_dags/example_kubernetes_executor.py took 0.074 seconds
[2023-07-09T17:02:36.049+0000] {processor.py:153} INFO - Started process (PID=9649) to work on /home/ubuntu/venv/lib/python3.10/site-packages/airflow/example_dags/example_kubernetes_executor.py
[2023-07-09T17:02:36.051+0000] {processor.py:743} INFO - Processing file /home/ubuntu/venv/lib/python3.10/site-packages/airflow/example_dags/example_kubernetes_executor.py for tasks to queue
[2023-07-09T17:02:36.052+0000] {logging_mixin.py:137} INFO - [2023-07-09T17:02:36.051+0000] {dagbag.py:538} INFO - Filling up the DagBag from /home/ubuntu/venv/lib/python3.10/site-packages/airflow/example_dags/example_kubernetes_executor.py
[2023-07-09T17:02:36.078+0000] {logging_mixin.py:137} INFO - [2023-07-09T17:02:36.078+0000] {example_kubernetes_executor.py:41} WARNING - The example_kubernetes_executor example DAG requires the kubernetes provider. Please install it with: pip install apache-airflow[cncf.kubernetes]
[2023-07-09T17:02:36.079+0000] {processor.py:755} WARNING - No viable dags retrieved from /home/ubuntu/venv/lib/python3.10/site-packages/airflow/example_dags/example_kubernetes_executor.py
[2023-07-09T17:02:36.127+0000] {processor.py:175} INFO - Processing /home/ubuntu/venv/lib/python3.10/site-packages/airflow/example_dags/example_kubernetes_executor.py took 0.083 seconds
[2023-07-09T17:03:06.913+0000] {processor.py:153} INFO - Started process (PID=9884) to work on /home/ubuntu/venv/lib/python3.10/site-packages/airflow/example_dags/example_kubernetes_executor.py
[2023-07-09T17:03:06.916+0000] {processor.py:743} INFO - Processing file /home/ubuntu/venv/lib/python3.10/site-packages/airflow/example_dags/example_kubernetes_executor.py for tasks to queue
[2023-07-09T17:03:06.917+0000] {logging_mixin.py:137} INFO - [2023-07-09T17:03:06.917+0000] {dagbag.py:538} INFO - Filling up the DagBag from /home/ubuntu/venv/lib/python3.10/site-packages/airflow/example_dags/example_kubernetes_executor.py
[2023-07-09T17:03:06.965+0000] {logging_mixin.py:137} INFO - [2023-07-09T17:03:06.964+0000] {example_kubernetes_executor.py:41} WARNING - The example_kubernetes_executor example DAG requires the kubernetes provider. Please install it with: pip install apache-airflow[cncf.kubernetes]
[2023-07-09T17:03:06.965+0000] {processor.py:755} WARNING - No viable dags retrieved from /home/ubuntu/venv/lib/python3.10/site-packages/airflow/example_dags/example_kubernetes_executor.py
[2023-07-09T17:03:07.049+0000] {processor.py:175} INFO - Processing /home/ubuntu/venv/lib/python3.10/site-packages/airflow/example_dags/example_kubernetes_executor.py took 0.142 seconds
[2023-07-09T17:03:38.043+0000] {processor.py:153} INFO - Started process (PID=10120) to work on /home/ubuntu/venv/lib/python3.10/site-packages/airflow/example_dags/example_kubernetes_executor.py
[2023-07-09T17:03:38.045+0000] {processor.py:743} INFO - Processing file /home/ubuntu/venv/lib/python3.10/site-packages/airflow/example_dags/example_kubernetes_executor.py for tasks to queue
[2023-07-09T17:03:38.046+0000] {logging_mixin.py:137} INFO - [2023-07-09T17:03:38.046+0000] {dagbag.py:538} INFO - Filling up the DagBag from /home/ubuntu/venv/lib/python3.10/site-packages/airflow/example_dags/example_kubernetes_executor.py
[2023-07-09T17:03:38.070+0000] {logging_mixin.py:137} INFO - [2023-07-09T17:03:38.070+0000] {example_kubernetes_executor.py:41} WARNING - The example_kubernetes_executor example DAG requires the kubernetes provider. Please install it with: pip install apache-airflow[cncf.kubernetes]
[2023-07-09T17:03:38.071+0000] {processor.py:755} WARNING - No viable dags retrieved from /home/ubuntu/venv/lib/python3.10/site-packages/airflow/example_dags/example_kubernetes_executor.py
[2023-07-09T17:03:38.115+0000] {processor.py:175} INFO - Processing /home/ubuntu/venv/lib/python3.10/site-packages/airflow/example_dags/example_kubernetes_executor.py took 0.077 seconds
[2023-07-09T17:04:08.978+0000] {processor.py:153} INFO - Started process (PID=10358) to work on /home/ubuntu/venv/lib/python3.10/site-packages/airflow/example_dags/example_kubernetes_executor.py
[2023-07-09T17:04:08.979+0000] {processor.py:743} INFO - Processing file /home/ubuntu/venv/lib/python3.10/site-packages/airflow/example_dags/example_kubernetes_executor.py for tasks to queue
[2023-07-09T17:04:08.980+0000] {logging_mixin.py:137} INFO - [2023-07-09T17:04:08.980+0000] {dagbag.py:538} INFO - Filling up the DagBag from /home/ubuntu/venv/lib/python3.10/site-packages/airflow/example_dags/example_kubernetes_executor.py
[2023-07-09T17:04:08.998+0000] {logging_mixin.py:137} INFO - [2023-07-09T17:04:08.998+0000] {example_kubernetes_executor.py:41} WARNING - The example_kubernetes_executor example DAG requires the kubernetes provider. Please install it with: pip install apache-airflow[cncf.kubernetes]
[2023-07-09T17:04:08.998+0000] {processor.py:755} WARNING - No viable dags retrieved from /home/ubuntu/venv/lib/python3.10/site-packages/airflow/example_dags/example_kubernetes_executor.py
[2023-07-09T17:04:09.029+0000] {processor.py:175} INFO - Processing /home/ubuntu/venv/lib/python3.10/site-packages/airflow/example_dags/example_kubernetes_executor.py took 0.054 seconds
[2023-07-09T17:04:40.785+0000] {processor.py:153} INFO - Started process (PID=10591) to work on /home/ubuntu/venv/lib/python3.10/site-packages/airflow/example_dags/example_kubernetes_executor.py
[2023-07-09T17:04:40.787+0000] {processor.py:743} INFO - Processing file /home/ubuntu/venv/lib/python3.10/site-packages/airflow/example_dags/example_kubernetes_executor.py for tasks to queue
[2023-07-09T17:04:40.787+0000] {logging_mixin.py:137} INFO - [2023-07-09T17:04:40.787+0000] {dagbag.py:538} INFO - Filling up the DagBag from /home/ubuntu/venv/lib/python3.10/site-packages/airflow/example_dags/example_kubernetes_executor.py
[2023-07-09T17:04:40.808+0000] {logging_mixin.py:137} INFO - [2023-07-09T17:04:40.808+0000] {example_kubernetes_executor.py:41} WARNING - The example_kubernetes_executor example DAG requires the kubernetes provider. Please install it with: pip install apache-airflow[cncf.kubernetes]
[2023-07-09T17:04:40.809+0000] {processor.py:755} WARNING - No viable dags retrieved from /home/ubuntu/venv/lib/python3.10/site-packages/airflow/example_dags/example_kubernetes_executor.py
[2023-07-09T17:04:40.845+0000] {processor.py:175} INFO - Processing /home/ubuntu/venv/lib/python3.10/site-packages/airflow/example_dags/example_kubernetes_executor.py took 0.066 seconds
[2023-07-09T17:06:03.757+0000] {processor.py:153} INFO - Started process (PID=11163) to work on /home/ubuntu/venv/lib/python3.10/site-packages/airflow/example_dags/example_kubernetes_executor.py
[2023-07-09T17:06:03.758+0000] {processor.py:743} INFO - Processing file /home/ubuntu/venv/lib/python3.10/site-packages/airflow/example_dags/example_kubernetes_executor.py for tasks to queue
[2023-07-09T17:06:03.759+0000] {logging_mixin.py:137} INFO - [2023-07-09T17:06:03.759+0000] {dagbag.py:538} INFO - Filling up the DagBag from /home/ubuntu/venv/lib/python3.10/site-packages/airflow/example_dags/example_kubernetes_executor.py
[2023-07-09T17:06:03.794+0000] {logging_mixin.py:137} INFO - [2023-07-09T17:06:03.794+0000] {example_kubernetes_executor.py:41} WARNING - The example_kubernetes_executor example DAG requires the kubernetes provider. Please install it with: pip install apache-airflow[cncf.kubernetes]
[2023-07-09T17:06:03.795+0000] {processor.py:755} WARNING - No viable dags retrieved from /home/ubuntu/venv/lib/python3.10/site-packages/airflow/example_dags/example_kubernetes_executor.py
[2023-07-09T17:06:03.843+0000] {processor.py:175} INFO - Processing /home/ubuntu/venv/lib/python3.10/site-packages/airflow/example_dags/example_kubernetes_executor.py took 0.093 seconds
[2023-07-09T17:06:34.199+0000] {processor.py:153} INFO - Started process (PID=11421) to work on /home/ubuntu/venv/lib/python3.10/site-packages/airflow/example_dags/example_kubernetes_executor.py
[2023-07-09T17:06:34.200+0000] {processor.py:743} INFO - Processing file /home/ubuntu/venv/lib/python3.10/site-packages/airflow/example_dags/example_kubernetes_executor.py for tasks to queue
[2023-07-09T17:06:34.201+0000] {logging_mixin.py:137} INFO - [2023-07-09T17:06:34.201+0000] {dagbag.py:538} INFO - Filling up the DagBag from /home/ubuntu/venv/lib/python3.10/site-packages/airflow/example_dags/example_kubernetes_executor.py
[2023-07-09T17:06:34.221+0000] {logging_mixin.py:137} INFO - [2023-07-09T17:06:34.221+0000] {example_kubernetes_executor.py:41} WARNING - The example_kubernetes_executor example DAG requires the kubernetes provider. Please install it with: pip install apache-airflow[cncf.kubernetes]
[2023-07-09T17:06:34.221+0000] {processor.py:755} WARNING - No viable dags retrieved from /home/ubuntu/venv/lib/python3.10/site-packages/airflow/example_dags/example_kubernetes_executor.py
[2023-07-09T17:06:34.252+0000] {processor.py:175} INFO - Processing /home/ubuntu/venv/lib/python3.10/site-packages/airflow/example_dags/example_kubernetes_executor.py took 0.057 seconds
[2023-07-09T17:07:28.225+0000] {processor.py:153} INFO - Started process (PID=11894) to work on /home/ubuntu/venv/lib/python3.10/site-packages/airflow/example_dags/example_kubernetes_executor.py
[2023-07-09T17:07:28.226+0000] {processor.py:743} INFO - Processing file /home/ubuntu/venv/lib/python3.10/site-packages/airflow/example_dags/example_kubernetes_executor.py for tasks to queue
[2023-07-09T17:07:28.227+0000] {logging_mixin.py:137} INFO - [2023-07-09T17:07:28.227+0000] {dagbag.py:538} INFO - Filling up the DagBag from /home/ubuntu/venv/lib/python3.10/site-packages/airflow/example_dags/example_kubernetes_executor.py
[2023-07-09T17:07:28.250+0000] {logging_mixin.py:137} INFO - [2023-07-09T17:07:28.250+0000] {example_kubernetes_executor.py:41} WARNING - The example_kubernetes_executor example DAG requires the kubernetes provider. Please install it with: pip install apache-airflow[cncf.kubernetes]
[2023-07-09T17:07:28.250+0000] {processor.py:755} WARNING - No viable dags retrieved from /home/ubuntu/venv/lib/python3.10/site-packages/airflow/example_dags/example_kubernetes_executor.py
[2023-07-09T17:07:28.296+0000] {processor.py:175} INFO - Processing /home/ubuntu/venv/lib/python3.10/site-packages/airflow/example_dags/example_kubernetes_executor.py took 0.077 seconds
[2023-07-09T17:07:58.903+0000] {processor.py:153} INFO - Started process (PID=12145) to work on /home/ubuntu/venv/lib/python3.10/site-packages/airflow/example_dags/example_kubernetes_executor.py
[2023-07-09T17:07:58.905+0000] {processor.py:743} INFO - Processing file /home/ubuntu/venv/lib/python3.10/site-packages/airflow/example_dags/example_kubernetes_executor.py for tasks to queue
[2023-07-09T17:07:58.905+0000] {logging_mixin.py:137} INFO - [2023-07-09T17:07:58.905+0000] {dagbag.py:538} INFO - Filling up the DagBag from /home/ubuntu/venv/lib/python3.10/site-packages/airflow/example_dags/example_kubernetes_executor.py
[2023-07-09T17:07:58.986+0000] {logging_mixin.py:137} INFO - [2023-07-09T17:07:58.986+0000] {example_kubernetes_executor.py:41} WARNING - The example_kubernetes_executor example DAG requires the kubernetes provider. Please install it with: pip install apache-airflow[cncf.kubernetes]
[2023-07-09T17:07:58.987+0000] {processor.py:755} WARNING - No viable dags retrieved from /home/ubuntu/venv/lib/python3.10/site-packages/airflow/example_dags/example_kubernetes_executor.py
[2023-07-09T17:07:59.058+0000] {processor.py:175} INFO - Processing /home/ubuntu/venv/lib/python3.10/site-packages/airflow/example_dags/example_kubernetes_executor.py took 0.162 seconds
[2023-07-09T17:08:29.831+0000] {processor.py:153} INFO - Started process (PID=12381) to work on /home/ubuntu/venv/lib/python3.10/site-packages/airflow/example_dags/example_kubernetes_executor.py
[2023-07-09T17:08:29.832+0000] {processor.py:743} INFO - Processing file /home/ubuntu/venv/lib/python3.10/site-packages/airflow/example_dags/example_kubernetes_executor.py for tasks to queue
[2023-07-09T17:08:29.833+0000] {logging_mixin.py:137} INFO - [2023-07-09T17:08:29.833+0000] {dagbag.py:538} INFO - Filling up the DagBag from /home/ubuntu/venv/lib/python3.10/site-packages/airflow/example_dags/example_kubernetes_executor.py
[2023-07-09T17:08:29.859+0000] {logging_mixin.py:137} INFO - [2023-07-09T17:08:29.859+0000] {example_kubernetes_executor.py:41} WARNING - The example_kubernetes_executor example DAG requires the kubernetes provider. Please install it with: pip install apache-airflow[cncf.kubernetes]
[2023-07-09T17:08:29.859+0000] {processor.py:755} WARNING - No viable dags retrieved from /home/ubuntu/venv/lib/python3.10/site-packages/airflow/example_dags/example_kubernetes_executor.py
[2023-07-09T17:08:29.904+0000] {processor.py:175} INFO - Processing /home/ubuntu/venv/lib/python3.10/site-packages/airflow/example_dags/example_kubernetes_executor.py took 0.077 seconds
[2023-07-09T17:09:07.150+0000] {processor.py:153} INFO - Started process (PID=12842) to work on /home/ubuntu/venv/lib/python3.10/site-packages/airflow/example_dags/example_kubernetes_executor.py
[2023-07-09T17:09:07.151+0000] {processor.py:743} INFO - Processing file /home/ubuntu/venv/lib/python3.10/site-packages/airflow/example_dags/example_kubernetes_executor.py for tasks to queue
[2023-07-09T17:09:07.152+0000] {logging_mixin.py:137} INFO - [2023-07-09T17:09:07.152+0000] {dagbag.py:538} INFO - Filling up the DagBag from /home/ubuntu/venv/lib/python3.10/site-packages/airflow/example_dags/example_kubernetes_executor.py
[2023-07-09T17:09:07.174+0000] {logging_mixin.py:137} INFO - [2023-07-09T17:09:07.174+0000] {example_kubernetes_executor.py:41} WARNING - The example_kubernetes_executor example DAG requires the kubernetes provider. Please install it with: pip install apache-airflow[cncf.kubernetes]
[2023-07-09T17:09:07.174+0000] {processor.py:755} WARNING - No viable dags retrieved from /home/ubuntu/venv/lib/python3.10/site-packages/airflow/example_dags/example_kubernetes_executor.py
[2023-07-09T17:09:07.213+0000] {processor.py:175} INFO - Processing /home/ubuntu/venv/lib/python3.10/site-packages/airflow/example_dags/example_kubernetes_executor.py took 0.067 seconds
[2023-07-09T17:09:37.807+0000] {processor.py:153} INFO - Started process (PID=13118) to work on /home/ubuntu/venv/lib/python3.10/site-packages/airflow/example_dags/example_kubernetes_executor.py
[2023-07-09T17:09:37.808+0000] {processor.py:743} INFO - Processing file /home/ubuntu/venv/lib/python3.10/site-packages/airflow/example_dags/example_kubernetes_executor.py for tasks to queue
[2023-07-09T17:09:37.809+0000] {logging_mixin.py:137} INFO - [2023-07-09T17:09:37.808+0000] {dagbag.py:538} INFO - Filling up the DagBag from /home/ubuntu/venv/lib/python3.10/site-packages/airflow/example_dags/example_kubernetes_executor.py
[2023-07-09T17:09:37.829+0000] {logging_mixin.py:137} INFO - [2023-07-09T17:09:37.829+0000] {example_kubernetes_executor.py:41} WARNING - The example_kubernetes_executor example DAG requires the kubernetes provider. Please install it with: pip install apache-airflow[cncf.kubernetes]
[2023-07-09T17:09:37.830+0000] {processor.py:755} WARNING - No viable dags retrieved from /home/ubuntu/venv/lib/python3.10/site-packages/airflow/example_dags/example_kubernetes_executor.py
[2023-07-09T17:09:37.870+0000] {processor.py:175} INFO - Processing /home/ubuntu/venv/lib/python3.10/site-packages/airflow/example_dags/example_kubernetes_executor.py took 0.068 seconds
[2023-07-09T17:10:08.651+0000] {processor.py:153} INFO - Started process (PID=13354) to work on /home/ubuntu/venv/lib/python3.10/site-packages/airflow/example_dags/example_kubernetes_executor.py
[2023-07-09T17:10:08.653+0000] {processor.py:743} INFO - Processing file /home/ubuntu/venv/lib/python3.10/site-packages/airflow/example_dags/example_kubernetes_executor.py for tasks to queue
[2023-07-09T17:10:08.654+0000] {logging_mixin.py:137} INFO - [2023-07-09T17:10:08.654+0000] {dagbag.py:538} INFO - Filling up the DagBag from /home/ubuntu/venv/lib/python3.10/site-packages/airflow/example_dags/example_kubernetes_executor.py
[2023-07-09T17:10:08.675+0000] {logging_mixin.py:137} INFO - [2023-07-09T17:10:08.675+0000] {example_kubernetes_executor.py:41} WARNING - The example_kubernetes_executor example DAG requires the kubernetes provider. Please install it with: pip install apache-airflow[cncf.kubernetes]
[2023-07-09T17:10:08.676+0000] {processor.py:755} WARNING - No viable dags retrieved from /home/ubuntu/venv/lib/python3.10/site-packages/airflow/example_dags/example_kubernetes_executor.py
[2023-07-09T17:10:08.715+0000] {processor.py:175} INFO - Processing /home/ubuntu/venv/lib/python3.10/site-packages/airflow/example_dags/example_kubernetes_executor.py took 0.069 seconds
