[2023-07-09T15:46:33.552+0000] {processor.py:153} INFO - Started process (PID=1323) to work on /home/ubuntu/venv/lib/python3.10/site-packages/airflow/example_dags/example_subdag_operator.py
[2023-07-09T15:46:33.553+0000] {processor.py:743} INFO - Processing file /home/ubuntu/venv/lib/python3.10/site-packages/airflow/example_dags/example_subdag_operator.py for tasks to queue
[2023-07-09T15:46:33.553+0000] {logging_mixin.py:137} INFO - [2023-07-09T15:46:33.553+0000] {dagbag.py:538} INFO - Filling up the DagBag from /home/ubuntu/venv/lib/python3.10/site-packages/airflow/example_dags/example_subdag_operator.py
[2023-07-09T15:46:33.619+0000] {processor.py:753} INFO - DAG(s) dict_keys(['example_subdag_operator.section-1', 'example_subdag_operator.section-2', 'example_subdag_operator']) retrieved from /home/ubuntu/venv/lib/python3.10/site-packages/airflow/example_dags/example_subdag_operator.py
[2023-07-09T15:46:33.649+0000] {logging_mixin.py:137} INFO - [2023-07-09T15:46:33.648+0000] {dag.py:2676} INFO - Sync 3 DAGs
[2023-07-09T15:46:33.681+0000] {logging_mixin.py:137} INFO - [2023-07-09T15:46:33.680+0000] {dag.py:3423} INFO - Setting next_dagrun for example_subdag_operator to 2022-01-01T00:00:00+00:00, run_after=2022-01-01T00:00:00+00:00
[2023-07-09T15:46:33.685+0000] {logging_mixin.py:137} INFO - [2023-07-09T15:46:33.685+0000] {dag.py:3423} INFO - Setting next_dagrun for example_subdag_operator.section-1 to None, run_after=None
[2023-07-09T15:46:33.687+0000] {logging_mixin.py:137} INFO - [2023-07-09T15:46:33.687+0000] {dag.py:3423} INFO - Setting next_dagrun for example_subdag_operator.section-2 to None, run_after=None
[2023-07-09T15:46:33.695+0000] {logging_mixin.py:137} INFO - [2023-07-09T15:46:33.695+0000] {dag.py:2676} INFO - Sync 2 DAGs
[2023-07-09T15:46:33.703+0000] {logging_mixin.py:137} INFO - [2023-07-09T15:46:33.702+0000] {dag.py:3423} INFO - Setting next_dagrun for example_subdag_operator.section-1 to None, run_after=None
[2023-07-09T15:46:33.703+0000] {logging_mixin.py:137} INFO - [2023-07-09T15:46:33.703+0000] {dag.py:3423} INFO - Setting next_dagrun for example_subdag_operator.section-2 to None, run_after=None
[2023-07-09T15:46:33.716+0000] {processor.py:175} INFO - Processing /home/ubuntu/venv/lib/python3.10/site-packages/airflow/example_dags/example_subdag_operator.py took 0.168 seconds
[2023-07-09T15:47:04.353+0000] {processor.py:153} INFO - Started process (PID=1562) to work on /home/ubuntu/venv/lib/python3.10/site-packages/airflow/example_dags/example_subdag_operator.py
[2023-07-09T15:47:04.354+0000] {processor.py:743} INFO - Processing file /home/ubuntu/venv/lib/python3.10/site-packages/airflow/example_dags/example_subdag_operator.py for tasks to queue
[2023-07-09T15:47:04.355+0000] {logging_mixin.py:137} INFO - [2023-07-09T15:47:04.355+0000] {dagbag.py:538} INFO - Filling up the DagBag from /home/ubuntu/venv/lib/python3.10/site-packages/airflow/example_dags/example_subdag_operator.py
[2023-07-09T15:47:04.421+0000] {processor.py:753} INFO - DAG(s) dict_keys(['example_subdag_operator.section-1', 'example_subdag_operator.section-2', 'example_subdag_operator']) retrieved from /home/ubuntu/venv/lib/python3.10/site-packages/airflow/example_dags/example_subdag_operator.py
[2023-07-09T15:47:04.455+0000] {logging_mixin.py:137} INFO - [2023-07-09T15:47:04.455+0000] {dag.py:2676} INFO - Sync 3 DAGs
[2023-07-09T15:47:04.494+0000] {logging_mixin.py:137} INFO - [2023-07-09T15:47:04.494+0000] {dag.py:3423} INFO - Setting next_dagrun for example_subdag_operator to 2022-01-01T00:00:00+00:00, run_after=2022-01-01T00:00:00+00:00
[2023-07-09T15:47:04.499+0000] {logging_mixin.py:137} INFO - [2023-07-09T15:47:04.499+0000] {dag.py:3423} INFO - Setting next_dagrun for example_subdag_operator.section-1 to None, run_after=None
[2023-07-09T15:47:04.500+0000] {logging_mixin.py:137} INFO - [2023-07-09T15:47:04.500+0000] {dag.py:3423} INFO - Setting next_dagrun for example_subdag_operator.section-2 to None, run_after=None
[2023-07-09T15:47:04.509+0000] {logging_mixin.py:137} INFO - [2023-07-09T15:47:04.509+0000] {dag.py:2676} INFO - Sync 2 DAGs
[2023-07-09T15:47:04.517+0000] {logging_mixin.py:137} INFO - [2023-07-09T15:47:04.517+0000] {dag.py:3423} INFO - Setting next_dagrun for example_subdag_operator.section-1 to None, run_after=None
[2023-07-09T15:47:04.517+0000] {logging_mixin.py:137} INFO - [2023-07-09T15:47:04.517+0000] {dag.py:3423} INFO - Setting next_dagrun for example_subdag_operator.section-2 to None, run_after=None
[2023-07-09T15:47:04.531+0000] {processor.py:175} INFO - Processing /home/ubuntu/venv/lib/python3.10/site-packages/airflow/example_dags/example_subdag_operator.py took 0.184 seconds
[2023-07-09T15:47:34.678+0000] {processor.py:153} INFO - Started process (PID=1864) to work on /home/ubuntu/venv/lib/python3.10/site-packages/airflow/example_dags/example_subdag_operator.py
[2023-07-09T15:47:34.679+0000] {processor.py:743} INFO - Processing file /home/ubuntu/venv/lib/python3.10/site-packages/airflow/example_dags/example_subdag_operator.py for tasks to queue
[2023-07-09T15:47:34.679+0000] {logging_mixin.py:137} INFO - [2023-07-09T15:47:34.679+0000] {dagbag.py:538} INFO - Filling up the DagBag from /home/ubuntu/venv/lib/python3.10/site-packages/airflow/example_dags/example_subdag_operator.py
[2023-07-09T15:47:34.742+0000] {processor.py:753} INFO - DAG(s) dict_keys(['example_subdag_operator.section-1', 'example_subdag_operator.section-2', 'example_subdag_operator']) retrieved from /home/ubuntu/venv/lib/python3.10/site-packages/airflow/example_dags/example_subdag_operator.py
[2023-07-09T15:47:34.773+0000] {logging_mixin.py:137} INFO - [2023-07-09T15:47:34.773+0000] {dag.py:2676} INFO - Sync 3 DAGs
[2023-07-09T15:47:34.806+0000] {logging_mixin.py:137} INFO - [2023-07-09T15:47:34.806+0000] {dag.py:3423} INFO - Setting next_dagrun for example_subdag_operator to 2022-01-01T00:00:00+00:00, run_after=2022-01-01T00:00:00+00:00
[2023-07-09T15:47:34.810+0000] {logging_mixin.py:137} INFO - [2023-07-09T15:47:34.810+0000] {dag.py:3423} INFO - Setting next_dagrun for example_subdag_operator.section-1 to None, run_after=None
[2023-07-09T15:47:34.812+0000] {logging_mixin.py:137} INFO - [2023-07-09T15:47:34.812+0000] {dag.py:3423} INFO - Setting next_dagrun for example_subdag_operator.section-2 to None, run_after=None
[2023-07-09T15:47:34.821+0000] {logging_mixin.py:137} INFO - [2023-07-09T15:47:34.821+0000] {dag.py:2676} INFO - Sync 2 DAGs
[2023-07-09T15:47:34.828+0000] {logging_mixin.py:137} INFO - [2023-07-09T15:47:34.828+0000] {dag.py:3423} INFO - Setting next_dagrun for example_subdag_operator.section-1 to None, run_after=None
[2023-07-09T15:47:34.829+0000] {logging_mixin.py:137} INFO - [2023-07-09T15:47:34.829+0000] {dag.py:3423} INFO - Setting next_dagrun for example_subdag_operator.section-2 to None, run_after=None
[2023-07-09T15:47:34.842+0000] {processor.py:175} INFO - Processing /home/ubuntu/venv/lib/python3.10/site-packages/airflow/example_dags/example_subdag_operator.py took 0.168 seconds
[2023-07-09T15:49:52.257+0000] {processor.py:153} INFO - Started process (PID=2143) to work on /home/ubuntu/venv/lib/python3.10/site-packages/airflow/example_dags/example_subdag_operator.py
[2023-07-09T15:49:52.259+0000] {processor.py:743} INFO - Processing file /home/ubuntu/venv/lib/python3.10/site-packages/airflow/example_dags/example_subdag_operator.py for tasks to queue
[2023-07-09T15:49:52.260+0000] {logging_mixin.py:137} INFO - [2023-07-09T15:49:52.260+0000] {dagbag.py:538} INFO - Filling up the DagBag from /home/ubuntu/venv/lib/python3.10/site-packages/airflow/example_dags/example_subdag_operator.py
[2023-07-09T15:49:52.324+0000] {processor.py:753} INFO - DAG(s) dict_keys(['example_subdag_operator.section-1', 'example_subdag_operator.section-2', 'example_subdag_operator']) retrieved from /home/ubuntu/venv/lib/python3.10/site-packages/airflow/example_dags/example_subdag_operator.py
[2023-07-09T15:49:52.356+0000] {logging_mixin.py:137} INFO - [2023-07-09T15:49:52.355+0000] {dag.py:2676} INFO - Sync 3 DAGs
[2023-07-09T15:49:52.388+0000] {logging_mixin.py:137} INFO - [2023-07-09T15:49:52.388+0000] {dag.py:3423} INFO - Setting next_dagrun for example_subdag_operator to 2022-01-01T00:00:00+00:00, run_after=2022-01-01T00:00:00+00:00
[2023-07-09T15:49:52.393+0000] {logging_mixin.py:137} INFO - [2023-07-09T15:49:52.392+0000] {dag.py:3423} INFO - Setting next_dagrun for example_subdag_operator.section-1 to None, run_after=None
[2023-07-09T15:49:52.394+0000] {logging_mixin.py:137} INFO - [2023-07-09T15:49:52.394+0000] {dag.py:3423} INFO - Setting next_dagrun for example_subdag_operator.section-2 to None, run_after=None
[2023-07-09T15:49:52.403+0000] {logging_mixin.py:137} INFO - [2023-07-09T15:49:52.403+0000] {dag.py:2676} INFO - Sync 2 DAGs
[2023-07-09T15:49:52.411+0000] {logging_mixin.py:137} INFO - [2023-07-09T15:49:52.411+0000] {dag.py:3423} INFO - Setting next_dagrun for example_subdag_operator.section-1 to None, run_after=None
[2023-07-09T15:49:52.412+0000] {logging_mixin.py:137} INFO - [2023-07-09T15:49:52.411+0000] {dag.py:3423} INFO - Setting next_dagrun for example_subdag_operator.section-2 to None, run_after=None
[2023-07-09T15:49:52.425+0000] {processor.py:175} INFO - Processing /home/ubuntu/venv/lib/python3.10/site-packages/airflow/example_dags/example_subdag_operator.py took 0.173 seconds
[2023-07-09T15:50:23.361+0000] {processor.py:153} INFO - Started process (PID=2379) to work on /home/ubuntu/venv/lib/python3.10/site-packages/airflow/example_dags/example_subdag_operator.py
[2023-07-09T15:50:23.362+0000] {processor.py:743} INFO - Processing file /home/ubuntu/venv/lib/python3.10/site-packages/airflow/example_dags/example_subdag_operator.py for tasks to queue
[2023-07-09T15:50:23.363+0000] {logging_mixin.py:137} INFO - [2023-07-09T15:50:23.363+0000] {dagbag.py:538} INFO - Filling up the DagBag from /home/ubuntu/venv/lib/python3.10/site-packages/airflow/example_dags/example_subdag_operator.py
[2023-07-09T15:50:23.448+0000] {processor.py:753} INFO - DAG(s) dict_keys(['example_subdag_operator.section-1', 'example_subdag_operator.section-2', 'example_subdag_operator']) retrieved from /home/ubuntu/venv/lib/python3.10/site-packages/airflow/example_dags/example_subdag_operator.py
[2023-07-09T15:50:23.483+0000] {logging_mixin.py:137} INFO - [2023-07-09T15:50:23.483+0000] {dag.py:2676} INFO - Sync 3 DAGs
[2023-07-09T15:50:23.518+0000] {logging_mixin.py:137} INFO - [2023-07-09T15:50:23.517+0000] {dag.py:3423} INFO - Setting next_dagrun for example_subdag_operator to 2022-01-01T00:00:00+00:00, run_after=2022-01-01T00:00:00+00:00
[2023-07-09T15:50:23.523+0000] {logging_mixin.py:137} INFO - [2023-07-09T15:50:23.522+0000] {dag.py:3423} INFO - Setting next_dagrun for example_subdag_operator.section-1 to None, run_after=None
[2023-07-09T15:50:23.524+0000] {logging_mixin.py:137} INFO - [2023-07-09T15:50:23.524+0000] {dag.py:3423} INFO - Setting next_dagrun for example_subdag_operator.section-2 to None, run_after=None
[2023-07-09T15:50:23.534+0000] {logging_mixin.py:137} INFO - [2023-07-09T15:50:23.534+0000] {dag.py:2676} INFO - Sync 2 DAGs
[2023-07-09T15:50:23.542+0000] {logging_mixin.py:137} INFO - [2023-07-09T15:50:23.542+0000] {dag.py:3423} INFO - Setting next_dagrun for example_subdag_operator.section-1 to None, run_after=None
[2023-07-09T15:50:23.543+0000] {logging_mixin.py:137} INFO - [2023-07-09T15:50:23.543+0000] {dag.py:3423} INFO - Setting next_dagrun for example_subdag_operator.section-2 to None, run_after=None
[2023-07-09T15:50:23.581+0000] {processor.py:175} INFO - Processing /home/ubuntu/venv/lib/python3.10/site-packages/airflow/example_dags/example_subdag_operator.py took 0.225 seconds
[2023-07-09T16:47:15.736+0000] {processor.py:153} INFO - Started process (PID=3442) to work on /home/ubuntu/venv/lib/python3.10/site-packages/airflow/example_dags/example_subdag_operator.py
[2023-07-09T16:47:15.737+0000] {processor.py:743} INFO - Processing file /home/ubuntu/venv/lib/python3.10/site-packages/airflow/example_dags/example_subdag_operator.py for tasks to queue
[2023-07-09T16:47:15.738+0000] {logging_mixin.py:137} INFO - [2023-07-09T16:47:15.738+0000] {dagbag.py:538} INFO - Filling up the DagBag from /home/ubuntu/venv/lib/python3.10/site-packages/airflow/example_dags/example_subdag_operator.py
[2023-07-09T16:47:15.807+0000] {processor.py:753} INFO - DAG(s) dict_keys(['example_subdag_operator.section-1', 'example_subdag_operator.section-2', 'example_subdag_operator']) retrieved from /home/ubuntu/venv/lib/python3.10/site-packages/airflow/example_dags/example_subdag_operator.py
[2023-07-09T16:47:15.841+0000] {logging_mixin.py:137} INFO - [2023-07-09T16:47:15.840+0000] {dag.py:2676} INFO - Sync 3 DAGs
[2023-07-09T16:47:15.876+0000] {logging_mixin.py:137} INFO - [2023-07-09T16:47:15.875+0000] {dag.py:3423} INFO - Setting next_dagrun for example_subdag_operator to 2022-01-01T00:00:00+00:00, run_after=2022-01-01T00:00:00+00:00
[2023-07-09T16:47:15.880+0000] {logging_mixin.py:137} INFO - [2023-07-09T16:47:15.880+0000] {dag.py:3423} INFO - Setting next_dagrun for example_subdag_operator.section-1 to None, run_after=None
[2023-07-09T16:47:15.882+0000] {logging_mixin.py:137} INFO - [2023-07-09T16:47:15.882+0000] {dag.py:3423} INFO - Setting next_dagrun for example_subdag_operator.section-2 to None, run_after=None
[2023-07-09T16:47:15.892+0000] {logging_mixin.py:137} INFO - [2023-07-09T16:47:15.892+0000] {dag.py:2676} INFO - Sync 2 DAGs
[2023-07-09T16:47:15.914+0000] {logging_mixin.py:137} INFO - [2023-07-09T16:47:15.914+0000] {dag.py:3423} INFO - Setting next_dagrun for example_subdag_operator.section-1 to None, run_after=None
[2023-07-09T16:47:15.914+0000] {logging_mixin.py:137} INFO - [2023-07-09T16:47:15.914+0000] {dag.py:3423} INFO - Setting next_dagrun for example_subdag_operator.section-2 to None, run_after=None
[2023-07-09T16:47:15.936+0000] {processor.py:175} INFO - Processing /home/ubuntu/venv/lib/python3.10/site-packages/airflow/example_dags/example_subdag_operator.py took 0.206 seconds
[2023-07-09T16:47:47.151+0000] {processor.py:153} INFO - Started process (PID=3810) to work on /home/ubuntu/venv/lib/python3.10/site-packages/airflow/example_dags/example_subdag_operator.py
[2023-07-09T16:47:47.153+0000] {processor.py:743} INFO - Processing file /home/ubuntu/venv/lib/python3.10/site-packages/airflow/example_dags/example_subdag_operator.py for tasks to queue
[2023-07-09T16:47:47.154+0000] {logging_mixin.py:137} INFO - [2023-07-09T16:47:47.154+0000] {dagbag.py:538} INFO - Filling up the DagBag from /home/ubuntu/venv/lib/python3.10/site-packages/airflow/example_dags/example_subdag_operator.py
[2023-07-09T16:47:47.238+0000] {processor.py:753} INFO - DAG(s) dict_keys(['example_subdag_operator.section-1', 'example_subdag_operator.section-2', 'example_subdag_operator']) retrieved from /home/ubuntu/venv/lib/python3.10/site-packages/airflow/example_dags/example_subdag_operator.py
[2023-07-09T16:47:47.280+0000] {logging_mixin.py:137} INFO - [2023-07-09T16:47:47.280+0000] {dag.py:2676} INFO - Sync 3 DAGs
[2023-07-09T16:47:47.317+0000] {logging_mixin.py:137} INFO - [2023-07-09T16:47:47.317+0000] {dag.py:3423} INFO - Setting next_dagrun for example_subdag_operator to 2022-01-01T00:00:00+00:00, run_after=2022-01-01T00:00:00+00:00
[2023-07-09T16:47:47.322+0000] {logging_mixin.py:137} INFO - [2023-07-09T16:47:47.322+0000] {dag.py:3423} INFO - Setting next_dagrun for example_subdag_operator.section-1 to None, run_after=None
[2023-07-09T16:47:47.323+0000] {logging_mixin.py:137} INFO - [2023-07-09T16:47:47.323+0000] {dag.py:3423} INFO - Setting next_dagrun for example_subdag_operator.section-2 to None, run_after=None
[2023-07-09T16:47:47.333+0000] {logging_mixin.py:137} INFO - [2023-07-09T16:47:47.333+0000] {dag.py:2676} INFO - Sync 2 DAGs
[2023-07-09T16:47:47.341+0000] {logging_mixin.py:137} INFO - [2023-07-09T16:47:47.340+0000] {dag.py:3423} INFO - Setting next_dagrun for example_subdag_operator.section-1 to None, run_after=None
[2023-07-09T16:47:47.341+0000] {logging_mixin.py:137} INFO - [2023-07-09T16:47:47.341+0000] {dag.py:3423} INFO - Setting next_dagrun for example_subdag_operator.section-2 to None, run_after=None
[2023-07-09T16:47:47.355+0000] {processor.py:175} INFO - Processing /home/ubuntu/venv/lib/python3.10/site-packages/airflow/example_dags/example_subdag_operator.py took 0.212 seconds
[2023-07-09T16:48:17.854+0000] {processor.py:153} INFO - Started process (PID=4045) to work on /home/ubuntu/venv/lib/python3.10/site-packages/airflow/example_dags/example_subdag_operator.py
[2023-07-09T16:48:17.856+0000] {processor.py:743} INFO - Processing file /home/ubuntu/venv/lib/python3.10/site-packages/airflow/example_dags/example_subdag_operator.py for tasks to queue
[2023-07-09T16:48:17.858+0000] {logging_mixin.py:137} INFO - [2023-07-09T16:48:17.857+0000] {dagbag.py:538} INFO - Filling up the DagBag from /home/ubuntu/venv/lib/python3.10/site-packages/airflow/example_dags/example_subdag_operator.py
[2023-07-09T16:48:17.939+0000] {processor.py:753} INFO - DAG(s) dict_keys(['example_subdag_operator.section-1', 'example_subdag_operator.section-2', 'example_subdag_operator']) retrieved from /home/ubuntu/venv/lib/python3.10/site-packages/airflow/example_dags/example_subdag_operator.py
[2023-07-09T16:48:17.977+0000] {logging_mixin.py:137} INFO - [2023-07-09T16:48:17.977+0000] {dag.py:2676} INFO - Sync 3 DAGs
[2023-07-09T16:48:18.021+0000] {logging_mixin.py:137} INFO - [2023-07-09T16:48:18.021+0000] {dag.py:3423} INFO - Setting next_dagrun for example_subdag_operator to 2022-01-01T00:00:00+00:00, run_after=2022-01-01T00:00:00+00:00
[2023-07-09T16:48:18.027+0000] {logging_mixin.py:137} INFO - [2023-07-09T16:48:18.027+0000] {dag.py:3423} INFO - Setting next_dagrun for example_subdag_operator.section-1 to None, run_after=None
[2023-07-09T16:48:18.029+0000] {logging_mixin.py:137} INFO - [2023-07-09T16:48:18.029+0000] {dag.py:3423} INFO - Setting next_dagrun for example_subdag_operator.section-2 to None, run_after=None
[2023-07-09T16:48:18.039+0000] {logging_mixin.py:137} INFO - [2023-07-09T16:48:18.039+0000] {dag.py:2676} INFO - Sync 2 DAGs
[2023-07-09T16:48:18.048+0000] {logging_mixin.py:137} INFO - [2023-07-09T16:48:18.048+0000] {dag.py:3423} INFO - Setting next_dagrun for example_subdag_operator.section-1 to None, run_after=None
[2023-07-09T16:48:18.049+0000] {logging_mixin.py:137} INFO - [2023-07-09T16:48:18.048+0000] {dag.py:3423} INFO - Setting next_dagrun for example_subdag_operator.section-2 to None, run_after=None
[2023-07-09T16:48:18.062+0000] {processor.py:175} INFO - Processing /home/ubuntu/venv/lib/python3.10/site-packages/airflow/example_dags/example_subdag_operator.py took 0.213 seconds
[2023-07-09T16:48:48.472+0000] {processor.py:153} INFO - Started process (PID=4280) to work on /home/ubuntu/venv/lib/python3.10/site-packages/airflow/example_dags/example_subdag_operator.py
[2023-07-09T16:48:48.473+0000] {processor.py:743} INFO - Processing file /home/ubuntu/venv/lib/python3.10/site-packages/airflow/example_dags/example_subdag_operator.py for tasks to queue
[2023-07-09T16:48:48.474+0000] {logging_mixin.py:137} INFO - [2023-07-09T16:48:48.474+0000] {dagbag.py:538} INFO - Filling up the DagBag from /home/ubuntu/venv/lib/python3.10/site-packages/airflow/example_dags/example_subdag_operator.py
[2023-07-09T16:48:48.557+0000] {processor.py:753} INFO - DAG(s) dict_keys(['example_subdag_operator.section-1', 'example_subdag_operator.section-2', 'example_subdag_operator']) retrieved from /home/ubuntu/venv/lib/python3.10/site-packages/airflow/example_dags/example_subdag_operator.py
[2023-07-09T16:48:48.589+0000] {logging_mixin.py:137} INFO - [2023-07-09T16:48:48.588+0000] {dag.py:2676} INFO - Sync 3 DAGs
[2023-07-09T16:48:48.620+0000] {logging_mixin.py:137} INFO - [2023-07-09T16:48:48.620+0000] {dag.py:3423} INFO - Setting next_dagrun for example_subdag_operator to 2022-01-01T00:00:00+00:00, run_after=2022-01-01T00:00:00+00:00
[2023-07-09T16:48:48.624+0000] {logging_mixin.py:137} INFO - [2023-07-09T16:48:48.624+0000] {dag.py:3423} INFO - Setting next_dagrun for example_subdag_operator.section-1 to None, run_after=None
[2023-07-09T16:48:48.626+0000] {logging_mixin.py:137} INFO - [2023-07-09T16:48:48.626+0000] {dag.py:3423} INFO - Setting next_dagrun for example_subdag_operator.section-2 to None, run_after=None
[2023-07-09T16:48:48.635+0000] {logging_mixin.py:137} INFO - [2023-07-09T16:48:48.635+0000] {dag.py:2676} INFO - Sync 2 DAGs
[2023-07-09T16:48:48.648+0000] {logging_mixin.py:137} INFO - [2023-07-09T16:48:48.647+0000] {dag.py:3423} INFO - Setting next_dagrun for example_subdag_operator.section-1 to None, run_after=None
[2023-07-09T16:48:48.648+0000] {logging_mixin.py:137} INFO - [2023-07-09T16:48:48.648+0000] {dag.py:3423} INFO - Setting next_dagrun for example_subdag_operator.section-2 to None, run_after=None
[2023-07-09T16:48:48.661+0000] {processor.py:175} INFO - Processing /home/ubuntu/venv/lib/python3.10/site-packages/airflow/example_dags/example_subdag_operator.py took 0.195 seconds
[2023-07-09T16:49:19.801+0000] {processor.py:153} INFO - Started process (PID=4518) to work on /home/ubuntu/venv/lib/python3.10/site-packages/airflow/example_dags/example_subdag_operator.py
[2023-07-09T16:49:19.803+0000] {processor.py:743} INFO - Processing file /home/ubuntu/venv/lib/python3.10/site-packages/airflow/example_dags/example_subdag_operator.py for tasks to queue
[2023-07-09T16:49:19.804+0000] {logging_mixin.py:137} INFO - [2023-07-09T16:49:19.804+0000] {dagbag.py:538} INFO - Filling up the DagBag from /home/ubuntu/venv/lib/python3.10/site-packages/airflow/example_dags/example_subdag_operator.py
[2023-07-09T16:49:19.872+0000] {processor.py:753} INFO - DAG(s) dict_keys(['example_subdag_operator.section-1', 'example_subdag_operator.section-2', 'example_subdag_operator']) retrieved from /home/ubuntu/venv/lib/python3.10/site-packages/airflow/example_dags/example_subdag_operator.py
[2023-07-09T16:49:19.903+0000] {logging_mixin.py:137} INFO - [2023-07-09T16:49:19.903+0000] {dag.py:2676} INFO - Sync 3 DAGs
[2023-07-09T16:49:19.937+0000] {logging_mixin.py:137} INFO - [2023-07-09T16:49:19.937+0000] {dag.py:3423} INFO - Setting next_dagrun for example_subdag_operator to 2022-01-01T00:00:00+00:00, run_after=2022-01-01T00:00:00+00:00
[2023-07-09T16:49:19.948+0000] {logging_mixin.py:137} INFO - [2023-07-09T16:49:19.948+0000] {dag.py:3423} INFO - Setting next_dagrun for example_subdag_operator.section-1 to None, run_after=None
[2023-07-09T16:49:19.951+0000] {logging_mixin.py:137} INFO - [2023-07-09T16:49:19.950+0000] {dag.py:3423} INFO - Setting next_dagrun for example_subdag_operator.section-2 to None, run_after=None
[2023-07-09T16:49:19.965+0000] {logging_mixin.py:137} INFO - [2023-07-09T16:49:19.965+0000] {dag.py:2676} INFO - Sync 2 DAGs
[2023-07-09T16:49:19.973+0000] {logging_mixin.py:137} INFO - [2023-07-09T16:49:19.973+0000] {dag.py:3423} INFO - Setting next_dagrun for example_subdag_operator.section-1 to None, run_after=None
[2023-07-09T16:49:19.974+0000] {logging_mixin.py:137} INFO - [2023-07-09T16:49:19.974+0000] {dag.py:3423} INFO - Setting next_dagrun for example_subdag_operator.section-2 to None, run_after=None
[2023-07-09T16:49:19.987+0000] {processor.py:175} INFO - Processing /home/ubuntu/venv/lib/python3.10/site-packages/airflow/example_dags/example_subdag_operator.py took 0.190 seconds
[2023-07-09T16:49:50.692+0000] {processor.py:153} INFO - Started process (PID=4751) to work on /home/ubuntu/venv/lib/python3.10/site-packages/airflow/example_dags/example_subdag_operator.py
[2023-07-09T16:49:50.693+0000] {processor.py:743} INFO - Processing file /home/ubuntu/venv/lib/python3.10/site-packages/airflow/example_dags/example_subdag_operator.py for tasks to queue
[2023-07-09T16:49:50.694+0000] {logging_mixin.py:137} INFO - [2023-07-09T16:49:50.694+0000] {dagbag.py:538} INFO - Filling up the DagBag from /home/ubuntu/venv/lib/python3.10/site-packages/airflow/example_dags/example_subdag_operator.py
[2023-07-09T16:49:50.766+0000] {processor.py:753} INFO - DAG(s) dict_keys(['example_subdag_operator.section-1', 'example_subdag_operator.section-2', 'example_subdag_operator']) retrieved from /home/ubuntu/venv/lib/python3.10/site-packages/airflow/example_dags/example_subdag_operator.py
[2023-07-09T16:49:50.799+0000] {logging_mixin.py:137} INFO - [2023-07-09T16:49:50.798+0000] {dag.py:2676} INFO - Sync 3 DAGs
[2023-07-09T16:49:50.835+0000] {logging_mixin.py:137} INFO - [2023-07-09T16:49:50.834+0000] {dag.py:3423} INFO - Setting next_dagrun for example_subdag_operator to 2022-01-01T00:00:00+00:00, run_after=2022-01-01T00:00:00+00:00
[2023-07-09T16:49:50.849+0000] {logging_mixin.py:137} INFO - [2023-07-09T16:49:50.849+0000] {dag.py:3423} INFO - Setting next_dagrun for example_subdag_operator.section-1 to None, run_after=None
[2023-07-09T16:49:50.858+0000] {logging_mixin.py:137} INFO - [2023-07-09T16:49:50.857+0000] {dag.py:3423} INFO - Setting next_dagrun for example_subdag_operator.section-2 to None, run_after=None
[2023-07-09T16:49:50.868+0000] {logging_mixin.py:137} INFO - [2023-07-09T16:49:50.868+0000] {dag.py:2676} INFO - Sync 2 DAGs
[2023-07-09T16:49:50.875+0000] {logging_mixin.py:137} INFO - [2023-07-09T16:49:50.875+0000] {dag.py:3423} INFO - Setting next_dagrun for example_subdag_operator.section-1 to None, run_after=None
[2023-07-09T16:49:50.876+0000] {logging_mixin.py:137} INFO - [2023-07-09T16:49:50.876+0000] {dag.py:3423} INFO - Setting next_dagrun for example_subdag_operator.section-2 to None, run_after=None
[2023-07-09T16:49:50.889+0000] {processor.py:175} INFO - Processing /home/ubuntu/venv/lib/python3.10/site-packages/airflow/example_dags/example_subdag_operator.py took 0.205 seconds
[2023-07-09T16:50:21.374+0000] {processor.py:153} INFO - Started process (PID=4983) to work on /home/ubuntu/venv/lib/python3.10/site-packages/airflow/example_dags/example_subdag_operator.py
[2023-07-09T16:50:21.376+0000] {processor.py:743} INFO - Processing file /home/ubuntu/venv/lib/python3.10/site-packages/airflow/example_dags/example_subdag_operator.py for tasks to queue
[2023-07-09T16:50:21.377+0000] {logging_mixin.py:137} INFO - [2023-07-09T16:50:21.377+0000] {dagbag.py:538} INFO - Filling up the DagBag from /home/ubuntu/venv/lib/python3.10/site-packages/airflow/example_dags/example_subdag_operator.py
[2023-07-09T16:50:21.466+0000] {processor.py:753} INFO - DAG(s) dict_keys(['example_subdag_operator.section-1', 'example_subdag_operator.section-2', 'example_subdag_operator']) retrieved from /home/ubuntu/venv/lib/python3.10/site-packages/airflow/example_dags/example_subdag_operator.py
[2023-07-09T16:50:21.503+0000] {logging_mixin.py:137} INFO - [2023-07-09T16:50:21.503+0000] {dag.py:2676} INFO - Sync 3 DAGs
[2023-07-09T16:50:21.545+0000] {logging_mixin.py:137} INFO - [2023-07-09T16:50:21.545+0000] {dag.py:3423} INFO - Setting next_dagrun for example_subdag_operator to 2022-01-01T00:00:00+00:00, run_after=2022-01-01T00:00:00+00:00
[2023-07-09T16:50:21.550+0000] {logging_mixin.py:137} INFO - [2023-07-09T16:50:21.550+0000] {dag.py:3423} INFO - Setting next_dagrun for example_subdag_operator.section-1 to None, run_after=None
[2023-07-09T16:50:21.552+0000] {logging_mixin.py:137} INFO - [2023-07-09T16:50:21.551+0000] {dag.py:3423} INFO - Setting next_dagrun for example_subdag_operator.section-2 to None, run_after=None
[2023-07-09T16:50:21.562+0000] {logging_mixin.py:137} INFO - [2023-07-09T16:50:21.562+0000] {dag.py:2676} INFO - Sync 2 DAGs
[2023-07-09T16:50:21.571+0000] {logging_mixin.py:137} INFO - [2023-07-09T16:50:21.571+0000] {dag.py:3423} INFO - Setting next_dagrun for example_subdag_operator.section-1 to None, run_after=None
[2023-07-09T16:50:21.571+0000] {logging_mixin.py:137} INFO - [2023-07-09T16:50:21.571+0000] {dag.py:3423} INFO - Setting next_dagrun for example_subdag_operator.section-2 to None, run_after=None
[2023-07-09T16:50:21.596+0000] {processor.py:175} INFO - Processing /home/ubuntu/venv/lib/python3.10/site-packages/airflow/example_dags/example_subdag_operator.py took 0.226 seconds
[2023-07-09T16:50:52.020+0000] {processor.py:153} INFO - Started process (PID=5219) to work on /home/ubuntu/venv/lib/python3.10/site-packages/airflow/example_dags/example_subdag_operator.py
[2023-07-09T16:50:52.021+0000] {processor.py:743} INFO - Processing file /home/ubuntu/venv/lib/python3.10/site-packages/airflow/example_dags/example_subdag_operator.py for tasks to queue
[2023-07-09T16:50:52.022+0000] {logging_mixin.py:137} INFO - [2023-07-09T16:50:52.022+0000] {dagbag.py:538} INFO - Filling up the DagBag from /home/ubuntu/venv/lib/python3.10/site-packages/airflow/example_dags/example_subdag_operator.py
[2023-07-09T16:50:52.092+0000] {processor.py:753} INFO - DAG(s) dict_keys(['example_subdag_operator.section-1', 'example_subdag_operator.section-2', 'example_subdag_operator']) retrieved from /home/ubuntu/venv/lib/python3.10/site-packages/airflow/example_dags/example_subdag_operator.py
[2023-07-09T16:50:52.126+0000] {logging_mixin.py:137} INFO - [2023-07-09T16:50:52.126+0000] {dag.py:2676} INFO - Sync 3 DAGs
[2023-07-09T16:50:52.158+0000] {logging_mixin.py:137} INFO - [2023-07-09T16:50:52.158+0000] {dag.py:3423} INFO - Setting next_dagrun for example_subdag_operator to 2022-01-01T00:00:00+00:00, run_after=2022-01-01T00:00:00+00:00
[2023-07-09T16:50:52.162+0000] {logging_mixin.py:137} INFO - [2023-07-09T16:50:52.162+0000] {dag.py:3423} INFO - Setting next_dagrun for example_subdag_operator.section-1 to None, run_after=None
[2023-07-09T16:50:52.164+0000] {logging_mixin.py:137} INFO - [2023-07-09T16:50:52.164+0000] {dag.py:3423} INFO - Setting next_dagrun for example_subdag_operator.section-2 to None, run_after=None
[2023-07-09T16:50:52.174+0000] {logging_mixin.py:137} INFO - [2023-07-09T16:50:52.174+0000] {dag.py:2676} INFO - Sync 2 DAGs
[2023-07-09T16:50:52.182+0000] {logging_mixin.py:137} INFO - [2023-07-09T16:50:52.181+0000] {dag.py:3423} INFO - Setting next_dagrun for example_subdag_operator.section-1 to None, run_after=None
[2023-07-09T16:50:52.182+0000] {logging_mixin.py:137} INFO - [2023-07-09T16:50:52.182+0000] {dag.py:3423} INFO - Setting next_dagrun for example_subdag_operator.section-2 to None, run_after=None
[2023-07-09T16:50:52.196+0000] {processor.py:175} INFO - Processing /home/ubuntu/venv/lib/python3.10/site-packages/airflow/example_dags/example_subdag_operator.py took 0.180 seconds
[2023-07-09T16:54:52.980+0000] {processor.py:153} INFO - Started process (PID=5731) to work on /home/ubuntu/venv/lib/python3.10/site-packages/airflow/example_dags/example_subdag_operator.py
[2023-07-09T16:54:52.994+0000] {processor.py:743} INFO - Processing file /home/ubuntu/venv/lib/python3.10/site-packages/airflow/example_dags/example_subdag_operator.py for tasks to queue
[2023-07-09T16:54:52.995+0000] {logging_mixin.py:137} INFO - [2023-07-09T16:54:52.995+0000] {dagbag.py:538} INFO - Filling up the DagBag from /home/ubuntu/venv/lib/python3.10/site-packages/airflow/example_dags/example_subdag_operator.py
[2023-07-09T16:54:53.240+0000] {processor.py:753} INFO - DAG(s) dict_keys(['example_subdag_operator.section-1', 'example_subdag_operator.section-2', 'example_subdag_operator']) retrieved from /home/ubuntu/venv/lib/python3.10/site-packages/airflow/example_dags/example_subdag_operator.py
[2023-07-09T16:54:53.409+0000] {logging_mixin.py:137} INFO - [2023-07-09T16:54:53.409+0000] {dag.py:2676} INFO - Sync 3 DAGs
[2023-07-09T16:54:53.537+0000] {logging_mixin.py:137} INFO - [2023-07-09T16:54:53.536+0000] {dag.py:3423} INFO - Setting next_dagrun for example_subdag_operator to 2022-01-01T00:00:00+00:00, run_after=2022-01-01T00:00:00+00:00
[2023-07-09T16:54:53.552+0000] {logging_mixin.py:137} INFO - [2023-07-09T16:54:53.551+0000] {dag.py:3423} INFO - Setting next_dagrun for example_subdag_operator.section-1 to None, run_after=None
[2023-07-09T16:54:53.553+0000] {logging_mixin.py:137} INFO - [2023-07-09T16:54:53.553+0000] {dag.py:3423} INFO - Setting next_dagrun for example_subdag_operator.section-2 to None, run_after=None
[2023-07-09T16:54:53.590+0000] {logging_mixin.py:137} INFO - [2023-07-09T16:54:53.590+0000] {dag.py:2676} INFO - Sync 2 DAGs
[2023-07-09T16:54:53.621+0000] {logging_mixin.py:137} INFO - [2023-07-09T16:54:53.621+0000] {dag.py:3423} INFO - Setting next_dagrun for example_subdag_operator.section-1 to None, run_after=None
[2023-07-09T16:54:53.622+0000] {logging_mixin.py:137} INFO - [2023-07-09T16:54:53.622+0000] {dag.py:3423} INFO - Setting next_dagrun for example_subdag_operator.section-2 to None, run_after=None
[2023-07-09T16:54:53.663+0000] {processor.py:175} INFO - Processing /home/ubuntu/venv/lib/python3.10/site-packages/airflow/example_dags/example_subdag_operator.py took 0.693 seconds
[2023-07-09T16:55:23.966+0000] {processor.py:153} INFO - Started process (PID=6020) to work on /home/ubuntu/venv/lib/python3.10/site-packages/airflow/example_dags/example_subdag_operator.py
[2023-07-09T16:55:23.967+0000] {processor.py:743} INFO - Processing file /home/ubuntu/venv/lib/python3.10/site-packages/airflow/example_dags/example_subdag_operator.py for tasks to queue
[2023-07-09T16:55:23.968+0000] {logging_mixin.py:137} INFO - [2023-07-09T16:55:23.968+0000] {dagbag.py:538} INFO - Filling up the DagBag from /home/ubuntu/venv/lib/python3.10/site-packages/airflow/example_dags/example_subdag_operator.py
[2023-07-09T16:55:24.048+0000] {processor.py:753} INFO - DAG(s) dict_keys(['example_subdag_operator.section-1', 'example_subdag_operator.section-2', 'example_subdag_operator']) retrieved from /home/ubuntu/venv/lib/python3.10/site-packages/airflow/example_dags/example_subdag_operator.py
[2023-07-09T16:55:24.082+0000] {logging_mixin.py:137} INFO - [2023-07-09T16:55:24.082+0000] {dag.py:2676} INFO - Sync 3 DAGs
[2023-07-09T16:55:24.107+0000] {logging_mixin.py:137} INFO - [2023-07-09T16:55:24.106+0000] {dag.py:3423} INFO - Setting next_dagrun for example_subdag_operator to 2022-01-01T00:00:00+00:00, run_after=2022-01-01T00:00:00+00:00
[2023-07-09T16:55:24.110+0000] {logging_mixin.py:137} INFO - [2023-07-09T16:55:24.110+0000] {dag.py:3423} INFO - Setting next_dagrun for example_subdag_operator.section-1 to None, run_after=None
[2023-07-09T16:55:24.111+0000] {logging_mixin.py:137} INFO - [2023-07-09T16:55:24.111+0000] {dag.py:3423} INFO - Setting next_dagrun for example_subdag_operator.section-2 to None, run_after=None
[2023-07-09T16:55:24.119+0000] {logging_mixin.py:137} INFO - [2023-07-09T16:55:24.119+0000] {dag.py:2676} INFO - Sync 2 DAGs
[2023-07-09T16:55:24.126+0000] {logging_mixin.py:137} INFO - [2023-07-09T16:55:24.125+0000] {dag.py:3423} INFO - Setting next_dagrun for example_subdag_operator.section-1 to None, run_after=None
[2023-07-09T16:55:24.126+0000] {logging_mixin.py:137} INFO - [2023-07-09T16:55:24.126+0000] {dag.py:3423} INFO - Setting next_dagrun for example_subdag_operator.section-2 to None, run_after=None
[2023-07-09T16:55:24.144+0000] {processor.py:175} INFO - Processing /home/ubuntu/venv/lib/python3.10/site-packages/airflow/example_dags/example_subdag_operator.py took 0.185 seconds
[2023-07-09T16:55:54.493+0000] {processor.py:153} INFO - Started process (PID=6255) to work on /home/ubuntu/venv/lib/python3.10/site-packages/airflow/example_dags/example_subdag_operator.py
[2023-07-09T16:55:54.494+0000] {processor.py:743} INFO - Processing file /home/ubuntu/venv/lib/python3.10/site-packages/airflow/example_dags/example_subdag_operator.py for tasks to queue
[2023-07-09T16:55:54.496+0000] {logging_mixin.py:137} INFO - [2023-07-09T16:55:54.495+0000] {dagbag.py:538} INFO - Filling up the DagBag from /home/ubuntu/venv/lib/python3.10/site-packages/airflow/example_dags/example_subdag_operator.py
[2023-07-09T16:55:54.583+0000] {processor.py:753} INFO - DAG(s) dict_keys(['example_subdag_operator.section-1', 'example_subdag_operator.section-2', 'example_subdag_operator']) retrieved from /home/ubuntu/venv/lib/python3.10/site-packages/airflow/example_dags/example_subdag_operator.py
[2023-07-09T16:55:54.623+0000] {logging_mixin.py:137} INFO - [2023-07-09T16:55:54.623+0000] {dag.py:2676} INFO - Sync 3 DAGs
[2023-07-09T16:55:54.663+0000] {logging_mixin.py:137} INFO - [2023-07-09T16:55:54.663+0000] {dag.py:3423} INFO - Setting next_dagrun for example_subdag_operator to 2022-01-01T00:00:00+00:00, run_after=2022-01-01T00:00:00+00:00
[2023-07-09T16:55:54.669+0000] {logging_mixin.py:137} INFO - [2023-07-09T16:55:54.669+0000] {dag.py:3423} INFO - Setting next_dagrun for example_subdag_operator.section-1 to None, run_after=None
[2023-07-09T16:55:54.672+0000] {logging_mixin.py:137} INFO - [2023-07-09T16:55:54.672+0000] {dag.py:3423} INFO - Setting next_dagrun for example_subdag_operator.section-2 to None, run_after=None
[2023-07-09T16:55:54.682+0000] {logging_mixin.py:137} INFO - [2023-07-09T16:55:54.682+0000] {dag.py:2676} INFO - Sync 2 DAGs
[2023-07-09T16:55:54.692+0000] {logging_mixin.py:137} INFO - [2023-07-09T16:55:54.692+0000] {dag.py:3423} INFO - Setting next_dagrun for example_subdag_operator.section-1 to None, run_after=None
[2023-07-09T16:55:54.692+0000] {logging_mixin.py:137} INFO - [2023-07-09T16:55:54.692+0000] {dag.py:3423} INFO - Setting next_dagrun for example_subdag_operator.section-2 to None, run_after=None
[2023-07-09T16:55:54.714+0000] {processor.py:175} INFO - Processing /home/ubuntu/venv/lib/python3.10/site-packages/airflow/example_dags/example_subdag_operator.py took 0.236 seconds
[2023-07-09T16:56:25.545+0000] {processor.py:153} INFO - Started process (PID=6493) to work on /home/ubuntu/venv/lib/python3.10/site-packages/airflow/example_dags/example_subdag_operator.py
[2023-07-09T16:56:25.546+0000] {processor.py:743} INFO - Processing file /home/ubuntu/venv/lib/python3.10/site-packages/airflow/example_dags/example_subdag_operator.py for tasks to queue
[2023-07-09T16:56:25.547+0000] {logging_mixin.py:137} INFO - [2023-07-09T16:56:25.547+0000] {dagbag.py:538} INFO - Filling up the DagBag from /home/ubuntu/venv/lib/python3.10/site-packages/airflow/example_dags/example_subdag_operator.py
[2023-07-09T16:56:25.616+0000] {processor.py:753} INFO - DAG(s) dict_keys(['example_subdag_operator.section-1', 'example_subdag_operator.section-2', 'example_subdag_operator']) retrieved from /home/ubuntu/venv/lib/python3.10/site-packages/airflow/example_dags/example_subdag_operator.py
[2023-07-09T16:56:25.648+0000] {logging_mixin.py:137} INFO - [2023-07-09T16:56:25.648+0000] {dag.py:2676} INFO - Sync 3 DAGs
[2023-07-09T16:56:25.679+0000] {logging_mixin.py:137} INFO - [2023-07-09T16:56:25.679+0000] {dag.py:3423} INFO - Setting next_dagrun for example_subdag_operator to 2022-01-01T00:00:00+00:00, run_after=2022-01-01T00:00:00+00:00
[2023-07-09T16:56:25.684+0000] {logging_mixin.py:137} INFO - [2023-07-09T16:56:25.684+0000] {dag.py:3423} INFO - Setting next_dagrun for example_subdag_operator.section-1 to None, run_after=None
[2023-07-09T16:56:25.686+0000] {logging_mixin.py:137} INFO - [2023-07-09T16:56:25.686+0000] {dag.py:3423} INFO - Setting next_dagrun for example_subdag_operator.section-2 to None, run_after=None
[2023-07-09T16:56:25.695+0000] {logging_mixin.py:137} INFO - [2023-07-09T16:56:25.695+0000] {dag.py:2676} INFO - Sync 2 DAGs
[2023-07-09T16:56:25.710+0000] {logging_mixin.py:137} INFO - [2023-07-09T16:56:25.710+0000] {dag.py:3423} INFO - Setting next_dagrun for example_subdag_operator.section-1 to None, run_after=None
[2023-07-09T16:56:25.711+0000] {logging_mixin.py:137} INFO - [2023-07-09T16:56:25.710+0000] {dag.py:3423} INFO - Setting next_dagrun for example_subdag_operator.section-2 to None, run_after=None
[2023-07-09T16:56:25.724+0000] {processor.py:175} INFO - Processing /home/ubuntu/venv/lib/python3.10/site-packages/airflow/example_dags/example_subdag_operator.py took 0.184 seconds
[2023-07-09T16:56:56.264+0000] {processor.py:153} INFO - Started process (PID=6748) to work on /home/ubuntu/venv/lib/python3.10/site-packages/airflow/example_dags/example_subdag_operator.py
[2023-07-09T16:56:56.265+0000] {processor.py:743} INFO - Processing file /home/ubuntu/venv/lib/python3.10/site-packages/airflow/example_dags/example_subdag_operator.py for tasks to queue
[2023-07-09T16:56:56.266+0000] {logging_mixin.py:137} INFO - [2023-07-09T16:56:56.266+0000] {dagbag.py:538} INFO - Filling up the DagBag from /home/ubuntu/venv/lib/python3.10/site-packages/airflow/example_dags/example_subdag_operator.py
[2023-07-09T16:56:56.338+0000] {processor.py:753} INFO - DAG(s) dict_keys(['example_subdag_operator.section-1', 'example_subdag_operator.section-2', 'example_subdag_operator']) retrieved from /home/ubuntu/venv/lib/python3.10/site-packages/airflow/example_dags/example_subdag_operator.py
[2023-07-09T16:56:56.372+0000] {logging_mixin.py:137} INFO - [2023-07-09T16:56:56.371+0000] {dag.py:2676} INFO - Sync 3 DAGs
[2023-07-09T16:56:56.413+0000] {logging_mixin.py:137} INFO - [2023-07-09T16:56:56.413+0000] {dag.py:3423} INFO - Setting next_dagrun for example_subdag_operator to 2022-01-01T00:00:00+00:00, run_after=2022-01-01T00:00:00+00:00
[2023-07-09T16:56:56.418+0000] {logging_mixin.py:137} INFO - [2023-07-09T16:56:56.418+0000] {dag.py:3423} INFO - Setting next_dagrun for example_subdag_operator.section-1 to None, run_after=None
[2023-07-09T16:56:56.420+0000] {logging_mixin.py:137} INFO - [2023-07-09T16:56:56.419+0000] {dag.py:3423} INFO - Setting next_dagrun for example_subdag_operator.section-2 to None, run_after=None
[2023-07-09T16:56:56.429+0000] {logging_mixin.py:137} INFO - [2023-07-09T16:56:56.428+0000] {dag.py:2676} INFO - Sync 2 DAGs
[2023-07-09T16:56:56.436+0000] {logging_mixin.py:137} INFO - [2023-07-09T16:56:56.435+0000] {dag.py:3423} INFO - Setting next_dagrun for example_subdag_operator.section-1 to None, run_after=None
[2023-07-09T16:56:56.436+0000] {logging_mixin.py:137} INFO - [2023-07-09T16:56:56.436+0000] {dag.py:3423} INFO - Setting next_dagrun for example_subdag_operator.section-2 to None, run_after=None
[2023-07-09T16:56:56.450+0000] {processor.py:175} INFO - Processing /home/ubuntu/venv/lib/python3.10/site-packages/airflow/example_dags/example_subdag_operator.py took 0.192 seconds
[2023-07-09T16:57:27.185+0000] {processor.py:153} INFO - Started process (PID=6982) to work on /home/ubuntu/venv/lib/python3.10/site-packages/airflow/example_dags/example_subdag_operator.py
[2023-07-09T16:57:27.186+0000] {processor.py:743} INFO - Processing file /home/ubuntu/venv/lib/python3.10/site-packages/airflow/example_dags/example_subdag_operator.py for tasks to queue
[2023-07-09T16:57:27.187+0000] {logging_mixin.py:137} INFO - [2023-07-09T16:57:27.187+0000] {dagbag.py:538} INFO - Filling up the DagBag from /home/ubuntu/venv/lib/python3.10/site-packages/airflow/example_dags/example_subdag_operator.py
[2023-07-09T16:57:27.275+0000] {processor.py:753} INFO - DAG(s) dict_keys(['example_subdag_operator.section-1', 'example_subdag_operator.section-2', 'example_subdag_operator']) retrieved from /home/ubuntu/venv/lib/python3.10/site-packages/airflow/example_dags/example_subdag_operator.py
[2023-07-09T16:57:27.315+0000] {logging_mixin.py:137} INFO - [2023-07-09T16:57:27.314+0000] {dag.py:2676} INFO - Sync 3 DAGs
[2023-07-09T16:57:27.361+0000] {logging_mixin.py:137} INFO - [2023-07-09T16:57:27.361+0000] {dag.py:3423} INFO - Setting next_dagrun for example_subdag_operator to 2022-01-01T00:00:00+00:00, run_after=2022-01-01T00:00:00+00:00
[2023-07-09T16:57:27.367+0000] {logging_mixin.py:137} INFO - [2023-07-09T16:57:27.366+0000] {dag.py:3423} INFO - Setting next_dagrun for example_subdag_operator.section-1 to None, run_after=None
[2023-07-09T16:57:27.370+0000] {logging_mixin.py:137} INFO - [2023-07-09T16:57:27.369+0000] {dag.py:3423} INFO - Setting next_dagrun for example_subdag_operator.section-2 to None, run_after=None
[2023-07-09T16:57:27.402+0000] {logging_mixin.py:137} INFO - [2023-07-09T16:57:27.402+0000] {dag.py:2676} INFO - Sync 2 DAGs
[2023-07-09T16:57:27.424+0000] {logging_mixin.py:137} INFO - [2023-07-09T16:57:27.423+0000] {dag.py:3423} INFO - Setting next_dagrun for example_subdag_operator.section-1 to None, run_after=None
[2023-07-09T16:57:27.424+0000] {logging_mixin.py:137} INFO - [2023-07-09T16:57:27.424+0000] {dag.py:3423} INFO - Setting next_dagrun for example_subdag_operator.section-2 to None, run_after=None
[2023-07-09T16:57:27.474+0000] {processor.py:175} INFO - Processing /home/ubuntu/venv/lib/python3.10/site-packages/airflow/example_dags/example_subdag_operator.py took 0.295 seconds
[2023-07-09T16:57:58.257+0000] {processor.py:153} INFO - Started process (PID=7218) to work on /home/ubuntu/venv/lib/python3.10/site-packages/airflow/example_dags/example_subdag_operator.py
[2023-07-09T16:57:58.258+0000] {processor.py:743} INFO - Processing file /home/ubuntu/venv/lib/python3.10/site-packages/airflow/example_dags/example_subdag_operator.py for tasks to queue
[2023-07-09T16:57:58.259+0000] {logging_mixin.py:137} INFO - [2023-07-09T16:57:58.259+0000] {dagbag.py:538} INFO - Filling up the DagBag from /home/ubuntu/venv/lib/python3.10/site-packages/airflow/example_dags/example_subdag_operator.py
[2023-07-09T16:57:58.331+0000] {processor.py:753} INFO - DAG(s) dict_keys(['example_subdag_operator.section-1', 'example_subdag_operator.section-2', 'example_subdag_operator']) retrieved from /home/ubuntu/venv/lib/python3.10/site-packages/airflow/example_dags/example_subdag_operator.py
[2023-07-09T16:57:58.363+0000] {logging_mixin.py:137} INFO - [2023-07-09T16:57:58.363+0000] {dag.py:2676} INFO - Sync 3 DAGs
[2023-07-09T16:57:58.397+0000] {logging_mixin.py:137} INFO - [2023-07-09T16:57:58.396+0000] {dag.py:3423} INFO - Setting next_dagrun for example_subdag_operator to 2022-01-01T00:00:00+00:00, run_after=2022-01-01T00:00:00+00:00
[2023-07-09T16:57:58.401+0000] {logging_mixin.py:137} INFO - [2023-07-09T16:57:58.401+0000] {dag.py:3423} INFO - Setting next_dagrun for example_subdag_operator.section-1 to None, run_after=None
[2023-07-09T16:57:58.403+0000] {logging_mixin.py:137} INFO - [2023-07-09T16:57:58.403+0000] {dag.py:3423} INFO - Setting next_dagrun for example_subdag_operator.section-2 to None, run_after=None
[2023-07-09T16:57:58.414+0000] {logging_mixin.py:137} INFO - [2023-07-09T16:57:58.413+0000] {dag.py:2676} INFO - Sync 2 DAGs
[2023-07-09T16:57:58.421+0000] {logging_mixin.py:137} INFO - [2023-07-09T16:57:58.421+0000] {dag.py:3423} INFO - Setting next_dagrun for example_subdag_operator.section-1 to None, run_after=None
[2023-07-09T16:57:58.422+0000] {logging_mixin.py:137} INFO - [2023-07-09T16:57:58.421+0000] {dag.py:3423} INFO - Setting next_dagrun for example_subdag_operator.section-2 to None, run_after=None
[2023-07-09T16:57:58.437+0000] {processor.py:175} INFO - Processing /home/ubuntu/venv/lib/python3.10/site-packages/airflow/example_dags/example_subdag_operator.py took 0.185 seconds
[2023-07-09T16:58:29.282+0000] {processor.py:153} INFO - Started process (PID=7453) to work on /home/ubuntu/venv/lib/python3.10/site-packages/airflow/example_dags/example_subdag_operator.py
[2023-07-09T16:58:29.284+0000] {processor.py:743} INFO - Processing file /home/ubuntu/venv/lib/python3.10/site-packages/airflow/example_dags/example_subdag_operator.py for tasks to queue
[2023-07-09T16:58:29.285+0000] {logging_mixin.py:137} INFO - [2023-07-09T16:58:29.284+0000] {dagbag.py:538} INFO - Filling up the DagBag from /home/ubuntu/venv/lib/python3.10/site-packages/airflow/example_dags/example_subdag_operator.py
[2023-07-09T16:58:29.357+0000] {processor.py:753} INFO - DAG(s) dict_keys(['example_subdag_operator.section-1', 'example_subdag_operator.section-2', 'example_subdag_operator']) retrieved from /home/ubuntu/venv/lib/python3.10/site-packages/airflow/example_dags/example_subdag_operator.py
[2023-07-09T16:58:29.396+0000] {logging_mixin.py:137} INFO - [2023-07-09T16:58:29.395+0000] {dag.py:2676} INFO - Sync 3 DAGs
[2023-07-09T16:58:29.433+0000] {logging_mixin.py:137} INFO - [2023-07-09T16:58:29.433+0000] {dag.py:3423} INFO - Setting next_dagrun for example_subdag_operator to 2022-01-01T00:00:00+00:00, run_after=2022-01-01T00:00:00+00:00
[2023-07-09T16:58:29.438+0000] {logging_mixin.py:137} INFO - [2023-07-09T16:58:29.438+0000] {dag.py:3423} INFO - Setting next_dagrun for example_subdag_operator.section-1 to None, run_after=None
[2023-07-09T16:58:29.440+0000] {logging_mixin.py:137} INFO - [2023-07-09T16:58:29.440+0000] {dag.py:3423} INFO - Setting next_dagrun for example_subdag_operator.section-2 to None, run_after=None
[2023-07-09T16:58:29.453+0000] {logging_mixin.py:137} INFO - [2023-07-09T16:58:29.453+0000] {dag.py:2676} INFO - Sync 2 DAGs
[2023-07-09T16:58:29.462+0000] {logging_mixin.py:137} INFO - [2023-07-09T16:58:29.462+0000] {dag.py:3423} INFO - Setting next_dagrun for example_subdag_operator.section-1 to None, run_after=None
[2023-07-09T16:58:29.462+0000] {logging_mixin.py:137} INFO - [2023-07-09T16:58:29.462+0000] {dag.py:3423} INFO - Setting next_dagrun for example_subdag_operator.section-2 to None, run_after=None
[2023-07-09T16:58:29.476+0000] {processor.py:175} INFO - Processing /home/ubuntu/venv/lib/python3.10/site-packages/airflow/example_dags/example_subdag_operator.py took 0.199 seconds
[2023-07-09T16:59:00.452+0000] {processor.py:153} INFO - Started process (PID=7689) to work on /home/ubuntu/venv/lib/python3.10/site-packages/airflow/example_dags/example_subdag_operator.py
[2023-07-09T16:59:00.454+0000] {processor.py:743} INFO - Processing file /home/ubuntu/venv/lib/python3.10/site-packages/airflow/example_dags/example_subdag_operator.py for tasks to queue
[2023-07-09T16:59:00.455+0000] {logging_mixin.py:137} INFO - [2023-07-09T16:59:00.454+0000] {dagbag.py:538} INFO - Filling up the DagBag from /home/ubuntu/venv/lib/python3.10/site-packages/airflow/example_dags/example_subdag_operator.py
[2023-07-09T16:59:00.541+0000] {processor.py:753} INFO - DAG(s) dict_keys(['example_subdag_operator.section-1', 'example_subdag_operator.section-2', 'example_subdag_operator']) retrieved from /home/ubuntu/venv/lib/python3.10/site-packages/airflow/example_dags/example_subdag_operator.py
[2023-07-09T16:59:00.578+0000] {logging_mixin.py:137} INFO - [2023-07-09T16:59:00.578+0000] {dag.py:2676} INFO - Sync 3 DAGs
[2023-07-09T16:59:00.617+0000] {logging_mixin.py:137} INFO - [2023-07-09T16:59:00.617+0000] {dag.py:3423} INFO - Setting next_dagrun for example_subdag_operator to 2022-01-01T00:00:00+00:00, run_after=2022-01-01T00:00:00+00:00
[2023-07-09T16:59:00.622+0000] {logging_mixin.py:137} INFO - [2023-07-09T16:59:00.622+0000] {dag.py:3423} INFO - Setting next_dagrun for example_subdag_operator.section-1 to None, run_after=None
[2023-07-09T16:59:00.627+0000] {logging_mixin.py:137} INFO - [2023-07-09T16:59:00.627+0000] {dag.py:3423} INFO - Setting next_dagrun for example_subdag_operator.section-2 to None, run_after=None
[2023-07-09T16:59:00.638+0000] {logging_mixin.py:137} INFO - [2023-07-09T16:59:00.637+0000] {dag.py:2676} INFO - Sync 2 DAGs
[2023-07-09T16:59:00.848+0000] {logging_mixin.py:137} INFO - [2023-07-09T16:59:00.847+0000] {dag.py:3423} INFO - Setting next_dagrun for example_subdag_operator.section-1 to None, run_after=None
[2023-07-09T16:59:00.848+0000] {logging_mixin.py:137} INFO - [2023-07-09T16:59:00.848+0000] {dag.py:3423} INFO - Setting next_dagrun for example_subdag_operator.section-2 to None, run_after=None
[2023-07-09T16:59:00.866+0000] {processor.py:175} INFO - Processing /home/ubuntu/venv/lib/python3.10/site-packages/airflow/example_dags/example_subdag_operator.py took 0.420 seconds
[2023-07-09T16:59:31.393+0000] {processor.py:153} INFO - Started process (PID=7926) to work on /home/ubuntu/venv/lib/python3.10/site-packages/airflow/example_dags/example_subdag_operator.py
[2023-07-09T16:59:31.394+0000] {processor.py:743} INFO - Processing file /home/ubuntu/venv/lib/python3.10/site-packages/airflow/example_dags/example_subdag_operator.py for tasks to queue
[2023-07-09T16:59:31.396+0000] {logging_mixin.py:137} INFO - [2023-07-09T16:59:31.395+0000] {dagbag.py:538} INFO - Filling up the DagBag from /home/ubuntu/venv/lib/python3.10/site-packages/airflow/example_dags/example_subdag_operator.py
[2023-07-09T16:59:31.509+0000] {processor.py:753} INFO - DAG(s) dict_keys(['example_subdag_operator.section-1', 'example_subdag_operator.section-2', 'example_subdag_operator']) retrieved from /home/ubuntu/venv/lib/python3.10/site-packages/airflow/example_dags/example_subdag_operator.py
[2023-07-09T16:59:31.543+0000] {logging_mixin.py:137} INFO - [2023-07-09T16:59:31.542+0000] {dag.py:2676} INFO - Sync 3 DAGs
[2023-07-09T16:59:31.772+0000] {logging_mixin.py:137} INFO - [2023-07-09T16:59:31.772+0000] {dag.py:3423} INFO - Setting next_dagrun for example_subdag_operator to 2022-01-01T00:00:00+00:00, run_after=2022-01-01T00:00:00+00:00
[2023-07-09T16:59:31.777+0000] {logging_mixin.py:137} INFO - [2023-07-09T16:59:31.776+0000] {dag.py:3423} INFO - Setting next_dagrun for example_subdag_operator.section-1 to None, run_after=None
[2023-07-09T16:59:31.778+0000] {logging_mixin.py:137} INFO - [2023-07-09T16:59:31.778+0000] {dag.py:3423} INFO - Setting next_dagrun for example_subdag_operator.section-2 to None, run_after=None
[2023-07-09T16:59:31.789+0000] {logging_mixin.py:137} INFO - [2023-07-09T16:59:31.788+0000] {dag.py:2676} INFO - Sync 2 DAGs
[2023-07-09T16:59:31.796+0000] {logging_mixin.py:137} INFO - [2023-07-09T16:59:31.796+0000] {dag.py:3423} INFO - Setting next_dagrun for example_subdag_operator.section-1 to None, run_after=None
[2023-07-09T16:59:31.797+0000] {logging_mixin.py:137} INFO - [2023-07-09T16:59:31.797+0000] {dag.py:3423} INFO - Setting next_dagrun for example_subdag_operator.section-2 to None, run_after=None
[2023-07-09T16:59:31.810+0000] {processor.py:175} INFO - Processing /home/ubuntu/venv/lib/python3.10/site-packages/airflow/example_dags/example_subdag_operator.py took 0.423 seconds
[2023-07-09T17:00:30.617+0000] {processor.py:153} INFO - Started process (PID=8586) to work on /home/ubuntu/venv/lib/python3.10/site-packages/airflow/example_dags/example_subdag_operator.py
[2023-07-09T17:00:30.618+0000] {processor.py:743} INFO - Processing file /home/ubuntu/venv/lib/python3.10/site-packages/airflow/example_dags/example_subdag_operator.py for tasks to queue
[2023-07-09T17:00:30.619+0000] {logging_mixin.py:137} INFO - [2023-07-09T17:00:30.619+0000] {dagbag.py:538} INFO - Filling up the DagBag from /home/ubuntu/venv/lib/python3.10/site-packages/airflow/example_dags/example_subdag_operator.py
[2023-07-09T17:00:30.682+0000] {processor.py:753} INFO - DAG(s) dict_keys(['example_subdag_operator.section-1', 'example_subdag_operator.section-2', 'example_subdag_operator']) retrieved from /home/ubuntu/venv/lib/python3.10/site-packages/airflow/example_dags/example_subdag_operator.py
[2023-07-09T17:00:30.712+0000] {logging_mixin.py:137} INFO - [2023-07-09T17:00:30.712+0000] {dag.py:2676} INFO - Sync 3 DAGs
[2023-07-09T17:00:30.744+0000] {logging_mixin.py:137} INFO - [2023-07-09T17:00:30.744+0000] {dag.py:3423} INFO - Setting next_dagrun for example_subdag_operator to 2022-01-01T00:00:00+00:00, run_after=2022-01-01T00:00:00+00:00
[2023-07-09T17:00:30.749+0000] {logging_mixin.py:137} INFO - [2023-07-09T17:00:30.748+0000] {dag.py:3423} INFO - Setting next_dagrun for example_subdag_operator.section-1 to None, run_after=None
[2023-07-09T17:00:30.750+0000] {logging_mixin.py:137} INFO - [2023-07-09T17:00:30.750+0000] {dag.py:3423} INFO - Setting next_dagrun for example_subdag_operator.section-2 to None, run_after=None
[2023-07-09T17:00:30.759+0000] {logging_mixin.py:137} INFO - [2023-07-09T17:00:30.759+0000] {dag.py:2676} INFO - Sync 2 DAGs
[2023-07-09T17:00:30.766+0000] {logging_mixin.py:137} INFO - [2023-07-09T17:00:30.765+0000] {dag.py:3423} INFO - Setting next_dagrun for example_subdag_operator.section-1 to None, run_after=None
[2023-07-09T17:00:30.766+0000] {logging_mixin.py:137} INFO - [2023-07-09T17:00:30.766+0000] {dag.py:3423} INFO - Setting next_dagrun for example_subdag_operator.section-2 to None, run_after=None
[2023-07-09T17:00:30.779+0000] {processor.py:175} INFO - Processing /home/ubuntu/venv/lib/python3.10/site-packages/airflow/example_dags/example_subdag_operator.py took 0.166 seconds
[2023-07-09T17:01:01.793+0000] {processor.py:153} INFO - Started process (PID=8849) to work on /home/ubuntu/venv/lib/python3.10/site-packages/airflow/example_dags/example_subdag_operator.py
[2023-07-09T17:01:01.794+0000] {processor.py:743} INFO - Processing file /home/ubuntu/venv/lib/python3.10/site-packages/airflow/example_dags/example_subdag_operator.py for tasks to queue
[2023-07-09T17:01:01.795+0000] {logging_mixin.py:137} INFO - [2023-07-09T17:01:01.795+0000] {dagbag.py:538} INFO - Filling up the DagBag from /home/ubuntu/venv/lib/python3.10/site-packages/airflow/example_dags/example_subdag_operator.py
[2023-07-09T17:01:01.889+0000] {processor.py:753} INFO - DAG(s) dict_keys(['example_subdag_operator.section-1', 'example_subdag_operator.section-2', 'example_subdag_operator']) retrieved from /home/ubuntu/venv/lib/python3.10/site-packages/airflow/example_dags/example_subdag_operator.py
[2023-07-09T17:01:01.933+0000] {logging_mixin.py:137} INFO - [2023-07-09T17:01:01.933+0000] {dag.py:2676} INFO - Sync 3 DAGs
[2023-07-09T17:01:01.973+0000] {logging_mixin.py:137} INFO - [2023-07-09T17:01:01.973+0000] {dag.py:3423} INFO - Setting next_dagrun for example_subdag_operator to 2022-01-01T00:00:00+00:00, run_after=2022-01-01T00:00:00+00:00
[2023-07-09T17:01:01.979+0000] {logging_mixin.py:137} INFO - [2023-07-09T17:01:01.978+0000] {dag.py:3423} INFO - Setting next_dagrun for example_subdag_operator.section-1 to None, run_after=None
[2023-07-09T17:01:01.980+0000] {logging_mixin.py:137} INFO - [2023-07-09T17:01:01.980+0000] {dag.py:3423} INFO - Setting next_dagrun for example_subdag_operator.section-2 to None, run_after=None
[2023-07-09T17:01:01.991+0000] {logging_mixin.py:137} INFO - [2023-07-09T17:01:01.991+0000] {dag.py:2676} INFO - Sync 2 DAGs
[2023-07-09T17:01:02.006+0000] {logging_mixin.py:137} INFO - [2023-07-09T17:01:02.006+0000] {dag.py:3423} INFO - Setting next_dagrun for example_subdag_operator.section-1 to None, run_after=None
[2023-07-09T17:01:02.006+0000] {logging_mixin.py:137} INFO - [2023-07-09T17:01:02.006+0000] {dag.py:3423} INFO - Setting next_dagrun for example_subdag_operator.section-2 to None, run_after=None
[2023-07-09T17:01:02.026+0000] {processor.py:175} INFO - Processing /home/ubuntu/venv/lib/python3.10/site-packages/airflow/example_dags/example_subdag_operator.py took 0.244 seconds
[2023-07-09T17:01:32.792+0000] {processor.py:153} INFO - Started process (PID=9084) to work on /home/ubuntu/venv/lib/python3.10/site-packages/airflow/example_dags/example_subdag_operator.py
[2023-07-09T17:01:32.793+0000] {processor.py:743} INFO - Processing file /home/ubuntu/venv/lib/python3.10/site-packages/airflow/example_dags/example_subdag_operator.py for tasks to queue
[2023-07-09T17:01:32.794+0000] {logging_mixin.py:137} INFO - [2023-07-09T17:01:32.794+0000] {dagbag.py:538} INFO - Filling up the DagBag from /home/ubuntu/venv/lib/python3.10/site-packages/airflow/example_dags/example_subdag_operator.py
[2023-07-09T17:01:32.865+0000] {processor.py:753} INFO - DAG(s) dict_keys(['example_subdag_operator.section-1', 'example_subdag_operator.section-2', 'example_subdag_operator']) retrieved from /home/ubuntu/venv/lib/python3.10/site-packages/airflow/example_dags/example_subdag_operator.py
[2023-07-09T17:01:32.909+0000] {logging_mixin.py:137} INFO - [2023-07-09T17:01:32.908+0000] {dag.py:2676} INFO - Sync 3 DAGs
[2023-07-09T17:01:32.945+0000] {logging_mixin.py:137} INFO - [2023-07-09T17:01:32.945+0000] {dag.py:3423} INFO - Setting next_dagrun for example_subdag_operator to 2022-01-01T00:00:00+00:00, run_after=2022-01-01T00:00:00+00:00
[2023-07-09T17:01:32.950+0000] {logging_mixin.py:137} INFO - [2023-07-09T17:01:32.949+0000] {dag.py:3423} INFO - Setting next_dagrun for example_subdag_operator.section-1 to None, run_after=None
[2023-07-09T17:01:32.951+0000] {logging_mixin.py:137} INFO - [2023-07-09T17:01:32.951+0000] {dag.py:3423} INFO - Setting next_dagrun for example_subdag_operator.section-2 to None, run_after=None
[2023-07-09T17:01:32.962+0000] {logging_mixin.py:137} INFO - [2023-07-09T17:01:32.961+0000] {dag.py:2676} INFO - Sync 2 DAGs
[2023-07-09T17:01:32.969+0000] {logging_mixin.py:137} INFO - [2023-07-09T17:01:32.969+0000] {dag.py:3423} INFO - Setting next_dagrun for example_subdag_operator.section-1 to None, run_after=None
[2023-07-09T17:01:32.969+0000] {logging_mixin.py:137} INFO - [2023-07-09T17:01:32.969+0000] {dag.py:3423} INFO - Setting next_dagrun for example_subdag_operator.section-2 to None, run_after=None
[2023-07-09T17:01:32.983+0000] {processor.py:175} INFO - Processing /home/ubuntu/venv/lib/python3.10/site-packages/airflow/example_dags/example_subdag_operator.py took 0.195 seconds
[2023-07-09T17:02:03.667+0000] {processor.py:153} INFO - Started process (PID=9343) to work on /home/ubuntu/venv/lib/python3.10/site-packages/airflow/example_dags/example_subdag_operator.py
[2023-07-09T17:02:03.668+0000] {processor.py:743} INFO - Processing file /home/ubuntu/venv/lib/python3.10/site-packages/airflow/example_dags/example_subdag_operator.py for tasks to queue
[2023-07-09T17:02:03.669+0000] {logging_mixin.py:137} INFO - [2023-07-09T17:02:03.669+0000] {dagbag.py:538} INFO - Filling up the DagBag from /home/ubuntu/venv/lib/python3.10/site-packages/airflow/example_dags/example_subdag_operator.py
[2023-07-09T17:02:03.740+0000] {processor.py:753} INFO - DAG(s) dict_keys(['example_subdag_operator.section-1', 'example_subdag_operator.section-2', 'example_subdag_operator']) retrieved from /home/ubuntu/venv/lib/python3.10/site-packages/airflow/example_dags/example_subdag_operator.py
[2023-07-09T17:02:03.804+0000] {logging_mixin.py:137} INFO - [2023-07-09T17:02:03.804+0000] {dag.py:2676} INFO - Sync 3 DAGs
[2023-07-09T17:02:03.846+0000] {logging_mixin.py:137} INFO - [2023-07-09T17:02:03.845+0000] {dag.py:3423} INFO - Setting next_dagrun for example_subdag_operator to 2022-01-01T00:00:00+00:00, run_after=2022-01-01T00:00:00+00:00
[2023-07-09T17:02:03.852+0000] {logging_mixin.py:137} INFO - [2023-07-09T17:02:03.852+0000] {dag.py:3423} INFO - Setting next_dagrun for example_subdag_operator.section-1 to None, run_after=None
[2023-07-09T17:02:03.854+0000] {logging_mixin.py:137} INFO - [2023-07-09T17:02:03.854+0000] {dag.py:3423} INFO - Setting next_dagrun for example_subdag_operator.section-2 to None, run_after=None
[2023-07-09T17:02:03.865+0000] {logging_mixin.py:137} INFO - [2023-07-09T17:02:03.865+0000] {dag.py:2676} INFO - Sync 2 DAGs
[2023-07-09T17:02:03.879+0000] {logging_mixin.py:137} INFO - [2023-07-09T17:02:03.879+0000] {dag.py:3423} INFO - Setting next_dagrun for example_subdag_operator.section-1 to None, run_after=None
[2023-07-09T17:02:03.880+0000] {logging_mixin.py:137} INFO - [2023-07-09T17:02:03.880+0000] {dag.py:3423} INFO - Setting next_dagrun for example_subdag_operator.section-2 to None, run_after=None
[2023-07-09T17:02:03.897+0000] {processor.py:175} INFO - Processing /home/ubuntu/venv/lib/python3.10/site-packages/airflow/example_dags/example_subdag_operator.py took 0.234 seconds
[2023-07-09T17:02:34.689+0000] {processor.py:153} INFO - Started process (PID=9577) to work on /home/ubuntu/venv/lib/python3.10/site-packages/airflow/example_dags/example_subdag_operator.py
[2023-07-09T17:02:34.690+0000] {processor.py:743} INFO - Processing file /home/ubuntu/venv/lib/python3.10/site-packages/airflow/example_dags/example_subdag_operator.py for tasks to queue
[2023-07-09T17:02:34.691+0000] {logging_mixin.py:137} INFO - [2023-07-09T17:02:34.691+0000] {dagbag.py:538} INFO - Filling up the DagBag from /home/ubuntu/venv/lib/python3.10/site-packages/airflow/example_dags/example_subdag_operator.py
[2023-07-09T17:02:34.758+0000] {processor.py:753} INFO - DAG(s) dict_keys(['example_subdag_operator.section-1', 'example_subdag_operator.section-2', 'example_subdag_operator']) retrieved from /home/ubuntu/venv/lib/python3.10/site-packages/airflow/example_dags/example_subdag_operator.py
[2023-07-09T17:02:34.795+0000] {logging_mixin.py:137} INFO - [2023-07-09T17:02:34.795+0000] {dag.py:2676} INFO - Sync 3 DAGs
[2023-07-09T17:02:34.832+0000] {logging_mixin.py:137} INFO - [2023-07-09T17:02:34.832+0000] {dag.py:3423} INFO - Setting next_dagrun for example_subdag_operator to 2022-01-01T00:00:00+00:00, run_after=2022-01-01T00:00:00+00:00
[2023-07-09T17:02:34.837+0000] {logging_mixin.py:137} INFO - [2023-07-09T17:02:34.837+0000] {dag.py:3423} INFO - Setting next_dagrun for example_subdag_operator.section-1 to None, run_after=None
[2023-07-09T17:02:34.838+0000] {logging_mixin.py:137} INFO - [2023-07-09T17:02:34.838+0000] {dag.py:3423} INFO - Setting next_dagrun for example_subdag_operator.section-2 to None, run_after=None
[2023-07-09T17:02:34.848+0000] {logging_mixin.py:137} INFO - [2023-07-09T17:02:34.848+0000] {dag.py:2676} INFO - Sync 2 DAGs
[2023-07-09T17:02:34.855+0000] {logging_mixin.py:137} INFO - [2023-07-09T17:02:34.855+0000] {dag.py:3423} INFO - Setting next_dagrun for example_subdag_operator.section-1 to None, run_after=None
[2023-07-09T17:02:34.856+0000] {logging_mixin.py:137} INFO - [2023-07-09T17:02:34.855+0000] {dag.py:3423} INFO - Setting next_dagrun for example_subdag_operator.section-2 to None, run_after=None
[2023-07-09T17:02:34.870+0000] {processor.py:175} INFO - Processing /home/ubuntu/venv/lib/python3.10/site-packages/airflow/example_dags/example_subdag_operator.py took 0.185 seconds
[2023-07-09T17:03:05.305+0000] {processor.py:153} INFO - Started process (PID=9812) to work on /home/ubuntu/venv/lib/python3.10/site-packages/airflow/example_dags/example_subdag_operator.py
[2023-07-09T17:03:05.306+0000] {processor.py:743} INFO - Processing file /home/ubuntu/venv/lib/python3.10/site-packages/airflow/example_dags/example_subdag_operator.py for tasks to queue
[2023-07-09T17:03:05.307+0000] {logging_mixin.py:137} INFO - [2023-07-09T17:03:05.307+0000] {dagbag.py:538} INFO - Filling up the DagBag from /home/ubuntu/venv/lib/python3.10/site-packages/airflow/example_dags/example_subdag_operator.py
[2023-07-09T17:03:05.434+0000] {processor.py:753} INFO - DAG(s) dict_keys(['example_subdag_operator.section-1', 'example_subdag_operator.section-2', 'example_subdag_operator']) retrieved from /home/ubuntu/venv/lib/python3.10/site-packages/airflow/example_dags/example_subdag_operator.py
[2023-07-09T17:03:05.475+0000] {logging_mixin.py:137} INFO - [2023-07-09T17:03:05.474+0000] {dag.py:2676} INFO - Sync 3 DAGs
[2023-07-09T17:03:05.513+0000] {logging_mixin.py:137} INFO - [2023-07-09T17:03:05.513+0000] {dag.py:3423} INFO - Setting next_dagrun for example_subdag_operator to 2022-01-01T00:00:00+00:00, run_after=2022-01-01T00:00:00+00:00
[2023-07-09T17:03:05.521+0000] {logging_mixin.py:137} INFO - [2023-07-09T17:03:05.521+0000] {dag.py:3423} INFO - Setting next_dagrun for example_subdag_operator.section-1 to None, run_after=None
[2023-07-09T17:03:05.523+0000] {logging_mixin.py:137} INFO - [2023-07-09T17:03:05.523+0000] {dag.py:3423} INFO - Setting next_dagrun for example_subdag_operator.section-2 to None, run_after=None
[2023-07-09T17:03:05.534+0000] {logging_mixin.py:137} INFO - [2023-07-09T17:03:05.533+0000] {dag.py:2676} INFO - Sync 2 DAGs
[2023-07-09T17:03:05.544+0000] {logging_mixin.py:137} INFO - [2023-07-09T17:03:05.544+0000] {dag.py:3423} INFO - Setting next_dagrun for example_subdag_operator.section-1 to None, run_after=None
[2023-07-09T17:03:05.545+0000] {logging_mixin.py:137} INFO - [2023-07-09T17:03:05.545+0000] {dag.py:3423} INFO - Setting next_dagrun for example_subdag_operator.section-2 to None, run_after=None
[2023-07-09T17:03:05.561+0000] {processor.py:175} INFO - Processing /home/ubuntu/venv/lib/python3.10/site-packages/airflow/example_dags/example_subdag_operator.py took 0.260 seconds
[2023-07-09T17:03:36.658+0000] {processor.py:153} INFO - Started process (PID=10050) to work on /home/ubuntu/venv/lib/python3.10/site-packages/airflow/example_dags/example_subdag_operator.py
[2023-07-09T17:03:36.659+0000] {processor.py:743} INFO - Processing file /home/ubuntu/venv/lib/python3.10/site-packages/airflow/example_dags/example_subdag_operator.py for tasks to queue
[2023-07-09T17:03:36.660+0000] {logging_mixin.py:137} INFO - [2023-07-09T17:03:36.660+0000] {dagbag.py:538} INFO - Filling up the DagBag from /home/ubuntu/venv/lib/python3.10/site-packages/airflow/example_dags/example_subdag_operator.py
[2023-07-09T17:03:36.736+0000] {processor.py:753} INFO - DAG(s) dict_keys(['example_subdag_operator.section-1', 'example_subdag_operator.section-2', 'example_subdag_operator']) retrieved from /home/ubuntu/venv/lib/python3.10/site-packages/airflow/example_dags/example_subdag_operator.py
[2023-07-09T17:03:36.773+0000] {logging_mixin.py:137} INFO - [2023-07-09T17:03:36.773+0000] {dag.py:2676} INFO - Sync 3 DAGs
[2023-07-09T17:03:36.805+0000] {logging_mixin.py:137} INFO - [2023-07-09T17:03:36.805+0000] {dag.py:3423} INFO - Setting next_dagrun for example_subdag_operator to 2022-01-01T00:00:00+00:00, run_after=2022-01-01T00:00:00+00:00
[2023-07-09T17:03:36.810+0000] {logging_mixin.py:137} INFO - [2023-07-09T17:03:36.810+0000] {dag.py:3423} INFO - Setting next_dagrun for example_subdag_operator.section-1 to None, run_after=None
[2023-07-09T17:03:36.813+0000] {logging_mixin.py:137} INFO - [2023-07-09T17:03:36.812+0000] {dag.py:3423} INFO - Setting next_dagrun for example_subdag_operator.section-2 to None, run_after=None
[2023-07-09T17:03:36.822+0000] {logging_mixin.py:137} INFO - [2023-07-09T17:03:36.821+0000] {dag.py:2676} INFO - Sync 2 DAGs
[2023-07-09T17:03:36.832+0000] {logging_mixin.py:137} INFO - [2023-07-09T17:03:36.832+0000] {dag.py:3423} INFO - Setting next_dagrun for example_subdag_operator.section-1 to None, run_after=None
[2023-07-09T17:03:36.832+0000] {logging_mixin.py:137} INFO - [2023-07-09T17:03:36.832+0000] {dag.py:3423} INFO - Setting next_dagrun for example_subdag_operator.section-2 to None, run_after=None
[2023-07-09T17:03:36.846+0000] {processor.py:175} INFO - Processing /home/ubuntu/venv/lib/python3.10/site-packages/airflow/example_dags/example_subdag_operator.py took 0.193 seconds
[2023-07-09T17:04:07.397+0000] {processor.py:153} INFO - Started process (PID=10286) to work on /home/ubuntu/venv/lib/python3.10/site-packages/airflow/example_dags/example_subdag_operator.py
[2023-07-09T17:04:07.398+0000] {processor.py:743} INFO - Processing file /home/ubuntu/venv/lib/python3.10/site-packages/airflow/example_dags/example_subdag_operator.py for tasks to queue
[2023-07-09T17:04:07.399+0000] {logging_mixin.py:137} INFO - [2023-07-09T17:04:07.399+0000] {dagbag.py:538} INFO - Filling up the DagBag from /home/ubuntu/venv/lib/python3.10/site-packages/airflow/example_dags/example_subdag_operator.py
[2023-07-09T17:04:07.494+0000] {processor.py:753} INFO - DAG(s) dict_keys(['example_subdag_operator.section-1', 'example_subdag_operator.section-2', 'example_subdag_operator']) retrieved from /home/ubuntu/venv/lib/python3.10/site-packages/airflow/example_dags/example_subdag_operator.py
[2023-07-09T17:04:07.533+0000] {logging_mixin.py:137} INFO - [2023-07-09T17:04:07.533+0000] {dag.py:2676} INFO - Sync 3 DAGs
[2023-07-09T17:04:07.572+0000] {logging_mixin.py:137} INFO - [2023-07-09T17:04:07.572+0000] {dag.py:3423} INFO - Setting next_dagrun for example_subdag_operator to 2022-01-01T00:00:00+00:00, run_after=2022-01-01T00:00:00+00:00
[2023-07-09T17:04:07.577+0000] {logging_mixin.py:137} INFO - [2023-07-09T17:04:07.577+0000] {dag.py:3423} INFO - Setting next_dagrun for example_subdag_operator.section-1 to None, run_after=None
[2023-07-09T17:04:07.579+0000] {logging_mixin.py:137} INFO - [2023-07-09T17:04:07.579+0000] {dag.py:3423} INFO - Setting next_dagrun for example_subdag_operator.section-2 to None, run_after=None
[2023-07-09T17:04:07.591+0000] {logging_mixin.py:137} INFO - [2023-07-09T17:04:07.591+0000] {dag.py:2676} INFO - Sync 2 DAGs
[2023-07-09T17:04:07.600+0000] {logging_mixin.py:137} INFO - [2023-07-09T17:04:07.600+0000] {dag.py:3423} INFO - Setting next_dagrun for example_subdag_operator.section-1 to None, run_after=None
[2023-07-09T17:04:07.601+0000] {logging_mixin.py:137} INFO - [2023-07-09T17:04:07.601+0000] {dag.py:3423} INFO - Setting next_dagrun for example_subdag_operator.section-2 to None, run_after=None
[2023-07-09T17:04:07.616+0000] {processor.py:175} INFO - Processing /home/ubuntu/venv/lib/python3.10/site-packages/airflow/example_dags/example_subdag_operator.py took 0.225 seconds
[2023-07-09T17:04:37.687+0000] {processor.py:153} INFO - Started process (PID=10518) to work on /home/ubuntu/venv/lib/python3.10/site-packages/airflow/example_dags/example_subdag_operator.py
[2023-07-09T17:04:37.688+0000] {processor.py:743} INFO - Processing file /home/ubuntu/venv/lib/python3.10/site-packages/airflow/example_dags/example_subdag_operator.py for tasks to queue
[2023-07-09T17:04:37.689+0000] {logging_mixin.py:137} INFO - [2023-07-09T17:04:37.689+0000] {dagbag.py:538} INFO - Filling up the DagBag from /home/ubuntu/venv/lib/python3.10/site-packages/airflow/example_dags/example_subdag_operator.py
[2023-07-09T17:04:37.791+0000] {processor.py:753} INFO - DAG(s) dict_keys(['example_subdag_operator.section-1', 'example_subdag_operator.section-2', 'example_subdag_operator']) retrieved from /home/ubuntu/venv/lib/python3.10/site-packages/airflow/example_dags/example_subdag_operator.py
[2023-07-09T17:04:37.824+0000] {logging_mixin.py:137} INFO - [2023-07-09T17:04:37.823+0000] {dag.py:2676} INFO - Sync 3 DAGs
[2023-07-09T17:04:37.867+0000] {logging_mixin.py:137} INFO - [2023-07-09T17:04:37.867+0000] {dag.py:3423} INFO - Setting next_dagrun for example_subdag_operator to 2022-01-01T00:00:00+00:00, run_after=2022-01-01T00:00:00+00:00
[2023-07-09T17:04:37.872+0000] {logging_mixin.py:137} INFO - [2023-07-09T17:04:37.872+0000] {dag.py:3423} INFO - Setting next_dagrun for example_subdag_operator.section-1 to None, run_after=None
[2023-07-09T17:04:37.877+0000] {logging_mixin.py:137} INFO - [2023-07-09T17:04:37.876+0000] {dag.py:3423} INFO - Setting next_dagrun for example_subdag_operator.section-2 to None, run_after=None
[2023-07-09T17:04:37.886+0000] {logging_mixin.py:137} INFO - [2023-07-09T17:04:37.886+0000] {dag.py:2676} INFO - Sync 2 DAGs
[2023-07-09T17:04:38.076+0000] {logging_mixin.py:137} INFO - [2023-07-09T17:04:38.075+0000] {dag.py:3423} INFO - Setting next_dagrun for example_subdag_operator.section-1 to None, run_after=None
[2023-07-09T17:04:38.076+0000] {logging_mixin.py:137} INFO - [2023-07-09T17:04:38.076+0000] {dag.py:3423} INFO - Setting next_dagrun for example_subdag_operator.section-2 to None, run_after=None
[2023-07-09T17:04:38.090+0000] {processor.py:175} INFO - Processing /home/ubuntu/venv/lib/python3.10/site-packages/airflow/example_dags/example_subdag_operator.py took 0.409 seconds
[2023-07-09T17:05:58.322+0000] {processor.py:153} INFO - Started process (PID=11026) to work on /home/ubuntu/venv/lib/python3.10/site-packages/airflow/example_dags/example_subdag_operator.py
[2023-07-09T17:05:58.332+0000] {processor.py:743} INFO - Processing file /home/ubuntu/venv/lib/python3.10/site-packages/airflow/example_dags/example_subdag_operator.py for tasks to queue
[2023-07-09T17:05:58.332+0000] {logging_mixin.py:137} INFO - [2023-07-09T17:05:58.332+0000] {dagbag.py:538} INFO - Filling up the DagBag from /home/ubuntu/venv/lib/python3.10/site-packages/airflow/example_dags/example_subdag_operator.py
[2023-07-09T17:05:58.541+0000] {processor.py:753} INFO - DAG(s) dict_keys(['example_subdag_operator.section-1', 'example_subdag_operator.section-2', 'example_subdag_operator']) retrieved from /home/ubuntu/venv/lib/python3.10/site-packages/airflow/example_dags/example_subdag_operator.py
[2023-07-09T17:05:58.610+0000] {logging_mixin.py:137} INFO - [2023-07-09T17:05:58.609+0000] {dag.py:2676} INFO - Sync 3 DAGs
[2023-07-09T17:05:58.741+0000] {logging_mixin.py:137} INFO - [2023-07-09T17:05:58.740+0000] {dag.py:3423} INFO - Setting next_dagrun for example_subdag_operator to 2022-01-01T00:00:00+00:00, run_after=2022-01-01T00:00:00+00:00
[2023-07-09T17:05:58.746+0000] {logging_mixin.py:137} INFO - [2023-07-09T17:05:58.745+0000] {dag.py:3423} INFO - Setting next_dagrun for example_subdag_operator.section-1 to None, run_after=None
[2023-07-09T17:05:58.747+0000] {logging_mixin.py:137} INFO - [2023-07-09T17:05:58.747+0000] {dag.py:3423} INFO - Setting next_dagrun for example_subdag_operator.section-2 to None, run_after=None
[2023-07-09T17:05:58.765+0000] {logging_mixin.py:137} INFO - [2023-07-09T17:05:58.765+0000] {dag.py:2676} INFO - Sync 2 DAGs
[2023-07-09T17:05:58.773+0000] {logging_mixin.py:137} INFO - [2023-07-09T17:05:58.773+0000] {dag.py:3423} INFO - Setting next_dagrun for example_subdag_operator.section-1 to None, run_after=None
[2023-07-09T17:05:58.774+0000] {logging_mixin.py:137} INFO - [2023-07-09T17:05:58.774+0000] {dag.py:3423} INFO - Setting next_dagrun for example_subdag_operator.section-2 to None, run_after=None
[2023-07-09T17:05:58.875+0000] {processor.py:175} INFO - Processing /home/ubuntu/venv/lib/python3.10/site-packages/airflow/example_dags/example_subdag_operator.py took 0.574 seconds
[2023-07-09T17:06:29.492+0000] {processor.py:153} INFO - Started process (PID=11349) to work on /home/ubuntu/venv/lib/python3.10/site-packages/airflow/example_dags/example_subdag_operator.py
[2023-07-09T17:06:29.496+0000] {processor.py:743} INFO - Processing file /home/ubuntu/venv/lib/python3.10/site-packages/airflow/example_dags/example_subdag_operator.py for tasks to queue
[2023-07-09T17:06:29.497+0000] {logging_mixin.py:137} INFO - [2023-07-09T17:06:29.497+0000] {dagbag.py:538} INFO - Filling up the DagBag from /home/ubuntu/venv/lib/python3.10/site-packages/airflow/example_dags/example_subdag_operator.py
[2023-07-09T17:06:29.559+0000] {processor.py:753} INFO - DAG(s) dict_keys(['example_subdag_operator.section-1', 'example_subdag_operator.section-2', 'example_subdag_operator']) retrieved from /home/ubuntu/venv/lib/python3.10/site-packages/airflow/example_dags/example_subdag_operator.py
[2023-07-09T17:06:29.588+0000] {logging_mixin.py:137} INFO - [2023-07-09T17:06:29.588+0000] {dag.py:2676} INFO - Sync 3 DAGs
[2023-07-09T17:06:29.621+0000] {logging_mixin.py:137} INFO - [2023-07-09T17:06:29.620+0000] {dag.py:3423} INFO - Setting next_dagrun for example_subdag_operator to 2022-01-01T00:00:00+00:00, run_after=2022-01-01T00:00:00+00:00
[2023-07-09T17:06:29.625+0000] {logging_mixin.py:137} INFO - [2023-07-09T17:06:29.624+0000] {dag.py:3423} INFO - Setting next_dagrun for example_subdag_operator.section-1 to None, run_after=None
[2023-07-09T17:06:29.626+0000] {logging_mixin.py:137} INFO - [2023-07-09T17:06:29.626+0000] {dag.py:3423} INFO - Setting next_dagrun for example_subdag_operator.section-2 to None, run_after=None
[2023-07-09T17:06:29.633+0000] {logging_mixin.py:137} INFO - [2023-07-09T17:06:29.633+0000] {dag.py:2676} INFO - Sync 2 DAGs
[2023-07-09T17:06:29.639+0000] {logging_mixin.py:137} INFO - [2023-07-09T17:06:29.639+0000] {dag.py:3423} INFO - Setting next_dagrun for example_subdag_operator.section-1 to None, run_after=None
[2023-07-09T17:06:29.639+0000] {logging_mixin.py:137} INFO - [2023-07-09T17:06:29.639+0000] {dag.py:3423} INFO - Setting next_dagrun for example_subdag_operator.section-2 to None, run_after=None
[2023-07-09T17:06:29.651+0000] {processor.py:175} INFO - Processing /home/ubuntu/venv/lib/python3.10/site-packages/airflow/example_dags/example_subdag_operator.py took 0.163 seconds
[2023-07-09T17:07:26.220+0000] {processor.py:153} INFO - Started process (PID=11813) to work on /home/ubuntu/venv/lib/python3.10/site-packages/airflow/example_dags/example_subdag_operator.py
[2023-07-09T17:07:26.221+0000] {processor.py:743} INFO - Processing file /home/ubuntu/venv/lib/python3.10/site-packages/airflow/example_dags/example_subdag_operator.py for tasks to queue
[2023-07-09T17:07:26.222+0000] {logging_mixin.py:137} INFO - [2023-07-09T17:07:26.222+0000] {dagbag.py:538} INFO - Filling up the DagBag from /home/ubuntu/venv/lib/python3.10/site-packages/airflow/example_dags/example_subdag_operator.py
[2023-07-09T17:07:26.365+0000] {processor.py:753} INFO - DAG(s) dict_keys(['example_subdag_operator.section-1', 'example_subdag_operator.section-2', 'example_subdag_operator']) retrieved from /home/ubuntu/venv/lib/python3.10/site-packages/airflow/example_dags/example_subdag_operator.py
[2023-07-09T17:07:26.443+0000] {logging_mixin.py:137} INFO - [2023-07-09T17:07:26.443+0000] {dag.py:2676} INFO - Sync 3 DAGs
[2023-07-09T17:07:26.513+0000] {logging_mixin.py:137} INFO - [2023-07-09T17:07:26.513+0000] {dag.py:3423} INFO - Setting next_dagrun for example_subdag_operator to 2022-01-01T00:00:00+00:00, run_after=2022-01-01T00:00:00+00:00
[2023-07-09T17:07:26.524+0000] {logging_mixin.py:137} INFO - [2023-07-09T17:07:26.521+0000] {dag.py:3423} INFO - Setting next_dagrun for example_subdag_operator.section-1 to None, run_after=None
[2023-07-09T17:07:26.527+0000] {logging_mixin.py:137} INFO - [2023-07-09T17:07:26.527+0000] {dag.py:3423} INFO - Setting next_dagrun for example_subdag_operator.section-2 to None, run_after=None
[2023-07-09T17:07:26.555+0000] {logging_mixin.py:137} INFO - [2023-07-09T17:07:26.554+0000] {dag.py:2676} INFO - Sync 2 DAGs
[2023-07-09T17:07:26.569+0000] {logging_mixin.py:137} INFO - [2023-07-09T17:07:26.569+0000] {dag.py:3423} INFO - Setting next_dagrun for example_subdag_operator.section-1 to None, run_after=None
[2023-07-09T17:07:26.570+0000] {logging_mixin.py:137} INFO - [2023-07-09T17:07:26.570+0000] {dag.py:3423} INFO - Setting next_dagrun for example_subdag_operator.section-2 to None, run_after=None
[2023-07-09T17:07:26.594+0000] {processor.py:175} INFO - Processing /home/ubuntu/venv/lib/python3.10/site-packages/airflow/example_dags/example_subdag_operator.py took 0.393 seconds
[2023-07-09T17:07:57.553+0000] {processor.py:153} INFO - Started process (PID=12081) to work on /home/ubuntu/venv/lib/python3.10/site-packages/airflow/example_dags/example_subdag_operator.py
[2023-07-09T17:07:57.554+0000] {processor.py:743} INFO - Processing file /home/ubuntu/venv/lib/python3.10/site-packages/airflow/example_dags/example_subdag_operator.py for tasks to queue
[2023-07-09T17:07:57.555+0000] {logging_mixin.py:137} INFO - [2023-07-09T17:07:57.555+0000] {dagbag.py:538} INFO - Filling up the DagBag from /home/ubuntu/venv/lib/python3.10/site-packages/airflow/example_dags/example_subdag_operator.py
[2023-07-09T17:07:57.653+0000] {processor.py:753} INFO - DAG(s) dict_keys(['example_subdag_operator.section-1', 'example_subdag_operator.section-2', 'example_subdag_operator']) retrieved from /home/ubuntu/venv/lib/python3.10/site-packages/airflow/example_dags/example_subdag_operator.py
[2023-07-09T17:07:57.693+0000] {logging_mixin.py:137} INFO - [2023-07-09T17:07:57.693+0000] {dag.py:2676} INFO - Sync 3 DAGs
[2023-07-09T17:07:57.737+0000] {logging_mixin.py:137} INFO - [2023-07-09T17:07:57.737+0000] {dag.py:3423} INFO - Setting next_dagrun for example_subdag_operator to 2022-01-01T00:00:00+00:00, run_after=2022-01-01T00:00:00+00:00
[2023-07-09T17:07:57.742+0000] {logging_mixin.py:137} INFO - [2023-07-09T17:07:57.742+0000] {dag.py:3423} INFO - Setting next_dagrun for example_subdag_operator.section-1 to None, run_after=None
[2023-07-09T17:07:57.744+0000] {logging_mixin.py:137} INFO - [2023-07-09T17:07:57.744+0000] {dag.py:3423} INFO - Setting next_dagrun for example_subdag_operator.section-2 to None, run_after=None
[2023-07-09T17:07:57.757+0000] {logging_mixin.py:137} INFO - [2023-07-09T17:07:57.756+0000] {dag.py:2676} INFO - Sync 2 DAGs
[2023-07-09T17:07:57.765+0000] {logging_mixin.py:137} INFO - [2023-07-09T17:07:57.765+0000] {dag.py:3423} INFO - Setting next_dagrun for example_subdag_operator.section-1 to None, run_after=None
[2023-07-09T17:07:57.766+0000] {logging_mixin.py:137} INFO - [2023-07-09T17:07:57.766+0000] {dag.py:3423} INFO - Setting next_dagrun for example_subdag_operator.section-2 to None, run_after=None
[2023-07-09T17:07:57.809+0000] {processor.py:175} INFO - Processing /home/ubuntu/venv/lib/python3.10/site-packages/airflow/example_dags/example_subdag_operator.py took 0.261 seconds
[2023-07-09T17:08:28.566+0000] {processor.py:153} INFO - Started process (PID=12317) to work on /home/ubuntu/venv/lib/python3.10/site-packages/airflow/example_dags/example_subdag_operator.py
[2023-07-09T17:08:28.569+0000] {processor.py:743} INFO - Processing file /home/ubuntu/venv/lib/python3.10/site-packages/airflow/example_dags/example_subdag_operator.py for tasks to queue
[2023-07-09T17:08:28.570+0000] {logging_mixin.py:137} INFO - [2023-07-09T17:08:28.570+0000] {dagbag.py:538} INFO - Filling up the DagBag from /home/ubuntu/venv/lib/python3.10/site-packages/airflow/example_dags/example_subdag_operator.py
[2023-07-09T17:08:28.651+0000] {processor.py:753} INFO - DAG(s) dict_keys(['example_subdag_operator.section-1', 'example_subdag_operator.section-2', 'example_subdag_operator']) retrieved from /home/ubuntu/venv/lib/python3.10/site-packages/airflow/example_dags/example_subdag_operator.py
[2023-07-09T17:08:28.694+0000] {logging_mixin.py:137} INFO - [2023-07-09T17:08:28.694+0000] {dag.py:2676} INFO - Sync 3 DAGs
[2023-07-09T17:08:28.731+0000] {logging_mixin.py:137} INFO - [2023-07-09T17:08:28.731+0000] {dag.py:3423} INFO - Setting next_dagrun for example_subdag_operator to 2022-01-01T00:00:00+00:00, run_after=2022-01-01T00:00:00+00:00
[2023-07-09T17:08:28.736+0000] {logging_mixin.py:137} INFO - [2023-07-09T17:08:28.736+0000] {dag.py:3423} INFO - Setting next_dagrun for example_subdag_operator.section-1 to None, run_after=None
[2023-07-09T17:08:28.737+0000] {logging_mixin.py:137} INFO - [2023-07-09T17:08:28.737+0000] {dag.py:3423} INFO - Setting next_dagrun for example_subdag_operator.section-2 to None, run_after=None
[2023-07-09T17:08:28.747+0000] {logging_mixin.py:137} INFO - [2023-07-09T17:08:28.747+0000] {dag.py:2676} INFO - Sync 2 DAGs
[2023-07-09T17:08:28.755+0000] {logging_mixin.py:137} INFO - [2023-07-09T17:08:28.755+0000] {dag.py:3423} INFO - Setting next_dagrun for example_subdag_operator.section-1 to None, run_after=None
[2023-07-09T17:08:28.755+0000] {logging_mixin.py:137} INFO - [2023-07-09T17:08:28.755+0000] {dag.py:3423} INFO - Setting next_dagrun for example_subdag_operator.section-2 to None, run_after=None
[2023-07-09T17:08:28.770+0000] {processor.py:175} INFO - Processing /home/ubuntu/venv/lib/python3.10/site-packages/airflow/example_dags/example_subdag_operator.py took 0.213 seconds
[2023-07-09T17:09:05.854+0000] {processor.py:153} INFO - Started process (PID=12770) to work on /home/ubuntu/venv/lib/python3.10/site-packages/airflow/example_dags/example_subdag_operator.py
[2023-07-09T17:09:05.856+0000] {processor.py:743} INFO - Processing file /home/ubuntu/venv/lib/python3.10/site-packages/airflow/example_dags/example_subdag_operator.py for tasks to queue
[2023-07-09T17:09:05.857+0000] {logging_mixin.py:137} INFO - [2023-07-09T17:09:05.857+0000] {dagbag.py:538} INFO - Filling up the DagBag from /home/ubuntu/venv/lib/python3.10/site-packages/airflow/example_dags/example_subdag_operator.py
[2023-07-09T17:09:05.933+0000] {processor.py:753} INFO - DAG(s) dict_keys(['example_subdag_operator.section-1', 'example_subdag_operator.section-2', 'example_subdag_operator']) retrieved from /home/ubuntu/venv/lib/python3.10/site-packages/airflow/example_dags/example_subdag_operator.py
[2023-07-09T17:09:05.969+0000] {logging_mixin.py:137} INFO - [2023-07-09T17:09:05.968+0000] {dag.py:2676} INFO - Sync 3 DAGs
[2023-07-09T17:09:06.006+0000] {logging_mixin.py:137} INFO - [2023-07-09T17:09:06.005+0000] {dag.py:3423} INFO - Setting next_dagrun for example_subdag_operator to 2022-01-01T00:00:00+00:00, run_after=2022-01-01T00:00:00+00:00
[2023-07-09T17:09:06.011+0000] {logging_mixin.py:137} INFO - [2023-07-09T17:09:06.011+0000] {dag.py:3423} INFO - Setting next_dagrun for example_subdag_operator.section-1 to None, run_after=None
[2023-07-09T17:09:06.013+0000] {logging_mixin.py:137} INFO - [2023-07-09T17:09:06.013+0000] {dag.py:3423} INFO - Setting next_dagrun for example_subdag_operator.section-2 to None, run_after=None
[2023-07-09T17:09:06.024+0000] {logging_mixin.py:137} INFO - [2023-07-09T17:09:06.023+0000] {dag.py:2676} INFO - Sync 2 DAGs
[2023-07-09T17:09:06.032+0000] {logging_mixin.py:137} INFO - [2023-07-09T17:09:06.032+0000] {dag.py:3423} INFO - Setting next_dagrun for example_subdag_operator.section-1 to None, run_after=None
[2023-07-09T17:09:06.032+0000] {logging_mixin.py:137} INFO - [2023-07-09T17:09:06.032+0000] {dag.py:3423} INFO - Setting next_dagrun for example_subdag_operator.section-2 to None, run_after=None
[2023-07-09T17:09:06.047+0000] {processor.py:175} INFO - Processing /home/ubuntu/venv/lib/python3.10/site-packages/airflow/example_dags/example_subdag_operator.py took 0.200 seconds
[2023-07-09T17:09:36.373+0000] {processor.py:153} INFO - Started process (PID=13046) to work on /home/ubuntu/venv/lib/python3.10/site-packages/airflow/example_dags/example_subdag_operator.py
[2023-07-09T17:09:36.374+0000] {processor.py:743} INFO - Processing file /home/ubuntu/venv/lib/python3.10/site-packages/airflow/example_dags/example_subdag_operator.py for tasks to queue
[2023-07-09T17:09:36.374+0000] {logging_mixin.py:137} INFO - [2023-07-09T17:09:36.374+0000] {dagbag.py:538} INFO - Filling up the DagBag from /home/ubuntu/venv/lib/python3.10/site-packages/airflow/example_dags/example_subdag_operator.py
[2023-07-09T17:09:36.440+0000] {processor.py:753} INFO - DAG(s) dict_keys(['example_subdag_operator.section-1', 'example_subdag_operator.section-2', 'example_subdag_operator']) retrieved from /home/ubuntu/venv/lib/python3.10/site-packages/airflow/example_dags/example_subdag_operator.py
[2023-07-09T17:09:36.473+0000] {logging_mixin.py:137} INFO - [2023-07-09T17:09:36.473+0000] {dag.py:2676} INFO - Sync 3 DAGs
[2023-07-09T17:09:36.505+0000] {logging_mixin.py:137} INFO - [2023-07-09T17:09:36.505+0000] {dag.py:3423} INFO - Setting next_dagrun for example_subdag_operator to 2022-01-01T00:00:00+00:00, run_after=2022-01-01T00:00:00+00:00
[2023-07-09T17:09:36.511+0000] {logging_mixin.py:137} INFO - [2023-07-09T17:09:36.511+0000] {dag.py:3423} INFO - Setting next_dagrun for example_subdag_operator.section-1 to None, run_after=None
[2023-07-09T17:09:36.512+0000] {logging_mixin.py:137} INFO - [2023-07-09T17:09:36.512+0000] {dag.py:3423} INFO - Setting next_dagrun for example_subdag_operator.section-2 to None, run_after=None
[2023-07-09T17:09:36.523+0000] {logging_mixin.py:137} INFO - [2023-07-09T17:09:36.523+0000] {dag.py:2676} INFO - Sync 2 DAGs
[2023-07-09T17:09:36.530+0000] {logging_mixin.py:137} INFO - [2023-07-09T17:09:36.530+0000] {dag.py:3423} INFO - Setting next_dagrun for example_subdag_operator.section-1 to None, run_after=None
[2023-07-09T17:09:36.531+0000] {logging_mixin.py:137} INFO - [2023-07-09T17:09:36.531+0000] {dag.py:3423} INFO - Setting next_dagrun for example_subdag_operator.section-2 to None, run_after=None
[2023-07-09T17:09:36.544+0000] {processor.py:175} INFO - Processing /home/ubuntu/venv/lib/python3.10/site-packages/airflow/example_dags/example_subdag_operator.py took 0.176 seconds
[2023-07-09T17:10:07.231+0000] {processor.py:153} INFO - Started process (PID=13282) to work on /home/ubuntu/venv/lib/python3.10/site-packages/airflow/example_dags/example_subdag_operator.py
[2023-07-09T17:10:07.233+0000] {processor.py:743} INFO - Processing file /home/ubuntu/venv/lib/python3.10/site-packages/airflow/example_dags/example_subdag_operator.py for tasks to queue
[2023-07-09T17:10:07.234+0000] {logging_mixin.py:137} INFO - [2023-07-09T17:10:07.234+0000] {dagbag.py:538} INFO - Filling up the DagBag from /home/ubuntu/venv/lib/python3.10/site-packages/airflow/example_dags/example_subdag_operator.py
[2023-07-09T17:10:07.328+0000] {processor.py:753} INFO - DAG(s) dict_keys(['example_subdag_operator.section-1', 'example_subdag_operator.section-2', 'example_subdag_operator']) retrieved from /home/ubuntu/venv/lib/python3.10/site-packages/airflow/example_dags/example_subdag_operator.py
[2023-07-09T17:10:07.377+0000] {logging_mixin.py:137} INFO - [2023-07-09T17:10:07.376+0000] {dag.py:2676} INFO - Sync 3 DAGs
[2023-07-09T17:10:07.427+0000] {logging_mixin.py:137} INFO - [2023-07-09T17:10:07.426+0000] {dag.py:3423} INFO - Setting next_dagrun for example_subdag_operator to 2022-01-01T00:00:00+00:00, run_after=2022-01-01T00:00:00+00:00
[2023-07-09T17:10:07.433+0000] {logging_mixin.py:137} INFO - [2023-07-09T17:10:07.433+0000] {dag.py:3423} INFO - Setting next_dagrun for example_subdag_operator.section-1 to None, run_after=None
[2023-07-09T17:10:07.448+0000] {logging_mixin.py:137} INFO - [2023-07-09T17:10:07.448+0000] {dag.py:3423} INFO - Setting next_dagrun for example_subdag_operator.section-2 to None, run_after=None
[2023-07-09T17:10:07.468+0000] {logging_mixin.py:137} INFO - [2023-07-09T17:10:07.468+0000] {dag.py:2676} INFO - Sync 2 DAGs
[2023-07-09T17:10:07.479+0000] {logging_mixin.py:137} INFO - [2023-07-09T17:10:07.478+0000] {dag.py:3423} INFO - Setting next_dagrun for example_subdag_operator.section-1 to None, run_after=None
[2023-07-09T17:10:07.479+0000] {logging_mixin.py:137} INFO - [2023-07-09T17:10:07.479+0000] {dag.py:3423} INFO - Setting next_dagrun for example_subdag_operator.section-2 to None, run_after=None
[2023-07-09T17:10:07.496+0000] {processor.py:175} INFO - Processing /home/ubuntu/venv/lib/python3.10/site-packages/airflow/example_dags/example_subdag_operator.py took 0.270 seconds
