[2023-07-09T15:46:36.368+0000] {processor.py:153} INFO - Started process (PID=1457) to work on /home/ubuntu/venv/lib/python3.10/site-packages/airflow/example_dags/example_branch_operator.py
[2023-07-09T15:46:36.369+0000] {processor.py:743} INFO - Processing file /home/ubuntu/venv/lib/python3.10/site-packages/airflow/example_dags/example_branch_operator.py for tasks to queue
[2023-07-09T15:46:36.369+0000] {logging_mixin.py:137} INFO - [2023-07-09T15:46:36.369+0000] {dagbag.py:538} INFO - Filling up the DagBag from /home/ubuntu/venv/lib/python3.10/site-packages/airflow/example_dags/example_branch_operator.py
[2023-07-09T15:46:36.397+0000] {processor.py:753} INFO - DAG(s) dict_keys(['example_branch_operator']) retrieved from /home/ubuntu/venv/lib/python3.10/site-packages/airflow/example_dags/example_branch_operator.py
[2023-07-09T15:46:36.475+0000] {logging_mixin.py:137} INFO - [2023-07-09T15:46:36.475+0000] {dag.py:2676} INFO - Sync 1 DAGs
[2023-07-09T15:46:36.516+0000] {logging_mixin.py:137} INFO - [2023-07-09T15:46:36.516+0000] {dag.py:3423} INFO - Setting next_dagrun for example_branch_operator to 2023-07-08T00:00:00+00:00, run_after=2023-07-09T00:00:00+00:00
[2023-07-09T15:46:36.568+0000] {processor.py:175} INFO - Processing /home/ubuntu/venv/lib/python3.10/site-packages/airflow/example_dags/example_branch_operator.py took 0.205 seconds
[2023-07-09T15:47:06.848+0000] {processor.py:153} INFO - Started process (PID=1697) to work on /home/ubuntu/venv/lib/python3.10/site-packages/airflow/example_dags/example_branch_operator.py
[2023-07-09T15:47:06.849+0000] {processor.py:743} INFO - Processing file /home/ubuntu/venv/lib/python3.10/site-packages/airflow/example_dags/example_branch_operator.py for tasks to queue
[2023-07-09T15:47:06.850+0000] {logging_mixin.py:137} INFO - [2023-07-09T15:47:06.850+0000] {dagbag.py:538} INFO - Filling up the DagBag from /home/ubuntu/venv/lib/python3.10/site-packages/airflow/example_dags/example_branch_operator.py
[2023-07-09T15:47:06.880+0000] {processor.py:753} INFO - DAG(s) dict_keys(['example_branch_operator']) retrieved from /home/ubuntu/venv/lib/python3.10/site-packages/airflow/example_dags/example_branch_operator.py
[2023-07-09T15:47:06.980+0000] {logging_mixin.py:137} INFO - [2023-07-09T15:47:06.979+0000] {dag.py:2676} INFO - Sync 1 DAGs
[2023-07-09T15:47:07.012+0000] {logging_mixin.py:137} INFO - [2023-07-09T15:47:07.011+0000] {dag.py:3423} INFO - Setting next_dagrun for example_branch_operator to 2023-07-08T00:00:00+00:00, run_after=2023-07-09T00:00:00+00:00
[2023-07-09T15:47:07.035+0000] {processor.py:175} INFO - Processing /home/ubuntu/venv/lib/python3.10/site-packages/airflow/example_dags/example_branch_operator.py took 0.191 seconds
[2023-07-09T15:49:54.536+0000] {processor.py:153} INFO - Started process (PID=2275) to work on /home/ubuntu/venv/lib/python3.10/site-packages/airflow/example_dags/example_branch_operator.py
[2023-07-09T15:49:54.540+0000] {processor.py:743} INFO - Processing file /home/ubuntu/venv/lib/python3.10/site-packages/airflow/example_dags/example_branch_operator.py for tasks to queue
[2023-07-09T15:49:54.541+0000] {logging_mixin.py:137} INFO - [2023-07-09T15:49:54.541+0000] {dagbag.py:538} INFO - Filling up the DagBag from /home/ubuntu/venv/lib/python3.10/site-packages/airflow/example_dags/example_branch_operator.py
[2023-07-09T15:49:54.597+0000] {processor.py:753} INFO - DAG(s) dict_keys(['example_branch_operator']) retrieved from /home/ubuntu/venv/lib/python3.10/site-packages/airflow/example_dags/example_branch_operator.py
[2023-07-09T15:49:54.660+0000] {logging_mixin.py:137} INFO - [2023-07-09T15:49:54.660+0000] {dag.py:2676} INFO - Sync 1 DAGs
[2023-07-09T15:49:54.694+0000] {logging_mixin.py:137} INFO - [2023-07-09T15:49:54.693+0000] {dag.py:3423} INFO - Setting next_dagrun for example_branch_operator to 2023-07-08T00:00:00+00:00, run_after=2023-07-09T00:00:00+00:00
[2023-07-09T15:49:54.716+0000] {processor.py:175} INFO - Processing /home/ubuntu/venv/lib/python3.10/site-packages/airflow/example_dags/example_branch_operator.py took 0.183 seconds
[2023-07-09T15:50:25.787+0000] {processor.py:153} INFO - Started process (PID=2511) to work on /home/ubuntu/venv/lib/python3.10/site-packages/airflow/example_dags/example_branch_operator.py
[2023-07-09T15:50:25.789+0000] {processor.py:743} INFO - Processing file /home/ubuntu/venv/lib/python3.10/site-packages/airflow/example_dags/example_branch_operator.py for tasks to queue
[2023-07-09T15:50:25.789+0000] {logging_mixin.py:137} INFO - [2023-07-09T15:50:25.789+0000] {dagbag.py:538} INFO - Filling up the DagBag from /home/ubuntu/venv/lib/python3.10/site-packages/airflow/example_dags/example_branch_operator.py
[2023-07-09T15:50:25.816+0000] {processor.py:753} INFO - DAG(s) dict_keys(['example_branch_operator']) retrieved from /home/ubuntu/venv/lib/python3.10/site-packages/airflow/example_dags/example_branch_operator.py
[2023-07-09T15:50:25.886+0000] {logging_mixin.py:137} INFO - [2023-07-09T15:50:25.886+0000] {dag.py:2676} INFO - Sync 1 DAGs
[2023-07-09T15:50:25.919+0000] {logging_mixin.py:137} INFO - [2023-07-09T15:50:25.919+0000] {dag.py:3423} INFO - Setting next_dagrun for example_branch_operator to 2023-07-08T00:00:00+00:00, run_after=2023-07-09T00:00:00+00:00
[2023-07-09T15:50:25.944+0000] {processor.py:175} INFO - Processing /home/ubuntu/venv/lib/python3.10/site-packages/airflow/example_dags/example_branch_operator.py took 0.160 seconds
[2023-07-09T16:47:20.245+0000] {processor.py:153} INFO - Started process (PID=3613) to work on /home/ubuntu/venv/lib/python3.10/site-packages/airflow/example_dags/example_branch_operator.py
[2023-07-09T16:47:20.247+0000] {processor.py:743} INFO - Processing file /home/ubuntu/venv/lib/python3.10/site-packages/airflow/example_dags/example_branch_operator.py for tasks to queue
[2023-07-09T16:47:20.248+0000] {logging_mixin.py:137} INFO - [2023-07-09T16:47:20.248+0000] {dagbag.py:538} INFO - Filling up the DagBag from /home/ubuntu/venv/lib/python3.10/site-packages/airflow/example_dags/example_branch_operator.py
[2023-07-09T16:47:20.278+0000] {processor.py:753} INFO - DAG(s) dict_keys(['example_branch_operator']) retrieved from /home/ubuntu/venv/lib/python3.10/site-packages/airflow/example_dags/example_branch_operator.py
[2023-07-09T16:47:20.353+0000] {logging_mixin.py:137} INFO - [2023-07-09T16:47:20.353+0000] {dag.py:2676} INFO - Sync 1 DAGs
[2023-07-09T16:47:20.420+0000] {logging_mixin.py:137} INFO - [2023-07-09T16:47:20.420+0000] {dag.py:3423} INFO - Setting next_dagrun for example_branch_operator to 2023-07-08T00:00:00+00:00, run_after=2023-07-09T00:00:00+00:00
[2023-07-09T16:47:20.465+0000] {processor.py:175} INFO - Processing /home/ubuntu/venv/lib/python3.10/site-packages/airflow/example_dags/example_branch_operator.py took 0.224 seconds
[2023-07-09T16:47:50.698+0000] {processor.py:153} INFO - Started process (PID=3942) to work on /home/ubuntu/venv/lib/python3.10/site-packages/airflow/example_dags/example_branch_operator.py
[2023-07-09T16:47:50.699+0000] {processor.py:743} INFO - Processing file /home/ubuntu/venv/lib/python3.10/site-packages/airflow/example_dags/example_branch_operator.py for tasks to queue
[2023-07-09T16:47:50.700+0000] {logging_mixin.py:137} INFO - [2023-07-09T16:47:50.700+0000] {dagbag.py:538} INFO - Filling up the DagBag from /home/ubuntu/venv/lib/python3.10/site-packages/airflow/example_dags/example_branch_operator.py
[2023-07-09T16:47:50.725+0000] {processor.py:753} INFO - DAG(s) dict_keys(['example_branch_operator']) retrieved from /home/ubuntu/venv/lib/python3.10/site-packages/airflow/example_dags/example_branch_operator.py
[2023-07-09T16:47:50.788+0000] {logging_mixin.py:137} INFO - [2023-07-09T16:47:50.788+0000] {dag.py:2676} INFO - Sync 1 DAGs
[2023-07-09T16:47:50.823+0000] {logging_mixin.py:137} INFO - [2023-07-09T16:47:50.822+0000] {dag.py:3423} INFO - Setting next_dagrun for example_branch_operator to 2023-07-08T00:00:00+00:00, run_after=2023-07-09T00:00:00+00:00
[2023-07-09T16:47:50.839+0000] {processor.py:175} INFO - Processing /home/ubuntu/venv/lib/python3.10/site-packages/airflow/example_dags/example_branch_operator.py took 0.146 seconds
[2023-07-09T16:48:21.442+0000] {processor.py:153} INFO - Started process (PID=4177) to work on /home/ubuntu/venv/lib/python3.10/site-packages/airflow/example_dags/example_branch_operator.py
[2023-07-09T16:48:21.443+0000] {processor.py:743} INFO - Processing file /home/ubuntu/venv/lib/python3.10/site-packages/airflow/example_dags/example_branch_operator.py for tasks to queue
[2023-07-09T16:48:21.444+0000] {logging_mixin.py:137} INFO - [2023-07-09T16:48:21.444+0000] {dagbag.py:538} INFO - Filling up the DagBag from /home/ubuntu/venv/lib/python3.10/site-packages/airflow/example_dags/example_branch_operator.py
[2023-07-09T16:48:21.469+0000] {processor.py:753} INFO - DAG(s) dict_keys(['example_branch_operator']) retrieved from /home/ubuntu/venv/lib/python3.10/site-packages/airflow/example_dags/example_branch_operator.py
[2023-07-09T16:48:21.531+0000] {logging_mixin.py:137} INFO - [2023-07-09T16:48:21.531+0000] {dag.py:2676} INFO - Sync 1 DAGs
[2023-07-09T16:48:21.564+0000] {logging_mixin.py:137} INFO - [2023-07-09T16:48:21.564+0000] {dag.py:3423} INFO - Setting next_dagrun for example_branch_operator to 2023-07-08T00:00:00+00:00, run_after=2023-07-09T00:00:00+00:00
[2023-07-09T16:48:21.589+0000] {processor.py:175} INFO - Processing /home/ubuntu/venv/lib/python3.10/site-packages/airflow/example_dags/example_branch_operator.py took 0.151 seconds
[2023-07-09T16:48:52.592+0000] {processor.py:153} INFO - Started process (PID=4413) to work on /home/ubuntu/venv/lib/python3.10/site-packages/airflow/example_dags/example_branch_operator.py
[2023-07-09T16:48:52.593+0000] {processor.py:743} INFO - Processing file /home/ubuntu/venv/lib/python3.10/site-packages/airflow/example_dags/example_branch_operator.py for tasks to queue
[2023-07-09T16:48:52.594+0000] {logging_mixin.py:137} INFO - [2023-07-09T16:48:52.593+0000] {dagbag.py:538} INFO - Filling up the DagBag from /home/ubuntu/venv/lib/python3.10/site-packages/airflow/example_dags/example_branch_operator.py
[2023-07-09T16:48:52.622+0000] {processor.py:753} INFO - DAG(s) dict_keys(['example_branch_operator']) retrieved from /home/ubuntu/venv/lib/python3.10/site-packages/airflow/example_dags/example_branch_operator.py
[2023-07-09T16:48:52.706+0000] {logging_mixin.py:137} INFO - [2023-07-09T16:48:52.706+0000] {dag.py:2676} INFO - Sync 1 DAGs
[2023-07-09T16:48:52.746+0000] {logging_mixin.py:137} INFO - [2023-07-09T16:48:52.746+0000] {dag.py:3423} INFO - Setting next_dagrun for example_branch_operator to 2023-07-08T00:00:00+00:00, run_after=2023-07-09T00:00:00+00:00
[2023-07-09T16:48:52.772+0000] {processor.py:175} INFO - Processing /home/ubuntu/venv/lib/python3.10/site-packages/airflow/example_dags/example_branch_operator.py took 0.185 seconds
[2023-07-09T16:49:23.114+0000] {processor.py:153} INFO - Started process (PID=4648) to work on /home/ubuntu/venv/lib/python3.10/site-packages/airflow/example_dags/example_branch_operator.py
[2023-07-09T16:49:23.115+0000] {processor.py:743} INFO - Processing file /home/ubuntu/venv/lib/python3.10/site-packages/airflow/example_dags/example_branch_operator.py for tasks to queue
[2023-07-09T16:49:23.116+0000] {logging_mixin.py:137} INFO - [2023-07-09T16:49:23.116+0000] {dagbag.py:538} INFO - Filling up the DagBag from /home/ubuntu/venv/lib/python3.10/site-packages/airflow/example_dags/example_branch_operator.py
[2023-07-09T16:49:23.141+0000] {processor.py:753} INFO - DAG(s) dict_keys(['example_branch_operator']) retrieved from /home/ubuntu/venv/lib/python3.10/site-packages/airflow/example_dags/example_branch_operator.py
[2023-07-09T16:49:23.205+0000] {logging_mixin.py:137} INFO - [2023-07-09T16:49:23.204+0000] {dag.py:2676} INFO - Sync 1 DAGs
[2023-07-09T16:49:23.240+0000] {logging_mixin.py:137} INFO - [2023-07-09T16:49:23.240+0000] {dag.py:3423} INFO - Setting next_dagrun for example_branch_operator to 2023-07-08T00:00:00+00:00, run_after=2023-07-09T00:00:00+00:00
[2023-07-09T16:49:23.262+0000] {processor.py:175} INFO - Processing /home/ubuntu/venv/lib/python3.10/site-packages/airflow/example_dags/example_branch_operator.py took 0.152 seconds
[2023-07-09T16:49:53.576+0000] {processor.py:153} INFO - Started process (PID=4884) to work on /home/ubuntu/venv/lib/python3.10/site-packages/airflow/example_dags/example_branch_operator.py
[2023-07-09T16:49:53.577+0000] {processor.py:743} INFO - Processing file /home/ubuntu/venv/lib/python3.10/site-packages/airflow/example_dags/example_branch_operator.py for tasks to queue
[2023-07-09T16:49:53.577+0000] {logging_mixin.py:137} INFO - [2023-07-09T16:49:53.577+0000] {dagbag.py:538} INFO - Filling up the DagBag from /home/ubuntu/venv/lib/python3.10/site-packages/airflow/example_dags/example_branch_operator.py
[2023-07-09T16:49:53.605+0000] {processor.py:753} INFO - DAG(s) dict_keys(['example_branch_operator']) retrieved from /home/ubuntu/venv/lib/python3.10/site-packages/airflow/example_dags/example_branch_operator.py
[2023-07-09T16:49:53.685+0000] {logging_mixin.py:137} INFO - [2023-07-09T16:49:53.685+0000] {dag.py:2676} INFO - Sync 1 DAGs
[2023-07-09T16:49:53.726+0000] {logging_mixin.py:137} INFO - [2023-07-09T16:49:53.726+0000] {dag.py:3423} INFO - Setting next_dagrun for example_branch_operator to 2023-07-08T00:00:00+00:00, run_after=2023-07-09T00:00:00+00:00
[2023-07-09T16:49:53.751+0000] {processor.py:175} INFO - Processing /home/ubuntu/venv/lib/python3.10/site-packages/airflow/example_dags/example_branch_operator.py took 0.179 seconds
[2023-07-09T16:50:24.389+0000] {processor.py:153} INFO - Started process (PID=5118) to work on /home/ubuntu/venv/lib/python3.10/site-packages/airflow/example_dags/example_branch_operator.py
[2023-07-09T16:50:24.390+0000] {processor.py:743} INFO - Processing file /home/ubuntu/venv/lib/python3.10/site-packages/airflow/example_dags/example_branch_operator.py for tasks to queue
[2023-07-09T16:50:24.391+0000] {logging_mixin.py:137} INFO - [2023-07-09T16:50:24.391+0000] {dagbag.py:538} INFO - Filling up the DagBag from /home/ubuntu/venv/lib/python3.10/site-packages/airflow/example_dags/example_branch_operator.py
[2023-07-09T16:50:24.416+0000] {processor.py:753} INFO - DAG(s) dict_keys(['example_branch_operator']) retrieved from /home/ubuntu/venv/lib/python3.10/site-packages/airflow/example_dags/example_branch_operator.py
[2023-07-09T16:50:24.482+0000] {logging_mixin.py:137} INFO - [2023-07-09T16:50:24.481+0000] {dag.py:2676} INFO - Sync 1 DAGs
[2023-07-09T16:50:24.514+0000] {logging_mixin.py:137} INFO - [2023-07-09T16:50:24.514+0000] {dag.py:3423} INFO - Setting next_dagrun for example_branch_operator to 2023-07-08T00:00:00+00:00, run_after=2023-07-09T00:00:00+00:00
[2023-07-09T16:50:24.535+0000] {processor.py:175} INFO - Processing /home/ubuntu/venv/lib/python3.10/site-packages/airflow/example_dags/example_branch_operator.py took 0.151 seconds
[2023-07-09T16:54:56.797+0000] {processor.py:153} INFO - Started process (PID=5892) to work on /home/ubuntu/venv/lib/python3.10/site-packages/airflow/example_dags/example_branch_operator.py
[2023-07-09T16:54:56.798+0000] {processor.py:743} INFO - Processing file /home/ubuntu/venv/lib/python3.10/site-packages/airflow/example_dags/example_branch_operator.py for tasks to queue
[2023-07-09T16:54:56.799+0000] {logging_mixin.py:137} INFO - [2023-07-09T16:54:56.799+0000] {dagbag.py:538} INFO - Filling up the DagBag from /home/ubuntu/venv/lib/python3.10/site-packages/airflow/example_dags/example_branch_operator.py
[2023-07-09T16:54:56.835+0000] {processor.py:753} INFO - DAG(s) dict_keys(['example_branch_operator']) retrieved from /home/ubuntu/venv/lib/python3.10/site-packages/airflow/example_dags/example_branch_operator.py
[2023-07-09T16:54:56.910+0000] {logging_mixin.py:137} INFO - [2023-07-09T16:54:56.910+0000] {dag.py:2676} INFO - Sync 1 DAGs
[2023-07-09T16:54:56.948+0000] {logging_mixin.py:137} INFO - [2023-07-09T16:54:56.947+0000] {dag.py:3423} INFO - Setting next_dagrun for example_branch_operator to 2023-07-08T00:00:00+00:00, run_after=2023-07-09T00:00:00+00:00
[2023-07-09T16:54:56.972+0000] {processor.py:175} INFO - Processing /home/ubuntu/venv/lib/python3.10/site-packages/airflow/example_dags/example_branch_operator.py took 0.180 seconds
[2023-07-09T16:55:27.883+0000] {processor.py:153} INFO - Started process (PID=6151) to work on /home/ubuntu/venv/lib/python3.10/site-packages/airflow/example_dags/example_branch_operator.py
[2023-07-09T16:55:27.885+0000] {processor.py:743} INFO - Processing file /home/ubuntu/venv/lib/python3.10/site-packages/airflow/example_dags/example_branch_operator.py for tasks to queue
[2023-07-09T16:55:27.886+0000] {logging_mixin.py:137} INFO - [2023-07-09T16:55:27.886+0000] {dagbag.py:538} INFO - Filling up the DagBag from /home/ubuntu/venv/lib/python3.10/site-packages/airflow/example_dags/example_branch_operator.py
[2023-07-09T16:55:27.913+0000] {processor.py:753} INFO - DAG(s) dict_keys(['example_branch_operator']) retrieved from /home/ubuntu/venv/lib/python3.10/site-packages/airflow/example_dags/example_branch_operator.py
[2023-07-09T16:55:27.980+0000] {logging_mixin.py:137} INFO - [2023-07-09T16:55:27.980+0000] {dag.py:2676} INFO - Sync 1 DAGs
[2023-07-09T16:55:28.015+0000] {logging_mixin.py:137} INFO - [2023-07-09T16:55:28.015+0000] {dag.py:3423} INFO - Setting next_dagrun for example_branch_operator to 2023-07-08T00:00:00+00:00, run_after=2023-07-09T00:00:00+00:00
[2023-07-09T16:55:28.039+0000] {processor.py:175} INFO - Processing /home/ubuntu/venv/lib/python3.10/site-packages/airflow/example_dags/example_branch_operator.py took 0.161 seconds
[2023-07-09T16:55:58.173+0000] {processor.py:153} INFO - Started process (PID=6387) to work on /home/ubuntu/venv/lib/python3.10/site-packages/airflow/example_dags/example_branch_operator.py
[2023-07-09T16:55:58.175+0000] {processor.py:743} INFO - Processing file /home/ubuntu/venv/lib/python3.10/site-packages/airflow/example_dags/example_branch_operator.py for tasks to queue
[2023-07-09T16:55:58.175+0000] {logging_mixin.py:137} INFO - [2023-07-09T16:55:58.175+0000] {dagbag.py:538} INFO - Filling up the DagBag from /home/ubuntu/venv/lib/python3.10/site-packages/airflow/example_dags/example_branch_operator.py
[2023-07-09T16:55:58.204+0000] {processor.py:753} INFO - DAG(s) dict_keys(['example_branch_operator']) retrieved from /home/ubuntu/venv/lib/python3.10/site-packages/airflow/example_dags/example_branch_operator.py
[2023-07-09T16:55:58.294+0000] {logging_mixin.py:137} INFO - [2023-07-09T16:55:58.294+0000] {dag.py:2676} INFO - Sync 1 DAGs
[2023-07-09T16:55:58.330+0000] {logging_mixin.py:137} INFO - [2023-07-09T16:55:58.330+0000] {dag.py:3423} INFO - Setting next_dagrun for example_branch_operator to 2023-07-08T00:00:00+00:00, run_after=2023-07-09T00:00:00+00:00
[2023-07-09T16:55:58.364+0000] {processor.py:175} INFO - Processing /home/ubuntu/venv/lib/python3.10/site-packages/airflow/example_dags/example_branch_operator.py took 0.196 seconds
[2023-07-09T16:56:28.914+0000] {processor.py:153} INFO - Started process (PID=6622) to work on /home/ubuntu/venv/lib/python3.10/site-packages/airflow/example_dags/example_branch_operator.py
[2023-07-09T16:56:28.916+0000] {processor.py:743} INFO - Processing file /home/ubuntu/venv/lib/python3.10/site-packages/airflow/example_dags/example_branch_operator.py for tasks to queue
[2023-07-09T16:56:28.917+0000] {logging_mixin.py:137} INFO - [2023-07-09T16:56:28.917+0000] {dagbag.py:538} INFO - Filling up the DagBag from /home/ubuntu/venv/lib/python3.10/site-packages/airflow/example_dags/example_branch_operator.py
[2023-07-09T16:56:28.947+0000] {processor.py:753} INFO - DAG(s) dict_keys(['example_branch_operator']) retrieved from /home/ubuntu/venv/lib/python3.10/site-packages/airflow/example_dags/example_branch_operator.py
[2023-07-09T16:56:29.019+0000] {logging_mixin.py:137} INFO - [2023-07-09T16:56:29.019+0000] {dag.py:2676} INFO - Sync 1 DAGs
[2023-07-09T16:56:29.052+0000] {logging_mixin.py:137} INFO - [2023-07-09T16:56:29.051+0000] {dag.py:3423} INFO - Setting next_dagrun for example_branch_operator to 2023-07-08T00:00:00+00:00, run_after=2023-07-09T00:00:00+00:00
[2023-07-09T16:56:29.090+0000] {processor.py:175} INFO - Processing /home/ubuntu/venv/lib/python3.10/site-packages/airflow/example_dags/example_branch_operator.py took 0.188 seconds
[2023-07-09T16:56:59.706+0000] {processor.py:153} INFO - Started process (PID=6879) to work on /home/ubuntu/venv/lib/python3.10/site-packages/airflow/example_dags/example_branch_operator.py
[2023-07-09T16:56:59.707+0000] {processor.py:743} INFO - Processing file /home/ubuntu/venv/lib/python3.10/site-packages/airflow/example_dags/example_branch_operator.py for tasks to queue
[2023-07-09T16:56:59.707+0000] {logging_mixin.py:137} INFO - [2023-07-09T16:56:59.707+0000] {dagbag.py:538} INFO - Filling up the DagBag from /home/ubuntu/venv/lib/python3.10/site-packages/airflow/example_dags/example_branch_operator.py
[2023-07-09T16:56:59.733+0000] {processor.py:753} INFO - DAG(s) dict_keys(['example_branch_operator']) retrieved from /home/ubuntu/venv/lib/python3.10/site-packages/airflow/example_dags/example_branch_operator.py
[2023-07-09T16:56:59.814+0000] {logging_mixin.py:137} INFO - [2023-07-09T16:56:59.813+0000] {dag.py:2676} INFO - Sync 1 DAGs
[2023-07-09T16:56:59.855+0000] {logging_mixin.py:137} INFO - [2023-07-09T16:56:59.855+0000] {dag.py:3423} INFO - Setting next_dagrun for example_branch_operator to 2023-07-08T00:00:00+00:00, run_after=2023-07-09T00:00:00+00:00
[2023-07-09T16:56:59.882+0000] {processor.py:175} INFO - Processing /home/ubuntu/venv/lib/python3.10/site-packages/airflow/example_dags/example_branch_operator.py took 0.181 seconds
[2023-07-09T16:57:30.100+0000] {processor.py:153} INFO - Started process (PID=7114) to work on /home/ubuntu/venv/lib/python3.10/site-packages/airflow/example_dags/example_branch_operator.py
[2023-07-09T16:57:30.101+0000] {processor.py:743} INFO - Processing file /home/ubuntu/venv/lib/python3.10/site-packages/airflow/example_dags/example_branch_operator.py for tasks to queue
[2023-07-09T16:57:30.102+0000] {logging_mixin.py:137} INFO - [2023-07-09T16:57:30.102+0000] {dagbag.py:538} INFO - Filling up the DagBag from /home/ubuntu/venv/lib/python3.10/site-packages/airflow/example_dags/example_branch_operator.py
[2023-07-09T16:57:30.128+0000] {processor.py:753} INFO - DAG(s) dict_keys(['example_branch_operator']) retrieved from /home/ubuntu/venv/lib/python3.10/site-packages/airflow/example_dags/example_branch_operator.py
[2023-07-09T16:57:30.197+0000] {logging_mixin.py:137} INFO - [2023-07-09T16:57:30.197+0000] {dag.py:2676} INFO - Sync 1 DAGs
[2023-07-09T16:57:30.237+0000] {logging_mixin.py:137} INFO - [2023-07-09T16:57:30.236+0000] {dag.py:3423} INFO - Setting next_dagrun for example_branch_operator to 2023-07-08T00:00:00+00:00, run_after=2023-07-09T00:00:00+00:00
[2023-07-09T16:57:30.260+0000] {processor.py:175} INFO - Processing /home/ubuntu/venv/lib/python3.10/site-packages/airflow/example_dags/example_branch_operator.py took 0.164 seconds
[2023-07-09T16:58:00.966+0000] {processor.py:153} INFO - Started process (PID=7350) to work on /home/ubuntu/venv/lib/python3.10/site-packages/airflow/example_dags/example_branch_operator.py
[2023-07-09T16:58:00.969+0000] {processor.py:743} INFO - Processing file /home/ubuntu/venv/lib/python3.10/site-packages/airflow/example_dags/example_branch_operator.py for tasks to queue
[2023-07-09T16:58:00.969+0000] {logging_mixin.py:137} INFO - [2023-07-09T16:58:00.969+0000] {dagbag.py:538} INFO - Filling up the DagBag from /home/ubuntu/venv/lib/python3.10/site-packages/airflow/example_dags/example_branch_operator.py
[2023-07-09T16:58:01.001+0000] {processor.py:753} INFO - DAG(s) dict_keys(['example_branch_operator']) retrieved from /home/ubuntu/venv/lib/python3.10/site-packages/airflow/example_dags/example_branch_operator.py
[2023-07-09T16:58:01.073+0000] {logging_mixin.py:137} INFO - [2023-07-09T16:58:01.073+0000] {dag.py:2676} INFO - Sync 1 DAGs
[2023-07-09T16:58:01.142+0000] {logging_mixin.py:137} INFO - [2023-07-09T16:58:01.142+0000] {dag.py:3423} INFO - Setting next_dagrun for example_branch_operator to 2023-07-08T00:00:00+00:00, run_after=2023-07-09T00:00:00+00:00
[2023-07-09T16:58:01.172+0000] {processor.py:175} INFO - Processing /home/ubuntu/venv/lib/python3.10/site-packages/airflow/example_dags/example_branch_operator.py took 0.211 seconds
[2023-07-09T16:58:32.239+0000] {processor.py:153} INFO - Started process (PID=7588) to work on /home/ubuntu/venv/lib/python3.10/site-packages/airflow/example_dags/example_branch_operator.py
[2023-07-09T16:58:32.240+0000] {processor.py:743} INFO - Processing file /home/ubuntu/venv/lib/python3.10/site-packages/airflow/example_dags/example_branch_operator.py for tasks to queue
[2023-07-09T16:58:32.241+0000] {logging_mixin.py:137} INFO - [2023-07-09T16:58:32.241+0000] {dagbag.py:538} INFO - Filling up the DagBag from /home/ubuntu/venv/lib/python3.10/site-packages/airflow/example_dags/example_branch_operator.py
[2023-07-09T16:58:32.270+0000] {processor.py:753} INFO - DAG(s) dict_keys(['example_branch_operator']) retrieved from /home/ubuntu/venv/lib/python3.10/site-packages/airflow/example_dags/example_branch_operator.py
[2023-07-09T16:58:32.337+0000] {logging_mixin.py:137} INFO - [2023-07-09T16:58:32.337+0000] {dag.py:2676} INFO - Sync 1 DAGs
[2023-07-09T16:58:32.362+0000] {logging_mixin.py:137} INFO - [2023-07-09T16:58:32.362+0000] {dag.py:3423} INFO - Setting next_dagrun for example_branch_operator to 2023-07-08T00:00:00+00:00, run_after=2023-07-09T00:00:00+00:00
[2023-07-09T16:58:32.400+0000] {processor.py:175} INFO - Processing /home/ubuntu/venv/lib/python3.10/site-packages/airflow/example_dags/example_branch_operator.py took 0.166 seconds
[2023-07-09T16:59:05.498+0000] {processor.py:153} INFO - Started process (PID=7823) to work on /home/ubuntu/venv/lib/python3.10/site-packages/airflow/example_dags/example_branch_operator.py
[2023-07-09T16:59:05.499+0000] {processor.py:743} INFO - Processing file /home/ubuntu/venv/lib/python3.10/site-packages/airflow/example_dags/example_branch_operator.py for tasks to queue
[2023-07-09T16:59:05.500+0000] {logging_mixin.py:137} INFO - [2023-07-09T16:59:05.500+0000] {dagbag.py:538} INFO - Filling up the DagBag from /home/ubuntu/venv/lib/python3.10/site-packages/airflow/example_dags/example_branch_operator.py
[2023-07-09T16:59:05.523+0000] {processor.py:753} INFO - DAG(s) dict_keys(['example_branch_operator']) retrieved from /home/ubuntu/venv/lib/python3.10/site-packages/airflow/example_dags/example_branch_operator.py
[2023-07-09T16:59:05.587+0000] {logging_mixin.py:137} INFO - [2023-07-09T16:59:05.586+0000] {dag.py:2676} INFO - Sync 1 DAGs
[2023-07-09T16:59:05.621+0000] {logging_mixin.py:137} INFO - [2023-07-09T16:59:05.621+0000] {dag.py:3423} INFO - Setting next_dagrun for example_branch_operator to 2023-07-08T00:00:00+00:00, run_after=2023-07-09T00:00:00+00:00
[2023-07-09T16:59:05.831+0000] {processor.py:175} INFO - Processing /home/ubuntu/venv/lib/python3.10/site-packages/airflow/example_dags/example_branch_operator.py took 0.338 seconds
[2023-07-09T16:59:36.285+0000] {processor.py:153} INFO - Started process (PID=8060) to work on /home/ubuntu/venv/lib/python3.10/site-packages/airflow/example_dags/example_branch_operator.py
[2023-07-09T16:59:36.287+0000] {processor.py:743} INFO - Processing file /home/ubuntu/venv/lib/python3.10/site-packages/airflow/example_dags/example_branch_operator.py for tasks to queue
[2023-07-09T16:59:36.289+0000] {logging_mixin.py:137} INFO - [2023-07-09T16:59:36.288+0000] {dagbag.py:538} INFO - Filling up the DagBag from /home/ubuntu/venv/lib/python3.10/site-packages/airflow/example_dags/example_branch_operator.py
[2023-07-09T16:59:36.329+0000] {processor.py:753} INFO - DAG(s) dict_keys(['example_branch_operator']) retrieved from /home/ubuntu/venv/lib/python3.10/site-packages/airflow/example_dags/example_branch_operator.py
[2023-07-09T16:59:36.401+0000] {logging_mixin.py:137} INFO - [2023-07-09T16:59:36.401+0000] {dag.py:2676} INFO - Sync 1 DAGs
[2023-07-09T16:59:36.677+0000] {logging_mixin.py:137} INFO - [2023-07-09T16:59:36.677+0000] {dag.py:3423} INFO - Setting next_dagrun for example_branch_operator to 2023-07-08T00:00:00+00:00, run_after=2023-07-09T00:00:00+00:00
[2023-07-09T16:59:36.703+0000] {processor.py:175} INFO - Processing /home/ubuntu/venv/lib/python3.10/site-packages/airflow/example_dags/example_branch_operator.py took 0.427 seconds
[2023-07-09T17:00:33.093+0000] {processor.py:153} INFO - Started process (PID=8724) to work on /home/ubuntu/venv/lib/python3.10/site-packages/airflow/example_dags/example_branch_operator.py
[2023-07-09T17:00:33.095+0000] {processor.py:743} INFO - Processing file /home/ubuntu/venv/lib/python3.10/site-packages/airflow/example_dags/example_branch_operator.py for tasks to queue
[2023-07-09T17:00:33.096+0000] {logging_mixin.py:137} INFO - [2023-07-09T17:00:33.096+0000] {dagbag.py:538} INFO - Filling up the DagBag from /home/ubuntu/venv/lib/python3.10/site-packages/airflow/example_dags/example_branch_operator.py
[2023-07-09T17:00:33.124+0000] {processor.py:753} INFO - DAG(s) dict_keys(['example_branch_operator']) retrieved from /home/ubuntu/venv/lib/python3.10/site-packages/airflow/example_dags/example_branch_operator.py
[2023-07-09T17:00:33.208+0000] {logging_mixin.py:137} INFO - [2023-07-09T17:00:33.208+0000] {dag.py:2676} INFO - Sync 1 DAGs
[2023-07-09T17:00:33.260+0000] {logging_mixin.py:137} INFO - [2023-07-09T17:00:33.260+0000] {dag.py:3423} INFO - Setting next_dagrun for example_branch_operator to 2023-07-08T00:00:00+00:00, run_after=2023-07-09T00:00:00+00:00
[2023-07-09T17:00:33.286+0000] {processor.py:175} INFO - Processing /home/ubuntu/venv/lib/python3.10/site-packages/airflow/example_dags/example_branch_operator.py took 0.197 seconds
[2023-07-09T17:01:04.588+0000] {processor.py:153} INFO - Started process (PID=8982) to work on /home/ubuntu/venv/lib/python3.10/site-packages/airflow/example_dags/example_branch_operator.py
[2023-07-09T17:01:04.589+0000] {processor.py:743} INFO - Processing file /home/ubuntu/venv/lib/python3.10/site-packages/airflow/example_dags/example_branch_operator.py for tasks to queue
[2023-07-09T17:01:04.590+0000] {logging_mixin.py:137} INFO - [2023-07-09T17:01:04.590+0000] {dagbag.py:538} INFO - Filling up the DagBag from /home/ubuntu/venv/lib/python3.10/site-packages/airflow/example_dags/example_branch_operator.py
[2023-07-09T17:01:04.616+0000] {processor.py:753} INFO - DAG(s) dict_keys(['example_branch_operator']) retrieved from /home/ubuntu/venv/lib/python3.10/site-packages/airflow/example_dags/example_branch_operator.py
[2023-07-09T17:01:04.690+0000] {logging_mixin.py:137} INFO - [2023-07-09T17:01:04.689+0000] {dag.py:2676} INFO - Sync 1 DAGs
[2023-07-09T17:01:04.730+0000] {logging_mixin.py:137} INFO - [2023-07-09T17:01:04.730+0000] {dag.py:3423} INFO - Setting next_dagrun for example_branch_operator to 2023-07-08T00:00:00+00:00, run_after=2023-07-09T00:00:00+00:00
[2023-07-09T17:01:04.755+0000] {processor.py:175} INFO - Processing /home/ubuntu/venv/lib/python3.10/site-packages/airflow/example_dags/example_branch_operator.py took 0.172 seconds
[2023-07-09T17:01:35.325+0000] {processor.py:153} INFO - Started process (PID=9216) to work on /home/ubuntu/venv/lib/python3.10/site-packages/airflow/example_dags/example_branch_operator.py
[2023-07-09T17:01:35.326+0000] {processor.py:743} INFO - Processing file /home/ubuntu/venv/lib/python3.10/site-packages/airflow/example_dags/example_branch_operator.py for tasks to queue
[2023-07-09T17:01:35.327+0000] {logging_mixin.py:137} INFO - [2023-07-09T17:01:35.327+0000] {dagbag.py:538} INFO - Filling up the DagBag from /home/ubuntu/venv/lib/python3.10/site-packages/airflow/example_dags/example_branch_operator.py
[2023-07-09T17:01:35.352+0000] {processor.py:753} INFO - DAG(s) dict_keys(['example_branch_operator']) retrieved from /home/ubuntu/venv/lib/python3.10/site-packages/airflow/example_dags/example_branch_operator.py
[2023-07-09T17:01:35.417+0000] {logging_mixin.py:137} INFO - [2023-07-09T17:01:35.417+0000] {dag.py:2676} INFO - Sync 1 DAGs
[2023-07-09T17:01:35.449+0000] {logging_mixin.py:137} INFO - [2023-07-09T17:01:35.449+0000] {dag.py:3423} INFO - Setting next_dagrun for example_branch_operator to 2023-07-08T00:00:00+00:00, run_after=2023-07-09T00:00:00+00:00
[2023-07-09T17:01:35.471+0000] {processor.py:175} INFO - Processing /home/ubuntu/venv/lib/python3.10/site-packages/airflow/example_dags/example_branch_operator.py took 0.153 seconds
[2023-07-09T17:02:06.476+0000] {processor.py:153} INFO - Started process (PID=9474) to work on /home/ubuntu/venv/lib/python3.10/site-packages/airflow/example_dags/example_branch_operator.py
[2023-07-09T17:02:06.478+0000] {processor.py:743} INFO - Processing file /home/ubuntu/venv/lib/python3.10/site-packages/airflow/example_dags/example_branch_operator.py for tasks to queue
[2023-07-09T17:02:06.479+0000] {logging_mixin.py:137} INFO - [2023-07-09T17:02:06.478+0000] {dagbag.py:538} INFO - Filling up the DagBag from /home/ubuntu/venv/lib/python3.10/site-packages/airflow/example_dags/example_branch_operator.py
[2023-07-09T17:02:06.503+0000] {processor.py:753} INFO - DAG(s) dict_keys(['example_branch_operator']) retrieved from /home/ubuntu/venv/lib/python3.10/site-packages/airflow/example_dags/example_branch_operator.py
[2023-07-09T17:02:06.572+0000] {logging_mixin.py:137} INFO - [2023-07-09T17:02:06.572+0000] {dag.py:2676} INFO - Sync 1 DAGs
[2023-07-09T17:02:06.609+0000] {logging_mixin.py:137} INFO - [2023-07-09T17:02:06.609+0000] {dag.py:3423} INFO - Setting next_dagrun for example_branch_operator to 2023-07-08T00:00:00+00:00, run_after=2023-07-09T00:00:00+00:00
[2023-07-09T17:02:06.638+0000] {processor.py:175} INFO - Processing /home/ubuntu/venv/lib/python3.10/site-packages/airflow/example_dags/example_branch_operator.py took 0.168 seconds
[2023-07-09T17:02:37.373+0000] {processor.py:153} INFO - Started process (PID=9709) to work on /home/ubuntu/venv/lib/python3.10/site-packages/airflow/example_dags/example_branch_operator.py
[2023-07-09T17:02:37.376+0000] {processor.py:743} INFO - Processing file /home/ubuntu/venv/lib/python3.10/site-packages/airflow/example_dags/example_branch_operator.py for tasks to queue
[2023-07-09T17:02:37.388+0000] {logging_mixin.py:137} INFO - [2023-07-09T17:02:37.387+0000] {dagbag.py:538} INFO - Filling up the DagBag from /home/ubuntu/venv/lib/python3.10/site-packages/airflow/example_dags/example_branch_operator.py
[2023-07-09T17:02:37.427+0000] {processor.py:753} INFO - DAG(s) dict_keys(['example_branch_operator']) retrieved from /home/ubuntu/venv/lib/python3.10/site-packages/airflow/example_dags/example_branch_operator.py
[2023-07-09T17:02:37.510+0000] {logging_mixin.py:137} INFO - [2023-07-09T17:02:37.510+0000] {dag.py:2676} INFO - Sync 1 DAGs
[2023-07-09T17:02:37.551+0000] {logging_mixin.py:137} INFO - [2023-07-09T17:02:37.551+0000] {dag.py:3423} INFO - Setting next_dagrun for example_branch_operator to 2023-07-08T00:00:00+00:00, run_after=2023-07-09T00:00:00+00:00
[2023-07-09T17:02:37.574+0000] {processor.py:175} INFO - Processing /home/ubuntu/venv/lib/python3.10/site-packages/airflow/example_dags/example_branch_operator.py took 0.214 seconds
[2023-07-09T17:03:08.272+0000] {processor.py:153} INFO - Started process (PID=9947) to work on /home/ubuntu/venv/lib/python3.10/site-packages/airflow/example_dags/example_branch_operator.py
[2023-07-09T17:03:08.273+0000] {processor.py:743} INFO - Processing file /home/ubuntu/venv/lib/python3.10/site-packages/airflow/example_dags/example_branch_operator.py for tasks to queue
[2023-07-09T17:03:08.274+0000] {logging_mixin.py:137} INFO - [2023-07-09T17:03:08.274+0000] {dagbag.py:538} INFO - Filling up the DagBag from /home/ubuntu/venv/lib/python3.10/site-packages/airflow/example_dags/example_branch_operator.py
[2023-07-09T17:03:08.305+0000] {processor.py:753} INFO - DAG(s) dict_keys(['example_branch_operator']) retrieved from /home/ubuntu/venv/lib/python3.10/site-packages/airflow/example_dags/example_branch_operator.py
[2023-07-09T17:03:08.405+0000] {logging_mixin.py:137} INFO - [2023-07-09T17:03:08.405+0000] {dag.py:2676} INFO - Sync 1 DAGs
[2023-07-09T17:03:08.440+0000] {logging_mixin.py:137} INFO - [2023-07-09T17:03:08.440+0000] {dag.py:3423} INFO - Setting next_dagrun for example_branch_operator to 2023-07-08T00:00:00+00:00, run_after=2023-07-09T00:00:00+00:00
[2023-07-09T17:03:08.464+0000] {processor.py:175} INFO - Processing /home/ubuntu/venv/lib/python3.10/site-packages/airflow/example_dags/example_branch_operator.py took 0.199 seconds
[2023-07-09T17:03:39.101+0000] {processor.py:153} INFO - Started process (PID=10179) to work on /home/ubuntu/venv/lib/python3.10/site-packages/airflow/example_dags/example_branch_operator.py
[2023-07-09T17:03:39.103+0000] {processor.py:743} INFO - Processing file /home/ubuntu/venv/lib/python3.10/site-packages/airflow/example_dags/example_branch_operator.py for tasks to queue
[2023-07-09T17:03:39.103+0000] {logging_mixin.py:137} INFO - [2023-07-09T17:03:39.103+0000] {dagbag.py:538} INFO - Filling up the DagBag from /home/ubuntu/venv/lib/python3.10/site-packages/airflow/example_dags/example_branch_operator.py
[2023-07-09T17:03:39.134+0000] {processor.py:753} INFO - DAG(s) dict_keys(['example_branch_operator']) retrieved from /home/ubuntu/venv/lib/python3.10/site-packages/airflow/example_dags/example_branch_operator.py
[2023-07-09T17:03:39.216+0000] {logging_mixin.py:137} INFO - [2023-07-09T17:03:39.216+0000] {dag.py:2676} INFO - Sync 1 DAGs
[2023-07-09T17:03:39.250+0000] {logging_mixin.py:137} INFO - [2023-07-09T17:03:39.250+0000] {dag.py:3423} INFO - Setting next_dagrun for example_branch_operator to 2023-07-08T00:00:00+00:00, run_after=2023-07-09T00:00:00+00:00
[2023-07-09T17:03:39.275+0000] {processor.py:175} INFO - Processing /home/ubuntu/venv/lib/python3.10/site-packages/airflow/example_dags/example_branch_operator.py took 0.179 seconds
[2023-07-09T17:04:10.139+0000] {processor.py:153} INFO - Started process (PID=10416) to work on /home/ubuntu/venv/lib/python3.10/site-packages/airflow/example_dags/example_branch_operator.py
[2023-07-09T17:04:10.140+0000] {processor.py:743} INFO - Processing file /home/ubuntu/venv/lib/python3.10/site-packages/airflow/example_dags/example_branch_operator.py for tasks to queue
[2023-07-09T17:04:10.141+0000] {logging_mixin.py:137} INFO - [2023-07-09T17:04:10.141+0000] {dagbag.py:538} INFO - Filling up the DagBag from /home/ubuntu/venv/lib/python3.10/site-packages/airflow/example_dags/example_branch_operator.py
[2023-07-09T17:04:10.183+0000] {processor.py:753} INFO - DAG(s) dict_keys(['example_branch_operator']) retrieved from /home/ubuntu/venv/lib/python3.10/site-packages/airflow/example_dags/example_branch_operator.py
[2023-07-09T17:04:10.272+0000] {logging_mixin.py:137} INFO - [2023-07-09T17:04:10.272+0000] {dag.py:2676} INFO - Sync 1 DAGs
[2023-07-09T17:04:10.307+0000] {logging_mixin.py:137} INFO - [2023-07-09T17:04:10.306+0000] {dag.py:3423} INFO - Setting next_dagrun for example_branch_operator to 2023-07-08T00:00:00+00:00, run_after=2023-07-09T00:00:00+00:00
[2023-07-09T17:04:10.330+0000] {processor.py:175} INFO - Processing /home/ubuntu/venv/lib/python3.10/site-packages/airflow/example_dags/example_branch_operator.py took 0.203 seconds
[2023-07-09T17:04:42.508+0000] {processor.py:153} INFO - Started process (PID=10650) to work on /home/ubuntu/venv/lib/python3.10/site-packages/airflow/example_dags/example_branch_operator.py
[2023-07-09T17:04:42.509+0000] {processor.py:743} INFO - Processing file /home/ubuntu/venv/lib/python3.10/site-packages/airflow/example_dags/example_branch_operator.py for tasks to queue
[2023-07-09T17:04:42.510+0000] {logging_mixin.py:137} INFO - [2023-07-09T17:04:42.510+0000] {dagbag.py:538} INFO - Filling up the DagBag from /home/ubuntu/venv/lib/python3.10/site-packages/airflow/example_dags/example_branch_operator.py
[2023-07-09T17:04:42.536+0000] {processor.py:753} INFO - DAG(s) dict_keys(['example_branch_operator']) retrieved from /home/ubuntu/venv/lib/python3.10/site-packages/airflow/example_dags/example_branch_operator.py
[2023-07-09T17:04:42.609+0000] {logging_mixin.py:137} INFO - [2023-07-09T17:04:42.608+0000] {dag.py:2676} INFO - Sync 1 DAGs
[2023-07-09T17:04:42.645+0000] {logging_mixin.py:137} INFO - [2023-07-09T17:04:42.644+0000] {dag.py:3423} INFO - Setting next_dagrun for example_branch_operator to 2023-07-08T00:00:00+00:00, run_after=2023-07-09T00:00:00+00:00
[2023-07-09T17:04:42.907+0000] {processor.py:175} INFO - Processing /home/ubuntu/venv/lib/python3.10/site-packages/airflow/example_dags/example_branch_operator.py took 0.404 seconds
[2023-07-09T17:06:05.326+0000] {processor.py:153} INFO - Started process (PID=11224) to work on /home/ubuntu/venv/lib/python3.10/site-packages/airflow/example_dags/example_branch_operator.py
[2023-07-09T17:06:05.328+0000] {processor.py:743} INFO - Processing file /home/ubuntu/venv/lib/python3.10/site-packages/airflow/example_dags/example_branch_operator.py for tasks to queue
[2023-07-09T17:06:05.329+0000] {logging_mixin.py:137} INFO - [2023-07-09T17:06:05.328+0000] {dagbag.py:538} INFO - Filling up the DagBag from /home/ubuntu/venv/lib/python3.10/site-packages/airflow/example_dags/example_branch_operator.py
[2023-07-09T17:06:05.354+0000] {processor.py:753} INFO - DAG(s) dict_keys(['example_branch_operator']) retrieved from /home/ubuntu/venv/lib/python3.10/site-packages/airflow/example_dags/example_branch_operator.py
[2023-07-09T17:06:05.430+0000] {logging_mixin.py:137} INFO - [2023-07-09T17:06:05.430+0000] {dag.py:2676} INFO - Sync 1 DAGs
[2023-07-09T17:06:05.485+0000] {logging_mixin.py:137} INFO - [2023-07-09T17:06:05.484+0000] {dag.py:3423} INFO - Setting next_dagrun for example_branch_operator to 2023-07-08T00:00:00+00:00, run_after=2023-07-09T00:00:00+00:00
[2023-07-09T17:06:05.512+0000] {processor.py:175} INFO - Processing /home/ubuntu/venv/lib/python3.10/site-packages/airflow/example_dags/example_branch_operator.py took 0.191 seconds
[2023-07-09T17:06:36.234+0000] {processor.py:153} INFO - Started process (PID=11480) to work on /home/ubuntu/venv/lib/python3.10/site-packages/airflow/example_dags/example_branch_operator.py
[2023-07-09T17:06:36.235+0000] {processor.py:743} INFO - Processing file /home/ubuntu/venv/lib/python3.10/site-packages/airflow/example_dags/example_branch_operator.py for tasks to queue
[2023-07-09T17:06:36.235+0000] {logging_mixin.py:137} INFO - [2023-07-09T17:06:36.235+0000] {dagbag.py:538} INFO - Filling up the DagBag from /home/ubuntu/venv/lib/python3.10/site-packages/airflow/example_dags/example_branch_operator.py
[2023-07-09T17:06:36.264+0000] {processor.py:753} INFO - DAG(s) dict_keys(['example_branch_operator']) retrieved from /home/ubuntu/venv/lib/python3.10/site-packages/airflow/example_dags/example_branch_operator.py
[2023-07-09T17:06:36.331+0000] {logging_mixin.py:137} INFO - [2023-07-09T17:06:36.331+0000] {dag.py:2676} INFO - Sync 1 DAGs
[2023-07-09T17:06:36.370+0000] {logging_mixin.py:137} INFO - [2023-07-09T17:06:36.370+0000] {dag.py:3423} INFO - Setting next_dagrun for example_branch_operator to 2023-07-08T00:00:00+00:00, run_after=2023-07-09T00:00:00+00:00
[2023-07-09T17:06:36.398+0000] {processor.py:175} INFO - Processing /home/ubuntu/venv/lib/python3.10/site-packages/airflow/example_dags/example_branch_operator.py took 0.170 seconds
[2023-07-09T17:07:29.513+0000] {processor.py:153} INFO - Started process (PID=11955) to work on /home/ubuntu/venv/lib/python3.10/site-packages/airflow/example_dags/example_branch_operator.py
[2023-07-09T17:07:29.515+0000] {processor.py:743} INFO - Processing file /home/ubuntu/venv/lib/python3.10/site-packages/airflow/example_dags/example_branch_operator.py for tasks to queue
[2023-07-09T17:07:29.516+0000] {logging_mixin.py:137} INFO - [2023-07-09T17:07:29.515+0000] {dagbag.py:538} INFO - Filling up the DagBag from /home/ubuntu/venv/lib/python3.10/site-packages/airflow/example_dags/example_branch_operator.py
[2023-07-09T17:07:29.547+0000] {processor.py:753} INFO - DAG(s) dict_keys(['example_branch_operator']) retrieved from /home/ubuntu/venv/lib/python3.10/site-packages/airflow/example_dags/example_branch_operator.py
[2023-07-09T17:07:29.623+0000] {logging_mixin.py:137} INFO - [2023-07-09T17:07:29.623+0000] {dag.py:2676} INFO - Sync 1 DAGs
[2023-07-09T17:07:29.728+0000] {logging_mixin.py:137} INFO - [2023-07-09T17:07:29.728+0000] {dag.py:3423} INFO - Setting next_dagrun for example_branch_operator to 2023-07-08T00:00:00+00:00, run_after=2023-07-09T00:00:00+00:00
[2023-07-09T17:07:29.766+0000] {processor.py:175} INFO - Processing /home/ubuntu/venv/lib/python3.10/site-packages/airflow/example_dags/example_branch_operator.py took 0.259 seconds
[2023-07-09T17:08:00.940+0000] {processor.py:153} INFO - Started process (PID=12210) to work on /home/ubuntu/venv/lib/python3.10/site-packages/airflow/example_dags/example_branch_operator.py
[2023-07-09T17:08:00.941+0000] {processor.py:743} INFO - Processing file /home/ubuntu/venv/lib/python3.10/site-packages/airflow/example_dags/example_branch_operator.py for tasks to queue
[2023-07-09T17:08:00.942+0000] {logging_mixin.py:137} INFO - [2023-07-09T17:08:00.942+0000] {dagbag.py:538} INFO - Filling up the DagBag from /home/ubuntu/venv/lib/python3.10/site-packages/airflow/example_dags/example_branch_operator.py
[2023-07-09T17:08:00.968+0000] {processor.py:753} INFO - DAG(s) dict_keys(['example_branch_operator']) retrieved from /home/ubuntu/venv/lib/python3.10/site-packages/airflow/example_dags/example_branch_operator.py
[2023-07-09T17:08:01.043+0000] {logging_mixin.py:137} INFO - [2023-07-09T17:08:01.043+0000] {dag.py:2676} INFO - Sync 1 DAGs
[2023-07-09T17:08:01.096+0000] {logging_mixin.py:137} INFO - [2023-07-09T17:08:01.096+0000] {dag.py:3423} INFO - Setting next_dagrun for example_branch_operator to 2023-07-08T00:00:00+00:00, run_after=2023-07-09T00:00:00+00:00
[2023-07-09T17:08:01.138+0000] {processor.py:175} INFO - Processing /home/ubuntu/venv/lib/python3.10/site-packages/airflow/example_dags/example_branch_operator.py took 0.203 seconds
[2023-07-09T17:08:31.946+0000] {processor.py:153} INFO - Started process (PID=12447) to work on /home/ubuntu/venv/lib/python3.10/site-packages/airflow/example_dags/example_branch_operator.py
[2023-07-09T17:08:31.948+0000] {processor.py:743} INFO - Processing file /home/ubuntu/venv/lib/python3.10/site-packages/airflow/example_dags/example_branch_operator.py for tasks to queue
[2023-07-09T17:08:31.948+0000] {logging_mixin.py:137} INFO - [2023-07-09T17:08:31.948+0000] {dagbag.py:538} INFO - Filling up the DagBag from /home/ubuntu/venv/lib/python3.10/site-packages/airflow/example_dags/example_branch_operator.py
[2023-07-09T17:08:31.976+0000] {processor.py:753} INFO - DAG(s) dict_keys(['example_branch_operator']) retrieved from /home/ubuntu/venv/lib/python3.10/site-packages/airflow/example_dags/example_branch_operator.py
[2023-07-09T17:08:32.051+0000] {logging_mixin.py:137} INFO - [2023-07-09T17:08:32.051+0000] {dag.py:2676} INFO - Sync 1 DAGs
[2023-07-09T17:08:32.088+0000] {logging_mixin.py:137} INFO - [2023-07-09T17:08:32.087+0000] {dag.py:3423} INFO - Setting next_dagrun for example_branch_operator to 2023-07-08T00:00:00+00:00, run_after=2023-07-09T00:00:00+00:00
[2023-07-09T17:08:32.112+0000] {processor.py:175} INFO - Processing /home/ubuntu/venv/lib/python3.10/site-packages/airflow/example_dags/example_branch_operator.py took 0.172 seconds
[2023-07-09T17:09:08.125+0000] {processor.py:153} INFO - Started process (PID=12901) to work on /home/ubuntu/venv/lib/python3.10/site-packages/airflow/example_dags/example_branch_operator.py
[2023-07-09T17:09:08.126+0000] {processor.py:743} INFO - Processing file /home/ubuntu/venv/lib/python3.10/site-packages/airflow/example_dags/example_branch_operator.py for tasks to queue
[2023-07-09T17:09:08.127+0000] {logging_mixin.py:137} INFO - [2023-07-09T17:09:08.127+0000] {dagbag.py:538} INFO - Filling up the DagBag from /home/ubuntu/venv/lib/python3.10/site-packages/airflow/example_dags/example_branch_operator.py
[2023-07-09T17:09:08.153+0000] {processor.py:753} INFO - DAG(s) dict_keys(['example_branch_operator']) retrieved from /home/ubuntu/venv/lib/python3.10/site-packages/airflow/example_dags/example_branch_operator.py
[2023-07-09T17:09:08.228+0000] {logging_mixin.py:137} INFO - [2023-07-09T17:09:08.228+0000] {dag.py:2676} INFO - Sync 1 DAGs
[2023-07-09T17:09:08.268+0000] {logging_mixin.py:137} INFO - [2023-07-09T17:09:08.268+0000] {dag.py:3423} INFO - Setting next_dagrun for example_branch_operator to 2023-07-08T00:00:00+00:00, run_after=2023-07-09T00:00:00+00:00
[2023-07-09T17:09:08.293+0000] {processor.py:175} INFO - Processing /home/ubuntu/venv/lib/python3.10/site-packages/airflow/example_dags/example_branch_operator.py took 0.173 seconds
[2023-07-09T17:09:38.727+0000] {processor.py:153} INFO - Started process (PID=13178) to work on /home/ubuntu/venv/lib/python3.10/site-packages/airflow/example_dags/example_branch_operator.py
[2023-07-09T17:09:38.728+0000] {processor.py:743} INFO - Processing file /home/ubuntu/venv/lib/python3.10/site-packages/airflow/example_dags/example_branch_operator.py for tasks to queue
[2023-07-09T17:09:38.729+0000] {logging_mixin.py:137} INFO - [2023-07-09T17:09:38.729+0000] {dagbag.py:538} INFO - Filling up the DagBag from /home/ubuntu/venv/lib/python3.10/site-packages/airflow/example_dags/example_branch_operator.py
[2023-07-09T17:09:38.753+0000] {processor.py:753} INFO - DAG(s) dict_keys(['example_branch_operator']) retrieved from /home/ubuntu/venv/lib/python3.10/site-packages/airflow/example_dags/example_branch_operator.py
[2023-07-09T17:09:38.818+0000] {logging_mixin.py:137} INFO - [2023-07-09T17:09:38.818+0000] {dag.py:2676} INFO - Sync 1 DAGs
[2023-07-09T17:09:38.852+0000] {logging_mixin.py:137} INFO - [2023-07-09T17:09:38.852+0000] {dag.py:3423} INFO - Setting next_dagrun for example_branch_operator to 2023-07-08T00:00:00+00:00, run_after=2023-07-09T00:00:00+00:00
[2023-07-09T17:09:38.874+0000] {processor.py:175} INFO - Processing /home/ubuntu/venv/lib/python3.10/site-packages/airflow/example_dags/example_branch_operator.py took 0.152 seconds
[2023-07-09T17:10:09.616+0000] {processor.py:153} INFO - Started process (PID=13414) to work on /home/ubuntu/venv/lib/python3.10/site-packages/airflow/example_dags/example_branch_operator.py
[2023-07-09T17:10:09.618+0000] {processor.py:743} INFO - Processing file /home/ubuntu/venv/lib/python3.10/site-packages/airflow/example_dags/example_branch_operator.py for tasks to queue
[2023-07-09T17:10:09.619+0000] {logging_mixin.py:137} INFO - [2023-07-09T17:10:09.618+0000] {dagbag.py:538} INFO - Filling up the DagBag from /home/ubuntu/venv/lib/python3.10/site-packages/airflow/example_dags/example_branch_operator.py
[2023-07-09T17:10:09.643+0000] {processor.py:753} INFO - DAG(s) dict_keys(['example_branch_operator']) retrieved from /home/ubuntu/venv/lib/python3.10/site-packages/airflow/example_dags/example_branch_operator.py
[2023-07-09T17:10:09.707+0000] {logging_mixin.py:137} INFO - [2023-07-09T17:10:09.707+0000] {dag.py:2676} INFO - Sync 1 DAGs
[2023-07-09T17:10:09.740+0000] {logging_mixin.py:137} INFO - [2023-07-09T17:10:09.740+0000] {dag.py:3423} INFO - Setting next_dagrun for example_branch_operator to 2023-07-08T00:00:00+00:00, run_after=2023-07-09T00:00:00+00:00
[2023-07-09T17:10:09.762+0000] {processor.py:175} INFO - Processing /home/ubuntu/venv/lib/python3.10/site-packages/airflow/example_dags/example_branch_operator.py took 0.150 seconds
