[2023-07-09T15:46:31.838+0000] {processor.py:153} INFO - Started process (PID=1240) to work on /home/ubuntu/venv/lib/python3.10/site-packages/airflow/example_dags/example_trigger_controller_dag.py
[2023-07-09T15:46:31.842+0000] {processor.py:743} INFO - Processing file /home/ubuntu/venv/lib/python3.10/site-packages/airflow/example_dags/example_trigger_controller_dag.py for tasks to queue
[2023-07-09T15:46:31.843+0000] {logging_mixin.py:137} INFO - [2023-07-09T15:46:31.843+0000] {dagbag.py:538} INFO - Filling up the DagBag from /home/ubuntu/venv/lib/python3.10/site-packages/airflow/example_dags/example_trigger_controller_dag.py
[2023-07-09T15:46:31.906+0000] {processor.py:753} INFO - DAG(s) dict_keys(['example_trigger_controller_dag']) retrieved from /home/ubuntu/venv/lib/python3.10/site-packages/airflow/example_dags/example_trigger_controller_dag.py
[2023-07-09T15:46:32.128+0000] {logging_mixin.py:137} INFO - [2023-07-09T15:46:32.127+0000] {dag.py:2676} INFO - Sync 1 DAGs
[2023-07-09T15:46:32.211+0000] {logging_mixin.py:137} INFO - [2023-07-09T15:46:32.211+0000] {dag.py:3423} INFO - Setting next_dagrun for example_trigger_controller_dag to 2021-01-01T00:00:00+00:00, run_after=2021-01-01T00:00:00+00:00
[2023-07-09T15:46:32.297+0000] {processor.py:175} INFO - Processing /home/ubuntu/venv/lib/python3.10/site-packages/airflow/example_dags/example_trigger_controller_dag.py took 0.467 seconds
[2023-07-09T15:47:03.126+0000] {processor.py:153} INFO - Started process (PID=1498) to work on /home/ubuntu/venv/lib/python3.10/site-packages/airflow/example_dags/example_trigger_controller_dag.py
[2023-07-09T15:47:03.128+0000] {processor.py:743} INFO - Processing file /home/ubuntu/venv/lib/python3.10/site-packages/airflow/example_dags/example_trigger_controller_dag.py for tasks to queue
[2023-07-09T15:47:03.129+0000] {logging_mixin.py:137} INFO - [2023-07-09T15:47:03.128+0000] {dagbag.py:538} INFO - Filling up the DagBag from /home/ubuntu/venv/lib/python3.10/site-packages/airflow/example_dags/example_trigger_controller_dag.py
[2023-07-09T15:47:03.142+0000] {processor.py:753} INFO - DAG(s) dict_keys(['example_trigger_controller_dag']) retrieved from /home/ubuntu/venv/lib/python3.10/site-packages/airflow/example_dags/example_trigger_controller_dag.py
[2023-07-09T15:47:03.216+0000] {logging_mixin.py:137} INFO - [2023-07-09T15:47:03.216+0000] {dag.py:2676} INFO - Sync 1 DAGs
[2023-07-09T15:47:03.250+0000] {logging_mixin.py:137} INFO - [2023-07-09T15:47:03.250+0000] {dag.py:3423} INFO - Setting next_dagrun for example_trigger_controller_dag to 2021-01-01T00:00:00+00:00, run_after=2021-01-01T00:00:00+00:00
[2023-07-09T15:47:03.282+0000] {processor.py:175} INFO - Processing /home/ubuntu/venv/lib/python3.10/site-packages/airflow/example_dags/example_trigger_controller_dag.py took 0.160 seconds
[2023-07-09T15:47:33.492+0000] {processor.py:153} INFO - Started process (PID=1736) to work on /home/ubuntu/venv/lib/python3.10/site-packages/airflow/example_dags/example_trigger_controller_dag.py
[2023-07-09T15:47:33.493+0000] {processor.py:743} INFO - Processing file /home/ubuntu/venv/lib/python3.10/site-packages/airflow/example_dags/example_trigger_controller_dag.py for tasks to queue
[2023-07-09T15:47:33.494+0000] {logging_mixin.py:137} INFO - [2023-07-09T15:47:33.494+0000] {dagbag.py:538} INFO - Filling up the DagBag from /home/ubuntu/venv/lib/python3.10/site-packages/airflow/example_dags/example_trigger_controller_dag.py
[2023-07-09T15:47:33.511+0000] {processor.py:753} INFO - DAG(s) dict_keys(['example_trigger_controller_dag']) retrieved from /home/ubuntu/venv/lib/python3.10/site-packages/airflow/example_dags/example_trigger_controller_dag.py
[2023-07-09T15:47:33.583+0000] {logging_mixin.py:137} INFO - [2023-07-09T15:47:33.582+0000] {dag.py:2676} INFO - Sync 1 DAGs
[2023-07-09T15:47:33.617+0000] {logging_mixin.py:137} INFO - [2023-07-09T15:47:33.616+0000] {dag.py:3423} INFO - Setting next_dagrun for example_trigger_controller_dag to 2021-01-01T00:00:00+00:00, run_after=2021-01-01T00:00:00+00:00
[2023-07-09T15:47:33.644+0000] {processor.py:175} INFO - Processing /home/ubuntu/venv/lib/python3.10/site-packages/airflow/example_dags/example_trigger_controller_dag.py took 0.157 seconds
[2023-07-09T15:49:51.238+0000] {processor.py:153} INFO - Started process (PID=2074) to work on /home/ubuntu/venv/lib/python3.10/site-packages/airflow/example_dags/example_trigger_controller_dag.py
[2023-07-09T15:49:51.239+0000] {processor.py:743} INFO - Processing file /home/ubuntu/venv/lib/python3.10/site-packages/airflow/example_dags/example_trigger_controller_dag.py for tasks to queue
[2023-07-09T15:49:51.240+0000] {logging_mixin.py:137} INFO - [2023-07-09T15:49:51.240+0000] {dagbag.py:538} INFO - Filling up the DagBag from /home/ubuntu/venv/lib/python3.10/site-packages/airflow/example_dags/example_trigger_controller_dag.py
[2023-07-09T15:49:51.261+0000] {processor.py:753} INFO - DAG(s) dict_keys(['example_trigger_controller_dag']) retrieved from /home/ubuntu/venv/lib/python3.10/site-packages/airflow/example_dags/example_trigger_controller_dag.py
[2023-07-09T15:49:51.329+0000] {logging_mixin.py:137} INFO - [2023-07-09T15:49:51.329+0000] {dag.py:2676} INFO - Sync 1 DAGs
[2023-07-09T15:49:51.365+0000] {logging_mixin.py:137} INFO - [2023-07-09T15:49:51.365+0000] {dag.py:3423} INFO - Setting next_dagrun for example_trigger_controller_dag to 2021-01-01T00:00:00+00:00, run_after=2021-01-01T00:00:00+00:00
[2023-07-09T15:49:51.396+0000] {processor.py:175} INFO - Processing /home/ubuntu/venv/lib/python3.10/site-packages/airflow/example_dags/example_trigger_controller_dag.py took 0.168 seconds
[2023-07-09T15:50:22.255+0000] {processor.py:153} INFO - Started process (PID=2312) to work on /home/ubuntu/venv/lib/python3.10/site-packages/airflow/example_dags/example_trigger_controller_dag.py
[2023-07-09T15:50:22.256+0000] {processor.py:743} INFO - Processing file /home/ubuntu/venv/lib/python3.10/site-packages/airflow/example_dags/example_trigger_controller_dag.py for tasks to queue
[2023-07-09T15:50:22.257+0000] {logging_mixin.py:137} INFO - [2023-07-09T15:50:22.257+0000] {dagbag.py:538} INFO - Filling up the DagBag from /home/ubuntu/venv/lib/python3.10/site-packages/airflow/example_dags/example_trigger_controller_dag.py
[2023-07-09T15:50:22.283+0000] {processor.py:753} INFO - DAG(s) dict_keys(['example_trigger_controller_dag']) retrieved from /home/ubuntu/venv/lib/python3.10/site-packages/airflow/example_dags/example_trigger_controller_dag.py
[2023-07-09T15:50:22.372+0000] {logging_mixin.py:137} INFO - [2023-07-09T15:50:22.372+0000] {dag.py:2676} INFO - Sync 1 DAGs
[2023-07-09T15:50:22.414+0000] {logging_mixin.py:137} INFO - [2023-07-09T15:50:22.414+0000] {dag.py:3423} INFO - Setting next_dagrun for example_trigger_controller_dag to 2021-01-01T00:00:00+00:00, run_after=2021-01-01T00:00:00+00:00
[2023-07-09T15:50:22.463+0000] {processor.py:175} INFO - Processing /home/ubuntu/venv/lib/python3.10/site-packages/airflow/example_dags/example_trigger_controller_dag.py took 0.213 seconds
[2023-07-09T16:47:14.282+0000] {processor.py:153} INFO - Started process (PID=3372) to work on /home/ubuntu/venv/lib/python3.10/site-packages/airflow/example_dags/example_trigger_controller_dag.py
[2023-07-09T16:47:14.283+0000] {processor.py:743} INFO - Processing file /home/ubuntu/venv/lib/python3.10/site-packages/airflow/example_dags/example_trigger_controller_dag.py for tasks to queue
[2023-07-09T16:47:14.284+0000] {logging_mixin.py:137} INFO - [2023-07-09T16:47:14.283+0000] {dagbag.py:538} INFO - Filling up the DagBag from /home/ubuntu/venv/lib/python3.10/site-packages/airflow/example_dags/example_trigger_controller_dag.py
[2023-07-09T16:47:14.302+0000] {processor.py:753} INFO - DAG(s) dict_keys(['example_trigger_controller_dag']) retrieved from /home/ubuntu/venv/lib/python3.10/site-packages/airflow/example_dags/example_trigger_controller_dag.py
[2023-07-09T16:47:14.387+0000] {logging_mixin.py:137} INFO - [2023-07-09T16:47:14.386+0000] {dag.py:2676} INFO - Sync 1 DAGs
[2023-07-09T16:47:14.417+0000] {logging_mixin.py:137} INFO - [2023-07-09T16:47:14.417+0000] {dag.py:3423} INFO - Setting next_dagrun for example_trigger_controller_dag to 2021-01-01T00:00:00+00:00, run_after=2021-01-01T00:00:00+00:00
[2023-07-09T16:47:14.441+0000] {processor.py:175} INFO - Processing /home/ubuntu/venv/lib/python3.10/site-packages/airflow/example_dags/example_trigger_controller_dag.py took 0.165 seconds
[2023-07-09T16:47:44.548+0000] {processor.py:153} INFO - Started process (PID=3740) to work on /home/ubuntu/venv/lib/python3.10/site-packages/airflow/example_dags/example_trigger_controller_dag.py
[2023-07-09T16:47:44.550+0000] {processor.py:743} INFO - Processing file /home/ubuntu/venv/lib/python3.10/site-packages/airflow/example_dags/example_trigger_controller_dag.py for tasks to queue
[2023-07-09T16:47:44.550+0000] {logging_mixin.py:137} INFO - [2023-07-09T16:47:44.550+0000] {dagbag.py:538} INFO - Filling up the DagBag from /home/ubuntu/venv/lib/python3.10/site-packages/airflow/example_dags/example_trigger_controller_dag.py
[2023-07-09T16:47:44.572+0000] {processor.py:753} INFO - DAG(s) dict_keys(['example_trigger_controller_dag']) retrieved from /home/ubuntu/venv/lib/python3.10/site-packages/airflow/example_dags/example_trigger_controller_dag.py
[2023-07-09T16:47:44.650+0000] {logging_mixin.py:137} INFO - [2023-07-09T16:47:44.650+0000] {dag.py:2676} INFO - Sync 1 DAGs
[2023-07-09T16:47:44.680+0000] {logging_mixin.py:137} INFO - [2023-07-09T16:47:44.680+0000] {dag.py:3423} INFO - Setting next_dagrun for example_trigger_controller_dag to 2021-01-01T00:00:00+00:00, run_after=2021-01-01T00:00:00+00:00
[2023-07-09T16:47:44.697+0000] {processor.py:175} INFO - Processing /home/ubuntu/venv/lib/python3.10/site-packages/airflow/example_dags/example_trigger_controller_dag.py took 0.153 seconds
[2023-07-09T16:48:15.386+0000] {processor.py:153} INFO - Started process (PID=3975) to work on /home/ubuntu/venv/lib/python3.10/site-packages/airflow/example_dags/example_trigger_controller_dag.py
[2023-07-09T16:48:15.391+0000] {processor.py:743} INFO - Processing file /home/ubuntu/venv/lib/python3.10/site-packages/airflow/example_dags/example_trigger_controller_dag.py for tasks to queue
[2023-07-09T16:48:15.392+0000] {logging_mixin.py:137} INFO - [2023-07-09T16:48:15.392+0000] {dagbag.py:538} INFO - Filling up the DagBag from /home/ubuntu/venv/lib/python3.10/site-packages/airflow/example_dags/example_trigger_controller_dag.py
[2023-07-09T16:48:15.412+0000] {processor.py:753} INFO - DAG(s) dict_keys(['example_trigger_controller_dag']) retrieved from /home/ubuntu/venv/lib/python3.10/site-packages/airflow/example_dags/example_trigger_controller_dag.py
[2023-07-09T16:48:15.504+0000] {logging_mixin.py:137} INFO - [2023-07-09T16:48:15.504+0000] {dag.py:2676} INFO - Sync 1 DAGs
[2023-07-09T16:48:15.541+0000] {logging_mixin.py:137} INFO - [2023-07-09T16:48:15.541+0000] {dag.py:3423} INFO - Setting next_dagrun for example_trigger_controller_dag to 2021-01-01T00:00:00+00:00, run_after=2021-01-01T00:00:00+00:00
[2023-07-09T16:48:15.565+0000] {processor.py:175} INFO - Processing /home/ubuntu/venv/lib/python3.10/site-packages/airflow/example_dags/example_trigger_controller_dag.py took 0.189 seconds
[2023-07-09T16:48:46.166+0000] {processor.py:153} INFO - Started process (PID=4211) to work on /home/ubuntu/venv/lib/python3.10/site-packages/airflow/example_dags/example_trigger_controller_dag.py
[2023-07-09T16:48:46.167+0000] {processor.py:743} INFO - Processing file /home/ubuntu/venv/lib/python3.10/site-packages/airflow/example_dags/example_trigger_controller_dag.py for tasks to queue
[2023-07-09T16:48:46.168+0000] {logging_mixin.py:137} INFO - [2023-07-09T16:48:46.168+0000] {dagbag.py:538} INFO - Filling up the DagBag from /home/ubuntu/venv/lib/python3.10/site-packages/airflow/example_dags/example_trigger_controller_dag.py
[2023-07-09T16:48:46.190+0000] {processor.py:753} INFO - DAG(s) dict_keys(['example_trigger_controller_dag']) retrieved from /home/ubuntu/venv/lib/python3.10/site-packages/airflow/example_dags/example_trigger_controller_dag.py
[2023-07-09T16:48:46.266+0000] {logging_mixin.py:137} INFO - [2023-07-09T16:48:46.266+0000] {dag.py:2676} INFO - Sync 1 DAGs
[2023-07-09T16:48:46.300+0000] {logging_mixin.py:137} INFO - [2023-07-09T16:48:46.300+0000] {dag.py:3423} INFO - Setting next_dagrun for example_trigger_controller_dag to 2021-01-01T00:00:00+00:00, run_after=2021-01-01T00:00:00+00:00
[2023-07-09T16:48:46.323+0000] {processor.py:175} INFO - Processing /home/ubuntu/venv/lib/python3.10/site-packages/airflow/example_dags/example_trigger_controller_dag.py took 0.163 seconds
[2023-07-09T16:49:17.283+0000] {processor.py:153} INFO - Started process (PID=4446) to work on /home/ubuntu/venv/lib/python3.10/site-packages/airflow/example_dags/example_trigger_controller_dag.py
[2023-07-09T16:49:17.287+0000] {processor.py:743} INFO - Processing file /home/ubuntu/venv/lib/python3.10/site-packages/airflow/example_dags/example_trigger_controller_dag.py for tasks to queue
[2023-07-09T16:49:17.288+0000] {logging_mixin.py:137} INFO - [2023-07-09T16:49:17.288+0000] {dagbag.py:538} INFO - Filling up the DagBag from /home/ubuntu/venv/lib/python3.10/site-packages/airflow/example_dags/example_trigger_controller_dag.py
[2023-07-09T16:49:17.316+0000] {processor.py:753} INFO - DAG(s) dict_keys(['example_trigger_controller_dag']) retrieved from /home/ubuntu/venv/lib/python3.10/site-packages/airflow/example_dags/example_trigger_controller_dag.py
[2023-07-09T16:49:17.394+0000] {logging_mixin.py:137} INFO - [2023-07-09T16:49:17.394+0000] {dag.py:2676} INFO - Sync 1 DAGs
[2023-07-09T16:49:17.433+0000] {logging_mixin.py:137} INFO - [2023-07-09T16:49:17.433+0000] {dag.py:3423} INFO - Setting next_dagrun for example_trigger_controller_dag to 2021-01-01T00:00:00+00:00, run_after=2021-01-01T00:00:00+00:00
[2023-07-09T16:49:17.466+0000] {processor.py:175} INFO - Processing /home/ubuntu/venv/lib/python3.10/site-packages/airflow/example_dags/example_trigger_controller_dag.py took 0.197 seconds
[2023-07-09T16:49:47.669+0000] {processor.py:153} INFO - Started process (PID=4682) to work on /home/ubuntu/venv/lib/python3.10/site-packages/airflow/example_dags/example_trigger_controller_dag.py
[2023-07-09T16:49:47.671+0000] {processor.py:743} INFO - Processing file /home/ubuntu/venv/lib/python3.10/site-packages/airflow/example_dags/example_trigger_controller_dag.py for tasks to queue
[2023-07-09T16:49:47.671+0000] {logging_mixin.py:137} INFO - [2023-07-09T16:49:47.671+0000] {dagbag.py:538} INFO - Filling up the DagBag from /home/ubuntu/venv/lib/python3.10/site-packages/airflow/example_dags/example_trigger_controller_dag.py
[2023-07-09T16:49:47.706+0000] {processor.py:753} INFO - DAG(s) dict_keys(['example_trigger_controller_dag']) retrieved from /home/ubuntu/venv/lib/python3.10/site-packages/airflow/example_dags/example_trigger_controller_dag.py
[2023-07-09T16:49:47.831+0000] {logging_mixin.py:137} INFO - [2023-07-09T16:49:47.831+0000] {dag.py:2676} INFO - Sync 1 DAGs
[2023-07-09T16:49:47.866+0000] {logging_mixin.py:137} INFO - [2023-07-09T16:49:47.865+0000] {dag.py:3423} INFO - Setting next_dagrun for example_trigger_controller_dag to 2021-01-01T00:00:00+00:00, run_after=2021-01-01T00:00:00+00:00
[2023-07-09T16:49:47.888+0000] {processor.py:175} INFO - Processing /home/ubuntu/venv/lib/python3.10/site-packages/airflow/example_dags/example_trigger_controller_dag.py took 0.226 seconds
[2023-07-09T16:50:18.310+0000] {processor.py:153} INFO - Started process (PID=4917) to work on /home/ubuntu/venv/lib/python3.10/site-packages/airflow/example_dags/example_trigger_controller_dag.py
[2023-07-09T16:50:18.312+0000] {processor.py:743} INFO - Processing file /home/ubuntu/venv/lib/python3.10/site-packages/airflow/example_dags/example_trigger_controller_dag.py for tasks to queue
[2023-07-09T16:50:18.313+0000] {logging_mixin.py:137} INFO - [2023-07-09T16:50:18.313+0000] {dagbag.py:538} INFO - Filling up the DagBag from /home/ubuntu/venv/lib/python3.10/site-packages/airflow/example_dags/example_trigger_controller_dag.py
[2023-07-09T16:50:18.335+0000] {processor.py:753} INFO - DAG(s) dict_keys(['example_trigger_controller_dag']) retrieved from /home/ubuntu/venv/lib/python3.10/site-packages/airflow/example_dags/example_trigger_controller_dag.py
[2023-07-09T16:50:18.402+0000] {logging_mixin.py:137} INFO - [2023-07-09T16:50:18.401+0000] {dag.py:2676} INFO - Sync 1 DAGs
[2023-07-09T16:50:18.468+0000] {logging_mixin.py:137} INFO - [2023-07-09T16:50:18.468+0000] {dag.py:3423} INFO - Setting next_dagrun for example_trigger_controller_dag to 2021-01-01T00:00:00+00:00, run_after=2021-01-01T00:00:00+00:00
[2023-07-09T16:50:18.522+0000] {processor.py:175} INFO - Processing /home/ubuntu/venv/lib/python3.10/site-packages/airflow/example_dags/example_trigger_controller_dag.py took 0.217 seconds
[2023-07-09T16:50:49.123+0000] {processor.py:153} INFO - Started process (PID=5153) to work on /home/ubuntu/venv/lib/python3.10/site-packages/airflow/example_dags/example_trigger_controller_dag.py
[2023-07-09T16:50:49.125+0000] {processor.py:743} INFO - Processing file /home/ubuntu/venv/lib/python3.10/site-packages/airflow/example_dags/example_trigger_controller_dag.py for tasks to queue
[2023-07-09T16:50:49.125+0000] {logging_mixin.py:137} INFO - [2023-07-09T16:50:49.125+0000] {dagbag.py:538} INFO - Filling up the DagBag from /home/ubuntu/venv/lib/python3.10/site-packages/airflow/example_dags/example_trigger_controller_dag.py
[2023-07-09T16:50:49.144+0000] {processor.py:753} INFO - DAG(s) dict_keys(['example_trigger_controller_dag']) retrieved from /home/ubuntu/venv/lib/python3.10/site-packages/airflow/example_dags/example_trigger_controller_dag.py
[2023-07-09T16:50:49.216+0000] {logging_mixin.py:137} INFO - [2023-07-09T16:50:49.216+0000] {dag.py:2676} INFO - Sync 1 DAGs
[2023-07-09T16:50:49.249+0000] {logging_mixin.py:137} INFO - [2023-07-09T16:50:49.248+0000] {dag.py:3423} INFO - Setting next_dagrun for example_trigger_controller_dag to 2021-01-01T00:00:00+00:00, run_after=2021-01-01T00:00:00+00:00
[2023-07-09T16:50:49.277+0000] {processor.py:175} INFO - Processing /home/ubuntu/venv/lib/python3.10/site-packages/airflow/example_dags/example_trigger_controller_dag.py took 0.158 seconds
[2023-07-09T16:54:49.417+0000] {processor.py:153} INFO - Started process (PID=5628) to work on /home/ubuntu/venv/lib/python3.10/site-packages/airflow/example_dags/example_trigger_controller_dag.py
[2023-07-09T16:54:49.419+0000] {processor.py:743} INFO - Processing file /home/ubuntu/venv/lib/python3.10/site-packages/airflow/example_dags/example_trigger_controller_dag.py for tasks to queue
[2023-07-09T16:54:49.420+0000] {logging_mixin.py:137} INFO - [2023-07-09T16:54:49.420+0000] {dagbag.py:538} INFO - Filling up the DagBag from /home/ubuntu/venv/lib/python3.10/site-packages/airflow/example_dags/example_trigger_controller_dag.py
[2023-07-09T16:54:49.456+0000] {processor.py:753} INFO - DAG(s) dict_keys(['example_trigger_controller_dag']) retrieved from /home/ubuntu/venv/lib/python3.10/site-packages/airflow/example_dags/example_trigger_controller_dag.py
[2023-07-09T16:54:49.596+0000] {logging_mixin.py:137} INFO - [2023-07-09T16:54:49.595+0000] {dag.py:2676} INFO - Sync 1 DAGs
[2023-07-09T16:54:49.692+0000] {logging_mixin.py:137} INFO - [2023-07-09T16:54:49.692+0000] {dag.py:3423} INFO - Setting next_dagrun for example_trigger_controller_dag to 2021-01-01T00:00:00+00:00, run_after=2021-01-01T00:00:00+00:00
[2023-07-09T16:54:49.775+0000] {processor.py:175} INFO - Processing /home/ubuntu/venv/lib/python3.10/site-packages/airflow/example_dags/example_trigger_controller_dag.py took 0.361 seconds
[2023-07-09T16:55:20.534+0000] {processor.py:153} INFO - Started process (PID=5950) to work on /home/ubuntu/venv/lib/python3.10/site-packages/airflow/example_dags/example_trigger_controller_dag.py
[2023-07-09T16:55:20.538+0000] {processor.py:743} INFO - Processing file /home/ubuntu/venv/lib/python3.10/site-packages/airflow/example_dags/example_trigger_controller_dag.py for tasks to queue
[2023-07-09T16:55:20.539+0000] {logging_mixin.py:137} INFO - [2023-07-09T16:55:20.539+0000] {dagbag.py:538} INFO - Filling up the DagBag from /home/ubuntu/venv/lib/python3.10/site-packages/airflow/example_dags/example_trigger_controller_dag.py
[2023-07-09T16:55:20.560+0000] {processor.py:753} INFO - DAG(s) dict_keys(['example_trigger_controller_dag']) retrieved from /home/ubuntu/venv/lib/python3.10/site-packages/airflow/example_dags/example_trigger_controller_dag.py
[2023-07-09T16:55:20.634+0000] {logging_mixin.py:137} INFO - [2023-07-09T16:55:20.634+0000] {dag.py:2676} INFO - Sync 1 DAGs
[2023-07-09T16:55:20.672+0000] {logging_mixin.py:137} INFO - [2023-07-09T16:55:20.672+0000] {dag.py:3423} INFO - Setting next_dagrun for example_trigger_controller_dag to 2021-01-01T00:00:00+00:00, run_after=2021-01-01T00:00:00+00:00
[2023-07-09T16:55:20.698+0000] {processor.py:175} INFO - Processing /home/ubuntu/venv/lib/python3.10/site-packages/airflow/example_dags/example_trigger_controller_dag.py took 0.169 seconds
[2023-07-09T16:55:50.739+0000] {processor.py:153} INFO - Started process (PID=6186) to work on /home/ubuntu/venv/lib/python3.10/site-packages/airflow/example_dags/example_trigger_controller_dag.py
[2023-07-09T16:55:50.741+0000] {processor.py:743} INFO - Processing file /home/ubuntu/venv/lib/python3.10/site-packages/airflow/example_dags/example_trigger_controller_dag.py for tasks to queue
[2023-07-09T16:55:50.741+0000] {logging_mixin.py:137} INFO - [2023-07-09T16:55:50.741+0000] {dagbag.py:538} INFO - Filling up the DagBag from /home/ubuntu/venv/lib/python3.10/site-packages/airflow/example_dags/example_trigger_controller_dag.py
[2023-07-09T16:55:50.758+0000] {processor.py:753} INFO - DAG(s) dict_keys(['example_trigger_controller_dag']) retrieved from /home/ubuntu/venv/lib/python3.10/site-packages/airflow/example_dags/example_trigger_controller_dag.py
[2023-07-09T16:55:50.824+0000] {logging_mixin.py:137} INFO - [2023-07-09T16:55:50.823+0000] {dag.py:2676} INFO - Sync 1 DAGs
[2023-07-09T16:55:50.856+0000] {logging_mixin.py:137} INFO - [2023-07-09T16:55:50.855+0000] {dag.py:3423} INFO - Setting next_dagrun for example_trigger_controller_dag to 2021-01-01T00:00:00+00:00, run_after=2021-01-01T00:00:00+00:00
[2023-07-09T16:55:50.875+0000] {processor.py:175} INFO - Processing /home/ubuntu/venv/lib/python3.10/site-packages/airflow/example_dags/example_trigger_controller_dag.py took 0.140 seconds
[2023-07-09T16:56:21.117+0000] {processor.py:153} INFO - Started process (PID=6421) to work on /home/ubuntu/venv/lib/python3.10/site-packages/airflow/example_dags/example_trigger_controller_dag.py
[2023-07-09T16:56:21.119+0000] {processor.py:743} INFO - Processing file /home/ubuntu/venv/lib/python3.10/site-packages/airflow/example_dags/example_trigger_controller_dag.py for tasks to queue
[2023-07-09T16:56:21.120+0000] {logging_mixin.py:137} INFO - [2023-07-09T16:56:21.120+0000] {dagbag.py:538} INFO - Filling up the DagBag from /home/ubuntu/venv/lib/python3.10/site-packages/airflow/example_dags/example_trigger_controller_dag.py
[2023-07-09T16:56:21.158+0000] {processor.py:753} INFO - DAG(s) dict_keys(['example_trigger_controller_dag']) retrieved from /home/ubuntu/venv/lib/python3.10/site-packages/airflow/example_dags/example_trigger_controller_dag.py
[2023-07-09T16:56:21.254+0000] {logging_mixin.py:137} INFO - [2023-07-09T16:56:21.253+0000] {dag.py:2676} INFO - Sync 1 DAGs
[2023-07-09T16:56:21.285+0000] {logging_mixin.py:137} INFO - [2023-07-09T16:56:21.285+0000] {dag.py:3423} INFO - Setting next_dagrun for example_trigger_controller_dag to 2021-01-01T00:00:00+00:00, run_after=2021-01-01T00:00:00+00:00
[2023-07-09T16:56:21.307+0000] {processor.py:175} INFO - Processing /home/ubuntu/venv/lib/python3.10/site-packages/airflow/example_dags/example_trigger_controller_dag.py took 0.196 seconds
[2023-07-09T16:56:51.684+0000] {processor.py:153} INFO - Started process (PID=6678) to work on /home/ubuntu/venv/lib/python3.10/site-packages/airflow/example_dags/example_trigger_controller_dag.py
[2023-07-09T16:56:51.685+0000] {processor.py:743} INFO - Processing file /home/ubuntu/venv/lib/python3.10/site-packages/airflow/example_dags/example_trigger_controller_dag.py for tasks to queue
[2023-07-09T16:56:51.685+0000] {logging_mixin.py:137} INFO - [2023-07-09T16:56:51.685+0000] {dagbag.py:538} INFO - Filling up the DagBag from /home/ubuntu/venv/lib/python3.10/site-packages/airflow/example_dags/example_trigger_controller_dag.py
[2023-07-09T16:56:51.704+0000] {processor.py:753} INFO - DAG(s) dict_keys(['example_trigger_controller_dag']) retrieved from /home/ubuntu/venv/lib/python3.10/site-packages/airflow/example_dags/example_trigger_controller_dag.py
[2023-07-09T16:56:51.769+0000] {logging_mixin.py:137} INFO - [2023-07-09T16:56:51.769+0000] {dag.py:2676} INFO - Sync 1 DAGs
[2023-07-09T16:56:51.802+0000] {logging_mixin.py:137} INFO - [2023-07-09T16:56:51.802+0000] {dag.py:3423} INFO - Setting next_dagrun for example_trigger_controller_dag to 2021-01-01T00:00:00+00:00, run_after=2021-01-01T00:00:00+00:00
[2023-07-09T16:56:51.828+0000] {processor.py:175} INFO - Processing /home/ubuntu/venv/lib/python3.10/site-packages/airflow/example_dags/example_trigger_controller_dag.py took 0.149 seconds
[2023-07-09T16:57:22.725+0000] {processor.py:153} INFO - Started process (PID=6913) to work on /home/ubuntu/venv/lib/python3.10/site-packages/airflow/example_dags/example_trigger_controller_dag.py
[2023-07-09T16:57:22.727+0000] {processor.py:743} INFO - Processing file /home/ubuntu/venv/lib/python3.10/site-packages/airflow/example_dags/example_trigger_controller_dag.py for tasks to queue
[2023-07-09T16:57:22.728+0000] {logging_mixin.py:137} INFO - [2023-07-09T16:57:22.728+0000] {dagbag.py:538} INFO - Filling up the DagBag from /home/ubuntu/venv/lib/python3.10/site-packages/airflow/example_dags/example_trigger_controller_dag.py
[2023-07-09T16:57:22.748+0000] {processor.py:753} INFO - DAG(s) dict_keys(['example_trigger_controller_dag']) retrieved from /home/ubuntu/venv/lib/python3.10/site-packages/airflow/example_dags/example_trigger_controller_dag.py
[2023-07-09T16:57:22.835+0000] {logging_mixin.py:137} INFO - [2023-07-09T16:57:22.835+0000] {dag.py:2676} INFO - Sync 1 DAGs
[2023-07-09T16:57:22.873+0000] {logging_mixin.py:137} INFO - [2023-07-09T16:57:22.873+0000] {dag.py:3423} INFO - Setting next_dagrun for example_trigger_controller_dag to 2021-01-01T00:00:00+00:00, run_after=2021-01-01T00:00:00+00:00
[2023-07-09T16:57:22.905+0000] {processor.py:175} INFO - Processing /home/ubuntu/venv/lib/python3.10/site-packages/airflow/example_dags/example_trigger_controller_dag.py took 0.185 seconds
[2023-07-09T16:57:53.057+0000] {processor.py:153} INFO - Started process (PID=7149) to work on /home/ubuntu/venv/lib/python3.10/site-packages/airflow/example_dags/example_trigger_controller_dag.py
[2023-07-09T16:57:53.058+0000] {processor.py:743} INFO - Processing file /home/ubuntu/venv/lib/python3.10/site-packages/airflow/example_dags/example_trigger_controller_dag.py for tasks to queue
[2023-07-09T16:57:53.065+0000] {logging_mixin.py:137} INFO - [2023-07-09T16:57:53.065+0000] {dagbag.py:538} INFO - Filling up the DagBag from /home/ubuntu/venv/lib/python3.10/site-packages/airflow/example_dags/example_trigger_controller_dag.py
[2023-07-09T16:57:53.083+0000] {processor.py:753} INFO - DAG(s) dict_keys(['example_trigger_controller_dag']) retrieved from /home/ubuntu/venv/lib/python3.10/site-packages/airflow/example_dags/example_trigger_controller_dag.py
[2023-07-09T16:57:53.157+0000] {logging_mixin.py:137} INFO - [2023-07-09T16:57:53.157+0000] {dag.py:2676} INFO - Sync 1 DAGs
[2023-07-09T16:57:53.186+0000] {logging_mixin.py:137} INFO - [2023-07-09T16:57:53.185+0000] {dag.py:3423} INFO - Setting next_dagrun for example_trigger_controller_dag to 2021-01-01T00:00:00+00:00, run_after=2021-01-01T00:00:00+00:00
[2023-07-09T16:57:53.209+0000] {processor.py:175} INFO - Processing /home/ubuntu/venv/lib/python3.10/site-packages/airflow/example_dags/example_trigger_controller_dag.py took 0.158 seconds
[2023-07-09T16:58:23.957+0000] {processor.py:153} INFO - Started process (PID=7384) to work on /home/ubuntu/venv/lib/python3.10/site-packages/airflow/example_dags/example_trigger_controller_dag.py
[2023-07-09T16:58:23.959+0000] {processor.py:743} INFO - Processing file /home/ubuntu/venv/lib/python3.10/site-packages/airflow/example_dags/example_trigger_controller_dag.py for tasks to queue
[2023-07-09T16:58:23.960+0000] {logging_mixin.py:137} INFO - [2023-07-09T16:58:23.959+0000] {dagbag.py:538} INFO - Filling up the DagBag from /home/ubuntu/venv/lib/python3.10/site-packages/airflow/example_dags/example_trigger_controller_dag.py
[2023-07-09T16:58:23.979+0000] {processor.py:753} INFO - DAG(s) dict_keys(['example_trigger_controller_dag']) retrieved from /home/ubuntu/venv/lib/python3.10/site-packages/airflow/example_dags/example_trigger_controller_dag.py
[2023-07-09T16:58:24.066+0000] {logging_mixin.py:137} INFO - [2023-07-09T16:58:24.065+0000] {dag.py:2676} INFO - Sync 1 DAGs
[2023-07-09T16:58:24.101+0000] {logging_mixin.py:137} INFO - [2023-07-09T16:58:24.100+0000] {dag.py:3423} INFO - Setting next_dagrun for example_trigger_controller_dag to 2021-01-01T00:00:00+00:00, run_after=2021-01-01T00:00:00+00:00
[2023-07-09T16:58:24.127+0000] {processor.py:175} INFO - Processing /home/ubuntu/venv/lib/python3.10/site-packages/airflow/example_dags/example_trigger_controller_dag.py took 0.174 seconds
[2023-07-09T16:58:55.021+0000] {processor.py:153} INFO - Started process (PID=7620) to work on /home/ubuntu/venv/lib/python3.10/site-packages/airflow/example_dags/example_trigger_controller_dag.py
[2023-07-09T16:58:55.027+0000] {processor.py:743} INFO - Processing file /home/ubuntu/venv/lib/python3.10/site-packages/airflow/example_dags/example_trigger_controller_dag.py for tasks to queue
[2023-07-09T16:58:55.030+0000] {logging_mixin.py:137} INFO - [2023-07-09T16:58:55.028+0000] {dagbag.py:538} INFO - Filling up the DagBag from /home/ubuntu/venv/lib/python3.10/site-packages/airflow/example_dags/example_trigger_controller_dag.py
[2023-07-09T16:58:55.056+0000] {processor.py:753} INFO - DAG(s) dict_keys(['example_trigger_controller_dag']) retrieved from /home/ubuntu/venv/lib/python3.10/site-packages/airflow/example_dags/example_trigger_controller_dag.py
[2023-07-09T16:58:55.134+0000] {logging_mixin.py:137} INFO - [2023-07-09T16:58:55.134+0000] {dag.py:2676} INFO - Sync 1 DAGs
[2023-07-09T16:58:55.169+0000] {logging_mixin.py:137} INFO - [2023-07-09T16:58:55.169+0000] {dag.py:3423} INFO - Setting next_dagrun for example_trigger_controller_dag to 2021-01-01T00:00:00+00:00, run_after=2021-01-01T00:00:00+00:00
[2023-07-09T16:58:55.194+0000] {processor.py:175} INFO - Processing /home/ubuntu/venv/lib/python3.10/site-packages/airflow/example_dags/example_trigger_controller_dag.py took 0.186 seconds
[2023-07-09T16:59:25.436+0000] {processor.py:153} INFO - Started process (PID=7857) to work on /home/ubuntu/venv/lib/python3.10/site-packages/airflow/example_dags/example_trigger_controller_dag.py
[2023-07-09T16:59:25.438+0000] {processor.py:743} INFO - Processing file /home/ubuntu/venv/lib/python3.10/site-packages/airflow/example_dags/example_trigger_controller_dag.py for tasks to queue
[2023-07-09T16:59:25.438+0000] {logging_mixin.py:137} INFO - [2023-07-09T16:59:25.438+0000] {dagbag.py:538} INFO - Filling up the DagBag from /home/ubuntu/venv/lib/python3.10/site-packages/airflow/example_dags/example_trigger_controller_dag.py
[2023-07-09T16:59:25.456+0000] {processor.py:753} INFO - DAG(s) dict_keys(['example_trigger_controller_dag']) retrieved from /home/ubuntu/venv/lib/python3.10/site-packages/airflow/example_dags/example_trigger_controller_dag.py
[2023-07-09T16:59:25.522+0000] {logging_mixin.py:137} INFO - [2023-07-09T16:59:25.522+0000] {dag.py:2676} INFO - Sync 1 DAGs
[2023-07-09T16:59:25.557+0000] {logging_mixin.py:137} INFO - [2023-07-09T16:59:25.556+0000] {dag.py:3423} INFO - Setting next_dagrun for example_trigger_controller_dag to 2021-01-01T00:00:00+00:00, run_after=2021-01-01T00:00:00+00:00
[2023-07-09T16:59:25.771+0000] {processor.py:175} INFO - Processing /home/ubuntu/venv/lib/python3.10/site-packages/airflow/example_dags/example_trigger_controller_dag.py took 0.340 seconds
[2023-07-09T16:59:56.546+0000] {processor.py:153} INFO - Started process (PID=8125) to work on /home/ubuntu/venv/lib/python3.10/site-packages/airflow/example_dags/example_trigger_controller_dag.py
[2023-07-09T16:59:56.552+0000] {processor.py:743} INFO - Processing file /home/ubuntu/venv/lib/python3.10/site-packages/airflow/example_dags/example_trigger_controller_dag.py for tasks to queue
[2023-07-09T16:59:56.565+0000] {logging_mixin.py:137} INFO - [2023-07-09T16:59:56.564+0000] {dagbag.py:538} INFO - Filling up the DagBag from /home/ubuntu/venv/lib/python3.10/site-packages/airflow/example_dags/example_trigger_controller_dag.py
[2023-07-09T16:59:56.626+0000] {processor.py:753} INFO - DAG(s) dict_keys(['example_trigger_controller_dag']) retrieved from /home/ubuntu/venv/lib/python3.10/site-packages/airflow/example_dags/example_trigger_controller_dag.py
[2023-07-09T16:59:56.964+0000] {logging_mixin.py:137} INFO - [2023-07-09T16:59:56.964+0000] {dag.py:2676} INFO - Sync 1 DAGs
[2023-07-09T16:59:57.652+0000] {logging_mixin.py:137} INFO - [2023-07-09T16:59:57.652+0000] {dag.py:3423} INFO - Setting next_dagrun for example_trigger_controller_dag to 2021-01-01T00:00:00+00:00, run_after=2021-01-01T00:00:00+00:00
[2023-07-09T16:59:57.712+0000] {processor.py:175} INFO - Processing /home/ubuntu/venv/lib/python3.10/site-packages/airflow/example_dags/example_trigger_controller_dag.py took 1.171 seconds
[2023-07-09T17:00:28.617+0000] {processor.py:153} INFO - Started process (PID=8502) to work on /home/ubuntu/venv/lib/python3.10/site-packages/airflow/example_dags/example_trigger_controller_dag.py
[2023-07-09T17:00:28.618+0000] {processor.py:743} INFO - Processing file /home/ubuntu/venv/lib/python3.10/site-packages/airflow/example_dags/example_trigger_controller_dag.py for tasks to queue
[2023-07-09T17:00:28.627+0000] {logging_mixin.py:137} INFO - [2023-07-09T17:00:28.627+0000] {dagbag.py:538} INFO - Filling up the DagBag from /home/ubuntu/venv/lib/python3.10/site-packages/airflow/example_dags/example_trigger_controller_dag.py
[2023-07-09T17:00:28.650+0000] {processor.py:753} INFO - DAG(s) dict_keys(['example_trigger_controller_dag']) retrieved from /home/ubuntu/venv/lib/python3.10/site-packages/airflow/example_dags/example_trigger_controller_dag.py
[2023-07-09T17:00:28.759+0000] {logging_mixin.py:137} INFO - [2023-07-09T17:00:28.759+0000] {dag.py:2676} INFO - Sync 1 DAGs
[2023-07-09T17:00:28.823+0000] {logging_mixin.py:137} INFO - [2023-07-09T17:00:28.823+0000] {dag.py:3423} INFO - Setting next_dagrun for example_trigger_controller_dag to 2021-01-01T00:00:00+00:00, run_after=2021-01-01T00:00:00+00:00
[2023-07-09T17:00:28.907+0000] {processor.py:175} INFO - Processing /home/ubuntu/venv/lib/python3.10/site-packages/airflow/example_dags/example_trigger_controller_dag.py took 0.294 seconds
[2023-07-09T17:00:59.853+0000] {processor.py:153} INFO - Started process (PID=8782) to work on /home/ubuntu/venv/lib/python3.10/site-packages/airflow/example_dags/example_trigger_controller_dag.py
[2023-07-09T17:00:59.854+0000] {processor.py:743} INFO - Processing file /home/ubuntu/venv/lib/python3.10/site-packages/airflow/example_dags/example_trigger_controller_dag.py for tasks to queue
[2023-07-09T17:00:59.863+0000] {logging_mixin.py:137} INFO - [2023-07-09T17:00:59.863+0000] {dagbag.py:538} INFO - Filling up the DagBag from /home/ubuntu/venv/lib/python3.10/site-packages/airflow/example_dags/example_trigger_controller_dag.py
[2023-07-09T17:00:59.885+0000] {processor.py:753} INFO - DAG(s) dict_keys(['example_trigger_controller_dag']) retrieved from /home/ubuntu/venv/lib/python3.10/site-packages/airflow/example_dags/example_trigger_controller_dag.py
[2023-07-09T17:00:59.961+0000] {logging_mixin.py:137} INFO - [2023-07-09T17:00:59.961+0000] {dag.py:2676} INFO - Sync 1 DAGs
[2023-07-09T17:00:59.997+0000] {logging_mixin.py:137} INFO - [2023-07-09T17:00:59.997+0000] {dag.py:3423} INFO - Setting next_dagrun for example_trigger_controller_dag to 2021-01-01T00:00:00+00:00, run_after=2021-01-01T00:00:00+00:00
[2023-07-09T17:01:00.040+0000] {processor.py:175} INFO - Processing /home/ubuntu/venv/lib/python3.10/site-packages/airflow/example_dags/example_trigger_controller_dag.py took 0.193 seconds
[2023-07-09T17:01:30.284+0000] {processor.py:153} INFO - Started process (PID=9014) to work on /home/ubuntu/venv/lib/python3.10/site-packages/airflow/example_dags/example_trigger_controller_dag.py
[2023-07-09T17:01:30.295+0000] {processor.py:743} INFO - Processing file /home/ubuntu/venv/lib/python3.10/site-packages/airflow/example_dags/example_trigger_controller_dag.py for tasks to queue
[2023-07-09T17:01:30.297+0000] {logging_mixin.py:137} INFO - [2023-07-09T17:01:30.296+0000] {dagbag.py:538} INFO - Filling up the DagBag from /home/ubuntu/venv/lib/python3.10/site-packages/airflow/example_dags/example_trigger_controller_dag.py
[2023-07-09T17:01:30.340+0000] {processor.py:753} INFO - DAG(s) dict_keys(['example_trigger_controller_dag']) retrieved from /home/ubuntu/venv/lib/python3.10/site-packages/airflow/example_dags/example_trigger_controller_dag.py
[2023-07-09T17:01:30.438+0000] {logging_mixin.py:137} INFO - [2023-07-09T17:01:30.438+0000] {dag.py:2676} INFO - Sync 1 DAGs
[2023-07-09T17:01:30.462+0000] {logging_mixin.py:137} INFO - [2023-07-09T17:01:30.462+0000] {dag.py:3423} INFO - Setting next_dagrun for example_trigger_controller_dag to 2021-01-01T00:00:00+00:00, run_after=2021-01-01T00:00:00+00:00
[2023-07-09T17:01:30.481+0000] {processor.py:175} INFO - Processing /home/ubuntu/venv/lib/python3.10/site-packages/airflow/example_dags/example_trigger_controller_dag.py took 0.224 seconds
[2023-07-09T17:02:00.988+0000] {processor.py:153} INFO - Started process (PID=9271) to work on /home/ubuntu/venv/lib/python3.10/site-packages/airflow/example_dags/example_trigger_controller_dag.py
[2023-07-09T17:02:00.990+0000] {processor.py:743} INFO - Processing file /home/ubuntu/venv/lib/python3.10/site-packages/airflow/example_dags/example_trigger_controller_dag.py for tasks to queue
[2023-07-09T17:02:00.991+0000] {logging_mixin.py:137} INFO - [2023-07-09T17:02:00.990+0000] {dagbag.py:538} INFO - Filling up the DagBag from /home/ubuntu/venv/lib/python3.10/site-packages/airflow/example_dags/example_trigger_controller_dag.py
[2023-07-09T17:02:01.008+0000] {processor.py:753} INFO - DAG(s) dict_keys(['example_trigger_controller_dag']) retrieved from /home/ubuntu/venv/lib/python3.10/site-packages/airflow/example_dags/example_trigger_controller_dag.py
[2023-07-09T17:02:01.103+0000] {logging_mixin.py:137} INFO - [2023-07-09T17:02:01.103+0000] {dag.py:2676} INFO - Sync 1 DAGs
[2023-07-09T17:02:01.141+0000] {logging_mixin.py:137} INFO - [2023-07-09T17:02:01.140+0000] {dag.py:3423} INFO - Setting next_dagrun for example_trigger_controller_dag to 2021-01-01T00:00:00+00:00, run_after=2021-01-01T00:00:00+00:00
[2023-07-09T17:02:01.178+0000] {processor.py:175} INFO - Processing /home/ubuntu/venv/lib/python3.10/site-packages/airflow/example_dags/example_trigger_controller_dag.py took 0.196 seconds
[2023-07-09T17:02:32.151+0000] {processor.py:153} INFO - Started process (PID=9506) to work on /home/ubuntu/venv/lib/python3.10/site-packages/airflow/example_dags/example_trigger_controller_dag.py
[2023-07-09T17:02:32.152+0000] {processor.py:743} INFO - Processing file /home/ubuntu/venv/lib/python3.10/site-packages/airflow/example_dags/example_trigger_controller_dag.py for tasks to queue
[2023-07-09T17:02:32.153+0000] {logging_mixin.py:137} INFO - [2023-07-09T17:02:32.153+0000] {dagbag.py:538} INFO - Filling up the DagBag from /home/ubuntu/venv/lib/python3.10/site-packages/airflow/example_dags/example_trigger_controller_dag.py
[2023-07-09T17:02:32.170+0000] {processor.py:753} INFO - DAG(s) dict_keys(['example_trigger_controller_dag']) retrieved from /home/ubuntu/venv/lib/python3.10/site-packages/airflow/example_dags/example_trigger_controller_dag.py
[2023-07-09T17:02:32.249+0000] {logging_mixin.py:137} INFO - [2023-07-09T17:02:32.249+0000] {dag.py:2676} INFO - Sync 1 DAGs
[2023-07-09T17:02:32.287+0000] {logging_mixin.py:137} INFO - [2023-07-09T17:02:32.286+0000] {dag.py:3423} INFO - Setting next_dagrun for example_trigger_controller_dag to 2021-01-01T00:00:00+00:00, run_after=2021-01-01T00:00:00+00:00
[2023-07-09T17:02:32.343+0000] {processor.py:175} INFO - Processing /home/ubuntu/venv/lib/python3.10/site-packages/airflow/example_dags/example_trigger_controller_dag.py took 0.197 seconds
[2023-07-09T17:03:02.993+0000] {processor.py:153} INFO - Started process (PID=9742) to work on /home/ubuntu/venv/lib/python3.10/site-packages/airflow/example_dags/example_trigger_controller_dag.py
[2023-07-09T17:03:02.994+0000] {processor.py:743} INFO - Processing file /home/ubuntu/venv/lib/python3.10/site-packages/airflow/example_dags/example_trigger_controller_dag.py for tasks to queue
[2023-07-09T17:03:02.995+0000] {logging_mixin.py:137} INFO - [2023-07-09T17:03:02.995+0000] {dagbag.py:538} INFO - Filling up the DagBag from /home/ubuntu/venv/lib/python3.10/site-packages/airflow/example_dags/example_trigger_controller_dag.py
[2023-07-09T17:03:03.022+0000] {processor.py:753} INFO - DAG(s) dict_keys(['example_trigger_controller_dag']) retrieved from /home/ubuntu/venv/lib/python3.10/site-packages/airflow/example_dags/example_trigger_controller_dag.py
[2023-07-09T17:03:03.118+0000] {logging_mixin.py:137} INFO - [2023-07-09T17:03:03.118+0000] {dag.py:2676} INFO - Sync 1 DAGs
[2023-07-09T17:03:03.152+0000] {logging_mixin.py:137} INFO - [2023-07-09T17:03:03.152+0000] {dag.py:3423} INFO - Setting next_dagrun for example_trigger_controller_dag to 2021-01-01T00:00:00+00:00, run_after=2021-01-01T00:00:00+00:00
[2023-07-09T17:03:03.178+0000] {processor.py:175} INFO - Processing /home/ubuntu/venv/lib/python3.10/site-packages/airflow/example_dags/example_trigger_controller_dag.py took 0.190 seconds
[2023-07-09T17:03:34.018+0000] {processor.py:153} INFO - Started process (PID=9977) to work on /home/ubuntu/venv/lib/python3.10/site-packages/airflow/example_dags/example_trigger_controller_dag.py
[2023-07-09T17:03:34.020+0000] {processor.py:743} INFO - Processing file /home/ubuntu/venv/lib/python3.10/site-packages/airflow/example_dags/example_trigger_controller_dag.py for tasks to queue
[2023-07-09T17:03:34.021+0000] {logging_mixin.py:137} INFO - [2023-07-09T17:03:34.021+0000] {dagbag.py:538} INFO - Filling up the DagBag from /home/ubuntu/venv/lib/python3.10/site-packages/airflow/example_dags/example_trigger_controller_dag.py
[2023-07-09T17:03:34.039+0000] {processor.py:753} INFO - DAG(s) dict_keys(['example_trigger_controller_dag']) retrieved from /home/ubuntu/venv/lib/python3.10/site-packages/airflow/example_dags/example_trigger_controller_dag.py
[2023-07-09T17:03:34.108+0000] {logging_mixin.py:137} INFO - [2023-07-09T17:03:34.108+0000] {dag.py:2676} INFO - Sync 1 DAGs
[2023-07-09T17:03:34.139+0000] {logging_mixin.py:137} INFO - [2023-07-09T17:03:34.139+0000] {dag.py:3423} INFO - Setting next_dagrun for example_trigger_controller_dag to 2021-01-01T00:00:00+00:00, run_after=2021-01-01T00:00:00+00:00
[2023-07-09T17:03:34.162+0000] {processor.py:175} INFO - Processing /home/ubuntu/venv/lib/python3.10/site-packages/airflow/example_dags/example_trigger_controller_dag.py took 0.148 seconds
[2023-07-09T17:04:04.818+0000] {processor.py:153} INFO - Started process (PID=10214) to work on /home/ubuntu/venv/lib/python3.10/site-packages/airflow/example_dags/example_trigger_controller_dag.py
[2023-07-09T17:04:04.824+0000] {processor.py:743} INFO - Processing file /home/ubuntu/venv/lib/python3.10/site-packages/airflow/example_dags/example_trigger_controller_dag.py for tasks to queue
[2023-07-09T17:04:04.824+0000] {logging_mixin.py:137} INFO - [2023-07-09T17:04:04.824+0000] {dagbag.py:538} INFO - Filling up the DagBag from /home/ubuntu/venv/lib/python3.10/site-packages/airflow/example_dags/example_trigger_controller_dag.py
[2023-07-09T17:04:04.843+0000] {processor.py:753} INFO - DAG(s) dict_keys(['example_trigger_controller_dag']) retrieved from /home/ubuntu/venv/lib/python3.10/site-packages/airflow/example_dags/example_trigger_controller_dag.py
[2023-07-09T17:04:04.913+0000] {logging_mixin.py:137} INFO - [2023-07-09T17:04:04.913+0000] {dag.py:2676} INFO - Sync 1 DAGs
[2023-07-09T17:04:04.960+0000] {logging_mixin.py:137} INFO - [2023-07-09T17:04:04.959+0000] {dag.py:3423} INFO - Setting next_dagrun for example_trigger_controller_dag to 2021-01-01T00:00:00+00:00, run_after=2021-01-01T00:00:00+00:00
[2023-07-09T17:04:04.982+0000] {processor.py:175} INFO - Processing /home/ubuntu/venv/lib/python3.10/site-packages/airflow/example_dags/example_trigger_controller_dag.py took 0.174 seconds
[2023-07-09T17:04:35.804+0000] {processor.py:153} INFO - Started process (PID=10449) to work on /home/ubuntu/venv/lib/python3.10/site-packages/airflow/example_dags/example_trigger_controller_dag.py
[2023-07-09T17:04:35.806+0000] {processor.py:743} INFO - Processing file /home/ubuntu/venv/lib/python3.10/site-packages/airflow/example_dags/example_trigger_controller_dag.py for tasks to queue
[2023-07-09T17:04:35.807+0000] {logging_mixin.py:137} INFO - [2023-07-09T17:04:35.807+0000] {dagbag.py:538} INFO - Filling up the DagBag from /home/ubuntu/venv/lib/python3.10/site-packages/airflow/example_dags/example_trigger_controller_dag.py
[2023-07-09T17:04:35.834+0000] {processor.py:753} INFO - DAG(s) dict_keys(['example_trigger_controller_dag']) retrieved from /home/ubuntu/venv/lib/python3.10/site-packages/airflow/example_dags/example_trigger_controller_dag.py
[2023-07-09T17:04:35.916+0000] {logging_mixin.py:137} INFO - [2023-07-09T17:04:35.916+0000] {dag.py:2676} INFO - Sync 1 DAGs
[2023-07-09T17:04:35.954+0000] {logging_mixin.py:137} INFO - [2023-07-09T17:04:35.954+0000] {dag.py:3423} INFO - Setting next_dagrun for example_trigger_controller_dag to 2021-01-01T00:00:00+00:00, run_after=2021-01-01T00:00:00+00:00
[2023-07-09T17:04:36.036+0000] {processor.py:175} INFO - Processing /home/ubuntu/venv/lib/python3.10/site-packages/airflow/example_dags/example_trigger_controller_dag.py took 0.251 seconds
[2023-07-09T17:05:53.537+0000] {processor.py:153} INFO - Started process (PID=10915) to work on /home/ubuntu/venv/lib/python3.10/site-packages/airflow/example_dags/example_trigger_controller_dag.py
[2023-07-09T17:05:53.539+0000] {processor.py:743} INFO - Processing file /home/ubuntu/venv/lib/python3.10/site-packages/airflow/example_dags/example_trigger_controller_dag.py for tasks to queue
[2023-07-09T17:05:53.540+0000] {logging_mixin.py:137} INFO - [2023-07-09T17:05:53.540+0000] {dagbag.py:538} INFO - Filling up the DagBag from /home/ubuntu/venv/lib/python3.10/site-packages/airflow/example_dags/example_trigger_controller_dag.py
[2023-07-09T17:05:53.570+0000] {processor.py:753} INFO - DAG(s) dict_keys(['example_trigger_controller_dag']) retrieved from /home/ubuntu/venv/lib/python3.10/site-packages/airflow/example_dags/example_trigger_controller_dag.py
[2023-07-09T17:05:53.688+0000] {logging_mixin.py:137} INFO - [2023-07-09T17:05:53.688+0000] {dag.py:2676} INFO - Sync 1 DAGs
[2023-07-09T17:05:53.738+0000] {logging_mixin.py:137} INFO - [2023-07-09T17:05:53.738+0000] {dag.py:3423} INFO - Setting next_dagrun for example_trigger_controller_dag to 2021-01-01T00:00:00+00:00, run_after=2021-01-01T00:00:00+00:00
[2023-07-09T17:05:53.765+0000] {processor.py:175} INFO - Processing /home/ubuntu/venv/lib/python3.10/site-packages/airflow/example_dags/example_trigger_controller_dag.py took 0.232 seconds
[2023-07-09T17:06:23.930+0000] {processor.py:153} INFO - Started process (PID=11277) to work on /home/ubuntu/venv/lib/python3.10/site-packages/airflow/example_dags/example_trigger_controller_dag.py
[2023-07-09T17:06:23.931+0000] {processor.py:743} INFO - Processing file /home/ubuntu/venv/lib/python3.10/site-packages/airflow/example_dags/example_trigger_controller_dag.py for tasks to queue
[2023-07-09T17:06:23.932+0000] {logging_mixin.py:137} INFO - [2023-07-09T17:06:23.932+0000] {dagbag.py:538} INFO - Filling up the DagBag from /home/ubuntu/venv/lib/python3.10/site-packages/airflow/example_dags/example_trigger_controller_dag.py
[2023-07-09T17:06:23.945+0000] {processor.py:753} INFO - DAG(s) dict_keys(['example_trigger_controller_dag']) retrieved from /home/ubuntu/venv/lib/python3.10/site-packages/airflow/example_dags/example_trigger_controller_dag.py
[2023-07-09T17:06:24.013+0000] {logging_mixin.py:137} INFO - [2023-07-09T17:06:24.012+0000] {dag.py:2676} INFO - Sync 1 DAGs
[2023-07-09T17:06:24.039+0000] {logging_mixin.py:137} INFO - [2023-07-09T17:06:24.039+0000] {dag.py:3423} INFO - Setting next_dagrun for example_trigger_controller_dag to 2021-01-01T00:00:00+00:00, run_after=2021-01-01T00:00:00+00:00
[2023-07-09T17:06:24.060+0000] {processor.py:175} INFO - Processing /home/ubuntu/venv/lib/python3.10/site-packages/airflow/example_dags/example_trigger_controller_dag.py took 0.135 seconds
[2023-07-09T17:07:24.070+0000] {processor.py:153} INFO - Started process (PID=11732) to work on /home/ubuntu/venv/lib/python3.10/site-packages/airflow/example_dags/example_trigger_controller_dag.py
[2023-07-09T17:07:24.079+0000] {processor.py:743} INFO - Processing file /home/ubuntu/venv/lib/python3.10/site-packages/airflow/example_dags/example_trigger_controller_dag.py for tasks to queue
[2023-07-09T17:07:24.080+0000] {logging_mixin.py:137} INFO - [2023-07-09T17:07:24.080+0000] {dagbag.py:538} INFO - Filling up the DagBag from /home/ubuntu/venv/lib/python3.10/site-packages/airflow/example_dags/example_trigger_controller_dag.py
[2023-07-09T17:07:24.106+0000] {processor.py:753} INFO - DAG(s) dict_keys(['example_trigger_controller_dag']) retrieved from /home/ubuntu/venv/lib/python3.10/site-packages/airflow/example_dags/example_trigger_controller_dag.py
[2023-07-09T17:07:24.219+0000] {logging_mixin.py:137} INFO - [2023-07-09T17:07:24.217+0000] {dag.py:2676} INFO - Sync 1 DAGs
[2023-07-09T17:07:24.298+0000] {logging_mixin.py:137} INFO - [2023-07-09T17:07:24.298+0000] {dag.py:3423} INFO - Setting next_dagrun for example_trigger_controller_dag to 2021-01-01T00:00:00+00:00, run_after=2021-01-01T00:00:00+00:00
[2023-07-09T17:07:24.364+0000] {processor.py:175} INFO - Processing /home/ubuntu/venv/lib/python3.10/site-packages/airflow/example_dags/example_trigger_controller_dag.py took 0.298 seconds
[2023-07-09T17:07:54.716+0000] {processor.py:153} INFO - Started process (PID=12009) to work on /home/ubuntu/venv/lib/python3.10/site-packages/airflow/example_dags/example_trigger_controller_dag.py
[2023-07-09T17:07:54.717+0000] {processor.py:743} INFO - Processing file /home/ubuntu/venv/lib/python3.10/site-packages/airflow/example_dags/example_trigger_controller_dag.py for tasks to queue
[2023-07-09T17:07:54.718+0000] {logging_mixin.py:137} INFO - [2023-07-09T17:07:54.718+0000] {dagbag.py:538} INFO - Filling up the DagBag from /home/ubuntu/venv/lib/python3.10/site-packages/airflow/example_dags/example_trigger_controller_dag.py
[2023-07-09T17:07:54.733+0000] {processor.py:753} INFO - DAG(s) dict_keys(['example_trigger_controller_dag']) retrieved from /home/ubuntu/venv/lib/python3.10/site-packages/airflow/example_dags/example_trigger_controller_dag.py
[2023-07-09T17:07:54.799+0000] {logging_mixin.py:137} INFO - [2023-07-09T17:07:54.799+0000] {dag.py:2676} INFO - Sync 1 DAGs
[2023-07-09T17:07:54.826+0000] {logging_mixin.py:137} INFO - [2023-07-09T17:07:54.826+0000] {dag.py:3423} INFO - Setting next_dagrun for example_trigger_controller_dag to 2021-01-01T00:00:00+00:00, run_after=2021-01-01T00:00:00+00:00
[2023-07-09T17:07:54.849+0000] {processor.py:175} INFO - Processing /home/ubuntu/venv/lib/python3.10/site-packages/airflow/example_dags/example_trigger_controller_dag.py took 0.145 seconds
[2023-07-09T17:08:25.119+0000] {processor.py:153} INFO - Started process (PID=12245) to work on /home/ubuntu/venv/lib/python3.10/site-packages/airflow/example_dags/example_trigger_controller_dag.py
[2023-07-09T17:08:25.124+0000] {processor.py:743} INFO - Processing file /home/ubuntu/venv/lib/python3.10/site-packages/airflow/example_dags/example_trigger_controller_dag.py for tasks to queue
[2023-07-09T17:08:25.124+0000] {logging_mixin.py:137} INFO - [2023-07-09T17:08:25.124+0000] {dagbag.py:538} INFO - Filling up the DagBag from /home/ubuntu/venv/lib/python3.10/site-packages/airflow/example_dags/example_trigger_controller_dag.py
[2023-07-09T17:08:25.148+0000] {processor.py:753} INFO - DAG(s) dict_keys(['example_trigger_controller_dag']) retrieved from /home/ubuntu/venv/lib/python3.10/site-packages/airflow/example_dags/example_trigger_controller_dag.py
[2023-07-09T17:08:25.245+0000] {logging_mixin.py:137} INFO - [2023-07-09T17:08:25.245+0000] {dag.py:2676} INFO - Sync 1 DAGs
[2023-07-09T17:08:25.291+0000] {logging_mixin.py:137} INFO - [2023-07-09T17:08:25.291+0000] {dag.py:3423} INFO - Setting next_dagrun for example_trigger_controller_dag to 2021-01-01T00:00:00+00:00, run_after=2021-01-01T00:00:00+00:00
[2023-07-09T17:08:25.340+0000] {processor.py:175} INFO - Processing /home/ubuntu/venv/lib/python3.10/site-packages/airflow/example_dags/example_trigger_controller_dag.py took 0.228 seconds
[2023-07-09T17:09:04.357+0000] {processor.py:153} INFO - Started process (PID=12700) to work on /home/ubuntu/venv/lib/python3.10/site-packages/airflow/example_dags/example_trigger_controller_dag.py
[2023-07-09T17:09:04.368+0000] {processor.py:743} INFO - Processing file /home/ubuntu/venv/lib/python3.10/site-packages/airflow/example_dags/example_trigger_controller_dag.py for tasks to queue
[2023-07-09T17:09:04.368+0000] {logging_mixin.py:137} INFO - [2023-07-09T17:09:04.368+0000] {dagbag.py:538} INFO - Filling up the DagBag from /home/ubuntu/venv/lib/python3.10/site-packages/airflow/example_dags/example_trigger_controller_dag.py
[2023-07-09T17:09:04.388+0000] {processor.py:753} INFO - DAG(s) dict_keys(['example_trigger_controller_dag']) retrieved from /home/ubuntu/venv/lib/python3.10/site-packages/airflow/example_dags/example_trigger_controller_dag.py
[2023-07-09T17:09:04.464+0000] {logging_mixin.py:137} INFO - [2023-07-09T17:09:04.464+0000] {dag.py:2676} INFO - Sync 1 DAGs
[2023-07-09T17:09:04.501+0000] {logging_mixin.py:137} INFO - [2023-07-09T17:09:04.501+0000] {dag.py:3423} INFO - Setting next_dagrun for example_trigger_controller_dag to 2021-01-01T00:00:00+00:00, run_after=2021-01-01T00:00:00+00:00
[2023-07-09T17:09:04.529+0000] {processor.py:175} INFO - Processing /home/ubuntu/venv/lib/python3.10/site-packages/airflow/example_dags/example_trigger_controller_dag.py took 0.176 seconds
[2023-07-09T17:09:34.873+0000] {processor.py:153} INFO - Started process (PID=12976) to work on /home/ubuntu/venv/lib/python3.10/site-packages/airflow/example_dags/example_trigger_controller_dag.py
[2023-07-09T17:09:34.880+0000] {processor.py:743} INFO - Processing file /home/ubuntu/venv/lib/python3.10/site-packages/airflow/example_dags/example_trigger_controller_dag.py for tasks to queue
[2023-07-09T17:09:34.881+0000] {logging_mixin.py:137} INFO - [2023-07-09T17:09:34.881+0000] {dagbag.py:538} INFO - Filling up the DagBag from /home/ubuntu/venv/lib/python3.10/site-packages/airflow/example_dags/example_trigger_controller_dag.py
[2023-07-09T17:09:34.899+0000] {processor.py:753} INFO - DAG(s) dict_keys(['example_trigger_controller_dag']) retrieved from /home/ubuntu/venv/lib/python3.10/site-packages/airflow/example_dags/example_trigger_controller_dag.py
[2023-07-09T17:09:35.011+0000] {logging_mixin.py:137} INFO - [2023-07-09T17:09:35.011+0000] {dag.py:2676} INFO - Sync 1 DAGs
[2023-07-09T17:09:35.047+0000] {logging_mixin.py:137} INFO - [2023-07-09T17:09:35.046+0000] {dag.py:3423} INFO - Setting next_dagrun for example_trigger_controller_dag to 2021-01-01T00:00:00+00:00, run_after=2021-01-01T00:00:00+00:00
[2023-07-09T17:09:35.080+0000] {processor.py:175} INFO - Processing /home/ubuntu/venv/lib/python3.10/site-packages/airflow/example_dags/example_trigger_controller_dag.py took 0.211 seconds
[2023-07-09T17:10:05.350+0000] {processor.py:153} INFO - Started process (PID=13212) to work on /home/ubuntu/venv/lib/python3.10/site-packages/airflow/example_dags/example_trigger_controller_dag.py
[2023-07-09T17:10:05.353+0000] {processor.py:743} INFO - Processing file /home/ubuntu/venv/lib/python3.10/site-packages/airflow/example_dags/example_trigger_controller_dag.py for tasks to queue
[2023-07-09T17:10:05.355+0000] {logging_mixin.py:137} INFO - [2023-07-09T17:10:05.354+0000] {dagbag.py:538} INFO - Filling up the DagBag from /home/ubuntu/venv/lib/python3.10/site-packages/airflow/example_dags/example_trigger_controller_dag.py
[2023-07-09T17:10:05.374+0000] {processor.py:753} INFO - DAG(s) dict_keys(['example_trigger_controller_dag']) retrieved from /home/ubuntu/venv/lib/python3.10/site-packages/airflow/example_dags/example_trigger_controller_dag.py
[2023-07-09T17:10:05.454+0000] {logging_mixin.py:137} INFO - [2023-07-09T17:10:05.454+0000] {dag.py:2676} INFO - Sync 1 DAGs
[2023-07-09T17:10:05.494+0000] {logging_mixin.py:137} INFO - [2023-07-09T17:10:05.494+0000] {dag.py:3423} INFO - Setting next_dagrun for example_trigger_controller_dag to 2021-01-01T00:00:00+00:00, run_after=2021-01-01T00:00:00+00:00
[2023-07-09T17:10:05.523+0000] {processor.py:175} INFO - Processing /home/ubuntu/venv/lib/python3.10/site-packages/airflow/example_dags/example_trigger_controller_dag.py took 0.178 seconds
