[2023-07-09T15:46:35.952+0000] {processor.py:153} INFO - Started process (PID=1438) to work on /home/ubuntu/venv/lib/python3.10/site-packages/airflow/example_dags/example_bash_operator.py
[2023-07-09T15:46:35.953+0000] {processor.py:743} INFO - Processing file /home/ubuntu/venv/lib/python3.10/site-packages/airflow/example_dags/example_bash_operator.py for tasks to queue
[2023-07-09T15:46:35.954+0000] {logging_mixin.py:137} INFO - [2023-07-09T15:46:35.954+0000] {dagbag.py:538} INFO - Filling up the DagBag from /home/ubuntu/venv/lib/python3.10/site-packages/airflow/example_dags/example_bash_operator.py
[2023-07-09T15:46:35.992+0000] {processor.py:753} INFO - DAG(s) dict_keys(['example_bash_operator']) retrieved from /home/ubuntu/venv/lib/python3.10/site-packages/airflow/example_dags/example_bash_operator.py
[2023-07-09T15:46:36.089+0000] {logging_mixin.py:137} INFO - [2023-07-09T15:46:36.089+0000] {dag.py:2676} INFO - Sync 1 DAGs
[2023-07-09T15:46:36.153+0000] {logging_mixin.py:137} INFO - [2023-07-09T15:46:36.153+0000] {dag.py:3423} INFO - Setting next_dagrun for example_bash_operator to 2023-07-08T00:00:00+00:00, run_after=2023-07-09T00:00:00+00:00
[2023-07-09T15:46:36.189+0000] {processor.py:175} INFO - Processing /home/ubuntu/venv/lib/python3.10/site-packages/airflow/example_dags/example_bash_operator.py took 0.241 seconds
[2023-07-09T15:47:06.410+0000] {processor.py:153} INFO - Started process (PID=1678) to work on /home/ubuntu/venv/lib/python3.10/site-packages/airflow/example_dags/example_bash_operator.py
[2023-07-09T15:47:06.413+0000] {processor.py:743} INFO - Processing file /home/ubuntu/venv/lib/python3.10/site-packages/airflow/example_dags/example_bash_operator.py for tasks to queue
[2023-07-09T15:47:06.415+0000] {logging_mixin.py:137} INFO - [2023-07-09T15:47:06.413+0000] {dagbag.py:538} INFO - Filling up the DagBag from /home/ubuntu/venv/lib/python3.10/site-packages/airflow/example_dags/example_bash_operator.py
[2023-07-09T15:47:06.450+0000] {processor.py:753} INFO - DAG(s) dict_keys(['example_bash_operator']) retrieved from /home/ubuntu/venv/lib/python3.10/site-packages/airflow/example_dags/example_bash_operator.py
[2023-07-09T15:47:06.540+0000] {logging_mixin.py:137} INFO - [2023-07-09T15:47:06.540+0000] {dag.py:2676} INFO - Sync 1 DAGs
[2023-07-09T15:47:06.590+0000] {logging_mixin.py:137} INFO - [2023-07-09T15:47:06.590+0000] {dag.py:3423} INFO - Setting next_dagrun for example_bash_operator to 2023-07-08T00:00:00+00:00, run_after=2023-07-09T00:00:00+00:00
[2023-07-09T15:47:06.618+0000] {processor.py:175} INFO - Processing /home/ubuntu/venv/lib/python3.10/site-packages/airflow/example_dags/example_bash_operator.py took 0.220 seconds
[2023-07-09T15:49:54.164+0000] {processor.py:153} INFO - Started process (PID=2256) to work on /home/ubuntu/venv/lib/python3.10/site-packages/airflow/example_dags/example_bash_operator.py
[2023-07-09T15:49:54.166+0000] {processor.py:743} INFO - Processing file /home/ubuntu/venv/lib/python3.10/site-packages/airflow/example_dags/example_bash_operator.py for tasks to queue
[2023-07-09T15:49:54.166+0000] {logging_mixin.py:137} INFO - [2023-07-09T15:49:54.166+0000] {dagbag.py:538} INFO - Filling up the DagBag from /home/ubuntu/venv/lib/python3.10/site-packages/airflow/example_dags/example_bash_operator.py
[2023-07-09T15:49:54.195+0000] {processor.py:753} INFO - DAG(s) dict_keys(['example_bash_operator']) retrieved from /home/ubuntu/venv/lib/python3.10/site-packages/airflow/example_dags/example_bash_operator.py
[2023-07-09T15:49:54.276+0000] {logging_mixin.py:137} INFO - [2023-07-09T15:49:54.276+0000] {dag.py:2676} INFO - Sync 1 DAGs
[2023-07-09T15:49:54.307+0000] {logging_mixin.py:137} INFO - [2023-07-09T15:49:54.306+0000] {dag.py:3423} INFO - Setting next_dagrun for example_bash_operator to 2023-07-08T00:00:00+00:00, run_after=2023-07-09T00:00:00+00:00
[2023-07-09T15:49:54.367+0000] {processor.py:175} INFO - Processing /home/ubuntu/venv/lib/python3.10/site-packages/airflow/example_dags/example_bash_operator.py took 0.206 seconds
[2023-07-09T15:50:25.446+0000] {processor.py:153} INFO - Started process (PID=2492) to work on /home/ubuntu/venv/lib/python3.10/site-packages/airflow/example_dags/example_bash_operator.py
[2023-07-09T15:50:25.447+0000] {processor.py:743} INFO - Processing file /home/ubuntu/venv/lib/python3.10/site-packages/airflow/example_dags/example_bash_operator.py for tasks to queue
[2023-07-09T15:50:25.448+0000] {logging_mixin.py:137} INFO - [2023-07-09T15:50:25.447+0000] {dagbag.py:538} INFO - Filling up the DagBag from /home/ubuntu/venv/lib/python3.10/site-packages/airflow/example_dags/example_bash_operator.py
[2023-07-09T15:50:25.476+0000] {processor.py:753} INFO - DAG(s) dict_keys(['example_bash_operator']) retrieved from /home/ubuntu/venv/lib/python3.10/site-packages/airflow/example_dags/example_bash_operator.py
[2023-07-09T15:50:25.558+0000] {logging_mixin.py:137} INFO - [2023-07-09T15:50:25.558+0000] {dag.py:2676} INFO - Sync 1 DAGs
[2023-07-09T15:50:25.593+0000] {logging_mixin.py:137} INFO - [2023-07-09T15:50:25.593+0000] {dag.py:3423} INFO - Setting next_dagrun for example_bash_operator to 2023-07-08T00:00:00+00:00, run_after=2023-07-09T00:00:00+00:00
[2023-07-09T15:50:25.619+0000] {processor.py:175} INFO - Processing /home/ubuntu/venv/lib/python3.10/site-packages/airflow/example_dags/example_bash_operator.py took 0.177 seconds
[2023-07-09T16:47:19.797+0000] {processor.py:153} INFO - Started process (PID=3590) to work on /home/ubuntu/venv/lib/python3.10/site-packages/airflow/example_dags/example_bash_operator.py
[2023-07-09T16:47:19.800+0000] {processor.py:743} INFO - Processing file /home/ubuntu/venv/lib/python3.10/site-packages/airflow/example_dags/example_bash_operator.py for tasks to queue
[2023-07-09T16:47:19.801+0000] {logging_mixin.py:137} INFO - [2023-07-09T16:47:19.801+0000] {dagbag.py:538} INFO - Filling up the DagBag from /home/ubuntu/venv/lib/python3.10/site-packages/airflow/example_dags/example_bash_operator.py
[2023-07-09T16:47:19.912+0000] {processor.py:753} INFO - DAG(s) dict_keys(['example_bash_operator']) retrieved from /home/ubuntu/venv/lib/python3.10/site-packages/airflow/example_dags/example_bash_operator.py
[2023-07-09T16:47:20.033+0000] {logging_mixin.py:137} INFO - [2023-07-09T16:47:20.033+0000] {dag.py:2676} INFO - Sync 1 DAGs
[2023-07-09T16:47:20.078+0000] {logging_mixin.py:137} INFO - [2023-07-09T16:47:20.078+0000] {dag.py:3423} INFO - Setting next_dagrun for example_bash_operator to 2023-07-08T00:00:00+00:00, run_after=2023-07-09T00:00:00+00:00
[2023-07-09T16:47:20.146+0000] {processor.py:175} INFO - Processing /home/ubuntu/venv/lib/python3.10/site-packages/airflow/example_dags/example_bash_operator.py took 0.353 seconds
[2023-07-09T16:47:50.236+0000] {processor.py:153} INFO - Started process (PID=3923) to work on /home/ubuntu/venv/lib/python3.10/site-packages/airflow/example_dags/example_bash_operator.py
[2023-07-09T16:47:50.237+0000] {processor.py:743} INFO - Processing file /home/ubuntu/venv/lib/python3.10/site-packages/airflow/example_dags/example_bash_operator.py for tasks to queue
[2023-07-09T16:47:50.238+0000] {logging_mixin.py:137} INFO - [2023-07-09T16:47:50.238+0000] {dagbag.py:538} INFO - Filling up the DagBag from /home/ubuntu/venv/lib/python3.10/site-packages/airflow/example_dags/example_bash_operator.py
[2023-07-09T16:47:50.278+0000] {processor.py:753} INFO - DAG(s) dict_keys(['example_bash_operator']) retrieved from /home/ubuntu/venv/lib/python3.10/site-packages/airflow/example_dags/example_bash_operator.py
[2023-07-09T16:47:50.373+0000] {logging_mixin.py:137} INFO - [2023-07-09T16:47:50.373+0000] {dag.py:2676} INFO - Sync 1 DAGs
[2023-07-09T16:47:50.417+0000] {logging_mixin.py:137} INFO - [2023-07-09T16:47:50.417+0000] {dag.py:3423} INFO - Setting next_dagrun for example_bash_operator to 2023-07-08T00:00:00+00:00, run_after=2023-07-09T00:00:00+00:00
[2023-07-09T16:47:50.448+0000] {processor.py:175} INFO - Processing /home/ubuntu/venv/lib/python3.10/site-packages/airflow/example_dags/example_bash_operator.py took 0.218 seconds
[2023-07-09T16:48:21.057+0000] {processor.py:153} INFO - Started process (PID=4158) to work on /home/ubuntu/venv/lib/python3.10/site-packages/airflow/example_dags/example_bash_operator.py
[2023-07-09T16:48:21.058+0000] {processor.py:743} INFO - Processing file /home/ubuntu/venv/lib/python3.10/site-packages/airflow/example_dags/example_bash_operator.py for tasks to queue
[2023-07-09T16:48:21.059+0000] {logging_mixin.py:137} INFO - [2023-07-09T16:48:21.059+0000] {dagbag.py:538} INFO - Filling up the DagBag from /home/ubuntu/venv/lib/python3.10/site-packages/airflow/example_dags/example_bash_operator.py
[2023-07-09T16:48:21.093+0000] {processor.py:753} INFO - DAG(s) dict_keys(['example_bash_operator']) retrieved from /home/ubuntu/venv/lib/python3.10/site-packages/airflow/example_dags/example_bash_operator.py
[2023-07-09T16:48:21.181+0000] {logging_mixin.py:137} INFO - [2023-07-09T16:48:21.181+0000] {dag.py:2676} INFO - Sync 1 DAGs
[2023-07-09T16:48:21.212+0000] {logging_mixin.py:137} INFO - [2023-07-09T16:48:21.212+0000] {dag.py:3423} INFO - Setting next_dagrun for example_bash_operator to 2023-07-08T00:00:00+00:00, run_after=2023-07-09T00:00:00+00:00
[2023-07-09T16:48:21.235+0000] {processor.py:175} INFO - Processing /home/ubuntu/venv/lib/python3.10/site-packages/airflow/example_dags/example_bash_operator.py took 0.182 seconds
[2023-07-09T16:48:52.156+0000] {processor.py:153} INFO - Started process (PID=4394) to work on /home/ubuntu/venv/lib/python3.10/site-packages/airflow/example_dags/example_bash_operator.py
[2023-07-09T16:48:52.158+0000] {processor.py:743} INFO - Processing file /home/ubuntu/venv/lib/python3.10/site-packages/airflow/example_dags/example_bash_operator.py for tasks to queue
[2023-07-09T16:48:52.158+0000] {logging_mixin.py:137} INFO - [2023-07-09T16:48:52.158+0000] {dagbag.py:538} INFO - Filling up the DagBag from /home/ubuntu/venv/lib/python3.10/site-packages/airflow/example_dags/example_bash_operator.py
[2023-07-09T16:48:52.208+0000] {processor.py:753} INFO - DAG(s) dict_keys(['example_bash_operator']) retrieved from /home/ubuntu/venv/lib/python3.10/site-packages/airflow/example_dags/example_bash_operator.py
[2023-07-09T16:48:52.302+0000] {logging_mixin.py:137} INFO - [2023-07-09T16:48:52.302+0000] {dag.py:2676} INFO - Sync 1 DAGs
[2023-07-09T16:48:52.342+0000] {logging_mixin.py:137} INFO - [2023-07-09T16:48:52.341+0000] {dag.py:3423} INFO - Setting next_dagrun for example_bash_operator to 2023-07-08T00:00:00+00:00, run_after=2023-07-09T00:00:00+00:00
[2023-07-09T16:48:52.367+0000] {processor.py:175} INFO - Processing /home/ubuntu/venv/lib/python3.10/site-packages/airflow/example_dags/example_bash_operator.py took 0.218 seconds
[2023-07-09T16:49:22.753+0000] {processor.py:153} INFO - Started process (PID=4629) to work on /home/ubuntu/venv/lib/python3.10/site-packages/airflow/example_dags/example_bash_operator.py
[2023-07-09T16:49:22.754+0000] {processor.py:743} INFO - Processing file /home/ubuntu/venv/lib/python3.10/site-packages/airflow/example_dags/example_bash_operator.py for tasks to queue
[2023-07-09T16:49:22.754+0000] {logging_mixin.py:137} INFO - [2023-07-09T16:49:22.754+0000] {dagbag.py:538} INFO - Filling up the DagBag from /home/ubuntu/venv/lib/python3.10/site-packages/airflow/example_dags/example_bash_operator.py
[2023-07-09T16:49:22.786+0000] {processor.py:753} INFO - DAG(s) dict_keys(['example_bash_operator']) retrieved from /home/ubuntu/venv/lib/python3.10/site-packages/airflow/example_dags/example_bash_operator.py
[2023-07-09T16:49:22.884+0000] {logging_mixin.py:137} INFO - [2023-07-09T16:49:22.884+0000] {dag.py:2676} INFO - Sync 1 DAGs
[2023-07-09T16:49:22.924+0000] {logging_mixin.py:137} INFO - [2023-07-09T16:49:22.924+0000] {dag.py:3423} INFO - Setting next_dagrun for example_bash_operator to 2023-07-08T00:00:00+00:00, run_after=2023-07-09T00:00:00+00:00
[2023-07-09T16:49:22.947+0000] {processor.py:175} INFO - Processing /home/ubuntu/venv/lib/python3.10/site-packages/airflow/example_dags/example_bash_operator.py took 0.198 seconds
[2023-07-09T16:49:53.228+0000] {processor.py:153} INFO - Started process (PID=4866) to work on /home/ubuntu/venv/lib/python3.10/site-packages/airflow/example_dags/example_bash_operator.py
[2023-07-09T16:49:53.229+0000] {processor.py:743} INFO - Processing file /home/ubuntu/venv/lib/python3.10/site-packages/airflow/example_dags/example_bash_operator.py for tasks to queue
[2023-07-09T16:49:53.230+0000] {logging_mixin.py:137} INFO - [2023-07-09T16:49:53.230+0000] {dagbag.py:538} INFO - Filling up the DagBag from /home/ubuntu/venv/lib/python3.10/site-packages/airflow/example_dags/example_bash_operator.py
[2023-07-09T16:49:53.285+0000] {processor.py:753} INFO - DAG(s) dict_keys(['example_bash_operator']) retrieved from /home/ubuntu/venv/lib/python3.10/site-packages/airflow/example_dags/example_bash_operator.py
[2023-07-09T16:49:53.387+0000] {logging_mixin.py:137} INFO - [2023-07-09T16:49:53.387+0000] {dag.py:2676} INFO - Sync 1 DAGs
[2023-07-09T16:49:53.424+0000] {logging_mixin.py:137} INFO - [2023-07-09T16:49:53.424+0000] {dag.py:3423} INFO - Setting next_dagrun for example_bash_operator to 2023-07-08T00:00:00+00:00, run_after=2023-07-09T00:00:00+00:00
[2023-07-09T16:49:53.451+0000] {processor.py:175} INFO - Processing /home/ubuntu/venv/lib/python3.10/site-packages/airflow/example_dags/example_bash_operator.py took 0.227 seconds
[2023-07-09T16:50:24.137+0000] {processor.py:153} INFO - Started process (PID=5101) to work on /home/ubuntu/venv/lib/python3.10/site-packages/airflow/example_dags/example_bash_operator.py
[2023-07-09T16:50:24.139+0000] {processor.py:743} INFO - Processing file /home/ubuntu/venv/lib/python3.10/site-packages/airflow/example_dags/example_bash_operator.py for tasks to queue
[2023-07-09T16:50:24.140+0000] {logging_mixin.py:137} INFO - [2023-07-09T16:50:24.140+0000] {dagbag.py:538} INFO - Filling up the DagBag from /home/ubuntu/venv/lib/python3.10/site-packages/airflow/example_dags/example_bash_operator.py
[2023-07-09T16:50:24.171+0000] {processor.py:753} INFO - DAG(s) dict_keys(['example_bash_operator']) retrieved from /home/ubuntu/venv/lib/python3.10/site-packages/airflow/example_dags/example_bash_operator.py
[2023-07-09T16:50:24.258+0000] {logging_mixin.py:137} INFO - [2023-07-09T16:50:24.258+0000] {dag.py:2676} INFO - Sync 1 DAGs
[2023-07-09T16:50:24.292+0000] {logging_mixin.py:137} INFO - [2023-07-09T16:50:24.292+0000] {dag.py:3423} INFO - Setting next_dagrun for example_bash_operator to 2023-07-08T00:00:00+00:00, run_after=2023-07-09T00:00:00+00:00
[2023-07-09T16:50:24.314+0000] {processor.py:175} INFO - Processing /home/ubuntu/venv/lib/python3.10/site-packages/airflow/example_dags/example_bash_operator.py took 0.183 seconds
[2023-07-09T16:54:56.393+0000] {processor.py:153} INFO - Started process (PID=5877) to work on /home/ubuntu/venv/lib/python3.10/site-packages/airflow/example_dags/example_bash_operator.py
[2023-07-09T16:54:56.395+0000] {processor.py:743} INFO - Processing file /home/ubuntu/venv/lib/python3.10/site-packages/airflow/example_dags/example_bash_operator.py for tasks to queue
[2023-07-09T16:54:56.396+0000] {logging_mixin.py:137} INFO - [2023-07-09T16:54:56.396+0000] {dagbag.py:538} INFO - Filling up the DagBag from /home/ubuntu/venv/lib/python3.10/site-packages/airflow/example_dags/example_bash_operator.py
[2023-07-09T16:54:56.434+0000] {processor.py:753} INFO - DAG(s) dict_keys(['example_bash_operator']) retrieved from /home/ubuntu/venv/lib/python3.10/site-packages/airflow/example_dags/example_bash_operator.py
[2023-07-09T16:54:56.575+0000] {logging_mixin.py:137} INFO - [2023-07-09T16:54:56.574+0000] {dag.py:2676} INFO - Sync 1 DAGs
[2023-07-09T16:54:56.676+0000] {logging_mixin.py:137} INFO - [2023-07-09T16:54:56.676+0000] {dag.py:3423} INFO - Setting next_dagrun for example_bash_operator to 2023-07-08T00:00:00+00:00, run_after=2023-07-09T00:00:00+00:00
[2023-07-09T16:54:56.755+0000] {processor.py:175} INFO - Processing /home/ubuntu/venv/lib/python3.10/site-packages/airflow/example_dags/example_bash_operator.py took 0.367 seconds
[2023-07-09T16:55:27.622+0000] {processor.py:153} INFO - Started process (PID=6136) to work on /home/ubuntu/venv/lib/python3.10/site-packages/airflow/example_dags/example_bash_operator.py
[2023-07-09T16:55:27.626+0000] {processor.py:743} INFO - Processing file /home/ubuntu/venv/lib/python3.10/site-packages/airflow/example_dags/example_bash_operator.py for tasks to queue
[2023-07-09T16:55:27.629+0000] {logging_mixin.py:137} INFO - [2023-07-09T16:55:27.627+0000] {dagbag.py:538} INFO - Filling up the DagBag from /home/ubuntu/venv/lib/python3.10/site-packages/airflow/example_dags/example_bash_operator.py
[2023-07-09T16:55:27.668+0000] {processor.py:753} INFO - DAG(s) dict_keys(['example_bash_operator']) retrieved from /home/ubuntu/venv/lib/python3.10/site-packages/airflow/example_dags/example_bash_operator.py
[2023-07-09T16:55:27.773+0000] {logging_mixin.py:137} INFO - [2023-07-09T16:55:27.772+0000] {dag.py:2676} INFO - Sync 1 DAGs
[2023-07-09T16:55:27.811+0000] {logging_mixin.py:137} INFO - [2023-07-09T16:55:27.811+0000] {dag.py:3423} INFO - Setting next_dagrun for example_bash_operator to 2023-07-08T00:00:00+00:00, run_after=2023-07-09T00:00:00+00:00
[2023-07-09T16:55:27.838+0000] {processor.py:175} INFO - Processing /home/ubuntu/venv/lib/python3.10/site-packages/airflow/example_dags/example_bash_operator.py took 0.235 seconds
[2023-07-09T16:55:57.920+0000] {processor.py:153} INFO - Started process (PID=6372) to work on /home/ubuntu/venv/lib/python3.10/site-packages/airflow/example_dags/example_bash_operator.py
[2023-07-09T16:55:57.921+0000] {processor.py:743} INFO - Processing file /home/ubuntu/venv/lib/python3.10/site-packages/airflow/example_dags/example_bash_operator.py for tasks to queue
[2023-07-09T16:55:57.922+0000] {logging_mixin.py:137} INFO - [2023-07-09T16:55:57.922+0000] {dagbag.py:538} INFO - Filling up the DagBag from /home/ubuntu/venv/lib/python3.10/site-packages/airflow/example_dags/example_bash_operator.py
[2023-07-09T16:55:57.965+0000] {processor.py:753} INFO - DAG(s) dict_keys(['example_bash_operator']) retrieved from /home/ubuntu/venv/lib/python3.10/site-packages/airflow/example_dags/example_bash_operator.py
[2023-07-09T16:55:58.073+0000] {logging_mixin.py:137} INFO - [2023-07-09T16:55:58.072+0000] {dag.py:2676} INFO - Sync 1 DAGs
[2023-07-09T16:55:58.110+0000] {logging_mixin.py:137} INFO - [2023-07-09T16:55:58.109+0000] {dag.py:3423} INFO - Setting next_dagrun for example_bash_operator to 2023-07-08T00:00:00+00:00, run_after=2023-07-09T00:00:00+00:00
[2023-07-09T16:55:58.131+0000] {processor.py:175} INFO - Processing /home/ubuntu/venv/lib/python3.10/site-packages/airflow/example_dags/example_bash_operator.py took 0.216 seconds
[2023-07-09T16:56:28.629+0000] {processor.py:153} INFO - Started process (PID=6607) to work on /home/ubuntu/venv/lib/python3.10/site-packages/airflow/example_dags/example_bash_operator.py
[2023-07-09T16:56:28.631+0000] {processor.py:743} INFO - Processing file /home/ubuntu/venv/lib/python3.10/site-packages/airflow/example_dags/example_bash_operator.py for tasks to queue
[2023-07-09T16:56:28.632+0000] {logging_mixin.py:137} INFO - [2023-07-09T16:56:28.632+0000] {dagbag.py:538} INFO - Filling up the DagBag from /home/ubuntu/venv/lib/python3.10/site-packages/airflow/example_dags/example_bash_operator.py
[2023-07-09T16:56:28.668+0000] {processor.py:753} INFO - DAG(s) dict_keys(['example_bash_operator']) retrieved from /home/ubuntu/venv/lib/python3.10/site-packages/airflow/example_dags/example_bash_operator.py
[2023-07-09T16:56:28.767+0000] {logging_mixin.py:137} INFO - [2023-07-09T16:56:28.767+0000] {dag.py:2676} INFO - Sync 1 DAGs
[2023-07-09T16:56:28.820+0000] {logging_mixin.py:137} INFO - [2023-07-09T16:56:28.820+0000] {dag.py:3423} INFO - Setting next_dagrun for example_bash_operator to 2023-07-08T00:00:00+00:00, run_after=2023-07-09T00:00:00+00:00
[2023-07-09T16:56:28.848+0000] {processor.py:175} INFO - Processing /home/ubuntu/venv/lib/python3.10/site-packages/airflow/example_dags/example_bash_operator.py took 0.226 seconds
[2023-07-09T16:56:59.479+0000] {processor.py:153} INFO - Started process (PID=6864) to work on /home/ubuntu/venv/lib/python3.10/site-packages/airflow/example_dags/example_bash_operator.py
[2023-07-09T16:56:59.480+0000] {processor.py:743} INFO - Processing file /home/ubuntu/venv/lib/python3.10/site-packages/airflow/example_dags/example_bash_operator.py for tasks to queue
[2023-07-09T16:56:59.481+0000] {logging_mixin.py:137} INFO - [2023-07-09T16:56:59.481+0000] {dagbag.py:538} INFO - Filling up the DagBag from /home/ubuntu/venv/lib/python3.10/site-packages/airflow/example_dags/example_bash_operator.py
[2023-07-09T16:56:59.515+0000] {processor.py:753} INFO - DAG(s) dict_keys(['example_bash_operator']) retrieved from /home/ubuntu/venv/lib/python3.10/site-packages/airflow/example_dags/example_bash_operator.py
[2023-07-09T16:56:59.607+0000] {logging_mixin.py:137} INFO - [2023-07-09T16:56:59.607+0000] {dag.py:2676} INFO - Sync 1 DAGs
[2023-07-09T16:56:59.642+0000] {logging_mixin.py:137} INFO - [2023-07-09T16:56:59.642+0000] {dag.py:3423} INFO - Setting next_dagrun for example_bash_operator to 2023-07-08T00:00:00+00:00, run_after=2023-07-09T00:00:00+00:00
[2023-07-09T16:56:59.665+0000] {processor.py:175} INFO - Processing /home/ubuntu/venv/lib/python3.10/site-packages/airflow/example_dags/example_bash_operator.py took 0.190 seconds
[2023-07-09T16:57:29.823+0000] {processor.py:153} INFO - Started process (PID=7099) to work on /home/ubuntu/venv/lib/python3.10/site-packages/airflow/example_dags/example_bash_operator.py
[2023-07-09T16:57:29.827+0000] {processor.py:743} INFO - Processing file /home/ubuntu/venv/lib/python3.10/site-packages/airflow/example_dags/example_bash_operator.py for tasks to queue
[2023-07-09T16:57:29.827+0000] {logging_mixin.py:137} INFO - [2023-07-09T16:57:29.827+0000] {dagbag.py:538} INFO - Filling up the DagBag from /home/ubuntu/venv/lib/python3.10/site-packages/airflow/example_dags/example_bash_operator.py
[2023-07-09T16:57:29.863+0000] {processor.py:753} INFO - DAG(s) dict_keys(['example_bash_operator']) retrieved from /home/ubuntu/venv/lib/python3.10/site-packages/airflow/example_dags/example_bash_operator.py
[2023-07-09T16:57:29.957+0000] {logging_mixin.py:137} INFO - [2023-07-09T16:57:29.956+0000] {dag.py:2676} INFO - Sync 1 DAGs
[2023-07-09T16:57:29.989+0000] {logging_mixin.py:137} INFO - [2023-07-09T16:57:29.989+0000] {dag.py:3423} INFO - Setting next_dagrun for example_bash_operator to 2023-07-08T00:00:00+00:00, run_after=2023-07-09T00:00:00+00:00
[2023-07-09T16:57:30.023+0000] {processor.py:175} INFO - Processing /home/ubuntu/venv/lib/python3.10/site-packages/airflow/example_dags/example_bash_operator.py took 0.205 seconds
[2023-07-09T16:58:00.678+0000] {processor.py:153} INFO - Started process (PID=7333) to work on /home/ubuntu/venv/lib/python3.10/site-packages/airflow/example_dags/example_bash_operator.py
[2023-07-09T16:58:00.679+0000] {processor.py:743} INFO - Processing file /home/ubuntu/venv/lib/python3.10/site-packages/airflow/example_dags/example_bash_operator.py for tasks to queue
[2023-07-09T16:58:00.680+0000] {logging_mixin.py:137} INFO - [2023-07-09T16:58:00.680+0000] {dagbag.py:538} INFO - Filling up the DagBag from /home/ubuntu/venv/lib/python3.10/site-packages/airflow/example_dags/example_bash_operator.py
[2023-07-09T16:58:00.709+0000] {processor.py:753} INFO - DAG(s) dict_keys(['example_bash_operator']) retrieved from /home/ubuntu/venv/lib/python3.10/site-packages/airflow/example_dags/example_bash_operator.py
[2023-07-09T16:58:00.798+0000] {logging_mixin.py:137} INFO - [2023-07-09T16:58:00.798+0000] {dag.py:2676} INFO - Sync 1 DAGs
[2023-07-09T16:58:00.848+0000] {logging_mixin.py:137} INFO - [2023-07-09T16:58:00.848+0000] {dag.py:3423} INFO - Setting next_dagrun for example_bash_operator to 2023-07-08T00:00:00+00:00, run_after=2023-07-09T00:00:00+00:00
[2023-07-09T16:58:00.894+0000] {processor.py:175} INFO - Processing /home/ubuntu/venv/lib/python3.10/site-packages/airflow/example_dags/example_bash_operator.py took 0.221 seconds
[2023-07-09T16:58:31.652+0000] {processor.py:153} INFO - Started process (PID=7570) to work on /home/ubuntu/venv/lib/python3.10/site-packages/airflow/example_dags/example_bash_operator.py
[2023-07-09T16:58:31.653+0000] {processor.py:743} INFO - Processing file /home/ubuntu/venv/lib/python3.10/site-packages/airflow/example_dags/example_bash_operator.py for tasks to queue
[2023-07-09T16:58:31.654+0000] {logging_mixin.py:137} INFO - [2023-07-09T16:58:31.653+0000] {dagbag.py:538} INFO - Filling up the DagBag from /home/ubuntu/venv/lib/python3.10/site-packages/airflow/example_dags/example_bash_operator.py
[2023-07-09T16:58:31.685+0000] {processor.py:753} INFO - DAG(s) dict_keys(['example_bash_operator']) retrieved from /home/ubuntu/venv/lib/python3.10/site-packages/airflow/example_dags/example_bash_operator.py
[2023-07-09T16:58:31.771+0000] {logging_mixin.py:137} INFO - [2023-07-09T16:58:31.771+0000] {dag.py:2676} INFO - Sync 1 DAGs
[2023-07-09T16:58:31.806+0000] {logging_mixin.py:137} INFO - [2023-07-09T16:58:31.806+0000] {dag.py:3423} INFO - Setting next_dagrun for example_bash_operator to 2023-07-08T00:00:00+00:00, run_after=2023-07-09T00:00:00+00:00
[2023-07-09T16:58:31.831+0000] {processor.py:175} INFO - Processing /home/ubuntu/venv/lib/python3.10/site-packages/airflow/example_dags/example_bash_operator.py took 0.183 seconds
[2023-07-09T16:59:04.711+0000] {processor.py:153} INFO - Started process (PID=7804) to work on /home/ubuntu/venv/lib/python3.10/site-packages/airflow/example_dags/example_bash_operator.py
[2023-07-09T16:59:04.712+0000] {processor.py:743} INFO - Processing file /home/ubuntu/venv/lib/python3.10/site-packages/airflow/example_dags/example_bash_operator.py for tasks to queue
[2023-07-09T16:59:04.713+0000] {logging_mixin.py:137} INFO - [2023-07-09T16:59:04.713+0000] {dagbag.py:538} INFO - Filling up the DagBag from /home/ubuntu/venv/lib/python3.10/site-packages/airflow/example_dags/example_bash_operator.py
[2023-07-09T16:59:04.755+0000] {processor.py:753} INFO - DAG(s) dict_keys(['example_bash_operator']) retrieved from /home/ubuntu/venv/lib/python3.10/site-packages/airflow/example_dags/example_bash_operator.py
[2023-07-09T16:59:04.848+0000] {logging_mixin.py:137} INFO - [2023-07-09T16:59:04.847+0000] {dag.py:2676} INFO - Sync 1 DAGs
[2023-07-09T16:59:05.097+0000] {logging_mixin.py:137} INFO - [2023-07-09T16:59:05.096+0000] {dag.py:3423} INFO - Setting next_dagrun for example_bash_operator to 2023-07-08T00:00:00+00:00, run_after=2023-07-09T00:00:00+00:00
[2023-07-09T16:59:05.135+0000] {processor.py:175} INFO - Processing /home/ubuntu/venv/lib/python3.10/site-packages/airflow/example_dags/example_bash_operator.py took 0.428 seconds
[2023-07-09T16:59:35.516+0000] {processor.py:153} INFO - Started process (PID=8042) to work on /home/ubuntu/venv/lib/python3.10/site-packages/airflow/example_dags/example_bash_operator.py
[2023-07-09T16:59:35.518+0000] {processor.py:743} INFO - Processing file /home/ubuntu/venv/lib/python3.10/site-packages/airflow/example_dags/example_bash_operator.py for tasks to queue
[2023-07-09T16:59:35.519+0000] {logging_mixin.py:137} INFO - [2023-07-09T16:59:35.518+0000] {dagbag.py:538} INFO - Filling up the DagBag from /home/ubuntu/venv/lib/python3.10/site-packages/airflow/example_dags/example_bash_operator.py
[2023-07-09T16:59:35.552+0000] {processor.py:753} INFO - DAG(s) dict_keys(['example_bash_operator']) retrieved from /home/ubuntu/venv/lib/python3.10/site-packages/airflow/example_dags/example_bash_operator.py
[2023-07-09T16:59:35.655+0000] {logging_mixin.py:137} INFO - [2023-07-09T16:59:35.654+0000] {dag.py:2676} INFO - Sync 1 DAGs
[2023-07-09T16:59:35.893+0000] {logging_mixin.py:137} INFO - [2023-07-09T16:59:35.892+0000] {dag.py:3423} INFO - Setting next_dagrun for example_bash_operator to 2023-07-08T00:00:00+00:00, run_after=2023-07-09T00:00:00+00:00
[2023-07-09T16:59:35.917+0000] {processor.py:175} INFO - Processing /home/ubuntu/venv/lib/python3.10/site-packages/airflow/example_dags/example_bash_operator.py took 0.405 seconds
[2023-07-09T17:00:32.716+0000] {processor.py:153} INFO - Started process (PID=8705) to work on /home/ubuntu/venv/lib/python3.10/site-packages/airflow/example_dags/example_bash_operator.py
[2023-07-09T17:00:32.717+0000] {processor.py:743} INFO - Processing file /home/ubuntu/venv/lib/python3.10/site-packages/airflow/example_dags/example_bash_operator.py for tasks to queue
[2023-07-09T17:00:32.718+0000] {logging_mixin.py:137} INFO - [2023-07-09T17:00:32.718+0000] {dagbag.py:538} INFO - Filling up the DagBag from /home/ubuntu/venv/lib/python3.10/site-packages/airflow/example_dags/example_bash_operator.py
[2023-07-09T17:00:32.748+0000] {processor.py:753} INFO - DAG(s) dict_keys(['example_bash_operator']) retrieved from /home/ubuntu/venv/lib/python3.10/site-packages/airflow/example_dags/example_bash_operator.py
[2023-07-09T17:00:32.830+0000] {logging_mixin.py:137} INFO - [2023-07-09T17:00:32.830+0000] {dag.py:2676} INFO - Sync 1 DAGs
[2023-07-09T17:00:32.862+0000] {logging_mixin.py:137} INFO - [2023-07-09T17:00:32.862+0000] {dag.py:3423} INFO - Setting next_dagrun for example_bash_operator to 2023-07-08T00:00:00+00:00, run_after=2023-07-09T00:00:00+00:00
[2023-07-09T17:00:32.886+0000] {processor.py:175} INFO - Processing /home/ubuntu/venv/lib/python3.10/site-packages/airflow/example_dags/example_bash_operator.py took 0.174 seconds
[2023-07-09T17:01:04.174+0000] {processor.py:153} INFO - Started process (PID=8962) to work on /home/ubuntu/venv/lib/python3.10/site-packages/airflow/example_dags/example_bash_operator.py
[2023-07-09T17:01:04.176+0000] {processor.py:743} INFO - Processing file /home/ubuntu/venv/lib/python3.10/site-packages/airflow/example_dags/example_bash_operator.py for tasks to queue
[2023-07-09T17:01:04.177+0000] {logging_mixin.py:137} INFO - [2023-07-09T17:01:04.177+0000] {dagbag.py:538} INFO - Filling up the DagBag from /home/ubuntu/venv/lib/python3.10/site-packages/airflow/example_dags/example_bash_operator.py
[2023-07-09T17:01:04.211+0000] {processor.py:753} INFO - DAG(s) dict_keys(['example_bash_operator']) retrieved from /home/ubuntu/venv/lib/python3.10/site-packages/airflow/example_dags/example_bash_operator.py
[2023-07-09T17:01:04.319+0000] {logging_mixin.py:137} INFO - [2023-07-09T17:01:04.319+0000] {dag.py:2676} INFO - Sync 1 DAGs
[2023-07-09T17:01:04.364+0000] {logging_mixin.py:137} INFO - [2023-07-09T17:01:04.364+0000] {dag.py:3423} INFO - Setting next_dagrun for example_bash_operator to 2023-07-08T00:00:00+00:00, run_after=2023-07-09T00:00:00+00:00
[2023-07-09T17:01:04.393+0000] {processor.py:175} INFO - Processing /home/ubuntu/venv/lib/python3.10/site-packages/airflow/example_dags/example_bash_operator.py took 0.224 seconds
[2023-07-09T17:01:35.088+0000] {processor.py:153} INFO - Started process (PID=9199) to work on /home/ubuntu/venv/lib/python3.10/site-packages/airflow/example_dags/example_bash_operator.py
[2023-07-09T17:01:35.089+0000] {processor.py:743} INFO - Processing file /home/ubuntu/venv/lib/python3.10/site-packages/airflow/example_dags/example_bash_operator.py for tasks to queue
[2023-07-09T17:01:35.090+0000] {logging_mixin.py:137} INFO - [2023-07-09T17:01:35.089+0000] {dagbag.py:538} INFO - Filling up the DagBag from /home/ubuntu/venv/lib/python3.10/site-packages/airflow/example_dags/example_bash_operator.py
[2023-07-09T17:01:35.120+0000] {processor.py:753} INFO - DAG(s) dict_keys(['example_bash_operator']) retrieved from /home/ubuntu/venv/lib/python3.10/site-packages/airflow/example_dags/example_bash_operator.py
[2023-07-09T17:01:35.203+0000] {logging_mixin.py:137} INFO - [2023-07-09T17:01:35.202+0000] {dag.py:2676} INFO - Sync 1 DAGs
[2023-07-09T17:01:35.237+0000] {logging_mixin.py:137} INFO - [2023-07-09T17:01:35.237+0000] {dag.py:3423} INFO - Setting next_dagrun for example_bash_operator to 2023-07-08T00:00:00+00:00, run_after=2023-07-09T00:00:00+00:00
[2023-07-09T17:01:35.260+0000] {processor.py:175} INFO - Processing /home/ubuntu/venv/lib/python3.10/site-packages/airflow/example_dags/example_bash_operator.py took 0.177 seconds
[2023-07-09T17:02:06.061+0000] {processor.py:153} INFO - Started process (PID=9455) to work on /home/ubuntu/venv/lib/python3.10/site-packages/airflow/example_dags/example_bash_operator.py
[2023-07-09T17:02:06.063+0000] {processor.py:743} INFO - Processing file /home/ubuntu/venv/lib/python3.10/site-packages/airflow/example_dags/example_bash_operator.py for tasks to queue
[2023-07-09T17:02:06.065+0000] {logging_mixin.py:137} INFO - [2023-07-09T17:02:06.065+0000] {dagbag.py:538} INFO - Filling up the DagBag from /home/ubuntu/venv/lib/python3.10/site-packages/airflow/example_dags/example_bash_operator.py
[2023-07-09T17:02:06.097+0000] {processor.py:753} INFO - DAG(s) dict_keys(['example_bash_operator']) retrieved from /home/ubuntu/venv/lib/python3.10/site-packages/airflow/example_dags/example_bash_operator.py
[2023-07-09T17:02:06.204+0000] {logging_mixin.py:137} INFO - [2023-07-09T17:02:06.204+0000] {dag.py:2676} INFO - Sync 1 DAGs
[2023-07-09T17:02:06.265+0000] {logging_mixin.py:137} INFO - [2023-07-09T17:02:06.264+0000] {dag.py:3423} INFO - Setting next_dagrun for example_bash_operator to 2023-07-08T00:00:00+00:00, run_after=2023-07-09T00:00:00+00:00
[2023-07-09T17:02:06.291+0000] {processor.py:175} INFO - Processing /home/ubuntu/venv/lib/python3.10/site-packages/airflow/example_dags/example_bash_operator.py took 0.234 seconds
[2023-07-09T17:02:36.903+0000] {processor.py:153} INFO - Started process (PID=9690) to work on /home/ubuntu/venv/lib/python3.10/site-packages/airflow/example_dags/example_bash_operator.py
[2023-07-09T17:02:36.905+0000] {processor.py:743} INFO - Processing file /home/ubuntu/venv/lib/python3.10/site-packages/airflow/example_dags/example_bash_operator.py for tasks to queue
[2023-07-09T17:02:36.906+0000] {logging_mixin.py:137} INFO - [2023-07-09T17:02:36.905+0000] {dagbag.py:538} INFO - Filling up the DagBag from /home/ubuntu/venv/lib/python3.10/site-packages/airflow/example_dags/example_bash_operator.py
[2023-07-09T17:02:36.944+0000] {processor.py:753} INFO - DAG(s) dict_keys(['example_bash_operator']) retrieved from /home/ubuntu/venv/lib/python3.10/site-packages/airflow/example_dags/example_bash_operator.py
[2023-07-09T17:02:37.040+0000] {logging_mixin.py:137} INFO - [2023-07-09T17:02:37.040+0000] {dag.py:2676} INFO - Sync 1 DAGs
[2023-07-09T17:02:37.079+0000] {logging_mixin.py:137} INFO - [2023-07-09T17:02:37.079+0000] {dag.py:3423} INFO - Setting next_dagrun for example_bash_operator to 2023-07-08T00:00:00+00:00, run_after=2023-07-09T00:00:00+00:00
[2023-07-09T17:02:37.103+0000] {processor.py:175} INFO - Processing /home/ubuntu/venv/lib/python3.10/site-packages/airflow/example_dags/example_bash_operator.py took 0.205 seconds
[2023-07-09T17:03:07.858+0000] {processor.py:153} INFO - Started process (PID=9927) to work on /home/ubuntu/venv/lib/python3.10/site-packages/airflow/example_dags/example_bash_operator.py
[2023-07-09T17:03:07.859+0000] {processor.py:743} INFO - Processing file /home/ubuntu/venv/lib/python3.10/site-packages/airflow/example_dags/example_bash_operator.py for tasks to queue
[2023-07-09T17:03:07.860+0000] {logging_mixin.py:137} INFO - [2023-07-09T17:03:07.860+0000] {dagbag.py:538} INFO - Filling up the DagBag from /home/ubuntu/venv/lib/python3.10/site-packages/airflow/example_dags/example_bash_operator.py
[2023-07-09T17:03:07.890+0000] {processor.py:753} INFO - DAG(s) dict_keys(['example_bash_operator']) retrieved from /home/ubuntu/venv/lib/python3.10/site-packages/airflow/example_dags/example_bash_operator.py
[2023-07-09T17:03:07.975+0000] {logging_mixin.py:137} INFO - [2023-07-09T17:03:07.974+0000] {dag.py:2676} INFO - Sync 1 DAGs
[2023-07-09T17:03:08.007+0000] {logging_mixin.py:137} INFO - [2023-07-09T17:03:08.007+0000] {dag.py:3423} INFO - Setting next_dagrun for example_bash_operator to 2023-07-08T00:00:00+00:00, run_after=2023-07-09T00:00:00+00:00
[2023-07-09T17:03:08.029+0000] {processor.py:175} INFO - Processing /home/ubuntu/venv/lib/python3.10/site-packages/airflow/example_dags/example_bash_operator.py took 0.176 seconds
[2023-07-09T17:03:38.821+0000] {processor.py:153} INFO - Started process (PID=10164) to work on /home/ubuntu/venv/lib/python3.10/site-packages/airflow/example_dags/example_bash_operator.py
[2023-07-09T17:03:38.822+0000] {processor.py:743} INFO - Processing file /home/ubuntu/venv/lib/python3.10/site-packages/airflow/example_dags/example_bash_operator.py for tasks to queue
[2023-07-09T17:03:38.823+0000] {logging_mixin.py:137} INFO - [2023-07-09T17:03:38.823+0000] {dagbag.py:538} INFO - Filling up the DagBag from /home/ubuntu/venv/lib/python3.10/site-packages/airflow/example_dags/example_bash_operator.py
[2023-07-09T17:03:38.854+0000] {processor.py:753} INFO - DAG(s) dict_keys(['example_bash_operator']) retrieved from /home/ubuntu/venv/lib/python3.10/site-packages/airflow/example_dags/example_bash_operator.py
[2023-07-09T17:03:39.003+0000] {logging_mixin.py:137} INFO - [2023-07-09T17:03:39.003+0000] {dag.py:2676} INFO - Sync 1 DAGs
[2023-07-09T17:03:39.038+0000] {logging_mixin.py:137} INFO - [2023-07-09T17:03:39.038+0000] {dag.py:3423} INFO - Setting next_dagrun for example_bash_operator to 2023-07-08T00:00:00+00:00, run_after=2023-07-09T00:00:00+00:00
[2023-07-09T17:03:39.061+0000] {processor.py:175} INFO - Processing /home/ubuntu/venv/lib/python3.10/site-packages/airflow/example_dags/example_bash_operator.py took 0.244 seconds
[2023-07-09T17:04:09.682+0000] {processor.py:153} INFO - Started process (PID=10398) to work on /home/ubuntu/venv/lib/python3.10/site-packages/airflow/example_dags/example_bash_operator.py
[2023-07-09T17:04:09.683+0000] {processor.py:743} INFO - Processing file /home/ubuntu/venv/lib/python3.10/site-packages/airflow/example_dags/example_bash_operator.py for tasks to queue
[2023-07-09T17:04:09.684+0000] {logging_mixin.py:137} INFO - [2023-07-09T17:04:09.684+0000] {dagbag.py:538} INFO - Filling up the DagBag from /home/ubuntu/venv/lib/python3.10/site-packages/airflow/example_dags/example_bash_operator.py
[2023-07-09T17:04:09.715+0000] {processor.py:753} INFO - DAG(s) dict_keys(['example_bash_operator']) retrieved from /home/ubuntu/venv/lib/python3.10/site-packages/airflow/example_dags/example_bash_operator.py
[2023-07-09T17:04:09.798+0000] {logging_mixin.py:137} INFO - [2023-07-09T17:04:09.798+0000] {dag.py:2676} INFO - Sync 1 DAGs
[2023-07-09T17:04:09.835+0000] {logging_mixin.py:137} INFO - [2023-07-09T17:04:09.835+0000] {dag.py:3423} INFO - Setting next_dagrun for example_bash_operator to 2023-07-08T00:00:00+00:00, run_after=2023-07-09T00:00:00+00:00
[2023-07-09T17:04:09.862+0000] {processor.py:175} INFO - Processing /home/ubuntu/venv/lib/python3.10/site-packages/airflow/example_dags/example_bash_operator.py took 0.184 seconds
[2023-07-09T17:04:42.105+0000] {processor.py:153} INFO - Started process (PID=10635) to work on /home/ubuntu/venv/lib/python3.10/site-packages/airflow/example_dags/example_bash_operator.py
[2023-07-09T17:04:42.107+0000] {processor.py:743} INFO - Processing file /home/ubuntu/venv/lib/python3.10/site-packages/airflow/example_dags/example_bash_operator.py for tasks to queue
[2023-07-09T17:04:42.107+0000] {logging_mixin.py:137} INFO - [2023-07-09T17:04:42.107+0000] {dagbag.py:538} INFO - Filling up the DagBag from /home/ubuntu/venv/lib/python3.10/site-packages/airflow/example_dags/example_bash_operator.py
[2023-07-09T17:04:42.138+0000] {processor.py:753} INFO - DAG(s) dict_keys(['example_bash_operator']) retrieved from /home/ubuntu/venv/lib/python3.10/site-packages/airflow/example_dags/example_bash_operator.py
[2023-07-09T17:04:42.224+0000] {logging_mixin.py:137} INFO - [2023-07-09T17:04:42.223+0000] {dag.py:2676} INFO - Sync 1 DAGs
[2023-07-09T17:04:42.431+0000] {logging_mixin.py:137} INFO - [2023-07-09T17:04:42.431+0000] {dag.py:3423} INFO - Setting next_dagrun for example_bash_operator to 2023-07-08T00:00:00+00:00, run_after=2023-07-09T00:00:00+00:00
[2023-07-09T17:04:42.461+0000] {processor.py:175} INFO - Processing /home/ubuntu/venv/lib/python3.10/site-packages/airflow/example_dags/example_bash_operator.py took 0.360 seconds
[2023-07-09T17:06:04.819+0000] {processor.py:153} INFO - Started process (PID=11205) to work on /home/ubuntu/venv/lib/python3.10/site-packages/airflow/example_dags/example_bash_operator.py
[2023-07-09T17:06:04.821+0000] {processor.py:743} INFO - Processing file /home/ubuntu/venv/lib/python3.10/site-packages/airflow/example_dags/example_bash_operator.py for tasks to queue
[2023-07-09T17:06:04.822+0000] {logging_mixin.py:137} INFO - [2023-07-09T17:06:04.822+0000] {dagbag.py:538} INFO - Filling up the DagBag from /home/ubuntu/venv/lib/python3.10/site-packages/airflow/example_dags/example_bash_operator.py
[2023-07-09T17:06:04.860+0000] {processor.py:753} INFO - DAG(s) dict_keys(['example_bash_operator']) retrieved from /home/ubuntu/venv/lib/python3.10/site-packages/airflow/example_dags/example_bash_operator.py
[2023-07-09T17:06:04.991+0000] {logging_mixin.py:137} INFO - [2023-07-09T17:06:04.991+0000] {dag.py:2676} INFO - Sync 1 DAGs
[2023-07-09T17:06:05.069+0000] {logging_mixin.py:137} INFO - [2023-07-09T17:06:05.069+0000] {dag.py:3423} INFO - Setting next_dagrun for example_bash_operator to 2023-07-08T00:00:00+00:00, run_after=2023-07-09T00:00:00+00:00
[2023-07-09T17:06:05.107+0000] {processor.py:175} INFO - Processing /home/ubuntu/venv/lib/python3.10/site-packages/airflow/example_dags/example_bash_operator.py took 0.294 seconds
[2023-07-09T17:06:35.879+0000] {processor.py:153} INFO - Started process (PID=11462) to work on /home/ubuntu/venv/lib/python3.10/site-packages/airflow/example_dags/example_bash_operator.py
[2023-07-09T17:06:35.880+0000] {processor.py:743} INFO - Processing file /home/ubuntu/venv/lib/python3.10/site-packages/airflow/example_dags/example_bash_operator.py for tasks to queue
[2023-07-09T17:06:35.880+0000] {logging_mixin.py:137} INFO - [2023-07-09T17:06:35.880+0000] {dagbag.py:538} INFO - Filling up the DagBag from /home/ubuntu/venv/lib/python3.10/site-packages/airflow/example_dags/example_bash_operator.py
[2023-07-09T17:06:35.918+0000] {processor.py:753} INFO - DAG(s) dict_keys(['example_bash_operator']) retrieved from /home/ubuntu/venv/lib/python3.10/site-packages/airflow/example_dags/example_bash_operator.py
[2023-07-09T17:06:36.003+0000] {logging_mixin.py:137} INFO - [2023-07-09T17:06:36.003+0000] {dag.py:2676} INFO - Sync 1 DAGs
[2023-07-09T17:06:36.036+0000] {logging_mixin.py:137} INFO - [2023-07-09T17:06:36.036+0000] {dag.py:3423} INFO - Setting next_dagrun for example_bash_operator to 2023-07-08T00:00:00+00:00, run_after=2023-07-09T00:00:00+00:00
[2023-07-09T17:06:36.059+0000] {processor.py:175} INFO - Processing /home/ubuntu/venv/lib/python3.10/site-packages/airflow/example_dags/example_bash_operator.py took 0.185 seconds
[2023-07-09T17:07:29.010+0000] {processor.py:153} INFO - Started process (PID=11937) to work on /home/ubuntu/venv/lib/python3.10/site-packages/airflow/example_dags/example_bash_operator.py
[2023-07-09T17:07:29.012+0000] {processor.py:743} INFO - Processing file /home/ubuntu/venv/lib/python3.10/site-packages/airflow/example_dags/example_bash_operator.py for tasks to queue
[2023-07-09T17:07:29.013+0000] {logging_mixin.py:137} INFO - [2023-07-09T17:07:29.013+0000] {dagbag.py:538} INFO - Filling up the DagBag from /home/ubuntu/venv/lib/python3.10/site-packages/airflow/example_dags/example_bash_operator.py
[2023-07-09T17:07:29.076+0000] {processor.py:753} INFO - DAG(s) dict_keys(['example_bash_operator']) retrieved from /home/ubuntu/venv/lib/python3.10/site-packages/airflow/example_dags/example_bash_operator.py
[2023-07-09T17:07:29.212+0000] {logging_mixin.py:137} INFO - [2023-07-09T17:07:29.212+0000] {dag.py:2676} INFO - Sync 1 DAGs
[2023-07-09T17:07:29.262+0000] {logging_mixin.py:137} INFO - [2023-07-09T17:07:29.262+0000] {dag.py:3423} INFO - Setting next_dagrun for example_bash_operator to 2023-07-08T00:00:00+00:00, run_after=2023-07-09T00:00:00+00:00
[2023-07-09T17:07:29.298+0000] {processor.py:175} INFO - Processing /home/ubuntu/venv/lib/python3.10/site-packages/airflow/example_dags/example_bash_operator.py took 0.294 seconds
[2023-07-09T17:08:00.678+0000] {processor.py:153} INFO - Started process (PID=12195) to work on /home/ubuntu/venv/lib/python3.10/site-packages/airflow/example_dags/example_bash_operator.py
[2023-07-09T17:08:00.679+0000] {processor.py:743} INFO - Processing file /home/ubuntu/venv/lib/python3.10/site-packages/airflow/example_dags/example_bash_operator.py for tasks to queue
[2023-07-09T17:08:00.680+0000] {logging_mixin.py:137} INFO - [2023-07-09T17:08:00.680+0000] {dagbag.py:538} INFO - Filling up the DagBag from /home/ubuntu/venv/lib/python3.10/site-packages/airflow/example_dags/example_bash_operator.py
[2023-07-09T17:08:00.715+0000] {processor.py:753} INFO - DAG(s) dict_keys(['example_bash_operator']) retrieved from /home/ubuntu/venv/lib/python3.10/site-packages/airflow/example_dags/example_bash_operator.py
[2023-07-09T17:08:00.815+0000] {logging_mixin.py:137} INFO - [2023-07-09T17:08:00.815+0000] {dag.py:2676} INFO - Sync 1 DAGs
[2023-07-09T17:08:00.868+0000] {logging_mixin.py:137} INFO - [2023-07-09T17:08:00.868+0000] {dag.py:3423} INFO - Setting next_dagrun for example_bash_operator to 2023-07-08T00:00:00+00:00, run_after=2023-07-09T00:00:00+00:00
[2023-07-09T17:08:00.893+0000] {processor.py:175} INFO - Processing /home/ubuntu/venv/lib/python3.10/site-packages/airflow/example_dags/example_bash_operator.py took 0.219 seconds
[2023-07-09T17:08:31.509+0000] {processor.py:153} INFO - Started process (PID=12428) to work on /home/ubuntu/venv/lib/python3.10/site-packages/airflow/example_dags/example_bash_operator.py
[2023-07-09T17:08:31.510+0000] {processor.py:743} INFO - Processing file /home/ubuntu/venv/lib/python3.10/site-packages/airflow/example_dags/example_bash_operator.py for tasks to queue
[2023-07-09T17:08:31.511+0000] {logging_mixin.py:137} INFO - [2023-07-09T17:08:31.510+0000] {dagbag.py:538} INFO - Filling up the DagBag from /home/ubuntu/venv/lib/python3.10/site-packages/airflow/example_dags/example_bash_operator.py
[2023-07-09T17:08:31.554+0000] {processor.py:753} INFO - DAG(s) dict_keys(['example_bash_operator']) retrieved from /home/ubuntu/venv/lib/python3.10/site-packages/airflow/example_dags/example_bash_operator.py
[2023-07-09T17:08:31.653+0000] {logging_mixin.py:137} INFO - [2023-07-09T17:08:31.653+0000] {dag.py:2676} INFO - Sync 1 DAGs
[2023-07-09T17:08:31.690+0000] {logging_mixin.py:137} INFO - [2023-07-09T17:08:31.689+0000] {dag.py:3423} INFO - Setting next_dagrun for example_bash_operator to 2023-07-08T00:00:00+00:00, run_after=2023-07-09T00:00:00+00:00
[2023-07-09T17:08:31.712+0000] {processor.py:175} INFO - Processing /home/ubuntu/venv/lib/python3.10/site-packages/airflow/example_dags/example_bash_operator.py took 0.210 seconds
[2023-07-09T17:09:07.902+0000] {processor.py:153} INFO - Started process (PID=12886) to work on /home/ubuntu/venv/lib/python3.10/site-packages/airflow/example_dags/example_bash_operator.py
[2023-07-09T17:09:07.903+0000] {processor.py:743} INFO - Processing file /home/ubuntu/venv/lib/python3.10/site-packages/airflow/example_dags/example_bash_operator.py for tasks to queue
[2023-07-09T17:09:07.904+0000] {logging_mixin.py:137} INFO - [2023-07-09T17:09:07.904+0000] {dagbag.py:538} INFO - Filling up the DagBag from /home/ubuntu/venv/lib/python3.10/site-packages/airflow/example_dags/example_bash_operator.py
[2023-07-09T17:09:07.935+0000] {processor.py:753} INFO - DAG(s) dict_keys(['example_bash_operator']) retrieved from /home/ubuntu/venv/lib/python3.10/site-packages/airflow/example_dags/example_bash_operator.py
[2023-07-09T17:09:08.026+0000] {logging_mixin.py:137} INFO - [2023-07-09T17:09:08.026+0000] {dag.py:2676} INFO - Sync 1 DAGs
[2023-07-09T17:09:08.058+0000] {logging_mixin.py:137} INFO - [2023-07-09T17:09:08.058+0000] {dag.py:3423} INFO - Setting next_dagrun for example_bash_operator to 2023-07-08T00:00:00+00:00, run_after=2023-07-09T00:00:00+00:00
[2023-07-09T17:09:08.080+0000] {processor.py:175} INFO - Processing /home/ubuntu/venv/lib/python3.10/site-packages/airflow/example_dags/example_bash_operator.py took 0.182 seconds
[2023-07-09T17:09:38.351+0000] {processor.py:153} INFO - Started process (PID=13159) to work on /home/ubuntu/venv/lib/python3.10/site-packages/airflow/example_dags/example_bash_operator.py
[2023-07-09T17:09:38.352+0000] {processor.py:743} INFO - Processing file /home/ubuntu/venv/lib/python3.10/site-packages/airflow/example_dags/example_bash_operator.py for tasks to queue
[2023-07-09T17:09:38.352+0000] {logging_mixin.py:137} INFO - [2023-07-09T17:09:38.352+0000] {dagbag.py:538} INFO - Filling up the DagBag from /home/ubuntu/venv/lib/python3.10/site-packages/airflow/example_dags/example_bash_operator.py
[2023-07-09T17:09:38.383+0000] {processor.py:753} INFO - DAG(s) dict_keys(['example_bash_operator']) retrieved from /home/ubuntu/venv/lib/python3.10/site-packages/airflow/example_dags/example_bash_operator.py
[2023-07-09T17:09:38.528+0000] {logging_mixin.py:137} INFO - [2023-07-09T17:09:38.528+0000] {dag.py:2676} INFO - Sync 1 DAGs
[2023-07-09T17:09:38.562+0000] {logging_mixin.py:137} INFO - [2023-07-09T17:09:38.562+0000] {dag.py:3423} INFO - Setting next_dagrun for example_bash_operator to 2023-07-08T00:00:00+00:00, run_after=2023-07-09T00:00:00+00:00
[2023-07-09T17:09:38.585+0000] {processor.py:175} INFO - Processing /home/ubuntu/venv/lib/python3.10/site-packages/airflow/example_dags/example_bash_operator.py took 0.239 seconds
[2023-07-09T17:10:09.186+0000] {processor.py:153} INFO - Started process (PID=13395) to work on /home/ubuntu/venv/lib/python3.10/site-packages/airflow/example_dags/example_bash_operator.py
[2023-07-09T17:10:09.188+0000] {processor.py:743} INFO - Processing file /home/ubuntu/venv/lib/python3.10/site-packages/airflow/example_dags/example_bash_operator.py for tasks to queue
[2023-07-09T17:10:09.189+0000] {logging_mixin.py:137} INFO - [2023-07-09T17:10:09.188+0000] {dagbag.py:538} INFO - Filling up the DagBag from /home/ubuntu/venv/lib/python3.10/site-packages/airflow/example_dags/example_bash_operator.py
[2023-07-09T17:10:09.221+0000] {processor.py:753} INFO - DAG(s) dict_keys(['example_bash_operator']) retrieved from /home/ubuntu/venv/lib/python3.10/site-packages/airflow/example_dags/example_bash_operator.py
[2023-07-09T17:10:09.310+0000] {logging_mixin.py:137} INFO - [2023-07-09T17:10:09.310+0000] {dag.py:2676} INFO - Sync 1 DAGs
[2023-07-09T17:10:09.349+0000] {logging_mixin.py:137} INFO - [2023-07-09T17:10:09.349+0000] {dag.py:3423} INFO - Setting next_dagrun for example_bash_operator to 2023-07-08T00:00:00+00:00, run_after=2023-07-09T00:00:00+00:00
[2023-07-09T17:10:09.374+0000] {processor.py:175} INFO - Processing /home/ubuntu/venv/lib/python3.10/site-packages/airflow/example_dags/example_bash_operator.py took 0.192 seconds
