[2023-07-09T15:46:32.366+0000] {processor.py:153} INFO - Started process (PID=1270) to work on /home/ubuntu/venv/lib/python3.10/site-packages/airflow/example_dags/tutorial_taskflow_api_virtualenv.py
[2023-07-09T15:46:32.368+0000] {processor.py:743} INFO - Processing file /home/ubuntu/venv/lib/python3.10/site-packages/airflow/example_dags/tutorial_taskflow_api_virtualenv.py for tasks to queue
[2023-07-09T15:46:32.369+0000] {logging_mixin.py:137} INFO - [2023-07-09T15:46:32.369+0000] {dagbag.py:538} INFO - Filling up the DagBag from /home/ubuntu/venv/lib/python3.10/site-packages/airflow/example_dags/tutorial_taskflow_api_virtualenv.py
[2023-07-09T15:46:32.439+0000] {logging_mixin.py:137} INFO - [2023-07-09T15:46:32.439+0000] {tutorial_taskflow_api_virtualenv.py:29} WARNING - The tutorial_taskflow_api_virtualenv example DAG requires virtualenv, please install it.
[2023-07-09T15:46:32.439+0000] {processor.py:755} WARNING - No viable dags retrieved from /home/ubuntu/venv/lib/python3.10/site-packages/airflow/example_dags/tutorial_taskflow_api_virtualenv.py
[2023-07-09T15:46:32.517+0000] {processor.py:175} INFO - Processing /home/ubuntu/venv/lib/python3.10/site-packages/airflow/example_dags/tutorial_taskflow_api_virtualenv.py took 0.155 seconds
[2023-07-09T15:47:03.378+0000] {processor.py:153} INFO - Started process (PID=1514) to work on /home/ubuntu/venv/lib/python3.10/site-packages/airflow/example_dags/tutorial_taskflow_api_virtualenv.py
[2023-07-09T15:47:03.387+0000] {processor.py:743} INFO - Processing file /home/ubuntu/venv/lib/python3.10/site-packages/airflow/example_dags/tutorial_taskflow_api_virtualenv.py for tasks to queue
[2023-07-09T15:47:03.388+0000] {logging_mixin.py:137} INFO - [2023-07-09T15:47:03.387+0000] {dagbag.py:538} INFO - Filling up the DagBag from /home/ubuntu/venv/lib/python3.10/site-packages/airflow/example_dags/tutorial_taskflow_api_virtualenv.py
[2023-07-09T15:47:03.412+0000] {logging_mixin.py:137} INFO - [2023-07-09T15:47:03.411+0000] {tutorial_taskflow_api_virtualenv.py:29} WARNING - The tutorial_taskflow_api_virtualenv example DAG requires virtualenv, please install it.
[2023-07-09T15:47:03.412+0000] {processor.py:755} WARNING - No viable dags retrieved from /home/ubuntu/venv/lib/python3.10/site-packages/airflow/example_dags/tutorial_taskflow_api_virtualenv.py
[2023-07-09T15:47:03.456+0000] {processor.py:175} INFO - Processing /home/ubuntu/venv/lib/python3.10/site-packages/airflow/example_dags/tutorial_taskflow_api_virtualenv.py took 0.083 seconds
[2023-07-09T15:47:33.686+0000] {processor.py:153} INFO - Started process (PID=1746) to work on /home/ubuntu/venv/lib/python3.10/site-packages/airflow/example_dags/tutorial_taskflow_api_virtualenv.py
[2023-07-09T15:47:33.687+0000] {processor.py:743} INFO - Processing file /home/ubuntu/venv/lib/python3.10/site-packages/airflow/example_dags/tutorial_taskflow_api_virtualenv.py for tasks to queue
[2023-07-09T15:47:33.688+0000] {logging_mixin.py:137} INFO - [2023-07-09T15:47:33.687+0000] {dagbag.py:538} INFO - Filling up the DagBag from /home/ubuntu/venv/lib/python3.10/site-packages/airflow/example_dags/tutorial_taskflow_api_virtualenv.py
[2023-07-09T15:47:33.713+0000] {logging_mixin.py:137} INFO - [2023-07-09T15:47:33.713+0000] {tutorial_taskflow_api_virtualenv.py:29} WARNING - The tutorial_taskflow_api_virtualenv example DAG requires virtualenv, please install it.
[2023-07-09T15:47:33.714+0000] {processor.py:755} WARNING - No viable dags retrieved from /home/ubuntu/venv/lib/python3.10/site-packages/airflow/example_dags/tutorial_taskflow_api_virtualenv.py
[2023-07-09T15:47:33.757+0000] {processor.py:175} INFO - Processing /home/ubuntu/venv/lib/python3.10/site-packages/airflow/example_dags/tutorial_taskflow_api_virtualenv.py took 0.076 seconds
[2023-07-09T15:49:51.562+0000] {processor.py:153} INFO - Started process (PID=2095) to work on /home/ubuntu/venv/lib/python3.10/site-packages/airflow/example_dags/tutorial_taskflow_api_virtualenv.py
[2023-07-09T15:49:51.563+0000] {processor.py:743} INFO - Processing file /home/ubuntu/venv/lib/python3.10/site-packages/airflow/example_dags/tutorial_taskflow_api_virtualenv.py for tasks to queue
[2023-07-09T15:49:51.564+0000] {logging_mixin.py:137} INFO - [2023-07-09T15:49:51.564+0000] {dagbag.py:538} INFO - Filling up the DagBag from /home/ubuntu/venv/lib/python3.10/site-packages/airflow/example_dags/tutorial_taskflow_api_virtualenv.py
[2023-07-09T15:49:51.586+0000] {logging_mixin.py:137} INFO - [2023-07-09T15:49:51.585+0000] {tutorial_taskflow_api_virtualenv.py:29} WARNING - The tutorial_taskflow_api_virtualenv example DAG requires virtualenv, please install it.
[2023-07-09T15:49:51.586+0000] {processor.py:755} WARNING - No viable dags retrieved from /home/ubuntu/venv/lib/python3.10/site-packages/airflow/example_dags/tutorial_taskflow_api_virtualenv.py
[2023-07-09T15:49:51.626+0000] {processor.py:175} INFO - Processing /home/ubuntu/venv/lib/python3.10/site-packages/airflow/example_dags/tutorial_taskflow_api_virtualenv.py took 0.068 seconds
[2023-07-09T15:50:22.606+0000] {processor.py:153} INFO - Started process (PID=2331) to work on /home/ubuntu/venv/lib/python3.10/site-packages/airflow/example_dags/tutorial_taskflow_api_virtualenv.py
[2023-07-09T15:50:22.607+0000] {processor.py:743} INFO - Processing file /home/ubuntu/venv/lib/python3.10/site-packages/airflow/example_dags/tutorial_taskflow_api_virtualenv.py for tasks to queue
[2023-07-09T15:50:22.608+0000] {logging_mixin.py:137} INFO - [2023-07-09T15:50:22.608+0000] {dagbag.py:538} INFO - Filling up the DagBag from /home/ubuntu/venv/lib/python3.10/site-packages/airflow/example_dags/tutorial_taskflow_api_virtualenv.py
[2023-07-09T15:50:22.631+0000] {logging_mixin.py:137} INFO - [2023-07-09T15:50:22.630+0000] {tutorial_taskflow_api_virtualenv.py:29} WARNING - The tutorial_taskflow_api_virtualenv example DAG requires virtualenv, please install it.
[2023-07-09T15:50:22.631+0000] {processor.py:755} WARNING - No viable dags retrieved from /home/ubuntu/venv/lib/python3.10/site-packages/airflow/example_dags/tutorial_taskflow_api_virtualenv.py
[2023-07-09T15:50:22.672+0000] {processor.py:175} INFO - Processing /home/ubuntu/venv/lib/python3.10/site-packages/airflow/example_dags/tutorial_taskflow_api_virtualenv.py took 0.070 seconds
[2023-07-09T16:47:14.812+0000] {processor.py:153} INFO - Started process (PID=3393) to work on /home/ubuntu/venv/lib/python3.10/site-packages/airflow/example_dags/tutorial_taskflow_api_virtualenv.py
[2023-07-09T16:47:14.814+0000] {processor.py:743} INFO - Processing file /home/ubuntu/venv/lib/python3.10/site-packages/airflow/example_dags/tutorial_taskflow_api_virtualenv.py for tasks to queue
[2023-07-09T16:47:14.814+0000] {logging_mixin.py:137} INFO - [2023-07-09T16:47:14.814+0000] {dagbag.py:538} INFO - Filling up the DagBag from /home/ubuntu/venv/lib/python3.10/site-packages/airflow/example_dags/tutorial_taskflow_api_virtualenv.py
[2023-07-09T16:47:14.836+0000] {logging_mixin.py:137} INFO - [2023-07-09T16:47:14.836+0000] {tutorial_taskflow_api_virtualenv.py:29} WARNING - The tutorial_taskflow_api_virtualenv example DAG requires virtualenv, please install it.
[2023-07-09T16:47:14.837+0000] {processor.py:755} WARNING - No viable dags retrieved from /home/ubuntu/venv/lib/python3.10/site-packages/airflow/example_dags/tutorial_taskflow_api_virtualenv.py
[2023-07-09T16:47:14.873+0000] {processor.py:175} INFO - Processing /home/ubuntu/venv/lib/python3.10/site-packages/airflow/example_dags/tutorial_taskflow_api_virtualenv.py took 0.064 seconds
[2023-07-09T16:47:44.924+0000] {processor.py:153} INFO - Started process (PID=3755) to work on /home/ubuntu/venv/lib/python3.10/site-packages/airflow/example_dags/tutorial_taskflow_api_virtualenv.py
[2023-07-09T16:47:44.925+0000] {processor.py:743} INFO - Processing file /home/ubuntu/venv/lib/python3.10/site-packages/airflow/example_dags/tutorial_taskflow_api_virtualenv.py for tasks to queue
[2023-07-09T16:47:44.926+0000] {logging_mixin.py:137} INFO - [2023-07-09T16:47:44.926+0000] {dagbag.py:538} INFO - Filling up the DagBag from /home/ubuntu/venv/lib/python3.10/site-packages/airflow/example_dags/tutorial_taskflow_api_virtualenv.py
[2023-07-09T16:47:44.947+0000] {logging_mixin.py:137} INFO - [2023-07-09T16:47:44.947+0000] {tutorial_taskflow_api_virtualenv.py:29} WARNING - The tutorial_taskflow_api_virtualenv example DAG requires virtualenv, please install it.
[2023-07-09T16:47:44.948+0000] {processor.py:755} WARNING - No viable dags retrieved from /home/ubuntu/venv/lib/python3.10/site-packages/airflow/example_dags/tutorial_taskflow_api_virtualenv.py
[2023-07-09T16:47:44.990+0000] {processor.py:175} INFO - Processing /home/ubuntu/venv/lib/python3.10/site-packages/airflow/example_dags/tutorial_taskflow_api_virtualenv.py took 0.071 seconds
[2023-07-09T16:48:15.638+0000] {processor.py:153} INFO - Started process (PID=3990) to work on /home/ubuntu/venv/lib/python3.10/site-packages/airflow/example_dags/tutorial_taskflow_api_virtualenv.py
[2023-07-09T16:48:15.640+0000] {processor.py:743} INFO - Processing file /home/ubuntu/venv/lib/python3.10/site-packages/airflow/example_dags/tutorial_taskflow_api_virtualenv.py for tasks to queue
[2023-07-09T16:48:15.641+0000] {logging_mixin.py:137} INFO - [2023-07-09T16:48:15.641+0000] {dagbag.py:538} INFO - Filling up the DagBag from /home/ubuntu/venv/lib/python3.10/site-packages/airflow/example_dags/tutorial_taskflow_api_virtualenv.py
[2023-07-09T16:48:15.662+0000] {logging_mixin.py:137} INFO - [2023-07-09T16:48:15.662+0000] {tutorial_taskflow_api_virtualenv.py:29} WARNING - The tutorial_taskflow_api_virtualenv example DAG requires virtualenv, please install it.
[2023-07-09T16:48:15.662+0000] {processor.py:755} WARNING - No viable dags retrieved from /home/ubuntu/venv/lib/python3.10/site-packages/airflow/example_dags/tutorial_taskflow_api_virtualenv.py
[2023-07-09T16:48:15.713+0000] {processor.py:175} INFO - Processing /home/ubuntu/venv/lib/python3.10/site-packages/airflow/example_dags/tutorial_taskflow_api_virtualenv.py took 0.079 seconds
[2023-07-09T16:48:46.393+0000] {processor.py:153} INFO - Started process (PID=4226) to work on /home/ubuntu/venv/lib/python3.10/site-packages/airflow/example_dags/tutorial_taskflow_api_virtualenv.py
[2023-07-09T16:48:46.394+0000] {processor.py:743} INFO - Processing file /home/ubuntu/venv/lib/python3.10/site-packages/airflow/example_dags/tutorial_taskflow_api_virtualenv.py for tasks to queue
[2023-07-09T16:48:46.395+0000] {logging_mixin.py:137} INFO - [2023-07-09T16:48:46.395+0000] {dagbag.py:538} INFO - Filling up the DagBag from /home/ubuntu/venv/lib/python3.10/site-packages/airflow/example_dags/tutorial_taskflow_api_virtualenv.py
[2023-07-09T16:48:46.416+0000] {logging_mixin.py:137} INFO - [2023-07-09T16:48:46.415+0000] {tutorial_taskflow_api_virtualenv.py:29} WARNING - The tutorial_taskflow_api_virtualenv example DAG requires virtualenv, please install it.
[2023-07-09T16:48:46.416+0000] {processor.py:755} WARNING - No viable dags retrieved from /home/ubuntu/venv/lib/python3.10/site-packages/airflow/example_dags/tutorial_taskflow_api_virtualenv.py
[2023-07-09T16:48:46.456+0000] {processor.py:175} INFO - Processing /home/ubuntu/venv/lib/python3.10/site-packages/airflow/example_dags/tutorial_taskflow_api_virtualenv.py took 0.068 seconds
[2023-07-09T16:49:17.537+0000] {processor.py:153} INFO - Started process (PID=4461) to work on /home/ubuntu/venv/lib/python3.10/site-packages/airflow/example_dags/tutorial_taskflow_api_virtualenv.py
[2023-07-09T16:49:17.538+0000] {processor.py:743} INFO - Processing file /home/ubuntu/venv/lib/python3.10/site-packages/airflow/example_dags/tutorial_taskflow_api_virtualenv.py for tasks to queue
[2023-07-09T16:49:17.539+0000] {logging_mixin.py:137} INFO - [2023-07-09T16:49:17.539+0000] {dagbag.py:538} INFO - Filling up the DagBag from /home/ubuntu/venv/lib/python3.10/site-packages/airflow/example_dags/tutorial_taskflow_api_virtualenv.py
[2023-07-09T16:49:17.562+0000] {logging_mixin.py:137} INFO - [2023-07-09T16:49:17.562+0000] {tutorial_taskflow_api_virtualenv.py:29} WARNING - The tutorial_taskflow_api_virtualenv example DAG requires virtualenv, please install it.
[2023-07-09T16:49:17.563+0000] {processor.py:755} WARNING - No viable dags retrieved from /home/ubuntu/venv/lib/python3.10/site-packages/airflow/example_dags/tutorial_taskflow_api_virtualenv.py
[2023-07-09T16:49:17.608+0000] {processor.py:175} INFO - Processing /home/ubuntu/venv/lib/python3.10/site-packages/airflow/example_dags/tutorial_taskflow_api_virtualenv.py took 0.075 seconds
[2023-07-09T16:49:47.923+0000] {processor.py:153} INFO - Started process (PID=4692) to work on /home/ubuntu/venv/lib/python3.10/site-packages/airflow/example_dags/tutorial_taskflow_api_virtualenv.py
[2023-07-09T16:49:47.924+0000] {processor.py:743} INFO - Processing file /home/ubuntu/venv/lib/python3.10/site-packages/airflow/example_dags/tutorial_taskflow_api_virtualenv.py for tasks to queue
[2023-07-09T16:49:47.925+0000] {logging_mixin.py:137} INFO - [2023-07-09T16:49:47.925+0000] {dagbag.py:538} INFO - Filling up the DagBag from /home/ubuntu/venv/lib/python3.10/site-packages/airflow/example_dags/tutorial_taskflow_api_virtualenv.py
[2023-07-09T16:49:47.948+0000] {logging_mixin.py:137} INFO - [2023-07-09T16:49:47.948+0000] {tutorial_taskflow_api_virtualenv.py:29} WARNING - The tutorial_taskflow_api_virtualenv example DAG requires virtualenv, please install it.
[2023-07-09T16:49:47.948+0000] {processor.py:755} WARNING - No viable dags retrieved from /home/ubuntu/venv/lib/python3.10/site-packages/airflow/example_dags/tutorial_taskflow_api_virtualenv.py
[2023-07-09T16:49:47.990+0000] {processor.py:175} INFO - Processing /home/ubuntu/venv/lib/python3.10/site-packages/airflow/example_dags/tutorial_taskflow_api_virtualenv.py took 0.070 seconds
[2023-07-09T16:50:18.570+0000] {processor.py:153} INFO - Started process (PID=4932) to work on /home/ubuntu/venv/lib/python3.10/site-packages/airflow/example_dags/tutorial_taskflow_api_virtualenv.py
[2023-07-09T16:50:18.571+0000] {processor.py:743} INFO - Processing file /home/ubuntu/venv/lib/python3.10/site-packages/airflow/example_dags/tutorial_taskflow_api_virtualenv.py for tasks to queue
[2023-07-09T16:50:18.572+0000] {logging_mixin.py:137} INFO - [2023-07-09T16:50:18.572+0000] {dagbag.py:538} INFO - Filling up the DagBag from /home/ubuntu/venv/lib/python3.10/site-packages/airflow/example_dags/tutorial_taskflow_api_virtualenv.py
[2023-07-09T16:50:18.595+0000] {logging_mixin.py:137} INFO - [2023-07-09T16:50:18.594+0000] {tutorial_taskflow_api_virtualenv.py:29} WARNING - The tutorial_taskflow_api_virtualenv example DAG requires virtualenv, please install it.
[2023-07-09T16:50:18.595+0000] {processor.py:755} WARNING - No viable dags retrieved from /home/ubuntu/venv/lib/python3.10/site-packages/airflow/example_dags/tutorial_taskflow_api_virtualenv.py
[2023-07-09T16:50:18.638+0000] {processor.py:175} INFO - Processing /home/ubuntu/venv/lib/python3.10/site-packages/airflow/example_dags/tutorial_taskflow_api_virtualenv.py took 0.073 seconds
[2023-07-09T16:50:49.353+0000] {processor.py:153} INFO - Started process (PID=5168) to work on /home/ubuntu/venv/lib/python3.10/site-packages/airflow/example_dags/tutorial_taskflow_api_virtualenv.py
[2023-07-09T16:50:49.354+0000] {processor.py:743} INFO - Processing file /home/ubuntu/venv/lib/python3.10/site-packages/airflow/example_dags/tutorial_taskflow_api_virtualenv.py for tasks to queue
[2023-07-09T16:50:49.355+0000] {logging_mixin.py:137} INFO - [2023-07-09T16:50:49.355+0000] {dagbag.py:538} INFO - Filling up the DagBag from /home/ubuntu/venv/lib/python3.10/site-packages/airflow/example_dags/tutorial_taskflow_api_virtualenv.py
[2023-07-09T16:50:49.379+0000] {logging_mixin.py:137} INFO - [2023-07-09T16:50:49.378+0000] {tutorial_taskflow_api_virtualenv.py:29} WARNING - The tutorial_taskflow_api_virtualenv example DAG requires virtualenv, please install it.
[2023-07-09T16:50:49.379+0000] {processor.py:755} WARNING - No viable dags retrieved from /home/ubuntu/venv/lib/python3.10/site-packages/airflow/example_dags/tutorial_taskflow_api_virtualenv.py
[2023-07-09T16:50:49.419+0000] {processor.py:175} INFO - Processing /home/ubuntu/venv/lib/python3.10/site-packages/airflow/example_dags/tutorial_taskflow_api_virtualenv.py took 0.071 seconds
[2023-07-09T16:54:50.996+0000] {processor.py:153} INFO - Started process (PID=5656) to work on /home/ubuntu/venv/lib/python3.10/site-packages/airflow/example_dags/tutorial_taskflow_api_virtualenv.py
[2023-07-09T16:54:50.998+0000] {processor.py:743} INFO - Processing file /home/ubuntu/venv/lib/python3.10/site-packages/airflow/example_dags/tutorial_taskflow_api_virtualenv.py for tasks to queue
[2023-07-09T16:54:50.999+0000] {logging_mixin.py:137} INFO - [2023-07-09T16:54:50.999+0000] {dagbag.py:538} INFO - Filling up the DagBag from /home/ubuntu/venv/lib/python3.10/site-packages/airflow/example_dags/tutorial_taskflow_api_virtualenv.py
[2023-07-09T16:54:51.071+0000] {logging_mixin.py:137} INFO - [2023-07-09T16:54:51.071+0000] {tutorial_taskflow_api_virtualenv.py:29} WARNING - The tutorial_taskflow_api_virtualenv example DAG requires virtualenv, please install it.
[2023-07-09T16:54:51.072+0000] {processor.py:755} WARNING - No viable dags retrieved from /home/ubuntu/venv/lib/python3.10/site-packages/airflow/example_dags/tutorial_taskflow_api_virtualenv.py
[2023-07-09T16:54:51.179+0000] {processor.py:175} INFO - Processing /home/ubuntu/venv/lib/python3.10/site-packages/airflow/example_dags/tutorial_taskflow_api_virtualenv.py took 0.196 seconds
[2023-07-09T16:55:22.029+0000] {processor.py:153} INFO - Started process (PID=5971) to work on /home/ubuntu/venv/lib/python3.10/site-packages/airflow/example_dags/tutorial_taskflow_api_virtualenv.py
[2023-07-09T16:55:22.030+0000] {processor.py:743} INFO - Processing file /home/ubuntu/venv/lib/python3.10/site-packages/airflow/example_dags/tutorial_taskflow_api_virtualenv.py for tasks to queue
[2023-07-09T16:55:22.034+0000] {logging_mixin.py:137} INFO - [2023-07-09T16:55:22.031+0000] {dagbag.py:538} INFO - Filling up the DagBag from /home/ubuntu/venv/lib/python3.10/site-packages/airflow/example_dags/tutorial_taskflow_api_virtualenv.py
[2023-07-09T16:55:22.082+0000] {logging_mixin.py:137} INFO - [2023-07-09T16:55:22.081+0000] {tutorial_taskflow_api_virtualenv.py:29} WARNING - The tutorial_taskflow_api_virtualenv example DAG requires virtualenv, please install it.
[2023-07-09T16:55:22.082+0000] {processor.py:755} WARNING - No viable dags retrieved from /home/ubuntu/venv/lib/python3.10/site-packages/airflow/example_dags/tutorial_taskflow_api_virtualenv.py
[2023-07-09T16:55:22.141+0000] {processor.py:175} INFO - Processing /home/ubuntu/venv/lib/python3.10/site-packages/airflow/example_dags/tutorial_taskflow_api_virtualenv.py took 0.127 seconds
[2023-07-09T16:55:52.240+0000] {processor.py:153} INFO - Started process (PID=6204) to work on /home/ubuntu/venv/lib/python3.10/site-packages/airflow/example_dags/tutorial_taskflow_api_virtualenv.py
[2023-07-09T16:55:52.242+0000] {processor.py:743} INFO - Processing file /home/ubuntu/venv/lib/python3.10/site-packages/airflow/example_dags/tutorial_taskflow_api_virtualenv.py for tasks to queue
[2023-07-09T16:55:52.242+0000] {logging_mixin.py:137} INFO - [2023-07-09T16:55:52.242+0000] {dagbag.py:538} INFO - Filling up the DagBag from /home/ubuntu/venv/lib/python3.10/site-packages/airflow/example_dags/tutorial_taskflow_api_virtualenv.py
[2023-07-09T16:55:52.267+0000] {logging_mixin.py:137} INFO - [2023-07-09T16:55:52.267+0000] {tutorial_taskflow_api_virtualenv.py:29} WARNING - The tutorial_taskflow_api_virtualenv example DAG requires virtualenv, please install it.
[2023-07-09T16:55:52.268+0000] {processor.py:755} WARNING - No viable dags retrieved from /home/ubuntu/venv/lib/python3.10/site-packages/airflow/example_dags/tutorial_taskflow_api_virtualenv.py
[2023-07-09T16:55:52.299+0000] {processor.py:175} INFO - Processing /home/ubuntu/venv/lib/python3.10/site-packages/airflow/example_dags/tutorial_taskflow_api_virtualenv.py took 0.068 seconds
[2023-07-09T16:56:22.364+0000] {processor.py:153} INFO - Started process (PID=6436) to work on /home/ubuntu/venv/lib/python3.10/site-packages/airflow/example_dags/tutorial_taskflow_api_virtualenv.py
[2023-07-09T16:56:22.365+0000] {processor.py:743} INFO - Processing file /home/ubuntu/venv/lib/python3.10/site-packages/airflow/example_dags/tutorial_taskflow_api_virtualenv.py for tasks to queue
[2023-07-09T16:56:22.380+0000] {logging_mixin.py:137} INFO - [2023-07-09T16:56:22.366+0000] {dagbag.py:538} INFO - Filling up the DagBag from /home/ubuntu/venv/lib/python3.10/site-packages/airflow/example_dags/tutorial_taskflow_api_virtualenv.py
[2023-07-09T16:56:22.417+0000] {logging_mixin.py:137} INFO - [2023-07-09T16:56:22.417+0000] {tutorial_taskflow_api_virtualenv.py:29} WARNING - The tutorial_taskflow_api_virtualenv example DAG requires virtualenv, please install it.
[2023-07-09T16:56:22.418+0000] {processor.py:755} WARNING - No viable dags retrieved from /home/ubuntu/venv/lib/python3.10/site-packages/airflow/example_dags/tutorial_taskflow_api_virtualenv.py
[2023-07-09T16:56:22.468+0000] {processor.py:175} INFO - Processing /home/ubuntu/venv/lib/python3.10/site-packages/airflow/example_dags/tutorial_taskflow_api_virtualenv.py took 0.110 seconds
[2023-07-09T16:56:52.886+0000] {processor.py:153} INFO - Started process (PID=6693) to work on /home/ubuntu/venv/lib/python3.10/site-packages/airflow/example_dags/tutorial_taskflow_api_virtualenv.py
[2023-07-09T16:56:52.887+0000] {processor.py:743} INFO - Processing file /home/ubuntu/venv/lib/python3.10/site-packages/airflow/example_dags/tutorial_taskflow_api_virtualenv.py for tasks to queue
[2023-07-09T16:56:52.888+0000] {logging_mixin.py:137} INFO - [2023-07-09T16:56:52.888+0000] {dagbag.py:538} INFO - Filling up the DagBag from /home/ubuntu/venv/lib/python3.10/site-packages/airflow/example_dags/tutorial_taskflow_api_virtualenv.py
[2023-07-09T16:56:52.910+0000] {logging_mixin.py:137} INFO - [2023-07-09T16:56:52.910+0000] {tutorial_taskflow_api_virtualenv.py:29} WARNING - The tutorial_taskflow_api_virtualenv example DAG requires virtualenv, please install it.
[2023-07-09T16:56:52.911+0000] {processor.py:755} WARNING - No viable dags retrieved from /home/ubuntu/venv/lib/python3.10/site-packages/airflow/example_dags/tutorial_taskflow_api_virtualenv.py
[2023-07-09T16:56:52.990+0000] {processor.py:175} INFO - Processing /home/ubuntu/venv/lib/python3.10/site-packages/airflow/example_dags/tutorial_taskflow_api_virtualenv.py took 0.108 seconds
[2023-07-09T16:57:23.970+0000] {processor.py:153} INFO - Started process (PID=6928) to work on /home/ubuntu/venv/lib/python3.10/site-packages/airflow/example_dags/tutorial_taskflow_api_virtualenv.py
[2023-07-09T16:57:23.971+0000] {processor.py:743} INFO - Processing file /home/ubuntu/venv/lib/python3.10/site-packages/airflow/example_dags/tutorial_taskflow_api_virtualenv.py for tasks to queue
[2023-07-09T16:57:23.972+0000] {logging_mixin.py:137} INFO - [2023-07-09T16:57:23.972+0000] {dagbag.py:538} INFO - Filling up the DagBag from /home/ubuntu/venv/lib/python3.10/site-packages/airflow/example_dags/tutorial_taskflow_api_virtualenv.py
[2023-07-09T16:57:23.996+0000] {logging_mixin.py:137} INFO - [2023-07-09T16:57:23.995+0000] {tutorial_taskflow_api_virtualenv.py:29} WARNING - The tutorial_taskflow_api_virtualenv example DAG requires virtualenv, please install it.
[2023-07-09T16:57:23.996+0000] {processor.py:755} WARNING - No viable dags retrieved from /home/ubuntu/venv/lib/python3.10/site-packages/airflow/example_dags/tutorial_taskflow_api_virtualenv.py
[2023-07-09T16:57:24.045+0000] {processor.py:175} INFO - Processing /home/ubuntu/venv/lib/python3.10/site-packages/airflow/example_dags/tutorial_taskflow_api_virtualenv.py took 0.080 seconds
[2023-07-09T16:57:54.269+0000] {processor.py:153} INFO - Started process (PID=7164) to work on /home/ubuntu/venv/lib/python3.10/site-packages/airflow/example_dags/tutorial_taskflow_api_virtualenv.py
[2023-07-09T16:57:54.270+0000] {processor.py:743} INFO - Processing file /home/ubuntu/venv/lib/python3.10/site-packages/airflow/example_dags/tutorial_taskflow_api_virtualenv.py for tasks to queue
[2023-07-09T16:57:54.271+0000] {logging_mixin.py:137} INFO - [2023-07-09T16:57:54.271+0000] {dagbag.py:538} INFO - Filling up the DagBag from /home/ubuntu/venv/lib/python3.10/site-packages/airflow/example_dags/tutorial_taskflow_api_virtualenv.py
[2023-07-09T16:57:54.295+0000] {logging_mixin.py:137} INFO - [2023-07-09T16:57:54.295+0000] {tutorial_taskflow_api_virtualenv.py:29} WARNING - The tutorial_taskflow_api_virtualenv example DAG requires virtualenv, please install it.
[2023-07-09T16:57:54.295+0000] {processor.py:755} WARNING - No viable dags retrieved from /home/ubuntu/venv/lib/python3.10/site-packages/airflow/example_dags/tutorial_taskflow_api_virtualenv.py
[2023-07-09T16:57:54.339+0000] {processor.py:175} INFO - Processing /home/ubuntu/venv/lib/python3.10/site-packages/airflow/example_dags/tutorial_taskflow_api_virtualenv.py took 0.076 seconds
[2023-07-09T16:58:25.194+0000] {processor.py:153} INFO - Started process (PID=7399) to work on /home/ubuntu/venv/lib/python3.10/site-packages/airflow/example_dags/tutorial_taskflow_api_virtualenv.py
[2023-07-09T16:58:25.195+0000] {processor.py:743} INFO - Processing file /home/ubuntu/venv/lib/python3.10/site-packages/airflow/example_dags/tutorial_taskflow_api_virtualenv.py for tasks to queue
[2023-07-09T16:58:25.197+0000] {logging_mixin.py:137} INFO - [2023-07-09T16:58:25.196+0000] {dagbag.py:538} INFO - Filling up the DagBag from /home/ubuntu/venv/lib/python3.10/site-packages/airflow/example_dags/tutorial_taskflow_api_virtualenv.py
[2023-07-09T16:58:25.230+0000] {logging_mixin.py:137} INFO - [2023-07-09T16:58:25.230+0000] {tutorial_taskflow_api_virtualenv.py:29} WARNING - The tutorial_taskflow_api_virtualenv example DAG requires virtualenv, please install it.
[2023-07-09T16:58:25.231+0000] {processor.py:755} WARNING - No viable dags retrieved from /home/ubuntu/venv/lib/python3.10/site-packages/airflow/example_dags/tutorial_taskflow_api_virtualenv.py
[2023-07-09T16:58:25.281+0000] {processor.py:175} INFO - Processing /home/ubuntu/venv/lib/python3.10/site-packages/airflow/example_dags/tutorial_taskflow_api_virtualenv.py took 0.091 seconds
[2023-07-09T16:58:55.431+0000] {processor.py:153} INFO - Started process (PID=7635) to work on /home/ubuntu/venv/lib/python3.10/site-packages/airflow/example_dags/tutorial_taskflow_api_virtualenv.py
[2023-07-09T16:58:55.432+0000] {processor.py:743} INFO - Processing file /home/ubuntu/venv/lib/python3.10/site-packages/airflow/example_dags/tutorial_taskflow_api_virtualenv.py for tasks to queue
[2023-07-09T16:58:55.433+0000] {logging_mixin.py:137} INFO - [2023-07-09T16:58:55.433+0000] {dagbag.py:538} INFO - Filling up the DagBag from /home/ubuntu/venv/lib/python3.10/site-packages/airflow/example_dags/tutorial_taskflow_api_virtualenv.py
[2023-07-09T16:58:55.456+0000] {logging_mixin.py:137} INFO - [2023-07-09T16:58:55.456+0000] {tutorial_taskflow_api_virtualenv.py:29} WARNING - The tutorial_taskflow_api_virtualenv example DAG requires virtualenv, please install it.
[2023-07-09T16:58:55.456+0000] {processor.py:755} WARNING - No viable dags retrieved from /home/ubuntu/venv/lib/python3.10/site-packages/airflow/example_dags/tutorial_taskflow_api_virtualenv.py
[2023-07-09T16:58:55.502+0000] {processor.py:175} INFO - Processing /home/ubuntu/venv/lib/python3.10/site-packages/airflow/example_dags/tutorial_taskflow_api_virtualenv.py took 0.076 seconds
[2023-07-09T16:59:25.842+0000] {processor.py:153} INFO - Started process (PID=7872) to work on /home/ubuntu/venv/lib/python3.10/site-packages/airflow/example_dags/tutorial_taskflow_api_virtualenv.py
[2023-07-09T16:59:25.844+0000] {processor.py:743} INFO - Processing file /home/ubuntu/venv/lib/python3.10/site-packages/airflow/example_dags/tutorial_taskflow_api_virtualenv.py for tasks to queue
[2023-07-09T16:59:25.845+0000] {logging_mixin.py:137} INFO - [2023-07-09T16:59:25.845+0000] {dagbag.py:538} INFO - Filling up the DagBag from /home/ubuntu/venv/lib/python3.10/site-packages/airflow/example_dags/tutorial_taskflow_api_virtualenv.py
[2023-07-09T16:59:25.875+0000] {logging_mixin.py:137} INFO - [2023-07-09T16:59:25.874+0000] {tutorial_taskflow_api_virtualenv.py:29} WARNING - The tutorial_taskflow_api_virtualenv example DAG requires virtualenv, please install it.
[2023-07-09T16:59:25.875+0000] {processor.py:755} WARNING - No viable dags retrieved from /home/ubuntu/venv/lib/python3.10/site-packages/airflow/example_dags/tutorial_taskflow_api_virtualenv.py
[2023-07-09T16:59:25.917+0000] {processor.py:175} INFO - Processing /home/ubuntu/venv/lib/python3.10/site-packages/airflow/example_dags/tutorial_taskflow_api_virtualenv.py took 0.080 seconds
[2023-07-09T16:59:57.832+0000] {processor.py:153} INFO - Started process (PID=8167) to work on /home/ubuntu/venv/lib/python3.10/site-packages/airflow/example_dags/tutorial_taskflow_api_virtualenv.py
[2023-07-09T16:59:57.838+0000] {processor.py:743} INFO - Processing file /home/ubuntu/venv/lib/python3.10/site-packages/airflow/example_dags/tutorial_taskflow_api_virtualenv.py for tasks to queue
[2023-07-09T16:59:57.839+0000] {logging_mixin.py:137} INFO - [2023-07-09T16:59:57.839+0000] {dagbag.py:538} INFO - Filling up the DagBag from /home/ubuntu/venv/lib/python3.10/site-packages/airflow/example_dags/tutorial_taskflow_api_virtualenv.py
[2023-07-09T16:59:57.889+0000] {logging_mixin.py:137} INFO - [2023-07-09T16:59:57.889+0000] {tutorial_taskflow_api_virtualenv.py:29} WARNING - The tutorial_taskflow_api_virtualenv example DAG requires virtualenv, please install it.
[2023-07-09T16:59:57.890+0000] {processor.py:755} WARNING - No viable dags retrieved from /home/ubuntu/venv/lib/python3.10/site-packages/airflow/example_dags/tutorial_taskflow_api_virtualenv.py
[2023-07-09T16:59:57.964+0000] {processor.py:175} INFO - Processing /home/ubuntu/venv/lib/python3.10/site-packages/airflow/example_dags/tutorial_taskflow_api_virtualenv.py took 0.140 seconds
[2023-07-09T17:00:29.577+0000] {processor.py:153} INFO - Started process (PID=8526) to work on /home/ubuntu/venv/lib/python3.10/site-packages/airflow/example_dags/tutorial_taskflow_api_virtualenv.py
[2023-07-09T17:00:29.578+0000] {processor.py:743} INFO - Processing file /home/ubuntu/venv/lib/python3.10/site-packages/airflow/example_dags/tutorial_taskflow_api_virtualenv.py for tasks to queue
[2023-07-09T17:00:29.579+0000] {logging_mixin.py:137} INFO - [2023-07-09T17:00:29.579+0000] {dagbag.py:538} INFO - Filling up the DagBag from /home/ubuntu/venv/lib/python3.10/site-packages/airflow/example_dags/tutorial_taskflow_api_virtualenv.py
[2023-07-09T17:00:29.614+0000] {logging_mixin.py:137} INFO - [2023-07-09T17:00:29.614+0000] {tutorial_taskflow_api_virtualenv.py:29} WARNING - The tutorial_taskflow_api_virtualenv example DAG requires virtualenv, please install it.
[2023-07-09T17:00:29.614+0000] {processor.py:755} WARNING - No viable dags retrieved from /home/ubuntu/venv/lib/python3.10/site-packages/airflow/example_dags/tutorial_taskflow_api_virtualenv.py
[2023-07-09T17:00:29.654+0000] {processor.py:175} INFO - Processing /home/ubuntu/venv/lib/python3.10/site-packages/airflow/example_dags/tutorial_taskflow_api_virtualenv.py took 0.081 seconds
[2023-07-09T17:01:00.709+0000] {processor.py:153} INFO - Started process (PID=8801) to work on /home/ubuntu/venv/lib/python3.10/site-packages/airflow/example_dags/tutorial_taskflow_api_virtualenv.py
[2023-07-09T17:01:00.711+0000] {processor.py:743} INFO - Processing file /home/ubuntu/venv/lib/python3.10/site-packages/airflow/example_dags/tutorial_taskflow_api_virtualenv.py for tasks to queue
[2023-07-09T17:01:00.712+0000] {logging_mixin.py:137} INFO - [2023-07-09T17:01:00.711+0000] {dagbag.py:538} INFO - Filling up the DagBag from /home/ubuntu/venv/lib/python3.10/site-packages/airflow/example_dags/tutorial_taskflow_api_virtualenv.py
[2023-07-09T17:01:00.733+0000] {logging_mixin.py:137} INFO - [2023-07-09T17:01:00.733+0000] {tutorial_taskflow_api_virtualenv.py:29} WARNING - The tutorial_taskflow_api_virtualenv example DAG requires virtualenv, please install it.
[2023-07-09T17:01:00.733+0000] {processor.py:755} WARNING - No viable dags retrieved from /home/ubuntu/venv/lib/python3.10/site-packages/airflow/example_dags/tutorial_taskflow_api_virtualenv.py
[2023-07-09T17:01:00.774+0000] {processor.py:175} INFO - Processing /home/ubuntu/venv/lib/python3.10/site-packages/airflow/example_dags/tutorial_taskflow_api_virtualenv.py took 0.069 seconds
[2023-07-09T17:01:31.760+0000] {processor.py:153} INFO - Started process (PID=9035) to work on /home/ubuntu/venv/lib/python3.10/site-packages/airflow/example_dags/tutorial_taskflow_api_virtualenv.py
[2023-07-09T17:01:31.761+0000] {processor.py:743} INFO - Processing file /home/ubuntu/venv/lib/python3.10/site-packages/airflow/example_dags/tutorial_taskflow_api_virtualenv.py for tasks to queue
[2023-07-09T17:01:31.762+0000] {logging_mixin.py:137} INFO - [2023-07-09T17:01:31.762+0000] {dagbag.py:538} INFO - Filling up the DagBag from /home/ubuntu/venv/lib/python3.10/site-packages/airflow/example_dags/tutorial_taskflow_api_virtualenv.py
[2023-07-09T17:01:31.786+0000] {logging_mixin.py:137} INFO - [2023-07-09T17:01:31.786+0000] {tutorial_taskflow_api_virtualenv.py:29} WARNING - The tutorial_taskflow_api_virtualenv example DAG requires virtualenv, please install it.
[2023-07-09T17:01:31.786+0000] {processor.py:755} WARNING - No viable dags retrieved from /home/ubuntu/venv/lib/python3.10/site-packages/airflow/example_dags/tutorial_taskflow_api_virtualenv.py
[2023-07-09T17:01:31.828+0000] {processor.py:175} INFO - Processing /home/ubuntu/venv/lib/python3.10/site-packages/airflow/example_dags/tutorial_taskflow_api_virtualenv.py took 0.073 seconds
[2023-07-09T17:02:02.270+0000] {processor.py:153} INFO - Started process (PID=9286) to work on /home/ubuntu/venv/lib/python3.10/site-packages/airflow/example_dags/tutorial_taskflow_api_virtualenv.py
[2023-07-09T17:02:02.272+0000] {processor.py:743} INFO - Processing file /home/ubuntu/venv/lib/python3.10/site-packages/airflow/example_dags/tutorial_taskflow_api_virtualenv.py for tasks to queue
[2023-07-09T17:02:02.273+0000] {logging_mixin.py:137} INFO - [2023-07-09T17:02:02.273+0000] {dagbag.py:538} INFO - Filling up the DagBag from /home/ubuntu/venv/lib/python3.10/site-packages/airflow/example_dags/tutorial_taskflow_api_virtualenv.py
[2023-07-09T17:02:02.313+0000] {logging_mixin.py:137} INFO - [2023-07-09T17:02:02.313+0000] {tutorial_taskflow_api_virtualenv.py:29} WARNING - The tutorial_taskflow_api_virtualenv example DAG requires virtualenv, please install it.
[2023-07-09T17:02:02.314+0000] {processor.py:755} WARNING - No viable dags retrieved from /home/ubuntu/venv/lib/python3.10/site-packages/airflow/example_dags/tutorial_taskflow_api_virtualenv.py
[2023-07-09T17:02:02.360+0000] {processor.py:175} INFO - Processing /home/ubuntu/venv/lib/python3.10/site-packages/airflow/example_dags/tutorial_taskflow_api_virtualenv.py took 0.094 seconds
[2023-07-09T17:02:32.422+0000] {processor.py:153} INFO - Started process (PID=9516) to work on /home/ubuntu/venv/lib/python3.10/site-packages/airflow/example_dags/tutorial_taskflow_api_virtualenv.py
[2023-07-09T17:02:32.430+0000] {processor.py:743} INFO - Processing file /home/ubuntu/venv/lib/python3.10/site-packages/airflow/example_dags/tutorial_taskflow_api_virtualenv.py for tasks to queue
[2023-07-09T17:02:32.433+0000] {logging_mixin.py:137} INFO - [2023-07-09T17:02:32.433+0000] {dagbag.py:538} INFO - Filling up the DagBag from /home/ubuntu/venv/lib/python3.10/site-packages/airflow/example_dags/tutorial_taskflow_api_virtualenv.py
[2023-07-09T17:02:32.467+0000] {logging_mixin.py:137} INFO - [2023-07-09T17:02:32.467+0000] {tutorial_taskflow_api_virtualenv.py:29} WARNING - The tutorial_taskflow_api_virtualenv example DAG requires virtualenv, please install it.
[2023-07-09T17:02:32.467+0000] {processor.py:755} WARNING - No viable dags retrieved from /home/ubuntu/venv/lib/python3.10/site-packages/airflow/example_dags/tutorial_taskflow_api_virtualenv.py
[2023-07-09T17:02:32.508+0000] {processor.py:175} INFO - Processing /home/ubuntu/venv/lib/python3.10/site-packages/airflow/example_dags/tutorial_taskflow_api_virtualenv.py took 0.091 seconds
[2023-07-09T17:03:03.265+0000] {processor.py:153} INFO - Started process (PID=9758) to work on /home/ubuntu/venv/lib/python3.10/site-packages/airflow/example_dags/tutorial_taskflow_api_virtualenv.py
[2023-07-09T17:03:03.266+0000] {processor.py:743} INFO - Processing file /home/ubuntu/venv/lib/python3.10/site-packages/airflow/example_dags/tutorial_taskflow_api_virtualenv.py for tasks to queue
[2023-07-09T17:03:03.267+0000] {logging_mixin.py:137} INFO - [2023-07-09T17:03:03.267+0000] {dagbag.py:538} INFO - Filling up the DagBag from /home/ubuntu/venv/lib/python3.10/site-packages/airflow/example_dags/tutorial_taskflow_api_virtualenv.py
[2023-07-09T17:03:03.288+0000] {logging_mixin.py:137} INFO - [2023-07-09T17:03:03.288+0000] {tutorial_taskflow_api_virtualenv.py:29} WARNING - The tutorial_taskflow_api_virtualenv example DAG requires virtualenv, please install it.
[2023-07-09T17:03:03.289+0000] {processor.py:755} WARNING - No viable dags retrieved from /home/ubuntu/venv/lib/python3.10/site-packages/airflow/example_dags/tutorial_taskflow_api_virtualenv.py
[2023-07-09T17:03:03.335+0000] {processor.py:175} INFO - Processing /home/ubuntu/venv/lib/python3.10/site-packages/airflow/example_dags/tutorial_taskflow_api_virtualenv.py took 0.074 seconds
[2023-07-09T17:03:34.230+0000] {processor.py:153} INFO - Started process (PID=9992) to work on /home/ubuntu/venv/lib/python3.10/site-packages/airflow/example_dags/tutorial_taskflow_api_virtualenv.py
[2023-07-09T17:03:34.232+0000] {processor.py:743} INFO - Processing file /home/ubuntu/venv/lib/python3.10/site-packages/airflow/example_dags/tutorial_taskflow_api_virtualenv.py for tasks to queue
[2023-07-09T17:03:34.233+0000] {logging_mixin.py:137} INFO - [2023-07-09T17:03:34.233+0000] {dagbag.py:538} INFO - Filling up the DagBag from /home/ubuntu/venv/lib/python3.10/site-packages/airflow/example_dags/tutorial_taskflow_api_virtualenv.py
[2023-07-09T17:03:34.254+0000] {logging_mixin.py:137} INFO - [2023-07-09T17:03:34.254+0000] {tutorial_taskflow_api_virtualenv.py:29} WARNING - The tutorial_taskflow_api_virtualenv example DAG requires virtualenv, please install it.
[2023-07-09T17:03:34.254+0000] {processor.py:755} WARNING - No viable dags retrieved from /home/ubuntu/venv/lib/python3.10/site-packages/airflow/example_dags/tutorial_taskflow_api_virtualenv.py
[2023-07-09T17:03:34.296+0000] {processor.py:175} INFO - Processing /home/ubuntu/venv/lib/python3.10/site-packages/airflow/example_dags/tutorial_taskflow_api_virtualenv.py took 0.072 seconds
[2023-07-09T17:04:05.048+0000] {processor.py:153} INFO - Started process (PID=10229) to work on /home/ubuntu/venv/lib/python3.10/site-packages/airflow/example_dags/tutorial_taskflow_api_virtualenv.py
[2023-07-09T17:04:05.056+0000] {processor.py:743} INFO - Processing file /home/ubuntu/venv/lib/python3.10/site-packages/airflow/example_dags/tutorial_taskflow_api_virtualenv.py for tasks to queue
[2023-07-09T17:04:05.060+0000] {logging_mixin.py:137} INFO - [2023-07-09T17:04:05.057+0000] {dagbag.py:538} INFO - Filling up the DagBag from /home/ubuntu/venv/lib/python3.10/site-packages/airflow/example_dags/tutorial_taskflow_api_virtualenv.py
[2023-07-09T17:04:05.084+0000] {logging_mixin.py:137} INFO - [2023-07-09T17:04:05.084+0000] {tutorial_taskflow_api_virtualenv.py:29} WARNING - The tutorial_taskflow_api_virtualenv example DAG requires virtualenv, please install it.
[2023-07-09T17:04:05.085+0000] {processor.py:755} WARNING - No viable dags retrieved from /home/ubuntu/venv/lib/python3.10/site-packages/airflow/example_dags/tutorial_taskflow_api_virtualenv.py
[2023-07-09T17:04:05.132+0000] {processor.py:175} INFO - Processing /home/ubuntu/venv/lib/python3.10/site-packages/airflow/example_dags/tutorial_taskflow_api_virtualenv.py took 0.089 seconds
[2023-07-09T17:04:36.329+0000] {processor.py:153} INFO - Started process (PID=10465) to work on /home/ubuntu/venv/lib/python3.10/site-packages/airflow/example_dags/tutorial_taskflow_api_virtualenv.py
[2023-07-09T17:04:36.335+0000] {processor.py:743} INFO - Processing file /home/ubuntu/venv/lib/python3.10/site-packages/airflow/example_dags/tutorial_taskflow_api_virtualenv.py for tasks to queue
[2023-07-09T17:04:36.335+0000] {logging_mixin.py:137} INFO - [2023-07-09T17:04:36.335+0000] {dagbag.py:538} INFO - Filling up the DagBag from /home/ubuntu/venv/lib/python3.10/site-packages/airflow/example_dags/tutorial_taskflow_api_virtualenv.py
[2023-07-09T17:04:36.360+0000] {logging_mixin.py:137} INFO - [2023-07-09T17:04:36.359+0000] {tutorial_taskflow_api_virtualenv.py:29} WARNING - The tutorial_taskflow_api_virtualenv example DAG requires virtualenv, please install it.
[2023-07-09T17:04:36.360+0000] {processor.py:755} WARNING - No viable dags retrieved from /home/ubuntu/venv/lib/python3.10/site-packages/airflow/example_dags/tutorial_taskflow_api_virtualenv.py
[2023-07-09T17:04:36.420+0000] {processor.py:175} INFO - Processing /home/ubuntu/venv/lib/python3.10/site-packages/airflow/example_dags/tutorial_taskflow_api_virtualenv.py took 0.096 seconds
[2023-07-09T17:05:55.266+0000] {processor.py:153} INFO - Started process (PID=10946) to work on /home/ubuntu/venv/lib/python3.10/site-packages/airflow/example_dags/tutorial_taskflow_api_virtualenv.py
[2023-07-09T17:05:55.282+0000] {processor.py:743} INFO - Processing file /home/ubuntu/venv/lib/python3.10/site-packages/airflow/example_dags/tutorial_taskflow_api_virtualenv.py for tasks to queue
[2023-07-09T17:05:55.282+0000] {logging_mixin.py:137} INFO - [2023-07-09T17:05:55.282+0000] {dagbag.py:538} INFO - Filling up the DagBag from /home/ubuntu/venv/lib/python3.10/site-packages/airflow/example_dags/tutorial_taskflow_api_virtualenv.py
[2023-07-09T17:05:55.386+0000] {logging_mixin.py:137} INFO - [2023-07-09T17:05:55.386+0000] {tutorial_taskflow_api_virtualenv.py:29} WARNING - The tutorial_taskflow_api_virtualenv example DAG requires virtualenv, please install it.
[2023-07-09T17:05:55.386+0000] {processor.py:755} WARNING - No viable dags retrieved from /home/ubuntu/venv/lib/python3.10/site-packages/airflow/example_dags/tutorial_taskflow_api_virtualenv.py
[2023-07-09T17:05:55.516+0000] {processor.py:175} INFO - Processing /home/ubuntu/venv/lib/python3.10/site-packages/airflow/example_dags/tutorial_taskflow_api_virtualenv.py took 0.255 seconds
[2023-07-09T17:06:26.258+0000] {processor.py:153} INFO - Started process (PID=11298) to work on /home/ubuntu/venv/lib/python3.10/site-packages/airflow/example_dags/tutorial_taskflow_api_virtualenv.py
[2023-07-09T17:06:26.260+0000] {processor.py:743} INFO - Processing file /home/ubuntu/venv/lib/python3.10/site-packages/airflow/example_dags/tutorial_taskflow_api_virtualenv.py for tasks to queue
[2023-07-09T17:06:26.261+0000] {logging_mixin.py:137} INFO - [2023-07-09T17:06:26.261+0000] {dagbag.py:538} INFO - Filling up the DagBag from /home/ubuntu/venv/lib/python3.10/site-packages/airflow/example_dags/tutorial_taskflow_api_virtualenv.py
[2023-07-09T17:06:26.289+0000] {logging_mixin.py:137} INFO - [2023-07-09T17:06:26.288+0000] {tutorial_taskflow_api_virtualenv.py:29} WARNING - The tutorial_taskflow_api_virtualenv example DAG requires virtualenv, please install it.
[2023-07-09T17:06:26.289+0000] {processor.py:755} WARNING - No viable dags retrieved from /home/ubuntu/venv/lib/python3.10/site-packages/airflow/example_dags/tutorial_taskflow_api_virtualenv.py
[2023-07-09T17:06:26.338+0000] {processor.py:175} INFO - Processing /home/ubuntu/venv/lib/python3.10/site-packages/airflow/example_dags/tutorial_taskflow_api_virtualenv.py took 0.085 seconds
[2023-07-09T17:07:25.041+0000] {processor.py:153} INFO - Started process (PID=11756) to work on /home/ubuntu/venv/lib/python3.10/site-packages/airflow/example_dags/tutorial_taskflow_api_virtualenv.py
[2023-07-09T17:07:25.052+0000] {processor.py:743} INFO - Processing file /home/ubuntu/venv/lib/python3.10/site-packages/airflow/example_dags/tutorial_taskflow_api_virtualenv.py for tasks to queue
[2023-07-09T17:07:25.053+0000] {logging_mixin.py:137} INFO - [2023-07-09T17:07:25.053+0000] {dagbag.py:538} INFO - Filling up the DagBag from /home/ubuntu/venv/lib/python3.10/site-packages/airflow/example_dags/tutorial_taskflow_api_virtualenv.py
[2023-07-09T17:07:25.111+0000] {logging_mixin.py:137} INFO - [2023-07-09T17:07:25.111+0000] {tutorial_taskflow_api_virtualenv.py:29} WARNING - The tutorial_taskflow_api_virtualenv example DAG requires virtualenv, please install it.
[2023-07-09T17:07:25.111+0000] {processor.py:755} WARNING - No viable dags retrieved from /home/ubuntu/venv/lib/python3.10/site-packages/airflow/example_dags/tutorial_taskflow_api_virtualenv.py
[2023-07-09T17:07:25.188+0000] {processor.py:175} INFO - Processing /home/ubuntu/venv/lib/python3.10/site-packages/airflow/example_dags/tutorial_taskflow_api_virtualenv.py took 0.152 seconds
[2023-07-09T17:07:55.811+0000] {processor.py:153} INFO - Started process (PID=12030) to work on /home/ubuntu/venv/lib/python3.10/site-packages/airflow/example_dags/tutorial_taskflow_api_virtualenv.py
[2023-07-09T17:07:55.813+0000] {processor.py:743} INFO - Processing file /home/ubuntu/venv/lib/python3.10/site-packages/airflow/example_dags/tutorial_taskflow_api_virtualenv.py for tasks to queue
[2023-07-09T17:07:55.814+0000] {logging_mixin.py:137} INFO - [2023-07-09T17:07:55.813+0000] {dagbag.py:538} INFO - Filling up the DagBag from /home/ubuntu/venv/lib/python3.10/site-packages/airflow/example_dags/tutorial_taskflow_api_virtualenv.py
[2023-07-09T17:07:55.835+0000] {logging_mixin.py:137} INFO - [2023-07-09T17:07:55.835+0000] {tutorial_taskflow_api_virtualenv.py:29} WARNING - The tutorial_taskflow_api_virtualenv example DAG requires virtualenv, please install it.
[2023-07-09T17:07:55.836+0000] {processor.py:755} WARNING - No viable dags retrieved from /home/ubuntu/venv/lib/python3.10/site-packages/airflow/example_dags/tutorial_taskflow_api_virtualenv.py
[2023-07-09T17:07:55.879+0000] {processor.py:175} INFO - Processing /home/ubuntu/venv/lib/python3.10/site-packages/airflow/example_dags/tutorial_taskflow_api_virtualenv.py took 0.072 seconds
[2023-07-09T17:08:26.622+0000] {processor.py:153} INFO - Started process (PID=12266) to work on /home/ubuntu/venv/lib/python3.10/site-packages/airflow/example_dags/tutorial_taskflow_api_virtualenv.py
[2023-07-09T17:08:26.624+0000] {processor.py:743} INFO - Processing file /home/ubuntu/venv/lib/python3.10/site-packages/airflow/example_dags/tutorial_taskflow_api_virtualenv.py for tasks to queue
[2023-07-09T17:08:26.625+0000] {logging_mixin.py:137} INFO - [2023-07-09T17:08:26.624+0000] {dagbag.py:538} INFO - Filling up the DagBag from /home/ubuntu/venv/lib/python3.10/site-packages/airflow/example_dags/tutorial_taskflow_api_virtualenv.py
[2023-07-09T17:08:26.650+0000] {logging_mixin.py:137} INFO - [2023-07-09T17:08:26.650+0000] {tutorial_taskflow_api_virtualenv.py:29} WARNING - The tutorial_taskflow_api_virtualenv example DAG requires virtualenv, please install it.
[2023-07-09T17:08:26.651+0000] {processor.py:755} WARNING - No viable dags retrieved from /home/ubuntu/venv/lib/python3.10/site-packages/airflow/example_dags/tutorial_taskflow_api_virtualenv.py
[2023-07-09T17:08:26.693+0000] {processor.py:175} INFO - Processing /home/ubuntu/venv/lib/python3.10/site-packages/airflow/example_dags/tutorial_taskflow_api_virtualenv.py took 0.076 seconds
[2023-07-09T17:09:04.990+0000] {processor.py:153} INFO - Started process (PID=12721) to work on /home/ubuntu/venv/lib/python3.10/site-packages/airflow/example_dags/tutorial_taskflow_api_virtualenv.py
[2023-07-09T17:09:04.992+0000] {processor.py:743} INFO - Processing file /home/ubuntu/venv/lib/python3.10/site-packages/airflow/example_dags/tutorial_taskflow_api_virtualenv.py for tasks to queue
[2023-07-09T17:09:04.993+0000] {logging_mixin.py:137} INFO - [2023-07-09T17:09:04.993+0000] {dagbag.py:538} INFO - Filling up the DagBag from /home/ubuntu/venv/lib/python3.10/site-packages/airflow/example_dags/tutorial_taskflow_api_virtualenv.py
[2023-07-09T17:09:05.023+0000] {logging_mixin.py:137} INFO - [2023-07-09T17:09:05.023+0000] {tutorial_taskflow_api_virtualenv.py:29} WARNING - The tutorial_taskflow_api_virtualenv example DAG requires virtualenv, please install it.
[2023-07-09T17:09:05.023+0000] {processor.py:755} WARNING - No viable dags retrieved from /home/ubuntu/venv/lib/python3.10/site-packages/airflow/example_dags/tutorial_taskflow_api_virtualenv.py
[2023-07-09T17:09:05.067+0000] {processor.py:175} INFO - Processing /home/ubuntu/venv/lib/python3.10/site-packages/airflow/example_dags/tutorial_taskflow_api_virtualenv.py took 0.081 seconds
[2023-07-09T17:09:35.176+0000] {processor.py:153} INFO - Started process (PID=12991) to work on /home/ubuntu/venv/lib/python3.10/site-packages/airflow/example_dags/tutorial_taskflow_api_virtualenv.py
[2023-07-09T17:09:35.178+0000] {processor.py:743} INFO - Processing file /home/ubuntu/venv/lib/python3.10/site-packages/airflow/example_dags/tutorial_taskflow_api_virtualenv.py for tasks to queue
[2023-07-09T17:09:35.178+0000] {logging_mixin.py:137} INFO - [2023-07-09T17:09:35.178+0000] {dagbag.py:538} INFO - Filling up the DagBag from /home/ubuntu/venv/lib/python3.10/site-packages/airflow/example_dags/tutorial_taskflow_api_virtualenv.py
[2023-07-09T17:09:35.202+0000] {logging_mixin.py:137} INFO - [2023-07-09T17:09:35.202+0000] {tutorial_taskflow_api_virtualenv.py:29} WARNING - The tutorial_taskflow_api_virtualenv example DAG requires virtualenv, please install it.
[2023-07-09T17:09:35.202+0000] {processor.py:755} WARNING - No viable dags retrieved from /home/ubuntu/venv/lib/python3.10/site-packages/airflow/example_dags/tutorial_taskflow_api_virtualenv.py
[2023-07-09T17:09:35.250+0000] {processor.py:175} INFO - Processing /home/ubuntu/venv/lib/python3.10/site-packages/airflow/example_dags/tutorial_taskflow_api_virtualenv.py took 0.078 seconds
[2023-07-09T17:10:05.649+0000] {processor.py:153} INFO - Started process (PID=13228) to work on /home/ubuntu/venv/lib/python3.10/site-packages/airflow/example_dags/tutorial_taskflow_api_virtualenv.py
[2023-07-09T17:10:05.651+0000] {processor.py:743} INFO - Processing file /home/ubuntu/venv/lib/python3.10/site-packages/airflow/example_dags/tutorial_taskflow_api_virtualenv.py for tasks to queue
[2023-07-09T17:10:05.652+0000] {logging_mixin.py:137} INFO - [2023-07-09T17:10:05.652+0000] {dagbag.py:538} INFO - Filling up the DagBag from /home/ubuntu/venv/lib/python3.10/site-packages/airflow/example_dags/tutorial_taskflow_api_virtualenv.py
[2023-07-09T17:10:05.723+0000] {logging_mixin.py:137} INFO - [2023-07-09T17:10:05.723+0000] {tutorial_taskflow_api_virtualenv.py:29} WARNING - The tutorial_taskflow_api_virtualenv example DAG requires virtualenv, please install it.
[2023-07-09T17:10:05.723+0000] {processor.py:755} WARNING - No viable dags retrieved from /home/ubuntu/venv/lib/python3.10/site-packages/airflow/example_dags/tutorial_taskflow_api_virtualenv.py
[2023-07-09T17:10:05.798+0000] {processor.py:175} INFO - Processing /home/ubuntu/venv/lib/python3.10/site-packages/airflow/example_dags/tutorial_taskflow_api_virtualenv.py took 0.153 seconds
