[2023-07-09T15:46:31.974+0000] {processor.py:153} INFO - Started process (PID=1253) to work on /home/ubuntu/venv/lib/python3.10/site-packages/airflow/example_dags/tutorial_taskflow_api.py
[2023-07-09T15:46:31.977+0000] {processor.py:743} INFO - Processing file /home/ubuntu/venv/lib/python3.10/site-packages/airflow/example_dags/tutorial_taskflow_api.py for tasks to queue
[2023-07-09T15:46:31.978+0000] {logging_mixin.py:137} INFO - [2023-07-09T15:46:31.978+0000] {dagbag.py:538} INFO - Filling up the DagBag from /home/ubuntu/venv/lib/python3.10/site-packages/airflow/example_dags/tutorial_taskflow_api.py
[2023-07-09T15:46:32.031+0000] {processor.py:753} INFO - DAG(s) dict_keys(['tutorial_taskflow_api']) retrieved from /home/ubuntu/venv/lib/python3.10/site-packages/airflow/example_dags/tutorial_taskflow_api.py
[2023-07-09T15:46:32.116+0000] {logging_mixin.py:137} INFO - [2023-07-09T15:46:32.116+0000] {dag.py:2676} INFO - Sync 1 DAGs
[2023-07-09T15:46:32.166+0000] {logging_mixin.py:137} INFO - [2023-07-09T15:46:32.166+0000] {dag.py:3423} INFO - Setting next_dagrun for tutorial_taskflow_api to None, run_after=None
[2023-07-09T15:46:32.225+0000] {processor.py:175} INFO - Processing /home/ubuntu/venv/lib/python3.10/site-packages/airflow/example_dags/tutorial_taskflow_api.py took 0.255 seconds
[2023-07-09T15:47:03.151+0000] {processor.py:153} INFO - Started process (PID=1501) to work on /home/ubuntu/venv/lib/python3.10/site-packages/airflow/example_dags/tutorial_taskflow_api.py
[2023-07-09T15:47:03.152+0000] {processor.py:743} INFO - Processing file /home/ubuntu/venv/lib/python3.10/site-packages/airflow/example_dags/tutorial_taskflow_api.py for tasks to queue
[2023-07-09T15:47:03.153+0000] {logging_mixin.py:137} INFO - [2023-07-09T15:47:03.153+0000] {dagbag.py:538} INFO - Filling up the DagBag from /home/ubuntu/venv/lib/python3.10/site-packages/airflow/example_dags/tutorial_taskflow_api.py
[2023-07-09T15:47:03.191+0000] {processor.py:753} INFO - DAG(s) dict_keys(['tutorial_taskflow_api']) retrieved from /home/ubuntu/venv/lib/python3.10/site-packages/airflow/example_dags/tutorial_taskflow_api.py
[2023-07-09T15:47:03.262+0000] {logging_mixin.py:137} INFO - [2023-07-09T15:47:03.261+0000] {dag.py:2676} INFO - Sync 1 DAGs
[2023-07-09T15:47:03.309+0000] {logging_mixin.py:137} INFO - [2023-07-09T15:47:03.309+0000] {dag.py:3423} INFO - Setting next_dagrun for tutorial_taskflow_api to None, run_after=None
[2023-07-09T15:47:03.339+0000] {processor.py:175} INFO - Processing /home/ubuntu/venv/lib/python3.10/site-packages/airflow/example_dags/tutorial_taskflow_api.py took 0.193 seconds
[2023-07-09T15:47:33.501+0000] {processor.py:153} INFO - Started process (PID=1739) to work on /home/ubuntu/venv/lib/python3.10/site-packages/airflow/example_dags/tutorial_taskflow_api.py
[2023-07-09T15:47:33.502+0000] {processor.py:743} INFO - Processing file /home/ubuntu/venv/lib/python3.10/site-packages/airflow/example_dags/tutorial_taskflow_api.py for tasks to queue
[2023-07-09T15:47:33.503+0000] {logging_mixin.py:137} INFO - [2023-07-09T15:47:33.503+0000] {dagbag.py:538} INFO - Filling up the DagBag from /home/ubuntu/venv/lib/python3.10/site-packages/airflow/example_dags/tutorial_taskflow_api.py
[2023-07-09T15:47:33.544+0000] {processor.py:753} INFO - DAG(s) dict_keys(['tutorial_taskflow_api']) retrieved from /home/ubuntu/venv/lib/python3.10/site-packages/airflow/example_dags/tutorial_taskflow_api.py
[2023-07-09T15:47:33.610+0000] {logging_mixin.py:137} INFO - [2023-07-09T15:47:33.610+0000] {dag.py:2676} INFO - Sync 1 DAGs
[2023-07-09T15:47:33.646+0000] {logging_mixin.py:137} INFO - [2023-07-09T15:47:33.645+0000] {dag.py:3423} INFO - Setting next_dagrun for tutorial_taskflow_api to None, run_after=None
[2023-07-09T15:47:33.673+0000] {processor.py:175} INFO - Processing /home/ubuntu/venv/lib/python3.10/site-packages/airflow/example_dags/tutorial_taskflow_api.py took 0.176 seconds
[2023-07-09T15:49:51.339+0000] {processor.py:153} INFO - Started process (PID=2083) to work on /home/ubuntu/venv/lib/python3.10/site-packages/airflow/example_dags/tutorial_taskflow_api.py
[2023-07-09T15:49:51.341+0000] {processor.py:743} INFO - Processing file /home/ubuntu/venv/lib/python3.10/site-packages/airflow/example_dags/tutorial_taskflow_api.py for tasks to queue
[2023-07-09T15:49:51.342+0000] {logging_mixin.py:137} INFO - [2023-07-09T15:49:51.342+0000] {dagbag.py:538} INFO - Filling up the DagBag from /home/ubuntu/venv/lib/python3.10/site-packages/airflow/example_dags/tutorial_taskflow_api.py
[2023-07-09T15:49:51.376+0000] {processor.py:753} INFO - DAG(s) dict_keys(['tutorial_taskflow_api']) retrieved from /home/ubuntu/venv/lib/python3.10/site-packages/airflow/example_dags/tutorial_taskflow_api.py
[2023-07-09T15:49:51.447+0000] {logging_mixin.py:137} INFO - [2023-07-09T15:49:51.446+0000] {dag.py:2676} INFO - Sync 1 DAGs
[2023-07-09T15:49:51.485+0000] {logging_mixin.py:137} INFO - [2023-07-09T15:49:51.485+0000] {dag.py:3423} INFO - Setting next_dagrun for tutorial_taskflow_api to None, run_after=None
[2023-07-09T15:49:51.522+0000] {processor.py:175} INFO - Processing /home/ubuntu/venv/lib/python3.10/site-packages/airflow/example_dags/tutorial_taskflow_api.py took 0.187 seconds
[2023-07-09T15:50:22.364+0000] {processor.py:153} INFO - Started process (PID=2319) to work on /home/ubuntu/venv/lib/python3.10/site-packages/airflow/example_dags/tutorial_taskflow_api.py
[2023-07-09T15:50:22.365+0000] {processor.py:743} INFO - Processing file /home/ubuntu/venv/lib/python3.10/site-packages/airflow/example_dags/tutorial_taskflow_api.py for tasks to queue
[2023-07-09T15:50:22.366+0000] {logging_mixin.py:137} INFO - [2023-07-09T15:50:22.366+0000] {dagbag.py:538} INFO - Filling up the DagBag from /home/ubuntu/venv/lib/python3.10/site-packages/airflow/example_dags/tutorial_taskflow_api.py
[2023-07-09T15:50:22.408+0000] {processor.py:753} INFO - DAG(s) dict_keys(['tutorial_taskflow_api']) retrieved from /home/ubuntu/venv/lib/python3.10/site-packages/airflow/example_dags/tutorial_taskflow_api.py
[2023-07-09T15:50:22.498+0000] {logging_mixin.py:137} INFO - [2023-07-09T15:50:22.498+0000] {dag.py:2676} INFO - Sync 1 DAGs
[2023-07-09T15:50:22.543+0000] {logging_mixin.py:137} INFO - [2023-07-09T15:50:22.543+0000] {dag.py:3423} INFO - Setting next_dagrun for tutorial_taskflow_api to None, run_after=None
[2023-07-09T15:50:22.569+0000] {processor.py:175} INFO - Processing /home/ubuntu/venv/lib/python3.10/site-packages/airflow/example_dags/tutorial_taskflow_api.py took 0.210 seconds
[2023-07-09T16:47:14.468+0000] {processor.py:153} INFO - Started process (PID=3381) to work on /home/ubuntu/venv/lib/python3.10/site-packages/airflow/example_dags/tutorial_taskflow_api.py
[2023-07-09T16:47:14.470+0000] {processor.py:743} INFO - Processing file /home/ubuntu/venv/lib/python3.10/site-packages/airflow/example_dags/tutorial_taskflow_api.py for tasks to queue
[2023-07-09T16:47:14.470+0000] {logging_mixin.py:137} INFO - [2023-07-09T16:47:14.470+0000] {dagbag.py:538} INFO - Filling up the DagBag from /home/ubuntu/venv/lib/python3.10/site-packages/airflow/example_dags/tutorial_taskflow_api.py
[2023-07-09T16:47:14.495+0000] {processor.py:753} INFO - DAG(s) dict_keys(['tutorial_taskflow_api']) retrieved from /home/ubuntu/venv/lib/python3.10/site-packages/airflow/example_dags/tutorial_taskflow_api.py
[2023-07-09T16:47:14.551+0000] {logging_mixin.py:137} INFO - [2023-07-09T16:47:14.551+0000] {dag.py:2676} INFO - Sync 1 DAGs
[2023-07-09T16:47:14.579+0000] {logging_mixin.py:137} INFO - [2023-07-09T16:47:14.578+0000] {dag.py:3423} INFO - Setting next_dagrun for tutorial_taskflow_api to None, run_after=None
[2023-07-09T16:47:14.599+0000] {processor.py:175} INFO - Processing /home/ubuntu/venv/lib/python3.10/site-packages/airflow/example_dags/tutorial_taskflow_api.py took 0.135 seconds
[2023-07-09T16:47:44.725+0000] {processor.py:153} INFO - Started process (PID=3746) to work on /home/ubuntu/venv/lib/python3.10/site-packages/airflow/example_dags/tutorial_taskflow_api.py
[2023-07-09T16:47:44.727+0000] {processor.py:743} INFO - Processing file /home/ubuntu/venv/lib/python3.10/site-packages/airflow/example_dags/tutorial_taskflow_api.py for tasks to queue
[2023-07-09T16:47:44.728+0000] {logging_mixin.py:137} INFO - [2023-07-09T16:47:44.728+0000] {dagbag.py:538} INFO - Filling up the DagBag from /home/ubuntu/venv/lib/python3.10/site-packages/airflow/example_dags/tutorial_taskflow_api.py
[2023-07-09T16:47:44.752+0000] {processor.py:753} INFO - DAG(s) dict_keys(['tutorial_taskflow_api']) retrieved from /home/ubuntu/venv/lib/python3.10/site-packages/airflow/example_dags/tutorial_taskflow_api.py
[2023-07-09T16:47:44.844+0000] {logging_mixin.py:137} INFO - [2023-07-09T16:47:44.844+0000] {dag.py:2676} INFO - Sync 1 DAGs
[2023-07-09T16:47:44.867+0000] {logging_mixin.py:137} INFO - [2023-07-09T16:47:44.867+0000] {dag.py:3423} INFO - Setting next_dagrun for tutorial_taskflow_api to None, run_after=None
[2023-07-09T16:47:44.885+0000] {processor.py:175} INFO - Processing /home/ubuntu/venv/lib/python3.10/site-packages/airflow/example_dags/tutorial_taskflow_api.py took 0.163 seconds
[2023-07-09T16:48:15.397+0000] {processor.py:153} INFO - Started process (PID=3978) to work on /home/ubuntu/venv/lib/python3.10/site-packages/airflow/example_dags/tutorial_taskflow_api.py
[2023-07-09T16:48:15.406+0000] {processor.py:743} INFO - Processing file /home/ubuntu/venv/lib/python3.10/site-packages/airflow/example_dags/tutorial_taskflow_api.py for tasks to queue
[2023-07-09T16:48:15.406+0000] {logging_mixin.py:137} INFO - [2023-07-09T16:48:15.406+0000] {dagbag.py:538} INFO - Filling up the DagBag from /home/ubuntu/venv/lib/python3.10/site-packages/airflow/example_dags/tutorial_taskflow_api.py
[2023-07-09T16:48:15.456+0000] {processor.py:753} INFO - DAG(s) dict_keys(['tutorial_taskflow_api']) retrieved from /home/ubuntu/venv/lib/python3.10/site-packages/airflow/example_dags/tutorial_taskflow_api.py
[2023-07-09T16:48:15.534+0000] {logging_mixin.py:137} INFO - [2023-07-09T16:48:15.534+0000] {dag.py:2676} INFO - Sync 1 DAGs
[2023-07-09T16:48:15.566+0000] {logging_mixin.py:137} INFO - [2023-07-09T16:48:15.566+0000] {dag.py:3423} INFO - Setting next_dagrun for tutorial_taskflow_api to None, run_after=None
[2023-07-09T16:48:15.588+0000] {processor.py:175} INFO - Processing /home/ubuntu/venv/lib/python3.10/site-packages/airflow/example_dags/tutorial_taskflow_api.py took 0.196 seconds
[2023-07-09T16:48:46.189+0000] {processor.py:153} INFO - Started process (PID=4214) to work on /home/ubuntu/venv/lib/python3.10/site-packages/airflow/example_dags/tutorial_taskflow_api.py
[2023-07-09T16:48:46.189+0000] {processor.py:743} INFO - Processing file /home/ubuntu/venv/lib/python3.10/site-packages/airflow/example_dags/tutorial_taskflow_api.py for tasks to queue
[2023-07-09T16:48:46.190+0000] {logging_mixin.py:137} INFO - [2023-07-09T16:48:46.190+0000] {dagbag.py:538} INFO - Filling up the DagBag from /home/ubuntu/venv/lib/python3.10/site-packages/airflow/example_dags/tutorial_taskflow_api.py
[2023-07-09T16:48:46.233+0000] {processor.py:753} INFO - DAG(s) dict_keys(['tutorial_taskflow_api']) retrieved from /home/ubuntu/venv/lib/python3.10/site-packages/airflow/example_dags/tutorial_taskflow_api.py
[2023-07-09T16:48:46.299+0000] {logging_mixin.py:137} INFO - [2023-07-09T16:48:46.299+0000] {dag.py:2676} INFO - Sync 1 DAGs
[2023-07-09T16:48:46.329+0000] {logging_mixin.py:137} INFO - [2023-07-09T16:48:46.329+0000] {dag.py:3423} INFO - Setting next_dagrun for tutorial_taskflow_api to None, run_after=None
[2023-07-09T16:48:46.353+0000] {processor.py:175} INFO - Processing /home/ubuntu/venv/lib/python3.10/site-packages/airflow/example_dags/tutorial_taskflow_api.py took 0.169 seconds
[2023-07-09T16:49:17.297+0000] {processor.py:153} INFO - Started process (PID=4449) to work on /home/ubuntu/venv/lib/python3.10/site-packages/airflow/example_dags/tutorial_taskflow_api.py
[2023-07-09T16:49:17.298+0000] {processor.py:743} INFO - Processing file /home/ubuntu/venv/lib/python3.10/site-packages/airflow/example_dags/tutorial_taskflow_api.py for tasks to queue
[2023-07-09T16:49:17.299+0000] {logging_mixin.py:137} INFO - [2023-07-09T16:49:17.299+0000] {dagbag.py:538} INFO - Filling up the DagBag from /home/ubuntu/venv/lib/python3.10/site-packages/airflow/example_dags/tutorial_taskflow_api.py
[2023-07-09T16:49:17.345+0000] {processor.py:753} INFO - DAG(s) dict_keys(['tutorial_taskflow_api']) retrieved from /home/ubuntu/venv/lib/python3.10/site-packages/airflow/example_dags/tutorial_taskflow_api.py
[2023-07-09T16:49:17.414+0000] {logging_mixin.py:137} INFO - [2023-07-09T16:49:17.414+0000] {dag.py:2676} INFO - Sync 1 DAGs
[2023-07-09T16:49:17.466+0000] {logging_mixin.py:137} INFO - [2023-07-09T16:49:17.466+0000] {dag.py:3423} INFO - Setting next_dagrun for tutorial_taskflow_api to None, run_after=None
[2023-07-09T16:49:17.492+0000] {processor.py:175} INFO - Processing /home/ubuntu/venv/lib/python3.10/site-packages/airflow/example_dags/tutorial_taskflow_api.py took 0.202 seconds
[2023-07-09T16:49:47.687+0000] {processor.py:153} INFO - Started process (PID=4685) to work on /home/ubuntu/venv/lib/python3.10/site-packages/airflow/example_dags/tutorial_taskflow_api.py
[2023-07-09T16:49:47.688+0000] {processor.py:743} INFO - Processing file /home/ubuntu/venv/lib/python3.10/site-packages/airflow/example_dags/tutorial_taskflow_api.py for tasks to queue
[2023-07-09T16:49:47.689+0000] {logging_mixin.py:137} INFO - [2023-07-09T16:49:47.689+0000] {dagbag.py:538} INFO - Filling up the DagBag from /home/ubuntu/venv/lib/python3.10/site-packages/airflow/example_dags/tutorial_taskflow_api.py
[2023-07-09T16:49:47.750+0000] {processor.py:753} INFO - DAG(s) dict_keys(['tutorial_taskflow_api']) retrieved from /home/ubuntu/venv/lib/python3.10/site-packages/airflow/example_dags/tutorial_taskflow_api.py
[2023-07-09T16:49:47.856+0000] {logging_mixin.py:137} INFO - [2023-07-09T16:49:47.856+0000] {dag.py:2676} INFO - Sync 1 DAGs
[2023-07-09T16:49:47.886+0000] {logging_mixin.py:137} INFO - [2023-07-09T16:49:47.886+0000] {dag.py:3423} INFO - Setting next_dagrun for tutorial_taskflow_api to None, run_after=None
[2023-07-09T16:49:47.908+0000] {processor.py:175} INFO - Processing /home/ubuntu/venv/lib/python3.10/site-packages/airflow/example_dags/tutorial_taskflow_api.py took 0.226 seconds
[2023-07-09T16:50:18.326+0000] {processor.py:153} INFO - Started process (PID=4920) to work on /home/ubuntu/venv/lib/python3.10/site-packages/airflow/example_dags/tutorial_taskflow_api.py
[2023-07-09T16:50:18.327+0000] {processor.py:743} INFO - Processing file /home/ubuntu/venv/lib/python3.10/site-packages/airflow/example_dags/tutorial_taskflow_api.py for tasks to queue
[2023-07-09T16:50:18.328+0000] {logging_mixin.py:137} INFO - [2023-07-09T16:50:18.328+0000] {dagbag.py:538} INFO - Filling up the DagBag from /home/ubuntu/venv/lib/python3.10/site-packages/airflow/example_dags/tutorial_taskflow_api.py
[2023-07-09T16:50:18.362+0000] {processor.py:753} INFO - DAG(s) dict_keys(['tutorial_taskflow_api']) retrieved from /home/ubuntu/venv/lib/python3.10/site-packages/airflow/example_dags/tutorial_taskflow_api.py
[2023-07-09T16:50:18.426+0000] {logging_mixin.py:137} INFO - [2023-07-09T16:50:18.425+0000] {dag.py:2676} INFO - Sync 1 DAGs
[2023-07-09T16:50:18.458+0000] {logging_mixin.py:137} INFO - [2023-07-09T16:50:18.458+0000] {dag.py:3423} INFO - Setting next_dagrun for tutorial_taskflow_api to None, run_after=None
[2023-07-09T16:50:18.496+0000] {processor.py:175} INFO - Processing /home/ubuntu/venv/lib/python3.10/site-packages/airflow/example_dags/tutorial_taskflow_api.py took 0.174 seconds
[2023-07-09T16:50:49.140+0000] {processor.py:153} INFO - Started process (PID=5156) to work on /home/ubuntu/venv/lib/python3.10/site-packages/airflow/example_dags/tutorial_taskflow_api.py
[2023-07-09T16:50:49.141+0000] {processor.py:743} INFO - Processing file /home/ubuntu/venv/lib/python3.10/site-packages/airflow/example_dags/tutorial_taskflow_api.py for tasks to queue
[2023-07-09T16:50:49.142+0000] {logging_mixin.py:137} INFO - [2023-07-09T16:50:49.142+0000] {dagbag.py:538} INFO - Filling up the DagBag from /home/ubuntu/venv/lib/python3.10/site-packages/airflow/example_dags/tutorial_taskflow_api.py
[2023-07-09T16:50:49.178+0000] {processor.py:753} INFO - DAG(s) dict_keys(['tutorial_taskflow_api']) retrieved from /home/ubuntu/venv/lib/python3.10/site-packages/airflow/example_dags/tutorial_taskflow_api.py
[2023-07-09T16:50:49.246+0000] {logging_mixin.py:137} INFO - [2023-07-09T16:50:49.246+0000] {dag.py:2676} INFO - Sync 1 DAGs
[2023-07-09T16:50:49.286+0000] {logging_mixin.py:137} INFO - [2023-07-09T16:50:49.286+0000] {dag.py:3423} INFO - Setting next_dagrun for tutorial_taskflow_api to None, run_after=None
[2023-07-09T16:50:49.311+0000] {processor.py:175} INFO - Processing /home/ubuntu/venv/lib/python3.10/site-packages/airflow/example_dags/tutorial_taskflow_api.py took 0.175 seconds
[2023-07-09T16:54:49.902+0000] {processor.py:153} INFO - Started process (PID=5643) to work on /home/ubuntu/venv/lib/python3.10/site-packages/airflow/example_dags/tutorial_taskflow_api.py
[2023-07-09T16:54:49.915+0000] {processor.py:743} INFO - Processing file /home/ubuntu/venv/lib/python3.10/site-packages/airflow/example_dags/tutorial_taskflow_api.py for tasks to queue
[2023-07-09T16:54:49.916+0000] {logging_mixin.py:137} INFO - [2023-07-09T16:54:49.916+0000] {dagbag.py:538} INFO - Filling up the DagBag from /home/ubuntu/venv/lib/python3.10/site-packages/airflow/example_dags/tutorial_taskflow_api.py
[2023-07-09T16:54:50.023+0000] {processor.py:753} INFO - DAG(s) dict_keys(['tutorial_taskflow_api']) retrieved from /home/ubuntu/venv/lib/python3.10/site-packages/airflow/example_dags/tutorial_taskflow_api.py
[2023-07-09T16:54:50.188+0000] {logging_mixin.py:137} INFO - [2023-07-09T16:54:50.187+0000] {dag.py:2676} INFO - Sync 1 DAGs
[2023-07-09T16:54:50.276+0000] {logging_mixin.py:137} INFO - [2023-07-09T16:54:50.276+0000] {dag.py:3423} INFO - Setting next_dagrun for tutorial_taskflow_api to None, run_after=None
[2023-07-09T16:54:50.344+0000] {processor.py:175} INFO - Processing /home/ubuntu/venv/lib/python3.10/site-packages/airflow/example_dags/tutorial_taskflow_api.py took 0.446 seconds
[2023-07-09T16:55:20.551+0000] {processor.py:153} INFO - Started process (PID=5953) to work on /home/ubuntu/venv/lib/python3.10/site-packages/airflow/example_dags/tutorial_taskflow_api.py
[2023-07-09T16:55:20.553+0000] {processor.py:743} INFO - Processing file /home/ubuntu/venv/lib/python3.10/site-packages/airflow/example_dags/tutorial_taskflow_api.py for tasks to queue
[2023-07-09T16:55:20.555+0000] {logging_mixin.py:137} INFO - [2023-07-09T16:55:20.555+0000] {dagbag.py:538} INFO - Filling up the DagBag from /home/ubuntu/venv/lib/python3.10/site-packages/airflow/example_dags/tutorial_taskflow_api.py
[2023-07-09T16:55:20.593+0000] {processor.py:753} INFO - DAG(s) dict_keys(['tutorial_taskflow_api']) retrieved from /home/ubuntu/venv/lib/python3.10/site-packages/airflow/example_dags/tutorial_taskflow_api.py
[2023-07-09T16:55:20.665+0000] {logging_mixin.py:137} INFO - [2023-07-09T16:55:20.664+0000] {dag.py:2676} INFO - Sync 1 DAGs
[2023-07-09T16:55:20.699+0000] {logging_mixin.py:137} INFO - [2023-07-09T16:55:20.698+0000] {dag.py:3423} INFO - Setting next_dagrun for tutorial_taskflow_api to None, run_after=None
[2023-07-09T16:55:20.722+0000] {processor.py:175} INFO - Processing /home/ubuntu/venv/lib/python3.10/site-packages/airflow/example_dags/tutorial_taskflow_api.py took 0.175 seconds
[2023-07-09T16:55:50.904+0000] {processor.py:153} INFO - Started process (PID=6192) to work on /home/ubuntu/venv/lib/python3.10/site-packages/airflow/example_dags/tutorial_taskflow_api.py
[2023-07-09T16:55:50.905+0000] {processor.py:743} INFO - Processing file /home/ubuntu/venv/lib/python3.10/site-packages/airflow/example_dags/tutorial_taskflow_api.py for tasks to queue
[2023-07-09T16:55:50.905+0000] {logging_mixin.py:137} INFO - [2023-07-09T16:55:50.905+0000] {dagbag.py:538} INFO - Filling up the DagBag from /home/ubuntu/venv/lib/python3.10/site-packages/airflow/example_dags/tutorial_taskflow_api.py
[2023-07-09T16:55:50.932+0000] {processor.py:753} INFO - DAG(s) dict_keys(['tutorial_taskflow_api']) retrieved from /home/ubuntu/venv/lib/python3.10/site-packages/airflow/example_dags/tutorial_taskflow_api.py
[2023-07-09T16:55:50.995+0000] {logging_mixin.py:137} INFO - [2023-07-09T16:55:50.995+0000] {dag.py:2676} INFO - Sync 1 DAGs
[2023-07-09T16:55:51.022+0000] {logging_mixin.py:137} INFO - [2023-07-09T16:55:51.022+0000] {dag.py:3423} INFO - Setting next_dagrun for tutorial_taskflow_api to None, run_after=None
[2023-07-09T16:55:51.039+0000] {processor.py:175} INFO - Processing /home/ubuntu/venv/lib/python3.10/site-packages/airflow/example_dags/tutorial_taskflow_api.py took 0.138 seconds
[2023-07-09T16:56:21.152+0000] {processor.py:153} INFO - Started process (PID=6424) to work on /home/ubuntu/venv/lib/python3.10/site-packages/airflow/example_dags/tutorial_taskflow_api.py
[2023-07-09T16:56:21.156+0000] {processor.py:743} INFO - Processing file /home/ubuntu/venv/lib/python3.10/site-packages/airflow/example_dags/tutorial_taskflow_api.py for tasks to queue
[2023-07-09T16:56:21.157+0000] {logging_mixin.py:137} INFO - [2023-07-09T16:56:21.156+0000] {dagbag.py:538} INFO - Filling up the DagBag from /home/ubuntu/venv/lib/python3.10/site-packages/airflow/example_dags/tutorial_taskflow_api.py
[2023-07-09T16:56:21.195+0000] {processor.py:753} INFO - DAG(s) dict_keys(['tutorial_taskflow_api']) retrieved from /home/ubuntu/venv/lib/python3.10/site-packages/airflow/example_dags/tutorial_taskflow_api.py
[2023-07-09T16:56:21.289+0000] {logging_mixin.py:137} INFO - [2023-07-09T16:56:21.288+0000] {dag.py:2676} INFO - Sync 1 DAGs
[2023-07-09T16:56:21.324+0000] {logging_mixin.py:137} INFO - [2023-07-09T16:56:21.324+0000] {dag.py:3423} INFO - Setting next_dagrun for tutorial_taskflow_api to None, run_after=None
[2023-07-09T16:56:21.347+0000] {processor.py:175} INFO - Processing /home/ubuntu/venv/lib/python3.10/site-packages/airflow/example_dags/tutorial_taskflow_api.py took 0.202 seconds
[2023-07-09T16:56:51.702+0000] {processor.py:153} INFO - Started process (PID=6681) to work on /home/ubuntu/venv/lib/python3.10/site-packages/airflow/example_dags/tutorial_taskflow_api.py
[2023-07-09T16:56:51.704+0000] {processor.py:743} INFO - Processing file /home/ubuntu/venv/lib/python3.10/site-packages/airflow/example_dags/tutorial_taskflow_api.py for tasks to queue
[2023-07-09T16:56:51.705+0000] {logging_mixin.py:137} INFO - [2023-07-09T16:56:51.704+0000] {dagbag.py:538} INFO - Filling up the DagBag from /home/ubuntu/venv/lib/python3.10/site-packages/airflow/example_dags/tutorial_taskflow_api.py
[2023-07-09T16:56:51.736+0000] {processor.py:753} INFO - DAG(s) dict_keys(['tutorial_taskflow_api']) retrieved from /home/ubuntu/venv/lib/python3.10/site-packages/airflow/example_dags/tutorial_taskflow_api.py
[2023-07-09T16:56:51.800+0000] {logging_mixin.py:137} INFO - [2023-07-09T16:56:51.800+0000] {dag.py:2676} INFO - Sync 1 DAGs
[2023-07-09T16:56:51.833+0000] {logging_mixin.py:137} INFO - [2023-07-09T16:56:51.833+0000] {dag.py:3423} INFO - Setting next_dagrun for tutorial_taskflow_api to None, run_after=None
[2023-07-09T16:56:51.854+0000] {processor.py:175} INFO - Processing /home/ubuntu/venv/lib/python3.10/site-packages/airflow/example_dags/tutorial_taskflow_api.py took 0.155 seconds
[2023-07-09T16:57:22.746+0000] {processor.py:153} INFO - Started process (PID=6916) to work on /home/ubuntu/venv/lib/python3.10/site-packages/airflow/example_dags/tutorial_taskflow_api.py
[2023-07-09T16:57:22.747+0000] {processor.py:743} INFO - Processing file /home/ubuntu/venv/lib/python3.10/site-packages/airflow/example_dags/tutorial_taskflow_api.py for tasks to queue
[2023-07-09T16:57:22.748+0000] {logging_mixin.py:137} INFO - [2023-07-09T16:57:22.748+0000] {dagbag.py:538} INFO - Filling up the DagBag from /home/ubuntu/venv/lib/python3.10/site-packages/airflow/example_dags/tutorial_taskflow_api.py
[2023-07-09T16:57:22.833+0000] {processor.py:753} INFO - DAG(s) dict_keys(['tutorial_taskflow_api']) retrieved from /home/ubuntu/venv/lib/python3.10/site-packages/airflow/example_dags/tutorial_taskflow_api.py
[2023-07-09T16:57:22.934+0000] {logging_mixin.py:137} INFO - [2023-07-09T16:57:22.934+0000] {dag.py:2676} INFO - Sync 1 DAGs
[2023-07-09T16:57:22.956+0000] {logging_mixin.py:137} INFO - [2023-07-09T16:57:22.955+0000] {dag.py:3423} INFO - Setting next_dagrun for tutorial_taskflow_api to None, run_after=None
[2023-07-09T16:57:22.972+0000] {processor.py:175} INFO - Processing /home/ubuntu/venv/lib/python3.10/site-packages/airflow/example_dags/tutorial_taskflow_api.py took 0.231 seconds
[2023-07-09T16:57:53.075+0000] {processor.py:153} INFO - Started process (PID=7152) to work on /home/ubuntu/venv/lib/python3.10/site-packages/airflow/example_dags/tutorial_taskflow_api.py
[2023-07-09T16:57:53.076+0000] {processor.py:743} INFO - Processing file /home/ubuntu/venv/lib/python3.10/site-packages/airflow/example_dags/tutorial_taskflow_api.py for tasks to queue
[2023-07-09T16:57:53.077+0000] {logging_mixin.py:137} INFO - [2023-07-09T16:57:53.077+0000] {dagbag.py:538} INFO - Filling up the DagBag from /home/ubuntu/venv/lib/python3.10/site-packages/airflow/example_dags/tutorial_taskflow_api.py
[2023-07-09T16:57:53.108+0000] {processor.py:753} INFO - DAG(s) dict_keys(['tutorial_taskflow_api']) retrieved from /home/ubuntu/venv/lib/python3.10/site-packages/airflow/example_dags/tutorial_taskflow_api.py
[2023-07-09T16:57:53.184+0000] {logging_mixin.py:137} INFO - [2023-07-09T16:57:53.183+0000] {dag.py:2676} INFO - Sync 1 DAGs
[2023-07-09T16:57:53.215+0000] {logging_mixin.py:137} INFO - [2023-07-09T16:57:53.215+0000] {dag.py:3423} INFO - Setting next_dagrun for tutorial_taskflow_api to None, run_after=None
[2023-07-09T16:57:53.234+0000] {processor.py:175} INFO - Processing /home/ubuntu/venv/lib/python3.10/site-packages/airflow/example_dags/tutorial_taskflow_api.py took 0.164 seconds
[2023-07-09T16:58:23.980+0000] {processor.py:153} INFO - Started process (PID=7387) to work on /home/ubuntu/venv/lib/python3.10/site-packages/airflow/example_dags/tutorial_taskflow_api.py
[2023-07-09T16:58:23.982+0000] {processor.py:743} INFO - Processing file /home/ubuntu/venv/lib/python3.10/site-packages/airflow/example_dags/tutorial_taskflow_api.py for tasks to queue
[2023-07-09T16:58:23.982+0000] {logging_mixin.py:137} INFO - [2023-07-09T16:58:23.982+0000] {dagbag.py:538} INFO - Filling up the DagBag from /home/ubuntu/venv/lib/python3.10/site-packages/airflow/example_dags/tutorial_taskflow_api.py
[2023-07-09T16:58:24.017+0000] {processor.py:753} INFO - DAG(s) dict_keys(['tutorial_taskflow_api']) retrieved from /home/ubuntu/venv/lib/python3.10/site-packages/airflow/example_dags/tutorial_taskflow_api.py
[2023-07-09T16:58:24.098+0000] {logging_mixin.py:137} INFO - [2023-07-09T16:58:24.098+0000] {dag.py:2676} INFO - Sync 1 DAGs
[2023-07-09T16:58:24.132+0000] {logging_mixin.py:137} INFO - [2023-07-09T16:58:24.132+0000] {dag.py:3423} INFO - Setting next_dagrun for tutorial_taskflow_api to None, run_after=None
[2023-07-09T16:58:24.167+0000] {processor.py:175} INFO - Processing /home/ubuntu/venv/lib/python3.10/site-packages/airflow/example_dags/tutorial_taskflow_api.py took 0.191 seconds
[2023-07-09T16:58:55.053+0000] {processor.py:153} INFO - Started process (PID=7623) to work on /home/ubuntu/venv/lib/python3.10/site-packages/airflow/example_dags/tutorial_taskflow_api.py
[2023-07-09T16:58:55.054+0000] {processor.py:743} INFO - Processing file /home/ubuntu/venv/lib/python3.10/site-packages/airflow/example_dags/tutorial_taskflow_api.py for tasks to queue
[2023-07-09T16:58:55.055+0000] {logging_mixin.py:137} INFO - [2023-07-09T16:58:55.054+0000] {dagbag.py:538} INFO - Filling up the DagBag from /home/ubuntu/venv/lib/python3.10/site-packages/airflow/example_dags/tutorial_taskflow_api.py
[2023-07-09T16:58:55.090+0000] {processor.py:753} INFO - DAG(s) dict_keys(['tutorial_taskflow_api']) retrieved from /home/ubuntu/venv/lib/python3.10/site-packages/airflow/example_dags/tutorial_taskflow_api.py
[2023-07-09T16:58:55.165+0000] {logging_mixin.py:137} INFO - [2023-07-09T16:58:55.165+0000] {dag.py:2676} INFO - Sync 1 DAGs
[2023-07-09T16:58:55.200+0000] {logging_mixin.py:137} INFO - [2023-07-09T16:58:55.200+0000] {dag.py:3423} INFO - Setting next_dagrun for tutorial_taskflow_api to None, run_after=None
[2023-07-09T16:58:55.389+0000] {processor.py:175} INFO - Processing /home/ubuntu/venv/lib/python3.10/site-packages/airflow/example_dags/tutorial_taskflow_api.py took 0.340 seconds
[2023-07-09T16:59:25.448+0000] {processor.py:153} INFO - Started process (PID=7860) to work on /home/ubuntu/venv/lib/python3.10/site-packages/airflow/example_dags/tutorial_taskflow_api.py
[2023-07-09T16:59:25.449+0000] {processor.py:743} INFO - Processing file /home/ubuntu/venv/lib/python3.10/site-packages/airflow/example_dags/tutorial_taskflow_api.py for tasks to queue
[2023-07-09T16:59:25.450+0000] {logging_mixin.py:137} INFO - [2023-07-09T16:59:25.450+0000] {dagbag.py:538} INFO - Filling up the DagBag from /home/ubuntu/venv/lib/python3.10/site-packages/airflow/example_dags/tutorial_taskflow_api.py
[2023-07-09T16:59:25.483+0000] {processor.py:753} INFO - DAG(s) dict_keys(['tutorial_taskflow_api']) retrieved from /home/ubuntu/venv/lib/python3.10/site-packages/airflow/example_dags/tutorial_taskflow_api.py
[2023-07-09T16:59:25.548+0000] {logging_mixin.py:137} INFO - [2023-07-09T16:59:25.547+0000] {dag.py:2676} INFO - Sync 1 DAGs
[2023-07-09T16:59:25.776+0000] {logging_mixin.py:137} INFO - [2023-07-09T16:59:25.775+0000] {dag.py:3423} INFO - Setting next_dagrun for tutorial_taskflow_api to None, run_after=None
[2023-07-09T16:59:25.794+0000] {processor.py:175} INFO - Processing /home/ubuntu/venv/lib/python3.10/site-packages/airflow/example_dags/tutorial_taskflow_api.py took 0.351 seconds
[2023-07-09T16:59:56.578+0000] {processor.py:153} INFO - Started process (PID=8127) to work on /home/ubuntu/venv/lib/python3.10/site-packages/airflow/example_dags/tutorial_taskflow_api.py
[2023-07-09T16:59:56.582+0000] {processor.py:743} INFO - Processing file /home/ubuntu/venv/lib/python3.10/site-packages/airflow/example_dags/tutorial_taskflow_api.py for tasks to queue
[2023-07-09T16:59:56.587+0000] {logging_mixin.py:137} INFO - [2023-07-09T16:59:56.583+0000] {dagbag.py:538} INFO - Filling up the DagBag from /home/ubuntu/venv/lib/python3.10/site-packages/airflow/example_dags/tutorial_taskflow_api.py
[2023-07-09T16:59:56.707+0000] {processor.py:753} INFO - DAG(s) dict_keys(['tutorial_taskflow_api']) retrieved from /home/ubuntu/venv/lib/python3.10/site-packages/airflow/example_dags/tutorial_taskflow_api.py
[2023-07-09T16:59:57.543+0000] {logging_mixin.py:137} INFO - [2023-07-09T16:59:57.543+0000] {dag.py:2676} INFO - Sync 1 DAGs
[2023-07-09T16:59:57.603+0000] {logging_mixin.py:137} INFO - [2023-07-09T16:59:57.603+0000] {dag.py:3423} INFO - Setting next_dagrun for tutorial_taskflow_api to None, run_after=None
[2023-07-09T16:59:57.687+0000] {processor.py:175} INFO - Processing /home/ubuntu/venv/lib/python3.10/site-packages/airflow/example_dags/tutorial_taskflow_api.py took 1.113 seconds
[2023-07-09T17:00:28.998+0000] {processor.py:153} INFO - Started process (PID=8512) to work on /home/ubuntu/venv/lib/python3.10/site-packages/airflow/example_dags/tutorial_taskflow_api.py
[2023-07-09T17:00:29.003+0000] {processor.py:743} INFO - Processing file /home/ubuntu/venv/lib/python3.10/site-packages/airflow/example_dags/tutorial_taskflow_api.py for tasks to queue
[2023-07-09T17:00:29.004+0000] {logging_mixin.py:137} INFO - [2023-07-09T17:00:29.004+0000] {dagbag.py:538} INFO - Filling up the DagBag from /home/ubuntu/venv/lib/python3.10/site-packages/airflow/example_dags/tutorial_taskflow_api.py
[2023-07-09T17:00:29.071+0000] {processor.py:753} INFO - DAG(s) dict_keys(['tutorial_taskflow_api']) retrieved from /home/ubuntu/venv/lib/python3.10/site-packages/airflow/example_dags/tutorial_taskflow_api.py
[2023-07-09T17:00:29.135+0000] {logging_mixin.py:137} INFO - [2023-07-09T17:00:29.135+0000] {dag.py:2676} INFO - Sync 1 DAGs
[2023-07-09T17:00:29.168+0000] {logging_mixin.py:137} INFO - [2023-07-09T17:00:29.168+0000] {dag.py:3423} INFO - Setting next_dagrun for tutorial_taskflow_api to None, run_after=None
[2023-07-09T17:00:29.201+0000] {processor.py:175} INFO - Processing /home/ubuntu/venv/lib/python3.10/site-packages/airflow/example_dags/tutorial_taskflow_api.py took 0.208 seconds
[2023-07-09T17:01:00.140+0000] {processor.py:153} INFO - Started process (PID=8788) to work on /home/ubuntu/venv/lib/python3.10/site-packages/airflow/example_dags/tutorial_taskflow_api.py
[2023-07-09T17:01:00.141+0000] {processor.py:743} INFO - Processing file /home/ubuntu/venv/lib/python3.10/site-packages/airflow/example_dags/tutorial_taskflow_api.py for tasks to queue
[2023-07-09T17:01:00.142+0000] {logging_mixin.py:137} INFO - [2023-07-09T17:01:00.142+0000] {dagbag.py:538} INFO - Filling up the DagBag from /home/ubuntu/venv/lib/python3.10/site-packages/airflow/example_dags/tutorial_taskflow_api.py
[2023-07-09T17:01:00.195+0000] {processor.py:753} INFO - DAG(s) dict_keys(['tutorial_taskflow_api']) retrieved from /home/ubuntu/venv/lib/python3.10/site-packages/airflow/example_dags/tutorial_taskflow_api.py
[2023-07-09T17:01:00.279+0000] {logging_mixin.py:137} INFO - [2023-07-09T17:01:00.279+0000] {dag.py:2676} INFO - Sync 1 DAGs
[2023-07-09T17:01:00.341+0000] {logging_mixin.py:137} INFO - [2023-07-09T17:01:00.341+0000] {dag.py:3423} INFO - Setting next_dagrun for tutorial_taskflow_api to None, run_after=None
[2023-07-09T17:01:00.454+0000] {processor.py:175} INFO - Processing /home/ubuntu/venv/lib/python3.10/site-packages/airflow/example_dags/tutorial_taskflow_api.py took 0.319 seconds
[2023-07-09T17:01:30.505+0000] {processor.py:153} INFO - Started process (PID=9020) to work on /home/ubuntu/venv/lib/python3.10/site-packages/airflow/example_dags/tutorial_taskflow_api.py
[2023-07-09T17:01:30.506+0000] {processor.py:743} INFO - Processing file /home/ubuntu/venv/lib/python3.10/site-packages/airflow/example_dags/tutorial_taskflow_api.py for tasks to queue
[2023-07-09T17:01:30.507+0000] {logging_mixin.py:137} INFO - [2023-07-09T17:01:30.507+0000] {dagbag.py:538} INFO - Filling up the DagBag from /home/ubuntu/venv/lib/python3.10/site-packages/airflow/example_dags/tutorial_taskflow_api.py
[2023-07-09T17:01:30.529+0000] {processor.py:753} INFO - DAG(s) dict_keys(['tutorial_taskflow_api']) retrieved from /home/ubuntu/venv/lib/python3.10/site-packages/airflow/example_dags/tutorial_taskflow_api.py
[2023-07-09T17:01:30.573+0000] {logging_mixin.py:137} INFO - [2023-07-09T17:01:30.573+0000] {dag.py:2676} INFO - Sync 1 DAGs
[2023-07-09T17:01:30.595+0000] {logging_mixin.py:137} INFO - [2023-07-09T17:01:30.594+0000] {dag.py:3423} INFO - Setting next_dagrun for tutorial_taskflow_api to None, run_after=None
[2023-07-09T17:01:30.612+0000] {processor.py:175} INFO - Processing /home/ubuntu/venv/lib/python3.10/site-packages/airflow/example_dags/tutorial_taskflow_api.py took 0.110 seconds
[2023-07-09T17:02:01.000+0000] {processor.py:153} INFO - Started process (PID=9274) to work on /home/ubuntu/venv/lib/python3.10/site-packages/airflow/example_dags/tutorial_taskflow_api.py
[2023-07-09T17:02:01.002+0000] {processor.py:743} INFO - Processing file /home/ubuntu/venv/lib/python3.10/site-packages/airflow/example_dags/tutorial_taskflow_api.py for tasks to queue
[2023-07-09T17:02:01.003+0000] {logging_mixin.py:137} INFO - [2023-07-09T17:02:01.002+0000] {dagbag.py:538} INFO - Filling up the DagBag from /home/ubuntu/venv/lib/python3.10/site-packages/airflow/example_dags/tutorial_taskflow_api.py
[2023-07-09T17:02:01.036+0000] {processor.py:753} INFO - DAG(s) dict_keys(['tutorial_taskflow_api']) retrieved from /home/ubuntu/venv/lib/python3.10/site-packages/airflow/example_dags/tutorial_taskflow_api.py
[2023-07-09T17:02:01.136+0000] {logging_mixin.py:137} INFO - [2023-07-09T17:02:01.136+0000] {dag.py:2676} INFO - Sync 1 DAGs
[2023-07-09T17:02:01.168+0000] {logging_mixin.py:137} INFO - [2023-07-09T17:02:01.168+0000] {dag.py:3423} INFO - Setting next_dagrun for tutorial_taskflow_api to None, run_after=None
[2023-07-09T17:02:01.207+0000] {processor.py:175} INFO - Processing /home/ubuntu/venv/lib/python3.10/site-packages/airflow/example_dags/tutorial_taskflow_api.py took 0.212 seconds
[2023-07-09T17:02:32.163+0000] {processor.py:153} INFO - Started process (PID=9509) to work on /home/ubuntu/venv/lib/python3.10/site-packages/airflow/example_dags/tutorial_taskflow_api.py
[2023-07-09T17:02:32.164+0000] {processor.py:743} INFO - Processing file /home/ubuntu/venv/lib/python3.10/site-packages/airflow/example_dags/tutorial_taskflow_api.py for tasks to queue
[2023-07-09T17:02:32.165+0000] {logging_mixin.py:137} INFO - [2023-07-09T17:02:32.165+0000] {dagbag.py:538} INFO - Filling up the DagBag from /home/ubuntu/venv/lib/python3.10/site-packages/airflow/example_dags/tutorial_taskflow_api.py
[2023-07-09T17:02:32.241+0000] {processor.py:753} INFO - DAG(s) dict_keys(['tutorial_taskflow_api']) retrieved from /home/ubuntu/venv/lib/python3.10/site-packages/airflow/example_dags/tutorial_taskflow_api.py
[2023-07-09T17:02:32.338+0000] {logging_mixin.py:137} INFO - [2023-07-09T17:02:32.338+0000] {dag.py:2676} INFO - Sync 1 DAGs
[2023-07-09T17:02:32.379+0000] {logging_mixin.py:137} INFO - [2023-07-09T17:02:32.379+0000] {dag.py:3423} INFO - Setting next_dagrun for tutorial_taskflow_api to None, run_after=None
[2023-07-09T17:02:32.410+0000] {processor.py:175} INFO - Processing /home/ubuntu/venv/lib/python3.10/site-packages/airflow/example_dags/tutorial_taskflow_api.py took 0.252 seconds
[2023-07-09T17:03:03.017+0000] {processor.py:153} INFO - Started process (PID=9745) to work on /home/ubuntu/venv/lib/python3.10/site-packages/airflow/example_dags/tutorial_taskflow_api.py
[2023-07-09T17:03:03.023+0000] {processor.py:743} INFO - Processing file /home/ubuntu/venv/lib/python3.10/site-packages/airflow/example_dags/tutorial_taskflow_api.py for tasks to queue
[2023-07-09T17:03:03.024+0000] {logging_mixin.py:137} INFO - [2023-07-09T17:03:03.024+0000] {dagbag.py:538} INFO - Filling up the DagBag from /home/ubuntu/venv/lib/python3.10/site-packages/airflow/example_dags/tutorial_taskflow_api.py
[2023-07-09T17:03:03.089+0000] {processor.py:753} INFO - DAG(s) dict_keys(['tutorial_taskflow_api']) retrieved from /home/ubuntu/venv/lib/python3.10/site-packages/airflow/example_dags/tutorial_taskflow_api.py
[2023-07-09T17:03:03.170+0000] {logging_mixin.py:137} INFO - [2023-07-09T17:03:03.170+0000] {dag.py:2676} INFO - Sync 1 DAGs
[2023-07-09T17:03:03.200+0000] {logging_mixin.py:137} INFO - [2023-07-09T17:03:03.199+0000] {dag.py:3423} INFO - Setting next_dagrun for tutorial_taskflow_api to None, run_after=None
[2023-07-09T17:03:03.225+0000] {processor.py:175} INFO - Processing /home/ubuntu/venv/lib/python3.10/site-packages/airflow/example_dags/tutorial_taskflow_api.py took 0.212 seconds
[2023-07-09T17:03:34.034+0000] {processor.py:153} INFO - Started process (PID=9980) to work on /home/ubuntu/venv/lib/python3.10/site-packages/airflow/example_dags/tutorial_taskflow_api.py
[2023-07-09T17:03:34.036+0000] {processor.py:743} INFO - Processing file /home/ubuntu/venv/lib/python3.10/site-packages/airflow/example_dags/tutorial_taskflow_api.py for tasks to queue
[2023-07-09T17:03:34.036+0000] {logging_mixin.py:137} INFO - [2023-07-09T17:03:34.036+0000] {dagbag.py:538} INFO - Filling up the DagBag from /home/ubuntu/venv/lib/python3.10/site-packages/airflow/example_dags/tutorial_taskflow_api.py
[2023-07-09T17:03:34.068+0000] {processor.py:753} INFO - DAG(s) dict_keys(['tutorial_taskflow_api']) retrieved from /home/ubuntu/venv/lib/python3.10/site-packages/airflow/example_dags/tutorial_taskflow_api.py
[2023-07-09T17:03:34.136+0000] {logging_mixin.py:137} INFO - [2023-07-09T17:03:34.135+0000] {dag.py:2676} INFO - Sync 1 DAGs
[2023-07-09T17:03:34.166+0000] {logging_mixin.py:137} INFO - [2023-07-09T17:03:34.166+0000] {dag.py:3423} INFO - Setting next_dagrun for tutorial_taskflow_api to None, run_after=None
[2023-07-09T17:03:34.186+0000] {processor.py:175} INFO - Processing /home/ubuntu/venv/lib/python3.10/site-packages/airflow/example_dags/tutorial_taskflow_api.py took 0.156 seconds
[2023-07-09T17:04:04.825+0000] {processor.py:153} INFO - Started process (PID=10217) to work on /home/ubuntu/venv/lib/python3.10/site-packages/airflow/example_dags/tutorial_taskflow_api.py
[2023-07-09T17:04:04.830+0000] {processor.py:743} INFO - Processing file /home/ubuntu/venv/lib/python3.10/site-packages/airflow/example_dags/tutorial_taskflow_api.py for tasks to queue
[2023-07-09T17:04:04.831+0000] {logging_mixin.py:137} INFO - [2023-07-09T17:04:04.830+0000] {dagbag.py:538} INFO - Filling up the DagBag from /home/ubuntu/venv/lib/python3.10/site-packages/airflow/example_dags/tutorial_taskflow_api.py
[2023-07-09T17:04:04.870+0000] {processor.py:753} INFO - DAG(s) dict_keys(['tutorial_taskflow_api']) retrieved from /home/ubuntu/venv/lib/python3.10/site-packages/airflow/example_dags/tutorial_taskflow_api.py
[2023-07-09T17:04:04.950+0000] {logging_mixin.py:137} INFO - [2023-07-09T17:04:04.950+0000] {dag.py:2676} INFO - Sync 1 DAGs
[2023-07-09T17:04:04.980+0000] {logging_mixin.py:137} INFO - [2023-07-09T17:04:04.980+0000] {dag.py:3423} INFO - Setting next_dagrun for tutorial_taskflow_api to None, run_after=None
[2023-07-09T17:04:05.002+0000] {processor.py:175} INFO - Processing /home/ubuntu/venv/lib/python3.10/site-packages/airflow/example_dags/tutorial_taskflow_api.py took 0.181 seconds
[2023-07-09T17:04:35.817+0000] {processor.py:153} INFO - Started process (PID=10452) to work on /home/ubuntu/venv/lib/python3.10/site-packages/airflow/example_dags/tutorial_taskflow_api.py
[2023-07-09T17:04:35.819+0000] {processor.py:743} INFO - Processing file /home/ubuntu/venv/lib/python3.10/site-packages/airflow/example_dags/tutorial_taskflow_api.py for tasks to queue
[2023-07-09T17:04:35.820+0000] {logging_mixin.py:137} INFO - [2023-07-09T17:04:35.820+0000] {dagbag.py:538} INFO - Filling up the DagBag from /home/ubuntu/venv/lib/python3.10/site-packages/airflow/example_dags/tutorial_taskflow_api.py
[2023-07-09T17:04:35.876+0000] {processor.py:753} INFO - DAG(s) dict_keys(['tutorial_taskflow_api']) retrieved from /home/ubuntu/venv/lib/python3.10/site-packages/airflow/example_dags/tutorial_taskflow_api.py
[2023-07-09T17:04:35.950+0000] {logging_mixin.py:137} INFO - [2023-07-09T17:04:35.950+0000] {dag.py:2676} INFO - Sync 1 DAGs
[2023-07-09T17:04:36.033+0000] {logging_mixin.py:137} INFO - [2023-07-09T17:04:36.032+0000] {dag.py:3423} INFO - Setting next_dagrun for tutorial_taskflow_api to None, run_after=None
[2023-07-09T17:04:36.304+0000] {processor.py:175} INFO - Processing /home/ubuntu/venv/lib/python3.10/site-packages/airflow/example_dags/tutorial_taskflow_api.py took 0.493 seconds
[2023-07-09T17:05:53.870+0000] {processor.py:153} INFO - Started process (PID=10924) to work on /home/ubuntu/venv/lib/python3.10/site-packages/airflow/example_dags/tutorial_taskflow_api.py
[2023-07-09T17:05:53.877+0000] {processor.py:743} INFO - Processing file /home/ubuntu/venv/lib/python3.10/site-packages/airflow/example_dags/tutorial_taskflow_api.py for tasks to queue
[2023-07-09T17:05:53.882+0000] {logging_mixin.py:137} INFO - [2023-07-09T17:05:53.878+0000] {dagbag.py:538} INFO - Filling up the DagBag from /home/ubuntu/venv/lib/python3.10/site-packages/airflow/example_dags/tutorial_taskflow_api.py
[2023-07-09T17:05:54.088+0000] {processor.py:753} INFO - DAG(s) dict_keys(['tutorial_taskflow_api']) retrieved from /home/ubuntu/venv/lib/python3.10/site-packages/airflow/example_dags/tutorial_taskflow_api.py
[2023-07-09T17:05:54.316+0000] {logging_mixin.py:137} INFO - [2023-07-09T17:05:54.315+0000] {dag.py:2676} INFO - Sync 1 DAGs
[2023-07-09T17:05:54.426+0000] {logging_mixin.py:137} INFO - [2023-07-09T17:05:54.426+0000] {dag.py:3423} INFO - Setting next_dagrun for tutorial_taskflow_api to None, run_after=None
[2023-07-09T17:05:54.512+0000] {processor.py:175} INFO - Processing /home/ubuntu/venv/lib/python3.10/site-packages/airflow/example_dags/tutorial_taskflow_api.py took 0.655 seconds
[2023-07-09T17:06:25.052+0000] {processor.py:153} INFO - Started process (PID=11283) to work on /home/ubuntu/venv/lib/python3.10/site-packages/airflow/example_dags/tutorial_taskflow_api.py
[2023-07-09T17:06:25.053+0000] {processor.py:743} INFO - Processing file /home/ubuntu/venv/lib/python3.10/site-packages/airflow/example_dags/tutorial_taskflow_api.py for tasks to queue
[2023-07-09T17:06:25.054+0000] {logging_mixin.py:137} INFO - [2023-07-09T17:06:25.054+0000] {dagbag.py:538} INFO - Filling up the DagBag from /home/ubuntu/venv/lib/python3.10/site-packages/airflow/example_dags/tutorial_taskflow_api.py
[2023-07-09T17:06:25.081+0000] {processor.py:753} INFO - DAG(s) dict_keys(['tutorial_taskflow_api']) retrieved from /home/ubuntu/venv/lib/python3.10/site-packages/airflow/example_dags/tutorial_taskflow_api.py
[2023-07-09T17:06:25.135+0000] {logging_mixin.py:137} INFO - [2023-07-09T17:06:25.134+0000] {dag.py:2676} INFO - Sync 1 DAGs
[2023-07-09T17:06:25.167+0000] {logging_mixin.py:137} INFO - [2023-07-09T17:06:25.167+0000] {dag.py:3423} INFO - Setting next_dagrun for tutorial_taskflow_api to None, run_after=None
[2023-07-09T17:06:25.187+0000] {processor.py:175} INFO - Processing /home/ubuntu/venv/lib/python3.10/site-packages/airflow/example_dags/tutorial_taskflow_api.py took 0.139 seconds
[2023-07-09T17:07:24.443+0000] {processor.py:153} INFO - Started process (PID=11743) to work on /home/ubuntu/venv/lib/python3.10/site-packages/airflow/example_dags/tutorial_taskflow_api.py
[2023-07-09T17:07:24.447+0000] {processor.py:743} INFO - Processing file /home/ubuntu/venv/lib/python3.10/site-packages/airflow/example_dags/tutorial_taskflow_api.py for tasks to queue
[2023-07-09T17:07:24.448+0000] {logging_mixin.py:137} INFO - [2023-07-09T17:07:24.448+0000] {dagbag.py:538} INFO - Filling up the DagBag from /home/ubuntu/venv/lib/python3.10/site-packages/airflow/example_dags/tutorial_taskflow_api.py
[2023-07-09T17:07:24.512+0000] {processor.py:753} INFO - DAG(s) dict_keys(['tutorial_taskflow_api']) retrieved from /home/ubuntu/venv/lib/python3.10/site-packages/airflow/example_dags/tutorial_taskflow_api.py
[2023-07-09T17:07:24.640+0000] {logging_mixin.py:137} INFO - [2023-07-09T17:07:24.639+0000] {dag.py:2676} INFO - Sync 1 DAGs
[2023-07-09T17:07:24.698+0000] {logging_mixin.py:137} INFO - [2023-07-09T17:07:24.698+0000] {dag.py:3423} INFO - Setting next_dagrun for tutorial_taskflow_api to None, run_after=None
[2023-07-09T17:07:24.747+0000] {processor.py:175} INFO - Processing /home/ubuntu/venv/lib/python3.10/site-packages/airflow/example_dags/tutorial_taskflow_api.py took 0.309 seconds
[2023-07-09T17:07:54.878+0000] {processor.py:153} INFO - Started process (PID=12015) to work on /home/ubuntu/venv/lib/python3.10/site-packages/airflow/example_dags/tutorial_taskflow_api.py
[2023-07-09T17:07:54.879+0000] {processor.py:743} INFO - Processing file /home/ubuntu/venv/lib/python3.10/site-packages/airflow/example_dags/tutorial_taskflow_api.py for tasks to queue
[2023-07-09T17:07:54.880+0000] {logging_mixin.py:137} INFO - [2023-07-09T17:07:54.880+0000] {dagbag.py:538} INFO - Filling up the DagBag from /home/ubuntu/venv/lib/python3.10/site-packages/airflow/example_dags/tutorial_taskflow_api.py
[2023-07-09T17:07:54.910+0000] {processor.py:753} INFO - DAG(s) dict_keys(['tutorial_taskflow_api']) retrieved from /home/ubuntu/venv/lib/python3.10/site-packages/airflow/example_dags/tutorial_taskflow_api.py
[2023-07-09T17:07:54.986+0000] {logging_mixin.py:137} INFO - [2023-07-09T17:07:54.986+0000] {dag.py:2676} INFO - Sync 1 DAGs
[2023-07-09T17:07:55.022+0000] {logging_mixin.py:137} INFO - [2023-07-09T17:07:55.022+0000] {dag.py:3423} INFO - Setting next_dagrun for tutorial_taskflow_api to None, run_after=None
[2023-07-09T17:07:55.046+0000] {processor.py:175} INFO - Processing /home/ubuntu/venv/lib/python3.10/site-packages/airflow/example_dags/tutorial_taskflow_api.py took 0.172 seconds
[2023-07-09T17:08:25.153+0000] {processor.py:153} INFO - Started process (PID=12248) to work on /home/ubuntu/venv/lib/python3.10/site-packages/airflow/example_dags/tutorial_taskflow_api.py
[2023-07-09T17:08:25.159+0000] {processor.py:743} INFO - Processing file /home/ubuntu/venv/lib/python3.10/site-packages/airflow/example_dags/tutorial_taskflow_api.py for tasks to queue
[2023-07-09T17:08:25.160+0000] {logging_mixin.py:137} INFO - [2023-07-09T17:08:25.160+0000] {dagbag.py:538} INFO - Filling up the DagBag from /home/ubuntu/venv/lib/python3.10/site-packages/airflow/example_dags/tutorial_taskflow_api.py
[2023-07-09T17:08:25.214+0000] {processor.py:753} INFO - DAG(s) dict_keys(['tutorial_taskflow_api']) retrieved from /home/ubuntu/venv/lib/python3.10/site-packages/airflow/example_dags/tutorial_taskflow_api.py
[2023-07-09T17:08:25.352+0000] {logging_mixin.py:137} INFO - [2023-07-09T17:08:25.352+0000] {dag.py:2676} INFO - Sync 1 DAGs
[2023-07-09T17:08:25.381+0000] {logging_mixin.py:137} INFO - [2023-07-09T17:08:25.381+0000] {dag.py:3423} INFO - Setting next_dagrun for tutorial_taskflow_api to None, run_after=None
[2023-07-09T17:08:25.405+0000] {processor.py:175} INFO - Processing /home/ubuntu/venv/lib/python3.10/site-packages/airflow/example_dags/tutorial_taskflow_api.py took 0.265 seconds
[2023-07-09T17:09:04.579+0000] {processor.py:153} INFO - Started process (PID=12708) to work on /home/ubuntu/venv/lib/python3.10/site-packages/airflow/example_dags/tutorial_taskflow_api.py
[2023-07-09T17:09:04.583+0000] {processor.py:743} INFO - Processing file /home/ubuntu/venv/lib/python3.10/site-packages/airflow/example_dags/tutorial_taskflow_api.py for tasks to queue
[2023-07-09T17:09:04.584+0000] {logging_mixin.py:137} INFO - [2023-07-09T17:09:04.584+0000] {dagbag.py:538} INFO - Filling up the DagBag from /home/ubuntu/venv/lib/python3.10/site-packages/airflow/example_dags/tutorial_taskflow_api.py
[2023-07-09T17:09:04.626+0000] {processor.py:753} INFO - DAG(s) dict_keys(['tutorial_taskflow_api']) retrieved from /home/ubuntu/venv/lib/python3.10/site-packages/airflow/example_dags/tutorial_taskflow_api.py
[2023-07-09T17:09:04.693+0000] {logging_mixin.py:137} INFO - [2023-07-09T17:09:04.693+0000] {dag.py:2676} INFO - Sync 1 DAGs
[2023-07-09T17:09:04.729+0000] {logging_mixin.py:137} INFO - [2023-07-09T17:09:04.729+0000] {dag.py:3423} INFO - Setting next_dagrun for tutorial_taskflow_api to None, run_after=None
[2023-07-09T17:09:04.755+0000] {processor.py:175} INFO - Processing /home/ubuntu/venv/lib/python3.10/site-packages/airflow/example_dags/tutorial_taskflow_api.py took 0.180 seconds
[2023-07-09T17:09:34.907+0000] {processor.py:153} INFO - Started process (PID=12979) to work on /home/ubuntu/venv/lib/python3.10/site-packages/airflow/example_dags/tutorial_taskflow_api.py
[2023-07-09T17:09:34.916+0000] {processor.py:743} INFO - Processing file /home/ubuntu/venv/lib/python3.10/site-packages/airflow/example_dags/tutorial_taskflow_api.py for tasks to queue
[2023-07-09T17:09:34.917+0000] {logging_mixin.py:137} INFO - [2023-07-09T17:09:34.916+0000] {dagbag.py:538} INFO - Filling up the DagBag from /home/ubuntu/venv/lib/python3.10/site-packages/airflow/example_dags/tutorial_taskflow_api.py
[2023-07-09T17:09:34.961+0000] {processor.py:753} INFO - DAG(s) dict_keys(['tutorial_taskflow_api']) retrieved from /home/ubuntu/venv/lib/python3.10/site-packages/airflow/example_dags/tutorial_taskflow_api.py
[2023-07-09T17:09:35.056+0000] {logging_mixin.py:137} INFO - [2023-07-09T17:09:35.056+0000] {dag.py:2676} INFO - Sync 1 DAGs
[2023-07-09T17:09:35.091+0000] {logging_mixin.py:137} INFO - [2023-07-09T17:09:35.091+0000] {dag.py:3423} INFO - Setting next_dagrun for tutorial_taskflow_api to None, run_after=None
[2023-07-09T17:09:35.130+0000] {processor.py:175} INFO - Processing /home/ubuntu/venv/lib/python3.10/site-packages/airflow/example_dags/tutorial_taskflow_api.py took 0.228 seconds
[2023-07-09T17:10:05.369+0000] {processor.py:153} INFO - Started process (PID=13215) to work on /home/ubuntu/venv/lib/python3.10/site-packages/airflow/example_dags/tutorial_taskflow_api.py
[2023-07-09T17:10:05.370+0000] {processor.py:743} INFO - Processing file /home/ubuntu/venv/lib/python3.10/site-packages/airflow/example_dags/tutorial_taskflow_api.py for tasks to queue
[2023-07-09T17:10:05.371+0000] {logging_mixin.py:137} INFO - [2023-07-09T17:10:05.371+0000] {dagbag.py:538} INFO - Filling up the DagBag from /home/ubuntu/venv/lib/python3.10/site-packages/airflow/example_dags/tutorial_taskflow_api.py
[2023-07-09T17:10:05.419+0000] {processor.py:753} INFO - DAG(s) dict_keys(['tutorial_taskflow_api']) retrieved from /home/ubuntu/venv/lib/python3.10/site-packages/airflow/example_dags/tutorial_taskflow_api.py
[2023-07-09T17:10:05.499+0000] {logging_mixin.py:137} INFO - [2023-07-09T17:10:05.499+0000] {dag.py:2676} INFO - Sync 1 DAGs
[2023-07-09T17:10:05.534+0000] {logging_mixin.py:137} INFO - [2023-07-09T17:10:05.534+0000] {dag.py:3423} INFO - Setting next_dagrun for tutorial_taskflow_api to None, run_after=None
[2023-07-09T17:10:05.563+0000] {processor.py:175} INFO - Processing /home/ubuntu/venv/lib/python3.10/site-packages/airflow/example_dags/tutorial_taskflow_api.py took 0.199 seconds
