[2023-07-09T15:46:33.008+0000] {processor.py:153} INFO - Started process (PID=1295) to work on /home/ubuntu/venv/lib/python3.10/site-packages/airflow/example_dags/tutorial.py
[2023-07-09T15:46:33.010+0000] {processor.py:743} INFO - Processing file /home/ubuntu/venv/lib/python3.10/site-packages/airflow/example_dags/tutorial.py for tasks to queue
[2023-07-09T15:46:33.010+0000] {logging_mixin.py:137} INFO - [2023-07-09T15:46:33.010+0000] {dagbag.py:538} INFO - Filling up the DagBag from /home/ubuntu/venv/lib/python3.10/site-packages/airflow/example_dags/tutorial.py
[2023-07-09T15:46:33.050+0000] {processor.py:753} INFO - DAG(s) dict_keys(['tutorial']) retrieved from /home/ubuntu/venv/lib/python3.10/site-packages/airflow/example_dags/tutorial.py
[2023-07-09T15:46:33.142+0000] {logging_mixin.py:137} INFO - [2023-07-09T15:46:33.139+0000] {dag.py:2676} INFO - Sync 1 DAGs
[2023-07-09T15:46:33.179+0000] {logging_mixin.py:137} INFO - [2023-07-09T15:46:33.178+0000] {dag.py:3423} INFO - Setting next_dagrun for tutorial to 2023-07-08T15:46:33.178545+00:00, run_after=2023-07-09T15:46:33.178545+00:00
[2023-07-09T15:46:33.212+0000] {processor.py:175} INFO - Processing /home/ubuntu/venv/lib/python3.10/site-packages/airflow/example_dags/tutorial.py took 0.208 seconds
[2023-07-09T15:47:03.859+0000] {processor.py:153} INFO - Started process (PID=1534) to work on /home/ubuntu/venv/lib/python3.10/site-packages/airflow/example_dags/tutorial.py
[2023-07-09T15:47:03.863+0000] {processor.py:743} INFO - Processing file /home/ubuntu/venv/lib/python3.10/site-packages/airflow/example_dags/tutorial.py for tasks to queue
[2023-07-09T15:47:03.865+0000] {logging_mixin.py:137} INFO - [2023-07-09T15:47:03.864+0000] {dagbag.py:538} INFO - Filling up the DagBag from /home/ubuntu/venv/lib/python3.10/site-packages/airflow/example_dags/tutorial.py
[2023-07-09T15:47:03.898+0000] {processor.py:753} INFO - DAG(s) dict_keys(['tutorial']) retrieved from /home/ubuntu/venv/lib/python3.10/site-packages/airflow/example_dags/tutorial.py
[2023-07-09T15:47:03.985+0000] {logging_mixin.py:137} INFO - [2023-07-09T15:47:03.985+0000] {dag.py:2676} INFO - Sync 1 DAGs
[2023-07-09T15:47:04.022+0000] {logging_mixin.py:137} INFO - [2023-07-09T15:47:04.021+0000] {dag.py:3423} INFO - Setting next_dagrun for tutorial to 2023-07-08T15:47:04.021630+00:00, run_after=2023-07-09T15:47:04.021630+00:00
[2023-07-09T15:47:04.060+0000] {processor.py:175} INFO - Processing /home/ubuntu/venv/lib/python3.10/site-packages/airflow/example_dags/tutorial.py took 0.205 seconds
[2023-07-09T15:47:34.118+0000] {processor.py:153} INFO - Started process (PID=1772) to work on /home/ubuntu/venv/lib/python3.10/site-packages/airflow/example_dags/tutorial.py
[2023-07-09T15:47:34.119+0000] {processor.py:743} INFO - Processing file /home/ubuntu/venv/lib/python3.10/site-packages/airflow/example_dags/tutorial.py for tasks to queue
[2023-07-09T15:47:34.119+0000] {logging_mixin.py:137} INFO - [2023-07-09T15:47:34.119+0000] {dagbag.py:538} INFO - Filling up the DagBag from /home/ubuntu/venv/lib/python3.10/site-packages/airflow/example_dags/tutorial.py
[2023-07-09T15:47:34.135+0000] {processor.py:753} INFO - DAG(s) dict_keys(['tutorial']) retrieved from /home/ubuntu/venv/lib/python3.10/site-packages/airflow/example_dags/tutorial.py
[2023-07-09T15:47:34.206+0000] {logging_mixin.py:137} INFO - [2023-07-09T15:47:34.205+0000] {dag.py:2676} INFO - Sync 1 DAGs
[2023-07-09T15:47:34.229+0000] {logging_mixin.py:137} INFO - [2023-07-09T15:47:34.228+0000] {dag.py:3423} INFO - Setting next_dagrun for tutorial to 2023-07-08T15:47:34.228599+00:00, run_after=2023-07-09T15:47:34.228599+00:00
[2023-07-09T15:47:34.254+0000] {processor.py:175} INFO - Processing /home/ubuntu/venv/lib/python3.10/site-packages/airflow/example_dags/tutorial.py took 0.140 seconds
[2023-07-09T15:49:51.842+0000] {processor.py:153} INFO - Started process (PID=2115) to work on /home/ubuntu/venv/lib/python3.10/site-packages/airflow/example_dags/tutorial.py
[2023-07-09T15:49:51.843+0000] {processor.py:743} INFO - Processing file /home/ubuntu/venv/lib/python3.10/site-packages/airflow/example_dags/tutorial.py for tasks to queue
[2023-07-09T15:49:51.844+0000] {logging_mixin.py:137} INFO - [2023-07-09T15:49:51.844+0000] {dagbag.py:538} INFO - Filling up the DagBag from /home/ubuntu/venv/lib/python3.10/site-packages/airflow/example_dags/tutorial.py
[2023-07-09T15:49:51.858+0000] {processor.py:753} INFO - DAG(s) dict_keys(['tutorial']) retrieved from /home/ubuntu/venv/lib/python3.10/site-packages/airflow/example_dags/tutorial.py
[2023-07-09T15:49:51.900+0000] {logging_mixin.py:137} INFO - [2023-07-09T15:49:51.900+0000] {dag.py:2676} INFO - Sync 1 DAGs
[2023-07-09T15:49:51.923+0000] {logging_mixin.py:137} INFO - [2023-07-09T15:49:51.923+0000] {dag.py:3423} INFO - Setting next_dagrun for tutorial to 2023-07-08T15:49:51.923066+00:00, run_after=2023-07-09T15:49:51.923066+00:00
[2023-07-09T15:49:51.940+0000] {processor.py:175} INFO - Processing /home/ubuntu/venv/lib/python3.10/site-packages/airflow/example_dags/tutorial.py took 0.101 seconds
[2023-07-09T15:50:22.859+0000] {processor.py:153} INFO - Started process (PID=2348) to work on /home/ubuntu/venv/lib/python3.10/site-packages/airflow/example_dags/tutorial.py
[2023-07-09T15:50:22.871+0000] {processor.py:743} INFO - Processing file /home/ubuntu/venv/lib/python3.10/site-packages/airflow/example_dags/tutorial.py for tasks to queue
[2023-07-09T15:50:22.872+0000] {logging_mixin.py:137} INFO - [2023-07-09T15:50:22.872+0000] {dagbag.py:538} INFO - Filling up the DagBag from /home/ubuntu/venv/lib/python3.10/site-packages/airflow/example_dags/tutorial.py
[2023-07-09T15:50:22.895+0000] {processor.py:753} INFO - DAG(s) dict_keys(['tutorial']) retrieved from /home/ubuntu/venv/lib/python3.10/site-packages/airflow/example_dags/tutorial.py
[2023-07-09T15:50:22.962+0000] {logging_mixin.py:137} INFO - [2023-07-09T15:50:22.962+0000] {dag.py:2676} INFO - Sync 1 DAGs
[2023-07-09T15:50:22.997+0000] {logging_mixin.py:137} INFO - [2023-07-09T15:50:22.997+0000] {dag.py:3423} INFO - Setting next_dagrun for tutorial to 2023-07-08T15:50:22.997094+00:00, run_after=2023-07-09T15:50:22.997094+00:00
[2023-07-09T15:50:23.022+0000] {processor.py:175} INFO - Processing /home/ubuntu/venv/lib/python3.10/site-packages/airflow/example_dags/tutorial.py took 0.166 seconds
[2023-07-09T16:47:15.252+0000] {processor.py:153} INFO - Started process (PID=3412) to work on /home/ubuntu/venv/lib/python3.10/site-packages/airflow/example_dags/tutorial.py
[2023-07-09T16:47:15.253+0000] {processor.py:743} INFO - Processing file /home/ubuntu/venv/lib/python3.10/site-packages/airflow/example_dags/tutorial.py for tasks to queue
[2023-07-09T16:47:15.254+0000] {logging_mixin.py:137} INFO - [2023-07-09T16:47:15.254+0000] {dagbag.py:538} INFO - Filling up the DagBag from /home/ubuntu/venv/lib/python3.10/site-packages/airflow/example_dags/tutorial.py
[2023-07-09T16:47:15.274+0000] {processor.py:753} INFO - DAG(s) dict_keys(['tutorial']) retrieved from /home/ubuntu/venv/lib/python3.10/site-packages/airflow/example_dags/tutorial.py
[2023-07-09T16:47:15.340+0000] {logging_mixin.py:137} INFO - [2023-07-09T16:47:15.339+0000] {dag.py:2676} INFO - Sync 1 DAGs
[2023-07-09T16:47:15.374+0000] {logging_mixin.py:137} INFO - [2023-07-09T16:47:15.373+0000] {dag.py:3423} INFO - Setting next_dagrun for tutorial to 2023-07-08T16:47:15.373496+00:00, run_after=2023-07-09T16:47:15.373496+00:00
[2023-07-09T16:47:15.397+0000] {processor.py:175} INFO - Processing /home/ubuntu/venv/lib/python3.10/site-packages/airflow/example_dags/tutorial.py took 0.149 seconds
[2023-07-09T16:47:46.501+0000] {processor.py:153} INFO - Started process (PID=3779) to work on /home/ubuntu/venv/lib/python3.10/site-packages/airflow/example_dags/tutorial.py
[2023-07-09T16:47:46.502+0000] {processor.py:743} INFO - Processing file /home/ubuntu/venv/lib/python3.10/site-packages/airflow/example_dags/tutorial.py for tasks to queue
[2023-07-09T16:47:46.503+0000] {logging_mixin.py:137} INFO - [2023-07-09T16:47:46.503+0000] {dagbag.py:538} INFO - Filling up the DagBag from /home/ubuntu/venv/lib/python3.10/site-packages/airflow/example_dags/tutorial.py
[2023-07-09T16:47:46.525+0000] {processor.py:753} INFO - DAG(s) dict_keys(['tutorial']) retrieved from /home/ubuntu/venv/lib/python3.10/site-packages/airflow/example_dags/tutorial.py
[2023-07-09T16:47:46.598+0000] {logging_mixin.py:137} INFO - [2023-07-09T16:47:46.597+0000] {dag.py:2676} INFO - Sync 1 DAGs
[2023-07-09T16:47:46.631+0000] {logging_mixin.py:137} INFO - [2023-07-09T16:47:46.631+0000] {dag.py:3423} INFO - Setting next_dagrun for tutorial to 2023-07-08T16:47:46.631151+00:00, run_after=2023-07-09T16:47:46.631151+00:00
[2023-07-09T16:47:46.657+0000] {processor.py:175} INFO - Processing /home/ubuntu/venv/lib/python3.10/site-packages/airflow/example_dags/tutorial.py took 0.161 seconds
[2023-07-09T16:48:16.990+0000] {processor.py:153} INFO - Started process (PID=4011) to work on /home/ubuntu/venv/lib/python3.10/site-packages/airflow/example_dags/tutorial.py
[2023-07-09T16:48:16.991+0000] {processor.py:743} INFO - Processing file /home/ubuntu/venv/lib/python3.10/site-packages/airflow/example_dags/tutorial.py for tasks to queue
[2023-07-09T16:48:16.992+0000] {logging_mixin.py:137} INFO - [2023-07-09T16:48:16.992+0000] {dagbag.py:538} INFO - Filling up the DagBag from /home/ubuntu/venv/lib/python3.10/site-packages/airflow/example_dags/tutorial.py
[2023-07-09T16:48:17.007+0000] {processor.py:753} INFO - DAG(s) dict_keys(['tutorial']) retrieved from /home/ubuntu/venv/lib/python3.10/site-packages/airflow/example_dags/tutorial.py
[2023-07-09T16:48:17.052+0000] {logging_mixin.py:137} INFO - [2023-07-09T16:48:17.052+0000] {dag.py:2676} INFO - Sync 1 DAGs
[2023-07-09T16:48:17.074+0000] {logging_mixin.py:137} INFO - [2023-07-09T16:48:17.074+0000] {dag.py:3423} INFO - Setting next_dagrun for tutorial to 2023-07-08T16:48:17.074252+00:00, run_after=2023-07-09T16:48:17.074252+00:00
[2023-07-09T16:48:17.092+0000] {processor.py:175} INFO - Processing /home/ubuntu/venv/lib/python3.10/site-packages/airflow/example_dags/tutorial.py took 0.104 seconds
[2023-07-09T16:48:47.778+0000] {processor.py:153} INFO - Started process (PID=4247) to work on /home/ubuntu/venv/lib/python3.10/site-packages/airflow/example_dags/tutorial.py
[2023-07-09T16:48:47.787+0000] {processor.py:743} INFO - Processing file /home/ubuntu/venv/lib/python3.10/site-packages/airflow/example_dags/tutorial.py for tasks to queue
[2023-07-09T16:48:47.789+0000] {logging_mixin.py:137} INFO - [2023-07-09T16:48:47.789+0000] {dagbag.py:538} INFO - Filling up the DagBag from /home/ubuntu/venv/lib/python3.10/site-packages/airflow/example_dags/tutorial.py
[2023-07-09T16:48:47.822+0000] {processor.py:753} INFO - DAG(s) dict_keys(['tutorial']) retrieved from /home/ubuntu/venv/lib/python3.10/site-packages/airflow/example_dags/tutorial.py
[2023-07-09T16:48:47.909+0000] {logging_mixin.py:137} INFO - [2023-07-09T16:48:47.908+0000] {dag.py:2676} INFO - Sync 1 DAGs
[2023-07-09T16:48:47.942+0000] {logging_mixin.py:137} INFO - [2023-07-09T16:48:47.942+0000] {dag.py:3423} INFO - Setting next_dagrun for tutorial to 2023-07-08T16:48:47.941707+00:00, run_after=2023-07-09T16:48:47.941707+00:00
[2023-07-09T16:48:47.968+0000] {processor.py:175} INFO - Processing /home/ubuntu/venv/lib/python3.10/site-packages/airflow/example_dags/tutorial.py took 0.199 seconds
[2023-07-09T16:49:18.842+0000] {processor.py:153} INFO - Started process (PID=4482) to work on /home/ubuntu/venv/lib/python3.10/site-packages/airflow/example_dags/tutorial.py
[2023-07-09T16:49:18.843+0000] {processor.py:743} INFO - Processing file /home/ubuntu/venv/lib/python3.10/site-packages/airflow/example_dags/tutorial.py for tasks to queue
[2023-07-09T16:49:18.845+0000] {logging_mixin.py:137} INFO - [2023-07-09T16:49:18.845+0000] {dagbag.py:538} INFO - Filling up the DagBag from /home/ubuntu/venv/lib/python3.10/site-packages/airflow/example_dags/tutorial.py
[2023-07-09T16:49:18.864+0000] {processor.py:753} INFO - DAG(s) dict_keys(['tutorial']) retrieved from /home/ubuntu/venv/lib/python3.10/site-packages/airflow/example_dags/tutorial.py
[2023-07-09T16:49:18.931+0000] {logging_mixin.py:137} INFO - [2023-07-09T16:49:18.931+0000] {dag.py:2676} INFO - Sync 1 DAGs
[2023-07-09T16:49:18.965+0000] {logging_mixin.py:137} INFO - [2023-07-09T16:49:18.965+0000] {dag.py:3423} INFO - Setting next_dagrun for tutorial to 2023-07-08T16:49:18.964946+00:00, run_after=2023-07-09T16:49:18.964946+00:00
[2023-07-09T16:49:18.989+0000] {processor.py:175} INFO - Processing /home/ubuntu/venv/lib/python3.10/site-packages/airflow/example_dags/tutorial.py took 0.154 seconds
[2023-07-09T16:49:49.249+0000] {processor.py:153} INFO - Started process (PID=4718) to work on /home/ubuntu/venv/lib/python3.10/site-packages/airflow/example_dags/tutorial.py
[2023-07-09T16:49:49.250+0000] {processor.py:743} INFO - Processing file /home/ubuntu/venv/lib/python3.10/site-packages/airflow/example_dags/tutorial.py for tasks to queue
[2023-07-09T16:49:49.251+0000] {logging_mixin.py:137} INFO - [2023-07-09T16:49:49.250+0000] {dagbag.py:538} INFO - Filling up the DagBag from /home/ubuntu/venv/lib/python3.10/site-packages/airflow/example_dags/tutorial.py
[2023-07-09T16:49:49.278+0000] {processor.py:753} INFO - DAG(s) dict_keys(['tutorial']) retrieved from /home/ubuntu/venv/lib/python3.10/site-packages/airflow/example_dags/tutorial.py
[2023-07-09T16:49:49.338+0000] {logging_mixin.py:137} INFO - [2023-07-09T16:49:49.338+0000] {dag.py:2676} INFO - Sync 1 DAGs
[2023-07-09T16:49:49.361+0000] {logging_mixin.py:137} INFO - [2023-07-09T16:49:49.361+0000] {dag.py:3423} INFO - Setting next_dagrun for tutorial to 2023-07-08T16:49:49.361422+00:00, run_after=2023-07-09T16:49:49.361422+00:00
[2023-07-09T16:49:49.379+0000] {processor.py:175} INFO - Processing /home/ubuntu/venv/lib/python3.10/site-packages/airflow/example_dags/tutorial.py took 0.137 seconds
[2023-07-09T16:50:19.910+0000] {processor.py:153} INFO - Started process (PID=4953) to work on /home/ubuntu/venv/lib/python3.10/site-packages/airflow/example_dags/tutorial.py
[2023-07-09T16:50:19.912+0000] {processor.py:743} INFO - Processing file /home/ubuntu/venv/lib/python3.10/site-packages/airflow/example_dags/tutorial.py for tasks to queue
[2023-07-09T16:50:19.912+0000] {logging_mixin.py:137} INFO - [2023-07-09T16:50:19.912+0000] {dagbag.py:538} INFO - Filling up the DagBag from /home/ubuntu/venv/lib/python3.10/site-packages/airflow/example_dags/tutorial.py
[2023-07-09T16:50:19.926+0000] {processor.py:753} INFO - DAG(s) dict_keys(['tutorial']) retrieved from /home/ubuntu/venv/lib/python3.10/site-packages/airflow/example_dags/tutorial.py
[2023-07-09T16:50:19.973+0000] {logging_mixin.py:137} INFO - [2023-07-09T16:50:19.973+0000] {dag.py:2676} INFO - Sync 1 DAGs
[2023-07-09T16:50:19.996+0000] {logging_mixin.py:137} INFO - [2023-07-09T16:50:19.996+0000] {dag.py:3423} INFO - Setting next_dagrun for tutorial to 2023-07-08T16:50:19.995957+00:00, run_after=2023-07-09T16:50:19.995957+00:00
[2023-07-09T16:50:20.020+0000] {processor.py:175} INFO - Processing /home/ubuntu/venv/lib/python3.10/site-packages/airflow/example_dags/tutorial.py took 0.112 seconds
[2023-07-09T16:50:50.659+0000] {processor.py:153} INFO - Started process (PID=5189) to work on /home/ubuntu/venv/lib/python3.10/site-packages/airflow/example_dags/tutorial.py
[2023-07-09T16:50:50.659+0000] {processor.py:743} INFO - Processing file /home/ubuntu/venv/lib/python3.10/site-packages/airflow/example_dags/tutorial.py for tasks to queue
[2023-07-09T16:50:50.660+0000] {logging_mixin.py:137} INFO - [2023-07-09T16:50:50.660+0000] {dagbag.py:538} INFO - Filling up the DagBag from /home/ubuntu/venv/lib/python3.10/site-packages/airflow/example_dags/tutorial.py
[2023-07-09T16:50:50.682+0000] {processor.py:753} INFO - DAG(s) dict_keys(['tutorial']) retrieved from /home/ubuntu/venv/lib/python3.10/site-packages/airflow/example_dags/tutorial.py
[2023-07-09T16:50:50.751+0000] {logging_mixin.py:137} INFO - [2023-07-09T16:50:50.751+0000] {dag.py:2676} INFO - Sync 1 DAGs
[2023-07-09T16:50:50.786+0000] {logging_mixin.py:137} INFO - [2023-07-09T16:50:50.786+0000] {dag.py:3423} INFO - Setting next_dagrun for tutorial to 2023-07-08T16:50:50.785920+00:00, run_after=2023-07-09T16:50:50.785920+00:00
[2023-07-09T16:50:50.827+0000] {processor.py:175} INFO - Processing /home/ubuntu/venv/lib/python3.10/site-packages/airflow/example_dags/tutorial.py took 0.174 seconds
[2023-07-09T16:54:51.773+0000] {processor.py:153} INFO - Started process (PID=5682) to work on /home/ubuntu/venv/lib/python3.10/site-packages/airflow/example_dags/tutorial.py
[2023-07-09T16:54:51.777+0000] {processor.py:743} INFO - Processing file /home/ubuntu/venv/lib/python3.10/site-packages/airflow/example_dags/tutorial.py for tasks to queue
[2023-07-09T16:54:51.777+0000] {logging_mixin.py:137} INFO - [2023-07-09T16:54:51.777+0000] {dagbag.py:538} INFO - Filling up the DagBag from /home/ubuntu/venv/lib/python3.10/site-packages/airflow/example_dags/tutorial.py
[2023-07-09T16:54:51.834+0000] {processor.py:753} INFO - DAG(s) dict_keys(['tutorial']) retrieved from /home/ubuntu/venv/lib/python3.10/site-packages/airflow/example_dags/tutorial.py
[2023-07-09T16:54:51.954+0000] {logging_mixin.py:137} INFO - [2023-07-09T16:54:51.954+0000] {dag.py:2676} INFO - Sync 1 DAGs
[2023-07-09T16:54:52.044+0000] {logging_mixin.py:137} INFO - [2023-07-09T16:54:52.044+0000] {dag.py:3423} INFO - Setting next_dagrun for tutorial to 2023-07-08T16:54:52.041759+00:00, run_after=2023-07-09T16:54:52.041759+00:00
[2023-07-09T16:54:52.106+0000] {processor.py:175} INFO - Processing /home/ubuntu/venv/lib/python3.10/site-packages/airflow/example_dags/tutorial.py took 0.337 seconds
[2023-07-09T16:55:22.605+0000] {processor.py:153} INFO - Started process (PID=5992) to work on /home/ubuntu/venv/lib/python3.10/site-packages/airflow/example_dags/tutorial.py
[2023-07-09T16:55:22.605+0000] {processor.py:743} INFO - Processing file /home/ubuntu/venv/lib/python3.10/site-packages/airflow/example_dags/tutorial.py for tasks to queue
[2023-07-09T16:55:22.606+0000] {logging_mixin.py:137} INFO - [2023-07-09T16:55:22.606+0000] {dagbag.py:538} INFO - Filling up the DagBag from /home/ubuntu/venv/lib/python3.10/site-packages/airflow/example_dags/tutorial.py
[2023-07-09T16:55:22.621+0000] {processor.py:753} INFO - DAG(s) dict_keys(['tutorial']) retrieved from /home/ubuntu/venv/lib/python3.10/site-packages/airflow/example_dags/tutorial.py
[2023-07-09T16:55:22.669+0000] {logging_mixin.py:137} INFO - [2023-07-09T16:55:22.669+0000] {dag.py:2676} INFO - Sync 1 DAGs
[2023-07-09T16:55:22.691+0000] {logging_mixin.py:137} INFO - [2023-07-09T16:55:22.691+0000] {dag.py:3423} INFO - Setting next_dagrun for tutorial to 2023-07-08T16:55:22.691018+00:00, run_after=2023-07-09T16:55:22.691018+00:00
[2023-07-09T16:55:22.709+0000] {processor.py:175} INFO - Processing /home/ubuntu/venv/lib/python3.10/site-packages/airflow/example_dags/tutorial.py took 0.108 seconds
[2023-07-09T16:55:53.769+0000] {processor.py:153} INFO - Started process (PID=6225) to work on /home/ubuntu/venv/lib/python3.10/site-packages/airflow/example_dags/tutorial.py
[2023-07-09T16:55:53.773+0000] {processor.py:743} INFO - Processing file /home/ubuntu/venv/lib/python3.10/site-packages/airflow/example_dags/tutorial.py for tasks to queue
[2023-07-09T16:55:53.774+0000] {logging_mixin.py:137} INFO - [2023-07-09T16:55:53.774+0000] {dagbag.py:538} INFO - Filling up the DagBag from /home/ubuntu/venv/lib/python3.10/site-packages/airflow/example_dags/tutorial.py
[2023-07-09T16:55:53.818+0000] {processor.py:753} INFO - DAG(s) dict_keys(['tutorial']) retrieved from /home/ubuntu/venv/lib/python3.10/site-packages/airflow/example_dags/tutorial.py
[2023-07-09T16:55:53.947+0000] {logging_mixin.py:137} INFO - [2023-07-09T16:55:53.947+0000] {dag.py:2676} INFO - Sync 1 DAGs
[2023-07-09T16:55:53.984+0000] {logging_mixin.py:137} INFO - [2023-07-09T16:55:53.984+0000] {dag.py:3423} INFO - Setting next_dagrun for tutorial to 2023-07-08T16:55:53.984333+00:00, run_after=2023-07-09T16:55:53.984333+00:00
[2023-07-09T16:55:54.011+0000] {processor.py:175} INFO - Processing /home/ubuntu/venv/lib/python3.10/site-packages/airflow/example_dags/tutorial.py took 0.258 seconds
[2023-07-09T16:56:24.813+0000] {processor.py:153} INFO - Started process (PID=6460) to work on /home/ubuntu/venv/lib/python3.10/site-packages/airflow/example_dags/tutorial.py
[2023-07-09T16:56:24.815+0000] {processor.py:743} INFO - Processing file /home/ubuntu/venv/lib/python3.10/site-packages/airflow/example_dags/tutorial.py for tasks to queue
[2023-07-09T16:56:24.816+0000] {logging_mixin.py:137} INFO - [2023-07-09T16:56:24.816+0000] {dagbag.py:538} INFO - Filling up the DagBag from /home/ubuntu/venv/lib/python3.10/site-packages/airflow/example_dags/tutorial.py
[2023-07-09T16:56:24.837+0000] {processor.py:753} INFO - DAG(s) dict_keys(['tutorial']) retrieved from /home/ubuntu/venv/lib/python3.10/site-packages/airflow/example_dags/tutorial.py
[2023-07-09T16:56:24.902+0000] {logging_mixin.py:137} INFO - [2023-07-09T16:56:24.901+0000] {dag.py:2676} INFO - Sync 1 DAGs
[2023-07-09T16:56:24.934+0000] {logging_mixin.py:137} INFO - [2023-07-09T16:56:24.933+0000] {dag.py:3423} INFO - Setting next_dagrun for tutorial to 2023-07-08T16:56:24.933575+00:00, run_after=2023-07-09T16:56:24.933575+00:00
[2023-07-09T16:56:24.960+0000] {processor.py:175} INFO - Processing /home/ubuntu/venv/lib/python3.10/site-packages/airflow/example_dags/tutorial.py took 0.152 seconds
[2023-07-09T16:56:55.085+0000] {processor.py:153} INFO - Started process (PID=6711) to work on /home/ubuntu/venv/lib/python3.10/site-packages/airflow/example_dags/tutorial.py
[2023-07-09T16:56:55.087+0000] {processor.py:743} INFO - Processing file /home/ubuntu/venv/lib/python3.10/site-packages/airflow/example_dags/tutorial.py for tasks to queue
[2023-07-09T16:56:55.088+0000] {logging_mixin.py:137} INFO - [2023-07-09T16:56:55.088+0000] {dagbag.py:538} INFO - Filling up the DagBag from /home/ubuntu/venv/lib/python3.10/site-packages/airflow/example_dags/tutorial.py
[2023-07-09T16:56:55.115+0000] {processor.py:753} INFO - DAG(s) dict_keys(['tutorial']) retrieved from /home/ubuntu/venv/lib/python3.10/site-packages/airflow/example_dags/tutorial.py
[2023-07-09T16:56:55.208+0000] {logging_mixin.py:137} INFO - [2023-07-09T16:56:55.208+0000] {dag.py:2676} INFO - Sync 1 DAGs
[2023-07-09T16:56:55.256+0000] {logging_mixin.py:137} INFO - [2023-07-09T16:56:55.255+0000] {dag.py:3423} INFO - Setting next_dagrun for tutorial to 2023-07-08T16:56:55.255634+00:00, run_after=2023-07-09T16:56:55.255634+00:00
[2023-07-09T16:56:55.283+0000] {processor.py:175} INFO - Processing /home/ubuntu/venv/lib/python3.10/site-packages/airflow/example_dags/tutorial.py took 0.204 seconds
[2023-07-09T16:57:26.388+0000] {processor.py:153} INFO - Started process (PID=6952) to work on /home/ubuntu/venv/lib/python3.10/site-packages/airflow/example_dags/tutorial.py
[2023-07-09T16:57:26.389+0000] {processor.py:743} INFO - Processing file /home/ubuntu/venv/lib/python3.10/site-packages/airflow/example_dags/tutorial.py for tasks to queue
[2023-07-09T16:57:26.390+0000] {logging_mixin.py:137} INFO - [2023-07-09T16:57:26.390+0000] {dagbag.py:538} INFO - Filling up the DagBag from /home/ubuntu/venv/lib/python3.10/site-packages/airflow/example_dags/tutorial.py
[2023-07-09T16:57:26.417+0000] {processor.py:753} INFO - DAG(s) dict_keys(['tutorial']) retrieved from /home/ubuntu/venv/lib/python3.10/site-packages/airflow/example_dags/tutorial.py
[2023-07-09T16:57:26.493+0000] {logging_mixin.py:137} INFO - [2023-07-09T16:57:26.493+0000] {dag.py:2676} INFO - Sync 1 DAGs
[2023-07-09T16:57:26.528+0000] {logging_mixin.py:137} INFO - [2023-07-09T16:57:26.528+0000] {dag.py:3423} INFO - Setting next_dagrun for tutorial to 2023-07-08T16:57:26.528104+00:00, run_after=2023-07-09T16:57:26.528104+00:00
[2023-07-09T16:57:26.553+0000] {processor.py:175} INFO - Processing /home/ubuntu/venv/lib/python3.10/site-packages/airflow/example_dags/tutorial.py took 0.171 seconds
[2023-07-09T16:57:56.596+0000] {processor.py:153} INFO - Started process (PID=7185) to work on /home/ubuntu/venv/lib/python3.10/site-packages/airflow/example_dags/tutorial.py
[2023-07-09T16:57:56.598+0000] {processor.py:743} INFO - Processing file /home/ubuntu/venv/lib/python3.10/site-packages/airflow/example_dags/tutorial.py for tasks to queue
[2023-07-09T16:57:56.598+0000] {logging_mixin.py:137} INFO - [2023-07-09T16:57:56.598+0000] {dagbag.py:538} INFO - Filling up the DagBag from /home/ubuntu/venv/lib/python3.10/site-packages/airflow/example_dags/tutorial.py
[2023-07-09T16:57:56.614+0000] {processor.py:753} INFO - DAG(s) dict_keys(['tutorial']) retrieved from /home/ubuntu/venv/lib/python3.10/site-packages/airflow/example_dags/tutorial.py
[2023-07-09T16:57:56.661+0000] {logging_mixin.py:137} INFO - [2023-07-09T16:57:56.661+0000] {dag.py:2676} INFO - Sync 1 DAGs
[2023-07-09T16:57:56.685+0000] {logging_mixin.py:137} INFO - [2023-07-09T16:57:56.685+0000] {dag.py:3423} INFO - Setting next_dagrun for tutorial to 2023-07-08T16:57:56.685171+00:00, run_after=2023-07-09T16:57:56.685171+00:00
[2023-07-09T16:57:56.705+0000] {processor.py:175} INFO - Processing /home/ubuntu/venv/lib/python3.10/site-packages/airflow/example_dags/tutorial.py took 0.113 seconds
[2023-07-09T16:58:27.413+0000] {processor.py:153} INFO - Started process (PID=7417) to work on /home/ubuntu/venv/lib/python3.10/site-packages/airflow/example_dags/tutorial.py
[2023-07-09T16:58:27.414+0000] {processor.py:743} INFO - Processing file /home/ubuntu/venv/lib/python3.10/site-packages/airflow/example_dags/tutorial.py for tasks to queue
[2023-07-09T16:58:27.415+0000] {logging_mixin.py:137} INFO - [2023-07-09T16:58:27.415+0000] {dagbag.py:538} INFO - Filling up the DagBag from /home/ubuntu/venv/lib/python3.10/site-packages/airflow/example_dags/tutorial.py
[2023-07-09T16:58:27.442+0000] {processor.py:753} INFO - DAG(s) dict_keys(['tutorial']) retrieved from /home/ubuntu/venv/lib/python3.10/site-packages/airflow/example_dags/tutorial.py
[2023-07-09T16:58:27.541+0000] {logging_mixin.py:137} INFO - [2023-07-09T16:58:27.541+0000] {dag.py:2676} INFO - Sync 1 DAGs
[2023-07-09T16:58:27.591+0000] {logging_mixin.py:137} INFO - [2023-07-09T16:58:27.590+0000] {dag.py:3423} INFO - Setting next_dagrun for tutorial to 2023-07-08T16:58:27.589907+00:00, run_after=2023-07-09T16:58:27.589907+00:00
[2023-07-09T16:58:27.625+0000] {processor.py:175} INFO - Processing /home/ubuntu/venv/lib/python3.10/site-packages/airflow/example_dags/tutorial.py took 0.218 seconds
[2023-07-09T16:58:57.897+0000] {processor.py:153} INFO - Started process (PID=7653) to work on /home/ubuntu/venv/lib/python3.10/site-packages/airflow/example_dags/tutorial.py
[2023-07-09T16:58:57.899+0000] {processor.py:743} INFO - Processing file /home/ubuntu/venv/lib/python3.10/site-packages/airflow/example_dags/tutorial.py for tasks to queue
[2023-07-09T16:58:57.900+0000] {logging_mixin.py:137} INFO - [2023-07-09T16:58:57.900+0000] {dagbag.py:538} INFO - Filling up the DagBag from /home/ubuntu/venv/lib/python3.10/site-packages/airflow/example_dags/tutorial.py
[2023-07-09T16:58:57.925+0000] {processor.py:753} INFO - DAG(s) dict_keys(['tutorial']) retrieved from /home/ubuntu/venv/lib/python3.10/site-packages/airflow/example_dags/tutorial.py
[2023-07-09T16:58:57.996+0000] {logging_mixin.py:137} INFO - [2023-07-09T16:58:57.995+0000] {dag.py:2676} INFO - Sync 1 DAGs
[2023-07-09T16:58:58.030+0000] {logging_mixin.py:137} INFO - [2023-07-09T16:58:58.030+0000] {dag.py:3423} INFO - Setting next_dagrun for tutorial to 2023-07-08T16:58:58.030027+00:00, run_after=2023-07-09T16:58:58.030027+00:00
[2023-07-09T16:58:58.217+0000] {processor.py:175} INFO - Processing /home/ubuntu/venv/lib/python3.10/site-packages/airflow/example_dags/tutorial.py took 0.324 seconds
[2023-07-09T16:59:28.425+0000] {processor.py:153} INFO - Started process (PID=7891) to work on /home/ubuntu/venv/lib/python3.10/site-packages/airflow/example_dags/tutorial.py
[2023-07-09T16:59:28.427+0000] {processor.py:743} INFO - Processing file /home/ubuntu/venv/lib/python3.10/site-packages/airflow/example_dags/tutorial.py for tasks to queue
[2023-07-09T16:59:28.428+0000] {logging_mixin.py:137} INFO - [2023-07-09T16:59:28.427+0000] {dagbag.py:538} INFO - Filling up the DagBag from /home/ubuntu/venv/lib/python3.10/site-packages/airflow/example_dags/tutorial.py
[2023-07-09T16:59:28.448+0000] {processor.py:753} INFO - DAG(s) dict_keys(['tutorial']) retrieved from /home/ubuntu/venv/lib/python3.10/site-packages/airflow/example_dags/tutorial.py
[2023-07-09T16:59:28.515+0000] {logging_mixin.py:137} INFO - [2023-07-09T16:59:28.515+0000] {dag.py:2676} INFO - Sync 1 DAGs
[2023-07-09T16:59:28.725+0000] {logging_mixin.py:137} INFO - [2023-07-09T16:59:28.725+0000] {dag.py:3423} INFO - Setting next_dagrun for tutorial to 2023-07-08T16:59:28.724990+00:00, run_after=2023-07-09T16:59:28.724990+00:00
[2023-07-09T16:59:28.746+0000] {processor.py:175} INFO - Processing /home/ubuntu/venv/lib/python3.10/site-packages/airflow/example_dags/tutorial.py took 0.333 seconds
[2023-07-09T16:59:59.321+0000] {processor.py:153} INFO - Started process (PID=8189) to work on /home/ubuntu/venv/lib/python3.10/site-packages/airflow/example_dags/tutorial.py
[2023-07-09T16:59:59.322+0000] {processor.py:743} INFO - Processing file /home/ubuntu/venv/lib/python3.10/site-packages/airflow/example_dags/tutorial.py for tasks to queue
[2023-07-09T16:59:59.323+0000] {logging_mixin.py:137} INFO - [2023-07-09T16:59:59.323+0000] {dagbag.py:538} INFO - Filling up the DagBag from /home/ubuntu/venv/lib/python3.10/site-packages/airflow/example_dags/tutorial.py
[2023-07-09T16:59:59.344+0000] {processor.py:753} INFO - DAG(s) dict_keys(['tutorial']) retrieved from /home/ubuntu/venv/lib/python3.10/site-packages/airflow/example_dags/tutorial.py
[2023-07-09T16:59:59.460+0000] {logging_mixin.py:137} INFO - [2023-07-09T16:59:59.460+0000] {dag.py:2676} INFO - Sync 1 DAGs
[2023-07-09T16:59:59.727+0000] {logging_mixin.py:137} INFO - [2023-07-09T16:59:59.727+0000] {dag.py:3423} INFO - Setting next_dagrun for tutorial to 2023-07-08T16:59:59.727286+00:00, run_after=2023-07-09T16:59:59.727286+00:00
[2023-07-09T16:59:59.755+0000] {processor.py:175} INFO - Processing /home/ubuntu/venv/lib/python3.10/site-packages/airflow/example_dags/tutorial.py took 0.439 seconds
[2023-07-09T17:00:29.965+0000] {processor.py:153} INFO - Started process (PID=8545) to work on /home/ubuntu/venv/lib/python3.10/site-packages/airflow/example_dags/tutorial.py
[2023-07-09T17:00:29.966+0000] {processor.py:743} INFO - Processing file /home/ubuntu/venv/lib/python3.10/site-packages/airflow/example_dags/tutorial.py for tasks to queue
[2023-07-09T17:00:29.968+0000] {logging_mixin.py:137} INFO - [2023-07-09T17:00:29.967+0000] {dagbag.py:538} INFO - Filling up the DagBag from /home/ubuntu/venv/lib/python3.10/site-packages/airflow/example_dags/tutorial.py
[2023-07-09T17:00:30.010+0000] {processor.py:753} INFO - DAG(s) dict_keys(['tutorial']) retrieved from /home/ubuntu/venv/lib/python3.10/site-packages/airflow/example_dags/tutorial.py
[2023-07-09T17:00:30.158+0000] {logging_mixin.py:137} INFO - [2023-07-09T17:00:30.157+0000] {dag.py:2676} INFO - Sync 1 DAGs
[2023-07-09T17:00:30.193+0000] {logging_mixin.py:137} INFO - [2023-07-09T17:00:30.193+0000] {dag.py:3423} INFO - Setting next_dagrun for tutorial to 2023-07-08T17:00:30.192738+00:00, run_after=2023-07-09T17:00:30.192738+00:00
[2023-07-09T17:00:30.224+0000] {processor.py:175} INFO - Processing /home/ubuntu/venv/lib/python3.10/site-packages/airflow/example_dags/tutorial.py took 0.263 seconds
[2023-07-09T17:01:01.042+0000] {processor.py:153} INFO - Started process (PID=8821) to work on /home/ubuntu/venv/lib/python3.10/site-packages/airflow/example_dags/tutorial.py
[2023-07-09T17:01:01.044+0000] {processor.py:743} INFO - Processing file /home/ubuntu/venv/lib/python3.10/site-packages/airflow/example_dags/tutorial.py for tasks to queue
[2023-07-09T17:01:01.045+0000] {logging_mixin.py:137} INFO - [2023-07-09T17:01:01.044+0000] {dagbag.py:538} INFO - Filling up the DagBag from /home/ubuntu/venv/lib/python3.10/site-packages/airflow/example_dags/tutorial.py
[2023-07-09T17:01:01.064+0000] {processor.py:753} INFO - DAG(s) dict_keys(['tutorial']) retrieved from /home/ubuntu/venv/lib/python3.10/site-packages/airflow/example_dags/tutorial.py
[2023-07-09T17:01:01.122+0000] {logging_mixin.py:137} INFO - [2023-07-09T17:01:01.121+0000] {dag.py:2676} INFO - Sync 1 DAGs
[2023-07-09T17:01:01.150+0000] {logging_mixin.py:137} INFO - [2023-07-09T17:01:01.149+0000] {dag.py:3423} INFO - Setting next_dagrun for tutorial to 2023-07-08T17:01:01.149298+00:00, run_after=2023-07-09T17:01:01.149298+00:00
[2023-07-09T17:01:01.170+0000] {processor.py:175} INFO - Processing /home/ubuntu/venv/lib/python3.10/site-packages/airflow/example_dags/tutorial.py took 0.131 seconds
[2023-07-09T17:01:32.306+0000] {processor.py:153} INFO - Started process (PID=9053) to work on /home/ubuntu/venv/lib/python3.10/site-packages/airflow/example_dags/tutorial.py
[2023-07-09T17:01:32.308+0000] {processor.py:743} INFO - Processing file /home/ubuntu/venv/lib/python3.10/site-packages/airflow/example_dags/tutorial.py for tasks to queue
[2023-07-09T17:01:32.308+0000] {logging_mixin.py:137} INFO - [2023-07-09T17:01:32.308+0000] {dagbag.py:538} INFO - Filling up the DagBag from /home/ubuntu/venv/lib/python3.10/site-packages/airflow/example_dags/tutorial.py
[2023-07-09T17:01:32.330+0000] {processor.py:753} INFO - DAG(s) dict_keys(['tutorial']) retrieved from /home/ubuntu/venv/lib/python3.10/site-packages/airflow/example_dags/tutorial.py
[2023-07-09T17:01:32.402+0000] {logging_mixin.py:137} INFO - [2023-07-09T17:01:32.402+0000] {dag.py:2676} INFO - Sync 1 DAGs
[2023-07-09T17:01:32.434+0000] {logging_mixin.py:137} INFO - [2023-07-09T17:01:32.433+0000] {dag.py:3423} INFO - Setting next_dagrun for tutorial to 2023-07-08T17:01:32.433419+00:00, run_after=2023-07-09T17:01:32.433419+00:00
[2023-07-09T17:01:32.465+0000] {processor.py:175} INFO - Processing /home/ubuntu/venv/lib/python3.10/site-packages/airflow/example_dags/tutorial.py took 0.164 seconds
[2023-07-09T17:02:02.918+0000] {processor.py:153} INFO - Started process (PID=9310) to work on /home/ubuntu/venv/lib/python3.10/site-packages/airflow/example_dags/tutorial.py
[2023-07-09T17:02:02.922+0000] {processor.py:743} INFO - Processing file /home/ubuntu/venv/lib/python3.10/site-packages/airflow/example_dags/tutorial.py for tasks to queue
[2023-07-09T17:02:02.923+0000] {logging_mixin.py:137} INFO - [2023-07-09T17:02:02.922+0000] {dagbag.py:538} INFO - Filling up the DagBag from /home/ubuntu/venv/lib/python3.10/site-packages/airflow/example_dags/tutorial.py
[2023-07-09T17:02:02.946+0000] {processor.py:753} INFO - DAG(s) dict_keys(['tutorial']) retrieved from /home/ubuntu/venv/lib/python3.10/site-packages/airflow/example_dags/tutorial.py
[2023-07-09T17:02:03.047+0000] {logging_mixin.py:137} INFO - [2023-07-09T17:02:03.047+0000] {dag.py:2676} INFO - Sync 1 DAGs
[2023-07-09T17:02:03.127+0000] {logging_mixin.py:137} INFO - [2023-07-09T17:02:03.127+0000] {dag.py:3423} INFO - Setting next_dagrun for tutorial to 2023-07-08T17:02:03.127013+00:00, run_after=2023-07-09T17:02:03.127013+00:00
[2023-07-09T17:02:03.164+0000] {processor.py:175} INFO - Processing /home/ubuntu/venv/lib/python3.10/site-packages/airflow/example_dags/tutorial.py took 0.250 seconds
[2023-07-09T17:02:33.990+0000] {processor.py:153} INFO - Started process (PID=9545) to work on /home/ubuntu/venv/lib/python3.10/site-packages/airflow/example_dags/tutorial.py
[2023-07-09T17:02:33.992+0000] {processor.py:743} INFO - Processing file /home/ubuntu/venv/lib/python3.10/site-packages/airflow/example_dags/tutorial.py for tasks to queue
[2023-07-09T17:02:33.994+0000] {logging_mixin.py:137} INFO - [2023-07-09T17:02:33.993+0000] {dagbag.py:538} INFO - Filling up the DagBag from /home/ubuntu/venv/lib/python3.10/site-packages/airflow/example_dags/tutorial.py
[2023-07-09T17:02:34.015+0000] {processor.py:753} INFO - DAG(s) dict_keys(['tutorial']) retrieved from /home/ubuntu/venv/lib/python3.10/site-packages/airflow/example_dags/tutorial.py
[2023-07-09T17:02:34.087+0000] {logging_mixin.py:137} INFO - [2023-07-09T17:02:34.087+0000] {dag.py:2676} INFO - Sync 1 DAGs
[2023-07-09T17:02:34.121+0000] {logging_mixin.py:137} INFO - [2023-07-09T17:02:34.121+0000] {dag.py:3423} INFO - Setting next_dagrun for tutorial to 2023-07-08T17:02:34.120740+00:00, run_after=2023-07-09T17:02:34.120740+00:00
[2023-07-09T17:02:34.147+0000] {processor.py:175} INFO - Processing /home/ubuntu/venv/lib/python3.10/site-packages/airflow/example_dags/tutorial.py took 0.161 seconds
[2023-07-09T17:03:04.412+0000] {processor.py:153} INFO - Started process (PID=9775) to work on /home/ubuntu/venv/lib/python3.10/site-packages/airflow/example_dags/tutorial.py
[2023-07-09T17:03:04.416+0000] {processor.py:743} INFO - Processing file /home/ubuntu/venv/lib/python3.10/site-packages/airflow/example_dags/tutorial.py for tasks to queue
[2023-07-09T17:03:04.418+0000] {logging_mixin.py:137} INFO - [2023-07-09T17:03:04.418+0000] {dagbag.py:538} INFO - Filling up the DagBag from /home/ubuntu/venv/lib/python3.10/site-packages/airflow/example_dags/tutorial.py
[2023-07-09T17:03:04.478+0000] {processor.py:753} INFO - DAG(s) dict_keys(['tutorial']) retrieved from /home/ubuntu/venv/lib/python3.10/site-packages/airflow/example_dags/tutorial.py
[2023-07-09T17:03:04.561+0000] {logging_mixin.py:137} INFO - [2023-07-09T17:03:04.561+0000] {dag.py:2676} INFO - Sync 1 DAGs
[2023-07-09T17:03:04.610+0000] {logging_mixin.py:137} INFO - [2023-07-09T17:03:04.609+0000] {dag.py:3423} INFO - Setting next_dagrun for tutorial to 2023-07-08T17:03:04.609454+00:00, run_after=2023-07-09T17:03:04.609454+00:00
[2023-07-09T17:03:04.639+0000] {processor.py:175} INFO - Processing /home/ubuntu/venv/lib/python3.10/site-packages/airflow/example_dags/tutorial.py took 0.231 seconds
[2023-07-09T17:03:35.418+0000] {processor.py:153} INFO - Started process (PID=10011) to work on /home/ubuntu/venv/lib/python3.10/site-packages/airflow/example_dags/tutorial.py
[2023-07-09T17:03:35.420+0000] {processor.py:743} INFO - Processing file /home/ubuntu/venv/lib/python3.10/site-packages/airflow/example_dags/tutorial.py for tasks to queue
[2023-07-09T17:03:35.421+0000] {logging_mixin.py:137} INFO - [2023-07-09T17:03:35.421+0000] {dagbag.py:538} INFO - Filling up the DagBag from /home/ubuntu/venv/lib/python3.10/site-packages/airflow/example_dags/tutorial.py
[2023-07-09T17:03:35.449+0000] {processor.py:753} INFO - DAG(s) dict_keys(['tutorial']) retrieved from /home/ubuntu/venv/lib/python3.10/site-packages/airflow/example_dags/tutorial.py
[2023-07-09T17:03:35.532+0000] {logging_mixin.py:137} INFO - [2023-07-09T17:03:35.532+0000] {dag.py:2676} INFO - Sync 1 DAGs
[2023-07-09T17:03:35.568+0000] {logging_mixin.py:137} INFO - [2023-07-09T17:03:35.568+0000] {dag.py:3423} INFO - Setting next_dagrun for tutorial to 2023-07-08T17:03:35.567831+00:00, run_after=2023-07-09T17:03:35.567831+00:00
[2023-07-09T17:03:35.592+0000] {processor.py:175} INFO - Processing /home/ubuntu/venv/lib/python3.10/site-packages/airflow/example_dags/tutorial.py took 0.181 seconds
[2023-07-09T17:04:06.259+0000] {processor.py:153} INFO - Started process (PID=10247) to work on /home/ubuntu/venv/lib/python3.10/site-packages/airflow/example_dags/tutorial.py
[2023-07-09T17:04:06.261+0000] {processor.py:743} INFO - Processing file /home/ubuntu/venv/lib/python3.10/site-packages/airflow/example_dags/tutorial.py for tasks to queue
[2023-07-09T17:04:06.264+0000] {logging_mixin.py:137} INFO - [2023-07-09T17:04:06.261+0000] {dagbag.py:538} INFO - Filling up the DagBag from /home/ubuntu/venv/lib/python3.10/site-packages/airflow/example_dags/tutorial.py
[2023-07-09T17:04:06.306+0000] {processor.py:753} INFO - DAG(s) dict_keys(['tutorial']) retrieved from /home/ubuntu/venv/lib/python3.10/site-packages/airflow/example_dags/tutorial.py
[2023-07-09T17:04:06.379+0000] {logging_mixin.py:137} INFO - [2023-07-09T17:04:06.378+0000] {dag.py:2676} INFO - Sync 1 DAGs
[2023-07-09T17:04:06.413+0000] {logging_mixin.py:137} INFO - [2023-07-09T17:04:06.413+0000] {dag.py:3423} INFO - Setting next_dagrun for tutorial to 2023-07-08T17:04:06.412836+00:00, run_after=2023-07-09T17:04:06.412836+00:00
[2023-07-09T17:04:06.440+0000] {processor.py:175} INFO - Processing /home/ubuntu/venv/lib/python3.10/site-packages/airflow/example_dags/tutorial.py took 0.191 seconds
[2023-07-09T17:04:36.709+0000] {processor.py:153} INFO - Started process (PID=10483) to work on /home/ubuntu/venv/lib/python3.10/site-packages/airflow/example_dags/tutorial.py
[2023-07-09T17:04:36.711+0000] {processor.py:743} INFO - Processing file /home/ubuntu/venv/lib/python3.10/site-packages/airflow/example_dags/tutorial.py for tasks to queue
[2023-07-09T17:04:36.712+0000] {logging_mixin.py:137} INFO - [2023-07-09T17:04:36.712+0000] {dagbag.py:538} INFO - Filling up the DagBag from /home/ubuntu/venv/lib/python3.10/site-packages/airflow/example_dags/tutorial.py
[2023-07-09T17:04:36.733+0000] {processor.py:753} INFO - DAG(s) dict_keys(['tutorial']) retrieved from /home/ubuntu/venv/lib/python3.10/site-packages/airflow/example_dags/tutorial.py
[2023-07-09T17:04:36.806+0000] {logging_mixin.py:137} INFO - [2023-07-09T17:04:36.806+0000] {dag.py:2676} INFO - Sync 1 DAGs
[2023-07-09T17:04:36.843+0000] {logging_mixin.py:137} INFO - [2023-07-09T17:04:36.843+0000] {dag.py:3423} INFO - Setting next_dagrun for tutorial to 2023-07-08T17:04:36.843165+00:00, run_after=2023-07-09T17:04:36.843165+00:00
[2023-07-09T17:04:37.091+0000] {processor.py:175} INFO - Processing /home/ubuntu/venv/lib/python3.10/site-packages/airflow/example_dags/tutorial.py took 0.386 seconds
[2023-07-09T17:05:56.427+0000] {processor.py:153} INFO - Started process (PID=10965) to work on /home/ubuntu/venv/lib/python3.10/site-packages/airflow/example_dags/tutorial.py
[2023-07-09T17:05:56.431+0000] {processor.py:743} INFO - Processing file /home/ubuntu/venv/lib/python3.10/site-packages/airflow/example_dags/tutorial.py for tasks to queue
[2023-07-09T17:05:56.432+0000] {logging_mixin.py:137} INFO - [2023-07-09T17:05:56.432+0000] {dagbag.py:538} INFO - Filling up the DagBag from /home/ubuntu/venv/lib/python3.10/site-packages/airflow/example_dags/tutorial.py
[2023-07-09T17:05:56.543+0000] {processor.py:753} INFO - DAG(s) dict_keys(['tutorial']) retrieved from /home/ubuntu/venv/lib/python3.10/site-packages/airflow/example_dags/tutorial.py
[2023-07-09T17:05:56.897+0000] {logging_mixin.py:137} INFO - [2023-07-09T17:05:56.896+0000] {dag.py:2676} INFO - Sync 1 DAGs
[2023-07-09T17:05:57.032+0000] {logging_mixin.py:137} INFO - [2023-07-09T17:05:57.032+0000] {dag.py:3423} INFO - Setting next_dagrun for tutorial to 2023-07-08T17:05:57.032005+00:00, run_after=2023-07-09T17:05:57.032005+00:00
[2023-07-09T17:05:57.187+0000] {processor.py:175} INFO - Processing /home/ubuntu/venv/lib/python3.10/site-packages/airflow/example_dags/tutorial.py took 0.765 seconds
[2023-07-09T17:06:28.085+0000] {processor.py:153} INFO - Started process (PID=11319) to work on /home/ubuntu/venv/lib/python3.10/site-packages/airflow/example_dags/tutorial.py
[2023-07-09T17:06:28.086+0000] {processor.py:743} INFO - Processing file /home/ubuntu/venv/lib/python3.10/site-packages/airflow/example_dags/tutorial.py for tasks to queue
[2023-07-09T17:06:28.087+0000] {logging_mixin.py:137} INFO - [2023-07-09T17:06:28.087+0000] {dagbag.py:538} INFO - Filling up the DagBag from /home/ubuntu/venv/lib/python3.10/site-packages/airflow/example_dags/tutorial.py
[2023-07-09T17:06:28.109+0000] {processor.py:753} INFO - DAG(s) dict_keys(['tutorial']) retrieved from /home/ubuntu/venv/lib/python3.10/site-packages/airflow/example_dags/tutorial.py
[2023-07-09T17:06:28.203+0000] {logging_mixin.py:137} INFO - [2023-07-09T17:06:28.202+0000] {dag.py:2676} INFO - Sync 1 DAGs
[2023-07-09T17:06:28.239+0000] {logging_mixin.py:137} INFO - [2023-07-09T17:06:28.239+0000] {dag.py:3423} INFO - Setting next_dagrun for tutorial to 2023-07-08T17:06:28.239271+00:00, run_after=2023-07-09T17:06:28.239271+00:00
[2023-07-09T17:06:28.268+0000] {processor.py:175} INFO - Processing /home/ubuntu/venv/lib/python3.10/site-packages/airflow/example_dags/tutorial.py took 0.190 seconds
[2023-07-09T17:07:25.452+0000] {processor.py:153} INFO - Started process (PID=11776) to work on /home/ubuntu/venv/lib/python3.10/site-packages/airflow/example_dags/tutorial.py
[2023-07-09T17:07:25.462+0000] {processor.py:743} INFO - Processing file /home/ubuntu/venv/lib/python3.10/site-packages/airflow/example_dags/tutorial.py for tasks to queue
[2023-07-09T17:07:25.464+0000] {logging_mixin.py:137} INFO - [2023-07-09T17:07:25.463+0000] {dagbag.py:538} INFO - Filling up the DagBag from /home/ubuntu/venv/lib/python3.10/site-packages/airflow/example_dags/tutorial.py
[2023-07-09T17:07:25.503+0000] {processor.py:753} INFO - DAG(s) dict_keys(['tutorial']) retrieved from /home/ubuntu/venv/lib/python3.10/site-packages/airflow/example_dags/tutorial.py
[2023-07-09T17:07:25.571+0000] {logging_mixin.py:137} INFO - [2023-07-09T17:07:25.571+0000] {dag.py:2676} INFO - Sync 1 DAGs
[2023-07-09T17:07:25.617+0000] {logging_mixin.py:137} INFO - [2023-07-09T17:07:25.617+0000] {dag.py:3423} INFO - Setting next_dagrun for tutorial to 2023-07-08T17:07:25.617240+00:00, run_after=2023-07-09T17:07:25.617240+00:00
[2023-07-09T17:07:25.647+0000] {processor.py:175} INFO - Processing /home/ubuntu/venv/lib/python3.10/site-packages/airflow/example_dags/tutorial.py took 0.200 seconds
[2023-07-09T17:07:56.123+0000] {processor.py:153} INFO - Started process (PID=12049) to work on /home/ubuntu/venv/lib/python3.10/site-packages/airflow/example_dags/tutorial.py
[2023-07-09T17:07:56.125+0000] {processor.py:743} INFO - Processing file /home/ubuntu/venv/lib/python3.10/site-packages/airflow/example_dags/tutorial.py for tasks to queue
[2023-07-09T17:07:56.126+0000] {logging_mixin.py:137} INFO - [2023-07-09T17:07:56.126+0000] {dagbag.py:538} INFO - Filling up the DagBag from /home/ubuntu/venv/lib/python3.10/site-packages/airflow/example_dags/tutorial.py
[2023-07-09T17:07:56.146+0000] {processor.py:753} INFO - DAG(s) dict_keys(['tutorial']) retrieved from /home/ubuntu/venv/lib/python3.10/site-packages/airflow/example_dags/tutorial.py
[2023-07-09T17:07:56.219+0000] {logging_mixin.py:137} INFO - [2023-07-09T17:07:56.219+0000] {dag.py:2676} INFO - Sync 1 DAGs
[2023-07-09T17:07:56.255+0000] {logging_mixin.py:137} INFO - [2023-07-09T17:07:56.255+0000] {dag.py:3423} INFO - Setting next_dagrun for tutorial to 2023-07-08T17:07:56.254666+00:00, run_after=2023-07-09T17:07:56.254666+00:00
[2023-07-09T17:07:56.279+0000] {processor.py:175} INFO - Processing /home/ubuntu/venv/lib/python3.10/site-packages/airflow/example_dags/tutorial.py took 0.160 seconds
[2023-07-09T17:08:27.152+0000] {processor.py:153} INFO - Started process (PID=12285) to work on /home/ubuntu/venv/lib/python3.10/site-packages/airflow/example_dags/tutorial.py
[2023-07-09T17:08:27.153+0000] {processor.py:743} INFO - Processing file /home/ubuntu/venv/lib/python3.10/site-packages/airflow/example_dags/tutorial.py for tasks to queue
[2023-07-09T17:08:27.154+0000] {logging_mixin.py:137} INFO - [2023-07-09T17:08:27.153+0000] {dagbag.py:538} INFO - Filling up the DagBag from /home/ubuntu/venv/lib/python3.10/site-packages/airflow/example_dags/tutorial.py
[2023-07-09T17:08:27.173+0000] {processor.py:753} INFO - DAG(s) dict_keys(['tutorial']) retrieved from /home/ubuntu/venv/lib/python3.10/site-packages/airflow/example_dags/tutorial.py
[2023-07-09T17:08:27.242+0000] {logging_mixin.py:137} INFO - [2023-07-09T17:08:27.242+0000] {dag.py:2676} INFO - Sync 1 DAGs
[2023-07-09T17:08:27.277+0000] {logging_mixin.py:137} INFO - [2023-07-09T17:08:27.277+0000] {dag.py:3423} INFO - Setting next_dagrun for tutorial to 2023-07-08T17:08:27.277131+00:00, run_after=2023-07-09T17:08:27.277131+00:00
[2023-07-09T17:08:27.302+0000] {processor.py:175} INFO - Processing /home/ubuntu/venv/lib/python3.10/site-packages/airflow/example_dags/tutorial.py took 0.154 seconds
[2023-07-09T17:09:05.331+0000] {processor.py:153} INFO - Started process (PID=12742) to work on /home/ubuntu/venv/lib/python3.10/site-packages/airflow/example_dags/tutorial.py
[2023-07-09T17:09:05.332+0000] {processor.py:743} INFO - Processing file /home/ubuntu/venv/lib/python3.10/site-packages/airflow/example_dags/tutorial.py for tasks to queue
[2023-07-09T17:09:05.333+0000] {logging_mixin.py:137} INFO - [2023-07-09T17:09:05.333+0000] {dagbag.py:538} INFO - Filling up the DagBag from /home/ubuntu/venv/lib/python3.10/site-packages/airflow/example_dags/tutorial.py
[2023-07-09T17:09:05.353+0000] {processor.py:753} INFO - DAG(s) dict_keys(['tutorial']) retrieved from /home/ubuntu/venv/lib/python3.10/site-packages/airflow/example_dags/tutorial.py
[2023-07-09T17:09:05.410+0000] {logging_mixin.py:137} INFO - [2023-07-09T17:09:05.410+0000] {dag.py:2676} INFO - Sync 1 DAGs
[2023-07-09T17:09:05.463+0000] {logging_mixin.py:137} INFO - [2023-07-09T17:09:05.462+0000] {dag.py:3423} INFO - Setting next_dagrun for tutorial to 2023-07-08T17:09:05.462689+00:00, run_after=2023-07-09T17:09:05.462689+00:00
[2023-07-09T17:09:05.484+0000] {processor.py:175} INFO - Processing /home/ubuntu/venv/lib/python3.10/site-packages/airflow/example_dags/tutorial.py took 0.156 seconds
[2023-07-09T17:09:35.735+0000] {processor.py:153} INFO - Started process (PID=13015) to work on /home/ubuntu/venv/lib/python3.10/site-packages/airflow/example_dags/tutorial.py
[2023-07-09T17:09:35.736+0000] {processor.py:743} INFO - Processing file /home/ubuntu/venv/lib/python3.10/site-packages/airflow/example_dags/tutorial.py for tasks to queue
[2023-07-09T17:09:35.737+0000] {logging_mixin.py:137} INFO - [2023-07-09T17:09:35.737+0000] {dagbag.py:538} INFO - Filling up the DagBag from /home/ubuntu/venv/lib/python3.10/site-packages/airflow/example_dags/tutorial.py
[2023-07-09T17:09:35.762+0000] {processor.py:753} INFO - DAG(s) dict_keys(['tutorial']) retrieved from /home/ubuntu/venv/lib/python3.10/site-packages/airflow/example_dags/tutorial.py
[2023-07-09T17:09:35.845+0000] {logging_mixin.py:137} INFO - [2023-07-09T17:09:35.844+0000] {dag.py:2676} INFO - Sync 1 DAGs
[2023-07-09T17:09:35.885+0000] {logging_mixin.py:137} INFO - [2023-07-09T17:09:35.885+0000] {dag.py:3423} INFO - Setting next_dagrun for tutorial to 2023-07-08T17:09:35.884778+00:00, run_after=2023-07-09T17:09:35.884778+00:00
[2023-07-09T17:09:35.910+0000] {processor.py:175} INFO - Processing /home/ubuntu/venv/lib/python3.10/site-packages/airflow/example_dags/tutorial.py took 0.180 seconds
[2023-07-09T17:10:06.067+0000] {processor.py:153} INFO - Started process (PID=13248) to work on /home/ubuntu/venv/lib/python3.10/site-packages/airflow/example_dags/tutorial.py
[2023-07-09T17:10:06.069+0000] {processor.py:743} INFO - Processing file /home/ubuntu/venv/lib/python3.10/site-packages/airflow/example_dags/tutorial.py for tasks to queue
[2023-07-09T17:10:06.069+0000] {logging_mixin.py:137} INFO - [2023-07-09T17:10:06.069+0000] {dagbag.py:538} INFO - Filling up the DagBag from /home/ubuntu/venv/lib/python3.10/site-packages/airflow/example_dags/tutorial.py
[2023-07-09T17:10:06.085+0000] {processor.py:753} INFO - DAG(s) dict_keys(['tutorial']) retrieved from /home/ubuntu/venv/lib/python3.10/site-packages/airflow/example_dags/tutorial.py
[2023-07-09T17:10:06.173+0000] {logging_mixin.py:137} INFO - [2023-07-09T17:10:06.173+0000] {dag.py:2676} INFO - Sync 1 DAGs
[2023-07-09T17:10:06.209+0000] {logging_mixin.py:137} INFO - [2023-07-09T17:10:06.209+0000] {dag.py:3423} INFO - Setting next_dagrun for tutorial to 2023-07-08T17:10:06.209300+00:00, run_after=2023-07-09T17:10:06.209300+00:00
[2023-07-09T17:10:06.251+0000] {processor.py:175} INFO - Processing /home/ubuntu/venv/lib/python3.10/site-packages/airflow/example_dags/tutorial.py took 0.188 seconds
