[2023-07-09T15:46:32.331+0000] {processor.py:153} INFO - Started process (PID=1263) to work on /home/ubuntu/venv/lib/python3.10/site-packages/airflow/example_dags/tutorial_dag.py
[2023-07-09T15:46:32.332+0000] {processor.py:743} INFO - Processing file /home/ubuntu/venv/lib/python3.10/site-packages/airflow/example_dags/tutorial_dag.py for tasks to queue
[2023-07-09T15:46:32.333+0000] {logging_mixin.py:137} INFO - [2023-07-09T15:46:32.332+0000] {dagbag.py:538} INFO - Filling up the DagBag from /home/ubuntu/venv/lib/python3.10/site-packages/airflow/example_dags/tutorial_dag.py
[2023-07-09T15:46:32.355+0000] {processor.py:753} INFO - DAG(s) dict_keys(['tutorial_dag']) retrieved from /home/ubuntu/venv/lib/python3.10/site-packages/airflow/example_dags/tutorial_dag.py
[2023-07-09T15:46:32.437+0000] {logging_mixin.py:137} INFO - [2023-07-09T15:46:32.437+0000] {dag.py:2676} INFO - Sync 1 DAGs
[2023-07-09T15:46:32.476+0000] {logging_mixin.py:137} INFO - [2023-07-09T15:46:32.476+0000] {dag.py:3423} INFO - Setting next_dagrun for tutorial_dag to None, run_after=None
[2023-07-09T15:46:32.527+0000] {processor.py:175} INFO - Processing /home/ubuntu/venv/lib/python3.10/site-packages/airflow/example_dags/tutorial_dag.py took 0.216 seconds
[2023-07-09T15:47:03.325+0000] {processor.py:153} INFO - Started process (PID=1508) to work on /home/ubuntu/venv/lib/python3.10/site-packages/airflow/example_dags/tutorial_dag.py
[2023-07-09T15:47:03.327+0000] {processor.py:743} INFO - Processing file /home/ubuntu/venv/lib/python3.10/site-packages/airflow/example_dags/tutorial_dag.py for tasks to queue
[2023-07-09T15:47:03.327+0000] {logging_mixin.py:137} INFO - [2023-07-09T15:47:03.327+0000] {dagbag.py:538} INFO - Filling up the DagBag from /home/ubuntu/venv/lib/python3.10/site-packages/airflow/example_dags/tutorial_dag.py
[2023-07-09T15:47:03.348+0000] {processor.py:753} INFO - DAG(s) dict_keys(['tutorial_dag']) retrieved from /home/ubuntu/venv/lib/python3.10/site-packages/airflow/example_dags/tutorial_dag.py
[2023-07-09T15:47:03.432+0000] {logging_mixin.py:137} INFO - [2023-07-09T15:47:03.432+0000] {dag.py:2676} INFO - Sync 1 DAGs
[2023-07-09T15:47:03.465+0000] {logging_mixin.py:137} INFO - [2023-07-09T15:47:03.465+0000] {dag.py:3423} INFO - Setting next_dagrun for tutorial_dag to None, run_after=None
[2023-07-09T15:47:03.498+0000] {processor.py:175} INFO - Processing /home/ubuntu/venv/lib/python3.10/site-packages/airflow/example_dags/tutorial_dag.py took 0.177 seconds
[2023-07-09T15:47:33.721+0000] {processor.py:153} INFO - Started process (PID=1751) to work on /home/ubuntu/venv/lib/python3.10/site-packages/airflow/example_dags/tutorial_dag.py
[2023-07-09T15:47:33.722+0000] {processor.py:743} INFO - Processing file /home/ubuntu/venv/lib/python3.10/site-packages/airflow/example_dags/tutorial_dag.py for tasks to queue
[2023-07-09T15:47:33.723+0000] {logging_mixin.py:137} INFO - [2023-07-09T15:47:33.722+0000] {dagbag.py:538} INFO - Filling up the DagBag from /home/ubuntu/venv/lib/python3.10/site-packages/airflow/example_dags/tutorial_dag.py
[2023-07-09T15:47:33.741+0000] {processor.py:753} INFO - DAG(s) dict_keys(['tutorial_dag']) retrieved from /home/ubuntu/venv/lib/python3.10/site-packages/airflow/example_dags/tutorial_dag.py
[2023-07-09T15:47:33.804+0000] {logging_mixin.py:137} INFO - [2023-07-09T15:47:33.803+0000] {dag.py:2676} INFO - Sync 1 DAGs
[2023-07-09T15:47:33.837+0000] {logging_mixin.py:137} INFO - [2023-07-09T15:47:33.836+0000] {dag.py:3423} INFO - Setting next_dagrun for tutorial_dag to None, run_after=None
[2023-07-09T15:47:33.858+0000] {processor.py:175} INFO - Processing /home/ubuntu/venv/lib/python3.10/site-packages/airflow/example_dags/tutorial_dag.py took 0.142 seconds
[2023-07-09T15:49:51.442+0000] {processor.py:153} INFO - Started process (PID=2089) to work on /home/ubuntu/venv/lib/python3.10/site-packages/airflow/example_dags/tutorial_dag.py
[2023-07-09T15:49:51.451+0000] {processor.py:743} INFO - Processing file /home/ubuntu/venv/lib/python3.10/site-packages/airflow/example_dags/tutorial_dag.py for tasks to queue
[2023-07-09T15:49:51.452+0000] {logging_mixin.py:137} INFO - [2023-07-09T15:49:51.452+0000] {dagbag.py:538} INFO - Filling up the DagBag from /home/ubuntu/venv/lib/python3.10/site-packages/airflow/example_dags/tutorial_dag.py
[2023-07-09T15:49:51.473+0000] {processor.py:753} INFO - DAG(s) dict_keys(['tutorial_dag']) retrieved from /home/ubuntu/venv/lib/python3.10/site-packages/airflow/example_dags/tutorial_dag.py
[2023-07-09T15:49:51.547+0000] {logging_mixin.py:137} INFO - [2023-07-09T15:49:51.547+0000] {dag.py:2676} INFO - Sync 1 DAGs
[2023-07-09T15:49:51.583+0000] {logging_mixin.py:137} INFO - [2023-07-09T15:49:51.583+0000] {dag.py:3423} INFO - Setting next_dagrun for tutorial_dag to None, run_after=None
[2023-07-09T15:49:51.607+0000] {processor.py:175} INFO - Processing /home/ubuntu/venv/lib/python3.10/site-packages/airflow/example_dags/tutorial_dag.py took 0.174 seconds
[2023-07-09T15:50:22.523+0000] {processor.py:153} INFO - Started process (PID=2325) to work on /home/ubuntu/venv/lib/python3.10/site-packages/airflow/example_dags/tutorial_dag.py
[2023-07-09T15:50:22.524+0000] {processor.py:743} INFO - Processing file /home/ubuntu/venv/lib/python3.10/site-packages/airflow/example_dags/tutorial_dag.py for tasks to queue
[2023-07-09T15:50:22.525+0000] {logging_mixin.py:137} INFO - [2023-07-09T15:50:22.524+0000] {dagbag.py:538} INFO - Filling up the DagBag from /home/ubuntu/venv/lib/python3.10/site-packages/airflow/example_dags/tutorial_dag.py
[2023-07-09T15:50:22.544+0000] {processor.py:753} INFO - DAG(s) dict_keys(['tutorial_dag']) retrieved from /home/ubuntu/venv/lib/python3.10/site-packages/airflow/example_dags/tutorial_dag.py
[2023-07-09T15:50:22.611+0000] {logging_mixin.py:137} INFO - [2023-07-09T15:50:22.611+0000] {dag.py:2676} INFO - Sync 1 DAGs
[2023-07-09T15:50:22.645+0000] {logging_mixin.py:137} INFO - [2023-07-09T15:50:22.644+0000] {dag.py:3423} INFO - Setting next_dagrun for tutorial_dag to None, run_after=None
[2023-07-09T15:50:22.669+0000] {processor.py:175} INFO - Processing /home/ubuntu/venv/lib/python3.10/site-packages/airflow/example_dags/tutorial_dag.py took 0.150 seconds
[2023-07-09T16:47:14.630+0000] {processor.py:153} INFO - Started process (PID=3387) to work on /home/ubuntu/venv/lib/python3.10/site-packages/airflow/example_dags/tutorial_dag.py
[2023-07-09T16:47:14.631+0000] {processor.py:743} INFO - Processing file /home/ubuntu/venv/lib/python3.10/site-packages/airflow/example_dags/tutorial_dag.py for tasks to queue
[2023-07-09T16:47:14.632+0000] {logging_mixin.py:137} INFO - [2023-07-09T16:47:14.632+0000] {dagbag.py:538} INFO - Filling up the DagBag from /home/ubuntu/venv/lib/python3.10/site-packages/airflow/example_dags/tutorial_dag.py
[2023-07-09T16:47:14.652+0000] {processor.py:753} INFO - DAG(s) dict_keys(['tutorial_dag']) retrieved from /home/ubuntu/venv/lib/python3.10/site-packages/airflow/example_dags/tutorial_dag.py
[2023-07-09T16:47:14.718+0000] {logging_mixin.py:137} INFO - [2023-07-09T16:47:14.718+0000] {dag.py:2676} INFO - Sync 1 DAGs
[2023-07-09T16:47:14.751+0000] {logging_mixin.py:137} INFO - [2023-07-09T16:47:14.751+0000] {dag.py:3423} INFO - Setting next_dagrun for tutorial_dag to None, run_after=None
[2023-07-09T16:47:14.775+0000] {processor.py:175} INFO - Processing /home/ubuntu/venv/lib/python3.10/site-packages/airflow/example_dags/tutorial_dag.py took 0.150 seconds
[2023-07-09T16:47:44.913+0000] {processor.py:153} INFO - Started process (PID=3752) to work on /home/ubuntu/venv/lib/python3.10/site-packages/airflow/example_dags/tutorial_dag.py
[2023-07-09T16:47:44.914+0000] {processor.py:743} INFO - Processing file /home/ubuntu/venv/lib/python3.10/site-packages/airflow/example_dags/tutorial_dag.py for tasks to queue
[2023-07-09T16:47:44.915+0000] {logging_mixin.py:137} INFO - [2023-07-09T16:47:44.915+0000] {dagbag.py:538} INFO - Filling up the DagBag from /home/ubuntu/venv/lib/python3.10/site-packages/airflow/example_dags/tutorial_dag.py
[2023-07-09T16:47:44.934+0000] {processor.py:753} INFO - DAG(s) dict_keys(['tutorial_dag']) retrieved from /home/ubuntu/venv/lib/python3.10/site-packages/airflow/example_dags/tutorial_dag.py
[2023-07-09T16:47:45.002+0000] {logging_mixin.py:137} INFO - [2023-07-09T16:47:45.002+0000] {dag.py:2676} INFO - Sync 1 DAGs
[2023-07-09T16:47:45.027+0000] {logging_mixin.py:137} INFO - [2023-07-09T16:47:45.027+0000] {dag.py:3423} INFO - Setting next_dagrun for tutorial_dag to None, run_after=None
[2023-07-09T16:47:45.045+0000] {processor.py:175} INFO - Processing /home/ubuntu/venv/lib/python3.10/site-packages/airflow/example_dags/tutorial_dag.py took 0.137 seconds
[2023-07-09T16:48:15.605+0000] {processor.py:153} INFO - Started process (PID=3985) to work on /home/ubuntu/venv/lib/python3.10/site-packages/airflow/example_dags/tutorial_dag.py
[2023-07-09T16:48:15.607+0000] {processor.py:743} INFO - Processing file /home/ubuntu/venv/lib/python3.10/site-packages/airflow/example_dags/tutorial_dag.py for tasks to queue
[2023-07-09T16:48:15.608+0000] {logging_mixin.py:137} INFO - [2023-07-09T16:48:15.607+0000] {dagbag.py:538} INFO - Filling up the DagBag from /home/ubuntu/venv/lib/python3.10/site-packages/airflow/example_dags/tutorial_dag.py
[2023-07-09T16:48:15.629+0000] {processor.py:753} INFO - DAG(s) dict_keys(['tutorial_dag']) retrieved from /home/ubuntu/venv/lib/python3.10/site-packages/airflow/example_dags/tutorial_dag.py
[2023-07-09T16:48:15.696+0000] {logging_mixin.py:137} INFO - [2023-07-09T16:48:15.696+0000] {dag.py:2676} INFO - Sync 1 DAGs
[2023-07-09T16:48:15.730+0000] {logging_mixin.py:137} INFO - [2023-07-09T16:48:15.730+0000] {dag.py:3423} INFO - Setting next_dagrun for tutorial_dag to None, run_after=None
[2023-07-09T16:48:15.746+0000] {processor.py:175} INFO - Processing /home/ubuntu/venv/lib/python3.10/site-packages/airflow/example_dags/tutorial_dag.py took 0.146 seconds
[2023-07-09T16:48:46.357+0000] {processor.py:153} INFO - Started process (PID=4221) to work on /home/ubuntu/venv/lib/python3.10/site-packages/airflow/example_dags/tutorial_dag.py
[2023-07-09T16:48:46.358+0000] {processor.py:743} INFO - Processing file /home/ubuntu/venv/lib/python3.10/site-packages/airflow/example_dags/tutorial_dag.py for tasks to queue
[2023-07-09T16:48:46.359+0000] {logging_mixin.py:137} INFO - [2023-07-09T16:48:46.358+0000] {dagbag.py:538} INFO - Filling up the DagBag from /home/ubuntu/venv/lib/python3.10/site-packages/airflow/example_dags/tutorial_dag.py
[2023-07-09T16:48:46.377+0000] {processor.py:753} INFO - DAG(s) dict_keys(['tutorial_dag']) retrieved from /home/ubuntu/venv/lib/python3.10/site-packages/airflow/example_dags/tutorial_dag.py
[2023-07-09T16:48:46.440+0000] {logging_mixin.py:137} INFO - [2023-07-09T16:48:46.440+0000] {dag.py:2676} INFO - Sync 1 DAGs
[2023-07-09T16:48:46.469+0000] {logging_mixin.py:137} INFO - [2023-07-09T16:48:46.469+0000] {dag.py:3423} INFO - Setting next_dagrun for tutorial_dag to None, run_after=None
[2023-07-09T16:48:46.488+0000] {processor.py:175} INFO - Processing /home/ubuntu/venv/lib/python3.10/site-packages/airflow/example_dags/tutorial_dag.py took 0.135 seconds
[2023-07-09T16:49:17.508+0000] {processor.py:153} INFO - Started process (PID=4456) to work on /home/ubuntu/venv/lib/python3.10/site-packages/airflow/example_dags/tutorial_dag.py
[2023-07-09T16:49:17.510+0000] {processor.py:743} INFO - Processing file /home/ubuntu/venv/lib/python3.10/site-packages/airflow/example_dags/tutorial_dag.py for tasks to queue
[2023-07-09T16:49:17.510+0000] {logging_mixin.py:137} INFO - [2023-07-09T16:49:17.510+0000] {dagbag.py:538} INFO - Filling up the DagBag from /home/ubuntu/venv/lib/python3.10/site-packages/airflow/example_dags/tutorial_dag.py
[2023-07-09T16:49:17.533+0000] {processor.py:753} INFO - DAG(s) dict_keys(['tutorial_dag']) retrieved from /home/ubuntu/venv/lib/python3.10/site-packages/airflow/example_dags/tutorial_dag.py
[2023-07-09T16:49:17.604+0000] {logging_mixin.py:137} INFO - [2023-07-09T16:49:17.604+0000] {dag.py:2676} INFO - Sync 1 DAGs
[2023-07-09T16:49:17.637+0000] {logging_mixin.py:137} INFO - [2023-07-09T16:49:17.637+0000] {dag.py:3423} INFO - Setting next_dagrun for tutorial_dag to None, run_after=None
[2023-07-09T16:49:17.655+0000] {processor.py:175} INFO - Processing /home/ubuntu/venv/lib/python3.10/site-packages/airflow/example_dags/tutorial_dag.py took 0.151 seconds
[2023-07-09T16:49:47.953+0000] {processor.py:153} INFO - Started process (PID=4697) to work on /home/ubuntu/venv/lib/python3.10/site-packages/airflow/example_dags/tutorial_dag.py
[2023-07-09T16:49:47.955+0000] {processor.py:743} INFO - Processing file /home/ubuntu/venv/lib/python3.10/site-packages/airflow/example_dags/tutorial_dag.py for tasks to queue
[2023-07-09T16:49:47.956+0000] {logging_mixin.py:137} INFO - [2023-07-09T16:49:47.955+0000] {dagbag.py:538} INFO - Filling up the DagBag from /home/ubuntu/venv/lib/python3.10/site-packages/airflow/example_dags/tutorial_dag.py
[2023-07-09T16:49:47.972+0000] {processor.py:753} INFO - DAG(s) dict_keys(['tutorial_dag']) retrieved from /home/ubuntu/venv/lib/python3.10/site-packages/airflow/example_dags/tutorial_dag.py
[2023-07-09T16:49:48.034+0000] {logging_mixin.py:137} INFO - [2023-07-09T16:49:48.034+0000] {dag.py:2676} INFO - Sync 1 DAGs
[2023-07-09T16:49:48.060+0000] {logging_mixin.py:137} INFO - [2023-07-09T16:49:48.060+0000] {dag.py:3423} INFO - Setting next_dagrun for tutorial_dag to None, run_after=None
[2023-07-09T16:49:48.081+0000] {processor.py:175} INFO - Processing /home/ubuntu/venv/lib/python3.10/site-packages/airflow/example_dags/tutorial_dag.py took 0.133 seconds
[2023-07-09T16:50:18.538+0000] {processor.py:153} INFO - Started process (PID=4928) to work on /home/ubuntu/venv/lib/python3.10/site-packages/airflow/example_dags/tutorial_dag.py
[2023-07-09T16:50:18.540+0000] {processor.py:743} INFO - Processing file /home/ubuntu/venv/lib/python3.10/site-packages/airflow/example_dags/tutorial_dag.py for tasks to queue
[2023-07-09T16:50:18.541+0000] {logging_mixin.py:137} INFO - [2023-07-09T16:50:18.540+0000] {dagbag.py:538} INFO - Filling up the DagBag from /home/ubuntu/venv/lib/python3.10/site-packages/airflow/example_dags/tutorial_dag.py
[2023-07-09T16:50:18.563+0000] {processor.py:753} INFO - DAG(s) dict_keys(['tutorial_dag']) retrieved from /home/ubuntu/venv/lib/python3.10/site-packages/airflow/example_dags/tutorial_dag.py
[2023-07-09T16:50:18.632+0000] {logging_mixin.py:137} INFO - [2023-07-09T16:50:18.632+0000] {dag.py:2676} INFO - Sync 1 DAGs
[2023-07-09T16:50:18.663+0000] {logging_mixin.py:137} INFO - [2023-07-09T16:50:18.663+0000] {dag.py:3423} INFO - Setting next_dagrun for tutorial_dag to None, run_after=None
[2023-07-09T16:50:18.681+0000] {processor.py:175} INFO - Processing /home/ubuntu/venv/lib/python3.10/site-packages/airflow/example_dags/tutorial_dag.py took 0.147 seconds
[2023-07-09T16:50:49.312+0000] {processor.py:153} INFO - Started process (PID=5163) to work on /home/ubuntu/venv/lib/python3.10/site-packages/airflow/example_dags/tutorial_dag.py
[2023-07-09T16:50:49.314+0000] {processor.py:743} INFO - Processing file /home/ubuntu/venv/lib/python3.10/site-packages/airflow/example_dags/tutorial_dag.py for tasks to queue
[2023-07-09T16:50:49.315+0000] {logging_mixin.py:137} INFO - [2023-07-09T16:50:49.314+0000] {dagbag.py:538} INFO - Filling up the DagBag from /home/ubuntu/venv/lib/python3.10/site-packages/airflow/example_dags/tutorial_dag.py
[2023-07-09T16:50:49.332+0000] {processor.py:753} INFO - DAG(s) dict_keys(['tutorial_dag']) retrieved from /home/ubuntu/venv/lib/python3.10/site-packages/airflow/example_dags/tutorial_dag.py
[2023-07-09T16:50:49.399+0000] {logging_mixin.py:137} INFO - [2023-07-09T16:50:49.399+0000] {dag.py:2676} INFO - Sync 1 DAGs
[2023-07-09T16:50:49.429+0000] {logging_mixin.py:137} INFO - [2023-07-09T16:50:49.428+0000] {dag.py:3423} INFO - Setting next_dagrun for tutorial_dag to None, run_after=None
[2023-07-09T16:50:49.447+0000] {processor.py:175} INFO - Processing /home/ubuntu/venv/lib/python3.10/site-packages/airflow/example_dags/tutorial_dag.py took 0.140 seconds
[2023-07-09T16:54:50.431+0000] {processor.py:153} INFO - Started process (PID=5649) to work on /home/ubuntu/venv/lib/python3.10/site-packages/airflow/example_dags/tutorial_dag.py
[2023-07-09T16:54:50.448+0000] {processor.py:743} INFO - Processing file /home/ubuntu/venv/lib/python3.10/site-packages/airflow/example_dags/tutorial_dag.py for tasks to queue
[2023-07-09T16:54:50.449+0000] {logging_mixin.py:137} INFO - [2023-07-09T16:54:50.449+0000] {dagbag.py:538} INFO - Filling up the DagBag from /home/ubuntu/venv/lib/python3.10/site-packages/airflow/example_dags/tutorial_dag.py
[2023-07-09T16:54:50.500+0000] {processor.py:753} INFO - DAG(s) dict_keys(['tutorial_dag']) retrieved from /home/ubuntu/venv/lib/python3.10/site-packages/airflow/example_dags/tutorial_dag.py
[2023-07-09T16:54:50.676+0000] {logging_mixin.py:137} INFO - [2023-07-09T16:54:50.675+0000] {dag.py:2676} INFO - Sync 1 DAGs
[2023-07-09T16:54:50.768+0000] {logging_mixin.py:137} INFO - [2023-07-09T16:54:50.768+0000] {dag.py:3423} INFO - Setting next_dagrun for tutorial_dag to None, run_after=None
[2023-07-09T16:54:50.832+0000] {processor.py:175} INFO - Processing /home/ubuntu/venv/lib/python3.10/site-packages/airflow/example_dags/tutorial_dag.py took 0.406 seconds
[2023-07-09T16:55:21.775+0000] {processor.py:153} INFO - Started process (PID=5965) to work on /home/ubuntu/venv/lib/python3.10/site-packages/airflow/example_dags/tutorial_dag.py
[2023-07-09T16:55:21.776+0000] {processor.py:743} INFO - Processing file /home/ubuntu/venv/lib/python3.10/site-packages/airflow/example_dags/tutorial_dag.py for tasks to queue
[2023-07-09T16:55:21.777+0000] {logging_mixin.py:137} INFO - [2023-07-09T16:55:21.777+0000] {dagbag.py:538} INFO - Filling up the DagBag from /home/ubuntu/venv/lib/python3.10/site-packages/airflow/example_dags/tutorial_dag.py
[2023-07-09T16:55:21.811+0000] {processor.py:753} INFO - DAG(s) dict_keys(['tutorial_dag']) retrieved from /home/ubuntu/venv/lib/python3.10/site-packages/airflow/example_dags/tutorial_dag.py
[2023-07-09T16:55:21.882+0000] {logging_mixin.py:137} INFO - [2023-07-09T16:55:21.882+0000] {dag.py:2676} INFO - Sync 1 DAGs
[2023-07-09T16:55:21.918+0000] {logging_mixin.py:137} INFO - [2023-07-09T16:55:21.917+0000] {dag.py:3423} INFO - Setting next_dagrun for tutorial_dag to None, run_after=None
[2023-07-09T16:55:21.943+0000] {processor.py:175} INFO - Processing /home/ubuntu/venv/lib/python3.10/site-packages/airflow/example_dags/tutorial_dag.py took 0.173 seconds
[2023-07-09T16:55:52.070+0000] {processor.py:153} INFO - Started process (PID=6198) to work on /home/ubuntu/venv/lib/python3.10/site-packages/airflow/example_dags/tutorial_dag.py
[2023-07-09T16:55:52.072+0000] {processor.py:743} INFO - Processing file /home/ubuntu/venv/lib/python3.10/site-packages/airflow/example_dags/tutorial_dag.py for tasks to queue
[2023-07-09T16:55:52.072+0000] {logging_mixin.py:137} INFO - [2023-07-09T16:55:52.072+0000] {dagbag.py:538} INFO - Filling up the DagBag from /home/ubuntu/venv/lib/python3.10/site-packages/airflow/example_dags/tutorial_dag.py
[2023-07-09T16:55:52.093+0000] {processor.py:753} INFO - DAG(s) dict_keys(['tutorial_dag']) retrieved from /home/ubuntu/venv/lib/python3.10/site-packages/airflow/example_dags/tutorial_dag.py
[2023-07-09T16:55:52.144+0000] {logging_mixin.py:137} INFO - [2023-07-09T16:55:52.144+0000] {dag.py:2676} INFO - Sync 1 DAGs
[2023-07-09T16:55:52.169+0000] {logging_mixin.py:137} INFO - [2023-07-09T16:55:52.168+0000] {dag.py:3423} INFO - Setting next_dagrun for tutorial_dag to None, run_after=None
[2023-07-09T16:55:52.186+0000] {processor.py:175} INFO - Processing /home/ubuntu/venv/lib/python3.10/site-packages/airflow/example_dags/tutorial_dag.py took 0.119 seconds
[2023-07-09T16:56:22.352+0000] {processor.py:153} INFO - Started process (PID=6433) to work on /home/ubuntu/venv/lib/python3.10/site-packages/airflow/example_dags/tutorial_dag.py
[2023-07-09T16:56:22.353+0000] {processor.py:743} INFO - Processing file /home/ubuntu/venv/lib/python3.10/site-packages/airflow/example_dags/tutorial_dag.py for tasks to queue
[2023-07-09T16:56:22.354+0000] {logging_mixin.py:137} INFO - [2023-07-09T16:56:22.354+0000] {dagbag.py:538} INFO - Filling up the DagBag from /home/ubuntu/venv/lib/python3.10/site-packages/airflow/example_dags/tutorial_dag.py
[2023-07-09T16:56:22.391+0000] {processor.py:753} INFO - DAG(s) dict_keys(['tutorial_dag']) retrieved from /home/ubuntu/venv/lib/python3.10/site-packages/airflow/example_dags/tutorial_dag.py
[2023-07-09T16:56:22.474+0000] {logging_mixin.py:137} INFO - [2023-07-09T16:56:22.473+0000] {dag.py:2676} INFO - Sync 1 DAGs
[2023-07-09T16:56:22.505+0000] {logging_mixin.py:137} INFO - [2023-07-09T16:56:22.505+0000] {dag.py:3423} INFO - Setting next_dagrun for tutorial_dag to None, run_after=None
[2023-07-09T16:56:22.529+0000] {processor.py:175} INFO - Processing /home/ubuntu/venv/lib/python3.10/site-packages/airflow/example_dags/tutorial_dag.py took 0.183 seconds
[2023-07-09T16:56:52.866+0000] {processor.py:153} INFO - Started process (PID=6690) to work on /home/ubuntu/venv/lib/python3.10/site-packages/airflow/example_dags/tutorial_dag.py
[2023-07-09T16:56:52.868+0000] {processor.py:743} INFO - Processing file /home/ubuntu/venv/lib/python3.10/site-packages/airflow/example_dags/tutorial_dag.py for tasks to queue
[2023-07-09T16:56:52.868+0000] {logging_mixin.py:137} INFO - [2023-07-09T16:56:52.868+0000] {dagbag.py:538} INFO - Filling up the DagBag from /home/ubuntu/venv/lib/python3.10/site-packages/airflow/example_dags/tutorial_dag.py
[2023-07-09T16:56:52.889+0000] {processor.py:753} INFO - DAG(s) dict_keys(['tutorial_dag']) retrieved from /home/ubuntu/venv/lib/python3.10/site-packages/airflow/example_dags/tutorial_dag.py
[2023-07-09T16:56:52.972+0000] {logging_mixin.py:137} INFO - [2023-07-09T16:56:52.972+0000] {dag.py:2676} INFO - Sync 1 DAGs
[2023-07-09T16:56:53.008+0000] {logging_mixin.py:137} INFO - [2023-07-09T16:56:53.007+0000] {dag.py:3423} INFO - Setting next_dagrun for tutorial_dag to None, run_after=None
[2023-07-09T16:56:53.027+0000] {processor.py:175} INFO - Processing /home/ubuntu/venv/lib/python3.10/site-packages/airflow/example_dags/tutorial_dag.py took 0.165 seconds
[2023-07-09T16:57:23.955+0000] {processor.py:153} INFO - Started process (PID=6925) to work on /home/ubuntu/venv/lib/python3.10/site-packages/airflow/example_dags/tutorial_dag.py
[2023-07-09T16:57:23.959+0000] {processor.py:743} INFO - Processing file /home/ubuntu/venv/lib/python3.10/site-packages/airflow/example_dags/tutorial_dag.py for tasks to queue
[2023-07-09T16:57:23.960+0000] {logging_mixin.py:137} INFO - [2023-07-09T16:57:23.960+0000] {dagbag.py:538} INFO - Filling up the DagBag from /home/ubuntu/venv/lib/python3.10/site-packages/airflow/example_dags/tutorial_dag.py
[2023-07-09T16:57:23.980+0000] {processor.py:753} INFO - DAG(s) dict_keys(['tutorial_dag']) retrieved from /home/ubuntu/venv/lib/python3.10/site-packages/airflow/example_dags/tutorial_dag.py
[2023-07-09T16:57:24.061+0000] {logging_mixin.py:137} INFO - [2023-07-09T16:57:24.061+0000] {dag.py:2676} INFO - Sync 1 DAGs
[2023-07-09T16:57:24.085+0000] {logging_mixin.py:137} INFO - [2023-07-09T16:57:24.085+0000] {dag.py:3423} INFO - Setting next_dagrun for tutorial_dag to None, run_after=None
[2023-07-09T16:57:24.102+0000] {processor.py:175} INFO - Processing /home/ubuntu/venv/lib/python3.10/site-packages/airflow/example_dags/tutorial_dag.py took 0.152 seconds
[2023-07-09T16:57:54.250+0000] {processor.py:153} INFO - Started process (PID=7161) to work on /home/ubuntu/venv/lib/python3.10/site-packages/airflow/example_dags/tutorial_dag.py
[2023-07-09T16:57:54.255+0000] {processor.py:743} INFO - Processing file /home/ubuntu/venv/lib/python3.10/site-packages/airflow/example_dags/tutorial_dag.py for tasks to queue
[2023-07-09T16:57:54.256+0000] {logging_mixin.py:137} INFO - [2023-07-09T16:57:54.256+0000] {dagbag.py:538} INFO - Filling up the DagBag from /home/ubuntu/venv/lib/python3.10/site-packages/airflow/example_dags/tutorial_dag.py
[2023-07-09T16:57:54.278+0000] {processor.py:753} INFO - DAG(s) dict_keys(['tutorial_dag']) retrieved from /home/ubuntu/venv/lib/python3.10/site-packages/airflow/example_dags/tutorial_dag.py
[2023-07-09T16:57:54.367+0000] {logging_mixin.py:137} INFO - [2023-07-09T16:57:54.367+0000] {dag.py:2676} INFO - Sync 1 DAGs
[2023-07-09T16:57:54.390+0000] {logging_mixin.py:137} INFO - [2023-07-09T16:57:54.390+0000] {dag.py:3423} INFO - Setting next_dagrun for tutorial_dag to None, run_after=None
[2023-07-09T16:57:54.408+0000] {processor.py:175} INFO - Processing /home/ubuntu/venv/lib/python3.10/site-packages/airflow/example_dags/tutorial_dag.py took 0.163 seconds
[2023-07-09T16:58:25.179+0000] {processor.py:153} INFO - Started process (PID=7396) to work on /home/ubuntu/venv/lib/python3.10/site-packages/airflow/example_dags/tutorial_dag.py
[2023-07-09T16:58:25.180+0000] {processor.py:743} INFO - Processing file /home/ubuntu/venv/lib/python3.10/site-packages/airflow/example_dags/tutorial_dag.py for tasks to queue
[2023-07-09T16:58:25.181+0000] {logging_mixin.py:137} INFO - [2023-07-09T16:58:25.181+0000] {dagbag.py:538} INFO - Filling up the DagBag from /home/ubuntu/venv/lib/python3.10/site-packages/airflow/example_dags/tutorial_dag.py
[2023-07-09T16:58:25.209+0000] {processor.py:753} INFO - DAG(s) dict_keys(['tutorial_dag']) retrieved from /home/ubuntu/venv/lib/python3.10/site-packages/airflow/example_dags/tutorial_dag.py
[2023-07-09T16:58:25.295+0000] {logging_mixin.py:137} INFO - [2023-07-09T16:58:25.295+0000] {dag.py:2676} INFO - Sync 1 DAGs
[2023-07-09T16:58:25.322+0000] {logging_mixin.py:137} INFO - [2023-07-09T16:58:25.322+0000] {dag.py:3423} INFO - Setting next_dagrun for tutorial_dag to None, run_after=None
[2023-07-09T16:58:25.341+0000] {processor.py:175} INFO - Processing /home/ubuntu/venv/lib/python3.10/site-packages/airflow/example_dags/tutorial_dag.py took 0.167 seconds
[2023-07-09T16:58:55.419+0000] {processor.py:153} INFO - Started process (PID=7632) to work on /home/ubuntu/venv/lib/python3.10/site-packages/airflow/example_dags/tutorial_dag.py
[2023-07-09T16:58:55.420+0000] {processor.py:743} INFO - Processing file /home/ubuntu/venv/lib/python3.10/site-packages/airflow/example_dags/tutorial_dag.py for tasks to queue
[2023-07-09T16:58:55.421+0000] {logging_mixin.py:137} INFO - [2023-07-09T16:58:55.421+0000] {dagbag.py:538} INFO - Filling up the DagBag from /home/ubuntu/venv/lib/python3.10/site-packages/airflow/example_dags/tutorial_dag.py
[2023-07-09T16:58:55.441+0000] {processor.py:753} INFO - DAG(s) dict_keys(['tutorial_dag']) retrieved from /home/ubuntu/venv/lib/python3.10/site-packages/airflow/example_dags/tutorial_dag.py
[2023-07-09T16:58:55.513+0000] {logging_mixin.py:137} INFO - [2023-07-09T16:58:55.513+0000] {dag.py:2676} INFO - Sync 1 DAGs
[2023-07-09T16:58:55.541+0000] {logging_mixin.py:137} INFO - [2023-07-09T16:58:55.541+0000] {dag.py:3423} INFO - Setting next_dagrun for tutorial_dag to None, run_after=None
[2023-07-09T16:58:55.563+0000] {processor.py:175} INFO - Processing /home/ubuntu/venv/lib/python3.10/site-packages/airflow/example_dags/tutorial_dag.py took 0.149 seconds
[2023-07-09T16:59:25.810+0000] {processor.py:153} INFO - Started process (PID=7867) to work on /home/ubuntu/venv/lib/python3.10/site-packages/airflow/example_dags/tutorial_dag.py
[2023-07-09T16:59:25.812+0000] {processor.py:743} INFO - Processing file /home/ubuntu/venv/lib/python3.10/site-packages/airflow/example_dags/tutorial_dag.py for tasks to queue
[2023-07-09T16:59:25.814+0000] {logging_mixin.py:137} INFO - [2023-07-09T16:59:25.813+0000] {dagbag.py:538} INFO - Filling up the DagBag from /home/ubuntu/venv/lib/python3.10/site-packages/airflow/example_dags/tutorial_dag.py
[2023-07-09T16:59:25.833+0000] {processor.py:753} INFO - DAG(s) dict_keys(['tutorial_dag']) retrieved from /home/ubuntu/venv/lib/python3.10/site-packages/airflow/example_dags/tutorial_dag.py
[2023-07-09T16:59:25.907+0000] {logging_mixin.py:137} INFO - [2023-07-09T16:59:25.907+0000] {dag.py:2676} INFO - Sync 1 DAGs
[2023-07-09T16:59:26.105+0000] {logging_mixin.py:137} INFO - [2023-07-09T16:59:26.105+0000] {dag.py:3423} INFO - Setting next_dagrun for tutorial_dag to None, run_after=None
[2023-07-09T16:59:26.130+0000] {processor.py:175} INFO - Processing /home/ubuntu/venv/lib/python3.10/site-packages/airflow/example_dags/tutorial_dag.py took 0.325 seconds
[2023-07-09T16:59:57.780+0000] {processor.py:153} INFO - Started process (PID=8162) to work on /home/ubuntu/venv/lib/python3.10/site-packages/airflow/example_dags/tutorial_dag.py
[2023-07-09T16:59:57.798+0000] {processor.py:743} INFO - Processing file /home/ubuntu/venv/lib/python3.10/site-packages/airflow/example_dags/tutorial_dag.py for tasks to queue
[2023-07-09T16:59:57.804+0000] {logging_mixin.py:137} INFO - [2023-07-09T16:59:57.803+0000] {dagbag.py:538} INFO - Filling up the DagBag from /home/ubuntu/venv/lib/python3.10/site-packages/airflow/example_dags/tutorial_dag.py
[2023-07-09T16:59:57.844+0000] {processor.py:753} INFO - DAG(s) dict_keys(['tutorial_dag']) retrieved from /home/ubuntu/venv/lib/python3.10/site-packages/airflow/example_dags/tutorial_dag.py
[2023-07-09T16:59:57.955+0000] {logging_mixin.py:137} INFO - [2023-07-09T16:59:57.954+0000] {dag.py:2676} INFO - Sync 1 DAGs
[2023-07-09T16:59:58.205+0000] {logging_mixin.py:137} INFO - [2023-07-09T16:59:58.205+0000] {dag.py:3423} INFO - Setting next_dagrun for tutorial_dag to None, run_after=None
[2023-07-09T16:59:58.231+0000] {processor.py:175} INFO - Processing /home/ubuntu/venv/lib/python3.10/site-packages/airflow/example_dags/tutorial_dag.py took 0.456 seconds
[2023-07-09T17:00:29.282+0000] {processor.py:153} INFO - Started process (PID=8518) to work on /home/ubuntu/venv/lib/python3.10/site-packages/airflow/example_dags/tutorial_dag.py
[2023-07-09T17:00:29.291+0000] {processor.py:743} INFO - Processing file /home/ubuntu/venv/lib/python3.10/site-packages/airflow/example_dags/tutorial_dag.py for tasks to queue
[2023-07-09T17:00:29.292+0000] {logging_mixin.py:137} INFO - [2023-07-09T17:00:29.292+0000] {dagbag.py:538} INFO - Filling up the DagBag from /home/ubuntu/venv/lib/python3.10/site-packages/airflow/example_dags/tutorial_dag.py
[2023-07-09T17:00:29.318+0000] {processor.py:753} INFO - DAG(s) dict_keys(['tutorial_dag']) retrieved from /home/ubuntu/venv/lib/python3.10/site-packages/airflow/example_dags/tutorial_dag.py
[2023-07-09T17:00:29.426+0000] {logging_mixin.py:137} INFO - [2023-07-09T17:00:29.425+0000] {dag.py:2676} INFO - Sync 1 DAGs
[2023-07-09T17:00:29.489+0000] {logging_mixin.py:137} INFO - [2023-07-09T17:00:29.489+0000] {dag.py:3423} INFO - Setting next_dagrun for tutorial_dag to None, run_after=None
[2023-07-09T17:00:29.534+0000] {processor.py:175} INFO - Processing /home/ubuntu/venv/lib/python3.10/site-packages/airflow/example_dags/tutorial_dag.py took 0.256 seconds
[2023-07-09T17:01:00.502+0000] {processor.py:153} INFO - Started process (PID=8794) to work on /home/ubuntu/venv/lib/python3.10/site-packages/airflow/example_dags/tutorial_dag.py
[2023-07-09T17:01:00.503+0000] {processor.py:743} INFO - Processing file /home/ubuntu/venv/lib/python3.10/site-packages/airflow/example_dags/tutorial_dag.py for tasks to queue
[2023-07-09T17:01:00.504+0000] {logging_mixin.py:137} INFO - [2023-07-09T17:01:00.504+0000] {dagbag.py:538} INFO - Filling up the DagBag from /home/ubuntu/venv/lib/python3.10/site-packages/airflow/example_dags/tutorial_dag.py
[2023-07-09T17:01:00.523+0000] {processor.py:753} INFO - DAG(s) dict_keys(['tutorial_dag']) retrieved from /home/ubuntu/venv/lib/python3.10/site-packages/airflow/example_dags/tutorial_dag.py
[2023-07-09T17:01:00.600+0000] {logging_mixin.py:137} INFO - [2023-07-09T17:01:00.599+0000] {dag.py:2676} INFO - Sync 1 DAGs
[2023-07-09T17:01:00.637+0000] {logging_mixin.py:137} INFO - [2023-07-09T17:01:00.637+0000] {dag.py:3423} INFO - Setting next_dagrun for tutorial_dag to None, run_after=None
[2023-07-09T17:01:00.671+0000] {processor.py:175} INFO - Processing /home/ubuntu/venv/lib/python3.10/site-packages/airflow/example_dags/tutorial_dag.py took 0.173 seconds
[2023-07-09T17:01:31.536+0000] {processor.py:153} INFO - Started process (PID=9029) to work on /home/ubuntu/venv/lib/python3.10/site-packages/airflow/example_dags/tutorial_dag.py
[2023-07-09T17:01:31.537+0000] {processor.py:743} INFO - Processing file /home/ubuntu/venv/lib/python3.10/site-packages/airflow/example_dags/tutorial_dag.py for tasks to queue
[2023-07-09T17:01:31.541+0000] {logging_mixin.py:137} INFO - [2023-07-09T17:01:31.541+0000] {dagbag.py:538} INFO - Filling up the DagBag from /home/ubuntu/venv/lib/python3.10/site-packages/airflow/example_dags/tutorial_dag.py
[2023-07-09T17:01:31.579+0000] {processor.py:753} INFO - DAG(s) dict_keys(['tutorial_dag']) retrieved from /home/ubuntu/venv/lib/python3.10/site-packages/airflow/example_dags/tutorial_dag.py
[2023-07-09T17:01:31.650+0000] {logging_mixin.py:137} INFO - [2023-07-09T17:01:31.649+0000] {dag.py:2676} INFO - Sync 1 DAGs
[2023-07-09T17:01:31.684+0000] {logging_mixin.py:137} INFO - [2023-07-09T17:01:31.684+0000] {dag.py:3423} INFO - Setting next_dagrun for tutorial_dag to None, run_after=None
[2023-07-09T17:01:31.709+0000] {processor.py:175} INFO - Processing /home/ubuntu/venv/lib/python3.10/site-packages/airflow/example_dags/tutorial_dag.py took 0.183 seconds
[2023-07-09T17:02:02.250+0000] {processor.py:153} INFO - Started process (PID=9283) to work on /home/ubuntu/venv/lib/python3.10/site-packages/airflow/example_dags/tutorial_dag.py
[2023-07-09T17:02:02.254+0000] {processor.py:743} INFO - Processing file /home/ubuntu/venv/lib/python3.10/site-packages/airflow/example_dags/tutorial_dag.py for tasks to queue
[2023-07-09T17:02:02.256+0000] {logging_mixin.py:137} INFO - [2023-07-09T17:02:02.255+0000] {dagbag.py:538} INFO - Filling up the DagBag from /home/ubuntu/venv/lib/python3.10/site-packages/airflow/example_dags/tutorial_dag.py
[2023-07-09T17:02:02.289+0000] {processor.py:753} INFO - DAG(s) dict_keys(['tutorial_dag']) retrieved from /home/ubuntu/venv/lib/python3.10/site-packages/airflow/example_dags/tutorial_dag.py
[2023-07-09T17:02:02.374+0000] {logging_mixin.py:137} INFO - [2023-07-09T17:02:02.374+0000] {dag.py:2676} INFO - Sync 1 DAGs
[2023-07-09T17:02:02.411+0000] {logging_mixin.py:137} INFO - [2023-07-09T17:02:02.410+0000] {dag.py:3423} INFO - Setting next_dagrun for tutorial_dag to None, run_after=None
[2023-07-09T17:02:02.443+0000] {processor.py:175} INFO - Processing /home/ubuntu/venv/lib/python3.10/site-packages/airflow/example_dags/tutorial_dag.py took 0.203 seconds
[2023-07-09T17:02:32.542+0000] {processor.py:153} INFO - Started process (PID=9524) to work on /home/ubuntu/venv/lib/python3.10/site-packages/airflow/example_dags/tutorial_dag.py
[2023-07-09T17:02:32.543+0000] {processor.py:743} INFO - Processing file /home/ubuntu/venv/lib/python3.10/site-packages/airflow/example_dags/tutorial_dag.py for tasks to queue
[2023-07-09T17:02:32.544+0000] {logging_mixin.py:137} INFO - [2023-07-09T17:02:32.544+0000] {dagbag.py:538} INFO - Filling up the DagBag from /home/ubuntu/venv/lib/python3.10/site-packages/airflow/example_dags/tutorial_dag.py
[2023-07-09T17:02:32.559+0000] {processor.py:753} INFO - DAG(s) dict_keys(['tutorial_dag']) retrieved from /home/ubuntu/venv/lib/python3.10/site-packages/airflow/example_dags/tutorial_dag.py
[2023-07-09T17:02:32.627+0000] {logging_mixin.py:137} INFO - [2023-07-09T17:02:32.627+0000] {dag.py:2676} INFO - Sync 1 DAGs
[2023-07-09T17:02:32.650+0000] {logging_mixin.py:137} INFO - [2023-07-09T17:02:32.650+0000] {dag.py:3423} INFO - Setting next_dagrun for tutorial_dag to None, run_after=None
[2023-07-09T17:02:32.675+0000] {processor.py:175} INFO - Processing /home/ubuntu/venv/lib/python3.10/site-packages/airflow/example_dags/tutorial_dag.py took 0.137 seconds
[2023-07-09T17:03:03.214+0000] {processor.py:153} INFO - Started process (PID=9752) to work on /home/ubuntu/venv/lib/python3.10/site-packages/airflow/example_dags/tutorial_dag.py
[2023-07-09T17:03:03.215+0000] {processor.py:743} INFO - Processing file /home/ubuntu/venv/lib/python3.10/site-packages/airflow/example_dags/tutorial_dag.py for tasks to queue
[2023-07-09T17:03:03.216+0000] {logging_mixin.py:137} INFO - [2023-07-09T17:03:03.216+0000] {dagbag.py:538} INFO - Filling up the DagBag from /home/ubuntu/venv/lib/python3.10/site-packages/airflow/example_dags/tutorial_dag.py
[2023-07-09T17:03:03.234+0000] {processor.py:753} INFO - DAG(s) dict_keys(['tutorial_dag']) retrieved from /home/ubuntu/venv/lib/python3.10/site-packages/airflow/example_dags/tutorial_dag.py
[2023-07-09T17:03:03.297+0000] {logging_mixin.py:137} INFO - [2023-07-09T17:03:03.297+0000] {dag.py:2676} INFO - Sync 1 DAGs
[2023-07-09T17:03:03.333+0000] {logging_mixin.py:137} INFO - [2023-07-09T17:03:03.333+0000] {dag.py:3423} INFO - Setting next_dagrun for tutorial_dag to None, run_after=None
[2023-07-09T17:03:03.357+0000] {processor.py:175} INFO - Processing /home/ubuntu/venv/lib/python3.10/site-packages/airflow/example_dags/tutorial_dag.py took 0.147 seconds
[2023-07-09T17:03:34.200+0000] {processor.py:153} INFO - Started process (PID=9987) to work on /home/ubuntu/venv/lib/python3.10/site-packages/airflow/example_dags/tutorial_dag.py
[2023-07-09T17:03:34.201+0000] {processor.py:743} INFO - Processing file /home/ubuntu/venv/lib/python3.10/site-packages/airflow/example_dags/tutorial_dag.py for tasks to queue
[2023-07-09T17:03:34.202+0000] {logging_mixin.py:137} INFO - [2023-07-09T17:03:34.202+0000] {dagbag.py:538} INFO - Filling up the DagBag from /home/ubuntu/venv/lib/python3.10/site-packages/airflow/example_dags/tutorial_dag.py
[2023-07-09T17:03:34.220+0000] {processor.py:753} INFO - DAG(s) dict_keys(['tutorial_dag']) retrieved from /home/ubuntu/venv/lib/python3.10/site-packages/airflow/example_dags/tutorial_dag.py
[2023-07-09T17:03:34.286+0000] {logging_mixin.py:137} INFO - [2023-07-09T17:03:34.286+0000] {dag.py:2676} INFO - Sync 1 DAGs
[2023-07-09T17:03:34.319+0000] {logging_mixin.py:137} INFO - [2023-07-09T17:03:34.319+0000] {dag.py:3423} INFO - Setting next_dagrun for tutorial_dag to None, run_after=None
[2023-07-09T17:03:34.348+0000] {processor.py:175} INFO - Processing /home/ubuntu/venv/lib/python3.10/site-packages/airflow/example_dags/tutorial_dag.py took 0.154 seconds
[2023-07-09T17:04:05.018+0000] {processor.py:153} INFO - Started process (PID=10224) to work on /home/ubuntu/venv/lib/python3.10/site-packages/airflow/example_dags/tutorial_dag.py
[2023-07-09T17:04:05.020+0000] {processor.py:743} INFO - Processing file /home/ubuntu/venv/lib/python3.10/site-packages/airflow/example_dags/tutorial_dag.py for tasks to queue
[2023-07-09T17:04:05.020+0000] {logging_mixin.py:137} INFO - [2023-07-09T17:04:05.020+0000] {dagbag.py:538} INFO - Filling up the DagBag from /home/ubuntu/venv/lib/python3.10/site-packages/airflow/example_dags/tutorial_dag.py
[2023-07-09T17:04:05.041+0000] {processor.py:753} INFO - DAG(s) dict_keys(['tutorial_dag']) retrieved from /home/ubuntu/venv/lib/python3.10/site-packages/airflow/example_dags/tutorial_dag.py
[2023-07-09T17:04:05.126+0000] {logging_mixin.py:137} INFO - [2023-07-09T17:04:05.125+0000] {dag.py:2676} INFO - Sync 1 DAGs
[2023-07-09T17:04:05.157+0000] {logging_mixin.py:137} INFO - [2023-07-09T17:04:05.157+0000] {dag.py:3423} INFO - Setting next_dagrun for tutorial_dag to None, run_after=None
[2023-07-09T17:04:05.184+0000] {processor.py:175} INFO - Processing /home/ubuntu/venv/lib/python3.10/site-packages/airflow/example_dags/tutorial_dag.py took 0.171 seconds
[2023-07-09T17:04:36.085+0000] {processor.py:153} INFO - Started process (PID=10459) to work on /home/ubuntu/venv/lib/python3.10/site-packages/airflow/example_dags/tutorial_dag.py
[2023-07-09T17:04:36.086+0000] {processor.py:743} INFO - Processing file /home/ubuntu/venv/lib/python3.10/site-packages/airflow/example_dags/tutorial_dag.py for tasks to queue
[2023-07-09T17:04:36.087+0000] {logging_mixin.py:137} INFO - [2023-07-09T17:04:36.087+0000] {dagbag.py:538} INFO - Filling up the DagBag from /home/ubuntu/venv/lib/python3.10/site-packages/airflow/example_dags/tutorial_dag.py
[2023-07-09T17:04:36.113+0000] {processor.py:753} INFO - DAG(s) dict_keys(['tutorial_dag']) retrieved from /home/ubuntu/venv/lib/python3.10/site-packages/airflow/example_dags/tutorial_dag.py
[2023-07-09T17:04:36.182+0000] {logging_mixin.py:137} INFO - [2023-07-09T17:04:36.182+0000] {dag.py:2676} INFO - Sync 1 DAGs
[2023-07-09T17:04:36.225+0000] {logging_mixin.py:137} INFO - [2023-07-09T17:04:36.225+0000] {dag.py:3423} INFO - Setting next_dagrun for tutorial_dag to None, run_after=None
[2023-07-09T17:04:36.270+0000] {processor.py:175} INFO - Processing /home/ubuntu/venv/lib/python3.10/site-packages/airflow/example_dags/tutorial_dag.py took 0.191 seconds
[2023-07-09T17:05:54.623+0000] {processor.py:153} INFO - Started process (PID=10940) to work on /home/ubuntu/venv/lib/python3.10/site-packages/airflow/example_dags/tutorial_dag.py
[2023-07-09T17:05:54.635+0000] {processor.py:743} INFO - Processing file /home/ubuntu/venv/lib/python3.10/site-packages/airflow/example_dags/tutorial_dag.py for tasks to queue
[2023-07-09T17:05:54.637+0000] {logging_mixin.py:137} INFO - [2023-07-09T17:05:54.636+0000] {dagbag.py:538} INFO - Filling up the DagBag from /home/ubuntu/venv/lib/python3.10/site-packages/airflow/example_dags/tutorial_dag.py
[2023-07-09T17:05:54.718+0000] {processor.py:753} INFO - DAG(s) dict_keys(['tutorial_dag']) retrieved from /home/ubuntu/venv/lib/python3.10/site-packages/airflow/example_dags/tutorial_dag.py
[2023-07-09T17:05:54.949+0000] {logging_mixin.py:137} INFO - [2023-07-09T17:05:54.949+0000] {dag.py:2676} INFO - Sync 1 DAGs
[2023-07-09T17:05:55.060+0000] {logging_mixin.py:137} INFO - [2023-07-09T17:05:55.060+0000] {dag.py:3423} INFO - Setting next_dagrun for tutorial_dag to None, run_after=None
[2023-07-09T17:05:55.145+0000] {processor.py:175} INFO - Processing /home/ubuntu/venv/lib/python3.10/site-packages/airflow/example_dags/tutorial_dag.py took 0.527 seconds
[2023-07-09T17:06:25.221+0000] {processor.py:153} INFO - Started process (PID=11289) to work on /home/ubuntu/venv/lib/python3.10/site-packages/airflow/example_dags/tutorial_dag.py
[2023-07-09T17:06:25.222+0000] {processor.py:743} INFO - Processing file /home/ubuntu/venv/lib/python3.10/site-packages/airflow/example_dags/tutorial_dag.py for tasks to queue
[2023-07-09T17:06:25.223+0000] {logging_mixin.py:137} INFO - [2023-07-09T17:06:25.223+0000] {dagbag.py:538} INFO - Filling up the DagBag from /home/ubuntu/venv/lib/python3.10/site-packages/airflow/example_dags/tutorial_dag.py
[2023-07-09T17:06:25.258+0000] {processor.py:753} INFO - DAG(s) dict_keys(['tutorial_dag']) retrieved from /home/ubuntu/venv/lib/python3.10/site-packages/airflow/example_dags/tutorial_dag.py
[2023-07-09T17:06:25.344+0000] {logging_mixin.py:137} INFO - [2023-07-09T17:06:25.344+0000] {dag.py:2676} INFO - Sync 1 DAGs
[2023-07-09T17:06:25.368+0000] {logging_mixin.py:137} INFO - [2023-07-09T17:06:25.367+0000] {dag.py:3423} INFO - Setting next_dagrun for tutorial_dag to None, run_after=None
[2023-07-09T17:06:25.386+0000] {processor.py:175} INFO - Processing /home/ubuntu/venv/lib/python3.10/site-packages/airflow/example_dags/tutorial_dag.py took 0.172 seconds
[2023-07-09T17:07:24.784+0000] {processor.py:153} INFO - Started process (PID=11749) to work on /home/ubuntu/venv/lib/python3.10/site-packages/airflow/example_dags/tutorial_dag.py
[2023-07-09T17:07:24.787+0000] {processor.py:743} INFO - Processing file /home/ubuntu/venv/lib/python3.10/site-packages/airflow/example_dags/tutorial_dag.py for tasks to queue
[2023-07-09T17:07:24.788+0000] {logging_mixin.py:137} INFO - [2023-07-09T17:07:24.788+0000] {dagbag.py:538} INFO - Filling up the DagBag from /home/ubuntu/venv/lib/python3.10/site-packages/airflow/example_dags/tutorial_dag.py
[2023-07-09T17:07:24.831+0000] {processor.py:753} INFO - DAG(s) dict_keys(['tutorial_dag']) retrieved from /home/ubuntu/venv/lib/python3.10/site-packages/airflow/example_dags/tutorial_dag.py
[2023-07-09T17:07:24.954+0000] {logging_mixin.py:137} INFO - [2023-07-09T17:07:24.954+0000] {dag.py:2676} INFO - Sync 1 DAGs
[2023-07-09T17:07:25.007+0000] {logging_mixin.py:137} INFO - [2023-07-09T17:07:25.007+0000] {dag.py:3423} INFO - Setting next_dagrun for tutorial_dag to None, run_after=None
[2023-07-09T17:07:25.069+0000] {processor.py:175} INFO - Processing /home/ubuntu/venv/lib/python3.10/site-packages/airflow/example_dags/tutorial_dag.py took 0.290 seconds
[2023-07-09T17:07:55.799+0000] {processor.py:153} INFO - Started process (PID=12027) to work on /home/ubuntu/venv/lib/python3.10/site-packages/airflow/example_dags/tutorial_dag.py
[2023-07-09T17:07:55.801+0000] {processor.py:743} INFO - Processing file /home/ubuntu/venv/lib/python3.10/site-packages/airflow/example_dags/tutorial_dag.py for tasks to queue
[2023-07-09T17:07:55.802+0000] {logging_mixin.py:137} INFO - [2023-07-09T17:07:55.802+0000] {dagbag.py:538} INFO - Filling up the DagBag from /home/ubuntu/venv/lib/python3.10/site-packages/airflow/example_dags/tutorial_dag.py
[2023-07-09T17:07:55.821+0000] {processor.py:753} INFO - DAG(s) dict_keys(['tutorial_dag']) retrieved from /home/ubuntu/venv/lib/python3.10/site-packages/airflow/example_dags/tutorial_dag.py
[2023-07-09T17:07:55.891+0000] {logging_mixin.py:137} INFO - [2023-07-09T17:07:55.891+0000] {dag.py:2676} INFO - Sync 1 DAGs
[2023-07-09T17:07:55.922+0000] {logging_mixin.py:137} INFO - [2023-07-09T17:07:55.922+0000] {dag.py:3423} INFO - Setting next_dagrun for tutorial_dag to None, run_after=None
[2023-07-09T17:07:55.947+0000] {processor.py:175} INFO - Processing /home/ubuntu/venv/lib/python3.10/site-packages/airflow/example_dags/tutorial_dag.py took 0.152 seconds
[2023-07-09T17:08:26.404+0000] {processor.py:153} INFO - Started process (PID=12260) to work on /home/ubuntu/venv/lib/python3.10/site-packages/airflow/example_dags/tutorial_dag.py
[2023-07-09T17:08:26.405+0000] {processor.py:743} INFO - Processing file /home/ubuntu/venv/lib/python3.10/site-packages/airflow/example_dags/tutorial_dag.py for tasks to queue
[2023-07-09T17:08:26.406+0000] {logging_mixin.py:137} INFO - [2023-07-09T17:08:26.406+0000] {dagbag.py:538} INFO - Filling up the DagBag from /home/ubuntu/venv/lib/python3.10/site-packages/airflow/example_dags/tutorial_dag.py
[2023-07-09T17:08:26.433+0000] {processor.py:753} INFO - DAG(s) dict_keys(['tutorial_dag']) retrieved from /home/ubuntu/venv/lib/python3.10/site-packages/airflow/example_dags/tutorial_dag.py
[2023-07-09T17:08:26.512+0000] {logging_mixin.py:137} INFO - [2023-07-09T17:08:26.511+0000] {dag.py:2676} INFO - Sync 1 DAGs
[2023-07-09T17:08:26.547+0000] {logging_mixin.py:137} INFO - [2023-07-09T17:08:26.547+0000] {dag.py:3423} INFO - Setting next_dagrun for tutorial_dag to None, run_after=None
[2023-07-09T17:08:26.580+0000] {processor.py:175} INFO - Processing /home/ubuntu/venv/lib/python3.10/site-packages/airflow/example_dags/tutorial_dag.py took 0.181 seconds
[2023-07-09T17:09:04.796+0000] {processor.py:153} INFO - Started process (PID=12715) to work on /home/ubuntu/venv/lib/python3.10/site-packages/airflow/example_dags/tutorial_dag.py
[2023-07-09T17:09:04.797+0000] {processor.py:743} INFO - Processing file /home/ubuntu/venv/lib/python3.10/site-packages/airflow/example_dags/tutorial_dag.py for tasks to queue
[2023-07-09T17:09:04.798+0000] {logging_mixin.py:137} INFO - [2023-07-09T17:09:04.798+0000] {dagbag.py:538} INFO - Filling up the DagBag from /home/ubuntu/venv/lib/python3.10/site-packages/airflow/example_dags/tutorial_dag.py
[2023-07-09T17:09:04.817+0000] {processor.py:753} INFO - DAG(s) dict_keys(['tutorial_dag']) retrieved from /home/ubuntu/venv/lib/python3.10/site-packages/airflow/example_dags/tutorial_dag.py
[2023-07-09T17:09:04.886+0000] {logging_mixin.py:137} INFO - [2023-07-09T17:09:04.885+0000] {dag.py:2676} INFO - Sync 1 DAGs
[2023-07-09T17:09:04.922+0000] {logging_mixin.py:137} INFO - [2023-07-09T17:09:04.921+0000] {dag.py:3423} INFO - Setting next_dagrun for tutorial_dag to None, run_after=None
[2023-07-09T17:09:04.947+0000] {processor.py:175} INFO - Processing /home/ubuntu/venv/lib/python3.10/site-packages/airflow/example_dags/tutorial_dag.py took 0.155 seconds
[2023-07-09T17:09:35.135+0000] {processor.py:153} INFO - Started process (PID=12986) to work on /home/ubuntu/venv/lib/python3.10/site-packages/airflow/example_dags/tutorial_dag.py
[2023-07-09T17:09:35.137+0000] {processor.py:743} INFO - Processing file /home/ubuntu/venv/lib/python3.10/site-packages/airflow/example_dags/tutorial_dag.py for tasks to queue
[2023-07-09T17:09:35.137+0000] {logging_mixin.py:137} INFO - [2023-07-09T17:09:35.137+0000] {dagbag.py:538} INFO - Filling up the DagBag from /home/ubuntu/venv/lib/python3.10/site-packages/airflow/example_dags/tutorial_dag.py
[2023-07-09T17:09:35.159+0000] {processor.py:753} INFO - DAG(s) dict_keys(['tutorial_dag']) retrieved from /home/ubuntu/venv/lib/python3.10/site-packages/airflow/example_dags/tutorial_dag.py
[2023-07-09T17:09:35.232+0000] {logging_mixin.py:137} INFO - [2023-07-09T17:09:35.232+0000] {dag.py:2676} INFO - Sync 1 DAGs
[2023-07-09T17:09:35.267+0000] {logging_mixin.py:137} INFO - [2023-07-09T17:09:35.267+0000] {dag.py:3423} INFO - Setting next_dagrun for tutorial_dag to None, run_after=None
[2023-07-09T17:09:35.293+0000] {processor.py:175} INFO - Processing /home/ubuntu/venv/lib/python3.10/site-packages/airflow/example_dags/tutorial_dag.py took 0.162 seconds
[2023-07-09T17:10:05.565+0000] {processor.py:153} INFO - Started process (PID=13222) to work on /home/ubuntu/venv/lib/python3.10/site-packages/airflow/example_dags/tutorial_dag.py
[2023-07-09T17:10:05.568+0000] {processor.py:743} INFO - Processing file /home/ubuntu/venv/lib/python3.10/site-packages/airflow/example_dags/tutorial_dag.py for tasks to queue
[2023-07-09T17:10:05.569+0000] {logging_mixin.py:137} INFO - [2023-07-09T17:10:05.569+0000] {dagbag.py:538} INFO - Filling up the DagBag from /home/ubuntu/venv/lib/python3.10/site-packages/airflow/example_dags/tutorial_dag.py
[2023-07-09T17:10:05.589+0000] {processor.py:753} INFO - DAG(s) dict_keys(['tutorial_dag']) retrieved from /home/ubuntu/venv/lib/python3.10/site-packages/airflow/example_dags/tutorial_dag.py
[2023-07-09T17:10:05.670+0000] {logging_mixin.py:137} INFO - [2023-07-09T17:10:05.670+0000] {dag.py:2676} INFO - Sync 1 DAGs
[2023-07-09T17:10:05.712+0000] {logging_mixin.py:137} INFO - [2023-07-09T17:10:05.712+0000] {dag.py:3423} INFO - Setting next_dagrun for tutorial_dag to None, run_after=None
[2023-07-09T17:10:05.748+0000] {processor.py:175} INFO - Processing /home/ubuntu/venv/lib/python3.10/site-packages/airflow/example_dags/tutorial_dag.py took 0.190 seconds
