[2023-07-18T07:05:11.141+0000] {taskinstance.py:1087} INFO - Dependencies all met for <TaskInstance: real_estate_etl_dag.transform_task scheduled__2023-07-17T07:04:30.978676+00:00 [queued]>
[2023-07-18T07:05:11.168+0000] {taskinstance.py:1087} INFO - Dependencies all met for <TaskInstance: real_estate_etl_dag.transform_task scheduled__2023-07-17T07:04:30.978676+00:00 [queued]>
[2023-07-18T07:05:11.168+0000] {taskinstance.py:1283} INFO - 
--------------------------------------------------------------------------------
[2023-07-18T07:05:11.168+0000] {taskinstance.py:1284} INFO - Starting attempt 1 of 4
[2023-07-18T07:05:11.169+0000] {taskinstance.py:1285} INFO - 
--------------------------------------------------------------------------------
[2023-07-18T07:05:11.183+0000] {taskinstance.py:1304} INFO - Executing <Task(PythonOperator): transform_task> on 2023-07-17 07:04:30.978676+00:00
[2023-07-18T07:05:11.190+0000] {standard_task_runner.py:55} INFO - Started process 2865 to run task
[2023-07-18T07:05:11.201+0000] {standard_task_runner.py:82} INFO - Running: ['***', 'tasks', 'run', 'real_estate_etl_dag', 'transform_task', 'scheduled__2023-07-17T07:04:30.978676+00:00', '--job-id', '147', '--raw', '--subdir', 'DAGS_FOLDER/real_estate_etl_dag.py', '--cfg-path', '/tmp/tmpt3q5_vp4']
[2023-07-18T07:05:11.207+0000] {standard_task_runner.py:83} INFO - Job 147: Subtask transform_task
[2023-07-18T07:05:11.451+0000] {task_command.py:389} INFO - Running <TaskInstance: real_estate_etl_dag.transform_task scheduled__2023-07-17T07:04:30.978676+00:00 [running]> on host ip-172-31-34-219.ap-southeast-2.compute.internal
[2023-07-18T07:05:11.671+0000] {taskinstance.py:1511} INFO - Exporting the following env vars:
AIRFLOW_CTX_DAG_OWNER=***
AIRFLOW_CTX_DAG_ID=real_estate_etl_dag
AIRFLOW_CTX_TASK_ID=transform_task
AIRFLOW_CTX_EXECUTION_DATE=2023-07-17T07:04:30.978676+00:00
AIRFLOW_CTX_TRY_NUMBER=1
AIRFLOW_CTX_DAG_RUN_ID=scheduled__2023-07-17T07:04:30.978676+00:00
[2023-07-18T07:05:11.816+0000] {python.py:177} INFO - Done. Returned value was: None
[2023-07-18T07:05:11.849+0000] {taskinstance.py:1322} INFO - Marking task as SUCCESS. dag_id=real_estate_etl_dag, task_id=transform_task, execution_date=20230717T070430, start_date=20230718T070511, end_date=20230718T070511
[2023-07-18T07:05:11.898+0000] {local_task_job.py:159} INFO - Task exited with return code 0
[2023-07-18T07:05:11.958+0000] {taskinstance.py:2582} INFO - 1 downstream tasks scheduled from follow-on schedule check
