[2023-07-22T17:54:33.812+0000] {taskinstance.py:1087} INFO - Dependencies all met for <TaskInstance: real_estate_etl_dag.extract_task manual__2023-07-22T17:41:01.807001+00:00 [queued]>
[2023-07-22T17:54:33.824+0000] {taskinstance.py:1087} INFO - Dependencies all met for <TaskInstance: real_estate_etl_dag.extract_task manual__2023-07-22T17:41:01.807001+00:00 [queued]>
[2023-07-22T17:54:33.824+0000] {taskinstance.py:1283} INFO - 
--------------------------------------------------------------------------------
[2023-07-22T17:54:33.824+0000] {taskinstance.py:1284} INFO - Starting attempt 1 of 4
[2023-07-22T17:54:33.824+0000] {taskinstance.py:1285} INFO - 
--------------------------------------------------------------------------------
[2023-07-22T17:54:33.844+0000] {taskinstance.py:1304} INFO - Executing <Task(PythonOperator): extract_task> on 2023-07-22 17:41:01.807001+00:00
[2023-07-22T17:54:33.852+0000] {standard_task_runner.py:55} INFO - Started process 3393 to run task
[2023-07-22T17:54:33.859+0000] {standard_task_runner.py:82} INFO - Running: ['***', 'tasks', 'run', 'real_estate_etl_dag', 'extract_task', 'manual__2023-07-22T17:41:01.807001+00:00', '--job-id', '251', '--raw', '--subdir', 'DAGS_FOLDER/real_estate_etl_dag.py', '--cfg-path', '/tmp/tmpxe99a4fj']
[2023-07-22T17:54:33.863+0000] {standard_task_runner.py:83} INFO - Job 251: Subtask extract_task
[2023-07-22T17:54:34.066+0000] {task_command.py:389} INFO - Running <TaskInstance: real_estate_etl_dag.extract_task manual__2023-07-22T17:41:01.807001+00:00 [running]> on host ip-172-31-34-219.ap-southeast-2.compute.internal
[2023-07-22T17:54:34.252+0000] {taskinstance.py:1511} INFO - Exporting the following env vars:
AIRFLOW_CTX_DAG_OWNER=***
AIRFLOW_CTX_DAG_ID=real_estate_etl_dag
AIRFLOW_CTX_TASK_ID=extract_task
AIRFLOW_CTX_EXECUTION_DATE=2023-07-22T17:41:01.807001+00:00
AIRFLOW_CTX_TRY_NUMBER=1
AIRFLOW_CTX_DAG_RUN_ID=manual__2023-07-22T17:41:01.807001+00:00
[2023-07-22T17:55:23.236+0000] {logging_mixin.py:137} INFO - Last page exceeded.
[2023-07-22T17:55:23.342+0000] {python.py:177} INFO - Done. Returned value was: None
[2023-07-22T17:55:23.379+0000] {taskinstance.py:1322} INFO - Marking task as SUCCESS. dag_id=real_estate_etl_dag, task_id=extract_task, execution_date=20230722T174101, start_date=20230722T175433, end_date=20230722T175523
[2023-07-22T17:55:23.442+0000] {local_task_job.py:159} INFO - Task exited with return code 0
[2023-07-22T17:55:23.526+0000] {taskinstance.py:2582} INFO - 1 downstream tasks scheduled from follow-on schedule check
