[2023-07-11T14:56:48.176+0000] {taskinstance.py:1087} INFO - Dependencies all met for <TaskInstance: real_estate_etl_dag.load_task manual__2023-07-11T14:45:57.353441+00:00 [queued]>
[2023-07-11T14:56:48.195+0000] {taskinstance.py:1087} INFO - Dependencies all met for <TaskInstance: real_estate_etl_dag.load_task manual__2023-07-11T14:45:57.353441+00:00 [queued]>
[2023-07-11T14:56:48.197+0000] {taskinstance.py:1283} INFO - 
--------------------------------------------------------------------------------
[2023-07-11T14:56:48.197+0000] {taskinstance.py:1284} INFO - Starting attempt 2 of 4
[2023-07-11T14:56:48.198+0000] {taskinstance.py:1285} INFO - 
--------------------------------------------------------------------------------
[2023-07-11T14:56:48.211+0000] {taskinstance.py:1304} INFO - Executing <Task(PythonOperator): load_task> on 2023-07-11 14:45:57.353441+00:00
[2023-07-11T14:56:48.218+0000] {standard_task_runner.py:55} INFO - Started process 47274 to run task
[2023-07-11T14:56:48.223+0000] {standard_task_runner.py:82} INFO - Running: ['***', 'tasks', 'run', 'real_estate_etl_dag', 'load_task', 'manual__2023-07-11T14:45:57.353441+00:00', '--job-id', '106', '--raw', '--subdir', 'DAGS_FOLDER/real_estate_etl_dag.py', '--cfg-path', '/tmp/tmpg13i0dd5']
[2023-07-11T14:56:48.225+0000] {standard_task_runner.py:83} INFO - Job 106: Subtask load_task
[2023-07-11T14:56:48.352+0000] {task_command.py:389} INFO - Running <TaskInstance: real_estate_etl_dag.load_task manual__2023-07-11T14:45:57.353441+00:00 [running]> on host ip-172-31-34-219.ap-southeast-2.compute.internal
[2023-07-11T14:56:48.465+0000] {taskinstance.py:1511} INFO - Exporting the following env vars:
AIRFLOW_CTX_DAG_OWNER=***
AIRFLOW_CTX_DAG_ID=real_estate_etl_dag
AIRFLOW_CTX_TASK_ID=load_task
AIRFLOW_CTX_EXECUTION_DATE=2023-07-11T14:45:57.353441+00:00
AIRFLOW_CTX_TRY_NUMBER=2
AIRFLOW_CTX_DAG_RUN_ID=manual__2023-07-11T14:45:57.353441+00:00
[2023-07-11T14:56:48.498+0000] {logging_mixin.py:137} INFO - Connection to the database successful!
[2023-07-11T14:56:48.504+0000] {logging_mixin.py:137} INFO - Table created successfully!
[2023-07-11T14:56:48.532+0000] {taskinstance.py:1772} ERROR - Task failed with exception
Traceback (most recent call last):
  File "/home/ubuntu/venv/lib/python3.10/site-packages/airflow/operators/python.py", line 175, in execute
    return_value = self.execute_callable()
  File "/home/ubuntu/venv/lib/python3.10/site-packages/airflow/operators/python.py", line 192, in execute_callable
    return self.python_callable(*self.op_args, **self.op_kwargs)
  File "/home/ubuntu/airflow/dags/real_estate_etl_dag.py", line 130, in load_to_rds
    data = [(row[0], row[1], row[2], row[3], row[4], row[5], row[6]) for row in all_listing_info]
  File "/home/ubuntu/airflow/dags/real_estate_etl_dag.py", line 130, in <listcomp>
    data = [(row[0], row[1], row[2], row[3], row[4], row[5], row[6]) for row in all_listing_info]
IndexError: string index out of range
[2023-07-11T14:56:48.556+0000] {taskinstance.py:1322} INFO - Marking task as UP_FOR_RETRY. dag_id=real_estate_etl_dag, task_id=load_task, execution_date=20230711T144557, start_date=20230711T145648, end_date=20230711T145648
[2023-07-11T14:56:48.578+0000] {standard_task_runner.py:100} ERROR - Failed to execute job 106 for task load_task (string index out of range; 47274)
[2023-07-11T14:56:48.636+0000] {local_task_job.py:159} INFO - Task exited with return code 1
[2023-07-11T14:56:48.711+0000] {taskinstance.py:2582} INFO - 0 downstream tasks scheduled from follow-on schedule check
