[2023-07-09T16:47:14.260+0000] {processor.py:153} INFO - Started process (PID=3371) to work on /home/ubuntu/airflow/dags/first_dag.py
[2023-07-09T16:47:14.261+0000] {processor.py:743} INFO - Processing file /home/ubuntu/airflow/dags/first_dag.py for tasks to queue
[2023-07-09T16:47:14.262+0000] {logging_mixin.py:137} INFO - [2023-07-09T16:47:14.262+0000] {dagbag.py:538} INFO - Filling up the DagBag from /home/ubuntu/airflow/dags/first_dag.py
[2023-07-09T16:47:15.228+0000] {processor.py:753} INFO - DAG(s) dict_keys(['my_daily_dag']) retrieved from /home/ubuntu/airflow/dags/first_dag.py
[2023-07-09T16:47:15.359+0000] {logging_mixin.py:137} INFO - [2023-07-09T16:47:15.359+0000] {dag.py:2676} INFO - Sync 1 DAGs
[2023-07-09T16:47:15.389+0000] {logging_mixin.py:137} INFO - [2023-07-09T16:47:15.389+0000] {dag.py:3423} INFO - Setting next_dagrun for my_daily_dag to 2023-07-09T00:00:00+00:00, run_after=2023-07-10T00:00:00+00:00
[2023-07-09T16:47:15.415+0000] {processor.py:175} INFO - Processing /home/ubuntu/airflow/dags/first_dag.py took 1.159 seconds
[2023-07-09T16:47:46.031+0000] {processor.py:153} INFO - Started process (PID=3764) to work on /home/ubuntu/airflow/dags/first_dag.py
[2023-07-09T16:47:46.033+0000] {processor.py:743} INFO - Processing file /home/ubuntu/airflow/dags/first_dag.py for tasks to queue
[2023-07-09T16:47:46.034+0000] {logging_mixin.py:137} INFO - [2023-07-09T16:47:46.034+0000] {dagbag.py:538} INFO - Filling up the DagBag from /home/ubuntu/airflow/dags/first_dag.py
[2023-07-09T16:47:46.683+0000] {processor.py:753} INFO - DAG(s) dict_keys(['my_daily_dag']) retrieved from /home/ubuntu/airflow/dags/first_dag.py
[2023-07-09T16:47:46.747+0000] {logging_mixin.py:137} INFO - [2023-07-09T16:47:46.747+0000] {dag.py:2676} INFO - Sync 1 DAGs
[2023-07-09T16:47:46.792+0000] {logging_mixin.py:137} INFO - [2023-07-09T16:47:46.792+0000] {dag.py:3423} INFO - Setting next_dagrun for my_daily_dag to 2023-07-09T00:00:00+00:00, run_after=2023-07-10T00:00:00+00:00
[2023-07-09T16:47:46.831+0000] {processor.py:175} INFO - Processing /home/ubuntu/airflow/dags/first_dag.py took 0.804 seconds
[2023-07-09T16:48:17.119+0000] {processor.py:153} INFO - Started process (PID=4017) to work on /home/ubuntu/airflow/dags/first_dag.py
[2023-07-09T16:48:17.121+0000] {processor.py:743} INFO - Processing file /home/ubuntu/airflow/dags/first_dag.py for tasks to queue
[2023-07-09T16:48:17.121+0000] {logging_mixin.py:137} INFO - [2023-07-09T16:48:17.121+0000] {dagbag.py:538} INFO - Filling up the DagBag from /home/ubuntu/airflow/dags/first_dag.py
[2023-07-09T16:48:17.816+0000] {processor.py:753} INFO - DAG(s) dict_keys(['my_daily_dag']) retrieved from /home/ubuntu/airflow/dags/first_dag.py
[2023-07-09T16:48:17.885+0000] {logging_mixin.py:137} INFO - [2023-07-09T16:48:17.885+0000] {dag.py:2676} INFO - Sync 1 DAGs
[2023-07-09T16:48:17.923+0000] {logging_mixin.py:137} INFO - [2023-07-09T16:48:17.923+0000] {dag.py:3423} INFO - Setting next_dagrun for my_daily_dag to 2023-07-09T00:00:00+00:00, run_after=2023-07-10T00:00:00+00:00
[2023-07-09T16:48:17.949+0000] {processor.py:175} INFO - Processing /home/ubuntu/airflow/dags/first_dag.py took 0.834 seconds
[2023-07-09T16:48:48.065+0000] {processor.py:153} INFO - Started process (PID=4263) to work on /home/ubuntu/airflow/dags/first_dag.py
[2023-07-09T16:48:48.066+0000] {processor.py:743} INFO - Processing file /home/ubuntu/airflow/dags/first_dag.py for tasks to queue
[2023-07-09T16:48:48.067+0000] {logging_mixin.py:137} INFO - [2023-07-09T16:48:48.067+0000] {dagbag.py:538} INFO - Filling up the DagBag from /home/ubuntu/airflow/dags/first_dag.py
[2023-07-09T16:48:48.683+0000] {processor.py:753} INFO - DAG(s) dict_keys(['my_daily_dag']) retrieved from /home/ubuntu/airflow/dags/first_dag.py
[2023-07-09T16:48:48.742+0000] {logging_mixin.py:137} INFO - [2023-07-09T16:48:48.742+0000] {dag.py:2676} INFO - Sync 1 DAGs
[2023-07-09T16:48:48.769+0000] {logging_mixin.py:137} INFO - [2023-07-09T16:48:48.769+0000] {dag.py:3423} INFO - Setting next_dagrun for my_daily_dag to 2023-07-09T00:00:00+00:00, run_after=2023-07-10T00:00:00+00:00
[2023-07-09T16:48:48.792+0000] {processor.py:175} INFO - Processing /home/ubuntu/airflow/dags/first_dag.py took 0.732 seconds
[2023-07-09T16:49:19.227+0000] {processor.py:153} INFO - Started process (PID=4512) to work on /home/ubuntu/airflow/dags/first_dag.py
[2023-07-09T16:49:19.228+0000] {processor.py:743} INFO - Processing file /home/ubuntu/airflow/dags/first_dag.py for tasks to queue
[2023-07-09T16:49:19.229+0000] {logging_mixin.py:137} INFO - [2023-07-09T16:49:19.229+0000] {dagbag.py:538} INFO - Filling up the DagBag from /home/ubuntu/airflow/dags/first_dag.py
[2023-07-09T16:49:19.672+0000] {processor.py:753} INFO - DAG(s) dict_keys(['my_daily_dag']) retrieved from /home/ubuntu/airflow/dags/first_dag.py
[2023-07-09T16:49:19.723+0000] {logging_mixin.py:137} INFO - [2023-07-09T16:49:19.723+0000] {dag.py:2676} INFO - Sync 1 DAGs
[2023-07-09T16:49:19.745+0000] {logging_mixin.py:137} INFO - [2023-07-09T16:49:19.745+0000] {dag.py:3423} INFO - Setting next_dagrun for my_daily_dag to 2023-07-09T00:00:00+00:00, run_after=2023-07-10T00:00:00+00:00
[2023-07-09T16:49:19.764+0000] {processor.py:175} INFO - Processing /home/ubuntu/airflow/dags/first_dag.py took 0.540 seconds
[2023-07-09T16:49:50.678+0000] {processor.py:153} INFO - Started process (PID=4748) to work on /home/ubuntu/airflow/dags/first_dag.py
[2023-07-09T16:49:50.679+0000] {processor.py:743} INFO - Processing file /home/ubuntu/airflow/dags/first_dag.py for tasks to queue
[2023-07-09T16:49:50.680+0000] {logging_mixin.py:137} INFO - [2023-07-09T16:49:50.680+0000] {dagbag.py:538} INFO - Filling up the DagBag from /home/ubuntu/airflow/dags/first_dag.py
[2023-07-09T16:49:51.356+0000] {processor.py:753} INFO - DAG(s) dict_keys(['my_daily_dag']) retrieved from /home/ubuntu/airflow/dags/first_dag.py
[2023-07-09T16:49:51.415+0000] {logging_mixin.py:137} INFO - [2023-07-09T16:49:51.415+0000] {dag.py:2676} INFO - Sync 1 DAGs
[2023-07-09T16:49:51.450+0000] {logging_mixin.py:137} INFO - [2023-07-09T16:49:51.450+0000] {dag.py:3423} INFO - Setting next_dagrun for my_daily_dag to 2023-07-09T00:00:00+00:00, run_after=2023-07-10T00:00:00+00:00
[2023-07-09T16:49:51.476+0000] {processor.py:175} INFO - Processing /home/ubuntu/airflow/dags/first_dag.py took 0.803 seconds
[2023-07-09T16:50:21.693+0000] {processor.py:153} INFO - Started process (PID=4998) to work on /home/ubuntu/airflow/dags/first_dag.py
[2023-07-09T16:50:21.695+0000] {processor.py:743} INFO - Processing file /home/ubuntu/airflow/dags/first_dag.py for tasks to queue
[2023-07-09T16:50:21.696+0000] {logging_mixin.py:137} INFO - [2023-07-09T16:50:21.695+0000] {dagbag.py:538} INFO - Filling up the DagBag from /home/ubuntu/airflow/dags/first_dag.py
[2023-07-09T16:50:22.380+0000] {processor.py:753} INFO - DAG(s) dict_keys(['my_daily_dag']) retrieved from /home/ubuntu/airflow/dags/first_dag.py
[2023-07-09T16:50:22.442+0000] {logging_mixin.py:137} INFO - [2023-07-09T16:50:22.442+0000] {dag.py:2676} INFO - Sync 1 DAGs
[2023-07-09T16:50:22.483+0000] {logging_mixin.py:137} INFO - [2023-07-09T16:50:22.483+0000] {dag.py:3423} INFO - Setting next_dagrun for my_daily_dag to 2023-07-09T00:00:00+00:00, run_after=2023-07-10T00:00:00+00:00
[2023-07-09T16:50:22.522+0000] {processor.py:175} INFO - Processing /home/ubuntu/airflow/dags/first_dag.py took 0.834 seconds
[2023-07-09T16:50:52.645+0000] {processor.py:153} INFO - Started process (PID=5249) to work on /home/ubuntu/airflow/dags/first_dag.py
[2023-07-09T16:50:52.646+0000] {processor.py:743} INFO - Processing file /home/ubuntu/airflow/dags/first_dag.py for tasks to queue
[2023-07-09T16:50:52.646+0000] {logging_mixin.py:137} INFO - [2023-07-09T16:50:52.646+0000] {dagbag.py:538} INFO - Filling up the DagBag from /home/ubuntu/airflow/dags/first_dag.py
[2023-07-09T16:50:53.220+0000] {processor.py:753} INFO - DAG(s) dict_keys(['my_daily_dag']) retrieved from /home/ubuntu/airflow/dags/first_dag.py
[2023-07-09T16:50:53.286+0000] {logging_mixin.py:137} INFO - [2023-07-09T16:50:53.285+0000] {dag.py:2676} INFO - Sync 1 DAGs
[2023-07-09T16:50:53.310+0000] {logging_mixin.py:137} INFO - [2023-07-09T16:50:53.310+0000] {dag.py:3423} INFO - Setting next_dagrun for my_daily_dag to 2023-07-09T00:00:00+00:00, run_after=2023-07-10T00:00:00+00:00
[2023-07-09T16:50:53.325+0000] {processor.py:175} INFO - Processing /home/ubuntu/airflow/dags/first_dag.py took 0.684 seconds
[2023-07-09T16:54:49.414+0000] {processor.py:153} INFO - Started process (PID=5627) to work on /home/ubuntu/airflow/dags/first_dag.py
[2023-07-09T16:54:49.418+0000] {processor.py:743} INFO - Processing file /home/ubuntu/airflow/dags/first_dag.py for tasks to queue
[2023-07-09T16:54:49.427+0000] {logging_mixin.py:137} INFO - [2023-07-09T16:54:49.419+0000] {dagbag.py:538} INFO - Filling up the DagBag from /home/ubuntu/airflow/dags/first_dag.py
[2023-07-09T16:54:50.859+0000] {processor.py:753} INFO - DAG(s) dict_keys(['my_daily_dag']) retrieved from /home/ubuntu/airflow/dags/first_dag.py
[2023-07-09T16:54:51.012+0000] {logging_mixin.py:137} INFO - [2023-07-09T16:54:51.011+0000] {dag.py:2676} INFO - Sync 1 DAGs
[2023-07-09T16:54:51.072+0000] {logging_mixin.py:137} INFO - [2023-07-09T16:54:51.072+0000] {dag.py:3423} INFO - Setting next_dagrun for my_daily_dag to 2023-07-09T00:00:00+00:00, run_after=2023-07-10T00:00:00+00:00
[2023-07-09T16:54:51.120+0000] {processor.py:175} INFO - Processing /home/ubuntu/airflow/dags/first_dag.py took 1.711 seconds
[2023-07-09T16:55:21.745+0000] {processor.py:153} INFO - Started process (PID=5962) to work on /home/ubuntu/airflow/dags/first_dag.py
[2023-07-09T16:55:21.755+0000] {processor.py:743} INFO - Processing file /home/ubuntu/airflow/dags/first_dag.py for tasks to queue
[2023-07-09T16:55:21.757+0000] {logging_mixin.py:137} INFO - [2023-07-09T16:55:21.757+0000] {dagbag.py:538} INFO - Filling up the DagBag from /home/ubuntu/airflow/dags/first_dag.py
[2023-07-09T16:55:22.461+0000] {processor.py:753} INFO - DAG(s) dict_keys(['my_daily_dag']) retrieved from /home/ubuntu/airflow/dags/first_dag.py
[2023-07-09T16:55:22.518+0000] {logging_mixin.py:137} INFO - [2023-07-09T16:55:22.518+0000] {dag.py:2676} INFO - Sync 1 DAGs
[2023-07-09T16:55:22.549+0000] {logging_mixin.py:137} INFO - [2023-07-09T16:55:22.549+0000] {dag.py:3423} INFO - Setting next_dagrun for my_daily_dag to 2023-07-09T00:00:00+00:00, run_after=2023-07-10T00:00:00+00:00
[2023-07-09T16:55:22.569+0000] {processor.py:175} INFO - Processing /home/ubuntu/airflow/dags/first_dag.py took 0.835 seconds
[2023-07-09T16:55:53.231+0000] {processor.py:153} INFO - Started process (PID=6210) to work on /home/ubuntu/airflow/dags/first_dag.py
[2023-07-09T16:55:53.233+0000] {processor.py:743} INFO - Processing file /home/ubuntu/airflow/dags/first_dag.py for tasks to queue
[2023-07-09T16:55:53.234+0000] {logging_mixin.py:137} INFO - [2023-07-09T16:55:53.234+0000] {dagbag.py:538} INFO - Filling up the DagBag from /home/ubuntu/airflow/dags/first_dag.py
[2023-07-09T16:55:53.998+0000] {processor.py:753} INFO - DAG(s) dict_keys(['my_daily_dag']) retrieved from /home/ubuntu/airflow/dags/first_dag.py
[2023-07-09T16:55:54.076+0000] {logging_mixin.py:137} INFO - [2023-07-09T16:55:54.076+0000] {dag.py:2676} INFO - Sync 1 DAGs
[2023-07-09T16:55:54.108+0000] {logging_mixin.py:137} INFO - [2023-07-09T16:55:54.108+0000] {dag.py:3423} INFO - Setting next_dagrun for my_daily_dag to 2023-07-09T00:00:00+00:00, run_after=2023-07-10T00:00:00+00:00
[2023-07-09T16:55:54.134+0000] {processor.py:175} INFO - Processing /home/ubuntu/airflow/dags/first_dag.py took 0.907 seconds
[2023-07-09T16:56:24.573+0000] {processor.py:153} INFO - Started process (PID=6451) to work on /home/ubuntu/airflow/dags/first_dag.py
[2023-07-09T16:56:24.574+0000] {processor.py:743} INFO - Processing file /home/ubuntu/airflow/dags/first_dag.py for tasks to queue
[2023-07-09T16:56:24.575+0000] {logging_mixin.py:137} INFO - [2023-07-09T16:56:24.575+0000] {dagbag.py:538} INFO - Filling up the DagBag from /home/ubuntu/airflow/dags/first_dag.py
[2023-07-09T16:56:25.208+0000] {processor.py:753} INFO - DAG(s) dict_keys(['my_daily_dag']) retrieved from /home/ubuntu/airflow/dags/first_dag.py
[2023-07-09T16:56:25.267+0000] {logging_mixin.py:137} INFO - [2023-07-09T16:56:25.266+0000] {dag.py:2676} INFO - Sync 1 DAGs
[2023-07-09T16:56:25.302+0000] {logging_mixin.py:137} INFO - [2023-07-09T16:56:25.302+0000] {dag.py:3423} INFO - Setting next_dagrun for my_daily_dag to 2023-07-09T00:00:00+00:00, run_after=2023-07-10T00:00:00+00:00
[2023-07-09T16:56:25.330+0000] {processor.py:175} INFO - Processing /home/ubuntu/airflow/dags/first_dag.py took 0.762 seconds
[2023-07-09T16:56:55.454+0000] {processor.py:153} INFO - Started process (PID=6726) to work on /home/ubuntu/airflow/dags/first_dag.py
[2023-07-09T16:56:55.455+0000] {processor.py:743} INFO - Processing file /home/ubuntu/airflow/dags/first_dag.py for tasks to queue
[2023-07-09T16:56:55.456+0000] {logging_mixin.py:137} INFO - [2023-07-09T16:56:55.456+0000] {dagbag.py:538} INFO - Filling up the DagBag from /home/ubuntu/airflow/dags/first_dag.py
[2023-07-09T16:56:55.862+0000] {processor.py:753} INFO - DAG(s) dict_keys(['my_daily_dag']) retrieved from /home/ubuntu/airflow/dags/first_dag.py
[2023-07-09T16:56:55.919+0000] {logging_mixin.py:137} INFO - [2023-07-09T16:56:55.918+0000] {dag.py:2676} INFO - Sync 1 DAGs
[2023-07-09T16:56:55.951+0000] {logging_mixin.py:137} INFO - [2023-07-09T16:56:55.951+0000] {dag.py:3423} INFO - Setting next_dagrun for my_daily_dag to 2023-07-09T00:00:00+00:00, run_after=2023-07-10T00:00:00+00:00
[2023-07-09T16:56:55.989+0000] {processor.py:175} INFO - Processing /home/ubuntu/airflow/dags/first_dag.py took 0.539 seconds
[2023-07-09T16:57:26.152+0000] {processor.py:153} INFO - Started process (PID=6943) to work on /home/ubuntu/airflow/dags/first_dag.py
[2023-07-09T16:57:26.154+0000] {processor.py:743} INFO - Processing file /home/ubuntu/airflow/dags/first_dag.py for tasks to queue
[2023-07-09T16:57:26.155+0000] {logging_mixin.py:137} INFO - [2023-07-09T16:57:26.155+0000] {dagbag.py:538} INFO - Filling up the DagBag from /home/ubuntu/airflow/dags/first_dag.py
[2023-07-09T16:57:26.813+0000] {processor.py:753} INFO - DAG(s) dict_keys(['my_daily_dag']) retrieved from /home/ubuntu/airflow/dags/first_dag.py
[2023-07-09T16:57:26.869+0000] {logging_mixin.py:137} INFO - [2023-07-09T16:57:26.868+0000] {dag.py:2676} INFO - Sync 1 DAGs
[2023-07-09T16:57:26.899+0000] {logging_mixin.py:137} INFO - [2023-07-09T16:57:26.899+0000] {dag.py:3423} INFO - Setting next_dagrun for my_daily_dag to 2023-07-09T00:00:00+00:00, run_after=2023-07-10T00:00:00+00:00
[2023-07-09T16:57:26.919+0000] {processor.py:175} INFO - Processing /home/ubuntu/airflow/dags/first_dag.py took 0.773 seconds
[2023-07-09T16:57:57.606+0000] {processor.py:153} INFO - Started process (PID=7191) to work on /home/ubuntu/airflow/dags/first_dag.py
[2023-07-09T16:57:57.608+0000] {processor.py:743} INFO - Processing file /home/ubuntu/airflow/dags/first_dag.py for tasks to queue
[2023-07-09T16:57:57.609+0000] {logging_mixin.py:137} INFO - [2023-07-09T16:57:57.608+0000] {dagbag.py:538} INFO - Filling up the DagBag from /home/ubuntu/airflow/dags/first_dag.py
[2023-07-09T16:57:58.308+0000] {processor.py:753} INFO - DAG(s) dict_keys(['my_daily_dag']) retrieved from /home/ubuntu/airflow/dags/first_dag.py
[2023-07-09T16:57:58.365+0000] {logging_mixin.py:137} INFO - [2023-07-09T16:57:58.365+0000] {dag.py:2676} INFO - Sync 1 DAGs
[2023-07-09T16:57:58.397+0000] {logging_mixin.py:137} INFO - [2023-07-09T16:57:58.396+0000] {dag.py:3423} INFO - Setting next_dagrun for my_daily_dag to 2023-07-09T00:00:00+00:00, run_after=2023-07-10T00:00:00+00:00
[2023-07-09T16:57:58.420+0000] {processor.py:175} INFO - Processing /home/ubuntu/airflow/dags/first_dag.py took 0.818 seconds
[2023-07-09T16:58:28.640+0000] {processor.py:153} INFO - Started process (PID=7426) to work on /home/ubuntu/airflow/dags/first_dag.py
[2023-07-09T16:58:28.642+0000] {processor.py:743} INFO - Processing file /home/ubuntu/airflow/dags/first_dag.py for tasks to queue
[2023-07-09T16:58:28.644+0000] {logging_mixin.py:137} INFO - [2023-07-09T16:58:28.643+0000] {dagbag.py:538} INFO - Filling up the DagBag from /home/ubuntu/airflow/dags/first_dag.py
[2023-07-09T16:58:29.299+0000] {processor.py:753} INFO - DAG(s) dict_keys(['my_daily_dag']) retrieved from /home/ubuntu/airflow/dags/first_dag.py
[2023-07-09T16:58:29.365+0000] {logging_mixin.py:137} INFO - [2023-07-09T16:58:29.364+0000] {dag.py:2676} INFO - Sync 1 DAGs
[2023-07-09T16:58:29.402+0000] {logging_mixin.py:137} INFO - [2023-07-09T16:58:29.401+0000] {dag.py:3423} INFO - Setting next_dagrun for my_daily_dag to 2023-07-09T00:00:00+00:00, run_after=2023-07-10T00:00:00+00:00
[2023-07-09T16:58:29.429+0000] {processor.py:175} INFO - Processing /home/ubuntu/airflow/dags/first_dag.py took 0.794 seconds
[2023-07-09T16:58:59.730+0000] {processor.py:153} INFO - Started process (PID=7680) to work on /home/ubuntu/airflow/dags/first_dag.py
[2023-07-09T16:58:59.731+0000] {processor.py:743} INFO - Processing file /home/ubuntu/airflow/dags/first_dag.py for tasks to queue
[2023-07-09T16:58:59.732+0000] {logging_mixin.py:137} INFO - [2023-07-09T16:58:59.732+0000] {dagbag.py:538} INFO - Filling up the DagBag from /home/ubuntu/airflow/dags/first_dag.py
[2023-07-09T16:59:00.304+0000] {processor.py:753} INFO - DAG(s) dict_keys(['my_daily_dag']) retrieved from /home/ubuntu/airflow/dags/first_dag.py
[2023-07-09T16:59:00.361+0000] {logging_mixin.py:137} INFO - [2023-07-09T16:59:00.361+0000] {dag.py:2676} INFO - Sync 1 DAGs
[2023-07-09T16:59:00.384+0000] {logging_mixin.py:137} INFO - [2023-07-09T16:59:00.384+0000] {dag.py:3423} INFO - Setting next_dagrun for my_daily_dag to 2023-07-09T00:00:00+00:00, run_after=2023-07-10T00:00:00+00:00
[2023-07-09T16:59:00.403+0000] {processor.py:175} INFO - Processing /home/ubuntu/airflow/dags/first_dag.py took 0.677 seconds
[2023-07-09T16:59:31.246+0000] {processor.py:153} INFO - Started process (PID=7917) to work on /home/ubuntu/airflow/dags/first_dag.py
[2023-07-09T16:59:31.249+0000] {processor.py:743} INFO - Processing file /home/ubuntu/airflow/dags/first_dag.py for tasks to queue
[2023-07-09T16:59:31.250+0000] {logging_mixin.py:137} INFO - [2023-07-09T16:59:31.250+0000] {dagbag.py:538} INFO - Filling up the DagBag from /home/ubuntu/airflow/dags/first_dag.py
[2023-07-09T16:59:31.912+0000] {processor.py:753} INFO - DAG(s) dict_keys(['my_daily_dag']) retrieved from /home/ubuntu/airflow/dags/first_dag.py
[2023-07-09T16:59:31.970+0000] {logging_mixin.py:137} INFO - [2023-07-09T16:59:31.970+0000] {dag.py:2676} INFO - Sync 1 DAGs
[2023-07-09T16:59:32.023+0000] {logging_mixin.py:137} INFO - [2023-07-09T16:59:32.023+0000] {dag.py:3423} INFO - Setting next_dagrun for my_daily_dag to 2023-07-09T00:00:00+00:00, run_after=2023-07-10T00:00:00+00:00
[2023-07-09T16:59:32.048+0000] {processor.py:175} INFO - Processing /home/ubuntu/airflow/dags/first_dag.py took 0.806 seconds
[2023-07-09T17:00:28.601+0000] {processor.py:153} INFO - Started process (PID=8500) to work on /home/ubuntu/airflow/dags/first_dag.py
[2023-07-09T17:00:28.604+0000] {processor.py:743} INFO - Processing file /home/ubuntu/airflow/dags/first_dag.py for tasks to queue
[2023-07-09T17:00:28.605+0000] {logging_mixin.py:137} INFO - [2023-07-09T17:00:28.604+0000] {dagbag.py:538} INFO - Filling up the DagBag from /home/ubuntu/airflow/dags/first_dag.py
[2023-07-09T17:00:29.374+0000] {processor.py:753} INFO - DAG(s) dict_keys(['my_daily_dag']) retrieved from /home/ubuntu/airflow/dags/first_dag.py
[2023-07-09T17:00:29.471+0000] {logging_mixin.py:137} INFO - [2023-07-09T17:00:29.471+0000] {dag.py:2676} INFO - Sync 1 DAGs
[2023-07-09T17:00:29.515+0000] {logging_mixin.py:137} INFO - [2023-07-09T17:00:29.515+0000] {dag.py:3423} INFO - Setting next_dagrun for my_daily_dag to 2023-07-09T00:00:00+00:00, run_after=2023-07-10T00:00:00+00:00
[2023-07-09T17:00:29.548+0000] {processor.py:175} INFO - Processing /home/ubuntu/airflow/dags/first_dag.py took 0.951 seconds
[2023-07-09T17:00:59.820+0000] {processor.py:153} INFO - Started process (PID=8779) to work on /home/ubuntu/airflow/dags/first_dag.py
[2023-07-09T17:00:59.821+0000] {processor.py:743} INFO - Processing file /home/ubuntu/airflow/dags/first_dag.py for tasks to queue
[2023-07-09T17:00:59.822+0000] {logging_mixin.py:137} INFO - [2023-07-09T17:00:59.822+0000] {dagbag.py:538} INFO - Filling up the DagBag from /home/ubuntu/airflow/dags/first_dag.py
[2023-07-09T17:01:00.663+0000] {processor.py:753} INFO - DAG(s) dict_keys(['my_daily_dag']) retrieved from /home/ubuntu/airflow/dags/first_dag.py
[2023-07-09T17:01:00.731+0000] {logging_mixin.py:137} INFO - [2023-07-09T17:01:00.731+0000] {dag.py:2676} INFO - Sync 1 DAGs
[2023-07-09T17:01:00.763+0000] {logging_mixin.py:137} INFO - [2023-07-09T17:01:00.762+0000] {dag.py:3423} INFO - Setting next_dagrun for my_daily_dag to 2023-07-09T00:00:00+00:00, run_after=2023-07-10T00:00:00+00:00
[2023-07-09T17:01:00.789+0000] {processor.py:175} INFO - Processing /home/ubuntu/airflow/dags/first_dag.py took 0.975 seconds
[2023-07-09T17:01:31.534+0000] {processor.py:153} INFO - Started process (PID=9026) to work on /home/ubuntu/airflow/dags/first_dag.py
[2023-07-09T17:01:31.536+0000] {processor.py:743} INFO - Processing file /home/ubuntu/airflow/dags/first_dag.py for tasks to queue
[2023-07-09T17:01:31.537+0000] {logging_mixin.py:137} INFO - [2023-07-09T17:01:31.537+0000] {dagbag.py:538} INFO - Filling up the DagBag from /home/ubuntu/airflow/dags/first_dag.py
[2023-07-09T17:01:32.289+0000] {processor.py:753} INFO - DAG(s) dict_keys(['my_daily_dag']) retrieved from /home/ubuntu/airflow/dags/first_dag.py
[2023-07-09T17:01:32.357+0000] {logging_mixin.py:137} INFO - [2023-07-09T17:01:32.357+0000] {dag.py:2676} INFO - Sync 1 DAGs
[2023-07-09T17:01:32.387+0000] {logging_mixin.py:137} INFO - [2023-07-09T17:01:32.387+0000] {dag.py:3423} INFO - Setting next_dagrun for my_daily_dag to 2023-07-09T00:00:00+00:00, run_after=2023-07-10T00:00:00+00:00
[2023-07-09T17:01:32.408+0000] {processor.py:175} INFO - Processing /home/ubuntu/airflow/dags/first_dag.py took 0.892 seconds
[2023-07-09T17:02:02.493+0000] {processor.py:153} INFO - Started process (PID=9299) to work on /home/ubuntu/airflow/dags/first_dag.py
[2023-07-09T17:02:02.494+0000] {processor.py:743} INFO - Processing file /home/ubuntu/airflow/dags/first_dag.py for tasks to queue
[2023-07-09T17:02:02.495+0000] {logging_mixin.py:137} INFO - [2023-07-09T17:02:02.495+0000] {dagbag.py:538} INFO - Filling up the DagBag from /home/ubuntu/airflow/dags/first_dag.py
[2023-07-09T17:02:03.283+0000] {processor.py:753} INFO - DAG(s) dict_keys(['my_daily_dag']) retrieved from /home/ubuntu/airflow/dags/first_dag.py
[2023-07-09T17:02:03.346+0000] {logging_mixin.py:137} INFO - [2023-07-09T17:02:03.346+0000] {dag.py:2676} INFO - Sync 1 DAGs
[2023-07-09T17:02:03.381+0000] {logging_mixin.py:137} INFO - [2023-07-09T17:02:03.380+0000] {dag.py:3423} INFO - Setting next_dagrun for my_daily_dag to 2023-07-09T00:00:00+00:00, run_after=2023-07-10T00:00:00+00:00
[2023-07-09T17:02:03.406+0000] {processor.py:175} INFO - Processing /home/ubuntu/airflow/dags/first_dag.py took 0.917 seconds
[2023-07-09T17:02:33.738+0000] {processor.py:153} INFO - Started process (PID=9536) to work on /home/ubuntu/airflow/dags/first_dag.py
[2023-07-09T17:02:33.741+0000] {processor.py:743} INFO - Processing file /home/ubuntu/airflow/dags/first_dag.py for tasks to queue
[2023-07-09T17:02:33.742+0000] {logging_mixin.py:137} INFO - [2023-07-09T17:02:33.741+0000] {dagbag.py:538} INFO - Filling up the DagBag from /home/ubuntu/airflow/dags/first_dag.py
[2023-07-09T17:02:34.390+0000] {processor.py:753} INFO - DAG(s) dict_keys(['my_daily_dag']) retrieved from /home/ubuntu/airflow/dags/first_dag.py
[2023-07-09T17:02:34.452+0000] {logging_mixin.py:137} INFO - [2023-07-09T17:02:34.452+0000] {dag.py:2676} INFO - Sync 1 DAGs
[2023-07-09T17:02:34.483+0000] {logging_mixin.py:137} INFO - [2023-07-09T17:02:34.483+0000] {dag.py:3423} INFO - Setting next_dagrun for my_daily_dag to 2023-07-09T00:00:00+00:00, run_after=2023-07-10T00:00:00+00:00
[2023-07-09T17:02:34.507+0000] {processor.py:175} INFO - Processing /home/ubuntu/airflow/dags/first_dag.py took 0.774 seconds
[2023-07-09T17:03:04.684+0000] {processor.py:153} INFO - Started process (PID=9788) to work on /home/ubuntu/airflow/dags/first_dag.py
[2023-07-09T17:03:04.685+0000] {processor.py:743} INFO - Processing file /home/ubuntu/airflow/dags/first_dag.py for tasks to queue
[2023-07-09T17:03:04.686+0000] {logging_mixin.py:137} INFO - [2023-07-09T17:03:04.686+0000] {dagbag.py:538} INFO - Filling up the DagBag from /home/ubuntu/airflow/dags/first_dag.py
[2023-07-09T17:03:05.360+0000] {processor.py:753} INFO - DAG(s) dict_keys(['my_daily_dag']) retrieved from /home/ubuntu/airflow/dags/first_dag.py
[2023-07-09T17:03:05.433+0000] {logging_mixin.py:137} INFO - [2023-07-09T17:03:05.433+0000] {dag.py:2676} INFO - Sync 1 DAGs
[2023-07-09T17:03:05.474+0000] {logging_mixin.py:137} INFO - [2023-07-09T17:03:05.474+0000] {dag.py:3423} INFO - Setting next_dagrun for my_daily_dag to 2023-07-09T00:00:00+00:00, run_after=2023-07-10T00:00:00+00:00
[2023-07-09T17:03:05.498+0000] {processor.py:175} INFO - Processing /home/ubuntu/airflow/dags/first_dag.py took 0.819 seconds
[2023-07-09T17:03:35.988+0000] {processor.py:153} INFO - Started process (PID=10044) to work on /home/ubuntu/airflow/dags/first_dag.py
[2023-07-09T17:03:35.989+0000] {processor.py:743} INFO - Processing file /home/ubuntu/airflow/dags/first_dag.py for tasks to queue
[2023-07-09T17:03:35.991+0000] {logging_mixin.py:137} INFO - [2023-07-09T17:03:35.990+0000] {dagbag.py:538} INFO - Filling up the DagBag from /home/ubuntu/airflow/dags/first_dag.py
[2023-07-09T17:03:36.528+0000] {processor.py:753} INFO - DAG(s) dict_keys(['my_daily_dag']) retrieved from /home/ubuntu/airflow/dags/first_dag.py
[2023-07-09T17:03:36.580+0000] {logging_mixin.py:137} INFO - [2023-07-09T17:03:36.580+0000] {dag.py:2676} INFO - Sync 1 DAGs
[2023-07-09T17:03:36.606+0000] {logging_mixin.py:137} INFO - [2023-07-09T17:03:36.606+0000] {dag.py:3423} INFO - Setting next_dagrun for my_daily_dag to 2023-07-09T00:00:00+00:00, run_after=2023-07-10T00:00:00+00:00
[2023-07-09T17:03:36.623+0000] {processor.py:175} INFO - Processing /home/ubuntu/airflow/dags/first_dag.py took 0.641 seconds
[2023-07-09T17:04:06.806+0000] {processor.py:153} INFO - Started process (PID=10279) to work on /home/ubuntu/airflow/dags/first_dag.py
[2023-07-09T17:04:06.807+0000] {processor.py:743} INFO - Processing file /home/ubuntu/airflow/dags/first_dag.py for tasks to queue
[2023-07-09T17:04:06.807+0000] {logging_mixin.py:137} INFO - [2023-07-09T17:04:06.807+0000] {dagbag.py:538} INFO - Filling up the DagBag from /home/ubuntu/airflow/dags/first_dag.py
[2023-07-09T17:04:07.225+0000] {processor.py:753} INFO - DAG(s) dict_keys(['my_daily_dag']) retrieved from /home/ubuntu/airflow/dags/first_dag.py
[2023-07-09T17:04:07.313+0000] {logging_mixin.py:137} INFO - [2023-07-09T17:04:07.313+0000] {dag.py:2676} INFO - Sync 1 DAGs
[2023-07-09T17:04:07.342+0000] {logging_mixin.py:137} INFO - [2023-07-09T17:04:07.342+0000] {dag.py:3423} INFO - Setting next_dagrun for my_daily_dag to 2023-07-09T00:00:00+00:00, run_after=2023-07-10T00:00:00+00:00
[2023-07-09T17:04:07.362+0000] {processor.py:175} INFO - Processing /home/ubuntu/airflow/dags/first_dag.py took 0.561 seconds
[2023-07-09T17:04:37.560+0000] {processor.py:153} INFO - Started process (PID=10513) to work on /home/ubuntu/airflow/dags/first_dag.py
[2023-07-09T17:04:37.564+0000] {processor.py:743} INFO - Processing file /home/ubuntu/airflow/dags/first_dag.py for tasks to queue
[2023-07-09T17:04:37.565+0000] {logging_mixin.py:137} INFO - [2023-07-09T17:04:37.564+0000] {dagbag.py:538} INFO - Filling up the DagBag from /home/ubuntu/airflow/dags/first_dag.py
[2023-07-09T17:04:38.210+0000] {processor.py:753} INFO - DAG(s) dict_keys(['my_daily_dag']) retrieved from /home/ubuntu/airflow/dags/first_dag.py
[2023-07-09T17:04:38.270+0000] {logging_mixin.py:137} INFO - [2023-07-09T17:04:38.270+0000] {dag.py:2676} INFO - Sync 1 DAGs
[2023-07-09T17:04:38.300+0000] {logging_mixin.py:137} INFO - [2023-07-09T17:04:38.300+0000] {dag.py:3423} INFO - Setting next_dagrun for my_daily_dag to 2023-07-09T00:00:00+00:00, run_after=2023-07-10T00:00:00+00:00
[2023-07-09T17:04:38.322+0000] {processor.py:175} INFO - Processing /home/ubuntu/airflow/dags/first_dag.py took 0.769 seconds
[2023-07-09T17:05:53.534+0000] {processor.py:153} INFO - Started process (PID=10914) to work on /home/ubuntu/airflow/dags/first_dag.py
[2023-07-09T17:05:53.538+0000] {processor.py:743} INFO - Processing file /home/ubuntu/airflow/dags/first_dag.py for tasks to queue
[2023-07-09T17:05:53.547+0000] {logging_mixin.py:137} INFO - [2023-07-09T17:05:53.539+0000] {dagbag.py:538} INFO - Filling up the DagBag from /home/ubuntu/airflow/dags/first_dag.py
[2023-07-09T17:05:55.723+0000] {processor.py:753} INFO - DAG(s) dict_keys(['my_daily_dag']) retrieved from /home/ubuntu/airflow/dags/first_dag.py
[2023-07-09T17:05:55.855+0000] {logging_mixin.py:137} INFO - [2023-07-09T17:05:55.855+0000] {dag.py:2676} INFO - Sync 1 DAGs
[2023-07-09T17:05:55.939+0000] {logging_mixin.py:137} INFO - [2023-07-09T17:05:55.938+0000] {dag.py:3423} INFO - Setting next_dagrun for my_daily_dag to 2023-07-09T00:00:00+00:00, run_after=2023-07-10T00:00:00+00:00
[2023-07-09T17:05:56.047+0000] {processor.py:175} INFO - Processing /home/ubuntu/airflow/dags/first_dag.py took 2.518 seconds
[2023-07-09T17:06:26.242+0000] {processor.py:153} INFO - Started process (PID=11295) to work on /home/ubuntu/airflow/dags/first_dag.py
[2023-07-09T17:06:26.244+0000] {processor.py:743} INFO - Processing file /home/ubuntu/airflow/dags/first_dag.py for tasks to queue
[2023-07-09T17:06:26.245+0000] {logging_mixin.py:137} INFO - [2023-07-09T17:06:26.244+0000] {dagbag.py:538} INFO - Filling up the DagBag from /home/ubuntu/airflow/dags/first_dag.py
[2023-07-09T17:06:26.908+0000] {processor.py:753} INFO - DAG(s) dict_keys(['my_daily_dag']) retrieved from /home/ubuntu/airflow/dags/first_dag.py
[2023-07-09T17:06:26.972+0000] {logging_mixin.py:137} INFO - [2023-07-09T17:06:26.972+0000] {dag.py:2676} INFO - Sync 1 DAGs
[2023-07-09T17:06:27.005+0000] {logging_mixin.py:137} INFO - [2023-07-09T17:06:27.005+0000] {dag.py:3423} INFO - Setting next_dagrun for my_daily_dag to 2023-07-09T00:00:00+00:00, run_after=2023-07-10T00:00:00+00:00
[2023-07-09T17:06:27.039+0000] {processor.py:175} INFO - Processing /home/ubuntu/airflow/dags/first_dag.py took 0.807 seconds
[2023-07-09T17:07:24.062+0000] {processor.py:153} INFO - Started process (PID=11731) to work on /home/ubuntu/airflow/dags/first_dag.py
[2023-07-09T17:07:24.063+0000] {processor.py:743} INFO - Processing file /home/ubuntu/airflow/dags/first_dag.py for tasks to queue
[2023-07-09T17:07:24.064+0000] {logging_mixin.py:137} INFO - [2023-07-09T17:07:24.064+0000] {dagbag.py:538} INFO - Filling up the DagBag from /home/ubuntu/airflow/dags/first_dag.py
[2023-07-09T17:07:24.786+0000] {processor.py:753} INFO - DAG(s) dict_keys(['my_daily_dag']) retrieved from /home/ubuntu/airflow/dags/first_dag.py
[2023-07-09T17:07:24.862+0000] {logging_mixin.py:137} INFO - [2023-07-09T17:07:24.862+0000] {dag.py:2676} INFO - Sync 1 DAGs
[2023-07-09T17:07:24.896+0000] {logging_mixin.py:137} INFO - [2023-07-09T17:07:24.896+0000] {dag.py:3423} INFO - Setting next_dagrun for my_daily_dag to 2023-07-09T00:00:00+00:00, run_after=2023-07-10T00:00:00+00:00
[2023-07-09T17:07:24.940+0000] {processor.py:175} INFO - Processing /home/ubuntu/airflow/dags/first_dag.py took 0.882 seconds
[2023-07-09T17:07:55.081+0000] {processor.py:153} INFO - Started process (PID=12021) to work on /home/ubuntu/airflow/dags/first_dag.py
[2023-07-09T17:07:55.083+0000] {processor.py:743} INFO - Processing file /home/ubuntu/airflow/dags/first_dag.py for tasks to queue
[2023-07-09T17:07:55.083+0000] {logging_mixin.py:137} INFO - [2023-07-09T17:07:55.083+0000] {dagbag.py:538} INFO - Filling up the DagBag from /home/ubuntu/airflow/dags/first_dag.py
[2023-07-09T17:07:55.679+0000] {processor.py:753} INFO - DAG(s) dict_keys(['my_daily_dag']) retrieved from /home/ubuntu/airflow/dags/first_dag.py
[2023-07-09T17:07:55.723+0000] {logging_mixin.py:137} INFO - [2023-07-09T17:07:55.723+0000] {dag.py:2676} INFO - Sync 1 DAGs
[2023-07-09T17:07:55.745+0000] {logging_mixin.py:137} INFO - [2023-07-09T17:07:55.745+0000] {dag.py:3423} INFO - Setting next_dagrun for my_daily_dag to 2023-07-09T00:00:00+00:00, run_after=2023-07-10T00:00:00+00:00
[2023-07-09T17:07:55.762+0000] {processor.py:175} INFO - Processing /home/ubuntu/airflow/dags/first_dag.py took 0.685 seconds
[2023-07-09T17:08:26.384+0000] {processor.py:153} INFO - Started process (PID=12257) to work on /home/ubuntu/airflow/dags/first_dag.py
[2023-07-09T17:08:26.386+0000] {processor.py:743} INFO - Processing file /home/ubuntu/airflow/dags/first_dag.py for tasks to queue
[2023-07-09T17:08:26.392+0000] {logging_mixin.py:137} INFO - [2023-07-09T17:08:26.391+0000] {dagbag.py:538} INFO - Filling up the DagBag from /home/ubuntu/airflow/dags/first_dag.py
[2023-07-09T17:08:27.037+0000] {processor.py:753} INFO - DAG(s) dict_keys(['my_daily_dag']) retrieved from /home/ubuntu/airflow/dags/first_dag.py
[2023-07-09T17:08:27.096+0000] {logging_mixin.py:137} INFO - [2023-07-09T17:08:27.096+0000] {dag.py:2676} INFO - Sync 1 DAGs
[2023-07-09T17:08:27.126+0000] {logging_mixin.py:137} INFO - [2023-07-09T17:08:27.125+0000] {dag.py:3423} INFO - Setting next_dagrun for my_daily_dag to 2023-07-09T00:00:00+00:00, run_after=2023-07-10T00:00:00+00:00
[2023-07-09T17:08:27.147+0000] {processor.py:175} INFO - Processing /home/ubuntu/airflow/dags/first_dag.py took 0.768 seconds
[2023-07-09T17:09:04.356+0000] {processor.py:153} INFO - Started process (PID=12698) to work on /home/ubuntu/airflow/dags/first_dag.py
[2023-07-09T17:09:04.358+0000] {processor.py:743} INFO - Processing file /home/ubuntu/airflow/dags/first_dag.py for tasks to queue
[2023-07-09T17:09:04.358+0000] {logging_mixin.py:137} INFO - [2023-07-09T17:09:04.358+0000] {dagbag.py:538} INFO - Filling up the DagBag from /home/ubuntu/airflow/dags/first_dag.py
[2023-07-09T17:09:04.968+0000] {processor.py:753} INFO - DAG(s) dict_keys(['my_daily_dag']) retrieved from /home/ubuntu/airflow/dags/first_dag.py
[2023-07-09T17:09:05.035+0000] {logging_mixin.py:137} INFO - [2023-07-09T17:09:05.035+0000] {dag.py:2676} INFO - Sync 1 DAGs
[2023-07-09T17:09:05.067+0000] {logging_mixin.py:137} INFO - [2023-07-09T17:09:05.066+0000] {dag.py:3423} INFO - Setting next_dagrun for my_daily_dag to 2023-07-09T00:00:00+00:00, run_after=2023-07-10T00:00:00+00:00
[2023-07-09T17:09:05.092+0000] {processor.py:175} INFO - Processing /home/ubuntu/airflow/dags/first_dag.py took 0.749 seconds
[2023-07-09T17:09:35.290+0000] {processor.py:153} INFO - Started process (PID=12998) to work on /home/ubuntu/airflow/dags/first_dag.py
[2023-07-09T17:09:35.292+0000] {processor.py:743} INFO - Processing file /home/ubuntu/airflow/dags/first_dag.py for tasks to queue
[2023-07-09T17:09:35.293+0000] {logging_mixin.py:137} INFO - [2023-07-09T17:09:35.293+0000] {dagbag.py:538} INFO - Filling up the DagBag from /home/ubuntu/airflow/dags/first_dag.py
[2023-07-09T17:09:35.873+0000] {processor.py:753} INFO - DAG(s) dict_keys(['my_daily_dag']) retrieved from /home/ubuntu/airflow/dags/first_dag.py
[2023-07-09T17:09:35.934+0000] {logging_mixin.py:137} INFO - [2023-07-09T17:09:35.934+0000] {dag.py:2676} INFO - Sync 1 DAGs
[2023-07-09T17:09:35.970+0000] {logging_mixin.py:137} INFO - [2023-07-09T17:09:35.969+0000] {dag.py:3423} INFO - Setting next_dagrun for my_daily_dag to 2023-07-09T00:00:00+00:00, run_after=2023-07-10T00:00:00+00:00
[2023-07-09T17:09:36.029+0000] {processor.py:175} INFO - Processing /home/ubuntu/airflow/dags/first_dag.py took 0.743 seconds
[2023-07-09T17:10:06.300+0000] {processor.py:153} INFO - Started process (PID=13254) to work on /home/ubuntu/airflow/dags/first_dag.py
[2023-07-09T17:10:06.302+0000] {processor.py:743} INFO - Processing file /home/ubuntu/airflow/dags/first_dag.py for tasks to queue
[2023-07-09T17:10:06.303+0000] {logging_mixin.py:137} INFO - [2023-07-09T17:10:06.303+0000] {dagbag.py:538} INFO - Filling up the DagBag from /home/ubuntu/airflow/dags/first_dag.py
[2023-07-09T17:10:07.083+0000] {processor.py:753} INFO - DAG(s) dict_keys(['my_daily_dag']) retrieved from /home/ubuntu/airflow/dags/first_dag.py
[2023-07-09T17:10:07.152+0000] {logging_mixin.py:137} INFO - [2023-07-09T17:10:07.151+0000] {dag.py:2676} INFO - Sync 1 DAGs
[2023-07-09T17:10:07.187+0000] {logging_mixin.py:137} INFO - [2023-07-09T17:10:07.187+0000] {dag.py:3423} INFO - Setting next_dagrun for my_daily_dag to 2023-07-09T00:00:00+00:00, run_after=2023-07-10T00:00:00+00:00
[2023-07-09T17:10:07.221+0000] {processor.py:175} INFO - Processing /home/ubuntu/airflow/dags/first_dag.py took 0.926 seconds
