[2023-07-11T15:02:23.606+0000] {taskinstance.py:1087} INFO - Dependencies all met for <TaskInstance: real_estate_etl_dag.extract_task manual__2023-07-11T15:02:22.500420+00:00 [queued]>
[2023-07-11T15:02:23.620+0000] {taskinstance.py:1087} INFO - Dependencies all met for <TaskInstance: real_estate_etl_dag.extract_task manual__2023-07-11T15:02:22.500420+00:00 [queued]>
[2023-07-11T15:02:23.620+0000] {taskinstance.py:1283} INFO - 
--------------------------------------------------------------------------------
[2023-07-11T15:02:23.620+0000] {taskinstance.py:1284} INFO - Starting attempt 1 of 4
[2023-07-11T15:02:23.620+0000] {taskinstance.py:1285} INFO - 
--------------------------------------------------------------------------------
[2023-07-11T15:02:23.639+0000] {taskinstance.py:1304} INFO - Executing <Task(PythonOperator): extract_task> on 2023-07-11 15:02:22.500420+00:00
[2023-07-11T15:02:23.647+0000] {standard_task_runner.py:55} INFO - Started process 50087 to run task
[2023-07-11T15:02:23.652+0000] {standard_task_runner.py:82} INFO - Running: ['***', 'tasks', 'run', 'real_estate_etl_dag', 'extract_task', 'manual__2023-07-11T15:02:22.500420+00:00', '--job-id', '113', '--raw', '--subdir', 'DAGS_FOLDER/real_estate_etl_dag.py', '--cfg-path', '/tmp/tmpv66hu__x']
[2023-07-11T15:02:23.655+0000] {standard_task_runner.py:83} INFO - Job 113: Subtask extract_task
[2023-07-11T15:02:23.800+0000] {task_command.py:389} INFO - Running <TaskInstance: real_estate_etl_dag.extract_task manual__2023-07-11T15:02:22.500420+00:00 [running]> on host ip-172-31-34-219.ap-southeast-2.compute.internal
[2023-07-11T15:02:23.977+0000] {taskinstance.py:1511} INFO - Exporting the following env vars:
AIRFLOW_CTX_DAG_OWNER=***
AIRFLOW_CTX_DAG_ID=real_estate_etl_dag
AIRFLOW_CTX_TASK_ID=extract_task
AIRFLOW_CTX_EXECUTION_DATE=2023-07-11T15:02:22.500420+00:00
AIRFLOW_CTX_TRY_NUMBER=1
AIRFLOW_CTX_DAG_RUN_ID=manual__2023-07-11T15:02:22.500420+00:00
[2023-07-11T15:03:05.234+0000] {logging_mixin.py:137} INFO - Last page exceeded.
[2023-07-11T15:03:05.324+0000] {python.py:177} INFO - Done. Returned value was: None
[2023-07-11T15:03:05.348+0000] {taskinstance.py:1322} INFO - Marking task as SUCCESS. dag_id=real_estate_etl_dag, task_id=extract_task, execution_date=20230711T150222, start_date=20230711T150223, end_date=20230711T150305
[2023-07-11T15:03:05.408+0000] {local_task_job.py:159} INFO - Task exited with return code 0
[2023-07-11T15:03:05.445+0000] {taskinstance.py:2582} INFO - 1 downstream tasks scheduled from follow-on schedule check
