[2023-07-11T14:31:33.550+0000] {taskinstance.py:1087} INFO - Dependencies all met for <TaskInstance: real_estate_etl_dag.extract_task manual__2023-07-11T14:31:31.755758+00:00 [queued]>
[2023-07-11T14:31:33.567+0000] {taskinstance.py:1087} INFO - Dependencies all met for <TaskInstance: real_estate_etl_dag.extract_task manual__2023-07-11T14:31:31.755758+00:00 [queued]>
[2023-07-11T14:31:33.567+0000] {taskinstance.py:1283} INFO - 
--------------------------------------------------------------------------------
[2023-07-11T14:31:33.567+0000] {taskinstance.py:1284} INFO - Starting attempt 1 of 4
[2023-07-11T14:31:33.567+0000] {taskinstance.py:1285} INFO - 
--------------------------------------------------------------------------------
[2023-07-11T14:31:33.583+0000] {taskinstance.py:1304} INFO - Executing <Task(PythonOperator): extract_task> on 2023-07-11 14:31:31.755758+00:00
[2023-07-11T14:31:33.590+0000] {standard_task_runner.py:55} INFO - Started process 35257 to run task
[2023-07-11T14:31:33.595+0000] {standard_task_runner.py:82} INFO - Running: ['***', 'tasks', 'run', 'real_estate_etl_dag', 'extract_task', 'manual__2023-07-11T14:31:31.755758+00:00', '--job-id', '74', '--raw', '--subdir', 'DAGS_FOLDER/real_estate_etl_dag.py', '--cfg-path', '/tmp/tmp8xivy0hj']
[2023-07-11T14:31:33.597+0000] {standard_task_runner.py:83} INFO - Job 74: Subtask extract_task
[2023-07-11T14:31:33.781+0000] {task_command.py:389} INFO - Running <TaskInstance: real_estate_etl_dag.extract_task manual__2023-07-11T14:31:31.755758+00:00 [running]> on host ip-172-31-34-219.ap-southeast-2.compute.internal
[2023-07-11T14:31:33.933+0000] {taskinstance.py:1511} INFO - Exporting the following env vars:
AIRFLOW_CTX_DAG_OWNER=***
AIRFLOW_CTX_DAG_ID=real_estate_etl_dag
AIRFLOW_CTX_TASK_ID=extract_task
AIRFLOW_CTX_EXECUTION_DATE=2023-07-11T14:31:31.755758+00:00
AIRFLOW_CTX_TRY_NUMBER=1
AIRFLOW_CTX_DAG_RUN_ID=manual__2023-07-11T14:31:31.755758+00:00
[2023-07-11T14:32:19.997+0000] {logging_mixin.py:137} INFO - Last page exceeded.
[2023-07-11T14:32:20.053+0000] {python.py:177} INFO - Done. Returned value was: None
[2023-07-11T14:32:20.094+0000] {taskinstance.py:1322} INFO - Marking task as SUCCESS. dag_id=real_estate_etl_dag, task_id=extract_task, execution_date=20230711T143131, start_date=20230711T143133, end_date=20230711T143220
[2023-07-11T14:32:20.133+0000] {local_task_job.py:159} INFO - Task exited with return code 0
[2023-07-11T14:32:20.184+0000] {taskinstance.py:2582} INFO - 1 downstream tasks scheduled from follow-on schedule check
