[2023-07-18T07:04:33.076+0000] {taskinstance.py:1087} INFO - Dependencies all met for <TaskInstance: real_estate_etl_dag.extract_task scheduled__2023-07-17T07:04:30.978676+00:00 [queued]>
[2023-07-18T07:04:33.086+0000] {taskinstance.py:1087} INFO - Dependencies all met for <TaskInstance: real_estate_etl_dag.extract_task scheduled__2023-07-17T07:04:30.978676+00:00 [queued]>
[2023-07-18T07:04:33.086+0000] {taskinstance.py:1283} INFO - 
--------------------------------------------------------------------------------
[2023-07-18T07:04:33.087+0000] {taskinstance.py:1284} INFO - Starting attempt 1 of 4
[2023-07-18T07:04:33.087+0000] {taskinstance.py:1285} INFO - 
--------------------------------------------------------------------------------
[2023-07-18T07:04:33.102+0000] {taskinstance.py:1304} INFO - Executing <Task(PythonOperator): extract_task> on 2023-07-17 07:04:30.978676+00:00
[2023-07-18T07:04:33.108+0000] {standard_task_runner.py:55} INFO - Started process 2393 to run task
[2023-07-18T07:04:33.111+0000] {standard_task_runner.py:82} INFO - Running: ['***', 'tasks', 'run', 'real_estate_etl_dag', 'extract_task', 'scheduled__2023-07-17T07:04:30.978676+00:00', '--job-id', '146', '--raw', '--subdir', 'DAGS_FOLDER/real_estate_etl_dag.py', '--cfg-path', '/tmp/tmp0bthlsxs']
[2023-07-18T07:04:33.114+0000] {standard_task_runner.py:83} INFO - Job 146: Subtask extract_task
[2023-07-18T07:04:33.239+0000] {task_command.py:389} INFO - Running <TaskInstance: real_estate_etl_dag.extract_task scheduled__2023-07-17T07:04:30.978676+00:00 [running]> on host ip-172-31-34-219.ap-southeast-2.compute.internal
[2023-07-18T07:04:33.380+0000] {taskinstance.py:1511} INFO - Exporting the following env vars:
AIRFLOW_CTX_DAG_OWNER=***
AIRFLOW_CTX_DAG_ID=real_estate_etl_dag
AIRFLOW_CTX_TASK_ID=extract_task
AIRFLOW_CTX_EXECUTION_DATE=2023-07-17T07:04:30.978676+00:00
AIRFLOW_CTX_TRY_NUMBER=1
AIRFLOW_CTX_DAG_RUN_ID=scheduled__2023-07-17T07:04:30.978676+00:00
[2023-07-18T07:05:09.594+0000] {logging_mixin.py:137} INFO - Last page exceeded.
[2023-07-18T07:05:09.671+0000] {python.py:177} INFO - Done. Returned value was: None
[2023-07-18T07:05:09.728+0000] {taskinstance.py:1322} INFO - Marking task as SUCCESS. dag_id=real_estate_etl_dag, task_id=extract_task, execution_date=20230717T070430, start_date=20230718T070433, end_date=20230718T070509
[2023-07-18T07:05:09.821+0000] {local_task_job.py:159} INFO - Task exited with return code 0
[2023-07-18T07:05:09.931+0000] {taskinstance.py:2582} INFO - 0 downstream tasks scheduled from follow-on schedule check
