[2023-07-18T07:03:32.844+0000] {taskinstance.py:1087} INFO - Dependencies all met for <TaskInstance: real_estate_etl_dag.load_task manual__2023-07-11T15:15:39.857065+00:00 [queued]>
[2023-07-18T07:03:32.898+0000] {taskinstance.py:1087} INFO - Dependencies all met for <TaskInstance: real_estate_etl_dag.load_task manual__2023-07-11T15:15:39.857065+00:00 [queued]>
[2023-07-18T07:03:32.898+0000] {taskinstance.py:1283} INFO - 
--------------------------------------------------------------------------------
[2023-07-18T07:03:32.899+0000] {taskinstance.py:1284} INFO - Starting attempt 3 of 4
[2023-07-18T07:03:32.899+0000] {taskinstance.py:1285} INFO - 
--------------------------------------------------------------------------------
[2023-07-18T07:03:32.940+0000] {taskinstance.py:1304} INFO - Executing <Task(PythonOperator): load_task> on 2023-07-11 15:15:39.857065+00:00
[2023-07-18T07:03:32.948+0000] {standard_task_runner.py:55} INFO - Started process 1685 to run task
[2023-07-18T07:03:32.959+0000] {standard_task_runner.py:82} INFO - Running: ['***', 'tasks', 'run', 'real_estate_etl_dag', 'load_task', 'manual__2023-07-11T15:15:39.857065+00:00', '--job-id', '137', '--raw', '--subdir', 'DAGS_FOLDER/real_estate_etl_dag.py', '--cfg-path', '/tmp/tmpb467ko8c']
[2023-07-18T07:03:32.962+0000] {standard_task_runner.py:83} INFO - Job 137: Subtask load_task
[2023-07-18T07:03:33.421+0000] {task_command.py:389} INFO - Running <TaskInstance: real_estate_etl_dag.load_task manual__2023-07-11T15:15:39.857065+00:00 [running]> on host ip-172-31-34-219.ap-southeast-2.compute.internal
[2023-07-18T07:03:33.893+0000] {taskinstance.py:1511} INFO - Exporting the following env vars:
AIRFLOW_CTX_DAG_OWNER=***
AIRFLOW_CTX_DAG_ID=real_estate_etl_dag
AIRFLOW_CTX_TASK_ID=load_task
AIRFLOW_CTX_EXECUTION_DATE=2023-07-11T15:15:39.857065+00:00
AIRFLOW_CTX_TRY_NUMBER=3
AIRFLOW_CTX_DAG_RUN_ID=manual__2023-07-11T15:15:39.857065+00:00
[2023-07-18T07:03:33.965+0000] {logging_mixin.py:137} INFO - Connection to the database successful!
[2023-07-18T07:03:33.973+0000] {logging_mixin.py:137} INFO - Table created successfully!
[2023-07-18T07:03:34.821+0000] {logging_mixin.py:137} INFO - Data inserted successfully!
[2023-07-18T07:03:34.821+0000] {python.py:177} INFO - Done. Returned value was: None
[2023-07-18T07:03:34.875+0000] {taskinstance.py:1322} INFO - Marking task as SUCCESS. dag_id=real_estate_etl_dag, task_id=load_task, execution_date=20230711T151539, start_date=20230718T070332, end_date=20230718T070334
[2023-07-18T07:03:34.911+0000] {local_task_job.py:159} INFO - Task exited with return code 0
[2023-07-18T07:03:34.987+0000] {taskinstance.py:2582} INFO - 0 downstream tasks scheduled from follow-on schedule check
