[2023-07-11T15:03:06.581+0000] {taskinstance.py:1087} INFO - Dependencies all met for <TaskInstance: real_estate_etl_dag.transform_task manual__2023-07-11T15:02:22.500420+00:00 [queued]>
[2023-07-11T15:03:06.592+0000] {taskinstance.py:1087} INFO - Dependencies all met for <TaskInstance: real_estate_etl_dag.transform_task manual__2023-07-11T15:02:22.500420+00:00 [queued]>
[2023-07-11T15:03:06.593+0000] {taskinstance.py:1283} INFO - 
--------------------------------------------------------------------------------
[2023-07-11T15:03:06.593+0000] {taskinstance.py:1284} INFO - Starting attempt 1 of 4
[2023-07-11T15:03:06.593+0000] {taskinstance.py:1285} INFO - 
--------------------------------------------------------------------------------
[2023-07-11T15:03:06.619+0000] {taskinstance.py:1304} INFO - Executing <Task(PythonOperator): transform_task> on 2023-07-11 15:02:22.500420+00:00
[2023-07-11T15:03:06.630+0000] {standard_task_runner.py:55} INFO - Started process 50369 to run task
[2023-07-11T15:03:06.635+0000] {standard_task_runner.py:82} INFO - Running: ['***', 'tasks', 'run', 'real_estate_etl_dag', 'transform_task', 'manual__2023-07-11T15:02:22.500420+00:00', '--job-id', '114', '--raw', '--subdir', 'DAGS_FOLDER/real_estate_etl_dag.py', '--cfg-path', '/tmp/tmpx5uofvpz']
[2023-07-11T15:03:06.637+0000] {standard_task_runner.py:83} INFO - Job 114: Subtask transform_task
[2023-07-11T15:03:06.762+0000] {task_command.py:389} INFO - Running <TaskInstance: real_estate_etl_dag.transform_task manual__2023-07-11T15:02:22.500420+00:00 [running]> on host ip-172-31-34-219.ap-southeast-2.compute.internal
[2023-07-11T15:03:06.905+0000] {taskinstance.py:1511} INFO - Exporting the following env vars:
AIRFLOW_CTX_DAG_OWNER=***
AIRFLOW_CTX_DAG_ID=real_estate_etl_dag
AIRFLOW_CTX_TASK_ID=transform_task
AIRFLOW_CTX_EXECUTION_DATE=2023-07-11T15:02:22.500420+00:00
AIRFLOW_CTX_TRY_NUMBER=1
AIRFLOW_CTX_DAG_RUN_ID=manual__2023-07-11T15:02:22.500420+00:00
[2023-07-11T15:03:07.000+0000] {python.py:177} INFO - Done. Returned value was: None
[2023-07-11T15:03:07.023+0000] {taskinstance.py:1322} INFO - Marking task as SUCCESS. dag_id=real_estate_etl_dag, task_id=transform_task, execution_date=20230711T150222, start_date=20230711T150306, end_date=20230711T150307
[2023-07-11T15:03:07.047+0000] {local_task_job.py:159} INFO - Task exited with return code 0
[2023-07-11T15:03:07.084+0000] {taskinstance.py:2582} INFO - 1 downstream tasks scheduled from follow-on schedule check
