[2023-07-10T04:34:20.252+0000] {processor.py:153} INFO - Started process (PID=1368) to work on /home/ubuntu/venv/lib/python3.10/site-packages/airflow/example_dags/subdags/subdag.py
[2023-07-10T04:34:20.253+0000] {processor.py:743} INFO - Processing file /home/ubuntu/venv/lib/python3.10/site-packages/airflow/example_dags/subdags/subdag.py for tasks to queue
[2023-07-10T04:34:20.253+0000] {logging_mixin.py:137} INFO - [2023-07-10T04:34:20.253+0000] {dagbag.py:538} INFO - Filling up the DagBag from /home/ubuntu/venv/lib/python3.10/site-packages/airflow/example_dags/subdags/subdag.py
[2023-07-10T04:34:20.307+0000] {processor.py:755} WARNING - No viable dags retrieved from /home/ubuntu/venv/lib/python3.10/site-packages/airflow/example_dags/subdags/subdag.py
[2023-07-10T04:34:20.519+0000] {processor.py:175} INFO - Processing /home/ubuntu/venv/lib/python3.10/site-packages/airflow/example_dags/subdags/subdag.py took 0.291 seconds
[2023-07-10T04:34:51.192+0000] {processor.py:153} INFO - Started process (PID=1723) to work on /home/ubuntu/venv/lib/python3.10/site-packages/airflow/example_dags/subdags/subdag.py
[2023-07-10T04:34:51.193+0000] {processor.py:743} INFO - Processing file /home/ubuntu/venv/lib/python3.10/site-packages/airflow/example_dags/subdags/subdag.py for tasks to queue
[2023-07-10T04:34:51.194+0000] {logging_mixin.py:137} INFO - [2023-07-10T04:34:51.194+0000] {dagbag.py:538} INFO - Filling up the DagBag from /home/ubuntu/venv/lib/python3.10/site-packages/airflow/example_dags/subdags/subdag.py
[2023-07-10T04:34:51.199+0000] {processor.py:755} WARNING - No viable dags retrieved from /home/ubuntu/venv/lib/python3.10/site-packages/airflow/example_dags/subdags/subdag.py
[2023-07-10T04:34:51.241+0000] {processor.py:175} INFO - Processing /home/ubuntu/venv/lib/python3.10/site-packages/airflow/example_dags/subdags/subdag.py took 0.054 seconds
[2023-07-10T04:35:21.676+0000] {processor.py:153} INFO - Started process (PID=1986) to work on /home/ubuntu/venv/lib/python3.10/site-packages/airflow/example_dags/subdags/subdag.py
[2023-07-10T04:35:21.678+0000] {processor.py:743} INFO - Processing file /home/ubuntu/venv/lib/python3.10/site-packages/airflow/example_dags/subdags/subdag.py for tasks to queue
[2023-07-10T04:35:21.679+0000] {logging_mixin.py:137} INFO - [2023-07-10T04:35:21.679+0000] {dagbag.py:538} INFO - Filling up the DagBag from /home/ubuntu/venv/lib/python3.10/site-packages/airflow/example_dags/subdags/subdag.py
[2023-07-10T04:35:21.687+0000] {processor.py:755} WARNING - No viable dags retrieved from /home/ubuntu/venv/lib/python3.10/site-packages/airflow/example_dags/subdags/subdag.py
[2023-07-10T04:35:21.738+0000] {processor.py:175} INFO - Processing /home/ubuntu/venv/lib/python3.10/site-packages/airflow/example_dags/subdags/subdag.py took 0.066 seconds
[2023-07-10T04:35:52.456+0000] {processor.py:153} INFO - Started process (PID=2227) to work on /home/ubuntu/venv/lib/python3.10/site-packages/airflow/example_dags/subdags/subdag.py
[2023-07-10T04:35:52.462+0000] {processor.py:743} INFO - Processing file /home/ubuntu/venv/lib/python3.10/site-packages/airflow/example_dags/subdags/subdag.py for tasks to queue
[2023-07-10T04:35:52.463+0000] {logging_mixin.py:137} INFO - [2023-07-10T04:35:52.463+0000] {dagbag.py:538} INFO - Filling up the DagBag from /home/ubuntu/venv/lib/python3.10/site-packages/airflow/example_dags/subdags/subdag.py
[2023-07-10T04:35:52.468+0000] {processor.py:755} WARNING - No viable dags retrieved from /home/ubuntu/venv/lib/python3.10/site-packages/airflow/example_dags/subdags/subdag.py
[2023-07-10T04:35:52.543+0000] {processor.py:175} INFO - Processing /home/ubuntu/venv/lib/python3.10/site-packages/airflow/example_dags/subdags/subdag.py took 0.090 seconds
