[2023-07-11T14:50:52.667+0000] {taskinstance.py:1087} INFO - Dependencies all met for <TaskInstance: real_estate_etl_dag.extract_task manual__2023-07-11T14:50:50.580554+00:00 [queued]>
[2023-07-11T14:50:52.678+0000] {taskinstance.py:1087} INFO - Dependencies all met for <TaskInstance: real_estate_etl_dag.extract_task manual__2023-07-11T14:50:50.580554+00:00 [queued]>
[2023-07-11T14:50:52.678+0000] {taskinstance.py:1283} INFO - 
--------------------------------------------------------------------------------
[2023-07-11T14:50:52.678+0000] {taskinstance.py:1284} INFO - Starting attempt 1 of 4
[2023-07-11T14:50:52.678+0000] {taskinstance.py:1285} INFO - 
--------------------------------------------------------------------------------
[2023-07-11T14:50:52.691+0000] {taskinstance.py:1304} INFO - Executing <Task(PythonOperator): extract_task> on 2023-07-11 14:50:50.580554+00:00
[2023-07-11T14:50:52.698+0000] {standard_task_runner.py:55} INFO - Started process 44133 to run task
[2023-07-11T14:50:52.708+0000] {standard_task_runner.py:82} INFO - Running: ['***', 'tasks', 'run', 'real_estate_etl_dag', 'extract_task', 'manual__2023-07-11T14:50:50.580554+00:00', '--job-id', '92', '--raw', '--subdir', 'DAGS_FOLDER/real_estate_etl_dag.py', '--cfg-path', '/tmp/tmpzhxx0eiw']
[2023-07-11T14:50:52.711+0000] {standard_task_runner.py:83} INFO - Job 92: Subtask extract_task
[2023-07-11T14:50:52.914+0000] {task_command.py:389} INFO - Running <TaskInstance: real_estate_etl_dag.extract_task manual__2023-07-11T14:50:50.580554+00:00 [running]> on host ip-172-31-34-219.ap-southeast-2.compute.internal
[2023-07-11T14:50:53.098+0000] {taskinstance.py:1511} INFO - Exporting the following env vars:
AIRFLOW_CTX_DAG_OWNER=***
AIRFLOW_CTX_DAG_ID=real_estate_etl_dag
AIRFLOW_CTX_TASK_ID=extract_task
AIRFLOW_CTX_EXECUTION_DATE=2023-07-11T14:50:50.580554+00:00
AIRFLOW_CTX_TRY_NUMBER=1
AIRFLOW_CTX_DAG_RUN_ID=manual__2023-07-11T14:50:50.580554+00:00
[2023-07-11T14:51:33.710+0000] {logging_mixin.py:137} INFO - Last page exceeded.
[2023-07-11T14:51:33.756+0000] {python.py:177} INFO - Done. Returned value was: None
[2023-07-11T14:51:33.806+0000] {taskinstance.py:1322} INFO - Marking task as SUCCESS. dag_id=real_estate_etl_dag, task_id=extract_task, execution_date=20230711T145050, start_date=20230711T145052, end_date=20230711T145133
[2023-07-11T14:51:33.864+0000] {local_task_job.py:159} INFO - Task exited with return code 0
[2023-07-11T14:51:33.902+0000] {taskinstance.py:2582} INFO - 1 downstream tasks scheduled from follow-on schedule check
