[2023-07-11T13:27:10.368+0000] {taskinstance.py:1087} INFO - Dependencies all met for <TaskInstance: real_estate_dag.extract_task scheduled__2023-07-10T13:20:53.318598+00:00 [queued]>
[2023-07-11T13:27:10.394+0000] {taskinstance.py:1087} INFO - Dependencies all met for <TaskInstance: real_estate_dag.extract_task scheduled__2023-07-10T13:20:53.318598+00:00 [queued]>
[2023-07-11T13:27:10.394+0000] {taskinstance.py:1283} INFO - 
--------------------------------------------------------------------------------
[2023-07-11T13:27:10.394+0000] {taskinstance.py:1284} INFO - Starting attempt 2 of 4
[2023-07-11T13:27:10.394+0000] {taskinstance.py:1285} INFO - 
--------------------------------------------------------------------------------
[2023-07-11T13:27:10.440+0000] {taskinstance.py:1304} INFO - Executing <Task(PythonOperator): extract_task> on 2023-07-10 13:20:53.318598+00:00
[2023-07-11T13:27:10.457+0000] {standard_task_runner.py:55} INFO - Started process 5867 to run task
[2023-07-11T13:27:10.475+0000] {standard_task_runner.py:82} INFO - Running: ['***', 'tasks', 'run', 'real_estate_dag', 'extract_task', 'scheduled__2023-07-10T13:20:53.318598+00:00', '--job-id', '57', '--raw', '--subdir', 'DAGS_FOLDER/real_estate_etl_dag.py', '--cfg-path', '/tmp/tmp8f2803ni']
[2023-07-11T13:27:10.490+0000] {standard_task_runner.py:83} INFO - Job 57: Subtask extract_task
[2023-07-11T13:27:10.870+0000] {task_command.py:389} INFO - Running <TaskInstance: real_estate_dag.extract_task scheduled__2023-07-10T13:20:53.318598+00:00 [running]> on host ip-172-31-34-219.ap-southeast-2.compute.internal
[2023-07-11T13:27:11.205+0000] {taskinstance.py:1511} INFO - Exporting the following env vars:
AIRFLOW_CTX_DAG_OWNER=***
AIRFLOW_CTX_DAG_ID=real_estate_dag
AIRFLOW_CTX_TASK_ID=extract_task
AIRFLOW_CTX_EXECUTION_DATE=2023-07-10T13:20:53.318598+00:00
AIRFLOW_CTX_TRY_NUMBER=2
AIRFLOW_CTX_DAG_RUN_ID=scheduled__2023-07-10T13:20:53.318598+00:00
[2023-07-11T13:27:55.667+0000] {logging_mixin.py:137} INFO - Last page exceeded.
[2023-07-11T13:27:55.707+0000] {xcom.py:629} ERROR - Object of type DataFrame is not JSON serializable. If you are using pickle instead of JSON for XCom, then you need to enable pickle support for XCom in your *** config or make sure to decorate your object with attr.
[2023-07-11T13:27:55.713+0000] {taskinstance.py:1772} ERROR - Task failed with exception
Traceback (most recent call last):
  File "/home/ubuntu/venv/lib/python3.10/site-packages/airflow/operators/python.py", line 175, in execute
    return_value = self.execute_callable()
  File "/home/ubuntu/venv/lib/python3.10/site-packages/airflow/operators/python.py", line 192, in execute_callable
    return self.python_callable(*self.op_args, **self.op_kwargs)
  File "/home/ubuntu/airflow/dags/real_estate_etl_dag.py", line 68, in scrape_listings_to_df
    ti.xcom_push(key='df', value=df)
  File "/home/ubuntu/venv/lib/python3.10/site-packages/airflow/utils/session.py", line 75, in wrapper
    return func(*args, session=session, **kwargs)
  File "/home/ubuntu/venv/lib/python3.10/site-packages/airflow/models/taskinstance.py", line 2294, in xcom_push
    XCom.set(
  File "/home/ubuntu/venv/lib/python3.10/site-packages/airflow/utils/session.py", line 72, in wrapper
    return func(*args, **kwargs)
  File "/home/ubuntu/venv/lib/python3.10/site-packages/airflow/models/xcom.py", line 234, in set
    value = cls.serialize_value(
  File "/home/ubuntu/venv/lib/python3.10/site-packages/airflow/models/xcom.py", line 627, in serialize_value
    return json.dumps(value, cls=XComEncoder).encode("UTF-8")
  File "/usr/lib/python3.10/json/__init__.py", line 238, in dumps
    **kw).encode(obj)
  File "/home/ubuntu/venv/lib/python3.10/site-packages/airflow/utils/json.py", line 176, in encode
    return super().encode(o)
  File "/usr/lib/python3.10/json/encoder.py", line 199, in encode
    chunks = self.iterencode(o, _one_shot=True)
  File "/usr/lib/python3.10/json/encoder.py", line 257, in iterencode
    return _iterencode(o, 0)
  File "/home/ubuntu/venv/lib/python3.10/site-packages/airflow/utils/json.py", line 170, in default
    return super().default(o)
  File "/usr/lib/python3.10/json/encoder.py", line 179, in default
    raise TypeError(f'Object of type {o.__class__.__name__} '
TypeError: Object of type DataFrame is not JSON serializable
[2023-07-11T13:27:55.754+0000] {taskinstance.py:1322} INFO - Marking task as UP_FOR_RETRY. dag_id=real_estate_dag, task_id=extract_task, execution_date=20230710T132053, start_date=20230711T132710, end_date=20230711T132755
[2023-07-11T13:27:55.775+0000] {standard_task_runner.py:100} ERROR - Failed to execute job 57 for task extract_task (Object of type DataFrame is not JSON serializable; 5867)
[2023-07-11T13:27:55.817+0000] {local_task_job.py:159} INFO - Task exited with return code 1
[2023-07-11T13:27:55.867+0000] {taskinstance.py:2582} INFO - 0 downstream tasks scheduled from follow-on schedule check
