[2023-07-18T07:52:15.665+0000] {taskinstance.py:1087} INFO - Dependencies all met for <TaskInstance: real_estate_etl_dag.transform_task scheduled__2023-07-17T07:50:10.529377+00:00 [queued]>
[2023-07-18T07:52:15.734+0000] {taskinstance.py:1087} INFO - Dependencies all met for <TaskInstance: real_estate_etl_dag.transform_task scheduled__2023-07-17T07:50:10.529377+00:00 [queued]>
[2023-07-18T07:52:15.735+0000] {taskinstance.py:1283} INFO - 
--------------------------------------------------------------------------------
[2023-07-18T07:52:15.735+0000] {taskinstance.py:1284} INFO - Starting attempt 1 of 4
[2023-07-18T07:52:15.735+0000] {taskinstance.py:1285} INFO - 
--------------------------------------------------------------------------------
[2023-07-18T07:52:15.782+0000] {taskinstance.py:1304} INFO - Executing <Task(PythonOperator): transform_task> on 2023-07-17 07:50:10.529377+00:00
[2023-07-18T07:52:15.795+0000] {standard_task_runner.py:55} INFO - Started process 25070 to run task
[2023-07-18T07:52:15.815+0000] {standard_task_runner.py:82} INFO - Running: ['***', 'tasks', 'run', 'real_estate_etl_dag', 'transform_task', 'scheduled__2023-07-17T07:50:10.529377+00:00', '--job-id', '153', '--raw', '--subdir', 'DAGS_FOLDER/real_estate_etl_dag.py', '--cfg-path', '/tmp/tmp0675tyho']
[2023-07-18T07:52:15.818+0000] {standard_task_runner.py:83} INFO - Job 153: Subtask transform_task
[2023-07-18T07:52:16.158+0000] {task_command.py:389} INFO - Running <TaskInstance: real_estate_etl_dag.transform_task scheduled__2023-07-17T07:50:10.529377+00:00 [running]> on host ip-172-31-34-219.ap-southeast-2.compute.internal
[2023-07-18T07:52:16.504+0000] {taskinstance.py:1511} INFO - Exporting the following env vars:
AIRFLOW_CTX_DAG_OWNER=***
AIRFLOW_CTX_DAG_ID=real_estate_etl_dag
AIRFLOW_CTX_TASK_ID=transform_task
AIRFLOW_CTX_EXECUTION_DATE=2023-07-17T07:50:10.529377+00:00
AIRFLOW_CTX_TRY_NUMBER=1
AIRFLOW_CTX_DAG_RUN_ID=scheduled__2023-07-17T07:50:10.529377+00:00
[2023-07-18T07:52:16.845+0000] {python.py:177} INFO - Done. Returned value was: None
[2023-07-18T07:52:16.903+0000] {taskinstance.py:1322} INFO - Marking task as SUCCESS. dag_id=real_estate_etl_dag, task_id=transform_task, execution_date=20230717T075010, start_date=20230718T075215, end_date=20230718T075216
[2023-07-18T07:52:16.968+0000] {local_task_job.py:159} INFO - Task exited with return code 0
[2023-07-18T07:52:17.120+0000] {taskinstance.py:2582} INFO - 1 downstream tasks scheduled from follow-on schedule check
