[2023-07-10T04:34:26.021+0000] {processor.py:153} INFO - Started process (PID=1608) to work on /home/ubuntu/venv/lib/python3.10/site-packages/airflow/example_dags/example_branch_operator.py
[2023-07-10T04:34:26.022+0000] {processor.py:743} INFO - Processing file /home/ubuntu/venv/lib/python3.10/site-packages/airflow/example_dags/example_branch_operator.py for tasks to queue
[2023-07-10T04:34:26.023+0000] {logging_mixin.py:137} INFO - [2023-07-10T04:34:26.023+0000] {dagbag.py:538} INFO - Filling up the DagBag from /home/ubuntu/venv/lib/python3.10/site-packages/airflow/example_dags/example_branch_operator.py
[2023-07-10T04:34:26.049+0000] {processor.py:753} INFO - DAG(s) dict_keys(['example_branch_operator']) retrieved from /home/ubuntu/venv/lib/python3.10/site-packages/airflow/example_dags/example_branch_operator.py
[2023-07-10T04:34:26.117+0000] {logging_mixin.py:137} INFO - [2023-07-10T04:34:26.117+0000] {dag.py:2676} INFO - Sync 1 DAGs
[2023-07-10T04:34:26.159+0000] {logging_mixin.py:137} INFO - [2023-07-10T04:34:26.159+0000] {dag.py:3423} INFO - Setting next_dagrun for example_branch_operator to 2023-07-09T00:00:00+00:00, run_after=2023-07-10T00:00:00+00:00
[2023-07-10T04:34:26.183+0000] {processor.py:175} INFO - Processing /home/ubuntu/venv/lib/python3.10/site-packages/airflow/example_dags/example_branch_operator.py took 0.168 seconds
[2023-07-10T04:34:57.055+0000] {processor.py:153} INFO - Started process (PID=1863) to work on /home/ubuntu/venv/lib/python3.10/site-packages/airflow/example_dags/example_branch_operator.py
[2023-07-10T04:34:57.056+0000] {processor.py:743} INFO - Processing file /home/ubuntu/venv/lib/python3.10/site-packages/airflow/example_dags/example_branch_operator.py for tasks to queue
[2023-07-10T04:34:57.057+0000] {logging_mixin.py:137} INFO - [2023-07-10T04:34:57.056+0000] {dagbag.py:538} INFO - Filling up the DagBag from /home/ubuntu/venv/lib/python3.10/site-packages/airflow/example_dags/example_branch_operator.py
[2023-07-10T04:34:57.081+0000] {processor.py:753} INFO - DAG(s) dict_keys(['example_branch_operator']) retrieved from /home/ubuntu/venv/lib/python3.10/site-packages/airflow/example_dags/example_branch_operator.py
[2023-07-10T04:34:57.194+0000] {logging_mixin.py:137} INFO - [2023-07-10T04:34:57.194+0000] {dag.py:2676} INFO - Sync 1 DAGs
[2023-07-10T04:34:57.343+0000] {logging_mixin.py:137} INFO - [2023-07-10T04:34:57.343+0000] {dag.py:3423} INFO - Setting next_dagrun for example_branch_operator to 2023-07-09T00:00:00+00:00, run_after=2023-07-10T00:00:00+00:00
[2023-07-10T04:34:57.412+0000] {processor.py:175} INFO - Processing /home/ubuntu/venv/lib/python3.10/site-packages/airflow/example_dags/example_branch_operator.py took 0.367 seconds
[2023-07-10T04:35:27.999+0000] {processor.py:153} INFO - Started process (PID=2124) to work on /home/ubuntu/venv/lib/python3.10/site-packages/airflow/example_dags/example_branch_operator.py
[2023-07-10T04:35:28.000+0000] {processor.py:743} INFO - Processing file /home/ubuntu/venv/lib/python3.10/site-packages/airflow/example_dags/example_branch_operator.py for tasks to queue
[2023-07-10T04:35:28.002+0000] {logging_mixin.py:137} INFO - [2023-07-10T04:35:28.002+0000] {dagbag.py:538} INFO - Filling up the DagBag from /home/ubuntu/venv/lib/python3.10/site-packages/airflow/example_dags/example_branch_operator.py
[2023-07-10T04:35:28.028+0000] {processor.py:753} INFO - DAG(s) dict_keys(['example_branch_operator']) retrieved from /home/ubuntu/venv/lib/python3.10/site-packages/airflow/example_dags/example_branch_operator.py
[2023-07-10T04:35:28.108+0000] {logging_mixin.py:137} INFO - [2023-07-10T04:35:28.108+0000] {dag.py:2676} INFO - Sync 1 DAGs
[2023-07-10T04:35:28.142+0000] {logging_mixin.py:137} INFO - [2023-07-10T04:35:28.142+0000] {dag.py:3423} INFO - Setting next_dagrun for example_branch_operator to 2023-07-09T00:00:00+00:00, run_after=2023-07-10T00:00:00+00:00
[2023-07-10T04:35:28.169+0000] {processor.py:175} INFO - Processing /home/ubuntu/venv/lib/python3.10/site-packages/airflow/example_dags/example_branch_operator.py took 0.175 seconds
