[2023-07-10T04:34:24.543+0000] {processor.py:153} INFO - Started process (PID=1530) to work on /home/ubuntu/venv/lib/python3.10/site-packages/airflow/example_dags/example_latest_only.py
[2023-07-10T04:34:24.545+0000] {processor.py:743} INFO - Processing file /home/ubuntu/venv/lib/python3.10/site-packages/airflow/example_dags/example_latest_only.py for tasks to queue
[2023-07-10T04:34:24.546+0000] {logging_mixin.py:137} INFO - [2023-07-10T04:34:24.546+0000] {dagbag.py:538} INFO - Filling up the DagBag from /home/ubuntu/venv/lib/python3.10/site-packages/airflow/example_dags/example_latest_only.py
[2023-07-10T04:34:24.572+0000] {processor.py:753} INFO - DAG(s) dict_keys(['latest_only']) retrieved from /home/ubuntu/venv/lib/python3.10/site-packages/airflow/example_dags/example_latest_only.py
[2023-07-10T04:34:24.714+0000] {logging_mixin.py:137} INFO - [2023-07-10T04:34:24.714+0000] {dag.py:2676} INFO - Sync 1 DAGs
[2023-07-10T04:34:24.759+0000] {logging_mixin.py:137} INFO - [2023-07-10T04:34:24.758+0000] {dag.py:3423} INFO - Setting next_dagrun for latest_only to 2023-07-10T00:34:24.758336+00:00, run_after=2023-07-10T04:34:24.758336+00:00
[2023-07-10T04:34:24.785+0000] {processor.py:175} INFO - Processing /home/ubuntu/venv/lib/python3.10/site-packages/airflow/example_dags/example_latest_only.py took 0.250 seconds
[2023-07-10T04:34:55.152+0000] {processor.py:153} INFO - Started process (PID=1782) to work on /home/ubuntu/venv/lib/python3.10/site-packages/airflow/example_dags/example_latest_only.py
[2023-07-10T04:34:55.153+0000] {processor.py:743} INFO - Processing file /home/ubuntu/venv/lib/python3.10/site-packages/airflow/example_dags/example_latest_only.py for tasks to queue
[2023-07-10T04:34:55.153+0000] {logging_mixin.py:137} INFO - [2023-07-10T04:34:55.153+0000] {dagbag.py:538} INFO - Filling up the DagBag from /home/ubuntu/venv/lib/python3.10/site-packages/airflow/example_dags/example_latest_only.py
[2023-07-10T04:34:55.174+0000] {processor.py:753} INFO - DAG(s) dict_keys(['latest_only']) retrieved from /home/ubuntu/venv/lib/python3.10/site-packages/airflow/example_dags/example_latest_only.py
[2023-07-10T04:34:55.243+0000] {logging_mixin.py:137} INFO - [2023-07-10T04:34:55.242+0000] {dag.py:2676} INFO - Sync 1 DAGs
[2023-07-10T04:34:55.279+0000] {logging_mixin.py:137} INFO - [2023-07-10T04:34:55.278+0000] {dag.py:3423} INFO - Setting next_dagrun for latest_only to 2023-07-10T00:34:55.278557+00:00, run_after=2023-07-10T04:34:55.278557+00:00
[2023-07-10T04:34:55.321+0000] {processor.py:175} INFO - Processing /home/ubuntu/venv/lib/python3.10/site-packages/airflow/example_dags/example_latest_only.py took 0.174 seconds
[2023-07-10T04:35:26.067+0000] {processor.py:153} INFO - Started process (PID=2045) to work on /home/ubuntu/venv/lib/python3.10/site-packages/airflow/example_dags/example_latest_only.py
[2023-07-10T04:35:26.074+0000] {processor.py:743} INFO - Processing file /home/ubuntu/venv/lib/python3.10/site-packages/airflow/example_dags/example_latest_only.py for tasks to queue
[2023-07-10T04:35:26.075+0000] {logging_mixin.py:137} INFO - [2023-07-10T04:35:26.075+0000] {dagbag.py:538} INFO - Filling up the DagBag from /home/ubuntu/venv/lib/python3.10/site-packages/airflow/example_dags/example_latest_only.py
[2023-07-10T04:35:26.163+0000] {processor.py:753} INFO - DAG(s) dict_keys(['latest_only']) retrieved from /home/ubuntu/venv/lib/python3.10/site-packages/airflow/example_dags/example_latest_only.py
[2023-07-10T04:35:26.469+0000] {logging_mixin.py:137} INFO - [2023-07-10T04:35:26.469+0000] {dag.py:2676} INFO - Sync 1 DAGs
[2023-07-10T04:35:26.548+0000] {logging_mixin.py:137} INFO - [2023-07-10T04:35:26.548+0000] {dag.py:3423} INFO - Setting next_dagrun for latest_only to 2023-07-10T00:35:26.547895+00:00, run_after=2023-07-10T04:35:26.547895+00:00
[2023-07-10T04:35:26.578+0000] {processor.py:175} INFO - Processing /home/ubuntu/venv/lib/python3.10/site-packages/airflow/example_dags/example_latest_only.py took 0.522 seconds
[2023-07-10T04:35:56.722+0000] {processor.py:153} INFO - Started process (PID=2348) to work on /home/ubuntu/venv/lib/python3.10/site-packages/airflow/example_dags/example_latest_only.py
[2023-07-10T04:35:56.723+0000] {processor.py:743} INFO - Processing file /home/ubuntu/venv/lib/python3.10/site-packages/airflow/example_dags/example_latest_only.py for tasks to queue
[2023-07-10T04:35:56.724+0000] {logging_mixin.py:137} INFO - [2023-07-10T04:35:56.724+0000] {dagbag.py:538} INFO - Filling up the DagBag from /home/ubuntu/venv/lib/python3.10/site-packages/airflow/example_dags/example_latest_only.py
[2023-07-10T04:35:56.746+0000] {processor.py:753} INFO - DAG(s) dict_keys(['latest_only']) retrieved from /home/ubuntu/venv/lib/python3.10/site-packages/airflow/example_dags/example_latest_only.py
[2023-07-10T04:35:56.814+0000] {logging_mixin.py:137} INFO - [2023-07-10T04:35:56.814+0000] {dag.py:2676} INFO - Sync 1 DAGs
[2023-07-10T04:35:56.846+0000] {logging_mixin.py:137} INFO - [2023-07-10T04:35:56.846+0000] {dag.py:3423} INFO - Setting next_dagrun for latest_only to 2023-07-10T00:35:56.846365+00:00, run_after=2023-07-10T04:35:56.846365+00:00
[2023-07-10T04:35:56.874+0000] {processor.py:175} INFO - Processing /home/ubuntu/venv/lib/python3.10/site-packages/airflow/example_dags/example_latest_only.py took 0.157 seconds
