[2023-07-10T04:34:23.013+0000] {processor.py:153} INFO - Started process (PID=1475) to work on /home/ubuntu/venv/lib/python3.10/site-packages/airflow/example_dags/example_sensor_decorator.py
[2023-07-10T04:34:23.050+0000] {processor.py:743} INFO - Processing file /home/ubuntu/venv/lib/python3.10/site-packages/airflow/example_dags/example_sensor_decorator.py for tasks to queue
[2023-07-10T04:34:23.051+0000] {logging_mixin.py:137} INFO - [2023-07-10T04:34:23.051+0000] {dagbag.py:538} INFO - Filling up the DagBag from /home/ubuntu/venv/lib/python3.10/site-packages/airflow/example_dags/example_sensor_decorator.py
[2023-07-10T04:34:23.222+0000] {logging_mixin.py:137} WARNING - /home/ubuntu/venv/lib/python3.10/site-packages/airflow/models/dag.py:3492 RemovedInAirflow3Warning: Param `schedule_interval` is deprecated and will be removed in a future release. Please use `schedule` instead.
[2023-07-10T04:34:23.294+0000] {processor.py:753} INFO - DAG(s) dict_keys(['example_sensor_decorator']) retrieved from /home/ubuntu/venv/lib/python3.10/site-packages/airflow/example_dags/example_sensor_decorator.py
[2023-07-10T04:34:23.875+0000] {logging_mixin.py:137} INFO - [2023-07-10T04:34:23.875+0000] {dag.py:2676} INFO - Sync 1 DAGs
[2023-07-10T04:34:24.073+0000] {logging_mixin.py:137} INFO - [2023-07-10T04:34:24.072+0000] {dag.py:3423} INFO - Setting next_dagrun for example_sensor_decorator to None, run_after=None
[2023-07-10T04:34:24.187+0000] {processor.py:175} INFO - Processing /home/ubuntu/venv/lib/python3.10/site-packages/airflow/example_dags/example_sensor_decorator.py took 1.178 seconds
[2023-07-10T04:34:54.686+0000] {processor.py:153} INFO - Started process (PID=1755) to work on /home/ubuntu/venv/lib/python3.10/site-packages/airflow/example_dags/example_sensor_decorator.py
[2023-07-10T04:34:54.687+0000] {processor.py:743} INFO - Processing file /home/ubuntu/venv/lib/python3.10/site-packages/airflow/example_dags/example_sensor_decorator.py for tasks to queue
[2023-07-10T04:34:54.688+0000] {logging_mixin.py:137} INFO - [2023-07-10T04:34:54.688+0000] {dagbag.py:538} INFO - Filling up the DagBag from /home/ubuntu/venv/lib/python3.10/site-packages/airflow/example_dags/example_sensor_decorator.py
[2023-07-10T04:34:54.719+0000] {logging_mixin.py:137} WARNING - /home/ubuntu/venv/lib/python3.10/site-packages/airflow/models/dag.py:3492 RemovedInAirflow3Warning: Param `schedule_interval` is deprecated and will be removed in a future release. Please use `schedule` instead.
[2023-07-10T04:34:54.730+0000] {processor.py:753} INFO - DAG(s) dict_keys(['example_sensor_decorator']) retrieved from /home/ubuntu/venv/lib/python3.10/site-packages/airflow/example_dags/example_sensor_decorator.py
[2023-07-10T04:34:54.798+0000] {logging_mixin.py:137} INFO - [2023-07-10T04:34:54.798+0000] {dag.py:2676} INFO - Sync 1 DAGs
[2023-07-10T04:34:54.846+0000] {logging_mixin.py:137} INFO - [2023-07-10T04:34:54.845+0000] {dag.py:3423} INFO - Setting next_dagrun for example_sensor_decorator to None, run_after=None
[2023-07-10T04:34:54.869+0000] {processor.py:175} INFO - Processing /home/ubuntu/venv/lib/python3.10/site-packages/airflow/example_dags/example_sensor_decorator.py took 0.188 seconds
[2023-07-10T04:35:25.280+0000] {processor.py:153} INFO - Started process (PID=2018) to work on /home/ubuntu/venv/lib/python3.10/site-packages/airflow/example_dags/example_sensor_decorator.py
[2023-07-10T04:35:25.288+0000] {processor.py:743} INFO - Processing file /home/ubuntu/venv/lib/python3.10/site-packages/airflow/example_dags/example_sensor_decorator.py for tasks to queue
[2023-07-10T04:35:25.291+0000] {logging_mixin.py:137} INFO - [2023-07-10T04:35:25.291+0000] {dagbag.py:538} INFO - Filling up the DagBag from /home/ubuntu/venv/lib/python3.10/site-packages/airflow/example_dags/example_sensor_decorator.py
[2023-07-10T04:35:25.338+0000] {logging_mixin.py:137} WARNING - /home/ubuntu/venv/lib/python3.10/site-packages/airflow/models/dag.py:3492 RemovedInAirflow3Warning: Param `schedule_interval` is deprecated and will be removed in a future release. Please use `schedule` instead.
[2023-07-10T04:35:25.356+0000] {processor.py:753} INFO - DAG(s) dict_keys(['example_sensor_decorator']) retrieved from /home/ubuntu/venv/lib/python3.10/site-packages/airflow/example_dags/example_sensor_decorator.py
[2023-07-10T04:35:25.440+0000] {logging_mixin.py:137} INFO - [2023-07-10T04:35:25.440+0000] {dag.py:2676} INFO - Sync 1 DAGs
[2023-07-10T04:35:25.561+0000] {logging_mixin.py:137} INFO - [2023-07-10T04:35:25.560+0000] {dag.py:3423} INFO - Setting next_dagrun for example_sensor_decorator to None, run_after=None
[2023-07-10T04:35:25.609+0000] {processor.py:175} INFO - Processing /home/ubuntu/venv/lib/python3.10/site-packages/airflow/example_dags/example_sensor_decorator.py took 0.339 seconds
[2023-07-10T04:35:56.116+0000] {processor.py:153} INFO - Started process (PID=2257) to work on /home/ubuntu/venv/lib/python3.10/site-packages/airflow/example_dags/example_sensor_decorator.py
[2023-07-10T04:35:56.117+0000] {processor.py:743} INFO - Processing file /home/ubuntu/venv/lib/python3.10/site-packages/airflow/example_dags/example_sensor_decorator.py for tasks to queue
[2023-07-10T04:35:56.119+0000] {logging_mixin.py:137} INFO - [2023-07-10T04:35:56.118+0000] {dagbag.py:538} INFO - Filling up the DagBag from /home/ubuntu/venv/lib/python3.10/site-packages/airflow/example_dags/example_sensor_decorator.py
[2023-07-10T04:35:56.154+0000] {logging_mixin.py:137} WARNING - /home/ubuntu/venv/lib/python3.10/site-packages/airflow/models/dag.py:3492 RemovedInAirflow3Warning: Param `schedule_interval` is deprecated and will be removed in a future release. Please use `schedule` instead.
[2023-07-10T04:35:56.166+0000] {processor.py:753} INFO - DAG(s) dict_keys(['example_sensor_decorator']) retrieved from /home/ubuntu/venv/lib/python3.10/site-packages/airflow/example_dags/example_sensor_decorator.py
[2023-07-10T04:35:56.238+0000] {logging_mixin.py:137} INFO - [2023-07-10T04:35:56.238+0000] {dag.py:2676} INFO - Sync 1 DAGs
[2023-07-10T04:35:56.283+0000] {logging_mixin.py:137} INFO - [2023-07-10T04:35:56.283+0000] {dag.py:3423} INFO - Setting next_dagrun for example_sensor_decorator to None, run_after=None
[2023-07-10T04:35:56.313+0000] {processor.py:175} INFO - Processing /home/ubuntu/venv/lib/python3.10/site-packages/airflow/example_dags/example_sensor_decorator.py took 0.201 seconds
