[2023-07-10T04:34:17.883+0000] {processor.py:153} INFO - Started process (PID=1308) to work on /home/ubuntu/venv/lib/python3.10/site-packages/airflow/example_dags/example_time_delta_sensor_async.py
[2023-07-10T04:34:17.884+0000] {processor.py:743} INFO - Processing file /home/ubuntu/venv/lib/python3.10/site-packages/airflow/example_dags/example_time_delta_sensor_async.py for tasks to queue
[2023-07-10T04:34:17.885+0000] {logging_mixin.py:137} INFO - [2023-07-10T04:34:17.885+0000] {dagbag.py:538} INFO - Filling up the DagBag from /home/ubuntu/venv/lib/python3.10/site-packages/airflow/example_dags/example_time_delta_sensor_async.py
[2023-07-10T04:34:18.003+0000] {processor.py:753} INFO - DAG(s) dict_keys(['example_time_delta_sensor_async']) retrieved from /home/ubuntu/venv/lib/python3.10/site-packages/airflow/example_dags/example_time_delta_sensor_async.py
[2023-07-10T04:34:18.397+0000] {logging_mixin.py:137} INFO - [2023-07-10T04:34:18.397+0000] {dag.py:2676} INFO - Sync 1 DAGs
[2023-07-10T04:34:18.571+0000] {logging_mixin.py:137} INFO - [2023-07-10T04:34:18.571+0000] {dag.py:3423} INFO - Setting next_dagrun for example_time_delta_sensor_async to None, run_after=None
[2023-07-10T04:34:18.655+0000] {processor.py:175} INFO - Processing /home/ubuntu/venv/lib/python3.10/site-packages/airflow/example_dags/example_time_delta_sensor_async.py took 0.778 seconds
[2023-07-10T04:34:48.835+0000] {processor.py:153} INFO - Started process (PID=1689) to work on /home/ubuntu/venv/lib/python3.10/site-packages/airflow/example_dags/example_time_delta_sensor_async.py
[2023-07-10T04:34:48.836+0000] {processor.py:743} INFO - Processing file /home/ubuntu/venv/lib/python3.10/site-packages/airflow/example_dags/example_time_delta_sensor_async.py for tasks to queue
[2023-07-10T04:34:48.837+0000] {logging_mixin.py:137} INFO - [2023-07-10T04:34:48.837+0000] {dagbag.py:538} INFO - Filling up the DagBag from /home/ubuntu/venv/lib/python3.10/site-packages/airflow/example_dags/example_time_delta_sensor_async.py
[2023-07-10T04:34:48.852+0000] {processor.py:753} INFO - DAG(s) dict_keys(['example_time_delta_sensor_async']) retrieved from /home/ubuntu/venv/lib/python3.10/site-packages/airflow/example_dags/example_time_delta_sensor_async.py
[2023-07-10T04:34:48.940+0000] {logging_mixin.py:137} INFO - [2023-07-10T04:34:48.939+0000] {dag.py:2676} INFO - Sync 1 DAGs
[2023-07-10T04:34:48.981+0000] {logging_mixin.py:137} INFO - [2023-07-10T04:34:48.981+0000] {dag.py:3423} INFO - Setting next_dagrun for example_time_delta_sensor_async to None, run_after=None
[2023-07-10T04:34:49.005+0000] {processor.py:175} INFO - Processing /home/ubuntu/venv/lib/python3.10/site-packages/airflow/example_dags/example_time_delta_sensor_async.py took 0.174 seconds
[2023-07-10T04:35:19.636+0000] {processor.py:153} INFO - Started process (PID=1955) to work on /home/ubuntu/venv/lib/python3.10/site-packages/airflow/example_dags/example_time_delta_sensor_async.py
[2023-07-10T04:35:19.637+0000] {processor.py:743} INFO - Processing file /home/ubuntu/venv/lib/python3.10/site-packages/airflow/example_dags/example_time_delta_sensor_async.py for tasks to queue
[2023-07-10T04:35:19.638+0000] {logging_mixin.py:137} INFO - [2023-07-10T04:35:19.638+0000] {dagbag.py:538} INFO - Filling up the DagBag from /home/ubuntu/venv/lib/python3.10/site-packages/airflow/example_dags/example_time_delta_sensor_async.py
[2023-07-10T04:35:19.657+0000] {processor.py:753} INFO - DAG(s) dict_keys(['example_time_delta_sensor_async']) retrieved from /home/ubuntu/venv/lib/python3.10/site-packages/airflow/example_dags/example_time_delta_sensor_async.py
[2023-07-10T04:35:19.760+0000] {logging_mixin.py:137} INFO - [2023-07-10T04:35:19.760+0000] {dag.py:2676} INFO - Sync 1 DAGs
[2023-07-10T04:35:19.810+0000] {logging_mixin.py:137} INFO - [2023-07-10T04:35:19.809+0000] {dag.py:3423} INFO - Setting next_dagrun for example_time_delta_sensor_async to None, run_after=None
[2023-07-10T04:35:19.836+0000] {processor.py:175} INFO - Processing /home/ubuntu/venv/lib/python3.10/site-packages/airflow/example_dags/example_time_delta_sensor_async.py took 0.206 seconds
[2023-07-10T04:35:50.117+0000] {processor.py:153} INFO - Started process (PID=2191) to work on /home/ubuntu/venv/lib/python3.10/site-packages/airflow/example_dags/example_time_delta_sensor_async.py
[2023-07-10T04:35:50.118+0000] {processor.py:743} INFO - Processing file /home/ubuntu/venv/lib/python3.10/site-packages/airflow/example_dags/example_time_delta_sensor_async.py for tasks to queue
[2023-07-10T04:35:50.119+0000] {logging_mixin.py:137} INFO - [2023-07-10T04:35:50.119+0000] {dagbag.py:538} INFO - Filling up the DagBag from /home/ubuntu/venv/lib/python3.10/site-packages/airflow/example_dags/example_time_delta_sensor_async.py
[2023-07-10T04:35:50.134+0000] {processor.py:753} INFO - DAG(s) dict_keys(['example_time_delta_sensor_async']) retrieved from /home/ubuntu/venv/lib/python3.10/site-packages/airflow/example_dags/example_time_delta_sensor_async.py
[2023-07-10T04:35:50.190+0000] {logging_mixin.py:137} INFO - [2023-07-10T04:35:50.190+0000] {dag.py:2676} INFO - Sync 1 DAGs
[2023-07-10T04:35:50.214+0000] {logging_mixin.py:137} INFO - [2023-07-10T04:35:50.214+0000] {dag.py:3423} INFO - Setting next_dagrun for example_time_delta_sensor_async to None, run_after=None
[2023-07-10T04:35:50.239+0000] {processor.py:175} INFO - Processing /home/ubuntu/venv/lib/python3.10/site-packages/airflow/example_dags/example_time_delta_sensor_async.py took 0.126 seconds
