[2023-07-10T04:34:17.006+0000] {processor.py:153} INFO - Started process (PID=1301) to work on /home/ubuntu/venv/lib/python3.10/site-packages/airflow/example_dags/example_xcom.py
[2023-07-10T04:34:17.023+0000] {processor.py:743} INFO - Processing file /home/ubuntu/venv/lib/python3.10/site-packages/airflow/example_dags/example_xcom.py for tasks to queue
[2023-07-10T04:34:17.024+0000] {logging_mixin.py:137} INFO - [2023-07-10T04:34:17.024+0000] {dagbag.py:538} INFO - Filling up the DagBag from /home/ubuntu/venv/lib/python3.10/site-packages/airflow/example_dags/example_xcom.py
[2023-07-10T04:34:17.260+0000] {processor.py:753} INFO - DAG(s) dict_keys(['example_xcom']) retrieved from /home/ubuntu/venv/lib/python3.10/site-packages/airflow/example_dags/example_xcom.py
[2023-07-10T04:34:17.541+0000] {logging_mixin.py:137} INFO - [2023-07-10T04:34:17.541+0000] {dag.py:2676} INFO - Sync 1 DAGs
[2023-07-10T04:34:17.663+0000] {logging_mixin.py:137} INFO - [2023-07-10T04:34:17.663+0000] {dag.py:3423} INFO - Setting next_dagrun for example_xcom to 2021-01-01T00:00:00+00:00, run_after=2021-01-01T00:00:00+00:00
[2023-07-10T04:34:17.768+0000] {processor.py:175} INFO - Processing /home/ubuntu/venv/lib/python3.10/site-packages/airflow/example_dags/example_xcom.py took 0.770 seconds
[2023-07-10T04:34:47.984+0000] {processor.py:153} INFO - Started process (PID=1675) to work on /home/ubuntu/venv/lib/python3.10/site-packages/airflow/example_dags/example_xcom.py
[2023-07-10T04:34:47.985+0000] {processor.py:743} INFO - Processing file /home/ubuntu/venv/lib/python3.10/site-packages/airflow/example_dags/example_xcom.py for tasks to queue
[2023-07-10T04:34:47.986+0000] {logging_mixin.py:137} INFO - [2023-07-10T04:34:47.986+0000] {dagbag.py:538} INFO - Filling up the DagBag from /home/ubuntu/venv/lib/python3.10/site-packages/airflow/example_dags/example_xcom.py
[2023-07-10T04:34:48.012+0000] {processor.py:753} INFO - DAG(s) dict_keys(['example_xcom']) retrieved from /home/ubuntu/venv/lib/python3.10/site-packages/airflow/example_dags/example_xcom.py
[2023-07-10T04:34:48.089+0000] {logging_mixin.py:137} INFO - [2023-07-10T04:34:48.089+0000] {dag.py:2676} INFO - Sync 1 DAGs
[2023-07-10T04:34:48.125+0000] {logging_mixin.py:137} INFO - [2023-07-10T04:34:48.124+0000] {dag.py:3423} INFO - Setting next_dagrun for example_xcom to 2021-01-01T00:00:00+00:00, run_after=2021-01-01T00:00:00+00:00
[2023-07-10T04:34:48.152+0000] {processor.py:175} INFO - Processing /home/ubuntu/venv/lib/python3.10/site-packages/airflow/example_dags/example_xcom.py took 0.173 seconds
[2023-07-10T04:35:18.596+0000] {processor.py:153} INFO - Started process (PID=1946) to work on /home/ubuntu/venv/lib/python3.10/site-packages/airflow/example_dags/example_xcom.py
[2023-07-10T04:35:18.597+0000] {processor.py:743} INFO - Processing file /home/ubuntu/venv/lib/python3.10/site-packages/airflow/example_dags/example_xcom.py for tasks to queue
[2023-07-10T04:35:18.598+0000] {logging_mixin.py:137} INFO - [2023-07-10T04:35:18.597+0000] {dagbag.py:538} INFO - Filling up the DagBag from /home/ubuntu/venv/lib/python3.10/site-packages/airflow/example_dags/example_xcom.py
[2023-07-10T04:35:18.646+0000] {processor.py:753} INFO - DAG(s) dict_keys(['example_xcom']) retrieved from /home/ubuntu/venv/lib/python3.10/site-packages/airflow/example_dags/example_xcom.py
[2023-07-10T04:35:18.728+0000] {logging_mixin.py:137} INFO - [2023-07-10T04:35:18.728+0000] {dag.py:2676} INFO - Sync 1 DAGs
[2023-07-10T04:35:18.757+0000] {logging_mixin.py:137} INFO - [2023-07-10T04:35:18.757+0000] {dag.py:3423} INFO - Setting next_dagrun for example_xcom to 2021-01-01T00:00:00+00:00, run_after=2021-01-01T00:00:00+00:00
[2023-07-10T04:35:18.780+0000] {processor.py:175} INFO - Processing /home/ubuntu/venv/lib/python3.10/site-packages/airflow/example_dags/example_xcom.py took 0.200 seconds
[2023-07-10T04:35:49.015+0000] {processor.py:153} INFO - Started process (PID=2185) to work on /home/ubuntu/venv/lib/python3.10/site-packages/airflow/example_dags/example_xcom.py
[2023-07-10T04:35:49.016+0000] {processor.py:743} INFO - Processing file /home/ubuntu/venv/lib/python3.10/site-packages/airflow/example_dags/example_xcom.py for tasks to queue
[2023-07-10T04:35:49.017+0000] {logging_mixin.py:137} INFO - [2023-07-10T04:35:49.017+0000] {dagbag.py:538} INFO - Filling up the DagBag from /home/ubuntu/venv/lib/python3.10/site-packages/airflow/example_dags/example_xcom.py
[2023-07-10T04:35:49.063+0000] {processor.py:753} INFO - DAG(s) dict_keys(['example_xcom']) retrieved from /home/ubuntu/venv/lib/python3.10/site-packages/airflow/example_dags/example_xcom.py
[2023-07-10T04:35:49.141+0000] {logging_mixin.py:137} INFO - [2023-07-10T04:35:49.141+0000] {dag.py:2676} INFO - Sync 1 DAGs
[2023-07-10T04:35:49.178+0000] {logging_mixin.py:137} INFO - [2023-07-10T04:35:49.178+0000] {dag.py:3423} INFO - Setting next_dagrun for example_xcom to 2021-01-01T00:00:00+00:00, run_after=2021-01-01T00:00:00+00:00
[2023-07-10T04:35:49.211+0000] {processor.py:175} INFO - Processing /home/ubuntu/venv/lib/python3.10/site-packages/airflow/example_dags/example_xcom.py took 0.202 seconds
