[2023-07-10T04:34:24.254+0000] {processor.py:153} INFO - Started process (PID=1513) to work on /home/ubuntu/venv/lib/python3.10/site-packages/airflow/example_dags/example_latest_only_with_trigger.py
[2023-07-10T04:34:24.255+0000] {processor.py:743} INFO - Processing file /home/ubuntu/venv/lib/python3.10/site-packages/airflow/example_dags/example_latest_only_with_trigger.py for tasks to queue
[2023-07-10T04:34:24.256+0000] {logging_mixin.py:137} INFO - [2023-07-10T04:34:24.256+0000] {dagbag.py:538} INFO - Filling up the DagBag from /home/ubuntu/venv/lib/python3.10/site-packages/airflow/example_dags/example_latest_only_with_trigger.py
[2023-07-10T04:34:24.282+0000] {processor.py:753} INFO - DAG(s) dict_keys(['latest_only_with_trigger']) retrieved from /home/ubuntu/venv/lib/python3.10/site-packages/airflow/example_dags/example_latest_only_with_trigger.py
[2023-07-10T04:34:24.392+0000] {logging_mixin.py:137} INFO - [2023-07-10T04:34:24.392+0000] {dag.py:2676} INFO - Sync 1 DAGs
[2023-07-10T04:34:24.437+0000] {logging_mixin.py:137} INFO - [2023-07-10T04:34:24.437+0000] {dag.py:3423} INFO - Setting next_dagrun for latest_only_with_trigger to 2023-07-10T00:34:24.437164+00:00, run_after=2023-07-10T04:34:24.437164+00:00
[2023-07-10T04:34:24.461+0000] {processor.py:175} INFO - Processing /home/ubuntu/venv/lib/python3.10/site-packages/airflow/example_dags/example_latest_only_with_trigger.py took 0.212 seconds
[2023-07-10T04:34:54.913+0000] {processor.py:153} INFO - Started process (PID=1765) to work on /home/ubuntu/venv/lib/python3.10/site-packages/airflow/example_dags/example_latest_only_with_trigger.py
[2023-07-10T04:34:54.914+0000] {processor.py:743} INFO - Processing file /home/ubuntu/venv/lib/python3.10/site-packages/airflow/example_dags/example_latest_only_with_trigger.py for tasks to queue
[2023-07-10T04:34:54.915+0000] {logging_mixin.py:137} INFO - [2023-07-10T04:34:54.915+0000] {dagbag.py:538} INFO - Filling up the DagBag from /home/ubuntu/venv/lib/python3.10/site-packages/airflow/example_dags/example_latest_only_with_trigger.py
[2023-07-10T04:34:54.939+0000] {processor.py:753} INFO - DAG(s) dict_keys(['latest_only_with_trigger']) retrieved from /home/ubuntu/venv/lib/python3.10/site-packages/airflow/example_dags/example_latest_only_with_trigger.py
[2023-07-10T04:34:55.025+0000] {logging_mixin.py:137} INFO - [2023-07-10T04:34:55.023+0000] {dag.py:2676} INFO - Sync 1 DAGs
[2023-07-10T04:34:55.060+0000] {logging_mixin.py:137} INFO - [2023-07-10T04:34:55.060+0000] {dag.py:3423} INFO - Setting next_dagrun for latest_only_with_trigger to 2023-07-10T00:34:55.060477+00:00, run_after=2023-07-10T04:34:55.060477+00:00
[2023-07-10T04:34:55.084+0000] {processor.py:175} INFO - Processing /home/ubuntu/venv/lib/python3.10/site-packages/airflow/example_dags/example_latest_only_with_trigger.py took 0.176 seconds
[2023-07-10T04:35:25.641+0000] {processor.py:153} INFO - Started process (PID=2030) to work on /home/ubuntu/venv/lib/python3.10/site-packages/airflow/example_dags/example_latest_only_with_trigger.py
[2023-07-10T04:35:25.642+0000] {processor.py:743} INFO - Processing file /home/ubuntu/venv/lib/python3.10/site-packages/airflow/example_dags/example_latest_only_with_trigger.py for tasks to queue
[2023-07-10T04:35:25.643+0000] {logging_mixin.py:137} INFO - [2023-07-10T04:35:25.643+0000] {dagbag.py:538} INFO - Filling up the DagBag from /home/ubuntu/venv/lib/python3.10/site-packages/airflow/example_dags/example_latest_only_with_trigger.py
[2023-07-10T04:35:25.658+0000] {processor.py:753} INFO - DAG(s) dict_keys(['latest_only_with_trigger']) retrieved from /home/ubuntu/venv/lib/python3.10/site-packages/airflow/example_dags/example_latest_only_with_trigger.py
[2023-07-10T04:35:25.717+0000] {logging_mixin.py:137} INFO - [2023-07-10T04:35:25.716+0000] {dag.py:2676} INFO - Sync 1 DAGs
[2023-07-10T04:35:25.751+0000] {logging_mixin.py:137} INFO - [2023-07-10T04:35:25.751+0000] {dag.py:3423} INFO - Setting next_dagrun for latest_only_with_trigger to 2023-07-10T00:35:25.751594+00:00, run_after=2023-07-10T04:35:25.751594+00:00
[2023-07-10T04:35:25.775+0000] {processor.py:175} INFO - Processing /home/ubuntu/venv/lib/python3.10/site-packages/airflow/example_dags/example_latest_only_with_trigger.py took 0.138 seconds
[2023-07-10T04:35:56.490+0000] {processor.py:153} INFO - Started process (PID=2333) to work on /home/ubuntu/venv/lib/python3.10/site-packages/airflow/example_dags/example_latest_only_with_trigger.py
[2023-07-10T04:35:56.491+0000] {processor.py:743} INFO - Processing file /home/ubuntu/venv/lib/python3.10/site-packages/airflow/example_dags/example_latest_only_with_trigger.py for tasks to queue
[2023-07-10T04:35:56.492+0000] {logging_mixin.py:137} INFO - [2023-07-10T04:35:56.492+0000] {dagbag.py:538} INFO - Filling up the DagBag from /home/ubuntu/venv/lib/python3.10/site-packages/airflow/example_dags/example_latest_only_with_trigger.py
[2023-07-10T04:35:56.508+0000] {processor.py:753} INFO - DAG(s) dict_keys(['latest_only_with_trigger']) retrieved from /home/ubuntu/venv/lib/python3.10/site-packages/airflow/example_dags/example_latest_only_with_trigger.py
[2023-07-10T04:35:56.592+0000] {logging_mixin.py:137} INFO - [2023-07-10T04:35:56.592+0000] {dag.py:2676} INFO - Sync 1 DAGs
[2023-07-10T04:35:56.631+0000] {logging_mixin.py:137} INFO - [2023-07-10T04:35:56.631+0000] {dag.py:3423} INFO - Setting next_dagrun for latest_only_with_trigger to 2023-07-10T00:35:56.630995+00:00, run_after=2023-07-10T04:35:56.630995+00:00
[2023-07-10T04:35:56.664+0000] {processor.py:175} INFO - Processing /home/ubuntu/venv/lib/python3.10/site-packages/airflow/example_dags/example_latest_only_with_trigger.py took 0.176 seconds
