[2023-07-10T04:34:22.321+0000] {processor.py:153} INFO - Started process (PID=1450) to work on /home/ubuntu/venv/lib/python3.10/site-packages/airflow/example_dags/example_task_group_decorator.py
[2023-07-10T04:34:22.336+0000] {processor.py:743} INFO - Processing file /home/ubuntu/venv/lib/python3.10/site-packages/airflow/example_dags/example_task_group_decorator.py for tasks to queue
[2023-07-10T04:34:22.337+0000] {logging_mixin.py:137} INFO - [2023-07-10T04:34:22.336+0000] {dagbag.py:538} INFO - Filling up the DagBag from /home/ubuntu/venv/lib/python3.10/site-packages/airflow/example_dags/example_task_group_decorator.py
[2023-07-10T04:34:22.667+0000] {processor.py:753} INFO - DAG(s) dict_keys(['example_task_group_decorator']) retrieved from /home/ubuntu/venv/lib/python3.10/site-packages/airflow/example_dags/example_task_group_decorator.py
[2023-07-10T04:34:23.063+0000] {logging_mixin.py:137} INFO - [2023-07-10T04:34:23.063+0000] {dag.py:2676} INFO - Sync 1 DAGs
[2023-07-10T04:34:23.275+0000] {logging_mixin.py:137} INFO - [2023-07-10T04:34:23.274+0000] {dag.py:3423} INFO - Setting next_dagrun for example_task_group_decorator to 2023-07-09T04:34:23.274661+00:00, run_after=2023-07-10T04:34:23.274661+00:00
[2023-07-10T04:34:23.519+0000] {processor.py:175} INFO - Processing /home/ubuntu/venv/lib/python3.10/site-packages/airflow/example_dags/example_task_group_decorator.py took 1.202 seconds
[2023-07-10T04:34:53.650+0000] {processor.py:153} INFO - Started process (PID=1746) to work on /home/ubuntu/venv/lib/python3.10/site-packages/airflow/example_dags/example_task_group_decorator.py
[2023-07-10T04:34:53.657+0000] {processor.py:743} INFO - Processing file /home/ubuntu/venv/lib/python3.10/site-packages/airflow/example_dags/example_task_group_decorator.py for tasks to queue
[2023-07-10T04:34:53.659+0000] {logging_mixin.py:137} INFO - [2023-07-10T04:34:53.659+0000] {dagbag.py:538} INFO - Filling up the DagBag from /home/ubuntu/venv/lib/python3.10/site-packages/airflow/example_dags/example_task_group_decorator.py
[2023-07-10T04:34:53.738+0000] {processor.py:753} INFO - DAG(s) dict_keys(['example_task_group_decorator']) retrieved from /home/ubuntu/venv/lib/python3.10/site-packages/airflow/example_dags/example_task_group_decorator.py
[2023-07-10T04:34:53.820+0000] {logging_mixin.py:137} INFO - [2023-07-10T04:34:53.820+0000] {dag.py:2676} INFO - Sync 1 DAGs
[2023-07-10T04:34:53.861+0000] {logging_mixin.py:137} INFO - [2023-07-10T04:34:53.860+0000] {dag.py:3423} INFO - Setting next_dagrun for example_task_group_decorator to 2023-07-09T04:34:53.859229+00:00, run_after=2023-07-10T04:34:53.859229+00:00
[2023-07-10T04:34:53.893+0000] {processor.py:175} INFO - Processing /home/ubuntu/venv/lib/python3.10/site-packages/airflow/example_dags/example_task_group_decorator.py took 0.248 seconds
[2023-07-10T04:35:24.045+0000] {processor.py:153} INFO - Started process (PID=2009) to work on /home/ubuntu/venv/lib/python3.10/site-packages/airflow/example_dags/example_task_group_decorator.py
[2023-07-10T04:35:24.047+0000] {processor.py:743} INFO - Processing file /home/ubuntu/venv/lib/python3.10/site-packages/airflow/example_dags/example_task_group_decorator.py for tasks to queue
[2023-07-10T04:35:24.047+0000] {logging_mixin.py:137} INFO - [2023-07-10T04:35:24.047+0000] {dagbag.py:538} INFO - Filling up the DagBag from /home/ubuntu/venv/lib/python3.10/site-packages/airflow/example_dags/example_task_group_decorator.py
[2023-07-10T04:35:24.095+0000] {processor.py:753} INFO - DAG(s) dict_keys(['example_task_group_decorator']) retrieved from /home/ubuntu/venv/lib/python3.10/site-packages/airflow/example_dags/example_task_group_decorator.py
[2023-07-10T04:35:24.188+0000] {logging_mixin.py:137} INFO - [2023-07-10T04:35:24.188+0000] {dag.py:2676} INFO - Sync 1 DAGs
[2023-07-10T04:35:24.218+0000] {logging_mixin.py:137} INFO - [2023-07-10T04:35:24.218+0000] {dag.py:3423} INFO - Setting next_dagrun for example_task_group_decorator to 2023-07-09T04:35:24.217969+00:00, run_after=2023-07-10T04:35:24.217969+00:00
[2023-07-10T04:35:24.250+0000] {processor.py:175} INFO - Processing /home/ubuntu/venv/lib/python3.10/site-packages/airflow/example_dags/example_task_group_decorator.py took 0.215 seconds
[2023-07-10T04:35:54.862+0000] {processor.py:153} INFO - Started process (PID=2246) to work on /home/ubuntu/venv/lib/python3.10/site-packages/airflow/example_dags/example_task_group_decorator.py
[2023-07-10T04:35:54.863+0000] {processor.py:743} INFO - Processing file /home/ubuntu/venv/lib/python3.10/site-packages/airflow/example_dags/example_task_group_decorator.py for tasks to queue
[2023-07-10T04:35:54.864+0000] {logging_mixin.py:137} INFO - [2023-07-10T04:35:54.864+0000] {dagbag.py:538} INFO - Filling up the DagBag from /home/ubuntu/venv/lib/python3.10/site-packages/airflow/example_dags/example_task_group_decorator.py
[2023-07-10T04:35:54.922+0000] {processor.py:753} INFO - DAG(s) dict_keys(['example_task_group_decorator']) retrieved from /home/ubuntu/venv/lib/python3.10/site-packages/airflow/example_dags/example_task_group_decorator.py
[2023-07-10T04:35:55.017+0000] {logging_mixin.py:137} INFO - [2023-07-10T04:35:55.017+0000] {dag.py:2676} INFO - Sync 1 DAGs
[2023-07-10T04:35:55.057+0000] {logging_mixin.py:137} INFO - [2023-07-10T04:35:55.056+0000] {dag.py:3423} INFO - Setting next_dagrun for example_task_group_decorator to 2023-07-09T04:35:55.056431+00:00, run_after=2023-07-10T04:35:55.056431+00:00
[2023-07-10T04:35:55.082+0000] {processor.py:175} INFO - Processing /home/ubuntu/venv/lib/python3.10/site-packages/airflow/example_dags/example_task_group_decorator.py took 0.225 seconds
