[2023-07-10T04:34:26.223+0000] {processor.py:153} INFO - Started process (PID=1617) to work on /home/ubuntu/venv/lib/python3.10/site-packages/airflow/example_dags/example_branch_labels.py
[2023-07-10T04:34:26.224+0000] {processor.py:743} INFO - Processing file /home/ubuntu/venv/lib/python3.10/site-packages/airflow/example_dags/example_branch_labels.py for tasks to queue
[2023-07-10T04:34:26.226+0000] {logging_mixin.py:137} INFO - [2023-07-10T04:34:26.225+0000] {dagbag.py:538} INFO - Filling up the DagBag from /home/ubuntu/venv/lib/python3.10/site-packages/airflow/example_dags/example_branch_labels.py
[2023-07-10T04:34:26.247+0000] {processor.py:753} INFO - DAG(s) dict_keys(['example_branch_labels']) retrieved from /home/ubuntu/venv/lib/python3.10/site-packages/airflow/example_dags/example_branch_labels.py
[2023-07-10T04:34:26.314+0000] {logging_mixin.py:137} INFO - [2023-07-10T04:34:26.313+0000] {dag.py:2676} INFO - Sync 1 DAGs
[2023-07-10T04:34:26.349+0000] {logging_mixin.py:137} INFO - [2023-07-10T04:34:26.349+0000] {dag.py:3423} INFO - Setting next_dagrun for example_branch_labels to 2023-07-09T00:00:00+00:00, run_after=2023-07-10T00:00:00+00:00
[2023-07-10T04:34:26.371+0000] {processor.py:175} INFO - Processing /home/ubuntu/venv/lib/python3.10/site-packages/airflow/example_dags/example_branch_labels.py took 0.155 seconds
[2023-07-10T04:34:57.258+0000] {processor.py:153} INFO - Started process (PID=1870) to work on /home/ubuntu/venv/lib/python3.10/site-packages/airflow/example_dags/example_branch_labels.py
[2023-07-10T04:34:57.260+0000] {processor.py:743} INFO - Processing file /home/ubuntu/venv/lib/python3.10/site-packages/airflow/example_dags/example_branch_labels.py for tasks to queue
[2023-07-10T04:34:57.260+0000] {logging_mixin.py:137} INFO - [2023-07-10T04:34:57.260+0000] {dagbag.py:538} INFO - Filling up the DagBag from /home/ubuntu/venv/lib/python3.10/site-packages/airflow/example_dags/example_branch_labels.py
[2023-07-10T04:34:57.344+0000] {processor.py:753} INFO - DAG(s) dict_keys(['example_branch_labels']) retrieved from /home/ubuntu/venv/lib/python3.10/site-packages/airflow/example_dags/example_branch_labels.py
[2023-07-10T04:34:57.509+0000] {logging_mixin.py:137} INFO - [2023-07-10T04:34:57.508+0000] {dag.py:2676} INFO - Sync 1 DAGs
[2023-07-10T04:34:57.581+0000] {logging_mixin.py:137} INFO - [2023-07-10T04:34:57.581+0000] {dag.py:3423} INFO - Setting next_dagrun for example_branch_labels to 2023-07-09T00:00:00+00:00, run_after=2023-07-10T00:00:00+00:00
[2023-07-10T04:34:57.652+0000] {processor.py:175} INFO - Processing /home/ubuntu/venv/lib/python3.10/site-packages/airflow/example_dags/example_branch_labels.py took 0.403 seconds
[2023-07-10T04:35:28.087+0000] {processor.py:153} INFO - Started process (PID=2130) to work on /home/ubuntu/venv/lib/python3.10/site-packages/airflow/example_dags/example_branch_labels.py
[2023-07-10T04:35:28.089+0000] {processor.py:743} INFO - Processing file /home/ubuntu/venv/lib/python3.10/site-packages/airflow/example_dags/example_branch_labels.py for tasks to queue
[2023-07-10T04:35:28.090+0000] {logging_mixin.py:137} INFO - [2023-07-10T04:35:28.090+0000] {dagbag.py:538} INFO - Filling up the DagBag from /home/ubuntu/venv/lib/python3.10/site-packages/airflow/example_dags/example_branch_labels.py
[2023-07-10T04:35:28.113+0000] {processor.py:753} INFO - DAG(s) dict_keys(['example_branch_labels']) retrieved from /home/ubuntu/venv/lib/python3.10/site-packages/airflow/example_dags/example_branch_labels.py
[2023-07-10T04:35:28.179+0000] {logging_mixin.py:137} INFO - [2023-07-10T04:35:28.179+0000] {dag.py:2676} INFO - Sync 1 DAGs
[2023-07-10T04:35:28.215+0000] {logging_mixin.py:137} INFO - [2023-07-10T04:35:28.215+0000] {dag.py:3423} INFO - Setting next_dagrun for example_branch_labels to 2023-07-09T00:00:00+00:00, run_after=2023-07-10T00:00:00+00:00
[2023-07-10T04:35:28.241+0000] {processor.py:175} INFO - Processing /home/ubuntu/venv/lib/python3.10/site-packages/airflow/example_dags/example_branch_labels.py took 0.158 seconds
