[2023-07-10T04:34:26.233+0000] {processor.py:153} INFO - Started process (PID=1620) to work on /home/ubuntu/venv/lib/python3.10/site-packages/airflow/example_dags/example_complex.py
[2023-07-10T04:34:26.234+0000] {processor.py:743} INFO - Processing file /home/ubuntu/venv/lib/python3.10/site-packages/airflow/example_dags/example_complex.py for tasks to queue
[2023-07-10T04:34:26.234+0000] {logging_mixin.py:137} INFO - [2023-07-10T04:34:26.234+0000] {dagbag.py:538} INFO - Filling up the DagBag from /home/ubuntu/venv/lib/python3.10/site-packages/airflow/example_dags/example_complex.py
[2023-07-10T04:34:26.251+0000] {logging_mixin.py:137} INFO - [2023-07-10T04:34:26.250+0000] {taskmixin.py:205} WARNING - Dependency <Task(BashOperator): create_entry_group>, delete_entry_group already registered for DAG: example_complex
[2023-07-10T04:34:26.251+0000] {logging_mixin.py:137} INFO - [2023-07-10T04:34:26.251+0000] {taskmixin.py:205} WARNING - Dependency <Task(BashOperator): delete_entry_group>, create_entry_group already registered for DAG: example_complex
[2023-07-10T04:34:26.252+0000] {logging_mixin.py:137} INFO - [2023-07-10T04:34:26.251+0000] {taskmixin.py:205} WARNING - Dependency <Task(BashOperator): create_entry_gcs>, delete_entry already registered for DAG: example_complex
[2023-07-10T04:34:26.252+0000] {logging_mixin.py:137} INFO - [2023-07-10T04:34:26.252+0000] {taskmixin.py:205} WARNING - Dependency <Task(BashOperator): delete_entry>, create_entry_gcs already registered for DAG: example_complex
[2023-07-10T04:34:26.252+0000] {logging_mixin.py:137} INFO - [2023-07-10T04:34:26.252+0000] {taskmixin.py:205} WARNING - Dependency <Task(BashOperator): create_tag>, delete_tag already registered for DAG: example_complex
[2023-07-10T04:34:26.253+0000] {logging_mixin.py:137} INFO - [2023-07-10T04:34:26.252+0000] {taskmixin.py:205} WARNING - Dependency <Task(BashOperator): delete_tag>, create_tag already registered for DAG: example_complex
[2023-07-10T04:34:26.265+0000] {processor.py:753} INFO - DAG(s) dict_keys(['example_complex']) retrieved from /home/ubuntu/venv/lib/python3.10/site-packages/airflow/example_dags/example_complex.py
[2023-07-10T04:34:26.338+0000] {logging_mixin.py:137} INFO - [2023-07-10T04:34:26.338+0000] {dag.py:2676} INFO - Sync 1 DAGs
[2023-07-10T04:34:26.369+0000] {logging_mixin.py:137} INFO - [2023-07-10T04:34:26.369+0000] {dag.py:3423} INFO - Setting next_dagrun for example_complex to None, run_after=None
[2023-07-10T04:34:26.392+0000] {processor.py:175} INFO - Processing /home/ubuntu/venv/lib/python3.10/site-packages/airflow/example_dags/example_complex.py took 0.164 seconds
[2023-07-10T04:34:57.487+0000] {processor.py:153} INFO - Started process (PID=1876) to work on /home/ubuntu/venv/lib/python3.10/site-packages/airflow/example_dags/example_complex.py
[2023-07-10T04:34:57.488+0000] {processor.py:743} INFO - Processing file /home/ubuntu/venv/lib/python3.10/site-packages/airflow/example_dags/example_complex.py for tasks to queue
[2023-07-10T04:34:57.488+0000] {logging_mixin.py:137} INFO - [2023-07-10T04:34:57.488+0000] {dagbag.py:538} INFO - Filling up the DagBag from /home/ubuntu/venv/lib/python3.10/site-packages/airflow/example_dags/example_complex.py
[2023-07-10T04:34:57.541+0000] {logging_mixin.py:137} INFO - [2023-07-10T04:34:57.541+0000] {taskmixin.py:205} WARNING - Dependency <Task(BashOperator): create_entry_group>, delete_entry_group already registered for DAG: example_complex
[2023-07-10T04:34:57.541+0000] {logging_mixin.py:137} INFO - [2023-07-10T04:34:57.541+0000] {taskmixin.py:205} WARNING - Dependency <Task(BashOperator): delete_entry_group>, create_entry_group already registered for DAG: example_complex
[2023-07-10T04:34:57.542+0000] {logging_mixin.py:137} INFO - [2023-07-10T04:34:57.542+0000] {taskmixin.py:205} WARNING - Dependency <Task(BashOperator): create_entry_gcs>, delete_entry already registered for DAG: example_complex
[2023-07-10T04:34:57.546+0000] {logging_mixin.py:137} INFO - [2023-07-10T04:34:57.542+0000] {taskmixin.py:205} WARNING - Dependency <Task(BashOperator): delete_entry>, create_entry_gcs already registered for DAG: example_complex
[2023-07-10T04:34:57.549+0000] {logging_mixin.py:137} INFO - [2023-07-10T04:34:57.549+0000] {taskmixin.py:205} WARNING - Dependency <Task(BashOperator): create_tag>, delete_tag already registered for DAG: example_complex
[2023-07-10T04:34:57.549+0000] {logging_mixin.py:137} INFO - [2023-07-10T04:34:57.549+0000] {taskmixin.py:205} WARNING - Dependency <Task(BashOperator): delete_tag>, create_tag already registered for DAG: example_complex
[2023-07-10T04:34:57.575+0000] {processor.py:753} INFO - DAG(s) dict_keys(['example_complex']) retrieved from /home/ubuntu/venv/lib/python3.10/site-packages/airflow/example_dags/example_complex.py
[2023-07-10T04:34:57.696+0000] {logging_mixin.py:137} INFO - [2023-07-10T04:34:57.696+0000] {dag.py:2676} INFO - Sync 1 DAGs
[2023-07-10T04:34:57.733+0000] {logging_mixin.py:137} INFO - [2023-07-10T04:34:57.733+0000] {dag.py:3423} INFO - Setting next_dagrun for example_complex to None, run_after=None
[2023-07-10T04:34:57.764+0000] {processor.py:175} INFO - Processing /home/ubuntu/venv/lib/python3.10/site-packages/airflow/example_dags/example_complex.py took 0.284 seconds
[2023-07-10T04:35:28.216+0000] {processor.py:153} INFO - Started process (PID=2136) to work on /home/ubuntu/venv/lib/python3.10/site-packages/airflow/example_dags/example_complex.py
[2023-07-10T04:35:28.218+0000] {processor.py:743} INFO - Processing file /home/ubuntu/venv/lib/python3.10/site-packages/airflow/example_dags/example_complex.py for tasks to queue
[2023-07-10T04:35:28.219+0000] {logging_mixin.py:137} INFO - [2023-07-10T04:35:28.218+0000] {dagbag.py:538} INFO - Filling up the DagBag from /home/ubuntu/venv/lib/python3.10/site-packages/airflow/example_dags/example_complex.py
[2023-07-10T04:35:28.234+0000] {logging_mixin.py:137} INFO - [2023-07-10T04:35:28.233+0000] {taskmixin.py:205} WARNING - Dependency <Task(BashOperator): create_entry_group>, delete_entry_group already registered for DAG: example_complex
[2023-07-10T04:35:28.234+0000] {logging_mixin.py:137} INFO - [2023-07-10T04:35:28.234+0000] {taskmixin.py:205} WARNING - Dependency <Task(BashOperator): delete_entry_group>, create_entry_group already registered for DAG: example_complex
[2023-07-10T04:35:28.234+0000] {logging_mixin.py:137} INFO - [2023-07-10T04:35:28.234+0000] {taskmixin.py:205} WARNING - Dependency <Task(BashOperator): create_entry_gcs>, delete_entry already registered for DAG: example_complex
[2023-07-10T04:35:28.235+0000] {logging_mixin.py:137} INFO - [2023-07-10T04:35:28.235+0000] {taskmixin.py:205} WARNING - Dependency <Task(BashOperator): delete_entry>, create_entry_gcs already registered for DAG: example_complex
[2023-07-10T04:35:28.235+0000] {logging_mixin.py:137} INFO - [2023-07-10T04:35:28.235+0000] {taskmixin.py:205} WARNING - Dependency <Task(BashOperator): create_tag>, delete_tag already registered for DAG: example_complex
[2023-07-10T04:35:28.235+0000] {logging_mixin.py:137} INFO - [2023-07-10T04:35:28.235+0000] {taskmixin.py:205} WARNING - Dependency <Task(BashOperator): delete_tag>, create_tag already registered for DAG: example_complex
[2023-07-10T04:35:28.247+0000] {processor.py:753} INFO - DAG(s) dict_keys(['example_complex']) retrieved from /home/ubuntu/venv/lib/python3.10/site-packages/airflow/example_dags/example_complex.py
[2023-07-10T04:35:28.323+0000] {logging_mixin.py:137} INFO - [2023-07-10T04:35:28.323+0000] {dag.py:2676} INFO - Sync 1 DAGs
[2023-07-10T04:35:28.366+0000] {logging_mixin.py:137} INFO - [2023-07-10T04:35:28.366+0000] {dag.py:3423} INFO - Setting next_dagrun for example_complex to None, run_after=None
[2023-07-10T04:35:28.393+0000] {processor.py:175} INFO - Processing /home/ubuntu/venv/lib/python3.10/site-packages/airflow/example_dags/example_complex.py took 0.181 seconds
