[2023-07-10T04:34:26.431+0000] {processor.py:153} INFO - Started process (PID=1632) to work on /home/ubuntu/venv/lib/python3.10/site-packages/airflow/example_dags/example_branch_datetime_operator.py
[2023-07-10T04:34:26.432+0000] {processor.py:743} INFO - Processing file /home/ubuntu/venv/lib/python3.10/site-packages/airflow/example_dags/example_branch_datetime_operator.py for tasks to queue
[2023-07-10T04:34:26.433+0000] {logging_mixin.py:137} INFO - [2023-07-10T04:34:26.432+0000] {dagbag.py:538} INFO - Filling up the DagBag from /home/ubuntu/venv/lib/python3.10/site-packages/airflow/example_dags/example_branch_datetime_operator.py
[2023-07-10T04:34:26.458+0000] {processor.py:753} INFO - DAG(s) dict_keys(['example_branch_datetime_operator_3', 'example_branch_datetime_operator', 'example_branch_datetime_operator_2']) retrieved from /home/ubuntu/venv/lib/python3.10/site-packages/airflow/example_dags/example_branch_datetime_operator.py
[2023-07-10T04:34:26.537+0000] {logging_mixin.py:137} INFO - [2023-07-10T04:34:26.537+0000] {dag.py:2676} INFO - Sync 3 DAGs
[2023-07-10T04:34:26.577+0000] {logging_mixin.py:137} INFO - [2023-07-10T04:34:26.577+0000] {dag.py:3423} INFO - Setting next_dagrun for example_branch_datetime_operator to 2023-07-09T00:00:00+00:00, run_after=2023-07-10T00:00:00+00:00
[2023-07-10T04:34:26.585+0000] {logging_mixin.py:137} INFO - [2023-07-10T04:34:26.585+0000] {dag.py:3423} INFO - Setting next_dagrun for example_branch_datetime_operator_2 to 2023-07-09T00:00:00+00:00, run_after=2023-07-10T00:00:00+00:00
[2023-07-10T04:34:26.589+0000] {logging_mixin.py:137} INFO - [2023-07-10T04:34:26.589+0000] {dag.py:3423} INFO - Setting next_dagrun for example_branch_datetime_operator_3 to 2023-07-09T00:00:00+00:00, run_after=2023-07-10T00:00:00+00:00
[2023-07-10T04:34:26.610+0000] {processor.py:175} INFO - Processing /home/ubuntu/venv/lib/python3.10/site-packages/airflow/example_dags/example_branch_datetime_operator.py took 0.184 seconds
[2023-07-10T04:34:57.885+0000] {processor.py:153} INFO - Started process (PID=1888) to work on /home/ubuntu/venv/lib/python3.10/site-packages/airflow/example_dags/example_branch_datetime_operator.py
[2023-07-10T04:34:57.886+0000] {processor.py:743} INFO - Processing file /home/ubuntu/venv/lib/python3.10/site-packages/airflow/example_dags/example_branch_datetime_operator.py for tasks to queue
[2023-07-10T04:34:57.887+0000] {logging_mixin.py:137} INFO - [2023-07-10T04:34:57.887+0000] {dagbag.py:538} INFO - Filling up the DagBag from /home/ubuntu/venv/lib/python3.10/site-packages/airflow/example_dags/example_branch_datetime_operator.py
[2023-07-10T04:34:58.049+0000] {processor.py:753} INFO - DAG(s) dict_keys(['example_branch_datetime_operator_3', 'example_branch_datetime_operator', 'example_branch_datetime_operator_2']) retrieved from /home/ubuntu/venv/lib/python3.10/site-packages/airflow/example_dags/example_branch_datetime_operator.py
[2023-07-10T04:34:58.142+0000] {logging_mixin.py:137} INFO - [2023-07-10T04:34:58.141+0000] {dag.py:2676} INFO - Sync 3 DAGs
[2023-07-10T04:34:58.180+0000] {logging_mixin.py:137} INFO - [2023-07-10T04:34:58.180+0000] {dag.py:3423} INFO - Setting next_dagrun for example_branch_datetime_operator to 2023-07-09T00:00:00+00:00, run_after=2023-07-10T00:00:00+00:00
[2023-07-10T04:34:58.186+0000] {logging_mixin.py:137} INFO - [2023-07-10T04:34:58.185+0000] {dag.py:3423} INFO - Setting next_dagrun for example_branch_datetime_operator_2 to 2023-07-09T00:00:00+00:00, run_after=2023-07-10T00:00:00+00:00
[2023-07-10T04:34:58.188+0000] {logging_mixin.py:137} INFO - [2023-07-10T04:34:58.188+0000] {dag.py:3423} INFO - Setting next_dagrun for example_branch_datetime_operator_3 to 2023-07-09T00:00:00+00:00, run_after=2023-07-10T00:00:00+00:00
[2023-07-10T04:34:58.209+0000] {processor.py:175} INFO - Processing /home/ubuntu/venv/lib/python3.10/site-packages/airflow/example_dags/example_branch_datetime_operator.py took 0.352 seconds
[2023-07-10T04:35:28.441+0000] {processor.py:153} INFO - Started process (PID=2148) to work on /home/ubuntu/venv/lib/python3.10/site-packages/airflow/example_dags/example_branch_datetime_operator.py
[2023-07-10T04:35:28.442+0000] {processor.py:743} INFO - Processing file /home/ubuntu/venv/lib/python3.10/site-packages/airflow/example_dags/example_branch_datetime_operator.py for tasks to queue
[2023-07-10T04:35:28.443+0000] {logging_mixin.py:137} INFO - [2023-07-10T04:35:28.443+0000] {dagbag.py:538} INFO - Filling up the DagBag from /home/ubuntu/venv/lib/python3.10/site-packages/airflow/example_dags/example_branch_datetime_operator.py
[2023-07-10T04:35:28.473+0000] {processor.py:753} INFO - DAG(s) dict_keys(['example_branch_datetime_operator', 'example_branch_datetime_operator_3', 'example_branch_datetime_operator_2']) retrieved from /home/ubuntu/venv/lib/python3.10/site-packages/airflow/example_dags/example_branch_datetime_operator.py
[2023-07-10T04:35:28.541+0000] {logging_mixin.py:137} INFO - [2023-07-10T04:35:28.540+0000] {dag.py:2676} INFO - Sync 3 DAGs
[2023-07-10T04:35:28.565+0000] {logging_mixin.py:137} INFO - [2023-07-10T04:35:28.565+0000] {dag.py:3423} INFO - Setting next_dagrun for example_branch_datetime_operator to 2023-07-09T00:00:00+00:00, run_after=2023-07-10T00:00:00+00:00
[2023-07-10T04:35:28.571+0000] {logging_mixin.py:137} INFO - [2023-07-10T04:35:28.570+0000] {dag.py:3423} INFO - Setting next_dagrun for example_branch_datetime_operator_2 to 2023-07-09T00:00:00+00:00, run_after=2023-07-10T00:00:00+00:00
[2023-07-10T04:35:28.574+0000] {logging_mixin.py:137} INFO - [2023-07-10T04:35:28.574+0000] {dag.py:3423} INFO - Setting next_dagrun for example_branch_datetime_operator_3 to 2023-07-09T00:00:00+00:00, run_after=2023-07-10T00:00:00+00:00
[2023-07-10T04:35:28.591+0000] {processor.py:175} INFO - Processing /home/ubuntu/venv/lib/python3.10/site-packages/airflow/example_dags/example_branch_datetime_operator.py took 0.155 seconds
