[2023-07-10T04:34:24.757+0000] {processor.py:153} INFO - Started process (PID=1537) to work on /home/ubuntu/venv/lib/python3.10/site-packages/airflow/example_dags/example_nested_branch_dag.py
[2023-07-10T04:34:24.759+0000] {processor.py:743} INFO - Processing file /home/ubuntu/venv/lib/python3.10/site-packages/airflow/example_dags/example_nested_branch_dag.py for tasks to queue
[2023-07-10T04:34:24.762+0000] {logging_mixin.py:137} INFO - [2023-07-10T04:34:24.762+0000] {dagbag.py:538} INFO - Filling up the DagBag from /home/ubuntu/venv/lib/python3.10/site-packages/airflow/example_dags/example_nested_branch_dag.py
[2023-07-10T04:34:24.801+0000] {processor.py:753} INFO - DAG(s) dict_keys(['example_nested_branch_dag']) retrieved from /home/ubuntu/venv/lib/python3.10/site-packages/airflow/example_dags/example_nested_branch_dag.py
[2023-07-10T04:34:24.879+0000] {logging_mixin.py:137} INFO - [2023-07-10T04:34:24.879+0000] {dag.py:2676} INFO - Sync 1 DAGs
[2023-07-10T04:34:24.916+0000] {logging_mixin.py:137} INFO - [2023-07-10T04:34:24.916+0000] {dag.py:3423} INFO - Setting next_dagrun for example_nested_branch_dag to 2023-07-09T00:00:00+00:00, run_after=2023-07-10T00:00:00+00:00
[2023-07-10T04:34:24.941+0000] {processor.py:175} INFO - Processing /home/ubuntu/venv/lib/python3.10/site-packages/airflow/example_dags/example_nested_branch_dag.py took 0.192 seconds
[2023-07-10T04:34:55.321+0000] {processor.py:153} INFO - Started process (PID=1789) to work on /home/ubuntu/venv/lib/python3.10/site-packages/airflow/example_dags/example_nested_branch_dag.py
[2023-07-10T04:34:55.322+0000] {processor.py:743} INFO - Processing file /home/ubuntu/venv/lib/python3.10/site-packages/airflow/example_dags/example_nested_branch_dag.py for tasks to queue
[2023-07-10T04:34:55.323+0000] {logging_mixin.py:137} INFO - [2023-07-10T04:34:55.323+0000] {dagbag.py:538} INFO - Filling up the DagBag from /home/ubuntu/venv/lib/python3.10/site-packages/airflow/example_dags/example_nested_branch_dag.py
[2023-07-10T04:34:55.360+0000] {processor.py:753} INFO - DAG(s) dict_keys(['example_nested_branch_dag']) retrieved from /home/ubuntu/venv/lib/python3.10/site-packages/airflow/example_dags/example_nested_branch_dag.py
[2023-07-10T04:34:55.467+0000] {logging_mixin.py:137} INFO - [2023-07-10T04:34:55.467+0000] {dag.py:2676} INFO - Sync 1 DAGs
[2023-07-10T04:34:55.540+0000] {logging_mixin.py:137} INFO - [2023-07-10T04:34:55.540+0000] {dag.py:3423} INFO - Setting next_dagrun for example_nested_branch_dag to 2023-07-09T00:00:00+00:00, run_after=2023-07-10T00:00:00+00:00
[2023-07-10T04:34:55.607+0000] {processor.py:175} INFO - Processing /home/ubuntu/venv/lib/python3.10/site-packages/airflow/example_dags/example_nested_branch_dag.py took 0.295 seconds
[2023-07-10T04:35:26.460+0000] {processor.py:153} INFO - Started process (PID=2052) to work on /home/ubuntu/venv/lib/python3.10/site-packages/airflow/example_dags/example_nested_branch_dag.py
[2023-07-10T04:35:26.475+0000] {processor.py:743} INFO - Processing file /home/ubuntu/venv/lib/python3.10/site-packages/airflow/example_dags/example_nested_branch_dag.py for tasks to queue
[2023-07-10T04:35:26.476+0000] {logging_mixin.py:137} INFO - [2023-07-10T04:35:26.476+0000] {dagbag.py:538} INFO - Filling up the DagBag from /home/ubuntu/venv/lib/python3.10/site-packages/airflow/example_dags/example_nested_branch_dag.py
[2023-07-10T04:35:26.560+0000] {processor.py:753} INFO - DAG(s) dict_keys(['example_nested_branch_dag']) retrieved from /home/ubuntu/venv/lib/python3.10/site-packages/airflow/example_dags/example_nested_branch_dag.py
[2023-07-10T04:35:26.648+0000] {logging_mixin.py:137} INFO - [2023-07-10T04:35:26.647+0000] {dag.py:2676} INFO - Sync 1 DAGs
[2023-07-10T04:35:26.700+0000] {logging_mixin.py:137} INFO - [2023-07-10T04:35:26.700+0000] {dag.py:3423} INFO - Setting next_dagrun for example_nested_branch_dag to 2023-07-09T00:00:00+00:00, run_after=2023-07-10T00:00:00+00:00
[2023-07-10T04:35:26.779+0000] {processor.py:175} INFO - Processing /home/ubuntu/venv/lib/python3.10/site-packages/airflow/example_dags/example_nested_branch_dag.py took 0.334 seconds
[2023-07-10T04:35:56.899+0000] {processor.py:153} INFO - Started process (PID=2357) to work on /home/ubuntu/venv/lib/python3.10/site-packages/airflow/example_dags/example_nested_branch_dag.py
[2023-07-10T04:35:56.900+0000] {processor.py:743} INFO - Processing file /home/ubuntu/venv/lib/python3.10/site-packages/airflow/example_dags/example_nested_branch_dag.py for tasks to queue
[2023-07-10T04:35:56.901+0000] {logging_mixin.py:137} INFO - [2023-07-10T04:35:56.900+0000] {dagbag.py:538} INFO - Filling up the DagBag from /home/ubuntu/venv/lib/python3.10/site-packages/airflow/example_dags/example_nested_branch_dag.py
[2023-07-10T04:35:56.929+0000] {processor.py:753} INFO - DAG(s) dict_keys(['example_nested_branch_dag']) retrieved from /home/ubuntu/venv/lib/python3.10/site-packages/airflow/example_dags/example_nested_branch_dag.py
[2023-07-10T04:35:56.980+0000] {logging_mixin.py:137} INFO - [2023-07-10T04:35:56.979+0000] {dag.py:2676} INFO - Sync 1 DAGs
[2023-07-10T04:35:57.009+0000] {logging_mixin.py:137} INFO - [2023-07-10T04:35:57.008+0000] {dag.py:3423} INFO - Setting next_dagrun for example_nested_branch_dag to 2023-07-09T00:00:00+00:00, run_after=2023-07-10T00:00:00+00:00
[2023-07-10T04:35:57.028+0000] {processor.py:175} INFO - Processing /home/ubuntu/venv/lib/python3.10/site-packages/airflow/example_dags/example_nested_branch_dag.py took 0.133 seconds
