[2023-07-10T04:34:24.496+0000] {processor.py:153} INFO - Started process (PID=1525) to work on /home/ubuntu/venv/lib/python3.10/site-packages/airflow/example_dags/example_task_group.py
[2023-07-10T04:34:24.497+0000] {processor.py:743} INFO - Processing file /home/ubuntu/venv/lib/python3.10/site-packages/airflow/example_dags/example_task_group.py for tasks to queue
[2023-07-10T04:34:24.498+0000] {logging_mixin.py:137} INFO - [2023-07-10T04:34:24.498+0000] {dagbag.py:538} INFO - Filling up the DagBag from /home/ubuntu/venv/lib/python3.10/site-packages/airflow/example_dags/example_task_group.py
[2023-07-10T04:34:24.520+0000] {processor.py:753} INFO - DAG(s) dict_keys(['example_task_group']) retrieved from /home/ubuntu/venv/lib/python3.10/site-packages/airflow/example_dags/example_task_group.py
[2023-07-10T04:34:24.603+0000] {logging_mixin.py:137} INFO - [2023-07-10T04:34:24.603+0000] {dag.py:2676} INFO - Sync 1 DAGs
[2023-07-10T04:34:24.650+0000] {logging_mixin.py:137} INFO - [2023-07-10T04:34:24.650+0000] {dag.py:3423} INFO - Setting next_dagrun for example_task_group to 2023-07-09T04:34:24.650311+00:00, run_after=2023-07-10T04:34:24.650311+00:00
[2023-07-10T04:34:24.710+0000] {processor.py:175} INFO - Processing /home/ubuntu/venv/lib/python3.10/site-packages/airflow/example_dags/example_task_group.py took 0.219 seconds
[2023-07-10T04:34:55.126+0000] {processor.py:153} INFO - Started process (PID=1777) to work on /home/ubuntu/venv/lib/python3.10/site-packages/airflow/example_dags/example_task_group.py
[2023-07-10T04:34:55.127+0000] {processor.py:743} INFO - Processing file /home/ubuntu/venv/lib/python3.10/site-packages/airflow/example_dags/example_task_group.py for tasks to queue
[2023-07-10T04:34:55.128+0000] {logging_mixin.py:137} INFO - [2023-07-10T04:34:55.127+0000] {dagbag.py:538} INFO - Filling up the DagBag from /home/ubuntu/venv/lib/python3.10/site-packages/airflow/example_dags/example_task_group.py
[2023-07-10T04:34:55.150+0000] {processor.py:753} INFO - DAG(s) dict_keys(['example_task_group']) retrieved from /home/ubuntu/venv/lib/python3.10/site-packages/airflow/example_dags/example_task_group.py
[2023-07-10T04:34:55.217+0000] {logging_mixin.py:137} INFO - [2023-07-10T04:34:55.217+0000] {dag.py:2676} INFO - Sync 1 DAGs
[2023-07-10T04:34:55.251+0000] {logging_mixin.py:137} INFO - [2023-07-10T04:34:55.250+0000] {dag.py:3423} INFO - Setting next_dagrun for example_task_group to 2023-07-09T04:34:55.250414+00:00, run_after=2023-07-10T04:34:55.250414+00:00
[2023-07-10T04:34:55.279+0000] {processor.py:175} INFO - Processing /home/ubuntu/venv/lib/python3.10/site-packages/airflow/example_dags/example_task_group.py took 0.157 seconds
[2023-07-10T04:35:26.038+0000] {processor.py:153} INFO - Started process (PID=2042) to work on /home/ubuntu/venv/lib/python3.10/site-packages/airflow/example_dags/example_task_group.py
[2023-07-10T04:35:26.040+0000] {processor.py:743} INFO - Processing file /home/ubuntu/venv/lib/python3.10/site-packages/airflow/example_dags/example_task_group.py for tasks to queue
[2023-07-10T04:35:26.041+0000] {logging_mixin.py:137} INFO - [2023-07-10T04:35:26.040+0000] {dagbag.py:538} INFO - Filling up the DagBag from /home/ubuntu/venv/lib/python3.10/site-packages/airflow/example_dags/example_task_group.py
[2023-07-10T04:35:26.114+0000] {processor.py:753} INFO - DAG(s) dict_keys(['example_task_group']) retrieved from /home/ubuntu/venv/lib/python3.10/site-packages/airflow/example_dags/example_task_group.py
[2023-07-10T04:35:26.248+0000] {logging_mixin.py:137} INFO - [2023-07-10T04:35:26.248+0000] {dag.py:2676} INFO - Sync 1 DAGs
[2023-07-10T04:35:26.292+0000] {logging_mixin.py:137} INFO - [2023-07-10T04:35:26.291+0000] {dag.py:3423} INFO - Setting next_dagrun for example_task_group to 2023-07-09T04:35:26.291417+00:00, run_after=2023-07-10T04:35:26.291417+00:00
[2023-07-10T04:35:26.342+0000] {processor.py:175} INFO - Processing /home/ubuntu/venv/lib/python3.10/site-packages/airflow/example_dags/example_task_group.py took 0.312 seconds
[2023-07-10T04:35:56.705+0000] {processor.py:153} INFO - Started process (PID=2343) to work on /home/ubuntu/venv/lib/python3.10/site-packages/airflow/example_dags/example_task_group.py
[2023-07-10T04:35:56.706+0000] {processor.py:743} INFO - Processing file /home/ubuntu/venv/lib/python3.10/site-packages/airflow/example_dags/example_task_group.py for tasks to queue
[2023-07-10T04:35:56.707+0000] {logging_mixin.py:137} INFO - [2023-07-10T04:35:56.707+0000] {dagbag.py:538} INFO - Filling up the DagBag from /home/ubuntu/venv/lib/python3.10/site-packages/airflow/example_dags/example_task_group.py
[2023-07-10T04:35:56.732+0000] {processor.py:753} INFO - DAG(s) dict_keys(['example_task_group']) retrieved from /home/ubuntu/venv/lib/python3.10/site-packages/airflow/example_dags/example_task_group.py
[2023-07-10T04:35:56.806+0000] {logging_mixin.py:137} INFO - [2023-07-10T04:35:56.806+0000] {dag.py:2676} INFO - Sync 1 DAGs
[2023-07-10T04:35:56.839+0000] {logging_mixin.py:137} INFO - [2023-07-10T04:35:56.839+0000] {dag.py:3423} INFO - Setting next_dagrun for example_task_group to 2023-07-09T04:35:56.839347+00:00, run_after=2023-07-10T04:35:56.839347+00:00
[2023-07-10T04:35:56.866+0000] {processor.py:175} INFO - Processing /home/ubuntu/venv/lib/python3.10/site-packages/airflow/example_dags/example_task_group.py took 0.165 seconds
