[2023-07-10T04:34:26.405+0000] {processor.py:153} INFO - Started process (PID=1627) to work on /home/ubuntu/venv/lib/python3.10/site-packages/airflow/example_dags/example_branch_python_dop_operator_3.py
[2023-07-10T04:34:26.406+0000] {processor.py:743} INFO - Processing file /home/ubuntu/venv/lib/python3.10/site-packages/airflow/example_dags/example_branch_python_dop_operator_3.py for tasks to queue
[2023-07-10T04:34:26.407+0000] {logging_mixin.py:137} INFO - [2023-07-10T04:34:26.407+0000] {dagbag.py:538} INFO - Filling up the DagBag from /home/ubuntu/venv/lib/python3.10/site-packages/airflow/example_dags/example_branch_python_dop_operator_3.py
[2023-07-10T04:34:26.444+0000] {processor.py:753} INFO - DAG(s) dict_keys(['example_branch_dop_operator_v3']) retrieved from /home/ubuntu/venv/lib/python3.10/site-packages/airflow/example_dags/example_branch_python_dop_operator_3.py
[2023-07-10T04:34:26.509+0000] {logging_mixin.py:137} INFO - [2023-07-10T04:34:26.508+0000] {dag.py:2676} INFO - Sync 1 DAGs
[2023-07-10T04:34:26.555+0000] {logging_mixin.py:137} INFO - [2023-07-10T04:34:26.555+0000] {dag.py:3423} INFO - Setting next_dagrun for example_branch_dop_operator_v3 to 2023-07-10T04:33:00+00:00, run_after=2023-07-10T04:34:00+00:00
[2023-07-10T04:34:26.582+0000] {processor.py:175} INFO - Processing /home/ubuntu/venv/lib/python3.10/site-packages/airflow/example_dags/example_branch_python_dop_operator_3.py took 0.180 seconds
[2023-07-10T04:34:57.710+0000] {processor.py:153} INFO - Started process (PID=1882) to work on /home/ubuntu/venv/lib/python3.10/site-packages/airflow/example_dags/example_branch_python_dop_operator_3.py
[2023-07-10T04:34:57.711+0000] {processor.py:743} INFO - Processing file /home/ubuntu/venv/lib/python3.10/site-packages/airflow/example_dags/example_branch_python_dop_operator_3.py for tasks to queue
[2023-07-10T04:34:57.712+0000] {logging_mixin.py:137} INFO - [2023-07-10T04:34:57.712+0000] {dagbag.py:538} INFO - Filling up the DagBag from /home/ubuntu/venv/lib/python3.10/site-packages/airflow/example_dags/example_branch_python_dop_operator_3.py
[2023-07-10T04:34:57.753+0000] {processor.py:753} INFO - DAG(s) dict_keys(['example_branch_dop_operator_v3']) retrieved from /home/ubuntu/venv/lib/python3.10/site-packages/airflow/example_dags/example_branch_python_dop_operator_3.py
[2023-07-10T04:34:57.907+0000] {logging_mixin.py:137} INFO - [2023-07-10T04:34:57.906+0000] {dag.py:2676} INFO - Sync 1 DAGs
[2023-07-10T04:34:57.980+0000] {logging_mixin.py:137} INFO - [2023-07-10T04:34:57.980+0000] {dag.py:3423} INFO - Setting next_dagrun for example_branch_dop_operator_v3 to 2023-07-10T04:33:00+00:00, run_after=2023-07-10T04:34:00+00:00
[2023-07-10T04:34:58.035+0000] {processor.py:175} INFO - Processing /home/ubuntu/venv/lib/python3.10/site-packages/airflow/example_dags/example_branch_python_dop_operator_3.py took 0.329 seconds
[2023-07-10T04:35:28.286+0000] {processor.py:153} INFO - Started process (PID=2142) to work on /home/ubuntu/venv/lib/python3.10/site-packages/airflow/example_dags/example_branch_python_dop_operator_3.py
[2023-07-10T04:35:28.288+0000] {processor.py:743} INFO - Processing file /home/ubuntu/venv/lib/python3.10/site-packages/airflow/example_dags/example_branch_python_dop_operator_3.py for tasks to queue
[2023-07-10T04:35:28.289+0000] {logging_mixin.py:137} INFO - [2023-07-10T04:35:28.289+0000] {dagbag.py:538} INFO - Filling up the DagBag from /home/ubuntu/venv/lib/python3.10/site-packages/airflow/example_dags/example_branch_python_dop_operator_3.py
[2023-07-10T04:35:28.326+0000] {processor.py:753} INFO - DAG(s) dict_keys(['example_branch_dop_operator_v3']) retrieved from /home/ubuntu/venv/lib/python3.10/site-packages/airflow/example_dags/example_branch_python_dop_operator_3.py
[2023-07-10T04:35:28.407+0000] {logging_mixin.py:137} INFO - [2023-07-10T04:35:28.406+0000] {dag.py:2676} INFO - Sync 1 DAGs
[2023-07-10T04:35:28.459+0000] {logging_mixin.py:137} INFO - [2023-07-10T04:35:28.459+0000] {dag.py:3423} INFO - Setting next_dagrun for example_branch_dop_operator_v3 to 2023-07-10T04:34:00+00:00, run_after=2023-07-10T04:35:00+00:00
[2023-07-10T04:35:28.491+0000] {processor.py:175} INFO - Processing /home/ubuntu/venv/lib/python3.10/site-packages/airflow/example_dags/example_branch_python_dop_operator_3.py took 0.209 seconds
