[2023-07-10T04:34:20.798+0000] {processor.py:153} INFO - Started process (PID=1396) to work on /home/ubuntu/venv/lib/python3.10/site-packages/airflow/example_dags/example_datasets.py
[2023-07-10T04:34:20.799+0000] {processor.py:743} INFO - Processing file /home/ubuntu/venv/lib/python3.10/site-packages/airflow/example_dags/example_datasets.py for tasks to queue
[2023-07-10T04:34:20.800+0000] {logging_mixin.py:137} INFO - [2023-07-10T04:34:20.800+0000] {dagbag.py:538} INFO - Filling up the DagBag from /home/ubuntu/venv/lib/python3.10/site-packages/airflow/example_dags/example_datasets.py
[2023-07-10T04:34:20.905+0000] {processor.py:753} INFO - DAG(s) dict_keys(['dataset_produces_2', 'dataset_produces_1', 'dataset_consumes_1_and_2', 'dataset_consumes_1_never_scheduled', 'dataset_consumes_1', 'dataset_consumes_unknown_never_scheduled']) retrieved from /home/ubuntu/venv/lib/python3.10/site-packages/airflow/example_dags/example_datasets.py
[2023-07-10T04:34:21.535+0000] {logging_mixin.py:137} INFO - [2023-07-10T04:34:21.535+0000] {dag.py:2676} INFO - Sync 6 DAGs
[2023-07-10T04:34:21.726+0000] {logging_mixin.py:137} INFO - [2023-07-10T04:34:21.724+0000] {dag.py:3423} INFO - Setting next_dagrun for dataset_consumes_1 to None, run_after=None
[2023-07-10T04:34:21.751+0000] {logging_mixin.py:137} INFO - [2023-07-10T04:34:21.751+0000] {dag.py:3423} INFO - Setting next_dagrun for dataset_consumes_1_and_2 to None, run_after=None
[2023-07-10T04:34:21.766+0000] {logging_mixin.py:137} INFO - [2023-07-10T04:34:21.766+0000] {dag.py:3423} INFO - Setting next_dagrun for dataset_consumes_1_never_scheduled to None, run_after=None
[2023-07-10T04:34:21.781+0000] {logging_mixin.py:137} INFO - [2023-07-10T04:34:21.781+0000] {dag.py:3423} INFO - Setting next_dagrun for dataset_consumes_unknown_never_scheduled to None, run_after=None
[2023-07-10T04:34:21.789+0000] {logging_mixin.py:137} INFO - [2023-07-10T04:34:21.788+0000] {dag.py:3423} INFO - Setting next_dagrun for dataset_produces_1 to 2023-07-09T00:00:00+00:00, run_after=2023-07-10T00:00:00+00:00
[2023-07-10T04:34:21.808+0000] {logging_mixin.py:137} INFO - [2023-07-10T04:34:21.807+0000] {dag.py:3423} INFO - Setting next_dagrun for dataset_produces_2 to None, run_after=None
[2023-07-10T04:34:22.173+0000] {processor.py:175} INFO - Processing /home/ubuntu/venv/lib/python3.10/site-packages/airflow/example_dags/example_datasets.py took 1.411 seconds
[2023-07-10T04:34:52.311+0000] {processor.py:153} INFO - Started process (PID=1734) to work on /home/ubuntu/venv/lib/python3.10/site-packages/airflow/example_dags/example_datasets.py
[2023-07-10T04:34:52.318+0000] {processor.py:743} INFO - Processing file /home/ubuntu/venv/lib/python3.10/site-packages/airflow/example_dags/example_datasets.py for tasks to queue
[2023-07-10T04:34:52.323+0000] {logging_mixin.py:137} INFO - [2023-07-10T04:34:52.323+0000] {dagbag.py:538} INFO - Filling up the DagBag from /home/ubuntu/venv/lib/python3.10/site-packages/airflow/example_dags/example_datasets.py
[2023-07-10T04:34:52.363+0000] {processor.py:753} INFO - DAG(s) dict_keys(['dataset_consumes_1_and_2', 'dataset_consumes_1_never_scheduled', 'dataset_consumes_unknown_never_scheduled', 'dataset_produces_2', 'dataset_produces_1', 'dataset_consumes_1']) retrieved from /home/ubuntu/venv/lib/python3.10/site-packages/airflow/example_dags/example_datasets.py
[2023-07-10T04:34:52.473+0000] {logging_mixin.py:137} INFO - [2023-07-10T04:34:52.472+0000] {dag.py:2676} INFO - Sync 6 DAGs
[2023-07-10T04:34:52.516+0000] {logging_mixin.py:137} INFO - [2023-07-10T04:34:52.516+0000] {dag.py:3423} INFO - Setting next_dagrun for dataset_consumes_1 to None, run_after=None
[2023-07-10T04:34:52.522+0000] {logging_mixin.py:137} INFO - [2023-07-10T04:34:52.521+0000] {dag.py:3423} INFO - Setting next_dagrun for dataset_consumes_1_and_2 to None, run_after=None
[2023-07-10T04:34:52.525+0000] {logging_mixin.py:137} INFO - [2023-07-10T04:34:52.524+0000] {dag.py:3423} INFO - Setting next_dagrun for dataset_consumes_1_never_scheduled to None, run_after=None
[2023-07-10T04:34:52.528+0000] {logging_mixin.py:137} INFO - [2023-07-10T04:34:52.527+0000] {dag.py:3423} INFO - Setting next_dagrun for dataset_consumes_unknown_never_scheduled to None, run_after=None
[2023-07-10T04:34:52.533+0000] {logging_mixin.py:137} INFO - [2023-07-10T04:34:52.533+0000] {dag.py:3423} INFO - Setting next_dagrun for dataset_produces_1 to 2023-07-09T00:00:00+00:00, run_after=2023-07-10T00:00:00+00:00
[2023-07-10T04:34:52.536+0000] {logging_mixin.py:137} INFO - [2023-07-10T04:34:52.535+0000] {dag.py:3423} INFO - Setting next_dagrun for dataset_produces_2 to None, run_after=None
[2023-07-10T04:34:52.601+0000] {processor.py:175} INFO - Processing /home/ubuntu/venv/lib/python3.10/site-packages/airflow/example_dags/example_datasets.py took 0.296 seconds
[2023-07-10T04:35:22.808+0000] {processor.py:153} INFO - Started process (PID=1997) to work on /home/ubuntu/venv/lib/python3.10/site-packages/airflow/example_dags/example_datasets.py
[2023-07-10T04:35:22.809+0000] {processor.py:743} INFO - Processing file /home/ubuntu/venv/lib/python3.10/site-packages/airflow/example_dags/example_datasets.py for tasks to queue
[2023-07-10T04:35:22.810+0000] {logging_mixin.py:137} INFO - [2023-07-10T04:35:22.810+0000] {dagbag.py:538} INFO - Filling up the DagBag from /home/ubuntu/venv/lib/python3.10/site-packages/airflow/example_dags/example_datasets.py
[2023-07-10T04:35:22.835+0000] {processor.py:753} INFO - DAG(s) dict_keys(['dataset_consumes_1_never_scheduled', 'dataset_produces_2', 'dataset_produces_1', 'dataset_consumes_1', 'dataset_consumes_unknown_never_scheduled', 'dataset_consumes_1_and_2']) retrieved from /home/ubuntu/venv/lib/python3.10/site-packages/airflow/example_dags/example_datasets.py
[2023-07-10T04:35:22.923+0000] {logging_mixin.py:137} INFO - [2023-07-10T04:35:22.923+0000] {dag.py:2676} INFO - Sync 6 DAGs
[2023-07-10T04:35:22.960+0000] {logging_mixin.py:137} INFO - [2023-07-10T04:35:22.960+0000] {dag.py:3423} INFO - Setting next_dagrun for dataset_consumes_1 to None, run_after=None
[2023-07-10T04:35:22.964+0000] {logging_mixin.py:137} INFO - [2023-07-10T04:35:22.964+0000] {dag.py:3423} INFO - Setting next_dagrun for dataset_consumes_1_and_2 to None, run_after=None
[2023-07-10T04:35:22.966+0000] {logging_mixin.py:137} INFO - [2023-07-10T04:35:22.965+0000] {dag.py:3423} INFO - Setting next_dagrun for dataset_consumes_1_never_scheduled to None, run_after=None
[2023-07-10T04:35:22.967+0000] {logging_mixin.py:137} INFO - [2023-07-10T04:35:22.967+0000] {dag.py:3423} INFO - Setting next_dagrun for dataset_consumes_unknown_never_scheduled to None, run_after=None
[2023-07-10T04:35:22.970+0000] {logging_mixin.py:137} INFO - [2023-07-10T04:35:22.970+0000] {dag.py:3423} INFO - Setting next_dagrun for dataset_produces_1 to 2023-07-09T00:00:00+00:00, run_after=2023-07-10T00:00:00+00:00
[2023-07-10T04:35:22.972+0000] {logging_mixin.py:137} INFO - [2023-07-10T04:35:22.972+0000] {dag.py:3423} INFO - Setting next_dagrun for dataset_produces_2 to None, run_after=None
[2023-07-10T04:35:23.016+0000] {processor.py:175} INFO - Processing /home/ubuntu/venv/lib/python3.10/site-packages/airflow/example_dags/example_datasets.py took 0.211 seconds
[2023-07-10T04:35:53.530+0000] {processor.py:153} INFO - Started process (PID=2234) to work on /home/ubuntu/venv/lib/python3.10/site-packages/airflow/example_dags/example_datasets.py
[2023-07-10T04:35:53.535+0000] {processor.py:743} INFO - Processing file /home/ubuntu/venv/lib/python3.10/site-packages/airflow/example_dags/example_datasets.py for tasks to queue
[2023-07-10T04:35:53.536+0000] {logging_mixin.py:137} INFO - [2023-07-10T04:35:53.535+0000] {dagbag.py:538} INFO - Filling up the DagBag from /home/ubuntu/venv/lib/python3.10/site-packages/airflow/example_dags/example_datasets.py
[2023-07-10T04:35:53.625+0000] {processor.py:753} INFO - DAG(s) dict_keys(['dataset_consumes_1_never_scheduled', 'dataset_consumes_unknown_never_scheduled', 'dataset_produces_1', 'dataset_consumes_1_and_2', 'dataset_produces_2', 'dataset_consumes_1']) retrieved from /home/ubuntu/venv/lib/python3.10/site-packages/airflow/example_dags/example_datasets.py
[2023-07-10T04:35:53.745+0000] {logging_mixin.py:137} INFO - [2023-07-10T04:35:53.745+0000] {dag.py:2676} INFO - Sync 6 DAGs
[2023-07-10T04:35:53.798+0000] {logging_mixin.py:137} INFO - [2023-07-10T04:35:53.798+0000] {dag.py:3423} INFO - Setting next_dagrun for dataset_consumes_1 to None, run_after=None
[2023-07-10T04:35:53.808+0000] {logging_mixin.py:137} INFO - [2023-07-10T04:35:53.808+0000] {dag.py:3423} INFO - Setting next_dagrun for dataset_consumes_1_and_2 to None, run_after=None
[2023-07-10T04:35:53.810+0000] {logging_mixin.py:137} INFO - [2023-07-10T04:35:53.810+0000] {dag.py:3423} INFO - Setting next_dagrun for dataset_consumes_1_never_scheduled to None, run_after=None
[2023-07-10T04:35:53.812+0000] {logging_mixin.py:137} INFO - [2023-07-10T04:35:53.812+0000] {dag.py:3423} INFO - Setting next_dagrun for dataset_consumes_unknown_never_scheduled to None, run_after=None
[2023-07-10T04:35:53.815+0000] {logging_mixin.py:137} INFO - [2023-07-10T04:35:53.815+0000] {dag.py:3423} INFO - Setting next_dagrun for dataset_produces_1 to 2023-07-09T00:00:00+00:00, run_after=2023-07-10T00:00:00+00:00
[2023-07-10T04:35:53.829+0000] {logging_mixin.py:137} INFO - [2023-07-10T04:35:53.828+0000] {dag.py:3423} INFO - Setting next_dagrun for dataset_produces_2 to None, run_after=None
[2023-07-10T04:35:53.872+0000] {processor.py:175} INFO - Processing /home/ubuntu/venv/lib/python3.10/site-packages/airflow/example_dags/example_datasets.py took 0.367 seconds
