[2023-07-10T04:34:18.808+0000] {processor.py:153} INFO - Started process (PID=1334) to work on /home/ubuntu/venv/lib/python3.10/site-packages/airflow/example_dags/example_trigger_target_dag.py
[2023-07-10T04:34:18.809+0000] {processor.py:743} INFO - Processing file /home/ubuntu/venv/lib/python3.10/site-packages/airflow/example_dags/example_trigger_target_dag.py for tasks to queue
[2023-07-10T04:34:18.810+0000] {logging_mixin.py:137} INFO - [2023-07-10T04:34:18.810+0000] {dagbag.py:538} INFO - Filling up the DagBag from /home/ubuntu/venv/lib/python3.10/site-packages/airflow/example_dags/example_trigger_target_dag.py
[2023-07-10T04:34:18.999+0000] {processor.py:753} INFO - DAG(s) dict_keys(['example_trigger_target_dag']) retrieved from /home/ubuntu/venv/lib/python3.10/site-packages/airflow/example_dags/example_trigger_target_dag.py
[2023-07-10T04:34:19.259+0000] {logging_mixin.py:137} INFO - [2023-07-10T04:34:19.259+0000] {dag.py:2676} INFO - Sync 1 DAGs
[2023-07-10T04:34:19.412+0000] {logging_mixin.py:137} INFO - [2023-07-10T04:34:19.412+0000] {dag.py:3423} INFO - Setting next_dagrun for example_trigger_target_dag to None, run_after=None
[2023-07-10T04:34:19.555+0000] {processor.py:175} INFO - Processing /home/ubuntu/venv/lib/python3.10/site-packages/airflow/example_dags/example_trigger_target_dag.py took 0.778 seconds
[2023-07-10T04:34:49.865+0000] {processor.py:153} INFO - Started process (PID=1704) to work on /home/ubuntu/venv/lib/python3.10/site-packages/airflow/example_dags/example_trigger_target_dag.py
[2023-07-10T04:34:49.867+0000] {processor.py:743} INFO - Processing file /home/ubuntu/venv/lib/python3.10/site-packages/airflow/example_dags/example_trigger_target_dag.py for tasks to queue
[2023-07-10T04:34:49.868+0000] {logging_mixin.py:137} INFO - [2023-07-10T04:34:49.867+0000] {dagbag.py:538} INFO - Filling up the DagBag from /home/ubuntu/venv/lib/python3.10/site-packages/airflow/example_dags/example_trigger_target_dag.py
[2023-07-10T04:34:49.907+0000] {processor.py:753} INFO - DAG(s) dict_keys(['example_trigger_target_dag']) retrieved from /home/ubuntu/venv/lib/python3.10/site-packages/airflow/example_dags/example_trigger_target_dag.py
[2023-07-10T04:34:49.990+0000] {logging_mixin.py:137} INFO - [2023-07-10T04:34:49.990+0000] {dag.py:2676} INFO - Sync 1 DAGs
[2023-07-10T04:34:50.039+0000] {logging_mixin.py:137} INFO - [2023-07-10T04:34:50.039+0000] {dag.py:3423} INFO - Setting next_dagrun for example_trigger_target_dag to None, run_after=None
[2023-07-10T04:34:50.063+0000] {processor.py:175} INFO - Processing /home/ubuntu/venv/lib/python3.10/site-packages/airflow/example_dags/example_trigger_target_dag.py took 0.203 seconds
[2023-07-10T04:35:20.297+0000] {processor.py:153} INFO - Started process (PID=1967) to work on /home/ubuntu/venv/lib/python3.10/site-packages/airflow/example_dags/example_trigger_target_dag.py
[2023-07-10T04:35:20.298+0000] {processor.py:743} INFO - Processing file /home/ubuntu/venv/lib/python3.10/site-packages/airflow/example_dags/example_trigger_target_dag.py for tasks to queue
[2023-07-10T04:35:20.299+0000] {logging_mixin.py:137} INFO - [2023-07-10T04:35:20.299+0000] {dagbag.py:538} INFO - Filling up the DagBag from /home/ubuntu/venv/lib/python3.10/site-packages/airflow/example_dags/example_trigger_target_dag.py
[2023-07-10T04:35:20.326+0000] {processor.py:753} INFO - DAG(s) dict_keys(['example_trigger_target_dag']) retrieved from /home/ubuntu/venv/lib/python3.10/site-packages/airflow/example_dags/example_trigger_target_dag.py
[2023-07-10T04:35:20.409+0000] {logging_mixin.py:137} INFO - [2023-07-10T04:35:20.409+0000] {dag.py:2676} INFO - Sync 1 DAGs
[2023-07-10T04:35:20.446+0000] {logging_mixin.py:137} INFO - [2023-07-10T04:35:20.446+0000] {dag.py:3423} INFO - Setting next_dagrun for example_trigger_target_dag to None, run_after=None
[2023-07-10T04:35:20.491+0000] {processor.py:175} INFO - Processing /home/ubuntu/venv/lib/python3.10/site-packages/airflow/example_dags/example_trigger_target_dag.py took 0.198 seconds
[2023-07-10T04:35:51.523+0000] {processor.py:153} INFO - Started process (PID=2206) to work on /home/ubuntu/venv/lib/python3.10/site-packages/airflow/example_dags/example_trigger_target_dag.py
[2023-07-10T04:35:51.529+0000] {processor.py:743} INFO - Processing file /home/ubuntu/venv/lib/python3.10/site-packages/airflow/example_dags/example_trigger_target_dag.py for tasks to queue
[2023-07-10T04:35:51.530+0000] {logging_mixin.py:137} INFO - [2023-07-10T04:35:51.530+0000] {dagbag.py:538} INFO - Filling up the DagBag from /home/ubuntu/venv/lib/python3.10/site-packages/airflow/example_dags/example_trigger_target_dag.py
[2023-07-10T04:35:51.605+0000] {processor.py:753} INFO - DAG(s) dict_keys(['example_trigger_target_dag']) retrieved from /home/ubuntu/venv/lib/python3.10/site-packages/airflow/example_dags/example_trigger_target_dag.py
[2023-07-10T04:35:51.715+0000] {logging_mixin.py:137} INFO - [2023-07-10T04:35:51.713+0000] {dag.py:2676} INFO - Sync 1 DAGs
[2023-07-10T04:35:51.753+0000] {logging_mixin.py:137} INFO - [2023-07-10T04:35:51.753+0000] {dag.py:3423} INFO - Setting next_dagrun for example_trigger_target_dag to None, run_after=None
[2023-07-10T04:35:51.776+0000] {processor.py:175} INFO - Processing /home/ubuntu/venv/lib/python3.10/site-packages/airflow/example_dags/example_trigger_target_dag.py took 0.262 seconds
