[2023-07-10T04:34:24.981+0000] {processor.py:153} INFO - Started process (PID=1549) to work on /home/ubuntu/venv/lib/python3.10/site-packages/airflow/example_dags/example_kubernetes_executor.py
[2023-07-10T04:34:24.982+0000] {processor.py:743} INFO - Processing file /home/ubuntu/venv/lib/python3.10/site-packages/airflow/example_dags/example_kubernetes_executor.py for tasks to queue
[2023-07-10T04:34:24.983+0000] {logging_mixin.py:137} INFO - [2023-07-10T04:34:24.983+0000] {dagbag.py:538} INFO - Filling up the DagBag from /home/ubuntu/venv/lib/python3.10/site-packages/airflow/example_dags/example_kubernetes_executor.py
[2023-07-10T04:34:25.007+0000] {logging_mixin.py:137} INFO - [2023-07-10T04:34:25.007+0000] {example_kubernetes_executor.py:41} WARNING - The example_kubernetes_executor example DAG requires the kubernetes provider. Please install it with: pip install apache-airflow[cncf.kubernetes]
[2023-07-10T04:34:25.008+0000] {processor.py:755} WARNING - No viable dags retrieved from /home/ubuntu/venv/lib/python3.10/site-packages/airflow/example_dags/example_kubernetes_executor.py
[2023-07-10T04:34:25.050+0000] {processor.py:175} INFO - Processing /home/ubuntu/venv/lib/python3.10/site-packages/airflow/example_dags/example_kubernetes_executor.py took 0.073 seconds
[2023-07-10T04:34:55.604+0000] {processor.py:153} INFO - Started process (PID=1802) to work on /home/ubuntu/venv/lib/python3.10/site-packages/airflow/example_dags/example_kubernetes_executor.py
[2023-07-10T04:34:55.605+0000] {processor.py:743} INFO - Processing file /home/ubuntu/venv/lib/python3.10/site-packages/airflow/example_dags/example_kubernetes_executor.py for tasks to queue
[2023-07-10T04:34:55.605+0000] {logging_mixin.py:137} INFO - [2023-07-10T04:34:55.605+0000] {dagbag.py:538} INFO - Filling up the DagBag from /home/ubuntu/venv/lib/python3.10/site-packages/airflow/example_dags/example_kubernetes_executor.py
[2023-07-10T04:34:55.632+0000] {logging_mixin.py:137} INFO - [2023-07-10T04:34:55.631+0000] {example_kubernetes_executor.py:41} WARNING - The example_kubernetes_executor example DAG requires the kubernetes provider. Please install it with: pip install apache-airflow[cncf.kubernetes]
[2023-07-10T04:34:55.632+0000] {processor.py:755} WARNING - No viable dags retrieved from /home/ubuntu/venv/lib/python3.10/site-packages/airflow/example_dags/example_kubernetes_executor.py
[2023-07-10T04:34:55.676+0000] {processor.py:175} INFO - Processing /home/ubuntu/venv/lib/python3.10/site-packages/airflow/example_dags/example_kubernetes_executor.py took 0.085 seconds
[2023-07-10T04:35:26.838+0000] {processor.py:153} INFO - Started process (PID=2064) to work on /home/ubuntu/venv/lib/python3.10/site-packages/airflow/example_dags/example_kubernetes_executor.py
[2023-07-10T04:35:26.840+0000] {processor.py:743} INFO - Processing file /home/ubuntu/venv/lib/python3.10/site-packages/airflow/example_dags/example_kubernetes_executor.py for tasks to queue
[2023-07-10T04:35:26.840+0000] {logging_mixin.py:137} INFO - [2023-07-10T04:35:26.840+0000] {dagbag.py:538} INFO - Filling up the DagBag from /home/ubuntu/venv/lib/python3.10/site-packages/airflow/example_dags/example_kubernetes_executor.py
[2023-07-10T04:35:26.868+0000] {logging_mixin.py:137} INFO - [2023-07-10T04:35:26.868+0000] {example_kubernetes_executor.py:41} WARNING - The example_kubernetes_executor example DAG requires the kubernetes provider. Please install it with: pip install apache-airflow[cncf.kubernetes]
[2023-07-10T04:35:26.868+0000] {processor.py:755} WARNING - No viable dags retrieved from /home/ubuntu/venv/lib/python3.10/site-packages/airflow/example_dags/example_kubernetes_executor.py
[2023-07-10T04:35:26.914+0000] {processor.py:175} INFO - Processing /home/ubuntu/venv/lib/python3.10/site-packages/airflow/example_dags/example_kubernetes_executor.py took 0.081 seconds
[2023-07-10T04:35:57.074+0000] {processor.py:153} INFO - Started process (PID=2366) to work on /home/ubuntu/venv/lib/python3.10/site-packages/airflow/example_dags/example_kubernetes_executor.py
[2023-07-10T04:35:57.075+0000] {processor.py:743} INFO - Processing file /home/ubuntu/venv/lib/python3.10/site-packages/airflow/example_dags/example_kubernetes_executor.py for tasks to queue
[2023-07-10T04:35:57.076+0000] {logging_mixin.py:137} INFO - [2023-07-10T04:35:57.076+0000] {dagbag.py:538} INFO - Filling up the DagBag from /home/ubuntu/venv/lib/python3.10/site-packages/airflow/example_dags/example_kubernetes_executor.py
[2023-07-10T04:35:57.101+0000] {logging_mixin.py:137} INFO - [2023-07-10T04:35:57.101+0000] {example_kubernetes_executor.py:41} WARNING - The example_kubernetes_executor example DAG requires the kubernetes provider. Please install it with: pip install apache-airflow[cncf.kubernetes]
[2023-07-10T04:35:57.101+0000] {processor.py:755} WARNING - No viable dags retrieved from /home/ubuntu/venv/lib/python3.10/site-packages/airflow/example_dags/example_kubernetes_executor.py
[2023-07-10T04:35:57.144+0000] {processor.py:175} INFO - Processing /home/ubuntu/venv/lib/python3.10/site-packages/airflow/example_dags/example_kubernetes_executor.py took 0.074 seconds
