[2023-07-10T04:34:21.741+0000] {processor.py:153} INFO - Started process (PID=1430) to work on /home/ubuntu/venv/lib/python3.10/site-packages/airflow/example_dags/example_python_operator.py
[2023-07-10T04:34:21.748+0000] {processor.py:743} INFO - Processing file /home/ubuntu/venv/lib/python3.10/site-packages/airflow/example_dags/example_python_operator.py for tasks to queue
[2023-07-10T04:34:21.749+0000] {logging_mixin.py:137} INFO - [2023-07-10T04:34:21.749+0000] {dagbag.py:538} INFO - Filling up the DagBag from /home/ubuntu/venv/lib/python3.10/site-packages/airflow/example_dags/example_python_operator.py
[2023-07-10T04:34:21.889+0000] {logging_mixin.py:137} INFO - [2023-07-10T04:34:21.889+0000] {taskmixin.py:205} WARNING - Dependency <Task(_PythonDecoratedOperator): print_the_context>, log_sql_query already registered for DAG: example_python_operator
[2023-07-10T04:34:21.890+0000] {logging_mixin.py:137} INFO - [2023-07-10T04:34:21.890+0000] {taskmixin.py:205} WARNING - Dependency <Task(_PythonDecoratedOperator): log_sql_query>, print_the_context already registered for DAG: example_python_operator
[2023-07-10T04:34:21.920+0000] {logging_mixin.py:137} INFO - [2023-07-10T04:34:21.919+0000] {taskmixin.py:205} WARNING - Dependency <Task(_PythonDecoratedOperator): print_the_context>, log_sql_query already registered for DAG: example_python_operator
[2023-07-10T04:34:21.920+0000] {logging_mixin.py:137} INFO - [2023-07-10T04:34:21.920+0000] {taskmixin.py:205} WARNING - Dependency <Task(_PythonDecoratedOperator): log_sql_query>, print_the_context already registered for DAG: example_python_operator
[2023-07-10T04:34:21.921+0000] {logging_mixin.py:137} INFO - [2023-07-10T04:34:21.921+0000] {taskmixin.py:205} WARNING - Dependency <Task(_PythonDecoratedOperator): print_the_context>, log_sql_query already registered for DAG: example_python_operator
[2023-07-10T04:34:21.921+0000] {logging_mixin.py:137} INFO - [2023-07-10T04:34:21.921+0000] {taskmixin.py:205} WARNING - Dependency <Task(_PythonDecoratedOperator): log_sql_query>, print_the_context already registered for DAG: example_python_operator
[2023-07-10T04:34:21.949+0000] {logging_mixin.py:137} INFO - [2023-07-10T04:34:21.922+0000] {taskmixin.py:205} WARNING - Dependency <Task(_PythonDecoratedOperator): print_the_context>, log_sql_query already registered for DAG: example_python_operator
[2023-07-10T04:34:21.950+0000] {logging_mixin.py:137} INFO - [2023-07-10T04:34:21.949+0000] {taskmixin.py:205} WARNING - Dependency <Task(_PythonDecoratedOperator): log_sql_query>, print_the_context already registered for DAG: example_python_operator
[2023-07-10T04:34:21.950+0000] {logging_mixin.py:137} INFO - [2023-07-10T04:34:21.950+0000] {example_python_operator.py:90} WARNING - The virtalenv_python example task requires virtualenv, please install it.
[2023-07-10T04:34:21.986+0000] {processor.py:753} INFO - DAG(s) dict_keys(['example_python_operator']) retrieved from /home/ubuntu/venv/lib/python3.10/site-packages/airflow/example_dags/example_python_operator.py
[2023-07-10T04:34:22.464+0000] {logging_mixin.py:137} INFO - [2023-07-10T04:34:22.464+0000] {dag.py:2676} INFO - Sync 1 DAGs
[2023-07-10T04:34:22.691+0000] {logging_mixin.py:137} INFO - [2023-07-10T04:34:22.690+0000] {dag.py:3423} INFO - Setting next_dagrun for example_python_operator to None, run_after=None
[2023-07-10T04:34:22.860+0000] {processor.py:175} INFO - Processing /home/ubuntu/venv/lib/python3.10/site-packages/airflow/example_dags/example_python_operator.py took 1.144 seconds
[2023-07-10T04:34:53.617+0000] {processor.py:153} INFO - Started process (PID=1743) to work on /home/ubuntu/venv/lib/python3.10/site-packages/airflow/example_dags/example_python_operator.py
[2023-07-10T04:34:53.618+0000] {processor.py:743} INFO - Processing file /home/ubuntu/venv/lib/python3.10/site-packages/airflow/example_dags/example_python_operator.py for tasks to queue
[2023-07-10T04:34:53.619+0000] {logging_mixin.py:137} INFO - [2023-07-10T04:34:53.619+0000] {dagbag.py:538} INFO - Filling up the DagBag from /home/ubuntu/venv/lib/python3.10/site-packages/airflow/example_dags/example_python_operator.py
[2023-07-10T04:34:53.650+0000] {logging_mixin.py:137} INFO - [2023-07-10T04:34:53.650+0000] {taskmixin.py:205} WARNING - Dependency <Task(_PythonDecoratedOperator): print_the_context>, log_sql_query already registered for DAG: example_python_operator
[2023-07-10T04:34:53.650+0000] {logging_mixin.py:137} INFO - [2023-07-10T04:34:53.650+0000] {taskmixin.py:205} WARNING - Dependency <Task(_PythonDecoratedOperator): log_sql_query>, print_the_context already registered for DAG: example_python_operator
[2023-07-10T04:34:53.653+0000] {logging_mixin.py:137} INFO - [2023-07-10T04:34:53.652+0000] {taskmixin.py:205} WARNING - Dependency <Task(_PythonDecoratedOperator): print_the_context>, log_sql_query already registered for DAG: example_python_operator
[2023-07-10T04:34:53.653+0000] {logging_mixin.py:137} INFO - [2023-07-10T04:34:53.653+0000] {taskmixin.py:205} WARNING - Dependency <Task(_PythonDecoratedOperator): log_sql_query>, print_the_context already registered for DAG: example_python_operator
[2023-07-10T04:34:53.654+0000] {logging_mixin.py:137} INFO - [2023-07-10T04:34:53.654+0000] {taskmixin.py:205} WARNING - Dependency <Task(_PythonDecoratedOperator): print_the_context>, log_sql_query already registered for DAG: example_python_operator
[2023-07-10T04:34:53.656+0000] {logging_mixin.py:137} INFO - [2023-07-10T04:34:53.656+0000] {taskmixin.py:205} WARNING - Dependency <Task(_PythonDecoratedOperator): log_sql_query>, print_the_context already registered for DAG: example_python_operator
[2023-07-10T04:34:53.658+0000] {logging_mixin.py:137} INFO - [2023-07-10T04:34:53.658+0000] {taskmixin.py:205} WARNING - Dependency <Task(_PythonDecoratedOperator): print_the_context>, log_sql_query already registered for DAG: example_python_operator
[2023-07-10T04:34:53.659+0000] {logging_mixin.py:137} INFO - [2023-07-10T04:34:53.658+0000] {taskmixin.py:205} WARNING - Dependency <Task(_PythonDecoratedOperator): log_sql_query>, print_the_context already registered for DAG: example_python_operator
[2023-07-10T04:34:53.659+0000] {logging_mixin.py:137} INFO - [2023-07-10T04:34:53.659+0000] {example_python_operator.py:90} WARNING - The virtalenv_python example task requires virtualenv, please install it.
[2023-07-10T04:34:53.668+0000] {processor.py:753} INFO - DAG(s) dict_keys(['example_python_operator']) retrieved from /home/ubuntu/venv/lib/python3.10/site-packages/airflow/example_dags/example_python_operator.py
[2023-07-10T04:34:53.806+0000] {logging_mixin.py:137} INFO - [2023-07-10T04:34:53.805+0000] {dag.py:2676} INFO - Sync 1 DAGs
[2023-07-10T04:34:53.868+0000] {logging_mixin.py:137} INFO - [2023-07-10T04:34:53.868+0000] {dag.py:3423} INFO - Setting next_dagrun for example_python_operator to None, run_after=None
[2023-07-10T04:34:53.897+0000] {processor.py:175} INFO - Processing /home/ubuntu/venv/lib/python3.10/site-packages/airflow/example_dags/example_python_operator.py took 0.284 seconds
[2023-07-10T04:35:24.022+0000] {processor.py:153} INFO - Started process (PID=2006) to work on /home/ubuntu/venv/lib/python3.10/site-packages/airflow/example_dags/example_python_operator.py
[2023-07-10T04:35:24.023+0000] {processor.py:743} INFO - Processing file /home/ubuntu/venv/lib/python3.10/site-packages/airflow/example_dags/example_python_operator.py for tasks to queue
[2023-07-10T04:35:24.024+0000] {logging_mixin.py:137} INFO - [2023-07-10T04:35:24.024+0000] {dagbag.py:538} INFO - Filling up the DagBag from /home/ubuntu/venv/lib/python3.10/site-packages/airflow/example_dags/example_python_operator.py
[2023-07-10T04:35:24.064+0000] {logging_mixin.py:137} INFO - [2023-07-10T04:35:24.064+0000] {taskmixin.py:205} WARNING - Dependency <Task(_PythonDecoratedOperator): print_the_context>, log_sql_query already registered for DAG: example_python_operator
[2023-07-10T04:35:24.064+0000] {logging_mixin.py:137} INFO - [2023-07-10T04:35:24.064+0000] {taskmixin.py:205} WARNING - Dependency <Task(_PythonDecoratedOperator): log_sql_query>, print_the_context already registered for DAG: example_python_operator
[2023-07-10T04:35:24.065+0000] {logging_mixin.py:137} INFO - [2023-07-10T04:35:24.065+0000] {taskmixin.py:205} WARNING - Dependency <Task(_PythonDecoratedOperator): print_the_context>, log_sql_query already registered for DAG: example_python_operator
[2023-07-10T04:35:24.065+0000] {logging_mixin.py:137} INFO - [2023-07-10T04:35:24.065+0000] {taskmixin.py:205} WARNING - Dependency <Task(_PythonDecoratedOperator): log_sql_query>, print_the_context already registered for DAG: example_python_operator
[2023-07-10T04:35:24.066+0000] {logging_mixin.py:137} INFO - [2023-07-10T04:35:24.066+0000] {taskmixin.py:205} WARNING - Dependency <Task(_PythonDecoratedOperator): print_the_context>, log_sql_query already registered for DAG: example_python_operator
[2023-07-10T04:35:24.066+0000] {logging_mixin.py:137} INFO - [2023-07-10T04:35:24.066+0000] {taskmixin.py:205} WARNING - Dependency <Task(_PythonDecoratedOperator): log_sql_query>, print_the_context already registered for DAG: example_python_operator
[2023-07-10T04:35:24.067+0000] {logging_mixin.py:137} INFO - [2023-07-10T04:35:24.067+0000] {taskmixin.py:205} WARNING - Dependency <Task(_PythonDecoratedOperator): print_the_context>, log_sql_query already registered for DAG: example_python_operator
[2023-07-10T04:35:24.068+0000] {logging_mixin.py:137} INFO - [2023-07-10T04:35:24.067+0000] {taskmixin.py:205} WARNING - Dependency <Task(_PythonDecoratedOperator): log_sql_query>, print_the_context already registered for DAG: example_python_operator
[2023-07-10T04:35:24.068+0000] {logging_mixin.py:137} INFO - [2023-07-10T04:35:24.068+0000] {example_python_operator.py:90} WARNING - The virtalenv_python example task requires virtualenv, please install it.
[2023-07-10T04:35:24.076+0000] {processor.py:753} INFO - DAG(s) dict_keys(['example_python_operator']) retrieved from /home/ubuntu/venv/lib/python3.10/site-packages/airflow/example_dags/example_python_operator.py
[2023-07-10T04:35:24.165+0000] {logging_mixin.py:137} INFO - [2023-07-10T04:35:24.164+0000] {dag.py:2676} INFO - Sync 1 DAGs
[2023-07-10T04:35:24.202+0000] {logging_mixin.py:137} INFO - [2023-07-10T04:35:24.201+0000] {dag.py:3423} INFO - Setting next_dagrun for example_python_operator to None, run_after=None
[2023-07-10T04:35:24.225+0000] {processor.py:175} INFO - Processing /home/ubuntu/venv/lib/python3.10/site-packages/airflow/example_dags/example_python_operator.py took 0.209 seconds
[2023-07-10T04:35:54.874+0000] {processor.py:153} INFO - Started process (PID=2245) to work on /home/ubuntu/venv/lib/python3.10/site-packages/airflow/example_dags/example_python_operator.py
[2023-07-10T04:35:54.875+0000] {processor.py:743} INFO - Processing file /home/ubuntu/venv/lib/python3.10/site-packages/airflow/example_dags/example_python_operator.py for tasks to queue
[2023-07-10T04:35:54.876+0000] {logging_mixin.py:137} INFO - [2023-07-10T04:35:54.876+0000] {dagbag.py:538} INFO - Filling up the DagBag from /home/ubuntu/venv/lib/python3.10/site-packages/airflow/example_dags/example_python_operator.py
[2023-07-10T04:35:54.910+0000] {logging_mixin.py:137} INFO - [2023-07-10T04:35:54.909+0000] {taskmixin.py:205} WARNING - Dependency <Task(_PythonDecoratedOperator): print_the_context>, log_sql_query already registered for DAG: example_python_operator
[2023-07-10T04:35:54.910+0000] {logging_mixin.py:137} INFO - [2023-07-10T04:35:54.910+0000] {taskmixin.py:205} WARNING - Dependency <Task(_PythonDecoratedOperator): log_sql_query>, print_the_context already registered for DAG: example_python_operator
[2023-07-10T04:35:54.911+0000] {logging_mixin.py:137} INFO - [2023-07-10T04:35:54.911+0000] {taskmixin.py:205} WARNING - Dependency <Task(_PythonDecoratedOperator): print_the_context>, log_sql_query already registered for DAG: example_python_operator
[2023-07-10T04:35:54.911+0000] {logging_mixin.py:137} INFO - [2023-07-10T04:35:54.911+0000] {taskmixin.py:205} WARNING - Dependency <Task(_PythonDecoratedOperator): log_sql_query>, print_the_context already registered for DAG: example_python_operator
[2023-07-10T04:35:54.912+0000] {logging_mixin.py:137} INFO - [2023-07-10T04:35:54.912+0000] {taskmixin.py:205} WARNING - Dependency <Task(_PythonDecoratedOperator): print_the_context>, log_sql_query already registered for DAG: example_python_operator
[2023-07-10T04:35:54.913+0000] {logging_mixin.py:137} INFO - [2023-07-10T04:35:54.912+0000] {taskmixin.py:205} WARNING - Dependency <Task(_PythonDecoratedOperator): log_sql_query>, print_the_context already registered for DAG: example_python_operator
[2023-07-10T04:35:54.913+0000] {logging_mixin.py:137} INFO - [2023-07-10T04:35:54.913+0000] {taskmixin.py:205} WARNING - Dependency <Task(_PythonDecoratedOperator): print_the_context>, log_sql_query already registered for DAG: example_python_operator
[2023-07-10T04:35:54.914+0000] {logging_mixin.py:137} INFO - [2023-07-10T04:35:54.913+0000] {taskmixin.py:205} WARNING - Dependency <Task(_PythonDecoratedOperator): log_sql_query>, print_the_context already registered for DAG: example_python_operator
[2023-07-10T04:35:54.914+0000] {logging_mixin.py:137} INFO - [2023-07-10T04:35:54.914+0000] {example_python_operator.py:90} WARNING - The virtalenv_python example task requires virtualenv, please install it.
[2023-07-10T04:35:54.922+0000] {processor.py:753} INFO - DAG(s) dict_keys(['example_python_operator']) retrieved from /home/ubuntu/venv/lib/python3.10/site-packages/airflow/example_dags/example_python_operator.py
[2023-07-10T04:35:55.016+0000] {logging_mixin.py:137} INFO - [2023-07-10T04:35:55.015+0000] {dag.py:2676} INFO - Sync 1 DAGs
[2023-07-10T04:35:55.059+0000] {logging_mixin.py:137} INFO - [2023-07-10T04:35:55.059+0000] {dag.py:3423} INFO - Setting next_dagrun for example_python_operator to None, run_after=None
[2023-07-10T04:35:55.095+0000] {processor.py:175} INFO - Processing /home/ubuntu/venv/lib/python3.10/site-packages/airflow/example_dags/example_python_operator.py took 0.225 seconds
