[2023-07-10T04:34:25.763+0000] {processor.py:153} INFO - Started process (PID=1594) to work on /home/ubuntu/venv/lib/python3.10/site-packages/airflow/example_dags/example_branch_day_of_week_operator.py
[2023-07-10T04:34:25.764+0000] {processor.py:743} INFO - Processing file /home/ubuntu/venv/lib/python3.10/site-packages/airflow/example_dags/example_branch_day_of_week_operator.py for tasks to queue
[2023-07-10T04:34:25.764+0000] {logging_mixin.py:137} INFO - [2023-07-10T04:34:25.764+0000] {dagbag.py:538} INFO - Filling up the DagBag from /home/ubuntu/venv/lib/python3.10/site-packages/airflow/example_dags/example_branch_day_of_week_operator.py
[2023-07-10T04:34:25.801+0000] {processor.py:753} INFO - DAG(s) dict_keys(['example_weekday_branch_operator']) retrieved from /home/ubuntu/venv/lib/python3.10/site-packages/airflow/example_dags/example_branch_day_of_week_operator.py
[2023-07-10T04:34:25.912+0000] {logging_mixin.py:137} INFO - [2023-07-10T04:34:25.911+0000] {dag.py:2676} INFO - Sync 1 DAGs
[2023-07-10T04:34:25.948+0000] {logging_mixin.py:137} INFO - [2023-07-10T04:34:25.948+0000] {dag.py:3423} INFO - Setting next_dagrun for example_weekday_branch_operator to 2023-07-09T00:00:00+00:00, run_after=2023-07-10T00:00:00+00:00
[2023-07-10T04:34:25.978+0000] {processor.py:175} INFO - Processing /home/ubuntu/venv/lib/python3.10/site-packages/airflow/example_dags/example_branch_day_of_week_operator.py took 0.220 seconds
[2023-07-10T04:34:56.796+0000] {processor.py:153} INFO - Started process (PID=1851) to work on /home/ubuntu/venv/lib/python3.10/site-packages/airflow/example_dags/example_branch_day_of_week_operator.py
[2023-07-10T04:34:56.799+0000] {processor.py:743} INFO - Processing file /home/ubuntu/venv/lib/python3.10/site-packages/airflow/example_dags/example_branch_day_of_week_operator.py for tasks to queue
[2023-07-10T04:34:56.799+0000] {logging_mixin.py:137} INFO - [2023-07-10T04:34:56.799+0000] {dagbag.py:538} INFO - Filling up the DagBag from /home/ubuntu/venv/lib/python3.10/site-packages/airflow/example_dags/example_branch_day_of_week_operator.py
[2023-07-10T04:34:56.853+0000] {processor.py:753} INFO - DAG(s) dict_keys(['example_weekday_branch_operator']) retrieved from /home/ubuntu/venv/lib/python3.10/site-packages/airflow/example_dags/example_branch_day_of_week_operator.py
[2023-07-10T04:34:56.931+0000] {logging_mixin.py:137} INFO - [2023-07-10T04:34:56.931+0000] {dag.py:2676} INFO - Sync 1 DAGs
[2023-07-10T04:34:56.969+0000] {logging_mixin.py:137} INFO - [2023-07-10T04:34:56.968+0000] {dag.py:3423} INFO - Setting next_dagrun for example_weekday_branch_operator to 2023-07-09T00:00:00+00:00, run_after=2023-07-10T00:00:00+00:00
[2023-07-10T04:34:57.006+0000] {processor.py:175} INFO - Processing /home/ubuntu/venv/lib/python3.10/site-packages/airflow/example_dags/example_branch_day_of_week_operator.py took 0.219 seconds
[2023-07-10T04:35:27.797+0000] {processor.py:153} INFO - Started process (PID=2112) to work on /home/ubuntu/venv/lib/python3.10/site-packages/airflow/example_dags/example_branch_day_of_week_operator.py
[2023-07-10T04:35:27.807+0000] {processor.py:743} INFO - Processing file /home/ubuntu/venv/lib/python3.10/site-packages/airflow/example_dags/example_branch_day_of_week_operator.py for tasks to queue
[2023-07-10T04:35:27.808+0000] {logging_mixin.py:137} INFO - [2023-07-10T04:35:27.807+0000] {dagbag.py:538} INFO - Filling up the DagBag from /home/ubuntu/venv/lib/python3.10/site-packages/airflow/example_dags/example_branch_day_of_week_operator.py
[2023-07-10T04:35:27.831+0000] {processor.py:753} INFO - DAG(s) dict_keys(['example_weekday_branch_operator']) retrieved from /home/ubuntu/venv/lib/python3.10/site-packages/airflow/example_dags/example_branch_day_of_week_operator.py
[2023-07-10T04:35:27.901+0000] {logging_mixin.py:137} INFO - [2023-07-10T04:35:27.900+0000] {dag.py:2676} INFO - Sync 1 DAGs
[2023-07-10T04:35:27.937+0000] {logging_mixin.py:137} INFO - [2023-07-10T04:35:27.937+0000] {dag.py:3423} INFO - Setting next_dagrun for example_weekday_branch_operator to 2023-07-09T00:00:00+00:00, run_after=2023-07-10T00:00:00+00:00
[2023-07-10T04:35:27.961+0000] {processor.py:175} INFO - Processing /home/ubuntu/venv/lib/python3.10/site-packages/airflow/example_dags/example_branch_day_of_week_operator.py took 0.169 seconds
