[2023-07-10T04:34:25.592+0000] {processor.py:153} INFO - Started process (PID=1587) to work on /home/ubuntu/venv/lib/python3.10/site-packages/airflow/example_dags/example_sensors.py
[2023-07-10T04:34:25.593+0000] {processor.py:743} INFO - Processing file /home/ubuntu/venv/lib/python3.10/site-packages/airflow/example_dags/example_sensors.py for tasks to queue
[2023-07-10T04:34:25.594+0000] {logging_mixin.py:137} INFO - [2023-07-10T04:34:25.594+0000] {dagbag.py:538} INFO - Filling up the DagBag from /home/ubuntu/venv/lib/python3.10/site-packages/airflow/example_dags/example_sensors.py
[2023-07-10T04:34:25.621+0000] {processor.py:753} INFO - DAG(s) dict_keys(['example_sensors']) retrieved from /home/ubuntu/venv/lib/python3.10/site-packages/airflow/example_dags/example_sensors.py
[2023-07-10T04:34:25.687+0000] {logging_mixin.py:137} INFO - [2023-07-10T04:34:25.686+0000] {dag.py:2676} INFO - Sync 1 DAGs
[2023-07-10T04:34:25.712+0000] {logging_mixin.py:137} INFO - [2023-07-10T04:34:25.712+0000] {dag.py:3423} INFO - Setting next_dagrun for example_sensors to None, run_after=None
[2023-07-10T04:34:25.733+0000] {processor.py:175} INFO - Processing /home/ubuntu/venv/lib/python3.10/site-packages/airflow/example_dags/example_sensors.py took 0.145 seconds
[2023-07-10T04:34:56.397+0000] {processor.py:153} INFO - Started process (PID=1838) to work on /home/ubuntu/venv/lib/python3.10/site-packages/airflow/example_dags/example_sensors.py
[2023-07-10T04:34:56.404+0000] {processor.py:743} INFO - Processing file /home/ubuntu/venv/lib/python3.10/site-packages/airflow/example_dags/example_sensors.py for tasks to queue
[2023-07-10T04:34:56.405+0000] {logging_mixin.py:137} INFO - [2023-07-10T04:34:56.404+0000] {dagbag.py:538} INFO - Filling up the DagBag from /home/ubuntu/venv/lib/python3.10/site-packages/airflow/example_dags/example_sensors.py
[2023-07-10T04:34:56.444+0000] {processor.py:753} INFO - DAG(s) dict_keys(['example_sensors']) retrieved from /home/ubuntu/venv/lib/python3.10/site-packages/airflow/example_dags/example_sensors.py
[2023-07-10T04:34:56.611+0000] {logging_mixin.py:137} INFO - [2023-07-10T04:34:56.611+0000] {dag.py:2676} INFO - Sync 1 DAGs
[2023-07-10T04:34:56.663+0000] {logging_mixin.py:137} INFO - [2023-07-10T04:34:56.663+0000] {dag.py:3423} INFO - Setting next_dagrun for example_sensors to None, run_after=None
[2023-07-10T04:34:56.720+0000] {processor.py:175} INFO - Processing /home/ubuntu/venv/lib/python3.10/site-packages/airflow/example_dags/example_sensors.py took 0.327 seconds
[2023-07-10T04:35:27.554+0000] {processor.py:153} INFO - Started process (PID=2102) to work on /home/ubuntu/venv/lib/python3.10/site-packages/airflow/example_dags/example_sensors.py
[2023-07-10T04:35:27.558+0000] {processor.py:743} INFO - Processing file /home/ubuntu/venv/lib/python3.10/site-packages/airflow/example_dags/example_sensors.py for tasks to queue
[2023-07-10T04:35:27.559+0000] {logging_mixin.py:137} INFO - [2023-07-10T04:35:27.559+0000] {dagbag.py:538} INFO - Filling up the DagBag from /home/ubuntu/venv/lib/python3.10/site-packages/airflow/example_dags/example_sensors.py
[2023-07-10T04:35:27.589+0000] {processor.py:753} INFO - DAG(s) dict_keys(['example_sensors']) retrieved from /home/ubuntu/venv/lib/python3.10/site-packages/airflow/example_dags/example_sensors.py
[2023-07-10T04:35:27.693+0000] {logging_mixin.py:137} INFO - [2023-07-10T04:35:27.692+0000] {dag.py:2676} INFO - Sync 1 DAGs
[2023-07-10T04:35:27.731+0000] {logging_mixin.py:137} INFO - [2023-07-10T04:35:27.731+0000] {dag.py:3423} INFO - Setting next_dagrun for example_sensors to None, run_after=None
[2023-07-10T04:35:27.759+0000] {processor.py:175} INFO - Processing /home/ubuntu/venv/lib/python3.10/site-packages/airflow/example_dags/example_sensors.py took 0.212 seconds
