[2023-07-10T04:34:25.289+0000] {processor.py:153} INFO - Started process (PID=1572) to work on /home/ubuntu/venv/lib/python3.10/site-packages/airflow/example_dags/example_dag_decorator.py
[2023-07-10T04:34:25.290+0000] {processor.py:743} INFO - Processing file /home/ubuntu/venv/lib/python3.10/site-packages/airflow/example_dags/example_dag_decorator.py for tasks to queue
[2023-07-10T04:34:25.291+0000] {logging_mixin.py:137} INFO - [2023-07-10T04:34:25.291+0000] {dagbag.py:538} INFO - Filling up the DagBag from /home/ubuntu/venv/lib/python3.10/site-packages/airflow/example_dags/example_dag_decorator.py
[2023-07-10T04:34:25.322+0000] {logging_mixin.py:137} INFO - [2023-07-10T04:34:25.321+0000] {taskmixin.py:205} WARNING - Dependency <Task(_PythonDecoratedOperator): prepare_email>, send_email already registered for DAG: example_dag_decorator
[2023-07-10T04:34:25.322+0000] {logging_mixin.py:137} INFO - [2023-07-10T04:34:25.322+0000] {taskmixin.py:205} WARNING - Dependency <Task(EmailOperator): send_email>, prepare_email already registered for DAG: example_dag_decorator
[2023-07-10T04:34:25.340+0000] {processor.py:753} INFO - DAG(s) dict_keys(['example_dag_decorator']) retrieved from /home/ubuntu/venv/lib/python3.10/site-packages/airflow/example_dags/example_dag_decorator.py
[2023-07-10T04:34:25.478+0000] {logging_mixin.py:137} INFO - [2023-07-10T04:34:25.478+0000] {dag.py:2676} INFO - Sync 1 DAGs
[2023-07-10T04:34:25.522+0000] {logging_mixin.py:137} INFO - [2023-07-10T04:34:25.520+0000] {dag.py:3423} INFO - Setting next_dagrun for example_dag_decorator to None, run_after=None
[2023-07-10T04:34:25.554+0000] {processor.py:175} INFO - Processing /home/ubuntu/venv/lib/python3.10/site-packages/airflow/example_dags/example_dag_decorator.py took 0.270 seconds
[2023-07-10T04:34:56.062+0000] {processor.py:153} INFO - Started process (PID=1825) to work on /home/ubuntu/venv/lib/python3.10/site-packages/airflow/example_dags/example_dag_decorator.py
[2023-07-10T04:34:56.071+0000] {processor.py:743} INFO - Processing file /home/ubuntu/venv/lib/python3.10/site-packages/airflow/example_dags/example_dag_decorator.py for tasks to queue
[2023-07-10T04:34:56.072+0000] {logging_mixin.py:137} INFO - [2023-07-10T04:34:56.072+0000] {dagbag.py:538} INFO - Filling up the DagBag from /home/ubuntu/venv/lib/python3.10/site-packages/airflow/example_dags/example_dag_decorator.py
[2023-07-10T04:34:56.134+0000] {logging_mixin.py:137} INFO - [2023-07-10T04:34:56.133+0000] {taskmixin.py:205} WARNING - Dependency <Task(_PythonDecoratedOperator): prepare_email>, send_email already registered for DAG: example_dag_decorator
[2023-07-10T04:34:56.134+0000] {logging_mixin.py:137} INFO - [2023-07-10T04:34:56.134+0000] {taskmixin.py:205} WARNING - Dependency <Task(EmailOperator): send_email>, prepare_email already registered for DAG: example_dag_decorator
[2023-07-10T04:34:56.156+0000] {processor.py:753} INFO - DAG(s) dict_keys(['example_dag_decorator']) retrieved from /home/ubuntu/venv/lib/python3.10/site-packages/airflow/example_dags/example_dag_decorator.py
[2023-07-10T04:34:56.328+0000] {logging_mixin.py:137} INFO - [2023-07-10T04:34:56.327+0000] {dag.py:2676} INFO - Sync 1 DAGs
[2023-07-10T04:34:56.363+0000] {logging_mixin.py:137} INFO - [2023-07-10T04:34:56.362+0000] {dag.py:3423} INFO - Setting next_dagrun for example_dag_decorator to None, run_after=None
[2023-07-10T04:34:56.399+0000] {processor.py:175} INFO - Processing /home/ubuntu/venv/lib/python3.10/site-packages/airflow/example_dags/example_dag_decorator.py took 0.342 seconds
[2023-07-10T04:35:27.228+0000] {processor.py:153} INFO - Started process (PID=2087) to work on /home/ubuntu/venv/lib/python3.10/site-packages/airflow/example_dags/example_dag_decorator.py
[2023-07-10T04:35:27.230+0000] {processor.py:743} INFO - Processing file /home/ubuntu/venv/lib/python3.10/site-packages/airflow/example_dags/example_dag_decorator.py for tasks to queue
[2023-07-10T04:35:27.233+0000] {logging_mixin.py:137} INFO - [2023-07-10T04:35:27.230+0000] {dagbag.py:538} INFO - Filling up the DagBag from /home/ubuntu/venv/lib/python3.10/site-packages/airflow/example_dags/example_dag_decorator.py
[2023-07-10T04:35:27.268+0000] {logging_mixin.py:137} INFO - [2023-07-10T04:35:27.268+0000] {taskmixin.py:205} WARNING - Dependency <Task(_PythonDecoratedOperator): prepare_email>, send_email already registered for DAG: example_dag_decorator
[2023-07-10T04:35:27.268+0000] {logging_mixin.py:137} INFO - [2023-07-10T04:35:27.268+0000] {taskmixin.py:205} WARNING - Dependency <Task(EmailOperator): send_email>, prepare_email already registered for DAG: example_dag_decorator
[2023-07-10T04:35:27.291+0000] {processor.py:753} INFO - DAG(s) dict_keys(['example_dag_decorator']) retrieved from /home/ubuntu/venv/lib/python3.10/site-packages/airflow/example_dags/example_dag_decorator.py
[2023-07-10T04:35:27.433+0000] {logging_mixin.py:137} INFO - [2023-07-10T04:35:27.432+0000] {dag.py:2676} INFO - Sync 1 DAGs
[2023-07-10T04:35:27.465+0000] {logging_mixin.py:137} INFO - [2023-07-10T04:35:27.465+0000] {dag.py:3423} INFO - Setting next_dagrun for example_dag_decorator to None, run_after=None
[2023-07-10T04:35:27.492+0000] {processor.py:175} INFO - Processing /home/ubuntu/venv/lib/python3.10/site-packages/airflow/example_dags/example_dag_decorator.py took 0.269 seconds
