[2023-07-10T04:34:25.255+0000] {processor.py:153} INFO - Started process (PID=1567) to work on /home/ubuntu/venv/lib/python3.10/site-packages/airflow/example_dags/example_external_task_marker_dag.py
[2023-07-10T04:34:25.256+0000] {processor.py:743} INFO - Processing file /home/ubuntu/venv/lib/python3.10/site-packages/airflow/example_dags/example_external_task_marker_dag.py for tasks to queue
[2023-07-10T04:34:25.257+0000] {logging_mixin.py:137} INFO - [2023-07-10T04:34:25.257+0000] {dagbag.py:538} INFO - Filling up the DagBag from /home/ubuntu/venv/lib/python3.10/site-packages/airflow/example_dags/example_external_task_marker_dag.py
[2023-07-10T04:34:25.279+0000] {processor.py:753} INFO - DAG(s) dict_keys(['example_external_task_marker_child', 'example_external_task_marker_parent']) retrieved from /home/ubuntu/venv/lib/python3.10/site-packages/airflow/example_dags/example_external_task_marker_dag.py
[2023-07-10T04:34:25.358+0000] {logging_mixin.py:137} INFO - [2023-07-10T04:34:25.358+0000] {dag.py:2676} INFO - Sync 2 DAGs
[2023-07-10T04:34:25.393+0000] {logging_mixin.py:137} INFO - [2023-07-10T04:34:25.393+0000] {dag.py:3423} INFO - Setting next_dagrun for example_external_task_marker_child to None, run_after=None
[2023-07-10T04:34:25.397+0000] {logging_mixin.py:137} INFO - [2023-07-10T04:34:25.397+0000] {dag.py:3423} INFO - Setting next_dagrun for example_external_task_marker_parent to None, run_after=None
[2023-07-10T04:34:25.427+0000] {processor.py:175} INFO - Processing /home/ubuntu/venv/lib/python3.10/site-packages/airflow/example_dags/example_external_task_marker_dag.py took 0.176 seconds
[2023-07-10T04:34:55.989+0000] {processor.py:153} INFO - Started process (PID=1820) to work on /home/ubuntu/venv/lib/python3.10/site-packages/airflow/example_dags/example_external_task_marker_dag.py
[2023-07-10T04:34:55.991+0000] {processor.py:743} INFO - Processing file /home/ubuntu/venv/lib/python3.10/site-packages/airflow/example_dags/example_external_task_marker_dag.py for tasks to queue
[2023-07-10T04:34:55.991+0000] {logging_mixin.py:137} INFO - [2023-07-10T04:34:55.991+0000] {dagbag.py:538} INFO - Filling up the DagBag from /home/ubuntu/venv/lib/python3.10/site-packages/airflow/example_dags/example_external_task_marker_dag.py
[2023-07-10T04:34:56.016+0000] {processor.py:753} INFO - DAG(s) dict_keys(['example_external_task_marker_parent', 'example_external_task_marker_child']) retrieved from /home/ubuntu/venv/lib/python3.10/site-packages/airflow/example_dags/example_external_task_marker_dag.py
[2023-07-10T04:34:56.114+0000] {logging_mixin.py:137} INFO - [2023-07-10T04:34:56.114+0000] {dag.py:2676} INFO - Sync 2 DAGs
[2023-07-10T04:34:56.154+0000] {logging_mixin.py:137} INFO - [2023-07-10T04:34:56.154+0000] {dag.py:3423} INFO - Setting next_dagrun for example_external_task_marker_child to None, run_after=None
[2023-07-10T04:34:56.159+0000] {logging_mixin.py:137} INFO - [2023-07-10T04:34:56.159+0000] {dag.py:3423} INFO - Setting next_dagrun for example_external_task_marker_parent to None, run_after=None
[2023-07-10T04:34:56.180+0000] {processor.py:175} INFO - Processing /home/ubuntu/venv/lib/python3.10/site-packages/airflow/example_dags/example_external_task_marker_dag.py took 0.194 seconds
[2023-07-10T04:35:27.184+0000] {processor.py:153} INFO - Started process (PID=2082) to work on /home/ubuntu/venv/lib/python3.10/site-packages/airflow/example_dags/example_external_task_marker_dag.py
[2023-07-10T04:35:27.186+0000] {processor.py:743} INFO - Processing file /home/ubuntu/venv/lib/python3.10/site-packages/airflow/example_dags/example_external_task_marker_dag.py for tasks to queue
[2023-07-10T04:35:27.186+0000] {logging_mixin.py:137} INFO - [2023-07-10T04:35:27.186+0000] {dagbag.py:538} INFO - Filling up the DagBag from /home/ubuntu/venv/lib/python3.10/site-packages/airflow/example_dags/example_external_task_marker_dag.py
[2023-07-10T04:35:27.216+0000] {processor.py:753} INFO - DAG(s) dict_keys(['example_external_task_marker_child', 'example_external_task_marker_parent']) retrieved from /home/ubuntu/venv/lib/python3.10/site-packages/airflow/example_dags/example_external_task_marker_dag.py
[2023-07-10T04:35:27.312+0000] {logging_mixin.py:137} INFO - [2023-07-10T04:35:27.310+0000] {dag.py:2676} INFO - Sync 2 DAGs
[2023-07-10T04:35:27.348+0000] {logging_mixin.py:137} INFO - [2023-07-10T04:35:27.348+0000] {dag.py:3423} INFO - Setting next_dagrun for example_external_task_marker_child to None, run_after=None
[2023-07-10T04:35:27.354+0000] {logging_mixin.py:137} INFO - [2023-07-10T04:35:27.354+0000] {dag.py:3423} INFO - Setting next_dagrun for example_external_task_marker_parent to None, run_after=None
[2023-07-10T04:35:27.382+0000] {processor.py:175} INFO - Processing /home/ubuntu/venv/lib/python3.10/site-packages/airflow/example_dags/example_external_task_marker_dag.py took 0.202 seconds
