[2023-07-10T04:34:19.169+0000] {processor.py:153} INFO - Started process (PID=1340) to work on /home/ubuntu/venv/lib/python3.10/site-packages/airflow/example_dags/example_xcomargs.py
[2023-07-10T04:34:19.179+0000] {processor.py:743} INFO - Processing file /home/ubuntu/venv/lib/python3.10/site-packages/airflow/example_dags/example_xcomargs.py for tasks to queue
[2023-07-10T04:34:19.179+0000] {logging_mixin.py:137} INFO - [2023-07-10T04:34:19.179+0000] {dagbag.py:538} INFO - Filling up the DagBag from /home/ubuntu/venv/lib/python3.10/site-packages/airflow/example_dags/example_xcomargs.py
[2023-07-10T04:34:19.359+0000] {processor.py:753} INFO - DAG(s) dict_keys(['example_xcom_args_with_operators', 'example_xcom_args']) retrieved from /home/ubuntu/venv/lib/python3.10/site-packages/airflow/example_dags/example_xcomargs.py
[2023-07-10T04:34:19.730+0000] {logging_mixin.py:137} INFO - [2023-07-10T04:34:19.730+0000] {dag.py:2676} INFO - Sync 2 DAGs
[2023-07-10T04:34:19.951+0000] {logging_mixin.py:137} INFO - [2023-07-10T04:34:19.951+0000] {dag.py:3423} INFO - Setting next_dagrun for example_xcom_args to None, run_after=None
[2023-07-10T04:34:19.962+0000] {logging_mixin.py:137} INFO - [2023-07-10T04:34:19.962+0000] {dag.py:3423} INFO - Setting next_dagrun for example_xcom_args_with_operators to None, run_after=None
[2023-07-10T04:34:20.101+0000] {processor.py:175} INFO - Processing /home/ubuntu/venv/lib/python3.10/site-packages/airflow/example_dags/example_xcomargs.py took 0.936 seconds
[2023-07-10T04:34:51.099+0000] {processor.py:153} INFO - Started process (PID=1713) to work on /home/ubuntu/venv/lib/python3.10/site-packages/airflow/example_dags/example_xcomargs.py
[2023-07-10T04:34:51.103+0000] {processor.py:743} INFO - Processing file /home/ubuntu/venv/lib/python3.10/site-packages/airflow/example_dags/example_xcomargs.py for tasks to queue
[2023-07-10T04:34:51.103+0000] {logging_mixin.py:137} INFO - [2023-07-10T04:34:51.103+0000] {dagbag.py:538} INFO - Filling up the DagBag from /home/ubuntu/venv/lib/python3.10/site-packages/airflow/example_dags/example_xcomargs.py
[2023-07-10T04:34:51.142+0000] {processor.py:753} INFO - DAG(s) dict_keys(['example_xcom_args_with_operators', 'example_xcom_args']) retrieved from /home/ubuntu/venv/lib/python3.10/site-packages/airflow/example_dags/example_xcomargs.py
[2023-07-10T04:34:51.215+0000] {logging_mixin.py:137} INFO - [2023-07-10T04:34:51.214+0000] {dag.py:2676} INFO - Sync 2 DAGs
[2023-07-10T04:34:51.247+0000] {logging_mixin.py:137} INFO - [2023-07-10T04:34:51.247+0000] {dag.py:3423} INFO - Setting next_dagrun for example_xcom_args to None, run_after=None
[2023-07-10T04:34:51.252+0000] {logging_mixin.py:137} INFO - [2023-07-10T04:34:51.252+0000] {dag.py:3423} INFO - Setting next_dagrun for example_xcom_args_with_operators to None, run_after=None
[2023-07-10T04:34:51.273+0000] {processor.py:175} INFO - Processing /home/ubuntu/venv/lib/python3.10/site-packages/airflow/example_dags/example_xcomargs.py took 0.178 seconds
[2023-07-10T04:35:21.551+0000] {processor.py:153} INFO - Started process (PID=1976) to work on /home/ubuntu/venv/lib/python3.10/site-packages/airflow/example_dags/example_xcomargs.py
[2023-07-10T04:35:21.553+0000] {processor.py:743} INFO - Processing file /home/ubuntu/venv/lib/python3.10/site-packages/airflow/example_dags/example_xcomargs.py for tasks to queue
[2023-07-10T04:35:21.554+0000] {logging_mixin.py:137} INFO - [2023-07-10T04:35:21.554+0000] {dagbag.py:538} INFO - Filling up the DagBag from /home/ubuntu/venv/lib/python3.10/site-packages/airflow/example_dags/example_xcomargs.py
[2023-07-10T04:35:21.602+0000] {processor.py:753} INFO - DAG(s) dict_keys(['example_xcom_args', 'example_xcom_args_with_operators']) retrieved from /home/ubuntu/venv/lib/python3.10/site-packages/airflow/example_dags/example_xcomargs.py
[2023-07-10T04:35:21.695+0000] {logging_mixin.py:137} INFO - [2023-07-10T04:35:21.695+0000] {dag.py:2676} INFO - Sync 2 DAGs
[2023-07-10T04:35:21.749+0000] {logging_mixin.py:137} INFO - [2023-07-10T04:35:21.748+0000] {dag.py:3423} INFO - Setting next_dagrun for example_xcom_args to None, run_after=None
[2023-07-10T04:35:21.763+0000] {logging_mixin.py:137} INFO - [2023-07-10T04:35:21.763+0000] {dag.py:3423} INFO - Setting next_dagrun for example_xcom_args_with_operators to None, run_after=None
[2023-07-10T04:35:21.780+0000] {processor.py:175} INFO - Processing /home/ubuntu/venv/lib/python3.10/site-packages/airflow/example_dags/example_xcomargs.py took 0.235 seconds
[2023-07-10T04:35:51.813+0000] {processor.py:153} INFO - Started process (PID=2212) to work on /home/ubuntu/venv/lib/python3.10/site-packages/airflow/example_dags/example_xcomargs.py
[2023-07-10T04:35:51.814+0000] {processor.py:743} INFO - Processing file /home/ubuntu/venv/lib/python3.10/site-packages/airflow/example_dags/example_xcomargs.py for tasks to queue
[2023-07-10T04:35:51.815+0000] {logging_mixin.py:137} INFO - [2023-07-10T04:35:51.815+0000] {dagbag.py:538} INFO - Filling up the DagBag from /home/ubuntu/venv/lib/python3.10/site-packages/airflow/example_dags/example_xcomargs.py
[2023-07-10T04:35:51.852+0000] {processor.py:753} INFO - DAG(s) dict_keys(['example_xcom_args_with_operators', 'example_xcom_args']) retrieved from /home/ubuntu/venv/lib/python3.10/site-packages/airflow/example_dags/example_xcomargs.py
[2023-07-10T04:35:51.936+0000] {logging_mixin.py:137} INFO - [2023-07-10T04:35:51.936+0000] {dag.py:2676} INFO - Sync 2 DAGs
[2023-07-10T04:35:51.969+0000] {logging_mixin.py:137} INFO - [2023-07-10T04:35:51.969+0000] {dag.py:3423} INFO - Setting next_dagrun for example_xcom_args to None, run_after=None
[2023-07-10T04:35:51.974+0000] {logging_mixin.py:137} INFO - [2023-07-10T04:35:51.973+0000] {dag.py:3423} INFO - Setting next_dagrun for example_xcom_args_with_operators to None, run_after=None
[2023-07-10T04:35:52.045+0000] {processor.py:175} INFO - Processing /home/ubuntu/venv/lib/python3.10/site-packages/airflow/example_dags/example_xcomargs.py took 0.237 seconds
