[2023-07-10T04:34:15.765+0000] {processor.py:153} INFO - Started process (PID=1289) to work on /home/ubuntu/venv/lib/python3.10/site-packages/airflow/example_dags/tutorial_dag.py
[2023-07-10T04:34:15.778+0000] {processor.py:743} INFO - Processing file /home/ubuntu/venv/lib/python3.10/site-packages/airflow/example_dags/tutorial_dag.py for tasks to queue
[2023-07-10T04:34:15.779+0000] {logging_mixin.py:137} INFO - [2023-07-10T04:34:15.779+0000] {dagbag.py:538} INFO - Filling up the DagBag from /home/ubuntu/venv/lib/python3.10/site-packages/airflow/example_dags/tutorial_dag.py
[2023-07-10T04:34:15.849+0000] {processor.py:753} INFO - DAG(s) dict_keys(['tutorial_dag']) retrieved from /home/ubuntu/venv/lib/python3.10/site-packages/airflow/example_dags/tutorial_dag.py
[2023-07-10T04:34:16.096+0000] {logging_mixin.py:137} INFO - [2023-07-10T04:34:16.096+0000] {dag.py:2676} INFO - Sync 1 DAGs
[2023-07-10T04:34:16.298+0000] {logging_mixin.py:137} INFO - [2023-07-10T04:34:16.268+0000] {dag.py:3423} INFO - Setting next_dagrun for tutorial_dag to None, run_after=None
[2023-07-10T04:34:16.418+0000] {processor.py:175} INFO - Processing /home/ubuntu/venv/lib/python3.10/site-packages/airflow/example_dags/tutorial_dag.py took 0.662 seconds
[2023-07-10T04:34:46.766+0000] {processor.py:153} INFO - Started process (PID=1661) to work on /home/ubuntu/venv/lib/python3.10/site-packages/airflow/example_dags/tutorial_dag.py
[2023-07-10T04:34:46.767+0000] {processor.py:743} INFO - Processing file /home/ubuntu/venv/lib/python3.10/site-packages/airflow/example_dags/tutorial_dag.py for tasks to queue
[2023-07-10T04:34:46.768+0000] {logging_mixin.py:137} INFO - [2023-07-10T04:34:46.768+0000] {dagbag.py:538} INFO - Filling up the DagBag from /home/ubuntu/venv/lib/python3.10/site-packages/airflow/example_dags/tutorial_dag.py
[2023-07-10T04:34:46.786+0000] {processor.py:753} INFO - DAG(s) dict_keys(['tutorial_dag']) retrieved from /home/ubuntu/venv/lib/python3.10/site-packages/airflow/example_dags/tutorial_dag.py
[2023-07-10T04:34:46.860+0000] {logging_mixin.py:137} INFO - [2023-07-10T04:34:46.860+0000] {dag.py:2676} INFO - Sync 1 DAGs
[2023-07-10T04:34:46.915+0000] {logging_mixin.py:137} INFO - [2023-07-10T04:34:46.915+0000] {dag.py:3423} INFO - Setting next_dagrun for tutorial_dag to None, run_after=None
[2023-07-10T04:34:46.940+0000] {processor.py:175} INFO - Processing /home/ubuntu/venv/lib/python3.10/site-packages/airflow/example_dags/tutorial_dag.py took 0.178 seconds
[2023-07-10T04:35:17.449+0000] {processor.py:153} INFO - Started process (PID=1934) to work on /home/ubuntu/venv/lib/python3.10/site-packages/airflow/example_dags/tutorial_dag.py
[2023-07-10T04:35:17.450+0000] {processor.py:743} INFO - Processing file /home/ubuntu/venv/lib/python3.10/site-packages/airflow/example_dags/tutorial_dag.py for tasks to queue
[2023-07-10T04:35:17.451+0000] {logging_mixin.py:137} INFO - [2023-07-10T04:35:17.451+0000] {dagbag.py:538} INFO - Filling up the DagBag from /home/ubuntu/venv/lib/python3.10/site-packages/airflow/example_dags/tutorial_dag.py
[2023-07-10T04:35:17.472+0000] {processor.py:753} INFO - DAG(s) dict_keys(['tutorial_dag']) retrieved from /home/ubuntu/venv/lib/python3.10/site-packages/airflow/example_dags/tutorial_dag.py
[2023-07-10T04:35:17.542+0000] {logging_mixin.py:137} INFO - [2023-07-10T04:35:17.542+0000] {dag.py:2676} INFO - Sync 1 DAGs
[2023-07-10T04:35:17.564+0000] {logging_mixin.py:137} INFO - [2023-07-10T04:35:17.564+0000] {dag.py:3423} INFO - Setting next_dagrun for tutorial_dag to None, run_after=None
[2023-07-10T04:35:17.582+0000] {processor.py:175} INFO - Processing /home/ubuntu/venv/lib/python3.10/site-packages/airflow/example_dags/tutorial_dag.py took 0.138 seconds
[2023-07-10T04:35:47.865+0000] {processor.py:153} INFO - Started process (PID=2173) to work on /home/ubuntu/venv/lib/python3.10/site-packages/airflow/example_dags/tutorial_dag.py
[2023-07-10T04:35:47.867+0000] {processor.py:743} INFO - Processing file /home/ubuntu/venv/lib/python3.10/site-packages/airflow/example_dags/tutorial_dag.py for tasks to queue
[2023-07-10T04:35:47.868+0000] {logging_mixin.py:137} INFO - [2023-07-10T04:35:47.868+0000] {dagbag.py:538} INFO - Filling up the DagBag from /home/ubuntu/venv/lib/python3.10/site-packages/airflow/example_dags/tutorial_dag.py
[2023-07-10T04:35:47.895+0000] {processor.py:753} INFO - DAG(s) dict_keys(['tutorial_dag']) retrieved from /home/ubuntu/venv/lib/python3.10/site-packages/airflow/example_dags/tutorial_dag.py
[2023-07-10T04:35:47.986+0000] {logging_mixin.py:137} INFO - [2023-07-10T04:35:47.986+0000] {dag.py:2676} INFO - Sync 1 DAGs
[2023-07-10T04:35:48.024+0000] {logging_mixin.py:137} INFO - [2023-07-10T04:35:48.024+0000] {dag.py:3423} INFO - Setting next_dagrun for tutorial_dag to None, run_after=None
[2023-07-10T04:35:48.067+0000] {processor.py:175} INFO - Processing /home/ubuntu/venv/lib/python3.10/site-packages/airflow/example_dags/tutorial_dag.py took 0.215 seconds
