[2023-07-10T04:34:16.545+0000] {processor.py:153} INFO - Started process (PID=1295) to work on /home/ubuntu/venv/lib/python3.10/site-packages/airflow/example_dags/tutorial_taskflow_api_virtualenv.py
[2023-07-10T04:34:16.546+0000] {processor.py:743} INFO - Processing file /home/ubuntu/venv/lib/python3.10/site-packages/airflow/example_dags/tutorial_taskflow_api_virtualenv.py for tasks to queue
[2023-07-10T04:34:16.559+0000] {logging_mixin.py:137} INFO - [2023-07-10T04:34:16.559+0000] {dagbag.py:538} INFO - Filling up the DagBag from /home/ubuntu/venv/lib/python3.10/site-packages/airflow/example_dags/tutorial_taskflow_api_virtualenv.py
[2023-07-10T04:34:16.649+0000] {logging_mixin.py:137} INFO - [2023-07-10T04:34:16.649+0000] {tutorial_taskflow_api_virtualenv.py:29} WARNING - The tutorial_taskflow_api_virtualenv example DAG requires virtualenv, please install it.
[2023-07-10T04:34:16.649+0000] {processor.py:755} WARNING - No viable dags retrieved from /home/ubuntu/venv/lib/python3.10/site-packages/airflow/example_dags/tutorial_taskflow_api_virtualenv.py
[2023-07-10T04:34:16.871+0000] {processor.py:175} INFO - Processing /home/ubuntu/venv/lib/python3.10/site-packages/airflow/example_dags/tutorial_taskflow_api_virtualenv.py took 0.347 seconds
[2023-07-10T04:34:46.974+0000] {processor.py:153} INFO - Started process (PID=1667) to work on /home/ubuntu/venv/lib/python3.10/site-packages/airflow/example_dags/tutorial_taskflow_api_virtualenv.py
[2023-07-10T04:34:46.975+0000] {processor.py:743} INFO - Processing file /home/ubuntu/venv/lib/python3.10/site-packages/airflow/example_dags/tutorial_taskflow_api_virtualenv.py for tasks to queue
[2023-07-10T04:34:46.976+0000] {logging_mixin.py:137} INFO - [2023-07-10T04:34:46.975+0000] {dagbag.py:538} INFO - Filling up the DagBag from /home/ubuntu/venv/lib/python3.10/site-packages/airflow/example_dags/tutorial_taskflow_api_virtualenv.py
[2023-07-10T04:34:46.996+0000] {logging_mixin.py:137} INFO - [2023-07-10T04:34:46.996+0000] {tutorial_taskflow_api_virtualenv.py:29} WARNING - The tutorial_taskflow_api_virtualenv example DAG requires virtualenv, please install it.
[2023-07-10T04:34:46.996+0000] {processor.py:755} WARNING - No viable dags retrieved from /home/ubuntu/venv/lib/python3.10/site-packages/airflow/example_dags/tutorial_taskflow_api_virtualenv.py
[2023-07-10T04:34:47.041+0000] {processor.py:175} INFO - Processing /home/ubuntu/venv/lib/python3.10/site-packages/airflow/example_dags/tutorial_taskflow_api_virtualenv.py took 0.071 seconds
[2023-07-10T04:35:17.462+0000] {processor.py:153} INFO - Started process (PID=1937) to work on /home/ubuntu/venv/lib/python3.10/site-packages/airflow/example_dags/tutorial_taskflow_api_virtualenv.py
[2023-07-10T04:35:17.463+0000] {processor.py:743} INFO - Processing file /home/ubuntu/venv/lib/python3.10/site-packages/airflow/example_dags/tutorial_taskflow_api_virtualenv.py for tasks to queue
[2023-07-10T04:35:17.463+0000] {logging_mixin.py:137} INFO - [2023-07-10T04:35:17.463+0000] {dagbag.py:538} INFO - Filling up the DagBag from /home/ubuntu/venv/lib/python3.10/site-packages/airflow/example_dags/tutorial_taskflow_api_virtualenv.py
[2023-07-10T04:35:17.485+0000] {logging_mixin.py:137} INFO - [2023-07-10T04:35:17.485+0000] {tutorial_taskflow_api_virtualenv.py:29} WARNING - The tutorial_taskflow_api_virtualenv example DAG requires virtualenv, please install it.
[2023-07-10T04:35:17.486+0000] {processor.py:755} WARNING - No viable dags retrieved from /home/ubuntu/venv/lib/python3.10/site-packages/airflow/example_dags/tutorial_taskflow_api_virtualenv.py
[2023-07-10T04:35:17.528+0000] {processor.py:175} INFO - Processing /home/ubuntu/venv/lib/python3.10/site-packages/airflow/example_dags/tutorial_taskflow_api_virtualenv.py took 0.071 seconds
[2023-07-10T04:35:47.875+0000] {processor.py:153} INFO - Started process (PID=2176) to work on /home/ubuntu/venv/lib/python3.10/site-packages/airflow/example_dags/tutorial_taskflow_api_virtualenv.py
[2023-07-10T04:35:47.878+0000] {processor.py:743} INFO - Processing file /home/ubuntu/venv/lib/python3.10/site-packages/airflow/example_dags/tutorial_taskflow_api_virtualenv.py for tasks to queue
[2023-07-10T04:35:47.879+0000] {logging_mixin.py:137} INFO - [2023-07-10T04:35:47.879+0000] {dagbag.py:538} INFO - Filling up the DagBag from /home/ubuntu/venv/lib/python3.10/site-packages/airflow/example_dags/tutorial_taskflow_api_virtualenv.py
[2023-07-10T04:35:47.906+0000] {logging_mixin.py:137} INFO - [2023-07-10T04:35:47.906+0000] {tutorial_taskflow_api_virtualenv.py:29} WARNING - The tutorial_taskflow_api_virtualenv example DAG requires virtualenv, please install it.
[2023-07-10T04:35:47.906+0000] {processor.py:755} WARNING - No viable dags retrieved from /home/ubuntu/venv/lib/python3.10/site-packages/airflow/example_dags/tutorial_taskflow_api_virtualenv.py
[2023-07-10T04:35:47.963+0000] {processor.py:175} INFO - Processing /home/ubuntu/venv/lib/python3.10/site-packages/airflow/example_dags/tutorial_taskflow_api_virtualenv.py took 0.093 seconds
