[2023-07-20T20:10:27.155+0000] {taskinstance.py:1087} INFO - Dependencies all met for <TaskInstance: real_estate_etl_dag.extract_task manual__2023-07-20T20:10:25.972445+00:00 [queued]>
[2023-07-20T20:10:27.165+0000] {taskinstance.py:1087} INFO - Dependencies all met for <TaskInstance: real_estate_etl_dag.extract_task manual__2023-07-20T20:10:25.972445+00:00 [queued]>
[2023-07-20T20:10:27.165+0000] {taskinstance.py:1283} INFO - 
--------------------------------------------------------------------------------
[2023-07-20T20:10:27.165+0000] {taskinstance.py:1284} INFO - Starting attempt 1 of 4
[2023-07-20T20:10:27.165+0000] {taskinstance.py:1285} INFO - 
--------------------------------------------------------------------------------
[2023-07-20T20:10:27.176+0000] {taskinstance.py:1304} INFO - Executing <Task(PythonOperator): extract_task> on 2023-07-20 20:10:25.972445+00:00
[2023-07-20T20:10:27.182+0000] {standard_task_runner.py:55} INFO - Started process 607010 to run task
[2023-07-20T20:10:27.186+0000] {standard_task_runner.py:82} INFO - Running: ['***', 'tasks', 'run', 'real_estate_etl_dag', 'extract_task', 'manual__2023-07-20T20:10:25.972445+00:00', '--job-id', '162', '--raw', '--subdir', 'DAGS_FOLDER/real_estate_etl_dag.py', '--cfg-path', '/tmp/tmpjjngtejq']
[2023-07-20T20:10:27.188+0000] {standard_task_runner.py:83} INFO - Job 162: Subtask extract_task
[2023-07-20T20:10:27.339+0000] {task_command.py:389} INFO - Running <TaskInstance: real_estate_etl_dag.extract_task manual__2023-07-20T20:10:25.972445+00:00 [running]> on host ip-172-31-34-219.ap-southeast-2.compute.internal
[2023-07-20T20:10:27.437+0000] {taskinstance.py:1511} INFO - Exporting the following env vars:
AIRFLOW_CTX_DAG_OWNER=***
AIRFLOW_CTX_DAG_ID=real_estate_etl_dag
AIRFLOW_CTX_TASK_ID=extract_task
AIRFLOW_CTX_EXECUTION_DATE=2023-07-20T20:10:25.972445+00:00
AIRFLOW_CTX_TRY_NUMBER=1
AIRFLOW_CTX_DAG_RUN_ID=manual__2023-07-20T20:10:25.972445+00:00
[2023-07-20T20:11:09.383+0000] {logging_mixin.py:137} INFO - Last page exceeded.
[2023-07-20T20:11:09.465+0000] {python.py:177} INFO - Done. Returned value was: None
[2023-07-20T20:11:09.502+0000] {taskinstance.py:1322} INFO - Marking task as SUCCESS. dag_id=real_estate_etl_dag, task_id=extract_task, execution_date=20230720T201025, start_date=20230720T201027, end_date=20230720T201109
[2023-07-20T20:11:09.552+0000] {local_task_job.py:159} INFO - Task exited with return code 0
[2023-07-20T20:11:09.586+0000] {taskinstance.py:2582} INFO - 1 downstream tasks scheduled from follow-on schedule check
