[2023-07-10T04:34:19.787+0000] {processor.py:153} INFO - Started process (PID=1348) to work on /home/ubuntu/venv/lib/python3.10/site-packages/airflow/example_dags/plugins/workday.py
[2023-07-10T04:34:19.788+0000] {processor.py:743} INFO - Processing file /home/ubuntu/venv/lib/python3.10/site-packages/airflow/example_dags/plugins/workday.py for tasks to queue
[2023-07-10T04:34:19.828+0000] {logging_mixin.py:137} INFO - [2023-07-10T04:34:19.828+0000] {dagbag.py:538} INFO - Filling up the DagBag from /home/ubuntu/venv/lib/python3.10/site-packages/airflow/example_dags/plugins/workday.py
[2023-07-10T04:34:19.848+0000] {processor.py:755} WARNING - No viable dags retrieved from /home/ubuntu/venv/lib/python3.10/site-packages/airflow/example_dags/plugins/workday.py
[2023-07-10T04:34:20.095+0000] {processor.py:175} INFO - Processing /home/ubuntu/venv/lib/python3.10/site-packages/airflow/example_dags/plugins/workday.py took 0.369 seconds
[2023-07-10T04:34:51.111+0000] {processor.py:153} INFO - Started process (PID=1716) to work on /home/ubuntu/venv/lib/python3.10/site-packages/airflow/example_dags/plugins/workday.py
[2023-07-10T04:34:51.113+0000] {processor.py:743} INFO - Processing file /home/ubuntu/venv/lib/python3.10/site-packages/airflow/example_dags/plugins/workday.py for tasks to queue
[2023-07-10T04:34:51.114+0000] {logging_mixin.py:137} INFO - [2023-07-10T04:34:51.113+0000] {dagbag.py:538} INFO - Filling up the DagBag from /home/ubuntu/venv/lib/python3.10/site-packages/airflow/example_dags/plugins/workday.py
[2023-07-10T04:34:51.116+0000] {processor.py:755} WARNING - No viable dags retrieved from /home/ubuntu/venv/lib/python3.10/site-packages/airflow/example_dags/plugins/workday.py
[2023-07-10T04:34:51.160+0000] {processor.py:175} INFO - Processing /home/ubuntu/venv/lib/python3.10/site-packages/airflow/example_dags/plugins/workday.py took 0.053 seconds
[2023-07-10T04:35:21.567+0000] {processor.py:153} INFO - Started process (PID=1979) to work on /home/ubuntu/venv/lib/python3.10/site-packages/airflow/example_dags/plugins/workday.py
[2023-07-10T04:35:21.568+0000] {processor.py:743} INFO - Processing file /home/ubuntu/venv/lib/python3.10/site-packages/airflow/example_dags/plugins/workday.py for tasks to queue
[2023-07-10T04:35:21.569+0000] {logging_mixin.py:137} INFO - [2023-07-10T04:35:21.568+0000] {dagbag.py:538} INFO - Filling up the DagBag from /home/ubuntu/venv/lib/python3.10/site-packages/airflow/example_dags/plugins/workday.py
[2023-07-10T04:35:21.571+0000] {processor.py:755} WARNING - No viable dags retrieved from /home/ubuntu/venv/lib/python3.10/site-packages/airflow/example_dags/plugins/workday.py
[2023-07-10T04:35:21.636+0000] {processor.py:175} INFO - Processing /home/ubuntu/venv/lib/python3.10/site-packages/airflow/example_dags/plugins/workday.py took 0.073 seconds
[2023-07-10T04:35:52.152+0000] {processor.py:153} INFO - Started process (PID=2219) to work on /home/ubuntu/venv/lib/python3.10/site-packages/airflow/example_dags/plugins/workday.py
[2023-07-10T04:35:52.155+0000] {processor.py:743} INFO - Processing file /home/ubuntu/venv/lib/python3.10/site-packages/airflow/example_dags/plugins/workday.py for tasks to queue
[2023-07-10T04:35:52.156+0000] {logging_mixin.py:137} INFO - [2023-07-10T04:35:52.156+0000] {dagbag.py:538} INFO - Filling up the DagBag from /home/ubuntu/venv/lib/python3.10/site-packages/airflow/example_dags/plugins/workday.py
[2023-07-10T04:35:52.158+0000] {processor.py:755} WARNING - No viable dags retrieved from /home/ubuntu/venv/lib/python3.10/site-packages/airflow/example_dags/plugins/workday.py
[2023-07-10T04:35:52.354+0000] {processor.py:175} INFO - Processing /home/ubuntu/venv/lib/python3.10/site-packages/airflow/example_dags/plugins/workday.py took 0.212 seconds
