[2023-07-11T15:16:24.411+0000] {taskinstance.py:1087} INFO - Dependencies all met for <TaskInstance: real_estate_etl_dag.transform_task manual__2023-07-11T15:15:39.857065+00:00 [queued]>
[2023-07-11T15:16:24.420+0000] {taskinstance.py:1087} INFO - Dependencies all met for <TaskInstance: real_estate_etl_dag.transform_task manual__2023-07-11T15:15:39.857065+00:00 [queued]>
[2023-07-11T15:16:24.420+0000] {taskinstance.py:1283} INFO - 
--------------------------------------------------------------------------------
[2023-07-11T15:16:24.421+0000] {taskinstance.py:1284} INFO - Starting attempt 1 of 4
[2023-07-11T15:16:24.421+0000] {taskinstance.py:1285} INFO - 
--------------------------------------------------------------------------------
[2023-07-11T15:16:24.431+0000] {taskinstance.py:1304} INFO - Executing <Task(PythonOperator): transform_task> on 2023-07-11 15:15:39.857065+00:00
[2023-07-11T15:16:24.438+0000] {standard_task_runner.py:55} INFO - Started process 56759 to run task
[2023-07-11T15:16:24.442+0000] {standard_task_runner.py:82} INFO - Running: ['***', 'tasks', 'run', 'real_estate_etl_dag', 'transform_task', 'manual__2023-07-11T15:15:39.857065+00:00', '--job-id', '127', '--raw', '--subdir', 'DAGS_FOLDER/real_estate_etl_dag.py', '--cfg-path', '/tmp/tmpmwlh4pri']
[2023-07-11T15:16:24.445+0000] {standard_task_runner.py:83} INFO - Job 127: Subtask transform_task
[2023-07-11T15:16:24.589+0000] {task_command.py:389} INFO - Running <TaskInstance: real_estate_etl_dag.transform_task manual__2023-07-11T15:15:39.857065+00:00 [running]> on host ip-172-31-34-219.ap-southeast-2.compute.internal
[2023-07-11T15:16:24.704+0000] {taskinstance.py:1511} INFO - Exporting the following env vars:
AIRFLOW_CTX_DAG_OWNER=***
AIRFLOW_CTX_DAG_ID=real_estate_etl_dag
AIRFLOW_CTX_TASK_ID=transform_task
AIRFLOW_CTX_EXECUTION_DATE=2023-07-11T15:15:39.857065+00:00
AIRFLOW_CTX_TRY_NUMBER=1
AIRFLOW_CTX_DAG_RUN_ID=manual__2023-07-11T15:15:39.857065+00:00
[2023-07-11T15:16:24.812+0000] {python.py:177} INFO - Done. Returned value was: None
[2023-07-11T15:16:24.839+0000] {taskinstance.py:1322} INFO - Marking task as SUCCESS. dag_id=real_estate_etl_dag, task_id=transform_task, execution_date=20230711T151539, start_date=20230711T151624, end_date=20230711T151624
[2023-07-11T15:16:24.901+0000] {local_task_job.py:159} INFO - Task exited with return code 0
[2023-07-11T15:16:24.938+0000] {taskinstance.py:2582} INFO - 1 downstream tasks scheduled from follow-on schedule check
