[2023-07-18T07:50:29.969+0000] {taskinstance.py:1087} INFO - Dependencies all met for <TaskInstance: real_estate_etl_dag.extract_task manual__2023-07-18T07:50:27.920214+00:00 [queued]>
[2023-07-18T07:50:29.981+0000] {taskinstance.py:1087} INFO - Dependencies all met for <TaskInstance: real_estate_etl_dag.extract_task manual__2023-07-18T07:50:27.920214+00:00 [queued]>
[2023-07-18T07:50:29.982+0000] {taskinstance.py:1283} INFO - 
--------------------------------------------------------------------------------
[2023-07-18T07:50:29.982+0000] {taskinstance.py:1284} INFO - Starting attempt 1 of 4
[2023-07-18T07:50:29.983+0000] {taskinstance.py:1285} INFO - 
--------------------------------------------------------------------------------
[2023-07-18T07:50:30.002+0000] {taskinstance.py:1304} INFO - Executing <Task(PythonOperator): extract_task> on 2023-07-18 07:50:27.920214+00:00
[2023-07-18T07:50:30.011+0000] {standard_task_runner.py:55} INFO - Started process 24151 to run task
[2023-07-18T07:50:30.020+0000] {standard_task_runner.py:82} INFO - Running: ['***', 'tasks', 'run', 'real_estate_etl_dag', 'extract_task', 'manual__2023-07-18T07:50:27.920214+00:00', '--job-id', '152', '--raw', '--subdir', 'DAGS_FOLDER/real_estate_etl_dag.py', '--cfg-path', '/tmp/tmpqgp7xvb1']
[2023-07-18T07:50:30.023+0000] {standard_task_runner.py:83} INFO - Job 152: Subtask extract_task
[2023-07-18T07:50:30.202+0000] {task_command.py:389} INFO - Running <TaskInstance: real_estate_etl_dag.extract_task manual__2023-07-18T07:50:27.920214+00:00 [running]> on host ip-172-31-34-219.ap-southeast-2.compute.internal
[2023-07-18T07:50:30.363+0000] {taskinstance.py:1511} INFO - Exporting the following env vars:
AIRFLOW_CTX_DAG_OWNER=***
AIRFLOW_CTX_DAG_ID=real_estate_etl_dag
AIRFLOW_CTX_TASK_ID=extract_task
AIRFLOW_CTX_EXECUTION_DATE=2023-07-18T07:50:27.920214+00:00
AIRFLOW_CTX_TRY_NUMBER=1
AIRFLOW_CTX_DAG_RUN_ID=manual__2023-07-18T07:50:27.920214+00:00
[2023-07-18T07:52:13.298+0000] {logging_mixin.py:137} INFO - Last page exceeded.
[2023-07-18T07:52:13.417+0000] {python.py:177} INFO - Done. Returned value was: None
[2023-07-18T07:52:13.482+0000] {taskinstance.py:1322} INFO - Marking task as SUCCESS. dag_id=real_estate_etl_dag, task_id=extract_task, execution_date=20230718T075027, start_date=20230718T075029, end_date=20230718T075213
[2023-07-18T07:52:13.536+0000] {local_task_job.py:159} INFO - Task exited with return code 0
[2023-07-18T07:52:13.592+0000] {taskinstance.py:2582} INFO - 1 downstream tasks scheduled from follow-on schedule check
