[2023-07-11T14:50:51.320+0000] {taskinstance.py:1087} INFO - Dependencies all met for <TaskInstance: real_estate_etl_dag.transform_task manual__2023-07-11T14:39:15.499849+00:00 [queued]>
[2023-07-11T14:50:51.373+0000] {taskinstance.py:1087} INFO - Dependencies all met for <TaskInstance: real_estate_etl_dag.transform_task manual__2023-07-11T14:39:15.499849+00:00 [queued]>
[2023-07-11T14:50:51.376+0000] {taskinstance.py:1283} INFO - 
--------------------------------------------------------------------------------
[2023-07-11T14:50:51.376+0000] {taskinstance.py:1284} INFO - Starting attempt 3 of 4
[2023-07-11T14:50:51.376+0000] {taskinstance.py:1285} INFO - 
--------------------------------------------------------------------------------
[2023-07-11T14:50:51.411+0000] {taskinstance.py:1304} INFO - Executing <Task(PythonOperator): transform_task> on 2023-07-11 14:39:15.499849+00:00
[2023-07-11T14:50:51.422+0000] {standard_task_runner.py:55} INFO - Started process 44111 to run task
[2023-07-11T14:50:51.431+0000] {standard_task_runner.py:82} INFO - Running: ['***', 'tasks', 'run', 'real_estate_etl_dag', 'transform_task', 'manual__2023-07-11T14:39:15.499849+00:00', '--job-id', '91', '--raw', '--subdir', 'DAGS_FOLDER/real_estate_etl_dag.py', '--cfg-path', '/tmp/tmpp4wyok4i']
[2023-07-11T14:50:51.463+0000] {standard_task_runner.py:83} INFO - Job 91: Subtask transform_task
[2023-07-11T14:50:51.744+0000] {task_command.py:389} INFO - Running <TaskInstance: real_estate_etl_dag.transform_task manual__2023-07-11T14:39:15.499849+00:00 [running]> on host ip-172-31-34-219.ap-southeast-2.compute.internal
[2023-07-11T14:50:51.926+0000] {taskinstance.py:1511} INFO - Exporting the following env vars:
AIRFLOW_CTX_DAG_OWNER=***
AIRFLOW_CTX_DAG_ID=real_estate_etl_dag
AIRFLOW_CTX_TASK_ID=transform_task
AIRFLOW_CTX_EXECUTION_DATE=2023-07-11T14:39:15.499849+00:00
AIRFLOW_CTX_TRY_NUMBER=3
AIRFLOW_CTX_DAG_RUN_ID=manual__2023-07-11T14:39:15.499849+00:00
[2023-07-11T14:50:52.061+0000] {python.py:177} INFO - Done. Returned value was: None
[2023-07-11T14:50:52.097+0000] {taskinstance.py:1322} INFO - Marking task as SUCCESS. dag_id=real_estate_etl_dag, task_id=transform_task, execution_date=20230711T143915, start_date=20230711T145051, end_date=20230711T145052
[2023-07-11T14:50:52.126+0000] {local_task_job.py:159} INFO - Task exited with return code 0
[2023-07-11T14:50:52.181+0000] {taskinstance.py:2582} INFO - 1 downstream tasks scheduled from follow-on schedule check
