[2023-07-22T17:54:33.886+0000] {taskinstance.py:1087} INFO - Dependencies all met for <TaskInstance: real_estate_etl_dag.extract_task manual__2023-07-22T17:51:46.420374+00:00 [queued]>
[2023-07-22T17:54:33.898+0000] {taskinstance.py:1087} INFO - Dependencies all met for <TaskInstance: real_estate_etl_dag.extract_task manual__2023-07-22T17:51:46.420374+00:00 [queued]>
[2023-07-22T17:54:33.898+0000] {taskinstance.py:1283} INFO - 
--------------------------------------------------------------------------------
[2023-07-22T17:54:33.898+0000] {taskinstance.py:1284} INFO - Starting attempt 1 of 4
[2023-07-22T17:54:33.898+0000] {taskinstance.py:1285} INFO - 
--------------------------------------------------------------------------------
[2023-07-22T17:54:33.920+0000] {taskinstance.py:1304} INFO - Executing <Task(PythonOperator): extract_task> on 2023-07-22 17:51:46.420374+00:00
[2023-07-22T17:54:33.926+0000] {standard_task_runner.py:55} INFO - Started process 3396 to run task
[2023-07-22T17:54:33.933+0000] {standard_task_runner.py:82} INFO - Running: ['***', 'tasks', 'run', 'real_estate_etl_dag', 'extract_task', 'manual__2023-07-22T17:51:46.420374+00:00', '--job-id', '252', '--raw', '--subdir', 'DAGS_FOLDER/real_estate_etl_dag.py', '--cfg-path', '/tmp/tmpikbmjn_b']
[2023-07-22T17:54:33.936+0000] {standard_task_runner.py:83} INFO - Job 252: Subtask extract_task
[2023-07-22T17:54:34.136+0000] {task_command.py:389} INFO - Running <TaskInstance: real_estate_etl_dag.extract_task manual__2023-07-22T17:51:46.420374+00:00 [running]> on host ip-172-31-34-219.ap-southeast-2.compute.internal
[2023-07-22T17:54:34.338+0000] {taskinstance.py:1511} INFO - Exporting the following env vars:
AIRFLOW_CTX_DAG_OWNER=***
AIRFLOW_CTX_DAG_ID=real_estate_etl_dag
AIRFLOW_CTX_TASK_ID=extract_task
AIRFLOW_CTX_EXECUTION_DATE=2023-07-22T17:51:46.420374+00:00
AIRFLOW_CTX_TRY_NUMBER=1
AIRFLOW_CTX_DAG_RUN_ID=manual__2023-07-22T17:51:46.420374+00:00
[2023-07-22T17:55:23.234+0000] {logging_mixin.py:137} INFO - Last page exceeded.
[2023-07-22T17:55:23.352+0000] {python.py:177} INFO - Done. Returned value was: None
[2023-07-22T17:55:23.398+0000] {taskinstance.py:1322} INFO - Marking task as SUCCESS. dag_id=real_estate_etl_dag, task_id=extract_task, execution_date=20230722T175146, start_date=20230722T175433, end_date=20230722T175523
[2023-07-22T17:55:23.446+0000] {local_task_job.py:159} INFO - Task exited with return code 0
[2023-07-22T17:55:23.515+0000] {taskinstance.py:2582} INFO - 1 downstream tasks scheduled from follow-on schedule check
